Walker2d-v5 | policy=CPG  params=504
Curriculum   : GradualTransition  gravity -2.0 → -9.81  warmup=20%
Run context | seed=9 arm=curriculum_variable_gravity run_id=curriculum_variable_gravity_seed_09


Starting CMA-ES | pop=40 | sigma0=0.5 | max_gen=500 | workers=8 | seed=9
Checkpoints → experiments/thesis/curriculum_variable_gravity/seed_09/checkpoints/

  Gen        Best        Mean     Sigma    Gravity  Phase              Time
------------------------------------------------------------------------
  [probe] gen=0 score=-351.5 net=-0.106 fell=1.000
  [plot] Saved fitness curve → experiments/thesis/curriculum_variable_gravity/seed_09/fitness_curve.png
    0      -344.4      -394.1    0.4903    -2.0000  warmup             1.4s
    1      -335.9      -385.4    0.4821    -2.0000  warmup             0.1s
    2      -276.4      -375.5    0.4748    -2.0000  warmup             0.1s
    3      -227.3      -371.3    0.4681    -2.0000  warmup             0.2s
    4      -242.6      -352.7    0.4623    -2.0000  warmup             0.2s
    5      -178.9      -342.0    0.4570    -2.0000  warmup             0.2s
    6      -159.3      -339.5    0.4523    -2.0000  warmup             0.3s
    7      -153.0      -335.4    0.4479    -2.0000  warmup             0.3s
    8      -267.3      -325.9    0.4440    -2.0000  warmup             0.3s
    9      -151.5      -316.9    0.4403    -2.0000  warmup             0.4s
  [probe] gen=10 score=-8.0 net=0.770 fell=1.000
   10      -248.2      -325.8    0.4369    -2.0000  warmup             0.3s
   11      -109.7      -307.8    0.4337    -2.0000  warmup             0.3s
   12        89.1      -278.6    0.4310    -2.0000  warmup             0.5s
   13        88.3      -268.3    0.4284    -2.0000  warmup             0.5s
   14       138.8      -271.6    0.4263    -2.0000  warmup             0.5s
   15        81.9      -263.0    0.4244    -2.0000  warmup             0.7s
   16        93.1      -245.1    0.4227    -2.0000  warmup             0.5s
   17       127.9      -226.4    0.4210    -2.0000  warmup             0.8s
   18       115.8      -188.4    0.4194    -2.0000  warmup             0.9s
   19       113.1      -157.5    0.4181    -2.0000  warmup             1.0s
  [probe] gen=20 score=-52.7 net=0.618 fell=1.000
   20       255.7       -66.9    0.4167    -2.0000  warmup             1.2s
   21       182.5      -107.9    0.4154    -2.0000  warmup             1.1s
   22       119.0       -71.9    0.4142    -2.0000  warmup             1.1s
   23       471.0       -37.6    0.4131    -2.0000  warmup             1.3s
   24       101.7       -25.8    0.4122    -2.0000  warmup             1.4s
  [plot] Saved fitness curve → experiments/thesis/curriculum_variable_gravity/seed_09/fitness_curve.png
   25       160.3         3.8    0.4114    -2.0000  warmup             1.4s
   26       101.4        12.6    0.4108    -2.0000  warmup             1.4s
   27       170.4        56.6    0.4103    -2.0000  warmup             1.5s
   28       239.4        64.4    0.4097    -2.0000  warmup             1.5s
   29       196.0        -7.7    0.4091    -2.0000  warmup             1.3s
  [probe] gen=30 score=-174.8 net=0.012 fell=1.000
   30       268.8        22.4    0.4088    -2.0000  warmup             1.4s
   31       294.3        48.6    0.4085    -2.0000  warmup             1.5s
   32       383.5       -12.3    0.4082    -2.0000  warmup             1.4s
   33       556.8        65.8    0.4079    -2.0000  warmup             1.4s
   34       460.7        59.9    0.4074    -2.0000  warmup             1.5s
   35       624.9       111.0    0.4070    -2.0000  warmup             1.6s
   36       594.2       127.2    0.4068    -2.0000  warmup             1.8s
   37       718.9        35.1    0.4064    -2.0000  warmup             1.6s
   38       485.7       120.3    0.4062    -2.0000  warmup             1.8s
   39       733.0       106.4    0.4061    -2.0000  warmup             1.7s
  [probe] gen=40 score=-32.7 net=0.626 fell=1.000
   40       557.6       135.2    0.4060    -2.0000  warmup             1.5s
   41       640.6       156.8    0.4059    -2.0000  warmup             1.6s
   42       574.4       158.0    0.4058    -2.0000  warmup             1.8s
   43       493.5       193.0    0.4058    -2.0000  warmup             1.8s
   44       797.1       213.5    0.4056    -2.0000  warmup             1.9s
   45       674.1       184.6    0.4052    -2.0000  warmup             1.8s
   46       877.0       229.7    0.4047    -2.0000  warmup             1.9s
   47       816.5       167.2    0.4043    -2.0000  warmup             1.7s
   48       942.8       220.5    0.4039    -2.0000  warmup             1.8s
   49       808.9       204.0    0.4035    -2.0000  warmup             1.7s
  [probe] gen=50 score=37.3 net=1.059 fell=1.000
  [plot] Saved fitness curve → experiments/thesis/curriculum_variable_gravity/seed_09/fitness_curve.png
   50       844.4       112.5    0.4031    -2.0000  warmup             1.7s
   51       730.5        67.1    0.4028    -2.0000  warmup             1.5s
   52       614.9        47.6    0.4025    -2.0000  warmup             1.5s
   53       591.3        20.6    0.4022    -2.0000  warmup             1.4s
   54       589.9       176.7    0.4019    -2.0000  warmup             1.8s
   55       678.0       129.8    0.4015    -2.0000  warmup             1.6s
   56      1233.2       312.3    0.4011    -2.0000  warmup             1.9s
   57       991.7       177.4    0.4007    -2.0000  warmup             1.8s
   58       785.9       187.9    0.4002    -2.0000  warmup             1.8s
   59       696.4       200.2    0.3998    -2.0000  warmup             1.7s
  [probe] gen=60 score=-192.1 net=-0.021 fell=1.000
   60       802.9       290.1    0.3994    -2.0000  warmup             2.0s
   61      1033.7       320.5    0.3990    -2.0000  warmup             1.8s
   62       594.5       194.0    0.3987    -2.0000  warmup             1.7s
   63       976.5       292.6    0.3984    -2.0000  warmup             1.8s
   64       797.0       331.1    0.3979    -2.0000  warmup             1.9s
   65       929.6       417.1    0.3974    -2.0000  warmup             2.1s
   66       938.0       278.5    0.3969    -2.0000  warmup             2.0s
   67      1109.5       309.8    0.3963    -2.0000  warmup             1.9s
   68       968.8       326.6    0.3957    -2.0000  warmup             1.9s
   69      1096.6       351.0    0.3952    -2.0000  warmup             2.0s
  [probe] gen=70 score=80.5 net=1.076 fell=1.000
   70      1017.5       264.2    0.3948    -2.0000  warmup             1.9s
   71      1185.3       257.1    0.3946    -2.0000  warmup             1.9s
   72       890.2       218.3    0.3943    -2.0000  warmup             1.8s
   73       948.4       299.0    0.3938    -2.0000  warmup             2.0s
   74       792.1       315.6    0.3935    -2.0000  warmup             2.0s
  [plot] Saved fitness curve → experiments/thesis/curriculum_variable_gravity/seed_09/fitness_curve.png
   75       981.5       331.2    0.3930    -2.0000  warmup             2.0s
   76      1267.1       342.7    0.3926    -2.0000  warmup             2.0s
   77       771.1       293.5    0.3921    -2.0000  warmup             2.0s
   78       904.8       281.9    0.3917    -2.0000  warmup             2.0s
   79      1003.2       287.2    0.3911    -2.0000  warmup             2.0s
  [probe] gen=80 score=122.3 net=1.270 fell=1.000
   80       970.0       260.3    0.3904    -2.0000  warmup             1.7s
   81       936.2       273.1    0.3897    -2.0000  warmup             1.9s
   82      1000.3       319.9    0.3888    -2.0000  warmup             1.9s
   83       948.2       222.7    0.3882    -2.0000  warmup             2.0s
   84       957.6       340.3    0.3875    -2.0000  warmup             2.0s
   85      1154.9       361.3    0.3868    -2.0000  warmup             2.0s
   86      1148.4       374.4    0.3863    -2.0000  warmup             2.0s
   87      1055.7       334.5    0.3859    -2.0000  warmup             2.1s
   88      1122.7       382.0    0.3855    -2.0000  warmup             2.2s
   89       862.9       203.6    0.3852    -2.0000  warmup             1.9s
  [probe] gen=90 score=-273.5 net=-0.412 fell=1.000
   90       926.2       368.6    0.3850    -2.0000  warmup             2.3s
   91       902.6       314.2    0.3848    -2.0000  warmup             2.0s
   92      1038.0       356.9    0.3845    -2.0000  warmup             2.0s
   93       802.3       293.7    0.3843    -2.0000  warmup             2.0s
   94       971.8       340.9    0.3841    -2.0000  warmup             2.2s
   95       926.1       389.7    0.3838    -2.0000  warmup             2.0s
   96      1069.5       431.8    0.3836    -2.0000  warmup             2.2s
   97       828.6       347.9    0.3835    -2.0000  warmup             1.9s
   98       760.5       291.2    0.3832    -2.0000  warmup             2.0s
   99      1330.8       363.5    0.3829    -2.0000  warmup             2.1s
  [probe] gen=100 score=36.6 net=0.917 fell=1.000
  [plot] Saved fitness curve → experiments/thesis/curriculum_variable_gravity/seed_09/fitness_curve.png
  100      1090.2       345.3    0.3826    -2.0000  warmup             1.9s
  101       859.4       377.3    0.3824    -2.0195  ramp 0%            1.9s
  102      1043.2       357.6    0.3823    -2.0391  ramp 0%            2.0s
  103      1307.6       424.8    0.3820    -2.0586  ramp 0%            2.0s
  104       929.9       301.7    0.3817    -2.0781  ramp 1%            1.9s
  105      1084.6       341.3    0.3814    -2.0976  ramp 1%            2.3s
  106      1065.0       414.7    0.3812    -2.1172  ramp 1%            2.1s
  107      1095.6       411.8    0.3811    -2.1367  ramp 1%            2.0s
  108      1013.1       333.5    0.3810    -2.1562  ramp 2%            2.0s
  109       945.0       410.5    0.3809    -2.1757  ramp 2%            2.0s
  [probe] gen=110 score=50.4 net=1.102 fell=1.000
  110       963.8       353.1    0.3808    -2.1953  ramp 2%            1.9s
  111       990.8       214.1    0.3805    -2.2148  ramp 2%            1.8s
  112       824.2       290.9    0.3803    -2.2343  ramp 3%            1.8s
  113      1086.5       360.4    0.3801    -2.2538  ramp 3%            1.9s
  114       895.8       337.5    0.3799    -2.2734  ramp 3%            1.8s
  115      1124.2       396.5    0.3797    -2.2929  ramp 3%            1.9s
  116      1060.1       441.3    0.3795    -2.3124  ramp 4%            1.9s
  117       796.5       358.5    0.3792    -2.3319  ramp 4%            1.8s
  118      1069.9       396.9    0.3791    -2.3514  ramp 4%            1.9s
  119       730.1       363.5    0.3789    -2.3710  ramp 4%            1.8s
  [probe] gen=120 score=-172.8 net=0.011 fell=1.000
  120       839.0       343.7    0.3787    -2.3905  ramp 5%            1.8s
  121       981.9       406.0    0.3784    -2.4100  ramp 5%            1.9s
  122       942.2       448.5    0.3781    -2.4295  ramp 5%            2.0s
  123       867.9       366.5    0.3778    -2.4491  ramp 5%            1.9s
  124       938.4       348.4    0.3774    -2.4686  ramp 6%            1.8s
  [plot] Saved fitness curve → experiments/thesis/curriculum_variable_gravity/seed_09/fitness_curve.png
  125       984.1       363.8    0.3769    -2.4881  ramp 6%            2.0s
  126       931.9       359.0    0.3764    -2.5076  ramp 6%            1.9s
  127      1142.9       342.5    0.3760    -2.5272  ramp 6%            1.8s
  128       990.2       387.6    0.3754    -2.5467  ramp 7%            1.8s
  129       808.2       251.5    0.3748    -2.5662  ramp 7%            1.6s
  [probe] gen=130 score=45.5 net=0.966 fell=1.000
  130       902.3       276.4    0.3743    -2.5857  ramp 7%            1.7s
  131       866.7       363.4    0.3738    -2.6053  ramp 7%            1.9s
  132       952.1       371.0    0.3732    -2.6248  ramp 8%            1.9s
  133      1152.1       381.6    0.3727    -2.6443  ramp 8%            1.9s
  134       972.0       307.8    0.3723    -2.6639  ramp 8%            1.8s
  135       897.5       419.6    0.3721    -2.6834  ramp 8%            1.9s
  136      1058.2       362.9    0.3718    -2.7029  ramp 9%            1.8s
  137      1311.7       404.5    0.3714    -2.7224  ramp 9%            1.8s
  138      1077.8       408.0    0.3709    -2.7420  ramp 9%            2.0s
  139      1222.7       490.9    0.3704    -2.7615  ramp 9%            1.8s
  [probe] gen=140 score=152.6 net=1.458 fell=1.000
  140      1030.3       432.1    0.3699    -2.7810  ramp 10%           2.0s
  141      1066.7       435.7    0.3696    -2.8005  ramp 10%           1.9s
  142      1060.3       456.5    0.3691    -2.8201  ramp 10%           2.0s
  143      1059.0       472.9    0.3687    -2.8396  ramp 10%           2.0s
  144      1178.6       420.4    0.3683    -2.8591  ramp 11%           2.0s
  145       887.9       436.2    0.3679    -2.8786  ramp 11%           2.0s
  146      1268.7       478.0    0.3674    -2.8982  ramp 11%           1.9s
  147      1068.9       439.6    0.3668    -2.9177  ramp 11%           1.9s
  148      1008.6       456.9    0.3664    -2.9372  ramp 12%           1.9s
  149       974.3       448.9    0.3660    -2.9567  ramp 12%           2.0s
  [probe] gen=150 score=119.1 net=1.322 fell=1.000
  [plot] Saved fitness curve → experiments/thesis/curriculum_variable_gravity/seed_09/fitness_curve.png
  150       926.9       385.5    0.3657    -2.9763  ramp 12%           1.9s
  151      1535.8       508.4    0.3654    -2.9958  ramp 12%           1.9s
  152       917.0       401.1    0.3651    -3.0153  ramp 13%           1.7s
  153       968.5       391.6    0.3649    -3.0348  ramp 13%           1.8s
  154      1188.7       472.7    0.3646    -3.0544  ramp 13%           1.9s
  155      1107.8       418.3    0.3642    -3.0739  ramp 13%           1.9s
  156       766.6       315.8    0.3638    -3.0934  ramp 14%           1.9s
  157      1068.9       346.4    0.3633    -3.1129  ramp 14%           1.6s
  158       902.7       377.4    0.3629    -3.1324  ramp 14%           1.7s
  159       861.6       324.3    0.3626    -3.1520  ramp 14%           1.7s
  [probe] gen=160 score=126.6 net=1.405 fell=1.000
  160       947.3       301.1    0.3624    -3.1715  ramp 15%           1.7s
  161      1378.1       351.7    0.3624    -3.1910  ramp 15%           1.6s
  162       875.1       391.3    0.3625    -3.2106  ramp 15%           1.7s
  163      1206.8       326.0    0.3625    -3.2301  ramp 15%           1.8s
  164      1056.3       398.3    0.3624    -3.2496  ramp 16%           1.7s
  165       955.1       311.8    0.3622    -3.2691  ramp 16%           1.6s
  166      1024.5       291.2    0.3621    -3.2887  ramp 16%           1.7s
  167      1140.4       415.1    0.3621    -3.3082  ramp 16%           1.8s
  168       931.9       362.4    0.3619    -3.3277  ramp 17%           1.9s
  169      1021.1       425.3    0.3618    -3.3472  ramp 17%           1.7s
  [probe] gen=170 score=213.8 net=1.735 fell=1.000
  170      1397.8       379.7    0.3617    -3.3667  ramp 17%           1.8s
  171       778.1       338.6    0.3617    -3.3863  ramp 17%           1.7s
  172       934.1       397.1    0.3614    -3.4058  ramp 18%           1.7s
  173      1272.0       517.8    0.3612    -3.4253  ramp 18%           1.9s
  174      1139.9       457.7    0.3609    -3.4448  ramp 18%           1.8s
  [plot] Saved fitness curve → experiments/thesis/curriculum_variable_gravity/seed_09/fitness_curve.png
  175      1135.0       374.9    0.3606    -3.4644  ramp 18%           1.7s
  176      1028.7       458.0    0.3602    -3.4839  ramp 19%           1.9s
  177      1051.3       445.7    0.3598    -3.5034  ramp 19%           2.0s
  178      1047.0       358.9    0.3596    -3.5230  ramp 19%           1.9s
  179      1322.9       413.6    0.3594    -3.5425  ramp 19%           1.8s
  [probe] gen=180 score=-201.5 net=-0.100 fell=1.000
  180      1279.4       486.3    0.3593    -3.5620  ramp 20%           1.9s
  181      1168.5       491.1    0.3592    -3.5815  ramp 20%           2.0s
  182      1005.1       347.1    0.3592    -3.6010  ramp 20%           1.9s
  183      1082.9       466.8    0.3593    -3.6206  ramp 20%           1.9s
  184      1212.3       365.6    0.3593    -3.6401  ramp 21%           1.9s
  185       821.0       285.9    0.3594    -3.6596  ramp 21%           1.7s
  186      1091.5       303.4    0.3595    -3.6791  ramp 21%           1.6s
  187      1174.5       392.2    0.3594    -3.6987  ramp 21%           1.8s
  188      1161.0       432.1    0.3592    -3.7182  ramp 22%           1.8s
  189      1028.3       393.3    0.3590    -3.7377  ramp 22%           1.8s
  [probe] gen=190 score=106.2 net=1.123 fell=1.000
  190       909.0       412.3    0.3587    -3.7572  ramp 22%           1.8s
  191      1058.9       492.5    0.3584    -3.7768  ramp 22%           2.1s
  192       956.1       418.1    0.3581    -3.7963  ramp 23%           1.9s
  193      1078.5       407.3    0.3578    -3.8158  ramp 23%           1.9s
  194      1091.9       472.6    0.3576    -3.8354  ramp 23%           1.9s
  195      1119.1       465.9    0.3573    -3.8549  ramp 23%           1.8s
  196       978.2       387.3    0.3572    -3.8744  ramp 24%           1.7s
  197       943.7       416.4    0.3570    -3.8939  ramp 24%           1.7s
  198      1103.5       483.0    0.3567    -3.9135  ramp 24%           2.0s
  199      1158.0       427.5    0.3564    -3.9330  ramp 24%           1.8s
  [probe] gen=200 score=11.8 net=0.813 fell=1.000
  [plot] Saved fitness curve → experiments/thesis/curriculum_variable_gravity/seed_09/fitness_curve.png
  200      1211.6       404.8    0.3560    -3.9525  ramp 25%           2.0s
  201      1283.0       372.9    0.3558    -3.9720  ramp 25%           1.9s
  202       896.6       469.0    0.3556    -3.9916  ramp 25%           2.1s
  203       955.7       429.0    0.3552    -4.0111  ramp 25%           1.8s
  204      1287.4       455.9    0.3549    -4.0306  ramp 26%           1.9s
  205      1169.9       539.4    0.3545    -4.0501  ramp 26%           2.3s
  206       944.5       448.0    0.3541    -4.0697  ramp 26%           1.8s
  207      1456.8       512.2    0.3537    -4.0892  ramp 26%           2.1s
  208       967.8       540.1    0.3531    -4.1087  ramp 27%           1.9s
  209      1090.8       442.4    0.3526    -4.1282  ramp 27%           2.0s
  [probe] gen=210 score=81.8 net=1.244 fell=1.000
  210       928.4       368.4    0.3521    -4.1478  ramp 27%           1.7s
  211       961.9       412.6    0.3518    -4.1673  ramp 27%           1.8s
  212      1122.3       426.6    0.3513    -4.1868  ramp 28%           1.8s
  213      1160.0       470.2    0.3508    -4.2063  ramp 28%           1.9s
  214      1235.7       412.4    0.3503    -4.2258  ramp 28%           2.0s
  215      1402.8       521.5    0.3499    -4.2454  ramp 28%           1.9s
  216      1007.7       394.6    0.3496    -4.2649  ramp 28%           1.8s
  217      1258.6       483.8    0.3492    -4.2844  ramp 29%           1.9s
  218       971.6       408.5    0.3490    -4.3040  ramp 29%           2.0s
  219      1317.9       505.6    0.3489    -4.3235  ramp 29%           2.1s
  [probe] gen=220 score=239.8 net=1.795 fell=1.000
  220      1105.9       412.6    0.3488    -4.3430  ramp 30%           1.8s
  221      1145.0       473.8    0.3487    -4.3625  ramp 30%           1.9s
  222       805.7       443.1    0.3488    -4.3820  ramp 30%           1.8s
  223      1478.6       513.6    0.3490    -4.4016  ramp 30%           2.0s
  224       991.9       503.4    0.3491    -4.4211  ramp 31%           1.9s
  [plot] Saved fitness curve → experiments/thesis/curriculum_variable_gravity/seed_09/fitness_curve.png
  225      1409.2       514.4    0.3493    -4.4406  ramp 31%           2.0s
  226      1078.2       453.9    0.3495    -4.4602  ramp 31%           2.0s
  227      1113.9       441.2    0.3497    -4.4797  ramp 31%           1.9s
  228      1374.3       570.3    0.3500    -4.4992  ramp 32%           2.0s
  229      1434.1       528.6    0.3503    -4.5187  ramp 32%           1.9s
  [probe] gen=230 score=234.2 net=1.747 fell=1.000
  230      1230.7       492.7    0.3505    -4.5382  ramp 32%           1.9s
  231      1116.7       432.0    0.3508    -4.5578  ramp 32%           2.0s
  232      1314.6       463.2    0.3511    -4.5773  ramp 33%           1.9s
  233      1100.5       436.4    0.3513    -4.5968  ramp 33%           1.8s
  234      1203.3       555.7    0.3514    -4.6164  ramp 33%           2.0s
  235      1425.1       481.1    0.3516    -4.6359  ramp 33%           1.8s
  236       961.3       463.3    0.3519    -4.6554  ramp 34%           1.7s
  237      1294.3       525.0    0.3519    -4.6749  ramp 34%           1.8s
  238      1208.6       552.6    0.3521    -4.6944  ramp 34%           1.9s
  239      1210.6       503.8    0.3522    -4.7140  ramp 34%           1.7s
  [probe] gen=240 score=164.0 net=1.515 fell=1.000
  240      1075.6       436.5    0.3524    -4.7335  ramp 35%           1.8s
  241       904.9       474.8    0.3527    -4.7530  ramp 35%           1.7s
  242      1075.9       472.2    0.3529    -4.7725  ramp 35%           1.7s
  243      1012.2       430.2    0.3533    -4.7921  ramp 35%           1.7s
  244      1016.4       477.8    0.3536    -4.8116  ramp 36%           1.9s
  245      1024.1       515.9    0.3539    -4.8311  ramp 36%           1.9s
  246       968.6       476.6    0.3541    -4.8506  ramp 36%           1.8s
  247      1284.2       539.6    0.3544    -4.8702  ramp 36%           1.9s
  248      1195.7       463.0    0.3545    -4.8897  ramp 37%           1.8s
  249      1345.1       589.3    0.3545    -4.9092  ramp 37%           2.0s
  [probe] gen=250 score=108.6 net=1.255 fell=1.000
  [plot] Saved fitness curve → experiments/thesis/curriculum_variable_gravity/seed_09/fitness_curve.png
  250      1557.5       536.5    0.3546    -4.9287  ramp 37%           2.0s
  251      1116.7       523.7    0.3546    -4.9483  ramp 37%           1.9s
  252      1175.3       519.7    0.3545    -4.9678  ramp 38%           2.1s
  253      1242.3       464.9    0.3544    -4.9873  ramp 38%           1.8s
  254      1258.9       467.8    0.3542    -5.0069  ramp 38%           1.8s
  255      1170.0       520.4    0.3541    -5.0264  ramp 38%           1.9s
  256      1137.5       461.6    0.3540    -5.0459  ramp 39%           1.8s
  257      1229.4       472.1    0.3540    -5.0654  ramp 39%           1.8s
  258      1308.4       412.8    0.3542    -5.0850  ramp 39%           1.8s
  259      1118.0       508.9    0.3543    -5.1045  ramp 39%           2.0s
  [probe] gen=260 score=262.4 net=1.974 fell=1.000
  260      1015.1       348.8    0.3544    -5.1240  ramp 40%           1.5s
  261      1090.0       428.0    0.3542    -5.1435  ramp 40%           1.6s
  262      1197.0       301.7    0.3540    -5.1631  ramp 40%           1.5s
  263      1158.5       323.4    0.3538    -5.1826  ramp 40%           1.6s
  264      1204.2       356.3    0.3538    -5.2021  ramp 41%           1.8s
  265      1267.6       361.4    0.3538    -5.2216  ramp 41%           1.5s
  266      1248.1       407.3    0.3538    -5.2412  ramp 41%           1.6s
  267      1457.2       444.3    0.3538    -5.2607  ramp 41%           1.9s
  268      1090.4       383.7    0.3537    -5.2802  ramp 42%           1.9s
  269      1527.0       518.7    0.3538    -5.2997  ramp 42%           2.2s
  [probe] gen=270 score=242.0 net=1.823 fell=1.000
  270       958.2       443.7    0.3538    -5.3193  ramp 42%           1.8s
  271      1070.2       452.9    0.3537    -5.3388  ramp 42%           1.7s
  272      1513.6       619.3    0.3536    -5.3583  ramp 43%           1.9s
  273      1197.7       531.1    0.3536    -5.3778  ramp 43%           2.0s
  274      1185.5       539.5    0.3535    -5.3974  ramp 43%           2.0s
  [plot] Saved fitness curve → experiments/thesis/curriculum_variable_gravity/seed_09/fitness_curve.png
  275      1453.7       495.2    0.3532    -5.4169  ramp 43%           2.2s
  276      1271.0       507.7    0.3530    -5.4364  ramp 44%           2.3s
  277      1330.9       402.9    0.3526    -5.4559  ramp 44%           1.9s
  278      1053.6       350.6    0.3523    -5.4755  ramp 44%           1.8s
  279      1134.8       561.8    0.3519    -5.4950  ramp 44%           2.0s
  [probe] gen=280 score=355.1 net=2.330 fell=1.000
  280      1208.0       534.0    0.3514    -5.5145  ramp 45%           2.3s
  281      1407.5       477.3    0.3510    -5.5340  ramp 45%           2.3s
  282      1240.8       456.7    0.3505    -5.5536  ramp 45%           2.0s
  283      1224.3       512.0    0.3501    -5.5731  ramp 45%           1.9s
  284      1077.3       528.6    0.3498    -5.5926  ramp 46%           2.1s
  285      1338.7       530.7    0.3496    -5.6121  ramp 46%           2.2s
  286      1262.5       498.3    0.3494    -5.6317  ramp 46%           2.2s
  287      1396.8       622.6    0.3492    -5.6512  ramp 46%           2.2s
  288      1467.9       551.8    0.3490    -5.6707  ramp 47%           1.9s
  289      1116.0       442.4    0.3487    -5.6902  ramp 47%           2.0s
  [probe] gen=290 score=252.1 net=1.960 fell=1.000
  290      1010.7       336.7    0.3483    -5.7097  ramp 47%           1.9s
  291      1310.7       434.4    0.3479    -5.7293  ramp 47%           2.1s
  292      1215.4       568.5    0.3476    -5.7488  ramp 48%           1.9s
  293      1211.5       475.6    0.3473    -5.7683  ramp 48%           1.9s
  294      1105.0       521.1    0.3470    -5.7879  ramp 48%           2.0s
  295      1494.9       565.6    0.3467    -5.8074  ramp 48%           2.0s
  296      1319.6       572.5    0.3464    -5.8269  ramp 49%           2.2s
  297      1412.9       534.6    0.3462    -5.8464  ramp 49%           2.0s
  298      1077.9       450.9    0.3461    -5.8659  ramp 49%           1.7s
  299      1436.7       527.2    0.3460    -5.8855  ramp 49%           2.1s
  [probe] gen=300 score=372.5 net=2.447 fell=1.000
  [plot] Saved fitness curve → experiments/thesis/curriculum_variable_gravity/seed_09/fitness_curve.png
  300      1393.6       539.8    0.3459    -5.9050  ramp 50%           1.9s
  301      1563.5       611.6    0.3457    -5.9245  ramp 50%           2.0s
  302      1252.6       546.5    0.3456    -5.9441  ramp 50%           2.0s
  303      1422.7       572.0    0.3454    -5.9636  ramp 50%           2.1s
  304      1262.8       632.1    0.3453    -5.9831  ramp 51%           2.3s
  305      1084.5       526.4    0.3450    -6.0026  ramp 51%           1.9s
  306      1424.8       623.4    0.3447    -6.0222  ramp 51%           1.9s
  307      1496.3       534.3    0.3443    -6.0417  ramp 51%           2.1s
  308      1192.6       514.4    0.3439    -6.0612  ramp 52%           1.9s
  309      1335.3       557.1    0.3436    -6.0807  ramp 52%           1.9s
  [probe] gen=310 score=503.2 net=3.296 fell=1.000
  310      1199.9       583.4    0.3432    -6.1003  ramp 52%           1.8s
  311      1575.0       608.5    0.3428    -6.1198  ramp 52%           1.9s
  312      1600.3       578.6    0.3427    -6.1393  ramp 53%           1.9s
  313      1799.4       615.3    0.3424    -6.1588  ramp 53%           1.9s
  314      1450.4       579.8    0.3420    -6.1784  ramp 53%           2.0s
  315      1359.8       593.6    0.3415    -6.1979  ramp 53%           2.0s
  316      1528.0       631.7    0.3411    -6.2174  ramp 54%           2.3s
  317      1245.0       556.0    0.3406    -6.2369  ramp 54%           2.0s
  318      1339.3       687.5    0.3402    -6.2565  ramp 54%           2.4s
  319      1393.3       601.4    0.3399    -6.2760  ramp 54%           2.1s
  [probe] gen=320 score=284.9 net=2.067 fell=1.000
  320      1566.9       494.9    0.3396    -6.2955  ramp 55%           1.8s
  321      1444.6       614.0    0.3395    -6.3150  ramp 55%           2.1s
  322      1452.3       599.0    0.3394    -6.3346  ramp 55%           1.9s
  323      1530.0       621.1    0.3392    -6.3541  ramp 55%           2.0s
  324      1414.0       628.7    0.3390    -6.3736  ramp 56%           2.1s
  [plot] Saved fitness curve → experiments/thesis/curriculum_variable_gravity/seed_09/fitness_curve.png
  325      1459.5       621.0    0.3389    -6.3931  ramp 56%           2.2s
  326      1516.8       617.5    0.3389    -6.4127  ramp 56%           2.0s
  327      1352.2       620.0    0.3390    -6.4322  ramp 56%           2.1s
  328      1550.2       601.9    0.3390    -6.4517  ramp 56%           2.2s
  329      1135.1       553.6    0.3391    -6.4712  ramp 57%           2.0s
  [probe] gen=330 score=464.2 net=3.017 fell=1.000
  330      1307.1       648.4    0.3391    -6.4908  ramp 57%           2.1s
  331      1421.1       602.2    0.3392    -6.5103  ramp 57%           2.1s
  332      1555.3       594.5    0.3393    -6.5298  ramp 57%           1.9s
  333      1243.7       567.4    0.3394    -6.5493  ramp 58%           2.0s
  334      1220.2       527.5    0.3397    -6.5689  ramp 58%           2.0s
  335      1539.7       574.5    0.3400    -6.5884  ramp 58%           2.2s
  336      1621.8       621.6    0.3403    -6.6079  ramp 59%           2.2s
  337      1385.1       482.6    0.3404    -6.6274  ramp 59%           2.0s
  338      1561.1       482.2    0.3406    -6.6470  ramp 59%           1.7s
  339      1385.1       600.4    0.3407    -6.6665  ramp 59%           2.3s
  [probe] gen=340 score=256.9 net=1.937 fell=1.000
  340      1495.6       444.2    0.3410    -6.6860  ramp 60%           2.1s
  341      1449.0       424.1    0.3412    -6.7055  ramp 60%           2.0s
  342      1428.4       605.3    0.3414    -6.7251  ramp 60%           2.3s
  343      1506.9       436.0    0.3415    -6.7446  ramp 60%           2.2s
  344      1259.2       535.1    0.3415    -6.7641  ramp 61%           2.1s
  345      1164.7       633.9    0.3415    -6.7836  ramp 61%           2.6s
  346      1396.4       645.6    0.3415    -6.8032  ramp 61%           2.3s
  347      1345.4       625.3    0.3415    -6.8227  ramp 61%           2.4s
  348      1521.5       495.7    0.3414    -6.8422  ramp 62%           2.0s
  349      1506.5       502.1    0.3414    -6.8617  ramp 62%           1.9s
  [probe] gen=350 score=240.0 net=1.790 fell=1.000
  [plot] Saved fitness curve → experiments/thesis/curriculum_variable_gravity/seed_09/fitness_curve.png
  350      1683.4       630.5    0.3413    -6.8813  ramp 62%           2.4s
  351      1421.3       581.8    0.3411    -6.9008  ramp 62%           2.3s
  352      1426.9       651.1    0.3410    -6.9203  ramp 63%           2.6s
  353      1559.5       633.5    0.3407    -6.9398  ramp 63%           2.3s
  354      1155.6       551.6    0.3405    -6.9594  ramp 63%           2.3s
  355      1191.5       576.0    0.3403    -6.9789  ramp 63%           2.5s
  356      1296.4       625.0    0.3402    -6.9984  ramp 64%           2.7s
  357      1316.7       630.2    0.3399    -7.0179  ramp 64%           2.3s
  358      1572.7       639.4    0.3397    -7.0375  ramp 64%           2.2s
  359      1254.2       633.4    0.3394    -7.0570  ramp 64%           2.3s
  [probe] gen=360 score=541.2 net=3.478 fell=1.000
  360      1283.1       623.9    0.3391    -7.0765  ramp 65%           2.1s
  361      1638.6       598.6    0.3388    -7.0960  ramp 65%           2.2s
  362      1393.1       634.5    0.3385    -7.1156  ramp 65%           2.1s
  363      1339.0       636.4    0.3380    -7.1351  ramp 65%           2.1s
  364      1345.1       648.2    0.3374    -7.1546  ramp 66%           2.0s
  365      1463.8       614.4    0.3367    -7.1741  ramp 66%           2.1s
  366      1523.6       699.8    0.3361    -7.1937  ramp 66%           2.1s
  367      1393.0       587.1    0.3356    -7.2132  ramp 66%           2.1s
  368      1429.7       628.5    0.3351    -7.2327  ramp 67%           2.6s
  369      1253.0       636.7    0.3347    -7.2522  ramp 67%           2.1s
  [probe] gen=370 score=283.7 net=2.018 fell=1.000
  370      1185.8       516.5    0.3341    -7.2718  ramp 67%           1.8s
  371      1542.5       596.6    0.3336    -7.2913  ramp 67%           2.1s
  372      1342.6       553.9    0.3330    -7.3108  ramp 68%           2.0s
  373      1259.6       535.8    0.3324    -7.3303  ramp 68%           2.0s
  374      1245.2       562.7    0.3319    -7.3499  ramp 68%           1.9s
  [plot] Saved fitness curve → experiments/thesis/curriculum_variable_gravity/seed_09/fitness_curve.png
  375      1415.2       600.0    0.3313    -7.3694  ramp 68%           2.2s
  376      1371.6       551.5    0.3308    -7.3889  ramp 69%           1.9s
  377      1255.1       633.7    0.3302    -7.4084  ramp 69%           2.6s
  378      1343.7       562.4    0.3297    -7.4280  ramp 69%           2.1s
  379      1365.7       627.7    0.3291    -7.4475  ramp 69%           1.9s
  [probe] gen=380 score=365.4 net=2.480 fell=1.000
  380      1469.1       612.4    0.3286    -7.4670  ramp 70%           2.1s
  381      1179.5       567.2    0.3280    -7.4865  ramp 70%           2.0s
  382      1327.9       654.3    0.3274    -7.5061  ramp 70%           2.4s
  383      1210.1       563.8    0.3268    -7.5256  ramp 70%           2.1s
  384      1433.4       609.9    0.3264    -7.5451  ramp 71%           2.3s
  385      1077.5       493.1    0.3261    -7.5646  ramp 71%           2.1s
  386      1156.5       566.7    0.3257    -7.5842  ramp 71%           2.3s
  387      1223.3       600.9    0.3254    -7.6037  ramp 71%           2.3s
  388      1018.0       595.7    0.3252    -7.6232  ramp 72%           1.9s
  389       966.8       525.9    0.3250    -7.6427  ramp 72%           1.8s
  [probe] gen=390 score=676.7 net=3.922 fell=1.000
  390      1309.8       560.3    0.3249    -7.6623  ramp 72%           2.1s
  391      1301.5       546.8    0.3248    -7.6818  ramp 72%           2.0s
  392      1220.2       615.2    0.3246    -7.7013  ramp 73%           2.2s
  393      1265.3       663.5    0.3245    -7.7208  ramp 73%           2.5s
  394      1501.9       578.2    0.3244    -7.7404  ramp 73%           2.0s
  395      1267.2       662.1    0.3246    -7.7599  ramp 73%           2.4s
  396      1658.4       702.2    0.3248    -7.7794  ramp 74%           2.4s
  397      1397.3       649.3    0.3249    -7.7989  ramp 74%           2.2s
  398      1385.4       563.1    0.3253    -7.8185  ramp 74%           2.1s
  399      1246.9       718.1    0.3255    -7.8380  ramp 74%           2.4s
  [probe] gen=400 score=470.1 net=3.106 fell=1.000
  [plot] Saved fitness curve → experiments/thesis/curriculum_variable_gravity/seed_09/fitness_curve.png
  400      1574.7       641.2    0.3257    -7.8575  ramp 75%           2.3s
  401      1435.2       705.5    0.3259    -7.8770  ramp 75%           2.4s
  402      1334.5       612.2    0.3259    -7.8966  ramp 75%           2.0s
  403      1278.8       688.5    0.3260    -7.9161  ramp 75%           2.2s
  404      1361.8       623.0    0.3260    -7.9356  ramp 76%           2.3s
  405      1187.8       697.0    0.3260    -7.9551  ramp 76%           2.5s
  406      1458.2       492.0    0.3260    -7.9747  ramp 76%           2.1s
  407      1447.9       649.7    0.3259    -7.9942  ramp 76%           2.0s
  408      1312.9       608.4    0.3259    -8.0137  ramp 77%           2.3s
  409      1429.6       699.1    0.3260    -8.0332  ramp 77%           2.6s
  [probe] gen=410 score=543.9 net=3.452 fell=1.000
  410      1339.7       718.6    0.3260    -8.0527  ramp 77%           2.5s
  411      1558.3       667.8    0.3260    -8.0723  ramp 77%           2.2s
  412      1336.9       687.9    0.3259    -8.0918  ramp 78%           2.5s
  413      1240.4       666.5    0.3258    -8.1113  ramp 78%           2.3s
  414      1537.8       626.2    0.3258    -8.1309  ramp 78%           2.4s
  415      1363.7       616.5    0.3257    -8.1504  ramp 78%           2.5s
  416      1233.9       583.3    0.3255    -8.1699  ramp 79%           2.2s
  417      1202.0       580.8    0.3255    -8.1894  ramp 79%           2.4s
  418      1136.8       568.2    0.3254    -8.2090  ramp 79%           2.1s
  419      1295.5       585.7    0.3254    -8.2285  ramp 79%           2.2s
  [probe] gen=420 score=419.5 net=2.809 fell=1.000
  420      1337.8       599.5    0.3254    -8.2480  ramp 80%           2.2s
  421      1350.4       604.6    0.3253    -8.2675  ramp 80%           2.2s
  422      1435.1       651.0    0.3253    -8.2871  ramp 80%           2.3s
  423      1432.1       567.9    0.3253    -8.3066  ramp 80%           1.9s
  424      1330.0       608.8    0.3253    -8.3261  ramp 81%           1.9s
  [plot] Saved fitness curve → experiments/thesis/curriculum_variable_gravity/seed_09/fitness_curve.png
  425      1214.8       619.3    0.3252    -8.3456  ramp 81%           2.2s
  426      1486.3       643.3    0.3251    -8.3651  ramp 81%           2.3s
  427      1481.8       571.3    0.3249    -8.3847  ramp 81%           1.9s
  428      1299.4       543.3    0.3247    -8.4042  ramp 82%           1.8s
  429      1575.9       598.2    0.3245    -8.4237  ramp 82%           2.1s
  [probe] gen=430 score=1206.6 net=6.488 fell=0.800
  430      1383.2       715.3    0.3244    -8.4432  ramp 82%           2.3s
  431      1512.0       656.0    0.3243    -8.4628  ramp 82%           2.3s
  432      1445.7       745.7    0.3243    -8.4823  ramp 83%           2.5s
  433      1652.1       748.2    0.3243    -8.5018  ramp 83%           2.5s
  434      1550.3       743.6    0.3242    -8.5213  ramp 83%           2.3s
  435      1566.0       718.4    0.3241    -8.5409  ramp 83%           2.3s
  436      1483.4       684.0    0.3241    -8.5604  ramp 84%           2.3s
  437      1261.1       627.4    0.3241    -8.5799  ramp 84%           2.1s
  438      1635.7       633.9    0.3242    -8.5995  ramp 84%           2.4s
  439      1351.2       659.6    0.3243    -8.6190  ramp 84%           2.1s
  [probe] gen=440 score=1438.2 net=7.098 fell=0.500
  440      1269.2       658.1    0.3245    -8.6385  ramp 85%           2.2s
  441      1188.2       514.4    0.3246    -8.6580  ramp 85%           1.9s
  442      1492.6       641.1    0.3248    -8.6776  ramp 85%           2.3s
  443      1502.2       662.8    0.3248    -8.6971  ramp 85%           2.1s
  444      1576.1       721.7    0.3250    -8.7166  ramp 86%           2.1s
  445      1413.8       658.5    0.3253    -8.7361  ramp 86%           2.2s
  446      1465.6       668.8    0.3256    -8.7556  ramp 86%           2.2s
  447      1488.0       529.1    0.3260    -8.7752  ramp 86%           1.8s
  448      1462.8       675.6    0.3262    -8.7947  ramp 87%           2.2s
  449      1587.1       718.5    0.3264    -8.8142  ramp 87%           2.0s
  [probe] gen=450 score=1038.8 net=5.460 fell=0.700
  [plot] Saved fitness curve → experiments/thesis/curriculum_variable_gravity/seed_09/fitness_curve.png
  450      1575.7       565.8    0.3264    -8.8338  ramp 87%           1.8s
  451      1427.8       686.0    0.3265    -8.8533  ramp 87%           2.2s
  452      1606.9       622.5    0.3266    -8.8728  ramp 88%           2.3s
  453      1236.7       614.7    0.3265    -8.8923  ramp 88%           2.1s
  454      1314.2       584.8    0.3265    -8.9119  ramp 88%           2.1s
  455      1567.0       602.8    0.3265    -8.9314  ramp 88%           2.0s
  456      1408.0       603.7    0.3265    -8.9509  ramp 89%           2.1s
  457      1472.8       559.5    0.3266    -8.9704  ramp 89%           1.8s
  458      1172.1       626.8    0.3268    -8.9900  ramp 89%           2.2s
  459      1122.4       559.9    0.3269    -9.0095  ramp 89%           1.9s
  [probe] gen=460 score=1100.3 net=5.565 fell=0.500
  460      1199.9       638.0    0.3270    -9.0290  ramp 90%           2.0s
  461      1353.8       547.0    0.3271    -9.0485  ramp 90%           1.7s
  462      1594.9       652.1    0.3273    -9.0680  ramp 90%           2.0s
  463      1357.9       597.0    0.3274    -9.0876  ramp 90%           2.2s
  464      1367.1       633.2    0.3275    -9.1071  ramp 91%           2.0s
  465      1391.0       658.1    0.3277    -9.1266  ramp 91%           2.0s
  466      1301.3       610.4    0.3279    -9.1462  ramp 91%           2.1s
  467      1415.6       638.4    0.3281    -9.1657  ramp 91%           2.3s
  468      1325.4       694.6    0.3281    -9.1852  ramp 92%           2.3s
  469      1467.7       632.9    0.3282    -9.2047  ramp 92%           2.1s
  [probe] gen=470 score=1189.8 net=5.658 fell=0.200
  470      1206.5       568.8    0.3282    -9.2243  ramp 92%           2.0s
  471      1614.4       732.5    0.3282    -9.2438  ramp 92%           2.3s
  472      1535.7       609.1    0.3282    -9.2633  ramp 93%           1.9s
  473      1496.6       622.9    0.3281    -9.2828  ramp 93%           2.1s
  474      1498.2       617.8    0.3281    -9.3024  ramp 93%           2.4s
  [plot] Saved fitness curve → experiments/thesis/curriculum_variable_gravity/seed_09/fitness_curve.png
  475      1278.9       663.0    0.3280    -9.3219  ramp 93%           2.3s
  476      1312.2       509.9    0.3278    -9.3414  ramp 94%           2.1s
  477      1350.5       683.3    0.3277    -9.3609  ramp 94%           2.5s
  478      1480.0       704.0    0.3274    -9.3804  ramp 94%           2.2s
  479      1472.7       636.3    0.3271    -9.4000  ramp 94%           2.3s
  [probe] gen=480 score=601.6 net=3.777 fell=1.000
  480      1490.3       641.3    0.3267    -9.4195  ramp 95%           2.1s
  481      1673.9       718.3    0.3263    -9.4390  ramp 95%           2.1s
  482      1641.5       746.1    0.3260    -9.4585  ramp 95%           2.1s
  483      1625.6       612.8    0.3256    -9.4781  ramp 95%           1.8s
  484      1533.9       734.0    0.3253    -9.4976  ramp 96%           2.2s
  485      1274.7       599.7    0.3249    -9.5171  ramp 96%           1.9s
  486      1500.6       728.2    0.3245    -9.5366  ramp 96%           2.4s
  487      1481.5       675.7    0.3241    -9.5562  ramp 96%           2.3s
  488      1429.0       625.2    0.3237    -9.5757  ramp 97%           2.1s
  489      1608.5       725.6    0.3232    -9.5952  ramp 97%           2.4s
  [probe] gen=490 score=1411.3 net=7.375 fell=0.900
  490      1655.3       621.6    0.3228    -9.6148  ramp 97%           2.1s
  491      1328.8       572.6    0.3224    -9.6343  ramp 97%           2.0s
  492      1335.1       686.6    0.3220    -9.6538  ramp 98%           2.4s
  493      1505.5       726.7    0.3217    -9.6733  ramp 98%           2.6s
  494      1525.1       757.1    0.3214    -9.6928  ramp 98%           2.3s
  495      1444.8       687.3    0.3212    -9.7124  ramp 98%           2.4s
  496      1522.6       657.5    0.3211    -9.7319  ramp 99%           2.3s
  497      1377.5       596.7    0.3208    -9.7514  ramp 99%           2.0s
  498      1355.6       596.2    0.3207    -9.7709  ramp 99%           1.9s
  499      1478.4       546.0    0.3207    -9.7905  ramp 99%           1.7s
  [plot] Saved fitness curve → experiments/thesis/curriculum_variable_gravity/seed_09/fitness_curve.png

Training complete. Best fitness: 1799.4
Best params → experiments/thesis/curriculum_variable_gravity/seed_09/checkpoints/best_params.npy
Fitness curve → experiments/thesis/curriculum_variable_gravity/seed_09/fitness_curve.png
Final Earth scorecard | score=223.3 net=1.781 fell=1.000
Gravity sweep | gravities=5 mean_net=3.041 worst_net=1.616
  [exp] Wrote experiments/thesis/curriculum_variable_gravity/seed_09/experiment.json
  [exp] Wrote experiments/thesis/curriculum_variable_gravity/seed_09/training_log.csv
  [exp] Wrote experiments/thesis/curriculum_variable_gravity/seed_09/earth_probe.csv
  [exp] Wrote experiments/thesis/curriculum_variable_gravity/seed_09/gravity_sweep.csv
  [exp] Wrote experiments/thesis/curriculum_variable_gravity/seed_09/summary.json
