Walker2d-v5 | policy=CPG  params=504
Curriculum   : GradualTransition  gravity -2.0 → -9.81  warmup=20%
Run context | seed=8 arm=curriculum_variable_gravity run_id=curriculum_variable_gravity_seed_08


Starting CMA-ES | pop=40 | sigma0=0.5 | max_gen=500 | workers=8 | seed=8
Checkpoints → experiments/thesis/curriculum_variable_gravity/seed_08/checkpoints/

  Gen        Best        Mean     Sigma    Gravity  Phase              Time
------------------------------------------------------------------------
  [probe] gen=0 score=-332.6 net=-0.081 fell=1.000
  [plot] Saved fitness curve → experiments/thesis/curriculum_variable_gravity/seed_08/fitness_curve.png
    0      -331.2      -390.9    0.4904    -2.0000  warmup             1.4s
    1      -306.5      -374.3    0.4824    -2.0000  warmup             0.1s
    2      -296.4      -372.1    0.4753    -2.0000  warmup             0.1s
    3      -295.6      -357.3    0.4688    -2.0000  warmup             0.2s
    4      -306.1      -353.7    0.4630    -2.0000  warmup             0.1s
    5      -290.0      -353.3    0.4578    -2.0000  warmup             0.1s
    6      -301.6      -347.8    0.4529    -2.0000  warmup             0.2s
    7      -299.4      -352.1    0.4485    -2.0000  warmup             0.1s
    8      -312.2      -356.2    0.4444    -2.0000  warmup             0.1s
    9      -300.7      -348.6    0.4405    -2.0000  warmup             0.2s
  [probe] gen=10 score=-296.4 net=-0.100 fell=1.000
   10      -284.3      -347.8    0.4368    -2.0000  warmup             0.2s
   11      -293.2      -338.9    0.4335    -2.0000  warmup             0.1s
   12      -287.6      -327.5    0.4304    -2.0000  warmup             0.2s
   13      -217.7      -328.4    0.4276    -2.0000  warmup             0.2s
   14      -290.2      -322.9    0.4250    -2.0000  warmup             0.2s
   15      -285.6      -321.2    0.4226    -2.0000  warmup             0.2s
   16      -170.2      -310.4    0.4206    -2.0000  warmup             0.3s
   17      -247.1      -316.8    0.4187    -2.0000  warmup             0.2s
   18      -131.5      -311.6    0.4168    -2.0000  warmup             0.3s
   19      -278.5      -320.7    0.4150    -2.0000  warmup             0.3s
  [probe] gen=20 score=-240.3 net=0.191 fell=1.000
   20      -250.4      -309.2    0.4131    -2.0000  warmup             0.3s
   21      -223.3      -319.0    0.4114    -2.0000  warmup             0.3s
   22      -235.2      -310.9    0.4098    -2.0000  warmup             0.3s
   23      -194.4      -298.4    0.4084    -2.0000  warmup             0.3s
   24      -170.1      -295.2    0.4071    -2.0000  warmup             0.3s
  [plot] Saved fitness curve → experiments/thesis/curriculum_variable_gravity/seed_08/fitness_curve.png
   25      -169.7      -290.4    0.4059    -2.0000  warmup             0.3s
   26      -228.1      -303.8    0.4047    -2.0000  warmup             0.2s
   27       125.5      -289.9    0.4034    -2.0000  warmup             0.4s
   28      -104.5      -293.0    0.4022    -2.0000  warmup             0.4s
   29       -87.8      -262.9    0.4010    -2.0000  warmup             0.5s
  [probe] gen=30 score=29.7 net=1.090 fell=1.000
   30       -93.9      -285.0    0.3999    -2.0000  warmup             0.4s
   31      -148.7      -279.8    0.3989    -2.0000  warmup             0.4s
   32        -9.5      -287.0    0.3981    -2.0000  warmup             0.4s
   33      -148.4      -266.5    0.3972    -2.0000  warmup             0.4s
   34       -34.3      -252.8    0.3964    -2.0000  warmup             0.5s
   35       -66.6      -262.5    0.3958    -2.0000  warmup             0.4s
   36       -78.3      -258.6    0.3953    -2.0000  warmup             0.5s
   37        62.2      -219.9    0.3947    -2.0000  warmup             0.5s
   38        16.4      -227.9    0.3943    -2.0000  warmup             0.5s
   39       142.1      -204.0    0.3941    -2.0000  warmup             0.6s
  [probe] gen=40 score=-52.7 net=0.820 fell=1.000
   40       131.6      -211.7    0.3940    -2.0000  warmup             0.5s
   41       -23.9      -192.0    0.3940    -2.0000  warmup             0.4s
   42        61.1      -170.9    0.3941    -2.0000  warmup             0.6s
   43        73.3      -156.4    0.3940    -2.0000  warmup             0.5s
   44        25.1      -173.4    0.3940    -2.0000  warmup             0.6s
   45       130.6      -172.7    0.3941    -2.0000  warmup             0.6s
   46       -15.8      -215.2    0.3942    -2.0000  warmup             0.4s
   47       -20.1      -173.0    0.3943    -2.0000  warmup             0.6s
   48        32.7      -195.3    0.3946    -2.0000  warmup             0.5s
   49        89.8      -135.4    0.3949    -2.0000  warmup             0.6s
  [probe] gen=50 score=-197.9 net=0.329 fell=1.000
  [plot] Saved fitness curve → experiments/thesis/curriculum_variable_gravity/seed_08/fitness_curve.png
   50       -25.6      -149.3    0.3953    -2.0000  warmup             0.5s
   51        28.2      -153.4    0.3957    -2.0000  warmup             0.5s
   52       -10.0      -178.3    0.3963    -2.0000  warmup             0.5s
   53        67.5      -139.3    0.3969    -2.0000  warmup             0.6s
   54       106.7      -115.6    0.3975    -2.0000  warmup             0.6s
   55       398.0      -101.3    0.3981    -2.0000  warmup             0.6s
   56        55.3      -144.7    0.3985    -2.0000  warmup             0.5s
   57       143.0      -133.5    0.3990    -2.0000  warmup             0.5s
   58       123.8      -127.3    0.3995    -2.0000  warmup             0.5s
   59       138.2      -118.9    0.3999    -2.0000  warmup             0.5s
  [probe] gen=60 score=-147.9 net=0.495 fell=1.000
   60        82.2      -141.8    0.4003    -2.0000  warmup             0.5s
   61        27.7       -70.0    0.4006    -2.0000  warmup             0.6s
   62       117.8      -101.4    0.4009    -2.0000  warmup             0.6s
   63        86.2       -68.1    0.4012    -2.0000  warmup             0.6s
   64       162.9       -99.8    0.4015    -2.0000  warmup             0.5s
   65        76.7       -71.9    0.4017    -2.0000  warmup             0.6s
   66        57.4       -89.2    0.4019    -2.0000  warmup             0.6s
   67       182.7       -60.5    0.4021    -2.0000  warmup             0.6s
   68        84.3       -98.4    0.4023    -2.0000  warmup             0.6s
   69        96.5       -77.0    0.4026    -2.0000  warmup             0.7s
  [probe] gen=70 score=-147.2 net=0.520 fell=1.000
   70       153.7       -70.8    0.4028    -2.0000  warmup             0.7s
   71       104.6       -82.6    0.4029    -2.0000  warmup             0.7s
   72        84.2       -94.5    0.4031    -2.0000  warmup             0.7s
   73       100.5       -84.5    0.4031    -2.0000  warmup             0.7s
   74        75.4      -121.2    0.4033    -2.0000  warmup             0.7s
  [plot] Saved fitness curve → experiments/thesis/curriculum_variable_gravity/seed_08/fitness_curve.png
   75        89.4      -101.0    0.4035    -2.0000  warmup             0.6s
   76       142.5      -122.5    0.4035    -2.0000  warmup             0.5s
   77        78.5       -97.4    0.4036    -2.0000  warmup             0.7s
   78       113.6      -101.8    0.4035    -2.0000  warmup             0.6s
   79        73.6       -93.0    0.4035    -2.0000  warmup             0.6s
  [probe] gen=80 score=-93.8 net=0.676 fell=1.000
   80       116.3       -77.4    0.4034    -2.0000  warmup             0.7s
   81       204.4       -50.3    0.4034    -2.0000  warmup             0.7s
   82        59.0       -99.4    0.4034    -2.0000  warmup             0.6s
   83       167.0       -26.2    0.4035    -2.0000  warmup             0.7s
   84       155.1       -53.7    0.4035    -2.0000  warmup             0.7s
   85       152.3       -94.8    0.4037    -2.0000  warmup             0.7s
   86        90.3      -159.0    0.4038    -2.0000  warmup             0.6s
   87       209.0      -132.2    0.4038    -2.0000  warmup             0.7s
   88       169.2       -92.1    0.4037    -2.0000  warmup             0.7s
   89       135.0      -113.9    0.4037    -2.0000  warmup             0.7s
  [probe] gen=90 score=-135.6 net=0.496 fell=1.000
   90       157.8       -64.6    0.4036    -2.0000  warmup             0.8s
   91       134.1       -85.6    0.4035    -2.0000  warmup             0.6s
   92       152.2      -114.0    0.4035    -2.0000  warmup             0.6s
   93       168.4       -38.4    0.4036    -2.0000  warmup             0.8s
   94       206.6       -68.5    0.4036    -2.0000  warmup             0.7s
   95       382.1       -62.3    0.4035    -2.0000  warmup             0.8s
   96       114.1       -49.2    0.4035    -2.0000  warmup             0.7s
   97       147.3       -97.0    0.4033    -2.0000  warmup             0.6s
   98       288.5       -46.2    0.4031    -2.0000  warmup             0.7s
   99       161.4       -56.0    0.4029    -2.0000  warmup             0.7s
  [probe] gen=100 score=-311.8 net=-0.193 fell=1.000
  [plot] Saved fitness curve → experiments/thesis/curriculum_variable_gravity/seed_08/fitness_curve.png
  100       166.9       -74.6    0.4026    -2.0000  warmup             0.7s
  101       296.8       -97.8    0.4024    -2.0195  ramp 0%            0.7s
  102       177.6       -66.5    0.4021    -2.0391  ramp 0%            0.7s
  103       129.2      -119.3    0.4019    -2.0586  ramp 0%            0.6s
  104       175.1       -56.0    0.4019    -2.0781  ramp 1%            0.7s
  105       217.7       -19.1    0.4021    -2.0976  ramp 1%            0.8s
  106       277.4       -62.7    0.4024    -2.1172  ramp 1%            0.7s
  107       189.2       -47.7    0.4027    -2.1367  ramp 1%            0.7s
  108       273.8       -44.3    0.4031    -2.1562  ramp 2%            0.7s
  109       238.7       -53.7    0.4035    -2.1757  ramp 2%            0.7s
  [probe] gen=110 score=-5.5 net=0.920 fell=1.000
  110       220.0       -98.1    0.4040    -2.1953  ramp 2%            0.6s
  111       222.2       -62.9    0.4043    -2.2148  ramp 2%            0.7s
  112       184.1       -37.3    0.4046    -2.2343  ramp 3%            0.6s
  113       237.5       -73.1    0.4048    -2.2538  ramp 3%            0.7s
  114       202.2       -34.6    0.4048    -2.2734  ramp 3%            0.7s
  115       206.2       -70.1    0.4049    -2.2929  ramp 3%            0.6s
  116       178.4       -87.9    0.4050    -2.3124  ramp 4%            0.6s
  117       174.8       -25.4    0.4051    -2.3319  ramp 4%            0.7s
  118       267.1       -39.0    0.4051    -2.3514  ramp 4%            0.8s
  119       212.6       -50.7    0.4052    -2.3710  ramp 4%            0.8s
  [probe] gen=120 score=-30.7 net=0.873 fell=1.000
  120       206.2       -59.2    0.4050    -2.3905  ramp 5%            0.7s
  121       170.4       -89.3    0.4048    -2.4100  ramp 5%            0.6s
  122       234.2       -69.6    0.4046    -2.4295  ramp 5%            0.7s
  123       200.8       -49.5    0.4045    -2.4491  ramp 5%            0.7s
  124       229.9       -36.8    0.4045    -2.4686  ramp 6%            0.8s
  [plot] Saved fitness curve → experiments/thesis/curriculum_variable_gravity/seed_08/fitness_curve.png
  125       293.1       -53.1    0.4046    -2.4881  ramp 6%            0.8s
  126       234.7       -57.8    0.4045    -2.5076  ramp 6%            0.7s
  127       143.7       -59.2    0.4046    -2.5272  ramp 6%            0.8s
  128       219.4       -32.8    0.4047    -2.5467  ramp 7%            0.7s
  129       246.7       -34.0    0.4046    -2.5662  ramp 7%            0.7s
  [probe] gen=130 score=-20.2 net=0.767 fell=1.000
  130       307.1       -77.6    0.4044    -2.5857  ramp 7%            0.7s
  131       246.7       -21.1    0.4043    -2.6053  ramp 7%            0.8s
  132       193.7       -63.5    0.4040    -2.6248  ramp 8%            0.8s
  133       378.6       -85.2    0.4038    -2.6443  ramp 8%            0.7s
  134       228.9       -79.4    0.4036    -2.6639  ramp 8%            0.7s
  135       375.4       -58.6    0.4033    -2.6834  ramp 8%            0.7s
  136       267.7       -23.5    0.4029    -2.7029  ramp 9%            0.8s
  137       203.9       -80.5    0.4023    -2.7224  ramp 9%            0.7s
  138       375.4       -50.5    0.4017    -2.7420  ramp 9%            0.7s
  139       147.3       -34.0    0.4011    -2.7615  ramp 9%            0.8s
  [probe] gen=140 score=-140.8 net=0.222 fell=1.000
  140       269.9       -60.8    0.4006    -2.7810  ramp 10%           0.6s
  141       191.6       -56.8    0.4000    -2.8005  ramp 10%           0.6s
  142       228.3      -143.0    0.3994    -2.8201  ramp 10%           0.5s
  143       137.4        -9.7    0.3988    -2.8396  ramp 10%           0.8s
  144       329.8        30.8    0.3982    -2.8591  ramp 11%           0.8s
  145       199.2       -40.4    0.3977    -2.8786  ramp 11%           0.7s
  146       238.8       -81.7    0.3973    -2.8982  ramp 11%           0.6s
  147       184.4       -37.1    0.3967    -2.9177  ramp 11%           0.6s
  148       101.4       -96.0    0.3961    -2.9372  ramp 12%           0.6s
  149       129.5       -39.5    0.3958    -2.9567  ramp 12%           0.7s
  [probe] gen=150 score=-109.3 net=0.449 fell=1.000
  [plot] Saved fitness curve → experiments/thesis/curriculum_variable_gravity/seed_08/fitness_curve.png
  150       132.5       -53.4    0.3955    -2.9763  ramp 12%           0.6s
  151       248.6       -52.4    0.3952    -2.9958  ramp 12%           0.6s
  152       197.3       -86.9    0.3949    -3.0153  ramp 13%           0.5s
  153       196.3       -25.4    0.3947    -3.0348  ramp 13%           0.6s
  154       160.0       -22.7    0.3944    -3.0544  ramp 13%           0.7s
  155       154.8       -88.4    0.3944    -3.0739  ramp 13%           0.5s
  156       180.8       -58.4    0.3943    -3.0934  ramp 14%           0.7s
  157       211.0       -59.4    0.3942    -3.1129  ramp 14%           0.6s
  158       120.5       -86.3    0.3943    -3.1324  ramp 14%           0.5s
  159       119.1      -109.5    0.3944    -3.1520  ramp 14%           0.5s
  [probe] gen=160 score=-9.3 net=0.961 fell=1.000
  160       189.5       -98.6    0.3944    -3.1715  ramp 15%           0.5s
  161       233.5       -50.1    0.3943    -3.1910  ramp 15%           0.6s
  162       285.6       -64.6    0.3943    -3.2106  ramp 15%           0.6s
  163       249.4       -34.4    0.3943    -3.2301  ramp 15%           0.6s
  164       347.1       -85.9    0.3943    -3.2496  ramp 16%           0.6s
  165       128.3      -130.3    0.3941    -3.2691  ramp 16%           0.5s
  166       168.6       -89.0    0.3943    -3.2887  ramp 16%           0.5s
  167       134.7       -89.5    0.3943    -3.3082  ramp 16%           0.6s
  168       268.8       -95.0    0.3943    -3.3277  ramp 17%           0.6s
  169       106.0      -117.0    0.3945    -3.3472  ramp 17%           0.6s
  [probe] gen=170 score=3.3 net=0.973 fell=1.000
  170       229.7       -74.6    0.3947    -3.3667  ramp 17%           0.7s
  171       157.8      -119.8    0.3949    -3.3863  ramp 17%           0.6s
  172       176.4      -113.6    0.3952    -3.4058  ramp 18%           0.7s
  173       157.4       -81.6    0.3957    -3.4253  ramp 18%           0.6s
  174       191.1       -60.7    0.3960    -3.4448  ramp 18%           0.6s
  [plot] Saved fitness curve → experiments/thesis/curriculum_variable_gravity/seed_08/fitness_curve.png
  175       206.6       -76.4    0.3966    -3.4644  ramp 18%           0.7s
  176       210.1      -103.6    0.3972    -3.4839  ramp 19%           0.6s
  177       232.8      -101.7    0.3979    -3.5034  ramp 19%           0.6s
  178       120.2      -105.1    0.3985    -3.5230  ramp 19%           0.5s
  179       302.9       -15.5    0.3990    -3.5425  ramp 19%           0.7s
  [probe] gen=180 score=-121.7 net=0.533 fell=1.000
  180       227.7      -126.1    0.3998    -3.5620  ramp 20%           0.6s
  181       231.4       -62.3    0.4004    -3.5815  ramp 20%           0.7s
  182       148.2       -52.8    0.4010    -3.6010  ramp 20%           0.6s
  183       302.9       -29.1    0.4014    -3.6206  ramp 20%           0.7s
  184       308.2       -29.1    0.4016    -3.6401  ramp 21%           0.8s
  185       190.3       -26.8    0.4018    -3.6596  ramp 21%           0.8s
  186       281.1       -36.7    0.4020    -3.6791  ramp 21%           0.8s
  187       202.3       -44.5    0.4022    -3.6987  ramp 21%           0.9s
  188       172.6       -17.7    0.4025    -3.7182  ramp 22%           0.8s
  189       217.3        18.1    0.4029    -3.7377  ramp 22%           0.8s
  [probe] gen=190 score=-10.0 net=0.862 fell=1.000
  190       242.4         3.2    0.4031    -3.7572  ramp 22%           0.9s
  191       258.5       -40.5    0.4034    -3.7768  ramp 22%           0.7s
  192       181.8       -27.7    0.4037    -3.7963  ramp 23%           0.9s
  193       193.2       -53.9    0.4040    -3.8158  ramp 23%           0.8s
  194       271.1        40.6    0.4044    -3.8354  ramp 23%           0.9s
  195       245.6       -62.0    0.4049    -3.8549  ramp 23%           0.9s
  196       266.8       -13.2    0.4053    -3.8744  ramp 24%           0.8s
  197       207.6       -58.8    0.4057    -3.8939  ramp 24%           0.7s
  198       284.6       -23.4    0.4060    -3.9135  ramp 24%           0.9s
  199       217.5        18.7    0.4063    -3.9330  ramp 24%           0.9s
  [probe] gen=200 score=-41.5 net=0.851 fell=1.000
  [plot] Saved fitness curve → experiments/thesis/curriculum_variable_gravity/seed_08/fitness_curve.png
  200       255.0       -33.3    0.4066    -3.9525  ramp 25%           0.8s
  201       190.5       -39.3    0.4070    -3.9720  ramp 25%           0.8s
  202       176.2        11.1    0.4075    -3.9916  ramp 25%           0.8s
  203       318.4        -2.7    0.4079    -4.0111  ramp 25%           0.7s
  204       313.4       -11.6    0.4084    -4.0306  ramp 26%           0.8s
  205       214.1       -21.4    0.4089    -4.0501  ramp 26%           0.8s
  206       237.1       -33.7    0.4093    -4.0697  ramp 26%           0.7s
  207       246.1       -32.3    0.4096    -4.0892  ramp 26%           0.8s
  208       143.2       -69.3    0.4101    -4.1087  ramp 27%           0.7s
  209       227.3       -40.2    0.4108    -4.1282  ramp 27%           0.8s
  [probe] gen=210 score=27.1 net=1.077 fell=1.000
  210       198.7       -44.5    0.4116    -4.1478  ramp 27%           0.9s
  211       183.5       -22.6    0.4125    -4.1673  ramp 27%           0.8s
  212       177.2       -77.5    0.4134    -4.1868  ramp 28%           0.8s
  213       236.3       -59.7    0.4140    -4.2063  ramp 28%           0.8s
  214       201.3      -108.5    0.4146    -4.2258  ramp 28%           0.7s
  215       188.4      -107.7    0.4151    -4.2454  ramp 28%           0.7s
  216       172.1       -91.2    0.4156    -4.2649  ramp 28%           0.8s
  217       195.5       -98.4    0.4161    -4.2844  ramp 29%           0.7s
  218       173.6       -33.0    0.4168    -4.3040  ramp 29%           0.9s
  219       207.4         6.3    0.4174    -4.3235  ramp 29%           0.9s
  [probe] gen=220 score=-7.2 net=0.888 fell=1.000
  220       176.2       -86.1    0.4181    -4.3430  ramp 30%           0.7s
  221       158.2       -58.3    0.4186    -4.3625  ramp 30%           0.7s
  222       227.6       -46.2    0.4190    -4.3820  ramp 30%           0.8s
  223       241.5       -59.1    0.4193    -4.4016  ramp 30%           0.8s
  224       188.0       -48.0    0.4194    -4.4211  ramp 31%           0.8s
  [plot] Saved fitness curve → experiments/thesis/curriculum_variable_gravity/seed_08/fitness_curve.png
  225       160.8       -60.5    0.4196    -4.4406  ramp 31%           0.8s
  226       246.4       -72.6    0.4197    -4.4602  ramp 31%           0.7s
  227       251.9        -5.0    0.4201    -4.4797  ramp 31%           0.7s
  228       252.7        -9.9    0.4206    -4.4992  ramp 32%           0.8s
  229       260.8        18.8    0.4210    -4.5187  ramp 32%           0.9s
  [probe] gen=230 score=-312.6 net=-0.419 fell=1.000
  230       182.4       -15.5    0.4213    -4.5382  ramp 32%           0.8s
  231       213.6         2.9    0.4217    -4.5578  ramp 32%           0.8s
  232       214.7       -19.0    0.4220    -4.5773  ramp 33%           0.8s
  233       209.9         8.4    0.4224    -4.5968  ramp 33%           0.9s
  234       241.1        40.1    0.4227    -4.6164  ramp 33%           0.9s
  235       277.8        -3.4    0.4231    -4.6359  ramp 33%           0.8s
  236       243.3        -9.5    0.4236    -4.6554  ramp 34%           0.8s
  237       249.6        -8.2    0.4240    -4.6749  ramp 34%           0.8s
  238       222.4        11.7    0.4242    -4.6944  ramp 34%           0.8s
  239       285.0        37.1    0.4244    -4.7140  ramp 34%           0.8s
  [probe] gen=240 score=-115.4 net=0.358 fell=1.000
  240       270.8         2.7    0.4244    -4.7335  ramp 35%           0.8s
  241       224.5        23.1    0.4244    -4.7530  ramp 35%           0.8s
  242       342.9        23.5    0.4246    -4.7725  ramp 35%           0.8s
  243       311.2        -9.2    0.4247    -4.7921  ramp 35%           0.7s
  244       378.5        41.2    0.4247    -4.8116  ramp 36%           0.8s
  245       223.7         2.1    0.4247    -4.8311  ramp 36%           0.8s
  246       228.4        22.9    0.4247    -4.8506  ramp 36%           0.7s
  247       357.4        12.5    0.4247    -4.8702  ramp 36%           0.8s
  248       290.1       -14.9    0.4244    -4.8897  ramp 37%           0.9s
  249       312.1        15.1    0.4242    -4.9092  ramp 37%           0.9s
  [probe] gen=250 score=74.0 net=1.242 fell=1.000
  [plot] Saved fitness curve → experiments/thesis/curriculum_variable_gravity/seed_08/fitness_curve.png
  250       265.1        64.3    0.4243    -4.9287  ramp 37%           0.9s
  251       259.2        49.4    0.4243    -4.9483  ramp 37%           0.8s
  252       221.3        77.3    0.4242    -4.9678  ramp 38%           0.9s
  253       320.9        50.9    0.4242    -4.9873  ramp 38%           0.9s
  254       264.9        37.8    0.4244    -5.0069  ramp 38%           0.8s
  255       205.3        25.9    0.4245    -5.0264  ramp 38%           0.8s
  256       260.8        21.5    0.4247    -5.0459  ramp 39%           0.8s
  257       280.6        43.7    0.4250    -5.0654  ramp 39%           0.8s
  258       327.9        52.6    0.4254    -5.0850  ramp 39%           0.9s
  259       226.1        12.8    0.4258    -5.1045  ramp 39%           0.8s
  [probe] gen=260 score=-102.0 net=0.503 fell=1.000
  260       278.3        47.5    0.4262    -5.1240  ramp 40%           0.8s
  261       226.2        22.9    0.4265    -5.1435  ramp 40%           0.8s
  262       384.5        24.1    0.4265    -5.1631  ramp 40%           0.8s
  263       371.0        56.5    0.4266    -5.1826  ramp 40%           0.8s
  264       244.3        31.3    0.4267    -5.2021  ramp 41%           0.8s
  265       243.3        80.9    0.4269    -5.2216  ramp 41%           0.8s
  266       260.5        12.6    0.4270    -5.2412  ramp 41%           0.7s
  267       293.1        27.0    0.4272    -5.2607  ramp 41%           0.8s
  268       241.0        48.2    0.4272    -5.2802  ramp 42%           0.8s
  269       261.4         1.4    0.4273    -5.2997  ramp 42%           0.7s
  [probe] gen=270 score=61.6 net=1.073 fell=1.000
  270       269.2        10.1    0.4273    -5.3193  ramp 42%           0.8s
  271       341.9        28.9    0.4272    -5.3388  ramp 42%           0.7s
  272       253.0        15.3    0.4270    -5.3583  ramp 43%           0.8s
  273       308.2        39.3    0.4269    -5.3778  ramp 43%           0.9s
  274       382.6        17.7    0.4268    -5.3974  ramp 43%           0.9s
  [plot] Saved fitness curve → experiments/thesis/curriculum_variable_gravity/seed_08/fitness_curve.png
  275       277.4        55.7    0.4266    -5.4169  ramp 43%           0.8s
  276       303.3        25.8    0.4265    -5.4364  ramp 44%           0.9s
  277       286.1       -15.1    0.4262    -5.4559  ramp 44%           0.8s
  278       301.8         7.8    0.4261    -5.4755  ramp 44%           0.8s
  279       245.3        13.0    0.4257    -5.4950  ramp 44%           0.8s
  [probe] gen=280 score=123.7 net=1.366 fell=1.000
  280       262.2         0.9    0.4253    -5.5145  ramp 45%           0.8s
  281       255.8        33.4    0.4249    -5.5340  ramp 45%           0.8s
  282       294.5       -31.0    0.4246    -5.5536  ramp 45%           0.8s
  283       256.4        23.7    0.4244    -5.5731  ramp 45%           0.8s
  284       228.0       -33.9    0.4243    -5.5926  ramp 46%           0.7s
  285       302.1        12.0    0.4241    -5.6121  ramp 46%           0.8s
  286       270.6        -7.2    0.4237    -5.6317  ramp 46%           0.8s
  287       285.0         7.1    0.4232    -5.6512  ramp 46%           0.8s
  288       291.9        18.7    0.4228    -5.6707  ramp 47%           0.8s
  289       289.3       -17.0    0.4224    -5.6902  ramp 47%           0.7s
  [probe] gen=290 score=-304.2 net=-0.319 fell=1.000
  290       291.0       -11.3    0.4220    -5.7097  ramp 47%           0.7s
  291       220.3         4.4    0.4217    -5.7293  ramp 47%           0.7s
  292       349.5        18.2    0.4215    -5.7488  ramp 48%           0.8s
  293       265.4        26.6    0.4213    -5.7683  ramp 48%           0.8s
  294       241.9        46.3    0.4210    -5.7879  ramp 48%           0.8s
  295       335.7        15.6    0.4206    -5.8074  ramp 48%           0.8s
  296       227.0       -13.4    0.4203    -5.8269  ramp 49%           0.7s
  297       322.2        39.9    0.4202    -5.8464  ramp 49%           0.8s
  298       314.1        10.5    0.4198    -5.8659  ramp 49%           0.8s
  299       380.4       -19.5    0.4194    -5.8855  ramp 49%           0.8s
  [probe] gen=300 score=130.7 net=1.465 fell=1.000
  [plot] Saved fitness curve → experiments/thesis/curriculum_variable_gravity/seed_08/fitness_curve.png
  300       246.8       -10.3    0.4190    -5.9050  ramp 50%           0.8s
  301       229.2        27.0    0.4186    -5.9245  ramp 50%           0.7s
  302       264.7        23.0    0.4183    -5.9441  ramp 50%           0.8s
  303       368.5         9.0    0.4179    -5.9636  ramp 50%           0.8s
  304       360.8        40.2    0.4175    -5.9831  ramp 51%           0.8s
  305       353.9        21.2    0.4170    -6.0026  ramp 51%           0.7s
  306       355.5        25.6    0.4165    -6.0222  ramp 51%           0.8s
  307       382.6        48.8    0.4159    -6.0417  ramp 51%           0.8s
  308       438.9        50.5    0.4152    -6.0612  ramp 52%           0.9s
  309       328.5       -31.3    0.4146    -6.0807  ramp 52%           0.8s
  [probe] gen=310 score=162.7 net=1.579 fell=1.000
  310       330.8        -9.2    0.4140    -6.1003  ramp 52%           0.8s
  311       379.5        84.4    0.4135    -6.1198  ramp 52%           0.8s
  312       318.8        32.5    0.4131    -6.1393  ramp 53%           0.8s
  313       376.6        -8.3    0.4128    -6.1588  ramp 53%           0.7s
  314       408.2        24.8    0.4126    -6.1784  ramp 53%           0.8s
  315       377.7        26.2    0.4123    -6.1979  ramp 53%           0.8s
  316       293.7        69.5    0.4120    -6.2174  ramp 54%           0.8s
  317       370.3       -13.4    0.4118    -6.2369  ramp 54%           0.8s
  318       329.7        -1.2    0.4114    -6.2565  ramp 54%           0.7s
  319       442.5        48.8    0.4110    -6.2760  ramp 54%           0.8s
  [probe] gen=320 score=-253.4 net=-0.214 fell=1.000
  320       383.6        10.5    0.4105    -6.2955  ramp 55%           0.8s
  321       382.0        -4.9    0.4102    -6.3150  ramp 55%           0.8s
  322       318.1        57.4    0.4099    -6.3346  ramp 55%           0.9s
  323       409.9        16.3    0.4096    -6.3541  ramp 55%           0.9s
  324       295.7        26.9    0.4093    -6.3736  ramp 56%           0.9s
  [plot] Saved fitness curve → experiments/thesis/curriculum_variable_gravity/seed_08/fitness_curve.png
  325       290.5        16.5    0.4092    -6.3931  ramp 56%           0.8s
  326       342.3        67.4    0.4092    -6.4127  ramp 56%           0.8s
  327       395.9        51.8    0.4092    -6.4322  ramp 56%           0.8s
  328       309.2        67.3    0.4093    -6.4517  ramp 56%           0.8s
  329       467.9        52.7    0.4094    -6.4712  ramp 57%           0.8s
  [probe] gen=330 score=-126.7 net=0.492 fell=1.000
  330       328.0        33.9    0.4095    -6.4908  ramp 57%           0.8s
  331       352.5        43.4    0.4094    -6.5103  ramp 57%           0.8s
  332       389.9        47.8    0.4094    -6.5298  ramp 57%           0.8s
  333       432.3        32.5    0.4095    -6.5493  ramp 58%           0.9s
  334       348.3        34.1    0.4097    -6.5689  ramp 58%           0.8s
  335       417.6        25.4    0.4098    -6.5884  ramp 58%           0.9s
  336       343.9        44.7    0.4099    -6.6079  ramp 59%           0.8s
  337       248.3         4.6    0.4099    -6.6274  ramp 59%           0.8s
  338       288.1        47.0    0.4100    -6.6470  ramp 59%           0.8s
  339       320.4        16.1    0.4097    -6.6665  ramp 59%           0.7s
  [probe] gen=340 score=-116.4 net=0.490 fell=1.000
  340       249.8         5.9    0.4098    -6.6860  ramp 60%           0.7s
  341       187.5       -65.4    0.4098    -6.7055  ramp 60%           0.6s
  342       338.8         9.9    0.4098    -6.7251  ramp 60%           0.7s
  343       393.5       -30.6    0.4097    -6.7446  ramp 60%           0.6s
  344       310.8        33.5    0.4097    -6.7641  ramp 61%           0.8s
  345       446.2        78.1    0.4097    -6.7836  ramp 61%           0.8s
  346       354.2        -0.8    0.4098    -6.8032  ramp 61%           0.7s
  347       291.9        36.9    0.4097    -6.8227  ramp 61%           0.7s
  348       322.9        -5.2    0.4096    -6.8422  ramp 62%           0.8s
  349       343.5       -27.9    0.4093    -6.8617  ramp 62%           0.7s
  [probe] gen=350 score=136.9 net=1.421 fell=1.000
  [plot] Saved fitness curve → experiments/thesis/curriculum_variable_gravity/seed_08/fitness_curve.png
  350       399.2       -27.1    0.4091    -6.8813  ramp 62%           0.8s
  351       333.6        20.2    0.4089    -6.9008  ramp 62%           0.7s
  352       362.9       -54.5    0.4087    -6.9203  ramp 63%           0.7s
  353       325.2       -17.6    0.4087    -6.9398  ramp 63%           0.7s
  354       267.9        -0.3    0.4086    -6.9594  ramp 63%           0.7s
  355       302.4        42.8    0.4086    -6.9789  ramp 63%           0.8s
  356       287.4         8.8    0.4086    -6.9984  ramp 64%           0.7s
  357       351.3        88.4    0.4086    -7.0179  ramp 64%           0.8s
  358       293.2        40.8    0.4087    -7.0375  ramp 64%           0.7s
  359       263.7       -38.5    0.4087    -7.0570  ramp 64%           0.7s
  [probe] gen=360 score=219.0 net=1.886 fell=1.000
  360       295.0        12.5    0.4087    -7.0765  ramp 65%           0.8s
  361       192.8       -49.1    0.4090    -7.0960  ramp 65%           0.6s
  362       274.6        54.2    0.4091    -7.1156  ramp 65%           0.8s
  363       294.5        35.7    0.4091    -7.1351  ramp 65%           0.8s
  364       312.9        23.1    0.4091    -7.1546  ramp 66%           0.8s
  365       288.8        59.2    0.4092    -7.1741  ramp 66%           0.8s
  366       312.3       -17.6    0.4094    -7.1937  ramp 66%           0.8s
  367       362.3        21.4    0.4096    -7.2132  ramp 66%           0.8s
  368       203.3       -36.3    0.4099    -7.2327  ramp 67%           0.7s
  369       314.3       -17.9    0.4101    -7.2522  ramp 67%           0.8s
  [probe] gen=370 score=91.1 net=1.182 fell=1.000
  370       357.4        43.0    0.4102    -7.2718  ramp 67%           0.7s
  371       362.5       -11.8    0.4103    -7.2913  ramp 67%           0.7s
  372       368.6         1.2    0.4103    -7.3108  ramp 68%           0.7s
  373       242.5       -71.8    0.4103    -7.3303  ramp 68%           0.7s
  374       352.5        17.0    0.4103    -7.3499  ramp 68%           0.8s
  [plot] Saved fitness curve → experiments/thesis/curriculum_variable_gravity/seed_08/fitness_curve.png
  375       263.4        51.8    0.4105    -7.3694  ramp 68%           0.8s
  376       270.4        40.8    0.4107    -7.3889  ramp 69%           0.8s
  377       232.0         8.7    0.4109    -7.4084  ramp 69%           0.8s
  378       316.9        64.1    0.4112    -7.4280  ramp 69%           0.8s
  379       365.2        34.2    0.4115    -7.4475  ramp 69%           0.8s
  [probe] gen=380 score=85.9 net=1.291 fell=1.000
  380       318.8        44.4    0.4118    -7.4670  ramp 70%           0.8s
  381       353.7        28.7    0.4123    -7.4865  ramp 70%           0.8s
  382       363.1        34.5    0.4125    -7.5061  ramp 70%           0.8s
  383       303.8        28.8    0.4127    -7.5256  ramp 70%           0.8s
  384       417.2        31.5    0.4131    -7.5451  ramp 71%           0.8s
  385       320.9       -17.5    0.4135    -7.5646  ramp 71%           0.8s
  386       303.8       -35.7    0.4138    -7.5842  ramp 71%           0.8s
  387       286.8        16.8    0.4140    -7.6037  ramp 71%           0.8s
  388       293.6       -44.2    0.4140    -7.6232  ramp 72%           0.7s
  389       308.8       -24.7    0.4141    -7.6427  ramp 72%           0.7s
  [probe] gen=390 score=-45.6 net=0.734 fell=1.000
  390       280.0       -22.7    0.4141    -7.6623  ramp 72%           0.8s
  391       317.2         7.7    0.4143    -7.6818  ramp 72%           0.8s
  392       257.5        -7.3    0.4147    -7.7013  ramp 73%           0.7s
  393       255.0        33.5    0.4150    -7.7208  ramp 73%           0.7s
  394       292.9        51.7    0.4152    -7.7404  ramp 73%           0.8s
  395       303.2        61.1    0.4155    -7.7599  ramp 73%           0.7s
  396       347.1        -1.6    0.4156    -7.7794  ramp 74%           0.8s
  397       431.5        41.3    0.4155    -7.7989  ramp 74%           0.7s
  398       321.8        43.9    0.4154    -7.8185  ramp 74%           0.8s
  399       307.6        67.9    0.4151    -7.8380  ramp 74%           0.8s
  [probe] gen=400 score=-14.9 net=0.815 fell=1.000
  [plot] Saved fitness curve → experiments/thesis/curriculum_variable_gravity/seed_08/fitness_curve.png
  400       359.1        98.7    0.4150    -7.8575  ramp 75%           0.9s
  401       345.7        30.0    0.4149    -7.8770  ramp 75%           0.8s
  402       354.8        30.2    0.4150    -7.8966  ramp 75%           0.8s
  403       277.9       -23.0    0.4152    -7.9161  ramp 75%           0.7s
  404       255.8         1.3    0.4154    -7.9356  ramp 76%           0.7s
  405       336.3        26.8    0.4156    -7.9551  ramp 76%           0.8s
  406       355.2        54.6    0.4160    -7.9747  ramp 76%           0.8s
  407       263.4        17.6    0.4165    -7.9942  ramp 76%           0.7s
  408       278.7       -22.2    0.4167    -8.0137  ramp 77%           0.7s
  409       282.3        11.7    0.4170    -8.0332  ramp 77%           0.8s
  [probe] gen=410 score=175.8 net=1.579 fell=1.000
  410       251.4        34.2    0.4170    -8.0527  ramp 77%           0.8s
  411       265.7        36.1    0.4170    -8.0723  ramp 77%           0.8s
  412       282.0       -33.9    0.4170    -8.0918  ramp 78%           0.6s
  413       308.8        40.3    0.4169    -8.1113  ramp 78%           0.8s
  414       309.7        22.6    0.4171    -8.1309  ramp 78%           0.8s
  415       296.2        -7.8    0.4173    -8.1504  ramp 78%           0.8s
  416       322.3         2.7    0.4175    -8.1699  ramp 79%           0.7s
  417       315.4        40.8    0.4177    -8.1894  ramp 79%           0.8s
  418       266.6        -0.8    0.4178    -8.2090  ramp 79%           0.7s
  419       297.8        37.1    0.4178    -8.2285  ramp 79%           0.8s
  [probe] gen=420 score=30.0 net=1.085 fell=1.000
  420       247.3         5.4    0.4178    -8.2480  ramp 80%           0.8s
  421       290.3        22.5    0.4179    -8.2675  ramp 80%           0.7s
  422       266.1        21.0    0.4180    -8.2871  ramp 80%           0.7s
  423       356.4        33.0    0.4182    -8.3066  ramp 80%           0.8s
  424       224.5        21.3    0.4184    -8.3261  ramp 81%           0.7s
  [plot] Saved fitness curve → experiments/thesis/curriculum_variable_gravity/seed_08/fitness_curve.png
  425       234.5        10.3    0.4186    -8.3456  ramp 81%           0.8s
  426       271.2        11.2    0.4188    -8.3651  ramp 81%           0.8s
  427       253.4        37.8    0.4188    -8.3847  ramp 81%           0.8s
  428       345.2        47.5    0.4188    -8.4042  ramp 82%           0.7s
  429       249.5        38.3    0.4187    -8.4237  ramp 82%           0.7s
  [probe] gen=430 score=98.0 net=1.369 fell=1.000
  430       233.6        37.0    0.4187    -8.4432  ramp 82%           0.7s
  431       287.2        57.4    0.4187    -8.4628  ramp 82%           0.7s
  432       278.8        55.9    0.4186    -8.4823  ramp 83%           0.7s
  433       237.4        18.4    0.4184    -8.5018  ramp 83%           0.7s
  434       265.7         1.8    0.4183    -8.5213  ramp 83%           0.6s
  435       235.1         2.7    0.4181    -8.5409  ramp 83%           0.7s
  436       271.5        27.3    0.4179    -8.5604  ramp 84%           0.7s
  437       275.1        33.7    0.4178    -8.5799  ramp 84%           0.7s
  438       398.5        49.9    0.4176    -8.5995  ramp 84%           0.7s
  439       310.0        69.3    0.4172    -8.6190  ramp 84%           0.7s
  [probe] gen=440 score=185.9 net=1.674 fell=1.000
  440       293.3        60.3    0.4168    -8.6385  ramp 85%           0.7s
  441       273.2        17.5    0.4162    -8.6580  ramp 85%           0.7s
  442       326.8        33.1    0.4157    -8.6776  ramp 85%           0.7s
  443       273.3        43.1    0.4151    -8.6971  ramp 85%           0.7s
  444       247.2        44.0    0.4145    -8.7166  ramp 86%           0.7s
  445       259.9        36.0    0.4138    -8.7361  ramp 86%           0.7s
  446       266.7         7.9    0.4132    -8.7556  ramp 86%           0.7s
  447       263.6        17.3    0.4127    -8.7752  ramp 86%           0.8s
  448       258.1        25.9    0.4123    -8.7947  ramp 87%           0.7s
  449       302.6        16.9    0.4119    -8.8142  ramp 87%           0.8s
  [probe] gen=450 score=181.5 net=1.596 fell=1.000
  [plot] Saved fitness curve → experiments/thesis/curriculum_variable_gravity/seed_08/fitness_curve.png
  450       273.6        57.7    0.4114    -8.8338  ramp 87%           0.8s
  451       267.9        16.4    0.4110    -8.8533  ramp 87%           0.8s
  452       323.6        -4.7    0.4105    -8.8728  ramp 88%           0.7s
  453       261.7        66.6    0.4100    -8.8923  ramp 88%           0.7s
  454       229.9       -17.4    0.4094    -8.9119  ramp 88%           0.6s
  455       338.1        78.2    0.4087    -8.9314  ramp 88%           0.7s
  456       290.3        14.9    0.4078    -8.9509  ramp 89%           0.8s
  457       278.9        24.2    0.4068    -8.9704  ramp 89%           0.7s
  458       250.2       -10.4    0.4060    -8.9900  ramp 89%           0.6s
  459       273.1        10.7    0.4051    -9.0095  ramp 89%           0.7s
  [probe] gen=460 score=76.6 net=1.192 fell=1.000
  460       350.2         1.6    0.4042    -9.0290  ramp 90%           0.8s
  461       291.2       -16.1    0.4033    -9.0485  ramp 90%           0.7s
  462       251.3        38.0    0.4025    -9.0680  ramp 90%           0.8s
  463       373.1        39.7    0.4019    -9.0876  ramp 90%           0.7s
  464       332.6        57.7    0.4013    -9.1071  ramp 91%           0.8s
  465       387.2        20.3    0.4008    -9.1266  ramp 91%           0.8s
  466       241.7        44.6    0.4004    -9.1462  ramp 91%           0.7s
  467       337.2        39.1    0.4001    -9.1657  ramp 91%           0.7s
  468       321.9        46.4    0.3998    -9.1852  ramp 92%           0.8s
  469       292.6        39.8    0.3996    -9.2047  ramp 92%           0.7s
  [probe] gen=470 score=-30.5 net=0.664 fell=1.000
  470       344.0        60.9    0.3994    -9.2243  ramp 92%           0.8s
  471       292.9         2.8    0.3991    -9.2438  ramp 92%           0.7s
  472       257.6        34.5    0.3989    -9.2633  ramp 93%           0.8s
  473       280.6        51.6    0.3984    -9.2828  ramp 93%           0.7s
  474       387.0        76.4    0.3979    -9.3024  ramp 93%           0.8s
  [plot] Saved fitness curve → experiments/thesis/curriculum_variable_gravity/seed_08/fitness_curve.png
  475       280.9        39.6    0.3975    -9.3219  ramp 93%           0.8s
  476       291.8        43.2    0.3972    -9.3414  ramp 94%           0.7s
  477       281.9        71.8    0.3969    -9.3609  ramp 94%           0.8s
  478       279.9       118.5    0.3967    -9.3804  ramp 94%           0.8s
  479       279.7        80.8    0.3963    -9.4000  ramp 94%           0.8s
  [probe] gen=480 score=180.0 net=1.688 fell=1.000
  480       361.8        93.6    0.3959    -9.4195  ramp 95%           0.8s
  481       286.8         0.1    0.3956    -9.4390  ramp 95%           0.7s
  482       279.7        11.7    0.3954    -9.4585  ramp 95%           0.8s
  483       273.8        75.6    0.3953    -9.4781  ramp 95%           0.8s
  484       325.5         3.5    0.3952    -9.4976  ramp 96%           0.7s
  485       267.0       -11.1    0.3950    -9.5171  ramp 96%           0.7s
  486       239.0        38.2    0.3946    -9.5366  ramp 96%           0.7s
  487       303.9        87.7    0.3942    -9.5562  ramp 96%           0.7s
  488       282.1        94.6    0.3938    -9.5757  ramp 97%           0.7s
  489       275.3        37.3    0.3934    -9.5952  ramp 97%           0.7s
  [probe] gen=490 score=162.7 net=1.568 fell=1.000
  490       269.6        57.4    0.3930    -9.6148  ramp 97%           0.7s
  491       321.7        94.8    0.3927    -9.6343  ramp 97%           0.8s
  492       218.6        11.4    0.3924    -9.6538  ramp 98%           0.7s
  493       295.8        63.3    0.3920    -9.6733  ramp 98%           0.7s
  494       293.0        35.3    0.3916    -9.6928  ramp 98%           0.7s
  495       252.2        58.9    0.3913    -9.7124  ramp 98%           0.7s
  496       274.9        62.1    0.3909    -9.7319  ramp 99%           0.7s
  497       266.5        -1.3    0.3904    -9.7514  ramp 99%           0.6s
  498       232.8        60.0    0.3898    -9.7709  ramp 99%           0.7s
  499       246.2        69.1    0.3895    -9.7905  ramp 99%           0.7s
  [plot] Saved fitness curve → experiments/thesis/curriculum_variable_gravity/seed_08/fitness_curve.png

Training complete. Best fitness: 467.9
Best params → experiments/thesis/curriculum_variable_gravity/seed_08/checkpoints/best_params.npy
Fitness curve → experiments/thesis/curriculum_variable_gravity/seed_08/fitness_curve.png
Final Earth scorecard | score=-178.5 net=0.187 fell=1.000
Gravity sweep | gravities=5 mean_net=0.782 worst_net=0.169
  [exp] Wrote experiments/thesis/curriculum_variable_gravity/seed_08/experiment.json
  [exp] Wrote experiments/thesis/curriculum_variable_gravity/seed_08/training_log.csv
  [exp] Wrote experiments/thesis/curriculum_variable_gravity/seed_08/earth_probe.csv
  [exp] Wrote experiments/thesis/curriculum_variable_gravity/seed_08/gravity_sweep.csv
  [exp] Wrote experiments/thesis/curriculum_variable_gravity/seed_08/summary.json
