Walker2d-v5 | policy=CPG  params=504
Curriculum   : ArchiveBased  [-1.6→-3.0→-5.0→-7.0→-9.81]  plateau=30gen  archive_size=5
Run context | seed=0 arm=archive_based run_id=archive_based_seed_00

Schedule | penalty_min=0.20 penalty_ramp_gen=200 corr_min=0.00 corr_max=0.50 corr_ramp_gen=200

Starting CMA-ES | pop=40 | sigma0=0.5 | max_gen=500 | workers=8 | seed=0
Checkpoints → experiments/thesis/archive_based/seed_00/checkpoints/

  Gen        Best        Mean     Sigma    Pen   Corr    Gravity  Phase              Time
------------------------------------------------------------------------------------
  [probe] gen=0 score=-357.5 net=-0.103 fell=1.000 [new best earth]
  [plot] Saved fitness curve → experiments/thesis/archive_based/seed_00/fitness_curve.png
    0       -69.0       -78.4    0.4903   0.20   0.00    -1.6000  lv0(a=0)           1.5s
    1       -63.6       -76.1    0.4819   0.20   0.00    -1.6000  lv0(a=1)           0.2s
    2       -62.1       -75.3    0.4740   0.21   0.01    -1.6000  lv0(a=2)           0.2s
    3       -60.9       -76.2    0.4670   0.21   0.01    -1.6000  lv0(a=3)           0.3s
    4       -51.3       -75.1    0.4607   0.22   0.01    -1.6000  lv0(a=4)           0.3s
    5       -22.0       -71.5    0.4550   0.22   0.01    -1.6000  lv0(a=5)           0.2s
    6       -22.6       -69.6    0.4498   0.22   0.01    -1.6000  lv0(a=5)           0.3s
    7       -36.5       -71.8    0.4449   0.23   0.02    -1.6000  lv0(a=5)           0.3s
    8       -42.9       -71.0    0.4405   0.23   0.02    -1.6000  lv0(a=5)           0.3s
    9        -4.4       -62.2    0.4365   0.24   0.02    -1.6000  lv0(a=5)           0.4s
  [probe] gen=10 score=-213.0 net=0.107 fell=1.000 [new best earth]
   10       -15.4       -61.0    0.4326   0.24   0.03    -1.6000  lv0(a=5)           0.4s
   11       -20.2       -69.1    0.4292   0.24   0.03    -1.6000  lv0(a=5)           0.4s
   12       -11.5       -68.1    0.4260   0.25   0.03    -1.6000  lv0(a=5)           0.4s
   13       -28.9       -68.8    0.4232   0.25   0.03    -1.6000  lv0(a=5)           0.4s
   14       -19.0       -73.5    0.4207   0.26   0.04    -1.6000  lv0(a=5)           0.4s
   15        20.2       -58.9    0.4185   0.26   0.04    -1.6000  lv0(a=5)           0.4s
   16        -1.0       -51.0    0.4164   0.26   0.04    -1.6000  lv0(a=5)           0.5s
   17        10.6       -61.7    0.4145   0.27   0.04    -1.6000  lv0(a=5)           0.4s
   18        -9.5       -69.2    0.4128   0.27   0.04    -1.6000  lv0(a=5)           0.4s
   19        17.5       -70.1    0.4111   0.28   0.05    -1.6000  lv0(a=5)           0.4s
  [probe] gen=20 score=-393.1 net=-0.338 fell=1.000
   20         2.1       -71.2    0.4097   0.28   0.05    -1.6000  lv0(a=5)           0.3s
   21        27.6       -62.1    0.4085   0.28   0.05    -1.6000  lv0(a=5)           0.4s
   22        56.2       -57.6    0.4073   0.29   0.06    -1.6000  lv0(a=5)           0.4s
   23        29.3       -59.3    0.4062   0.29   0.06    -1.6000  lv0(a=5)           0.5s
   24        34.1       -62.5    0.4051   0.30   0.06    -1.6000  lv0(a=5)           0.5s
  [plot] Saved fitness curve → experiments/thesis/archive_based/seed_00/fitness_curve.png
   25        52.3       -40.8    0.4041   0.30   0.06    -1.6000  lv0(a=5)           0.5s
   26        39.9       -42.7    0.4032   0.30   0.07    -1.6000  lv0(a=5)           0.5s
   27        49.7       -47.1    0.4022   0.31   0.07    -1.6000  lv0(a=5)           0.5s
   28        43.0       -67.7    0.4013   0.31   0.07    -1.6000  lv0(a=5)           0.5s
   29        40.5       -37.9    0.4003   0.32   0.07    -1.6000  lv0(a=5)           0.5s
  [probe] gen=30 score=-511.8 net=-1.169 fell=1.000
   30        56.4       -34.8    0.3994   0.32   0.07    -1.6000  lv0(a=5)           0.5s
   31        54.1       -24.6    0.3984   0.32   0.08    -1.6000  lv0(a=5)           0.6s
   32        55.7       -34.7    0.3975   0.33   0.08    -1.6000  lv0(a=5)           0.5s
   33        54.9       -38.0    0.3967   0.33   0.08    -1.6000  lv0(a=5)           0.5s
   34        37.2       -43.6    0.3961   0.34   0.09    -1.6000  lv0(a=5)           0.5s
   35        32.6       -29.2    0.3954   0.34   0.09    -1.6000  lv0(a=5)           0.5s
   36        45.9       -42.0    0.3946   0.34   0.09    -1.6000  lv0(a=5)           0.5s
   37        32.1       -49.2    0.3938   0.35   0.09    -1.6000  lv0(a=5)           0.5s
   38        32.9       -29.6    0.3930   0.35   0.10    -1.6000  lv0(a=5)           0.5s
   39        40.7       -44.1    0.3921   0.36   0.10    -1.6000  lv0(a=5)           0.5s
  [probe] gen=40 score=-272.3 net=-0.112 fell=1.000
   40        41.6       -42.8    0.3914   0.36   0.10    -1.6000  lv0(a=5)           0.5s
   41        58.9       -36.6    0.3906   0.36   0.10    -1.6000  lv0(a=5)           0.5s
   42        38.2       -56.6    0.3900   0.37   0.10    -1.6000  lv0(a=5)           0.5s
   43        33.9       -41.8    0.3896   0.37   0.11    -1.6000  lv0(a=5)           0.5s
   44        27.3       -68.5    0.3892   0.38   0.11    -1.6000  lv0(a=5)           0.4s
   45        36.0       -60.8    0.3888   0.38   0.11    -1.6000  lv0(a=5)           0.4s
   46        21.3       -65.0    0.3885   0.38   0.12    -1.6000  lv0(a=5)           0.5s
   47        38.6       -56.1    0.3882   0.39   0.12    -1.6000  lv0(a=5)           0.4s
   48        61.3       -50.1    0.3880   0.39   0.12    -1.6000  lv0(a=5)           0.5s
   49        40.3       -61.8    0.3877   0.40   0.12    -1.6000  lv0(a=5)           0.4s
  [probe] gen=50 score=-451.9 net=-0.719 fell=1.000
  [plot] Saved fitness curve → experiments/thesis/archive_based/seed_00/fitness_curve.png
   50        45.3       -41.9    0.3875   0.40   0.12    -1.6000  lv0(a=5)           0.5s
   51        40.2       -50.4    0.3873   0.40   0.13    -1.6000  lv0(a=5)           0.6s
   52        34.1       -48.0    0.3873   0.41   0.13    -1.6000  lv0(a=5)           0.5s
   53        34.5       -42.3    0.3871   0.41   0.13    -1.6000  lv0(a=5)           0.5s
   54        40.0       -39.1    0.3871   0.42   0.14    -1.6000  lv0(a=5)           0.6s
   55        46.8       -53.6    0.3872   0.42   0.14    -1.6000  lv0(a=5)           0.5s
   56        31.8       -53.4    0.3873   0.42   0.14    -1.6000  lv0(a=5)           0.5s
   57        32.2       -50.2    0.3874   0.43   0.14    -1.6000  lv0(a=5)           0.6s
   58       229.1       -33.3    0.3874   0.43   0.14    -1.6000  lv0(a=5)           0.6s
   59        50.7       -44.5    0.3875   0.44   0.15    -1.6000  lv0(a=5)           0.6s
  [probe] gen=60 score=-350.3 net=-0.568 fell=1.000
   60        29.0       -76.0    0.3875   0.44   0.15    -1.6000  lv0(a=5)           0.6s
   61        94.8       -49.6    0.3874   0.44   0.15    -1.6000  lv0(a=5)           0.5s
   62        27.2       -60.8    0.3872   0.45   0.15    -1.6000  lv0(a=5)           0.5s
   63        39.9       -61.1    0.3869   0.45   0.16    -1.6000  lv0(a=5)           0.5s
   64        27.0       -46.1    0.3865   0.46   0.16    -1.6000  lv0(a=5)           0.6s
   65        25.7       -71.6    0.3862   0.46   0.16    -1.6000  lv0(a=5)           0.6s
   66        14.7       -74.5    0.3859   0.46   0.17    -1.6000  lv0(a=5)           0.5s
   67        67.8       -62.0    0.3857   0.47   0.17    -1.6000  lv0(a=5)           0.6s
   68        19.9       -49.3    0.3854   0.47   0.17    -1.6000  lv0(a=5)           0.5s
   69        36.7       -53.8    0.3852   0.48   0.17    -1.6000  lv0(a=5)           0.6s
  [probe] gen=70 score=-310.0 net=-0.111 fell=1.000
   70        49.8       -60.6    0.3850   0.48   0.17    -1.6000  lv0(a=5)           0.6s
   71        47.0       -56.6    0.3849   0.48   0.18    -1.6000  lv0(a=5)           0.6s
   72       109.7       -57.9    0.3848   0.49   0.18    -1.6000  lv0(a=5)           0.6s
   73         5.8       -82.5    0.3848   0.49   0.18    -1.6000  lv0(a=5)           0.6s
   74        42.5       -51.5    0.3847   0.50   0.18    -1.6000  lv0(a=5)           0.6s
  [plot] Saved fitness curve → experiments/thesis/archive_based/seed_00/fitness_curve.png
   75       100.1       -84.4    0.3846   0.50   0.19    -1.6000  lv0(a=5)           0.7s
   76         7.4       -95.5    0.3846   0.50   0.19    -1.6000  lv0(a=5)           0.5s
   77        18.0       -88.5    0.3847   0.51   0.19    -1.6000  lv0(a=5)           0.6s
   78       153.2       -73.6    0.3848   0.51   0.20    -1.6000  lv0(a=5)           0.6s
   79        43.4       -87.2    0.3848   0.52   0.20    -1.6000  lv0(a=5)           0.6s
  [probe] gen=80 score=-469.5 net=-1.020 fell=1.000
   80       114.0       -58.1    0.3849   0.52   0.20    -1.6000  lv0(a=5)           0.6s
   81         1.7      -107.7    0.3849   0.52   0.20    -1.6000  lv0(a=5)           0.6s
   82       129.8       -51.2    0.3849   0.53   0.20    -1.6000  lv0(a=5)           0.7s
   83       135.5       -57.4    0.3847   0.53   0.21    -1.6000  lv0(a=5)           0.7s
   84       132.8       -66.4    0.3844   0.54   0.21    -1.6000  lv0(a=5)           0.7s
   85        89.0       -46.9    0.3841   0.54   0.21    -1.6000  lv0(a=5)           0.7s
   86       120.7       -59.2    0.3842   0.54   0.21    -1.6000  lv0(a=5)           0.8s
   87        92.3       -68.3    0.3843   0.55   0.22    -1.6000  lv0(a=5)           0.9s
   88       261.1       -48.0    0.3845   0.55   0.22    -1.6000  lv0(a=5)           0.9s
   89       156.5       -37.8    0.3848   0.56   0.22    -1.6000  lv0(a=5)           0.8s
  [probe] gen=90 score=8.6 net=0.953 fell=1.000 [new best earth]
   90       108.1       -53.4    0.3850   0.56   0.23    -1.6000  lv0(a=5)           0.7s
   91       128.1       -47.5    0.3851   0.56   0.23    -1.6000  lv0(a=5)           0.7s
   92       115.4       -90.5    0.3854   0.57   0.23    -1.6000  lv0(a=5)           0.8s
   93        99.8       -63.2    0.3858   0.57   0.23    -1.6000  lv0(a=5)           0.9s
   94       155.2       -68.0    0.3860   0.58   0.23    -1.6000  lv0(a=5)           0.9s
   95       161.0       -39.0    0.3862   0.58   0.24    -1.6000  lv0(a=5)           0.9s
   96       177.0       -53.1    0.3864   0.58   0.24    -1.6000  lv0(a=5)           0.8s
   97       181.2       -70.3    0.3866   0.59   0.24    -1.6000  lv0(a=5)           0.7s
   98        79.1       -55.3    0.3869   0.59   0.24    -1.6000  lv0(a=5)           0.9s
   99       151.7       -71.6    0.3871   0.60   0.25    -1.6000  lv0(a=5)           0.9s
  [probe] gen=100 score=-277.8 net=-0.249 fell=1.000
  [plot] Saved fitness curve → experiments/thesis/archive_based/seed_00/fitness_curve.png
  100       157.6       -96.9    0.3874   0.60   0.25    -1.6000  lv0(a=5)           0.8s
  101       109.7      -126.7    0.3875   0.60   0.25    -1.6000  lv0(a=5)           0.6s
  102       137.8       -63.9    0.3878   0.61   0.26    -1.6000  lv0(a=5)           0.9s
  103       124.9       -69.4    0.3881   0.61   0.26    -1.6000  lv0(a=5)           0.9s
  104       323.9       -30.7    0.3883   0.62   0.26    -1.6000  lv0(a=5)           1.0s
  105       201.2       -62.3    0.3886   0.62   0.26    -1.6000  lv0(a=5)           1.0s
  106       157.1       -61.6    0.3888   0.62   0.27    -1.6000  lv0(a=5)           1.0s
  107       215.1        -9.8    0.3891   0.63   0.27    -1.6000  lv0(a=5)           1.0s
  108       136.9       -65.2    0.3894   0.63   0.27    -1.6000  lv0(a=5)           1.1s
  109       121.2       -50.4    0.3896   0.64   0.27    -1.6000  lv0(a=5)           1.0s
  [probe] gen=110 score=-71.7 net=0.457 fell=1.000
  110       161.5       -51.2    0.3900   0.64   0.28    -1.6000  lv0(a=5)           1.0s
  111       128.3       -66.4    0.3902   0.64   0.28    -1.6000  lv0(a=5)           1.1s
  112       518.5       -36.6    0.3904   0.65   0.28    -1.6000  lv0(a=5)           1.0s
  113       153.9       -62.6    0.3906   0.65   0.28    -1.6000  lv0(a=5)           0.9s
  114       295.0       -15.1    0.3908   0.66   0.28    -1.6000  lv0(a=5)           1.4s
  115       193.3       -56.3    0.3910   0.66   0.29    -1.6000  lv0(a=5)           1.0s
  116       156.9       -81.3    0.3912   0.66   0.29    -1.6000  lv0(a=5)           1.1s
  117       153.0       -36.5    0.3914   0.67   0.29    -1.6000  lv0(a=5)           1.2s
  118       274.2       -46.4    0.3915   0.67   0.29    -1.6000  lv0(a=5)           1.3s
  119       172.5       -89.0    0.3917   0.68   0.30    -1.6000  lv0(a=5)           1.0s
  [probe] gen=120 score=-91.2 net=0.468 fell=1.000
  120       174.9       -78.8    0.3918   0.68   0.30    -1.6000  lv0(a=5)           1.2s
  121       287.5       -36.1    0.3919   0.68   0.30    -1.6000  lv0(a=5)           1.0s
  122       161.6       -98.7    0.3920   0.69   0.30    -1.6000  lv0(a=5)           1.1s
  123       174.7       -77.8    0.3921   0.69   0.31    -1.6000  lv0(a=5)           1.3s
  124        87.4       -24.8    0.3921   0.70   0.31    -1.6000  lv0(a=5)           1.3s
  [plot] Saved fitness curve → experiments/thesis/archive_based/seed_00/fitness_curve.png
  125       241.6       -37.8    0.3922   0.70   0.31    -1.6000  lv0(a=5)           1.3s
  126       215.4       -15.0    0.3922   0.70   0.32    -1.6000  lv0(a=5)           1.3s
  127       208.1       -76.3    0.3921   0.71   0.32    -1.6000  lv0(a=5)           1.1s
  128       120.1       -73.6    0.3920   0.71   0.32    -1.6000  lv0(a=5)           1.2s
  129       136.6       -69.5    0.3918   0.72   0.32    -1.6000  lv0(a=5)           1.1s
  [probe] gen=130 score=-282.1 net=-0.685 fell=1.000
  130       274.5       -47.4    0.3917   0.72   0.33    -1.6000  lv0(a=5)           1.2s
  131       226.9        -5.8    0.3916   0.72   0.33    -1.6000  lv0(a=5)           1.2s
  132       212.9       -14.9    0.3914   0.73   0.33    -1.6000  lv0(a=5)           1.1s
  133       160.0       -12.6    0.3909   0.73   0.33    -1.6000  lv0(a=5)           1.1s
  134       212.3       -25.5    0.3904   0.74   0.34    -1.6000  lv0(a=5)           1.3s
  135       197.2       -59.0    0.3900   0.74   0.34    -1.6000  lv0(a=5)           1.2s
  136       110.8       -46.0    0.3897   0.74   0.34    -1.6000  lv0(a=5)           1.3s
  137       169.2       -46.0    0.3894   0.75   0.34    -1.6000  lv0(a=5)           1.2s
  138       133.8       -60.9    0.3892   0.75   0.34    -1.6000  lv0(a=5)           1.0s
  139       127.8       -30.6    0.3891   0.76   0.35    -1.6000  lv0(a=5)           1.1s
  [probe] gen=140 score=-12.1 net=0.923 fell=1.000
  140       293.9       -48.2    0.3890   0.76   0.35    -1.6000  lv0(a=5)           1.2s
  141       137.0       -83.0    0.3889   0.76   0.35    -1.6000  lv0(a=5)           1.0s
  [stage] gen=142  gravity -1.60 → -3.00  ES restarted  remaining=357
  142       157.4       -89.8    0.5000   0.77   0.35    -1.6000  lv0(a=5)           1.0s
  143       176.3      -249.8    0.4903   0.77   0.36    -3.0000  lv1(a=0)           0.7s
  144       124.8      -194.3    0.4821   0.78   0.36    -3.0000  lv1(a=1)           0.8s
  145        80.9      -192.9    0.4748   0.78   0.36    -3.0000  lv1(a=2)           0.7s
  146        79.8      -150.2    0.4682   0.78   0.36    -3.0000  lv1(a=3)           0.8s
  147       150.1      -134.8    0.4623   0.79   0.37    -3.0000  lv1(a=4)           0.8s
  148        98.3      -121.1    0.4567   0.79   0.37    -3.0000  lv1(a=5)           0.9s
  149       150.2      -118.3    0.4515   0.80   0.37    -3.0000  lv1(a=5)           0.8s
  [probe] gen=150 score=-9.2 net=0.910 fell=1.000
  [plot] Saved fitness curve → experiments/thesis/archive_based/seed_00/fitness_curve.png
  150       150.9       -70.5    0.4466   0.80   0.38    -3.0000  lv1(a=5)           0.8s
  151       141.9       -54.0    0.4421   0.80   0.38    -3.0000  lv1(a=5)           1.0s
  152       158.2      -117.5    0.4381   0.81   0.38    -3.0000  lv1(a=5)           1.1s
  153       200.5       -58.7    0.4343   0.81   0.38    -3.0000  lv1(a=5)           0.8s
  154       129.3       -77.7    0.4309   0.82   0.39    -3.0000  lv1(a=5)           1.0s
  155       107.6       -33.7    0.4277   0.82   0.39    -3.0000  lv1(a=5)           1.1s
  156       179.6       -37.8    0.4248   0.82   0.39    -3.0000  lv1(a=5)           1.1s
  157       262.3       -34.1    0.4220   0.83   0.39    -3.0000  lv1(a=5)           0.9s
  158       166.9       -39.1    0.4193   0.83   0.40    -3.0000  lv1(a=5)           1.0s
  159       337.8       -44.6    0.4170   0.84   0.40    -3.0000  lv1(a=5)           1.1s
  [probe] gen=160 score=-38.0 net=0.792 fell=1.000
  160       140.4       -13.7    0.4148   0.84   0.40    -3.0000  lv1(a=5)           1.3s
  161       161.6       -26.6    0.4127   0.84   0.40    -3.0000  lv1(a=5)           1.1s
  162       243.4       -34.3    0.4106   0.85   0.41    -3.0000  lv1(a=5)           1.4s
  163       191.9        19.9    0.4087   0.85   0.41    -3.0000  lv1(a=5)           1.2s
  164       232.8        53.5    0.4069   0.86   0.41    -3.0000  lv1(a=5)           1.3s
  165       182.7        30.4    0.4051   0.86   0.41    -3.0000  lv1(a=5)           1.4s
  166       238.6        95.2    0.4034   0.86   0.41    -3.0000  lv1(a=5)           1.5s
  167       296.1        78.1    0.4018   0.87   0.42    -3.0000  lv1(a=5)           2.1s
  168       309.5        59.8    0.4003   0.87   0.42    -3.0000  lv1(a=5)           2.1s
  169       380.5        73.4    0.3987   0.88   0.42    -3.0000  lv1(a=5)           2.2s
  [probe] gen=170 score=99.5 net=1.043 fell=1.000 [new best earth]
  170       260.3        97.8    0.3973   0.88   0.42    -3.0000  lv1(a=5)           2.1s
  171       365.7       113.0    0.3959   0.88   0.43    -3.0000  lv1(a=5)           2.1s
  172       337.0        80.4    0.3945   0.89   0.43    -3.0000  lv1(a=5)           2.0s
  [stage] gen=173  gravity -3.00 → -5.00  ES restarted  remaining=326
  173       301.9        88.3    0.5000   0.89   0.43    -3.0000  lv1(a=5)           2.2s
  174       141.1      -112.5    0.4904   0.90   0.43    -5.0000  lv2(a=0)           1.1s
  [plot] Saved fitness curve → experiments/thesis/archive_based/seed_00/fitness_curve.png
  175       222.3       -73.1    0.4820   0.90   0.44    -5.0000  lv2(a=1)           0.9s
  176       268.9        26.4    0.4743   0.90   0.44    -5.0000  lv2(a=2)           1.2s
  177       402.3        42.3    0.4673   0.91   0.44    -5.0000  lv2(a=3)           1.4s
  178       259.7        44.7    0.4610   0.91   0.45    -5.0000  lv2(a=4)           1.6s
  179       262.2        74.2    0.4552   0.92   0.45    -5.0000  lv2(a=5)           1.4s
  [probe] gen=180 score=227.0 net=0.858 fell=0.600 [new best earth]
  180       324.8        38.3    0.4498   0.92   0.45    -5.0000  lv2(a=5)           1.7s
  181       260.8       -11.5    0.4448   0.92   0.45    -5.0000  lv2(a=5)           1.6s
  182       327.4        56.0    0.4405   0.93   0.46    -5.0000  lv2(a=5)           1.6s
  183       314.7        14.2    0.4363   0.93   0.46    -5.0000  lv2(a=5)           2.0s
  184       304.6       109.0    0.4326   0.94   0.46    -5.0000  lv2(a=5)           2.3s
  185       329.1        81.1    0.4291   0.94   0.46    -5.0000  lv2(a=5)           1.9s
  186       353.4        90.8    0.4260   0.94   0.47    -5.0000  lv2(a=5)           2.4s
  187       320.6        56.0    0.4231   0.95   0.47    -5.0000  lv2(a=5)           2.3s
  188       392.3        47.6    0.4203   0.95   0.47    -5.0000  lv2(a=5)           2.2s
  189       383.0       111.7    0.4178   0.96   0.47    -5.0000  lv2(a=5)           2.3s
  [probe] gen=190 score=-27.5 net=-0.171 fell=1.000
  190       349.6       123.6    0.4154   0.96   0.47    -5.0000  lv2(a=5)           2.4s
  191       359.7        75.9    0.4132   0.96   0.48    -5.0000  lv2(a=5)           2.2s
  192       316.3       108.8    0.4110   0.97   0.48    -5.0000  lv2(a=5)           2.1s
  193       362.0       129.3    0.4090   0.97   0.48    -5.0000  lv2(a=5)           2.3s
  194       421.4       113.7    0.4072   0.98   0.48    -5.0000  lv2(a=5)           2.6s
  195       437.2       123.7    0.4055   0.98   0.49    -5.0000  lv2(a=5)           2.3s
  196       371.6       169.9    0.4039   0.98   0.49    -5.0000  lv2(a=5)           2.4s
  197       285.3       112.5    0.4023   0.99   0.49    -5.0000  lv2(a=5)           2.1s
  198       416.1        73.4    0.4009   0.99   0.49    -5.0000  lv2(a=5)           2.8s
  199       294.8        92.1    0.3994   1.00   0.50    -5.0000  lv2(a=5)           2.5s
  [probe] gen=200 score=160.0 net=0.511 fell=0.400
  [plot] Saved fitness curve → experiments/thesis/archive_based/seed_00/fitness_curve.png
  200       348.8        75.0    0.3981   1.00   0.50    -5.0000  lv2(a=5)           2.5s
  201       381.1       144.2    0.3969   1.00   0.50    -5.0000  lv2(a=5)           2.4s
  202       389.6       100.2    0.3957   1.00   0.50    -5.0000  lv2(a=5)           2.3s
  203       385.1       108.7    0.3946   1.00   0.50    -5.0000  lv2(a=5)           3.0s
  [stage] gen=204  gravity -5.00 → -7.00  ES restarted  remaining=295
  204       391.9       155.5    0.5000   1.00   0.50    -5.0000  lv2(a=5)           3.2s
  205       257.9        44.7    0.4904   1.00   0.50    -7.0000  lv3(a=0)           2.9s
  206       263.3       107.9    0.4821   1.00   0.50    -7.0000  lv3(a=1)           2.4s
  207       339.2       118.3    0.4747   1.00   0.50    -7.0000  lv3(a=2)           2.3s
  208       289.1       133.0    0.4681   1.00   0.50    -7.0000  lv3(a=3)           2.5s
  209       273.5        89.7    0.4621   1.00   0.50    -7.0000  lv3(a=4)           2.5s
  [probe] gen=210 score=327.4 net=1.317 fell=1.000 [new best earth]
  210       353.3       102.4    0.4565   1.00   0.50    -7.0000  lv3(a=5)           2.9s
  211       350.5       107.8    0.4514   1.00   0.50    -7.0000  lv3(a=5)           2.7s
  212       326.3       129.2    0.4469   1.00   0.50    -7.0000  lv3(a=5)           2.5s
  213       341.8       138.5    0.4426   1.00   0.50    -7.0000  lv3(a=5)           2.9s
  214       344.9       140.8    0.4386   1.00   0.50    -7.0000  lv3(a=5)           2.7s
  215       301.3       175.5    0.4350   1.00   0.50    -7.0000  lv3(a=5)           2.7s
  216       342.7       122.2    0.4316   1.00   0.50    -7.0000  lv3(a=5)           2.7s
  217       348.1       172.6    0.4285   1.00   0.50    -7.0000  lv3(a=5)           2.8s
  218       365.0       150.2    0.4258   1.00   0.50    -7.0000  lv3(a=5)           2.8s
  219       383.4       141.8    0.4232   1.00   0.50    -7.0000  lv3(a=5)           2.6s
  [probe] gen=220 score=277.2 net=1.127 fell=0.900
  220       419.8       187.6    0.4207   1.00   0.50    -7.0000  lv3(a=5)           3.0s
  221       376.2       161.4    0.4186   1.00   0.50    -7.0000  lv3(a=5)           3.1s
  222       384.3       153.3    0.4165   1.00   0.50    -7.0000  lv3(a=5)           3.1s
  223       443.9       158.5    0.4148   1.00   0.50    -7.0000  lv3(a=5)           3.1s
  224       346.7       153.0    0.4132   1.00   0.50    -7.0000  lv3(a=5)           2.5s
  [plot] Saved fitness curve → experiments/thesis/archive_based/seed_00/fitness_curve.png
  225       400.3       135.3    0.4115   1.00   0.50    -7.0000  lv3(a=5)           2.9s
  226       372.6       154.2    0.4100   1.00   0.50    -7.0000  lv3(a=5)           2.6s
  227       384.5       119.3    0.4084   1.00   0.50    -7.0000  lv3(a=5)           2.9s
  228       465.9       177.3    0.4068   1.00   0.50    -7.0000  lv3(a=5)           2.8s
  229       437.2       181.8    0.4052   1.00   0.50    -7.0000  lv3(a=5)           3.0s
  [probe] gen=230 score=336.0 net=1.296 fell=1.000 [new best earth]
  230       342.3       133.4    0.4039   1.00   0.50    -7.0000  lv3(a=5)           2.4s
  231       378.4       201.8    0.4026   1.00   0.50    -7.0000  lv3(a=5)           2.5s
  232       366.1       186.6    0.4012   1.00   0.50    -7.0000  lv3(a=5)           2.7s
  233       373.0       199.5    0.3997   1.00   0.50    -7.0000  lv3(a=5)           2.8s
  234       378.6       196.3    0.3984   1.00   0.50    -7.0000  lv3(a=5)           2.9s
  [stage] gen=235  gravity -7.00 → -9.81  ES restarted  remaining=264
  235       382.2       206.5    0.5000   1.00   0.50    -7.0000  lv3(a=5)           2.8s
  236       305.5        63.2    0.4906   1.00   0.50    -9.8100  lv4(a=0)           2.3s
  237       296.0        51.7    0.4822   1.00   0.50    -9.8100  lv4(a=1)           2.4s
  238       398.8        83.7    0.4749   1.00   0.50    -9.8100  lv4(a=2)           2.3s
  239       278.8       117.2    0.4682   1.00   0.50    -9.8100  lv4(a=3)           2.3s
  [probe] gen=240 score=227.6 net=1.144 fell=1.000
  240       271.9        61.8    0.4624   1.00   0.50    -9.8100  lv4(a=4)           1.9s
  241       270.2       117.6    0.4570   1.00   0.50    -9.8100  lv4(a=5)           2.0s
  242       308.2       150.8    0.4520   1.00   0.50    -9.8100  lv4(a=5)           2.1s
  243       315.5       129.4    0.4472   1.00   0.50    -9.8100  lv4(a=5)           2.5s
  244       341.9       130.5    0.4429   1.00   0.50    -9.8100  lv4(a=5)           2.7s
  245       347.7       143.0    0.4390   1.00   0.50    -9.8100  lv4(a=5)           2.9s
  246       341.0       149.6    0.4352   1.00   0.50    -9.8100  lv4(a=5)           2.7s
  247       413.6       173.9    0.4318   1.00   0.50    -9.8100  lv4(a=5)           2.8s
  248       348.0       162.8    0.4286   1.00   0.50    -9.8100  lv4(a=5)           2.8s
  249       393.5       193.3    0.4257   1.00   0.50    -9.8100  lv4(a=5)           2.4s
  [probe] gen=250 score=400.5 net=1.465 fell=0.700 [new best earth]
  [plot] Saved fitness curve → experiments/thesis/archive_based/seed_00/fitness_curve.png
  250       396.5       203.8    0.4232   1.00   0.50    -9.8100  lv4(a=5)           3.3s
  251       386.7       184.9    0.4208   1.00   0.50    -9.8100  lv4(a=5)           2.9s
  252       353.9       170.8    0.4184   1.00   0.50    -9.8100  lv4(a=5)           2.9s
  253       372.0       213.2    0.4162   1.00   0.50    -9.8100  lv4(a=5)           2.8s
  254       389.0       198.2    0.4142   1.00   0.50    -9.8100  lv4(a=5)           2.8s
  255       419.2       163.6    0.4121   1.00   0.50    -9.8100  lv4(a=5)           3.0s
  256       384.0       201.0    0.4102   1.00   0.50    -9.8100  lv4(a=5)           3.2s
  257       413.2       195.6    0.4086   1.00   0.50    -9.8100  lv4(a=5)           3.1s
  258       380.0       223.1    0.4069   1.00   0.50    -9.8100  lv4(a=5)           2.8s
  259       383.6       220.9    0.4054   1.00   0.50    -9.8100  lv4(a=5)           2.8s
  [probe] gen=260 score=284.5 net=1.150 fell=0.900
  260       476.4       219.9    0.4038   1.00   0.50    -9.8100  lv4(a=5)           3.2s
  261       392.6       204.6    0.4022   1.00   0.50    -9.8100  lv4(a=5)           3.2s
  262       346.2       179.6    0.4007   1.00   0.50    -9.8100  lv4(a=5)           3.0s
  263       401.9       190.8    0.3993   1.00   0.50    -9.8100  lv4(a=5)           3.0s
  264       402.6       194.9    0.3980   1.00   0.50    -9.8100  lv4(a=5)           3.3s
  265       373.5       190.6    0.3967   1.00   0.50    -9.8100  lv4(a=5)           3.2s
  266       354.6       227.3    0.3956   1.00   0.50    -9.8100  lv4(a=5)           2.9s
  267       395.8       242.9    0.3945   1.00   0.50    -9.8100  lv4(a=5)           2.8s
  268       372.8       203.4    0.3935   1.00   0.50    -9.8100  lv4(a=5)           3.0s
  269       419.3       180.7    0.3926   1.00   0.50    -9.8100  lv4(a=5)           3.3s
  [probe] gen=270 score=422.3 net=1.608 fell=0.900 [new best earth]
  270       425.5       241.8    0.3918   1.00   0.50    -9.8100  lv4(a=5)           3.2s
  271       390.5       226.2    0.3910   1.00   0.50    -9.8100  lv4(a=5)           3.1s
  272       378.2       172.3    0.3902   1.00   0.50    -9.8100  lv4(a=5)           3.3s
  273       351.7       191.6    0.3895   1.00   0.50    -9.8100  lv4(a=5)           3.2s
  274       397.9       228.3    0.3889   1.00   0.50    -9.8100  lv4(a=5)           3.0s
  [plot] Saved fitness curve → experiments/thesis/archive_based/seed_00/fitness_curve.png
  275       388.6       194.3    0.3883   1.00   0.50    -9.8100  lv4(a=5)           2.6s
  276       381.7       206.8    0.3875   1.00   0.50    -9.8100  lv4(a=5)           2.9s
  277       383.8       215.9    0.3868   1.00   0.50    -9.8100  lv4(a=5)           3.3s
  278       388.2       245.7    0.3863   1.00   0.50    -9.8100  lv4(a=5)           3.1s
  279       447.5       214.8    0.3859   1.00   0.50    -9.8100  lv4(a=5)           3.0s
  [probe] gen=280 score=358.7 net=1.398 fell=0.900
  280       428.0       228.1    0.3854   1.00   0.50    -9.8100  lv4(a=5)           3.2s
  281       404.9       210.5    0.3848   1.00   0.50    -9.8100  lv4(a=5)           3.1s
  282       356.6       195.1    0.3842   1.00   0.50    -9.8100  lv4(a=5)           3.0s
  283       419.3       220.1    0.3835   1.00   0.50    -9.8100  lv4(a=5)           3.3s
  284       403.6       197.0    0.3828   1.00   0.50    -9.8100  lv4(a=5)           3.2s
  285       405.1       244.3    0.3823   1.00   0.50    -9.8100  lv4(a=5)           2.8s
  286       408.2       219.6    0.3819   1.00   0.50    -9.8100  lv4(a=5)           2.9s
  287       438.4       256.2    0.3815   1.00   0.50    -9.8100  lv4(a=5)           3.4s
  288       411.3       242.7    0.3813   1.00   0.50    -9.8100  lv4(a=5)           3.4s
  289       480.1       250.6    0.3810   1.00   0.50    -9.8100  lv4(a=5)           3.3s
  [probe] gen=290 score=340.8 net=1.156 fell=0.800
  290       451.1       216.1    0.3808   1.00   0.50    -9.8100  lv4(a=5)           3.5s
  291       465.1       221.9    0.3804   1.00   0.50    -9.8100  lv4(a=5)           3.1s
  292       510.3       275.1    0.3801   1.00   0.50    -9.8100  lv4(a=5)           2.8s
  293       484.4       227.5    0.3797   1.00   0.50    -9.8100  lv4(a=5)           2.7s
  294       490.5       229.1    0.3793   1.00   0.50    -9.8100  lv4(a=5)           3.2s
  295       473.6       248.9    0.3788   1.00   0.50    -9.8100  lv4(a=5)           3.3s
  296       522.0       227.0    0.3784   1.00   0.50    -9.8100  lv4(a=5)           3.1s
  297       402.5       193.9    0.3780   1.00   0.50    -9.8100  lv4(a=5)           2.8s
  298       450.4       236.8    0.3776   1.00   0.50    -9.8100  lv4(a=5)           3.2s
  299       566.3       256.0    0.3772   1.00   0.50    -9.8100  lv4(a=5)           3.2s
  [probe] gen=300 score=330.4 net=1.281 fell=0.800
  [plot] Saved fitness curve → experiments/thesis/archive_based/seed_00/fitness_curve.png
  300       504.9       176.6    0.3768   1.00   0.50    -9.8100  lv4(a=5)           2.9s
  301       513.1       261.0    0.3765   1.00   0.50    -9.8100  lv4(a=5)           3.1s
  302       476.0       259.0    0.3764   1.00   0.50    -9.8100  lv4(a=5)           3.2s
  303       542.6       267.4    0.3762   1.00   0.50    -9.8100  lv4(a=5)           3.1s
  304       430.1       237.1    0.3760   1.00   0.50    -9.8100  lv4(a=5)           2.9s
  305       461.6       247.6    0.3760   1.00   0.50    -9.8100  lv4(a=5)           3.4s
  306       501.8       240.3    0.3760   1.00   0.50    -9.8100  lv4(a=5)           3.5s
  307       538.0       255.5    0.3760   1.00   0.50    -9.8100  lv4(a=5)           2.9s
  308       477.1       200.8    0.3761   1.00   0.50    -9.8100  lv4(a=5)           2.9s
  309       521.4       229.1    0.3762   1.00   0.50    -9.8100  lv4(a=5)           2.9s
  [probe] gen=310 score=442.2 net=1.503 fell=0.600 [new best earth]
  310       497.2       277.0    0.3763   1.00   0.50    -9.8100  lv4(a=5)           3.0s
  311       562.1       257.3    0.3763   1.00   0.50    -9.8100  lv4(a=5)           2.7s
  312       555.3       269.8    0.3763   1.00   0.50    -9.8100  lv4(a=5)           3.1s
  313       494.9       286.5    0.3762   1.00   0.50    -9.8100  lv4(a=5)           2.7s
  314       558.8       282.7    0.3760   1.00   0.50    -9.8100  lv4(a=5)           2.7s
  315       483.6       262.6    0.3758   1.00   0.50    -9.8100  lv4(a=5)           2.9s
  316       654.3       308.6    0.3758   1.00   0.50    -9.8100  lv4(a=5)           3.4s
  317       544.4       297.3    0.3758   1.00   0.50    -9.8100  lv4(a=5)           2.9s
  318       504.7       214.6    0.3759   1.00   0.50    -9.8100  lv4(a=5)           2.9s
  319       492.1       300.7    0.3759   1.00   0.50    -9.8100  lv4(a=5)           2.7s
  [probe] gen=320 score=513.3 net=2.038 fell=0.800 [new best earth]
  320       529.2       269.5    0.3759   1.00   0.50    -9.8100  lv4(a=5)           2.5s
  321       546.8       269.9    0.3760   1.00   0.50    -9.8100  lv4(a=5)           2.4s
  322       557.9       237.5    0.3759   1.00   0.50    -9.8100  lv4(a=5)           2.8s
  323       482.4       281.1    0.3758   1.00   0.50    -9.8100  lv4(a=5)           3.0s
  324       592.1       286.8    0.3756   1.00   0.50    -9.8100  lv4(a=5)           3.1s
  [plot] Saved fitness curve → experiments/thesis/archive_based/seed_00/fitness_curve.png
  325       536.1       290.4    0.3755   1.00   0.50    -9.8100  lv4(a=5)           2.9s
  326       577.8       289.0    0.3753   1.00   0.50    -9.8100  lv4(a=5)           2.6s
  327       529.3       287.4    0.3751   1.00   0.50    -9.8100  lv4(a=5)           2.5s
  328       565.8       253.8    0.3748   1.00   0.50    -9.8100  lv4(a=5)           2.5s
  329       570.0       264.0    0.3745   1.00   0.50    -9.8100  lv4(a=5)           2.4s
  [probe] gen=330 score=551.8 net=2.249 fell=1.000 [new best earth]
  330       556.9       311.3    0.3742   1.00   0.50    -9.8100  lv4(a=5)           2.7s
  331       615.0       292.4    0.3740   1.00   0.50    -9.8100  lv4(a=5)           2.0s
  332       546.5       290.5    0.3738   1.00   0.50    -9.8100  lv4(a=5)           2.1s
  333       520.2       265.0    0.3737   1.00   0.50    -9.8100  lv4(a=5)           2.5s
  334       566.9       252.8    0.3735   1.00   0.50    -9.8100  lv4(a=5)           2.6s
  335       523.6       299.4    0.3734   1.00   0.50    -9.8100  lv4(a=5)           3.0s
  336       550.9       345.2    0.3734   1.00   0.50    -9.8100  lv4(a=5)           3.0s
  337       634.4       334.7    0.3734   1.00   0.50    -9.8100  lv4(a=5)           2.9s
  338       599.8       271.7    0.3733   1.00   0.50    -9.8100  lv4(a=5)           3.0s
  339       566.8       311.5    0.3733   1.00   0.50    -9.8100  lv4(a=5)           2.8s
  [probe] gen=340 score=534.4 net=1.953 fell=0.400
  340       566.9       323.3    0.3734   1.00   0.50    -9.8100  lv4(a=5)           2.9s
  341       587.7       283.2    0.3733   1.00   0.50    -9.8100  lv4(a=5)           2.9s
  342       656.0       338.9    0.3734   1.00   0.50    -9.8100  lv4(a=5)           2.8s
  343       588.9       315.0    0.3735   1.00   0.50    -9.8100  lv4(a=5)           2.9s
  344       596.3       359.1    0.3736   1.00   0.50    -9.8100  lv4(a=5)           3.0s
  345       565.6       312.4    0.3736   1.00   0.50    -9.8100  lv4(a=5)           3.2s
  346       663.0       341.2    0.3735   1.00   0.50    -9.8100  lv4(a=5)           2.7s
  347       590.1       353.0    0.3736   1.00   0.50    -9.8100  lv4(a=5)           2.7s
  348       643.7       339.4    0.3736   1.00   0.50    -9.8100  lv4(a=5)           2.8s
  349       570.3       285.6    0.3737   1.00   0.50    -9.8100  lv4(a=5)           2.7s
  [probe] gen=350 score=466.6 net=1.647 fell=0.500
  [plot] Saved fitness curve → experiments/thesis/archive_based/seed_00/fitness_curve.png
  350       608.6       364.5    0.3737   1.00   0.50    -9.8100  lv4(a=5)           2.9s
  351       607.2       328.6    0.3738   1.00   0.50    -9.8100  lv4(a=5)           2.6s
  352       570.2       306.3    0.3737   1.00   0.50    -9.8100  lv4(a=5)           2.6s
  353       617.2       331.2    0.3736   1.00   0.50    -9.8100  lv4(a=5)           3.0s
  354       593.2       358.1    0.3735   1.00   0.50    -9.8100  lv4(a=5)           3.0s
  355       568.9       309.3    0.3733   1.00   0.50    -9.8100  lv4(a=5)           2.7s
  356       664.2       254.5    0.3731   1.00   0.50    -9.8100  lv4(a=5)           2.6s
  357       637.6       347.2    0.3728   1.00   0.50    -9.8100  lv4(a=5)           3.0s
  358       592.1       356.2    0.3726   1.00   0.50    -9.8100  lv4(a=5)           2.9s
  359       620.5       351.1    0.3723   1.00   0.50    -9.8100  lv4(a=5)           2.9s
  [probe] gen=360 score=508.4 net=2.348 fell=1.000
  360       570.7       356.7    0.3721   1.00   0.50    -9.8100  lv4(a=5)           2.9s
  361       641.2       352.8    0.3719   1.00   0.50    -9.8100  lv4(a=5)           2.7s
  362       590.5       328.1    0.3717   1.00   0.50    -9.8100  lv4(a=5)           2.5s
  363       560.1       327.5    0.3717   1.00   0.50    -9.8100  lv4(a=5)           2.9s
  364       704.0       304.1    0.3717   1.00   0.50    -9.8100  lv4(a=5)           2.8s
  365       630.3       286.1    0.3714   1.00   0.50    -9.8100  lv4(a=5)           2.6s
  366       705.6       378.1    0.3710   1.00   0.50    -9.8100  lv4(a=5)           2.6s
  367       599.0       357.7    0.3706   1.00   0.50    -9.8100  lv4(a=5)           2.6s
  368       578.6       279.8    0.3701   1.00   0.50    -9.8100  lv4(a=5)           2.5s
  369       607.7       305.7    0.3696   1.00   0.50    -9.8100  lv4(a=5)           2.4s
  [probe] gen=370 score=541.2 net=2.573 fell=1.000
  370       679.9       344.3    0.3689   1.00   0.50    -9.8100  lv4(a=5)           2.8s
  371       616.6       407.3    0.3684   1.00   0.50    -9.8100  lv4(a=5)           2.7s
  372       585.5       364.5    0.3678   1.00   0.50    -9.8100  lv4(a=5)           2.6s
  373       603.0       340.5    0.3673   1.00   0.50    -9.8100  lv4(a=5)           2.5s
  374       579.1       373.6    0.3668   1.00   0.50    -9.8100  lv4(a=5)           2.6s
  [plot] Saved fitness curve → experiments/thesis/archive_based/seed_00/fitness_curve.png
  375       567.6       364.7    0.3665   1.00   0.50    -9.8100  lv4(a=5)           3.1s
  376       568.2       359.2    0.3661   1.00   0.50    -9.8100  lv4(a=5)           3.1s
  377       617.3       385.3    0.3655   1.00   0.50    -9.8100  lv4(a=5)           3.0s
  378       610.4       394.1    0.3650   1.00   0.50    -9.8100  lv4(a=5)           2.9s
  379       598.3       380.1    0.3645   1.00   0.50    -9.8100  lv4(a=5)           2.9s
  [probe] gen=380 score=500.4 net=1.814 fell=0.400
  380       612.4       356.5    0.3639   1.00   0.50    -9.8100  lv4(a=5)           2.9s
  381       621.2       360.1    0.3635   1.00   0.50    -9.8100  lv4(a=5)           2.8s
  382       612.0       350.5    0.3631   1.00   0.50    -9.8100  lv4(a=5)           2.8s
  383       567.6       351.0    0.3629   1.00   0.50    -9.8100  lv4(a=5)           2.8s
  384       581.4       379.9    0.3626   1.00   0.50    -9.8100  lv4(a=5)           2.9s
  385       582.8       313.5    0.3624   1.00   0.50    -9.8100  lv4(a=5)           2.7s
  386       603.7       342.7    0.3622   1.00   0.50    -9.8100  lv4(a=5)           2.8s
  387       656.7       363.1    0.3619   1.00   0.50    -9.8100  lv4(a=5)           3.1s
  388       565.0       334.5    0.3617   1.00   0.50    -9.8100  lv4(a=5)           3.0s
  389       641.1       340.8    0.3615   1.00   0.50    -9.8100  lv4(a=5)           3.0s
  [probe] gen=390 score=473.6 net=1.645 fell=0.100
  390       612.4       369.0    0.3614   1.00   0.50    -9.8100  lv4(a=5)           2.9s
  391       698.3       319.6    0.3613   1.00   0.50    -9.8100  lv4(a=5)           2.7s
  392       576.1       398.5    0.3610   1.00   0.50    -9.8100  lv4(a=5)           2.8s
  393       688.1       422.1    0.3608   1.00   0.50    -9.8100  lv4(a=5)           3.0s
  394       660.2       375.6    0.3607   1.00   0.50    -9.8100  lv4(a=5)           2.9s
  395       642.6       313.5    0.3604   1.00   0.50    -9.8100  lv4(a=5)           2.8s
  396       656.8       367.4    0.3602   1.00   0.50    -9.8100  lv4(a=5)           2.7s
  397       696.5       347.8    0.3599   1.00   0.50    -9.8100  lv4(a=5)           2.9s
  398       595.7       377.0    0.3594   1.00   0.50    -9.8100  lv4(a=5)           2.7s
  399       587.2       345.6    0.3591   1.00   0.50    -9.8100  lv4(a=5)           2.8s
  [probe] gen=400 score=384.9 net=1.379 fell=0.100
  [plot] Saved fitness curve → experiments/thesis/archive_based/seed_00/fitness_curve.png
  400       678.2       411.0    0.3586   1.00   0.50    -9.8100  lv4(a=5)           3.3s
  401       640.2       403.2    0.3582   1.00   0.50    -9.8100  lv4(a=5)           3.1s
  402       643.0       387.7    0.3577   1.00   0.50    -9.8100  lv4(a=5)           2.7s
  403       603.4       346.2    0.3573   1.00   0.50    -9.8100  lv4(a=5)           2.8s
  404       673.6       410.8    0.3568   1.00   0.50    -9.8100  lv4(a=5)           3.0s
  405       687.8       332.4    0.3562   1.00   0.50    -9.8100  lv4(a=5)           2.8s
  406       657.2       399.4    0.3555   1.00   0.50    -9.8100  lv4(a=5)           3.1s
  407       654.6       337.8    0.3548   1.00   0.50    -9.8100  lv4(a=5)           2.8s
  408       658.1       361.2    0.3543   1.00   0.50    -9.8100  lv4(a=5)           3.1s
  409       636.9       299.0    0.3538   1.00   0.50    -9.8100  lv4(a=5)           2.7s
  [probe] gen=410 score=549.1 net=2.596 fell=0.800
  410       639.9       305.9    0.3533   1.00   0.50    -9.8100  lv4(a=5)           2.7s
  411       653.2       254.3    0.3527   1.00   0.50    -9.8100  lv4(a=5)           2.4s
  412       643.1       369.7    0.3520   1.00   0.50    -9.8100  lv4(a=5)           2.7s
  413       644.8       362.1    0.3512   1.00   0.50    -9.8100  lv4(a=5)           2.7s
  414       622.6       270.1    0.3504   1.00   0.50    -9.8100  lv4(a=5)           2.3s
  415       617.2       393.2    0.3497   1.00   0.50    -9.8100  lv4(a=5)           2.9s
  416       682.8       300.9    0.3490   1.00   0.50    -9.8100  lv4(a=5)           2.4s
  417       654.4       402.1    0.3482   1.00   0.50    -9.8100  lv4(a=5)           3.1s
  418       621.2       331.7    0.3475   1.00   0.50    -9.8100  lv4(a=5)           2.6s
  419       619.6       356.0    0.3469   1.00   0.50    -9.8100  lv4(a=5)           2.9s
  [probe] gen=420 score=328.6 net=1.470 fell=0.400
  420       625.9       347.2    0.3464   1.00   0.50    -9.8100  lv4(a=5)           2.8s
  421       603.4       284.0    0.3460   1.00   0.50    -9.8100  lv4(a=5)           2.2s
  422       662.0       304.8    0.3456   1.00   0.50    -9.8100  lv4(a=5)           2.3s
  423       694.7       403.2    0.3452   1.00   0.50    -9.8100  lv4(a=5)           3.0s
  424       662.2       277.1    0.3448   1.00   0.50    -9.8100  lv4(a=5)           2.6s
  [plot] Saved fitness curve → experiments/thesis/archive_based/seed_00/fitness_curve.png
  425       668.8       379.4    0.3443   1.00   0.50    -9.8100  lv4(a=5)           2.8s
  426       685.9       313.0    0.3439   1.00   0.50    -9.8100  lv4(a=5)           2.6s
  427       636.8       423.5    0.3434   1.00   0.50    -9.8100  lv4(a=5)           2.9s
  428       682.6       343.9    0.3430   1.00   0.50    -9.8100  lv4(a=5)           2.5s
  429       636.9       379.1    0.3426   1.00   0.50    -9.8100  lv4(a=5)           2.7s
  [probe] gen=430 score=230.9 net=1.284 fell=0.900
  430       624.1       297.9    0.3422   1.00   0.50    -9.8100  lv4(a=5)           2.5s
  431       684.8       338.8    0.3417   1.00   0.50    -9.8100  lv4(a=5)           2.4s
  432       659.2       400.3    0.3411   1.00   0.50    -9.8100  lv4(a=5)           3.0s
  433       637.0       374.7    0.3405   1.00   0.50    -9.8100  lv4(a=5)           2.7s
  434       662.7       331.2    0.3400   1.00   0.50    -9.8100  lv4(a=5)           2.4s
  435       665.4       440.5    0.3397   1.00   0.50    -9.8100  lv4(a=5)           3.0s
  436       642.6       387.1    0.3393   1.00   0.50    -9.8100  lv4(a=5)           3.0s
  437       694.8       392.9    0.3389   1.00   0.50    -9.8100  lv4(a=5)           2.4s
  438       637.0       440.2    0.3385   1.00   0.50    -9.8100  lv4(a=5)           2.5s
  439       689.3       431.9    0.3382   1.00   0.50    -9.8100  lv4(a=5)           2.9s
  [probe] gen=440 score=518.7 net=2.565 fell=1.000
  440       661.7       452.9    0.3379   1.00   0.50    -9.8100  lv4(a=5)           2.6s
  441       704.3       356.7    0.3376   1.00   0.50    -9.8100  lv4(a=5)           2.5s
  442       655.6       337.8    0.3374   1.00   0.50    -9.8100  lv4(a=5)           2.6s
  443       666.6       312.5    0.3371   1.00   0.50    -9.8100  lv4(a=5)           2.6s
  444       674.3       442.3    0.3368   1.00   0.50    -9.8100  lv4(a=5)           3.0s
  445       709.2       375.2    0.3365   1.00   0.50    -9.8100  lv4(a=5)           2.6s
  446       663.1       380.5    0.3362   1.00   0.50    -9.8100  lv4(a=5)           2.7s
  447       644.9       403.5    0.3359   1.00   0.50    -9.8100  lv4(a=5)           3.1s
  448       665.6       454.2    0.3356   1.00   0.50    -9.8100  lv4(a=5)           2.9s
  449       676.8       357.1    0.3352   1.00   0.50    -9.8100  lv4(a=5)           2.7s
  [probe] gen=450 score=577.7 net=2.442 fell=1.000 [new best earth]
  [plot] Saved fitness curve → experiments/thesis/archive_based/seed_00/fitness_curve.png
  450       671.5       385.7    0.3346   1.00   0.50    -9.8100  lv4(a=5)           3.1s
  451       636.0       265.2    0.3339   1.00   0.50    -9.8100  lv4(a=5)           2.2s
  452       669.5       421.1    0.3335   1.00   0.50    -9.8100  lv4(a=5)           3.0s
  453       625.3       471.6    0.3330   1.00   0.50    -9.8100  lv4(a=5)           3.0s
  454       660.5       423.5    0.3325   1.00   0.50    -9.8100  lv4(a=5)           3.3s
  455       688.1       448.9    0.3320   1.00   0.50    -9.8100  lv4(a=5)           3.0s
  456       645.3       452.2    0.3315   1.00   0.50    -9.8100  lv4(a=5)           2.7s
  457       686.6       404.0    0.3308   1.00   0.50    -9.8100  lv4(a=5)           2.8s
  458       667.9       404.3    0.3301   1.00   0.50    -9.8100  lv4(a=5)           2.8s
  459       680.7       440.2    0.3294   1.00   0.50    -9.8100  lv4(a=5)           2.9s
  [probe] gen=460 score=592.0 net=2.769 fell=1.000 [new best earth]
  460       624.6       418.9    0.3289   1.00   0.50    -9.8100  lv4(a=5)           2.7s
  461       651.8       430.1    0.3285   1.00   0.50    -9.8100  lv4(a=5)           2.7s
  462       656.0       431.3    0.3281   1.00   0.50    -9.8100  lv4(a=5)           2.8s
  463       671.5       359.0    0.3278   1.00   0.50    -9.8100  lv4(a=5)           2.6s
  464       652.4       393.7    0.3276   1.00   0.50    -9.8100  lv4(a=5)           3.2s
  465       715.9       475.3    0.3273   1.00   0.50    -9.8100  lv4(a=5)           3.2s
  466       699.3       409.4    0.3271   1.00   0.50    -9.8100  lv4(a=5)           2.7s
  467       668.6       404.4    0.3269   1.00   0.50    -9.8100  lv4(a=5)           2.5s
  468       687.9       362.0    0.3268   1.00   0.50    -9.8100  lv4(a=5)           2.5s
  469       622.1       414.1    0.3266   1.00   0.50    -9.8100  lv4(a=5)           2.8s
  [probe] gen=470 score=672.7 net=3.000 fell=1.000 [new best earth]
  470       704.1       381.2    0.3262   1.00   0.50    -9.8100  lv4(a=5)           2.5s
  471       674.7       366.2    0.3261   1.00   0.50    -9.8100  lv4(a=5)           2.3s
  472       696.8       441.6    0.3260   1.00   0.50    -9.8100  lv4(a=5)           2.6s
  473       687.9       366.7    0.3260   1.00   0.50    -9.8100  lv4(a=5)           2.4s
  474       711.8       401.8    0.3257   1.00   0.50    -9.8100  lv4(a=5)           3.0s
  [plot] Saved fitness curve → experiments/thesis/archive_based/seed_00/fitness_curve.png
  475       670.6       401.4    0.3255   1.00   0.50    -9.8100  lv4(a=5)           2.9s
  476       647.6       433.7    0.3253   1.00   0.50    -9.8100  lv4(a=5)           2.6s
  477       670.0       403.7    0.3250   1.00   0.50    -9.8100  lv4(a=5)           3.0s
  478       677.2       436.5    0.3247   1.00   0.50    -9.8100  lv4(a=5)           3.1s
  479       686.4       360.5    0.3245   1.00   0.50    -9.8100  lv4(a=5)           2.7s
  [probe] gen=480 score=636.7 net=2.488 fell=0.600
  480       673.5       397.7    0.3242   1.00   0.50    -9.8100  lv4(a=5)           2.9s
  481       699.4       488.9    0.3241   1.00   0.50    -9.8100  lv4(a=5)           3.2s
  482       726.8       420.3    0.3239   1.00   0.50    -9.8100  lv4(a=5)           3.2s
  483       682.4       386.4    0.3239   1.00   0.50    -9.8100  lv4(a=5)           2.8s
  484       663.4       479.6    0.3238   1.00   0.50    -9.8100  lv4(a=5)           3.2s
  485       673.3       382.0    0.3237   1.00   0.50    -9.8100  lv4(a=5)           2.7s
  486       653.2       424.2    0.3235   1.00   0.50    -9.8100  lv4(a=5)           2.7s
  487       672.9       409.6    0.3233   1.00   0.50    -9.8100  lv4(a=5)           2.7s
  488       717.0       431.8    0.3231   1.00   0.50    -9.8100  lv4(a=5)           2.6s
  489       701.2       442.2    0.3228   1.00   0.50    -9.8100  lv4(a=5)           2.7s
  [probe] gen=490 score=694.1 net=3.002 fell=1.000 [new best earth]
  490       704.5       369.6    0.3225   1.00   0.50    -9.8100  lv4(a=5)           2.7s
  491       685.0       383.1    0.3220   1.00   0.50    -9.8100  lv4(a=5)           2.5s
  492       636.5       368.5    0.3216   1.00   0.50    -9.8100  lv4(a=5)           2.5s
  493       672.9       386.0    0.3212   1.00   0.50    -9.8100  lv4(a=5)           2.9s
  494       691.3       402.1    0.3209   1.00   0.50    -9.8100  lv4(a=5)           2.8s
  495       666.3       359.8    0.3207   1.00   0.50    -9.8100  lv4(a=5)           2.4s
  496       672.2       361.4    0.3205   1.00   0.50    -9.8100  lv4(a=5)           2.5s
  497       701.1       468.7    0.3203   1.00   0.50    -9.8100  lv4(a=5)           3.0s
  498       694.2       337.6    0.3201   1.00   0.50    -9.8100  lv4(a=5)           2.6s
  499       694.2       385.9    0.3198   1.00   0.50    -9.8100  lv4(a=5)           2.9s
  [plot] Saved fitness curve → experiments/thesis/archive_based/seed_00/fitness_curve.png

Training complete. Best fitness: 726.8
Best params → experiments/thesis/archive_based/seed_00/checkpoints/best_params.npy
Fitness curve → experiments/thesis/archive_based/seed_00/fitness_curve.png
Eval params  → best_earth_params (earth probe score: 694.1)
Final Earth scorecard | score=480.4 net=2.463 fell=1.000
Gravity sweep | gravities=5 mean_net=1.272 worst_net=0.314
  [exp] Wrote experiments/thesis/archive_based/seed_00/experiment.json
  [exp] Wrote experiments/thesis/archive_based/seed_00/training_log.csv
  [exp] Wrote experiments/thesis/archive_based/seed_00/earth_probe.csv
  [exp] Wrote experiments/thesis/archive_based/seed_00/gravity_sweep.csv
  [exp] Wrote experiments/thesis/archive_based/seed_00/summary.json
