Walker2d-v5 | policy=CPG  params=504
Curriculum   : RandomUniform  gravity U[-12.0, -6.0]  seed=0
Run context | seed=0 arm=random_variable_gravity run_id=random_variable_gravity_seed_00


Starting CMA-ES | pop=40 | sigma0=0.5 | max_gen=500 | workers=8 | seed=0
Checkpoints → experiments/thesis/random_variable_gravity/seed_00/checkpoints/

  Gen        Best        Mean     Sigma    Gravity  Phase              Time
------------------------------------------------------------------------
  [probe] gen=0 score=-294.7 net=0.057 fell=1.000
  [plot] Saved fitness curve → experiments/thesis/random_variable_gravity/seed_00/fitness_curve.png
    0      -332.0      -388.3    0.4904    -8.1782  random             1.5s
    1      -302.1      -380.3    0.4820   -11.8629  random             0.1s
    2      -329.4      -385.0    0.4747    -8.7938  random             0.1s
    3      -277.2      -356.5    0.4683   -11.3276  random             0.2s
    4      -288.2      -355.9    0.4624   -10.9791  random             0.2s
    5      -278.9      -352.0    0.4570    -9.2487  random             0.2s
    6      -296.6      -355.5    0.4520    -6.9687  random             0.2s
    7      -241.4      -336.2    0.4475    -8.4722  random             0.2s
    8      -241.7      -327.4    0.4433   -10.7279  random             0.2s
    9       -38.3      -303.4    0.4393    -8.2485  random             0.3s
  [probe] gen=10 score=-232.6 net=-0.041 fell=1.000
   10      -225.6      -322.4    0.4356   -10.6907  random             0.3s
   11      -115.8      -299.3    0.4322    -8.0015  random             0.3s
   12      -167.5      -316.5    0.4291    -8.9605  random             0.4s
   13        42.1      -322.7    0.4262    -6.0574  random             0.4s
   14        17.6      -287.9    0.4236    -6.4479  random             0.4s
   15       214.1      -256.8    0.4212   -11.4619  random             0.4s
   16        11.1      -289.3    0.4190    -8.0084  random             0.4s
   17         8.3      -258.4    0.4170   -10.7286  random             0.5s
   18       105.9      -210.8    0.4150    -9.4019  random             0.6s
   19        58.1      -196.4    0.4132    -9.9586  random             0.5s
  [probe] gen=20 score=119.5 net=1.358 fell=1.000
   20       139.0      -115.1    0.4114    -9.9620  random             0.6s
   21        30.4      -189.8    0.4098   -10.4240  random             0.6s
   22        54.0      -130.9    0.4082    -8.1256  random             0.7s
   23       170.5       -94.6    0.4067   -11.6321  random             0.6s
   24       188.2      -142.7    0.4054    -7.2289  random             0.8s
  [plot] Saved fitness curve → experiments/thesis/random_variable_gravity/seed_00/fitness_curve.png
   25       141.1      -118.4    0.4042    -8.3801  random             0.8s
   26       207.3       -83.2    0.4031    -8.7211  random             0.8s
   27       174.7      -130.6    0.4021    -6.9252  random             0.9s
   28       162.8       -90.6    0.4012    -9.1090  random             0.8s
   29       177.5      -128.6    0.4003    -9.5478  random             0.8s
  [probe] gen=30 score=155.0 net=1.569 fell=1.000
   30       202.6      -100.9    0.3997    -8.9108  random             0.8s
   31       228.0        -9.1    0.3992    -9.8434  random             0.8s
   32       283.4        -8.1    0.3988    -6.2425  random             1.0s
   33       203.5         6.3    0.3985   -11.4489  random             0.9s
   34       219.6       -12.0    0.3982   -11.7194  random             0.8s
   35       222.3      -162.8    0.3980    -9.2254  random             0.8s
   36       256.7        57.8    0.3978    -8.8125  random             1.0s
   37       196.6       -12.8    0.3978   -11.7546  random             0.7s
   38       311.8        66.2    0.3980    -9.4311  random             1.0s
   39       275.2       -33.3    0.3982    -6.8001  random             1.1s
  [probe] gen=40 score=95.6 net=1.186 fell=1.000
   40       206.8       -36.7    0.3983    -9.6281  random             0.8s
   41       304.7       -24.3    0.3985    -6.5485  random             1.0s
   42       288.7       -24.4    0.3987    -9.8432  random             1.0s
   43       231.4        21.9    0.3990   -10.8624  random             1.0s
   44       230.0        32.5    0.3992    -8.0432  random             1.1s
   45       257.7         5.3    0.3990   -10.9338  random             1.0s
   46       240.3       -46.4    0.3989    -9.5499  random             0.9s
   47       242.3        -4.5    0.3989    -6.1649  random             1.0s
   48       281.3        40.5    0.3989    -7.8164  random             1.0s
   49       260.6        64.6    0.3990    -9.4527  random             1.0s
  [probe] gen=50 score=188.6 net=1.627 fell=1.000
  [plot] Saved fitness curve → experiments/thesis/random_variable_gravity/seed_00/fitness_curve.png
   50       209.0        18.9    0.3992   -10.9709  random             0.9s
   51       220.4        77.5    0.3994    -8.9542  random             0.9s
   52       237.3        10.0    0.3998    -8.9075  random             1.1s
   53       232.4        33.0    0.4000   -11.3763  random             1.1s
   54       243.6        75.3    0.4002   -11.3765  random             0.9s
   55       272.3       -86.2    0.4002   -11.4246  random             1.0s
   56       303.3       -42.9    0.4003    -7.5759  random             1.2s
   57       290.3        42.2    0.4005    -7.2474  random             1.3s
   58       413.7        67.7    0.4008    -7.6972  random             1.0s
   59       310.1       116.7    0.4011    -7.6386  random             1.1s
  [probe] gen=60 score=311.0 net=1.959 fell=1.000
   60       596.7        74.2    0.4013    -7.9192  random             1.1s
   61       328.7        72.0    0.4015    -6.6363  random             1.0s
   62       690.3       130.2    0.4016    -7.3982  random             1.2s
   63       433.5        54.2    0.4018    -6.5625  random             1.2s
   64       269.6       -13.2    0.4022   -11.7028  random             0.9s
   65       350.7         4.5    0.4026    -9.1597  random             1.0s
   66       288.4       -32.4    0.4032   -11.1239  random             1.0s
   67       464.7         2.6    0.4035    -6.9686  random             1.0s
   68       309.9        19.2    0.4038    -9.4105  random             0.9s
   69       397.8        77.8    0.4041   -10.1450  random             1.0s
  [probe] gen=70 score=341.8 net=2.299 fell=1.000
   70       414.3        32.4    0.4044   -10.3868  random             0.8s
   71       325.1        -3.3    0.4045    -8.8219  random             0.9s
   72       331.8        27.4    0.4046    -8.7883  random             1.0s
   73       271.9        56.3    0.4046   -10.8328  random             0.9s
   74       604.2        71.2    0.4046    -7.1796  random             1.0s
  [plot] Saved fitness curve → experiments/thesis/random_variable_gravity/seed_00/fitness_curve.png
   75       510.5       136.7    0.4046    -6.3748  random             1.2s
   76       470.9       152.5    0.4046    -6.8273  random             1.1s
   77       288.8       107.3    0.4044   -11.5969  random             0.8s
   78       481.7       123.8    0.4042    -6.9547  random             1.2s
   79       312.3       -11.1    0.4040    -9.3237  random             0.9s
  [probe] gen=80 score=323.9 net=2.366 fell=1.000
   80       318.6        66.5    0.4039    -9.5545  random             0.9s
   81       382.4        84.4    0.4040    -9.7859  random             0.9s
   82       468.6       135.8    0.4040   -10.1643  random             0.9s
   83       350.6        70.9    0.4038    -7.5845  random             1.1s
   84       408.6       123.8    0.4036    -6.7096  random             1.1s
   85       311.5       104.3    0.4033    -9.8755  random             1.0s
   86       302.1        91.1    0.4031   -11.7113  random             0.8s
   87       424.3        43.4    0.4028    -6.8434  random             1.1s
   88       417.6       158.9    0.4025    -7.6968  random             1.0s
   89       364.0        99.4    0.4022   -10.7531  random             0.8s
  [probe] gen=90 score=231.5 net=1.803 fell=1.000
   90       429.2       142.6    0.4018    -7.7818  random             1.1s
   91       536.7       170.0    0.4015    -9.4843  random             1.0s
   92       363.9       117.3    0.4013   -11.7111  random             0.9s
   93       646.8       131.9    0.4011    -7.5363  random             1.2s
   94       537.6       200.6    0.4010   -10.2048  random             1.0s
   95       367.6       130.1    0.4011   -11.5726  random             1.0s
   96       363.9       101.8    0.4011   -11.3642  random             1.0s
   97       497.7        88.2    0.4012    -9.4925  random             1.1s
   98       540.3       119.4    0.4012    -6.6217  random             1.3s
   99       531.4       154.1    0.4012    -9.3876  random             1.2s
  [probe] gen=100 score=294.1 net=1.900 fell=1.000
  [plot] Saved fitness curve → experiments/thesis/random_variable_gravity/seed_00/fitness_curve.png
  100       724.3       148.4    0.4011    -9.7001  random             1.1s
  101       412.8       132.0    0.4011   -11.6302  random             1.0s
  102       860.4        77.9    0.4011    -9.3862  random             1.1s
  103       528.9       167.1    0.4010   -11.7047  random             1.1s
  104       495.4       156.3    0.4007    -8.1758  random             1.2s
  105       544.6        83.7    0.4007    -6.8021  random             1.1s
  106       893.4       188.1    0.4006    -8.9741  random             1.1s
  107       792.5       156.4    0.4007    -6.7675  random             1.3s
  108       892.9       287.4    0.4009    -6.7586  random             1.5s
  109       900.1       246.2    0.4011    -8.6459  random             1.1s
  [probe] gen=110 score=253.7 net=1.911 fell=1.000
  110       565.3       228.2    0.4012    -8.5593  random             1.2s
  111       965.0       320.0    0.4013    -7.2134  random             1.3s
  112       636.6       264.9    0.4012    -7.4131  random             1.2s
  113       457.9       162.1    0.4010   -11.2180  random             0.9s
  114       405.6       119.2    0.4007   -11.3403  random             1.1s
  115       856.8       246.5    0.4004    -7.7313  random             1.4s
  116      1044.5       243.0    0.4001    -7.5518  random             1.6s
  117       817.9       220.1    0.4001    -8.9669  random             1.1s
  118      1217.0       331.2    0.3999    -7.0844  random             1.6s
  119       667.8       249.9    0.3998    -9.3097  random             1.2s
  [probe] gen=120 score=340.8 net=2.299 fell=1.000
  120       819.6       275.6    0.3996    -7.7621  random             1.6s
  121       537.1       227.9    0.3993   -11.1155  random             1.1s
  122       486.0       163.2    0.3992   -11.4108  random             1.2s
  123       655.6       215.7    0.3991   -10.0399  random             1.3s
  124       648.6       159.2    0.3992    -8.7153  random             1.5s
  [plot] Saved fitness curve → experiments/thesis/random_variable_gravity/seed_00/fitness_curve.png
  125       679.3       208.1    0.3994    -8.2736  random             1.4s
  126       500.6       159.4    0.3998   -11.5564  random             1.1s
  127       687.0       173.7    0.4001    -7.8234  random             1.5s
  128       696.9       202.7    0.4004    -9.9510  random             1.2s
  129       693.0       120.2    0.4008    -9.5170  random             1.4s
  [probe] gen=130 score=289.9 net=2.038 fell=1.000
  130      1056.5       259.5    0.4011    -8.5207  random             1.6s
  131       448.8       182.0    0.4012   -11.0998  random             1.1s
  132       960.7       268.8    0.4013    -7.4980  random             1.6s
  133       667.5       300.4    0.4012    -8.4009  random             1.4s
  134       523.4       170.2    0.4010    -9.8004  random             1.2s
  135       761.2       173.8    0.4007    -9.2358  random             1.3s
  136       963.9       168.1    0.4003    -7.4547  random             1.5s
  137       670.4       244.0    0.3996    -8.8808  random             1.3s
  138       811.2       196.8    0.3990    -7.1839  random             1.4s
  139       461.7       157.5    0.3983   -11.5431  random             1.1s
  [probe] gen=140 score=131.7 net=1.135 fell=1.000
  140       370.0       143.4    0.3976   -11.2405  random             1.2s
  141       383.5       169.9    0.3970    -9.7777  random             1.3s
  142       617.6       184.7    0.3965    -9.1723  random             1.1s
  143       999.4       215.5    0.3960    -6.6207  random             1.5s
  144       554.3       233.2    0.3955    -8.7788  random             1.2s
  145       573.5       229.0    0.3951   -10.1374  random             1.2s
  146       945.7       245.9    0.3945    -8.0298  random             1.5s
  147       566.7       236.1    0.3941    -8.7511  random             1.3s
  148       376.2       137.2    0.3934   -10.6917  random             1.2s
  149       719.3       238.7    0.3927    -7.5573  random             1.3s
  [probe] gen=150 score=487.7 net=2.998 fell=1.000
  [plot] Saved fitness curve → experiments/thesis/random_variable_gravity/seed_00/fitness_curve.png
  150      1024.6       314.9    0.3921    -7.7187  random             1.6s
  151       506.8       171.4    0.3914   -11.1430  random             1.2s
  152      1117.8       233.6    0.3906    -7.5167  random             1.4s
  153       460.9       219.3    0.3899   -11.6400  random             1.1s
  154      1055.6       150.2    0.3893    -6.7254  random             1.6s
  155       996.0       321.8    0.3888    -8.1399  random             2.1s
  156       797.3       263.0    0.3883    -8.8518  random             1.7s
  157       541.3       213.1    0.3879    -9.7877  random             1.3s
  158       587.3       133.7    0.3874    -8.0608  random             1.3s
  159      1031.6       196.4    0.3869    -6.9927  random             1.5s
  [probe] gen=160 score=376.0 net=2.268 fell=1.000
  160       375.3        38.7    0.3864   -11.2895  random             1.1s
  161      1201.7       250.0    0.3858    -6.3061  random             1.6s
  162       526.9       149.8    0.3854   -10.0275  random             1.2s
  163       514.5        92.6    0.3850   -11.8067  random             1.1s
  164       910.9       202.7    0.3847    -6.9180  random             1.4s
  165       868.4       237.2    0.3845    -7.5014  random             1.4s
  166       505.8       102.6    0.3843   -11.2672  random             1.1s
  167       489.8       143.0    0.3843   -10.5758  random             1.2s
  168       452.0        82.2    0.3844   -11.8325  random             1.3s
  169       553.1        73.4    0.3847   -10.8385  random             1.2s
  [probe] gen=170 score=156.4 net=1.502 fell=1.000
  170       824.5       224.4    0.3849    -8.3225  random             1.6s
  171       707.8       175.7    0.3851   -11.6702  random             1.2s
  172       762.1       165.3    0.3852    -8.0061  random             1.4s
  173       651.8       167.0    0.3853   -10.0010  random             1.1s
  174       640.7        93.7    0.3852   -11.7357  random             1.0s
  [plot] Saved fitness curve → experiments/thesis/random_variable_gravity/seed_00/fitness_curve.png
  175       910.8       235.6    0.3848    -6.7093  random             1.6s
  176       583.3       171.0    0.3844   -11.2084  random             1.1s
  177      1156.5       323.2    0.3841    -7.6654  random             1.8s
  178      1264.4       405.4    0.3838    -6.2971  random             1.8s
  179       835.5       344.9    0.3834    -7.7588  random             1.6s
  [probe] gen=180 score=626.0 net=2.889 fell=1.000
  180       479.8       160.7    0.3830   -11.7438  random             1.1s
  181      1050.1       253.4    0.3826    -8.3970  random             1.7s
  182       696.1       203.4    0.3822   -11.1420  random             1.2s
  183       905.8       212.2    0.3819    -9.9135  random             1.5s
  184       816.4       289.4    0.3817    -9.6386  random             1.5s
  185       776.7       281.7    0.3814    -8.8480  random             1.5s
  186       764.0       249.1    0.3811   -11.1408  random             1.5s
  187       581.7       214.1    0.3810   -10.8126  random             1.3s
  188       697.7       180.4    0.3809    -8.8421  random             1.5s
  189       651.9       178.4    0.3808    -9.7571  random             1.1s
  [probe] gen=190 score=200.0 net=1.494 fell=1.000
  190       815.5       332.4    0.3806    -7.3354  random             1.7s
  191       953.2       215.6    0.3805    -6.7206  random             1.6s
  192       732.5       242.9    0.3806    -9.8289  random             1.3s
  193       928.0       212.4    0.3806    -7.6020  random             1.6s
  194       699.1       242.8    0.3805    -8.6908  random             1.3s
  195       679.5       268.6    0.3803    -9.3375  random             1.5s
  196      1071.0       256.7    0.3803    -6.3701  random             1.9s
  197       701.0       242.8    0.3800    -7.3561  random             1.3s
  198       680.9       221.1    0.3798   -10.0078  random             1.4s
  199       629.1       240.7    0.3795   -10.7098  random             1.2s
  [probe] gen=200 score=782.1 net=4.092 fell=1.000
  [plot] Saved fitness curve → experiments/thesis/random_variable_gravity/seed_00/fitness_curve.png
  200      1028.0       312.5    0.3791    -7.0536  random             1.8s
  201       793.8       259.5    0.3787    -8.4861  random             1.2s
  202      1279.3       427.6    0.3784    -6.3448  random             1.8s
  203      1058.4       296.5    0.3780    -8.3304  random             1.3s
  204       989.4       366.3    0.3776    -8.3812  random             1.5s
  205      1337.3       355.8    0.3773    -6.1586  random             1.5s
  206      1131.1       229.7    0.3770    -8.8117  random             1.2s
  207       421.6       192.2    0.3766   -10.7205  random             1.2s
  208      1076.6       239.8    0.3763    -8.4244  random             1.5s
  209      1066.3       377.3    0.3762    -7.6670  random             1.6s
  [probe] gen=210 score=501.2 net=3.098 fell=1.000
  210       825.4       258.0    0.3759    -8.5374  random             1.4s
  211       791.1       258.2    0.3757    -8.8509  random             1.3s
  212       613.4       255.9    0.3755   -10.2551  random             1.1s
  213       609.2       259.2    0.3754   -10.0855  random             1.3s
  214       613.9       130.1    0.3754   -10.1927  random             1.3s
  215      1120.9       344.5    0.3754    -6.4117  random             1.9s
  216       560.0       156.5    0.3754   -10.6309  random             1.3s
  217       637.5       179.3    0.3752   -10.4856  random             1.3s
  218       573.7        51.6    0.3751   -11.2443  random             1.3s
  219       974.2       240.8    0.3749    -8.9161  random             1.6s
  [probe] gen=220 score=328.2 net=1.972 fell=1.000
  220       743.2       180.9    0.3746    -7.2234  random             1.5s
  221       673.8       198.3    0.3744   -11.4764  random             1.1s
  222       755.3       164.7    0.3741    -9.8154  random             1.2s
  223       835.7       221.2    0.3737    -6.9164  random             1.5s
  224       785.1       207.0    0.3732   -11.2650  random             1.1s
  [plot] Saved fitness curve → experiments/thesis/random_variable_gravity/seed_00/fitness_curve.png
  225       677.8       210.0    0.3728   -10.9226  random             1.3s
  226       578.3       202.1    0.3724   -11.3457  random             1.1s
  227       629.6       164.3    0.3719   -11.8651  random             1.2s
  228       814.4       197.6    0.3716   -11.7431  random             1.2s
  229       807.5       251.3    0.3712    -7.0554  random             1.5s
  [probe] gen=230 score=414.5 net=2.504 fell=1.000
  230       786.7       217.0    0.3707    -8.5590  random             1.5s
  231      1151.0       287.3    0.3702    -6.1994  random             1.7s
  232       901.3       312.9    0.3697    -7.8712  random             1.6s
  233       682.6       287.8    0.3692   -10.2919  random             1.4s
  234       531.4       156.4    0.3686   -11.8651  random             1.1s
  235       883.4       334.1    0.3679    -9.3575  random             1.5s
  236      1144.0       226.0    0.3671    -8.8014  random             1.5s
  237       683.6       308.0    0.3666    -9.4456  random             1.5s
  238      1103.4       287.1    0.3661    -7.3618  random             1.9s
  239       899.2       290.4    0.3656    -9.7062  random             1.6s
  [probe] gen=240 score=794.3 net=3.883 fell=1.000
  240       718.1       286.0    0.3651   -10.8305  random             1.3s
  241      1149.8       345.8    0.3645    -7.0600  random             1.8s
  242      1091.0       242.4    0.3642    -7.8151  random             1.5s
  243      1351.9       340.2    0.3639    -8.0448  random             1.8s
  244      1010.1       321.2    0.3636    -7.3830  random             1.7s
  245      1228.8       416.7    0.3633    -6.4880  random             1.9s
  246      1419.3       377.6    0.3630    -7.7402  random             2.0s
  247       767.6       232.7    0.3629   -11.5240  random             1.2s
  248       930.7       244.3    0.3628   -10.2828  random             1.4s
  249       578.3       276.0    0.3626   -11.4528  random             1.2s
  [probe] gen=250 score=831.5 net=4.405 fell=1.000
  [plot] Saved fitness curve → experiments/thesis/random_variable_gravity/seed_00/fitness_curve.png
  250       731.2       240.8    0.3624   -10.5776  random             1.5s
  251       889.2       287.9    0.3622    -8.2958  random             1.6s
  252       732.6       313.2    0.3620   -10.1135  random             1.5s
  253       637.9       230.9    0.3617    -9.1226  random             1.5s
  254      1578.9       361.5    0.3612    -7.6332  random             1.8s
  255      1311.5       433.0    0.3608    -7.0545  random             2.0s
  256      1162.0       389.3    0.3603    -6.3944  random             2.1s
  257       824.6       276.8    0.3597    -9.8732  random             1.5s
  258       851.3       247.0    0.3591   -11.1140  random             1.4s
  259       737.0        99.6    0.3586   -11.1829  random             1.3s
  [probe] gen=260 score=247.4 net=1.808 fell=1.000
  260      1069.2       282.4    0.3581    -6.6263  random             1.9s
  261       963.6       180.0    0.3575    -9.5739  random             1.3s
  262       538.8       221.1    0.3570   -10.7405  random             1.1s
  263      1235.2       374.5    0.3565    -8.9250  random             1.8s
  264      1072.8       320.4    0.3559    -8.3166  random             1.6s
  265      1152.8       303.4    0.3555    -9.3201  random             1.3s
  266      1302.7       339.6    0.3553    -6.0218  random             1.6s
  267      1065.1       297.3    0.3550    -7.6526  random             1.6s
  268       808.9       245.1    0.3547   -10.1879  random             1.1s
  269       803.6       277.8    0.3546    -9.8980  random             1.3s
  [probe] gen=270 score=992.3 net=4.813 fell=1.000
  270       929.4       317.3    0.3546   -10.5858  random             1.4s
  271       737.7       165.8    0.3545   -11.7206  random             1.2s
  272      1115.5       211.3    0.3546    -9.2067  random             1.4s
  273      1296.4       318.1    0.3548    -6.1868  random             1.7s
  274       990.4       319.1    0.3551    -7.2897  random             1.6s
  [plot] Saved fitness curve → experiments/thesis/random_variable_gravity/seed_00/fitness_curve.png
  275       820.5       271.9    0.3554    -6.6906  random             1.5s
  276       711.4       253.1    0.3557    -9.3244  random             1.4s
  277       821.9       276.9    0.3559    -9.0663  random             1.5s
  278       881.1       273.1    0.3561    -9.3005  random             1.4s
  279       979.8       264.3    0.3562   -11.6625  random             1.2s
  [probe] gen=280 score=470.0 net=2.840 fell=0.900
  280      1132.7       278.2    0.3562    -9.1068  random             1.5s
  281       544.8       220.8    0.3564   -11.7052  random             1.0s
  282      1080.2       264.7    0.3564    -7.2544  random             1.7s
  283       770.3       377.1    0.3564   -11.1785  random             1.3s
  284       782.9       287.5    0.3565   -10.8461  random             1.3s
  285      1208.6       325.6    0.3566    -6.3678  random             1.9s
  286       754.8       259.8    0.3565   -10.6876  random             1.3s
  287      1138.4       375.9    0.3565    -7.3930  random             1.7s
  288       575.3       262.7    0.3563   -10.7206  random             1.5s
  289       954.1       322.2    0.3564    -9.9445  random             1.6s
  [probe] gen=290 score=318.4 net=2.130 fell=1.000
  290      1003.0       205.7    0.3564    -6.9115  random             1.6s
  291      1132.7       350.9    0.3563    -6.5816  random             1.9s
  292      1103.4       398.9    0.3560    -7.0794  random             1.8s
  293      1167.3       293.1    0.3557    -7.7096  random             1.7s
  294      1017.9       363.5    0.3553    -6.5973  random             1.8s
  295       971.8       260.9    0.3549    -9.8492  random             1.4s
  296      1058.8       361.2    0.3546    -8.2640  random             1.8s
  297      1184.4       318.0    0.3544    -6.7418  random             2.0s
  298      1014.0       390.0    0.3541    -8.0978  random             1.6s
  299      1100.1       349.0    0.3539    -9.4489  random             1.5s
  [probe] gen=300 score=893.9 net=4.129 fell=0.300
  [plot] Saved fitness curve → experiments/thesis/random_variable_gravity/seed_00/fitness_curve.png
  300       945.8       454.0    0.3536    -8.6787  random             1.6s
  301       660.8       296.1    0.3532   -11.1218  random             1.1s
  302       804.0       319.5    0.3528   -10.7406  random             1.3s
  303      1244.7       373.6    0.3524    -8.5426  random             1.6s
  304      1401.2       524.2    0.3520    -7.2345  random             1.9s
  305      1400.6       482.7    0.3517    -6.9350  random             1.7s
  306      1451.6       521.2    0.3514    -8.2469  random             1.8s
  307      1223.1       344.7    0.3511    -9.3913  random             1.4s
  308       986.9       389.2    0.3508    -9.2041  random             1.6s
  309      1516.9       473.0    0.3504    -8.0857  random             2.0s
  [probe] gen=310 score=1004.5 net=4.913 fell=1.000
  310       973.6       311.7    0.3500   -11.2015  random             1.2s
  311      1376.6       454.5    0.3497    -7.7685  random             1.8s
  312      1299.4       574.8    0.3494    -7.0653  random             2.0s
  313      1164.7       500.2    0.3490    -6.8004  random             1.8s
  314      1468.9       476.2    0.3487    -8.1340  random             1.8s
  315      1397.8       477.6    0.3485    -6.4110  random             1.9s
  316      1376.1       468.2    0.3483    -8.0023  random             1.6s
  317      1408.1       554.8    0.3482    -7.0657  random             2.0s
  318      1241.3       542.8    0.3482    -8.0319  random             1.9s
  319      1373.9       502.6    0.3482    -8.6735  random             1.6s
  [probe] gen=320 score=1146.9 net=5.885 fell=1.000
  320      1009.2       459.4    0.3482    -9.6527  random             1.6s
  321      1298.7       500.1    0.3482    -6.3334  random             2.1s
  322      1083.7       470.9    0.3483    -9.0920  random             1.7s
  323      1325.4       397.3    0.3483    -8.4281  random             1.7s
  324      1494.5       582.2    0.3483    -6.8844  random             2.3s
  [plot] Saved fitness curve → experiments/thesis/random_variable_gravity/seed_00/fitness_curve.png
  325      1274.4       491.9    0.3482    -8.7714  random             1.8s
  326      1480.5       614.3    0.3482    -6.9941  random             2.3s
  327      1415.4       544.5    0.3482    -8.4326  random             1.9s
  328      1150.2       388.1    0.3485    -9.3136  random             1.7s
  329      1238.0       477.4    0.3487    -7.8405  random             1.9s
  [probe] gen=330 score=1033.8 net=5.479 fell=1.000
  330      1379.0       435.8    0.3489   -10.2079  random             1.6s
  331       677.0       266.3    0.3488   -10.9558  random             1.2s
  332      1564.9       602.6    0.3488    -7.3062  random             2.3s
  333       803.9       239.7    0.3487   -11.7309  random             1.1s
  334      1083.4       324.2    0.3486   -11.8042  random             1.6s
  335      1135.7       354.0    0.3486    -9.9053  random             1.9s
  336      1294.6       401.3    0.3486    -8.5333  random             2.2s
  337       733.1       325.5    0.3486   -11.9214  random             1.2s
  338       838.0       318.6    0.3487   -10.7270  random             1.5s
  339      1253.6       292.1    0.3487   -11.3055  random             1.5s
  [probe] gen=340 score=990.1 net=4.789 fell=1.000
  340      1172.1       429.9    0.3488    -8.9408  random             2.0s
  341      1283.8       510.2    0.3488    -8.1751  random             1.9s
  342      1257.5       429.3    0.3490    -9.9675  random             1.6s
  343      1079.9       528.0    0.3492    -9.5042  random             1.9s
  344       968.4       374.2    0.3494   -10.8260  random             1.6s
  345       953.9       333.5    0.3496   -11.8498  random             1.5s
  346      1020.1       404.4    0.3499    -9.8635  random             1.9s
  347      1192.2       472.8    0.3502   -10.8362  random             2.0s
  348      1279.8       349.4    0.3504    -9.3925  random             2.0s
  349      1315.2       612.3    0.3505    -7.2449  random             2.3s
  [probe] gen=350 score=904.1 net=4.072 fell=0.800
  [plot] Saved fitness curve → experiments/thesis/random_variable_gravity/seed_00/fitness_curve.png
  350      1354.4       440.1    0.3507   -10.4756  random             1.8s
  351      1255.9       542.0    0.3508    -8.6164  random             2.2s
  352       866.7       410.5    0.3511   -10.2736  random             1.6s
  353      1544.0       427.1    0.3514    -7.0028  random             2.2s
  354      1085.9       505.7    0.3517    -8.7649  random             1.8s
  355      1428.0       428.1    0.3519   -10.0430  random             2.0s
  356      1384.6       543.9    0.3521    -8.9628  random             2.2s
  357      1076.5       499.9    0.3521    -7.8431  random             2.2s
  358      1364.1       387.6    0.3520    -6.2649  random             2.1s
  359      1465.4       810.5    0.3519    -6.1484  random             2.6s
  [probe] gen=360 score=384.8 net=2.475 fell=1.000
  360      1662.3       571.1    0.3518    -6.3151  random             2.1s
  361      1458.6       621.2    0.3516    -7.6970  random             1.9s
  362       850.3       378.1    0.3513    -9.8538  random             1.3s
  363       703.7       271.6    0.3511   -11.7803  random             1.3s
  364      1330.3       406.6    0.3510    -7.4277  random             2.1s
  365      1256.5       545.8    0.3508    -9.8352  random             1.8s
  366      1164.8       452.4    0.3509    -9.0788  random             2.0s
  367      1383.9       551.8    0.3507    -7.6953  random             2.0s
  368       887.0       385.7    0.3508   -11.0840  random             1.2s
  369      1483.1       522.1    0.3507    -8.2057  random             2.0s
  [probe] gen=370 score=846.7 net=4.379 fell=1.000
  370      1163.8       554.3    0.3507    -9.2536  random             1.9s
  371      1360.7       497.5    0.3508    -6.0575  random             2.1s
  372      1276.0       456.1    0.3509    -9.3386  random             1.5s
  373      1252.3       512.2    0.3510    -6.2673  random             2.0s
  374      1249.5       539.6    0.3511    -8.8468  random             1.7s
  [plot] Saved fitness curve → experiments/thesis/random_variable_gravity/seed_00/fitness_curve.png
  375      1598.2       653.2    0.3511    -6.7915  random             2.2s
  376       980.2       348.1    0.3511   -10.5208  random             1.2s
  377      1301.5       593.0    0.3508    -8.7550  random             2.1s
  378       634.9       343.6    0.3506   -10.9714  random             1.2s
  379      1111.0       443.1    0.3502    -9.0837  random             1.8s
  [probe] gen=380 score=602.4 net=3.264 fell=1.000
  380       759.0       334.1    0.3500   -11.7705  random             1.2s
  381      1010.3       558.3    0.3497    -9.7347  random             1.7s
  382      1654.8       675.0    0.3494    -7.7799  random             2.1s
  383       721.7       283.2    0.3492   -11.5465  random             1.2s
  384      1226.5       517.4    0.3489    -8.4597  random             1.9s
  385       832.9       320.2    0.3485   -11.8185  random             1.3s
  386      1293.3       568.9    0.3481    -8.1783  random             2.2s
  387       591.3       301.0    0.3476   -11.3950  random             1.3s
  388      1055.1       420.6    0.3471   -10.3863  random             1.7s
  389      1305.5       492.6    0.3465    -6.5835  random             2.2s
  [probe] gen=390 score=300.9 net=2.176 fell=1.000
  390      1443.1       635.2    0.3459    -7.4109  random             2.2s
  391       933.8       268.8    0.3453   -11.8476  random             1.2s
  392      1168.7       442.9    0.3449    -9.3207  random             1.9s
  393      1020.8       357.2    0.3446   -11.1109  random             1.5s
  394      1349.7       410.2    0.3443    -7.2365  random             2.1s
  395       780.3       269.7    0.3440   -11.8211  random             1.2s
  396      1303.0       499.7    0.3438    -9.9269  random             1.8s
  397      1031.2       270.5    0.3435   -11.7486  random             1.2s
  398       959.4       272.9    0.3433   -11.0133  random             1.3s
  399       860.3       318.0    0.3430   -11.5224  random             1.4s
  [probe] gen=400 score=846.2 net=4.118 fell=1.000
  [plot] Saved fitness curve → experiments/thesis/random_variable_gravity/seed_00/fitness_curve.png
  400       853.9       390.0    0.3429   -11.7442  random             1.4s
  401      1562.2       418.5    0.3427    -7.6327  random             1.9s
  402      1308.7       455.2    0.3424    -9.9489  random             1.7s
  403      1428.6       425.4    0.3422    -8.3180  random             1.8s
  404       993.5       374.2    0.3418   -10.5028  random             1.6s
  405      1310.1       608.1    0.3416    -6.5723  random             2.2s
  406      1044.8       323.4    0.3413   -10.1534  random             1.4s
  407      1613.7       583.3    0.3413    -6.1405  random             2.3s
  408       573.5       171.6    0.3411   -11.9309  random             1.1s
  409      1178.0       445.0    0.3409    -9.4277  random             1.7s
  [probe] gen=410 score=265.5 net=1.965 fell=1.000
  410      1518.2       669.4    0.3407    -6.4293  random             2.5s
  411      1227.0       496.3    0.3404    -9.1852  random             1.6s
  412      1374.9       619.1    0.3403    -7.7237  random             2.1s
  413      1416.0       617.9    0.3401    -7.9105  random             1.9s
  414       736.7       251.8    0.3400   -11.4699  random             1.2s
  415      1371.4       668.9    0.3400    -7.3163  random             2.5s
  416      1650.9       526.4    0.3399    -9.1430  random             2.1s
  417      1185.4       588.7    0.3399    -8.4531  random             2.2s
  418      1404.8       665.7    0.3399    -7.5185  random             2.5s
  419      1148.9       377.6    0.3399   -10.7146  random             1.4s
  [probe] gen=420 score=393.1 net=2.559 fell=1.000
  420      1314.4       613.9    0.3399    -8.1145  random             2.4s
  421       823.3       306.9    0.3399   -10.1022  random             1.3s
  422      1322.7       681.8    0.3400    -7.2632  random             2.5s
  423      1458.6       750.0    0.3402    -6.4723  random             2.6s
  424      1288.8       510.7    0.3404    -9.0201  random             1.7s
  [plot] Saved fitness curve → experiments/thesis/random_variable_gravity/seed_00/fitness_curve.png
  425       941.5       303.4    0.3405   -10.8794  random             1.2s
  426      1053.1       424.3    0.3406   -10.2665  random             1.6s
  427       903.0       336.1    0.3407   -11.7384  random             1.2s
  428       929.4       390.5    0.3407    -9.9195  random             1.7s
  429      1171.4       456.2    0.3405    -9.6670  random             1.7s
  [probe] gen=430 score=1045.8 net=4.971 fell=1.000
  430      1102.2       447.8    0.3402    -9.8808  random             1.7s
  431       921.0       402.1    0.3399   -10.7595  random             1.4s
  432       773.7       297.6    0.3396   -11.8828  random             1.3s
  433      1239.5       421.0    0.3392   -10.4210  random             1.9s
  434       968.7       394.1    0.3387   -10.1119  random             1.6s
  435      1508.2       419.3    0.3382    -7.5477  random             2.0s
  436      1333.9       655.5    0.3375    -7.9404  random             2.2s
  437      1463.2       492.1    0.3369    -8.2789  random             1.8s
  438      1322.6       534.7    0.3363    -8.3019  random             1.9s
  439       753.7       280.0    0.3357   -11.9300  random             1.1s
  [probe] gen=440 score=906.4 net=4.832 fell=1.000
  440       964.2       434.0    0.3354    -9.3508  random             1.7s
  441       935.2       501.1    0.3349    -8.7740  random             1.7s
  442      1186.8       450.7    0.3343    -8.2856  random             1.7s
  443       685.8       343.4    0.3337   -10.7471  random             1.3s
  444      1418.3       493.3    0.3330    -7.6852  random             1.8s
  445      1396.2       553.2    0.3325    -8.0245  random             1.9s
  446      1325.7       545.3    0.3319    -7.5339  random             1.8s
  447      1714.0       624.9    0.3313    -6.1402  random             2.5s
  448      1470.3       411.2    0.3307    -8.0561  random             1.6s
  449       881.1       249.6    0.3301   -11.7713  random             1.2s
  [probe] gen=450 score=843.7 net=4.548 fell=0.900
  [plot] Saved fitness curve → experiments/thesis/random_variable_gravity/seed_00/fitness_curve.png
  450      1246.3       504.5    0.3296    -8.7777  random             1.8s
  451      1207.2       451.5    0.3289    -9.1607  random             1.7s
  452      1078.8       371.0    0.3282    -9.7646  random             1.4s
  453      1434.3       617.0    0.3276    -6.9992  random             2.4s
  454      1526.8       651.9    0.3269    -8.0725  random             2.0s
  455      1400.3       486.1    0.3263    -8.9617  random             1.8s
  456       959.3       373.9    0.3257    -9.9974  random             1.8s
  457      1158.1       393.5    0.3253   -10.3069  random             1.6s
  458      1376.3       578.6    0.3249    -6.3343  random             2.4s
  459      1049.7       310.7    0.3245   -11.7697  random             1.4s
  [probe] gen=460 score=334.0 net=2.246 fell=1.000
  460      1362.3       484.3    0.3241    -7.2180  random             2.2s
  461       773.0       134.3    0.3239   -11.9599  random             1.2s
  462      1460.8       620.4    0.3236    -7.6572  random             2.2s
  463      1357.3       548.8    0.3233    -8.6108  random             1.8s
  464      1534.6       767.4    0.3231    -6.6979  random             2.4s
  465      1581.9       646.6    0.3230    -7.3246  random             2.3s
  466      1426.9       555.9    0.3228    -8.5471  random             1.9s
  467       941.5       326.8    0.3226   -11.2357  random             1.3s
  468      1427.9       651.5    0.3223    -7.4073  random             2.4s
  469      1413.4       665.5    0.3221    -6.7247  random             2.5s
  [probe] gen=470 score=815.1 net=4.129 fell=1.000
  470       891.8       274.0    0.3220   -11.1589  random             1.2s
  471       944.8       244.3    0.3220   -11.1589  random             1.5s
  472      1302.3       533.9    0.3219    -9.6892  random             2.2s
  473      1612.1       570.3    0.3220    -8.2767  random             2.1s
  474      1244.4       457.0    0.3220   -10.2493  random             1.6s
  [plot] Saved fitness curve → experiments/thesis/random_variable_gravity/seed_00/fitness_curve.png
  475       830.8       403.5    0.3221   -11.7423  random             1.4s
  476      1249.6       490.2    0.3221    -9.1389  random             2.0s
  477      1341.9       387.1    0.3222    -7.3085  random             2.2s
  478      1471.0       561.7    0.3224    -7.4868  random             2.3s
  479      1050.9       325.0    0.3225   -11.4427  random             1.4s
  [probe] gen=480 score=368.5 net=2.505 fell=1.000
  480      1357.3       492.7    0.3225    -6.3698  random             2.5s
  481      1663.6       656.2    0.3227    -7.1986  random             2.4s
  482       910.7       347.0    0.3229   -11.8423  random             1.2s
  483      1391.1       312.9    0.3232    -6.4623  random             2.0s
  484      1111.9       431.5    0.3234    -9.7876  random             1.7s
  485      1244.4       356.5    0.3236   -10.9330  random             1.5s
  486      1314.0       531.9    0.3237    -8.2340  random             2.3s
  487      1156.2       412.6    0.3240   -10.9223  random             1.5s
  488      1554.8       372.2    0.3244    -6.6494  random             2.2s
  489       932.3       321.9    0.3248   -10.3502  random             1.4s
  [probe] gen=490 score=225.7 net=1.749 fell=1.000
  490      1377.7       613.1    0.3251    -6.4073  random             2.2s
  491      1455.3       643.0    0.3254    -7.0890  random             2.1s
  492      1470.1       732.0    0.3256    -7.2100  random             2.2s
  493      1680.9       822.0    0.3260    -7.2613  random             2.4s
  494      1366.1       751.8    0.3265    -7.7407  random             2.3s
  495      1179.9       512.6    0.3268    -8.5252  random             1.9s
  496       763.0       164.8    0.3272   -11.8488  random             1.3s
  497      1690.8       633.4    0.3275    -6.8864  random             2.2s
  498      1172.4       423.9    0.3279    -9.5979  random             1.5s
  499       770.4       421.1    0.3283   -10.0360  random             1.4s
  [plot] Saved fitness curve → experiments/thesis/random_variable_gravity/seed_00/fitness_curve.png

Training complete. Best fitness: 1714.0
Best params → experiments/thesis/random_variable_gravity/seed_00/checkpoints/best_params.npy
Fitness curve → experiments/thesis/random_variable_gravity/seed_00/fitness_curve.png
Final Earth scorecard | score=366.9 net=2.444 fell=1.000
Gravity sweep | gravities=5 mean_net=3.524 worst_net=1.648
  [exp] Wrote experiments/thesis/random_variable_gravity/seed_00/experiment.json
  [exp] Wrote experiments/thesis/random_variable_gravity/seed_00/training_log.csv
  [exp] Wrote experiments/thesis/random_variable_gravity/seed_00/earth_probe.csv
  [exp] Wrote experiments/thesis/random_variable_gravity/seed_00/gravity_sweep.csv
  [exp] Wrote experiments/thesis/random_variable_gravity/seed_00/summary.json
