Walker2d-v5 | policy=CPG  params=504
Curriculum   : AdaptiveProgression  [-1.6→-3.0→-5.0→-7.0→-9.81]  plateau=30gen  min_improve=5.0
Run context | seed=0 arm=adaptive_progression run_id=adaptive_progression_seed_00

Schedule | penalty_min=0.20 penalty_ramp_gen=200 corr_min=0.00 corr_max=0.50 corr_ramp_gen=200

Starting CMA-ES | pop=40 | sigma0=0.5 | max_gen=500 | workers=8 | seed=0
Checkpoints → experiments/thesis/adaptive_progression/seed_00/checkpoints/

  Gen        Best        Mean     Sigma    Pen   Corr    Gravity  Phase              Time
------------------------------------------------------------------------------------
  [probe] gen=0 score=-381.2 net=-0.223 fell=1.000 [new best earth]
  [plot] Saved fitness curve → experiments/thesis/adaptive_progression/seed_00/fitness_curve.png
    0       -63.4       -76.6    0.4903   0.20   0.00    -1.6000  lv0(-1.6)          1.5s
    1       -57.8       -75.0    0.4821   0.20   0.00    -1.6000  lv0(-1.6)          0.2s
    2       -55.5       -71.5    0.4746   0.21   0.01    -1.6000  lv0(-1.6)          0.2s
    3       -53.5       -72.2    0.4678   0.21   0.01    -1.6000  lv0(-1.6)          0.2s
    4       -44.4       -75.0    0.4617   0.22   0.01    -1.6000  lv0(-1.6)          0.2s
    5       -41.7       -76.0    0.4561   0.22   0.01    -1.6000  lv0(-1.6)          0.2s
    6       -49.1       -72.9    0.4511   0.22   0.01    -1.6000  lv0(-1.6)          0.2s
    7       -43.0       -77.1    0.4465   0.23   0.02    -1.6000  lv0(-1.6)          0.2s
    8       -50.1       -74.6    0.4424   0.23   0.02    -1.6000  lv0(-1.6)          0.2s
    9       -47.1       -69.9    0.4385   0.24   0.02    -1.6000  lv0(-1.6)          0.3s
  [probe] gen=10 score=-415.2 net=-0.171 fell=1.000
   10       -12.6       -67.8    0.4351   0.24   0.03    -1.6000  lv0(-1.6)          0.3s
   11       -28.6       -69.6    0.4320   0.24   0.03    -1.6000  lv0(-1.6)          0.3s
   12       -18.0       -67.8    0.4291   0.25   0.03    -1.6000  lv0(-1.6)          0.4s
   13       -12.4       -64.8    0.4263   0.25   0.03    -1.6000  lv0(-1.6)          0.4s
   14       -41.6       -73.3    0.4238   0.26   0.04    -1.6000  lv0(-1.6)          0.3s
   15       -30.6       -74.8    0.4214   0.26   0.04    -1.6000  lv0(-1.6)          0.3s
   16        -6.9       -70.8    0.4193   0.26   0.04    -1.6000  lv0(-1.6)          0.3s
   17       -15.6       -74.1    0.4173   0.27   0.04    -1.6000  lv0(-1.6)          0.3s
   18       -15.1       -77.8    0.4154   0.27   0.04    -1.6000  lv0(-1.6)          0.3s
   19        -6.6       -75.1    0.4134   0.28   0.05    -1.6000  lv0(-1.6)          0.4s
  [probe] gen=20 score=-387.5 net=-0.214 fell=1.000
   20       -24.5       -75.4    0.4116   0.28   0.05    -1.6000  lv0(-1.6)          0.3s
   21         1.2       -72.5    0.4098   0.28   0.05    -1.6000  lv0(-1.6)          0.4s
   22        13.0       -67.8    0.4083   0.29   0.06    -1.6000  lv0(-1.6)          0.4s
   23        54.2       -55.2    0.4069   0.29   0.06    -1.6000  lv0(-1.6)          0.5s
   24        24.8       -66.0    0.4056   0.30   0.06    -1.6000  lv0(-1.6)          0.4s
  [plot] Saved fitness curve → experiments/thesis/adaptive_progression/seed_00/fitness_curve.png
   25        27.9       -55.2    0.4044   0.30   0.06    -1.6000  lv0(-1.6)          0.5s
   26        62.4       -58.6    0.4034   0.30   0.07    -1.6000  lv0(-1.6)          0.4s
   27        22.4       -59.5    0.4025   0.31   0.07    -1.6000  lv0(-1.6)          0.5s
   28        45.5       -68.0    0.4016   0.31   0.07    -1.6000  lv0(-1.6)          0.4s
   29        27.7       -78.9    0.4009   0.32   0.07    -1.6000  lv0(-1.6)          0.4s
  [probe] gen=30 score=-208.0 net=0.234 fell=1.000 [new best earth]
   30        17.0       -63.4    0.4003   0.32   0.07    -1.6000  lv0(-1.6)          0.5s
   31        54.2       -56.5    0.3998   0.32   0.08    -1.6000  lv0(-1.6)          0.5s
   32        40.5       -62.8    0.3993   0.33   0.08    -1.6000  lv0(-1.6)          0.5s
   33        59.4       -45.5    0.3990   0.33   0.08    -1.6000  lv0(-1.6)          0.6s
   34        73.6       -27.1    0.3986   0.34   0.09    -1.6000  lv0(-1.6)          0.7s
   35       143.1       -30.4    0.3984   0.34   0.09    -1.6000  lv0(-1.6)          0.6s
   36       103.4       -46.2    0.3985   0.34   0.09    -1.6000  lv0(-1.6)          0.5s
   37       138.2       -25.4    0.3985   0.35   0.09    -1.6000  lv0(-1.6)          0.7s
   38       121.4        -5.7    0.3986   0.35   0.10    -1.6000  lv0(-1.6)          0.8s
   39       112.5       -20.1    0.3986   0.36   0.10    -1.6000  lv0(-1.6)          0.7s
  [probe] gen=40 score=-317.6 net=-0.133 fell=1.000
   40       181.5       -30.0    0.3987   0.36   0.10    -1.6000  lv0(-1.6)          0.7s
   41       203.0       -35.0    0.3989   0.36   0.10    -1.6000  lv0(-1.6)          0.5s
   42       164.5       -47.3    0.3990   0.37   0.10    -1.6000  lv0(-1.6)          0.9s
   43       180.9        -1.5    0.3989   0.37   0.11    -1.6000  lv0(-1.6)          0.9s
   44       250.8        -6.1    0.3989   0.38   0.11    -1.6000  lv0(-1.6)          0.9s
   45       154.7        -8.4    0.3989   0.38   0.11    -1.6000  lv0(-1.6)          0.9s
   46       227.8       -14.8    0.3989   0.38   0.12    -1.6000  lv0(-1.6)          0.9s
   47       185.7        -3.3    0.3991   0.39   0.12    -1.6000  lv0(-1.6)          0.9s
   48       264.7        19.5    0.3992   0.39   0.12    -1.6000  lv0(-1.6)          0.9s
   49       228.0        12.8    0.3995   0.40   0.12    -1.6000  lv0(-1.6)          0.9s
  [probe] gen=50 score=-16.6 net=0.868 fell=1.000 [new best earth]
  [plot] Saved fitness curve → experiments/thesis/adaptive_progression/seed_00/fitness_curve.png
   50       261.5        21.4    0.3997   0.40   0.12    -1.6000  lv0(-1.6)          0.9s
   51       224.0         1.7    0.3999   0.40   0.13    -1.6000  lv0(-1.6)          1.0s
   52       194.9       -15.9    0.4002   0.41   0.13    -1.6000  lv0(-1.6)          0.8s
   53       625.2        16.7    0.4005   0.41   0.13    -1.6000  lv0(-1.6)          0.8s
   54       297.9         2.7    0.4008   0.42   0.14    -1.6000  lv0(-1.6)          1.0s
   55       300.2         1.2    0.4010   0.42   0.14    -1.6000  lv0(-1.6)          0.9s
   56       273.2       -21.0    0.4011   0.42   0.14    -1.6000  lv0(-1.6)          0.9s
   57       303.2         3.7    0.4013   0.43   0.14    -1.6000  lv0(-1.6)          0.9s
   58       245.1       -35.6    0.4015   0.43   0.14    -1.6000  lv0(-1.6)          0.7s
   59       246.4       -15.7    0.4019   0.44   0.15    -1.6000  lv0(-1.6)          0.7s
  [probe] gen=60 score=-498.6 net=-1.002 fell=1.000
   60       300.4         3.8    0.4022   0.44   0.15    -1.6000  lv0(-1.6)          0.9s
   61       335.3       -15.1    0.4025   0.44   0.15    -1.6000  lv0(-1.6)          1.0s
   62       271.1         8.7    0.4027   0.45   0.15    -1.6000  lv0(-1.6)          0.9s
   63       220.3        -8.0    0.4028   0.45   0.16    -1.6000  lv0(-1.6)          1.0s
   64       244.1       -16.8    0.4028   0.46   0.16    -1.6000  lv0(-1.6)          0.9s
   65       350.1       -20.4    0.4028   0.46   0.16    -1.6000  lv0(-1.6)          0.8s
   66       256.5       -36.3    0.4028   0.46   0.17    -1.6000  lv0(-1.6)          0.9s
   67       296.2       -16.1    0.4030   0.47   0.17    -1.6000  lv0(-1.6)          0.8s
   68       258.1         1.6    0.4032   0.47   0.17    -1.6000  lv0(-1.6)          1.0s
   69       258.8         4.1    0.4036   0.48   0.17    -1.6000  lv0(-1.6)          0.9s
  [probe] gen=70 score=-298.1 net=-0.137 fell=1.000
   70       228.1       -28.5    0.4038   0.48   0.17    -1.6000  lv0(-1.6)          0.8s
   71       323.5         6.7    0.4041   0.48   0.18    -1.6000  lv0(-1.6)          0.8s
   72       345.3       -21.5    0.4044   0.49   0.18    -1.6000  lv0(-1.6)          0.9s
   73       276.2        -7.3    0.4047   0.49   0.18    -1.6000  lv0(-1.6)          1.0s
   74       330.4       -24.4    0.4051   0.50   0.18    -1.6000  lv0(-1.6)          0.9s
  [plot] Saved fitness curve → experiments/thesis/adaptive_progression/seed_00/fitness_curve.png
   75       237.3        -0.0    0.4055   0.50   0.19    -1.6000  lv0(-1.6)          1.2s
   76       177.3       -51.2    0.4058   0.50   0.19    -1.6000  lv0(-1.6)          1.0s
   77       192.0       -21.4    0.4061   0.51   0.19    -1.6000  lv0(-1.6)          1.1s
   78       238.6         2.8    0.4064   0.51   0.20    -1.6000  lv0(-1.6)          1.0s
   79       185.6        -1.9    0.4067   0.52   0.20    -1.6000  lv0(-1.6)          1.0s
  [probe] gen=80 score=-382.9 net=-0.206 fell=1.000
   80       206.6       -20.0    0.4071   0.52   0.20    -1.6000  lv0(-1.6)          0.9s
   81       185.0         6.8    0.4075   0.52   0.20    -1.6000  lv0(-1.6)          1.2s
   82       206.7        27.6    0.4079   0.53   0.20    -1.6000  lv0(-1.6)          1.4s
  [stage] gen=83  gravity -1.60 → -3.00  ES restarted  remaining=416
   83       346.1        31.2    0.5000   0.53   0.21    -1.6000  lv0(-1.6)          1.4s
   84       111.7      -144.3    0.4906   0.54   0.21    -3.0000  lv1(-3.0)          0.5s
   85       163.4      -135.8    0.4823   0.54   0.21    -3.0000  lv1(-3.0)          0.8s
   86       296.9      -107.9    0.4750   0.54   0.21    -3.0000  lv1(-3.0)          0.8s
   87       111.1       -92.7    0.4684   0.55   0.22    -3.0000  lv1(-3.0)          0.8s
   88       127.6       -99.7    0.4623   0.55   0.22    -3.0000  lv1(-3.0)          0.7s
   89       113.4       -68.3    0.4568   0.56   0.22    -3.0000  lv1(-3.0)          0.6s
  [probe] gen=90 score=-247.5 net=0.024 fell=1.000
   90       135.4       -83.6    0.4518   0.56   0.23    -3.0000  lv1(-3.0)          0.8s
   91       181.9       -50.1    0.4470   0.56   0.23    -3.0000  lv1(-3.0)          0.7s
   92       127.3       -78.5    0.4428   0.57   0.23    -3.0000  lv1(-3.0)          0.9s
   93       105.5       -54.8    0.4390   0.57   0.23    -3.0000  lv1(-3.0)          0.8s
   94       157.5        -6.6    0.4354   0.58   0.23    -3.0000  lv1(-3.0)          0.8s
   95       154.8       -39.2    0.4320   0.58   0.24    -3.0000  lv1(-3.0)          0.7s
   96       358.1       -27.3    0.4285   0.58   0.24    -3.0000  lv1(-3.0)          0.8s
   97       223.1       -23.5    0.4252   0.59   0.24    -3.0000  lv1(-3.0)          0.8s
   98       294.3         0.7    0.4224   0.59   0.24    -3.0000  lv1(-3.0)          1.0s
   99       168.9       -78.6    0.4199   0.60   0.25    -3.0000  lv1(-3.0)          0.8s
  [probe] gen=100 score=-125.5 net=0.405 fell=1.000
  [plot] Saved fitness curve → experiments/thesis/adaptive_progression/seed_00/fitness_curve.png
  100       151.7       -12.1    0.4176   0.60   0.25    -3.0000  lv1(-3.0)          0.9s
  101       366.9        20.5    0.4155   0.60   0.25    -3.0000  lv1(-3.0)          0.9s
  102       258.4       -32.8    0.4134   0.61   0.26    -3.0000  lv1(-3.0)          1.0s
  103       267.4        15.5    0.4114   0.61   0.26    -3.0000  lv1(-3.0)          1.0s
  104       286.8        65.5    0.4098   0.62   0.26    -3.0000  lv1(-3.0)          1.1s
  105       292.7        28.1    0.4083   0.62   0.26    -3.0000  lv1(-3.0)          1.0s
  106       244.6        22.7    0.4069   0.62   0.27    -3.0000  lv1(-3.0)          1.2s
  107       258.2        32.6    0.4057   0.63   0.27    -3.0000  lv1(-3.0)          1.1s
  108       432.0        82.8    0.4046   0.63   0.27    -3.0000  lv1(-3.0)          1.5s
  109       317.1        40.6    0.4036   0.64   0.27    -3.0000  lv1(-3.0)          1.4s
  [probe] gen=110 score=-16.7 net=0.837 fell=1.000
  110       393.7        60.2    0.4028   0.64   0.28    -3.0000  lv1(-3.0)          1.3s
  111       413.5        96.1    0.4019   0.64   0.28    -3.0000  lv1(-3.0)          1.4s
  112       545.8       109.0    0.4011   0.65   0.28    -3.0000  lv1(-3.0)          1.2s
  113       537.1       163.5    0.4003   0.65   0.28    -3.0000  lv1(-3.0)          1.8s
  [stage] gen=114  gravity -3.00 → -5.00  ES restarted  remaining=385
  114       466.3       112.6    0.5000   0.66   0.28    -3.0000  lv1(-3.0)          1.5s
  115        33.4      -147.5    0.4904   0.66   0.29    -5.0000  lv2(-5.0)          0.6s
  116       109.7      -149.8    0.4823   0.66   0.29    -5.0000  lv2(-5.0)          0.6s
  117       110.0      -136.0    0.4750   0.67   0.29    -5.0000  lv2(-5.0)          0.5s
  118       126.2      -173.7    0.4684   0.67   0.29    -5.0000  lv2(-5.0)          0.5s
  119       112.0      -150.4    0.4624   0.68   0.30    -5.0000  lv2(-5.0)          0.6s
  [probe] gen=120 score=-223.6 net=-0.017 fell=1.000
  120        61.5      -189.0    0.4568   0.68   0.30    -5.0000  lv2(-5.0)          0.4s
  121       112.1      -132.5    0.4517   0.68   0.30    -5.0000  lv2(-5.0)          0.6s
  122       142.0       -93.7    0.4470   0.69   0.30    -5.0000  lv2(-5.0)          0.6s
  123       144.7      -123.9    0.4428   0.69   0.31    -5.0000  lv2(-5.0)          0.8s
  124       189.2      -112.0    0.4390   0.70   0.31    -5.0000  lv2(-5.0)          1.0s
  [plot] Saved fitness curve → experiments/thesis/adaptive_progression/seed_00/fitness_curve.png
  125       203.6      -110.2    0.4355   0.70   0.31    -5.0000  lv2(-5.0)          0.9s
  126       341.6       -85.9    0.4324   0.70   0.32    -5.0000  lv2(-5.0)          0.9s
  127       315.9       -66.9    0.4294   0.71   0.32    -5.0000  lv2(-5.0)          1.1s
  128       325.5       -39.2    0.4265   0.71   0.32    -5.0000  lv2(-5.0)          1.1s
  129       427.9       -72.3    0.4239   0.72   0.32    -5.0000  lv2(-5.0)          1.1s
  [probe] gen=130 score=22.1 net=1.021 fell=1.000 [new best earth]
  130       330.9        22.0    0.4213   0.72   0.33    -5.0000  lv2(-5.0)          1.1s
  131       334.2        31.1    0.4187   0.72   0.33    -5.0000  lv2(-5.0)          1.2s
  132       360.1       -54.9    0.4161   0.73   0.33    -5.0000  lv2(-5.0)          1.1s
  133       383.2        38.4    0.4134   0.73   0.33    -5.0000  lv2(-5.0)          1.4s
  134       338.2       -12.2    0.4109   0.74   0.34    -5.0000  lv2(-5.0)          1.3s
  135       308.6        88.6    0.4086   0.74   0.34    -5.0000  lv2(-5.0)          1.3s
  136       352.9        79.7    0.4064   0.74   0.34    -5.0000  lv2(-5.0)          1.3s
  137       387.9        68.6    0.4044   0.75   0.34    -5.0000  lv2(-5.0)          1.3s
  138       349.7        86.6    0.4027   0.75   0.34    -5.0000  lv2(-5.0)          1.4s
  139       308.1        37.1    0.4011   0.76   0.35    -5.0000  lv2(-5.0)          1.2s
  [probe] gen=140 score=172.1 net=1.626 fell=1.000 [new best earth]
  140       350.4        61.8    0.3999   0.76   0.35    -5.0000  lv2(-5.0)          1.3s
  141       401.3        93.2    0.3985   0.76   0.35    -5.0000  lv2(-5.0)          1.2s
  142       450.5        92.0    0.3971   0.77   0.35    -5.0000  lv2(-5.0)          1.4s
  143       478.6        40.0    0.3958   0.77   0.36    -5.0000  lv2(-5.0)          1.4s
  144       389.9        89.6    0.3946   0.78   0.36    -5.0000  lv2(-5.0)          1.3s
  [stage] gen=145  gravity -5.00 → -7.00  ES restarted  remaining=354
  145       495.7       101.4    0.5000   0.78   0.36    -5.0000  lv2(-5.0)          1.5s
  146        89.9      -219.2    0.4904   0.78   0.36    -7.0000  lv3(-7.0)          0.5s
  147         9.6      -230.4    0.4819   0.79   0.37    -7.0000  lv3(-7.0)          0.6s
  148       109.8      -255.8    0.4746   0.79   0.37    -7.0000  lv3(-7.0)          0.5s
  149       111.4      -195.7    0.4680   0.80   0.37    -7.0000  lv3(-7.0)          0.7s
  [probe] gen=150 score=-48.9 net=0.741 fell=1.000
  [plot] Saved fitness curve → experiments/thesis/adaptive_progression/seed_00/fitness_curve.png
  150        29.7      -215.6    0.4617   0.80   0.38    -7.0000  lv3(-7.0)          0.5s
  151        44.5      -218.5    0.4559   0.80   0.38    -7.0000  lv3(-7.0)          0.5s
  152       119.2      -191.6    0.4505   0.81   0.38    -7.0000  lv3(-7.0)          0.6s
  153        93.3      -158.0    0.4456   0.81   0.38    -7.0000  lv3(-7.0)          0.7s
  154        87.2      -152.1    0.4409   0.82   0.39    -7.0000  lv3(-7.0)          0.8s
  155       206.8       -56.5    0.4365   0.82   0.39    -7.0000  lv3(-7.0)          0.8s
  156       204.3       -82.9    0.4324   0.82   0.39    -7.0000  lv3(-7.0)          0.8s
  157       158.0       -67.3    0.4286   0.83   0.39    -7.0000  lv3(-7.0)          0.9s
  158       219.0       -21.1    0.4251   0.83   0.40    -7.0000  lv3(-7.0)          1.1s
  159       152.6       -29.8    0.4220   0.84   0.40    -7.0000  lv3(-7.0)          1.0s
  [probe] gen=160 score=2.9 net=0.897 fell=1.000
  160        86.2       -46.7    0.4191   0.84   0.40    -7.0000  lv3(-7.0)          0.9s
  161       139.9       -34.5    0.4164   0.84   0.40    -7.0000  lv3(-7.0)          0.9s
  162       110.0       -16.2    0.4137   0.85   0.41    -7.0000  lv3(-7.0)          1.0s
  163       122.2        -7.9    0.4111   0.85   0.41    -7.0000  lv3(-7.0)          1.1s
  164       275.9       -51.2    0.4088   0.86   0.41    -7.0000  lv3(-7.0)          1.0s
  165       245.5       -94.0    0.4067   0.86   0.41    -7.0000  lv3(-7.0)          1.0s
  166       131.3       -81.3    0.4047   0.86   0.41    -7.0000  lv3(-7.0)          1.0s
  167       242.8       -78.5    0.4028   0.87   0.42    -7.0000  lv3(-7.0)          1.0s
  168       285.6       -49.6    0.4009   0.87   0.42    -7.0000  lv3(-7.0)          1.0s
  169       175.4        -9.5    0.3989   0.88   0.42    -7.0000  lv3(-7.0)          1.0s
  [probe] gen=170 score=78.9 net=1.124 fell=1.000
  170       285.7       -24.5    0.3970   0.88   0.42    -7.0000  lv3(-7.0)          1.0s
  171       156.8       -57.0    0.3953   0.88   0.43    -7.0000  lv3(-7.0)          1.0s
  172       202.6         8.6    0.3938   0.89   0.43    -7.0000  lv3(-7.0)          1.2s
  173       175.7        -5.8    0.3923   0.89   0.43    -7.0000  lv3(-7.0)          1.0s
  174       227.7        11.5    0.3910   0.90   0.43    -7.0000  lv3(-7.0)          1.2s
  [plot] Saved fitness curve → experiments/thesis/adaptive_progression/seed_00/fitness_curve.png
  175       182.6       -16.6    0.3899   0.90   0.44    -7.0000  lv3(-7.0)          1.2s
  [stage] gen=176  gravity -7.00 → -9.81  ES restarted  remaining=323
  176       166.0        19.4    0.5000   0.90   0.44    -7.0000  lv3(-7.0)          1.2s
  177        71.6      -286.7    0.4904   0.91   0.44    -9.8100  lv4(-9.8)          0.3s
  178        43.1      -307.0    0.4822   0.91   0.45    -9.8100  lv4(-9.8)          0.4s
  179        -6.2      -267.9    0.4748   0.92   0.45    -9.8100  lv4(-9.8)          0.5s
  [probe] gen=180 score=-49.6 net=0.754 fell=1.000
  180         6.2      -241.2    0.4685   0.92   0.45    -9.8100  lv4(-9.8)          0.4s
  181         7.9      -238.3    0.4628   0.92   0.45    -9.8100  lv4(-9.8)          0.4s
  182        16.8      -211.8    0.4576   0.93   0.46    -9.8100  lv4(-9.8)          0.5s
  183       148.9      -222.3    0.4527   0.93   0.46    -9.8100  lv4(-9.8)          0.4s
  184        74.7      -178.6    0.4482   0.94   0.46    -9.8100  lv4(-9.8)          0.5s
  185        31.0      -160.2    0.4441   0.94   0.46    -9.8100  lv4(-9.8)          0.5s
  186       167.0      -113.9    0.4406   0.94   0.47    -9.8100  lv4(-9.8)          0.5s
  187        93.7      -117.9    0.4372   0.95   0.47    -9.8100  lv4(-9.8)          0.6s
  188        60.8       -95.0    0.4340   0.95   0.47    -9.8100  lv4(-9.8)          0.7s
  189       131.4       -73.9    0.4311   0.96   0.47    -9.8100  lv4(-9.8)          0.7s
  [probe] gen=190 score=-7.3 net=0.776 fell=1.000
  190       100.0       -66.7    0.4285   0.96   0.47    -9.8100  lv4(-9.8)          0.6s
  191       159.9       -76.0    0.4259   0.96   0.48    -9.8100  lv4(-9.8)          0.7s
  192       333.9       -51.2    0.4236   0.97   0.48    -9.8100  lv4(-9.8)          0.8s
  193       215.4       -82.5    0.4213   0.97   0.48    -9.8100  lv4(-9.8)          0.7s
  194       100.7      -117.7    0.4191   0.98   0.48    -9.8100  lv4(-9.8)          0.7s
  195       145.1       -69.6    0.4170   0.98   0.49    -9.8100  lv4(-9.8)          0.8s
  196       232.8       -76.1    0.4148   0.98   0.49    -9.8100  lv4(-9.8)          0.6s
  197       137.1       -33.1    0.4129   0.99   0.49    -9.8100  lv4(-9.8)          0.6s
  198       192.6       -79.4    0.4111   0.99   0.49    -9.8100  lv4(-9.8)          0.7s
  199       175.0       -27.0    0.4096   1.00   0.50    -9.8100  lv4(-9.8)          0.7s
  [probe] gen=200 score=82.9 net=1.096 fell=1.000
  [plot] Saved fitness curve → experiments/thesis/adaptive_progression/seed_00/fitness_curve.png
  200       236.6       -37.6    0.4082   1.00   0.50    -9.8100  lv4(-9.8)          0.7s
  201       136.8        -7.1    0.4071   1.00   0.50    -9.8100  lv4(-9.8)          0.7s
  202       217.5       -13.9    0.4059   1.00   0.50    -9.8100  lv4(-9.8)          0.7s
  203       180.6       -29.9    0.4048   1.00   0.50    -9.8100  lv4(-9.8)          0.7s
  204       141.2        -6.3    0.4040   1.00   0.50    -9.8100  lv4(-9.8)          0.7s
  205       165.2        -9.2    0.4033   1.00   0.50    -9.8100  lv4(-9.8)          0.7s
  206       170.8       -18.4    0.4025   1.00   0.50    -9.8100  lv4(-9.8)          0.8s
  207       164.3       -57.0    0.4019   1.00   0.50    -9.8100  lv4(-9.8)          0.7s
  208       194.1       -64.8    0.4013   1.00   0.50    -9.8100  lv4(-9.8)          0.7s
  209       164.1       -66.3    0.4005   1.00   0.50    -9.8100  lv4(-9.8)          0.6s
  [probe] gen=210 score=114.1 net=1.414 fell=1.000
  210       174.5       -24.8    0.3999   1.00   0.50    -9.8100  lv4(-9.8)          0.8s
  211       212.0       -74.3    0.3992   1.00   0.50    -9.8100  lv4(-9.8)          0.6s
  212       138.7       -81.6    0.3986   1.00   0.50    -9.8100  lv4(-9.8)          0.6s
  213       215.1       -10.7    0.3981   1.00   0.50    -9.8100  lv4(-9.8)          0.6s
  214       217.3        31.5    0.3976   1.00   0.50    -9.8100  lv4(-9.8)          0.6s
  215       198.2       -34.5    0.3971   1.00   0.50    -9.8100  lv4(-9.8)          0.7s
  216       199.0       -14.1    0.3965   1.00   0.50    -9.8100  lv4(-9.8)          0.7s
  217       181.3        22.1    0.3961   1.00   0.50    -9.8100  lv4(-9.8)          0.8s
  218       188.3       -23.6    0.3956   1.00   0.50    -9.8100  lv4(-9.8)          0.7s
  219       196.5        11.0    0.3950   1.00   0.50    -9.8100  lv4(-9.8)          0.8s
  [probe] gen=220 score=207.9 net=1.769 fell=1.000 [new best earth]
  220       217.9        -2.0    0.3945   1.00   0.50    -9.8100  lv4(-9.8)          0.7s
  221       216.8         9.8    0.3940   1.00   0.50    -9.8100  lv4(-9.8)          0.7s
  222       228.4       -26.5    0.3937   1.00   0.50    -9.8100  lv4(-9.8)          0.7s
  223       368.0       -10.0    0.3932   1.00   0.50    -9.8100  lv4(-9.8)          0.7s
  224       266.9        45.6    0.3928   1.00   0.50    -9.8100  lv4(-9.8)          0.8s
  [plot] Saved fitness curve → experiments/thesis/adaptive_progression/seed_00/fitness_curve.png
  225       231.7         4.4    0.3925   1.00   0.50    -9.8100  lv4(-9.8)          0.8s
  226       229.0        23.5    0.3924   1.00   0.50    -9.8100  lv4(-9.8)          0.8s
  227       252.4        66.6    0.3922   1.00   0.50    -9.8100  lv4(-9.8)          0.9s
  228       239.7        45.1    0.3921   1.00   0.50    -9.8100  lv4(-9.8)          0.7s
  229       265.0        12.8    0.3918   1.00   0.50    -9.8100  lv4(-9.8)          0.7s
  [probe] gen=230 score=155.6 net=1.510 fell=1.000
  230       275.8        66.7    0.3916   1.00   0.50    -9.8100  lv4(-9.8)          0.7s
  231       263.6        40.0    0.3911   1.00   0.50    -9.8100  lv4(-9.8)          0.7s
  232       259.2        63.9    0.3906   1.00   0.50    -9.8100  lv4(-9.8)          0.8s
  233       334.5       112.6    0.3901   1.00   0.50    -9.8100  lv4(-9.8)          0.7s
  234       370.5        97.3    0.3895   1.00   0.50    -9.8100  lv4(-9.8)          0.7s
  235       331.8       108.5    0.3890   1.00   0.50    -9.8100  lv4(-9.8)          0.8s
  236       330.0       104.8    0.3888   1.00   0.50    -9.8100  lv4(-9.8)          0.7s
  237       338.8        66.3    0.3888   1.00   0.50    -9.8100  lv4(-9.8)          0.8s
  238       383.8        85.6    0.3889   1.00   0.50    -9.8100  lv4(-9.8)          0.8s
  239       478.5        15.4    0.3888   1.00   0.50    -9.8100  lv4(-9.8)          0.9s
  [probe] gen=240 score=363.4 net=2.487 fell=1.000 [new best earth]
  240       406.8       124.2    0.3886   1.00   0.50    -9.8100  lv4(-9.8)          0.9s
  241       402.3        31.2    0.3884   1.00   0.50    -9.8100  lv4(-9.8)          0.7s
  242       398.8       102.5    0.3881   1.00   0.50    -9.8100  lv4(-9.8)          0.7s
  243       463.9       134.2    0.3878   1.00   0.50    -9.8100  lv4(-9.8)          0.8s
  244       387.2        74.5    0.3874   1.00   0.50    -9.8100  lv4(-9.8)          0.8s
  245       368.5        34.2    0.3871   1.00   0.50    -9.8100  lv4(-9.8)          0.8s
  246       358.7        82.9    0.3867   1.00   0.50    -9.8100  lv4(-9.8)          1.0s
  247       367.3        75.8    0.3864   1.00   0.50    -9.8100  lv4(-9.8)          0.9s
  248       688.8        72.8    0.3861   1.00   0.50    -9.8100  lv4(-9.8)          0.9s
  249       365.1        63.0    0.3859   1.00   0.50    -9.8100  lv4(-9.8)          0.9s
  [probe] gen=250 score=361.6 net=2.469 fell=1.000
  [plot] Saved fitness curve → experiments/thesis/adaptive_progression/seed_00/fitness_curve.png
  250       496.2        75.3    0.3857   1.00   0.50    -9.8100  lv4(-9.8)          0.9s
  251       364.6        97.3    0.3856   1.00   0.50    -9.8100  lv4(-9.8)          0.8s
  252       459.5       146.9    0.3853   1.00   0.50    -9.8100  lv4(-9.8)          1.0s
  253       513.2       116.9    0.3851   1.00   0.50    -9.8100  lv4(-9.8)          1.0s
  254       672.4        60.3    0.3852   1.00   0.50    -9.8100  lv4(-9.8)          0.9s
  255       491.7       111.9    0.3851   1.00   0.50    -9.8100  lv4(-9.8)          1.0s
  256       414.3        36.9    0.3850   1.00   0.50    -9.8100  lv4(-9.8)          0.8s
  257       429.5        -4.6    0.3850   1.00   0.50    -9.8100  lv4(-9.8)          0.9s
  258       455.1        39.8    0.3848   1.00   0.50    -9.8100  lv4(-9.8)          0.9s
  259       618.5        88.3    0.3846   1.00   0.50    -9.8100  lv4(-9.8)          0.9s
  [probe] gen=260 score=395.0 net=2.461 fell=1.000 [new best earth]
  260       455.1        79.8    0.3845   1.00   0.50    -9.8100  lv4(-9.8)          0.9s
  261       379.2        95.7    0.3843   1.00   0.50    -9.8100  lv4(-9.8)          0.8s
  262       484.9        -4.9    0.3842   1.00   0.50    -9.8100  lv4(-9.8)          0.8s
  263       455.1        84.4    0.3843   1.00   0.50    -9.8100  lv4(-9.8)          0.9s
  264       524.5       156.6    0.3843   1.00   0.50    -9.8100  lv4(-9.8)          1.0s
  265       529.3        97.0    0.3843   1.00   0.50    -9.8100  lv4(-9.8)          0.9s
  266       472.3       169.6    0.3841   1.00   0.50    -9.8100  lv4(-9.8)          1.0s
  267       746.3        82.3    0.3839   1.00   0.50    -9.8100  lv4(-9.8)          0.9s
  268       625.3       201.2    0.3838   1.00   0.50    -9.8100  lv4(-9.8)          1.1s
  269       716.6       188.8    0.3839   1.00   0.50    -9.8100  lv4(-9.8)          1.3s
  [probe] gen=270 score=521.5 net=2.909 fell=1.000 [new best earth]
  270       565.9        86.3    0.3839   1.00   0.50    -9.8100  lv4(-9.8)          1.0s
  271       511.2       108.4    0.3842   1.00   0.50    -9.8100  lv4(-9.8)          0.8s
  272       768.2       192.5    0.3847   1.00   0.50    -9.8100  lv4(-9.8)          1.0s
  273       691.7       132.2    0.3850   1.00   0.50    -9.8100  lv4(-9.8)          1.1s
  274       747.0       104.2    0.3853   1.00   0.50    -9.8100  lv4(-9.8)          1.2s
  [plot] Saved fitness curve → experiments/thesis/adaptive_progression/seed_00/fitness_curve.png
  275       901.8       276.7    0.3856   1.00   0.50    -9.8100  lv4(-9.8)          1.4s
  276       664.5       133.0    0.3858   1.00   0.50    -9.8100  lv4(-9.8)          1.2s
  277       695.2       123.4    0.3861   1.00   0.50    -9.8100  lv4(-9.8)          1.2s
  278       724.0       198.0    0.3865   1.00   0.50    -9.8100  lv4(-9.8)          1.4s
  279       752.1       160.4    0.3866   1.00   0.50    -9.8100  lv4(-9.8)          1.3s
  [probe] gen=280 score=560.8 net=3.044 fell=0.900 [new best earth]
  280       820.6       312.1    0.3867   1.00   0.50    -9.8100  lv4(-9.8)          1.4s
  281       906.5       261.3    0.3868   1.00   0.50    -9.8100  lv4(-9.8)          1.3s
  282      1219.6       350.6    0.3871   1.00   0.50    -9.8100  lv4(-9.8)          1.5s
  283       879.1       138.1    0.3874   1.00   0.50    -9.8100  lv4(-9.8)          1.4s
  284       804.1       202.0    0.3879   1.00   0.50    -9.8100  lv4(-9.8)          1.4s
  285       882.8       236.0    0.3883   1.00   0.50    -9.8100  lv4(-9.8)          1.6s
  286       900.2       180.0    0.3887   1.00   0.50    -9.8100  lv4(-9.8)          1.7s
  287       740.2       219.0    0.3889   1.00   0.50    -9.8100  lv4(-9.8)          1.4s
  288      1084.2       389.9    0.3892   1.00   0.50    -9.8100  lv4(-9.8)          1.9s
  289       937.7       255.6    0.3894   1.00   0.50    -9.8100  lv4(-9.8)          1.7s
  [probe] gen=290 score=930.1 net=4.743 fell=0.800 [new best earth]
  290      1140.2       388.6    0.3896   1.00   0.50    -9.8100  lv4(-9.8)          2.1s
  291       964.8       296.4    0.3896   1.00   0.50    -9.8100  lv4(-9.8)          1.7s
  292       926.9       270.1    0.3897   1.00   0.50    -9.8100  lv4(-9.8)          1.6s
  293       896.6       242.0    0.3898   1.00   0.50    -9.8100  lv4(-9.8)          1.5s
  294       928.6       289.2    0.3898   1.00   0.50    -9.8100  lv4(-9.8)          1.6s
  295      1031.8       405.7    0.3897   1.00   0.50    -9.8100  lv4(-9.8)          2.0s
  296      1049.8       259.1    0.3896   1.00   0.50    -9.8100  lv4(-9.8)          1.5s
  297       954.5       384.4    0.3895   1.00   0.50    -9.8100  lv4(-9.8)          2.2s
  298       962.7       311.5    0.3893   1.00   0.50    -9.8100  lv4(-9.8)          1.9s
  299       847.6       171.4    0.3890   1.00   0.50    -9.8100  lv4(-9.8)          1.5s
  [probe] gen=300 score=717.4 net=3.780 fell=0.500
  [plot] Saved fitness curve → experiments/thesis/adaptive_progression/seed_00/fitness_curve.png
  300      1145.2       279.1    0.3887   1.00   0.50    -9.8100  lv4(-9.8)          1.5s
  301      1058.3       264.3    0.3882   1.00   0.50    -9.8100  lv4(-9.8)          1.7s
  302      1073.4       308.4    0.3876   1.00   0.50    -9.8100  lv4(-9.8)          1.8s
  303       825.6       345.5    0.3870   1.00   0.50    -9.8100  lv4(-9.8)          1.7s
  304       954.8       377.2    0.3864   1.00   0.50    -9.8100  lv4(-9.8)          1.7s
  305       960.7       364.0    0.3859   1.00   0.50    -9.8100  lv4(-9.8)          1.8s
  306      1097.1       381.3    0.3853   1.00   0.50    -9.8100  lv4(-9.8)          2.1s
  307      1049.0       452.3    0.3848   1.00   0.50    -9.8100  lv4(-9.8)          1.8s
  308       887.2       306.7    0.3840   1.00   0.50    -9.8100  lv4(-9.8)          1.6s
  309      1078.0       437.1    0.3832   1.00   0.50    -9.8100  lv4(-9.8)          1.9s
  [probe] gen=310 score=942.8 net=4.923 fell=0.600 [new best earth]
  310      1148.4       520.2    0.3825   1.00   0.50    -9.8100  lv4(-9.8)          2.2s
  311      1091.4       317.1    0.3818   1.00   0.50    -9.8100  lv4(-9.8)          1.8s
  312       975.1       384.7    0.3812   1.00   0.50    -9.8100  lv4(-9.8)          1.7s
  313       962.9       416.5    0.3805   1.00   0.50    -9.8100  lv4(-9.8)          2.1s
  314      1084.7       485.4    0.3800   1.00   0.50    -9.8100  lv4(-9.8)          2.1s
  315      1135.8       347.4    0.3796   1.00   0.50    -9.8100  lv4(-9.8)          1.9s
  316      1167.9       349.8    0.3790   1.00   0.50    -9.8100  lv4(-9.8)          1.7s
  317      1085.1       320.7    0.3784   1.00   0.50    -9.8100  lv4(-9.8)          1.6s
  318      1148.6       411.1    0.3780   1.00   0.50    -9.8100  lv4(-9.8)          1.9s
  319      1186.3       404.3    0.3778   1.00   0.50    -9.8100  lv4(-9.8)          2.0s
  [probe] gen=320 score=967.7 net=4.849 fell=0.400 [new best earth]
  320      1311.8       450.2    0.3777   1.00   0.50    -9.8100  lv4(-9.8)          2.0s
  321      1089.2       475.9    0.3776   1.00   0.50    -9.8100  lv4(-9.8)          2.1s
  322      1150.6       552.5    0.3776   1.00   0.50    -9.8100  lv4(-9.8)          2.1s
  323      1058.2       558.1    0.3778   1.00   0.50    -9.8100  lv4(-9.8)          2.3s
  324      1029.7       482.9    0.3779   1.00   0.50    -9.8100  lv4(-9.8)          2.4s
  [plot] Saved fitness curve → experiments/thesis/adaptive_progression/seed_00/fitness_curve.png
  325      1203.3       468.3    0.3778   1.00   0.50    -9.8100  lv4(-9.8)          2.1s
  326      1072.1       471.9    0.3778   1.00   0.50    -9.8100  lv4(-9.8)          2.1s
  327      1159.4       482.2    0.3777   1.00   0.50    -9.8100  lv4(-9.8)          2.2s
  328      1126.1       468.9    0.3778   1.00   0.50    -9.8100  lv4(-9.8)          2.6s
  329      1180.8       411.0    0.3779   1.00   0.50    -9.8100  lv4(-9.8)          2.2s
  [probe] gen=330 score=657.5 net=3.370 fell=0.700
  330      1088.0       493.5    0.3780   1.00   0.50    -9.8100  lv4(-9.8)          2.4s
  331      1176.8       551.0    0.3780   1.00   0.50    -9.8100  lv4(-9.8)          2.4s
  332      1252.6       506.9    0.3778   1.00   0.50    -9.8100  lv4(-9.8)          2.2s
  333      1099.2       468.7    0.3776   1.00   0.50    -9.8100  lv4(-9.8)          2.4s
  334      1190.7       641.1    0.3774   1.00   0.50    -9.8100  lv4(-9.8)          3.0s
  335      1162.6       393.3    0.3771   1.00   0.50    -9.8100  lv4(-9.8)          2.2s
  336      1189.4       503.8    0.3770   1.00   0.50    -9.8100  lv4(-9.8)          2.3s
  337      1070.7       511.0    0.3768   1.00   0.50    -9.8100  lv4(-9.8)          2.5s
  338      1207.7       623.4    0.3768   1.00   0.50    -9.8100  lv4(-9.8)          2.6s
  339      1243.3       504.8    0.3767   1.00   0.50    -9.8100  lv4(-9.8)          2.2s
  [probe] gen=340 score=753.0 net=3.749 fell=0.300
  340      1082.1       434.8    0.3765   1.00   0.50    -9.8100  lv4(-9.8)          2.2s
  341      1114.9       430.1    0.3763   1.00   0.50    -9.8100  lv4(-9.8)          2.0s
  342      1237.3       302.7    0.3763   1.00   0.50    -9.8100  lv4(-9.8)          1.9s
  343      1141.6       471.7    0.3762   1.00   0.50    -9.8100  lv4(-9.8)          2.4s
  344      1379.5       618.9    0.3761   1.00   0.50    -9.8100  lv4(-9.8)          2.7s
  345      1160.8       498.4    0.3760   1.00   0.50    -9.8100  lv4(-9.8)          2.4s
  346      1183.0       613.2    0.3760   1.00   0.50    -9.8100  lv4(-9.8)          2.4s
  347      1138.3       628.7    0.3760   1.00   0.50    -9.8100  lv4(-9.8)          2.3s
  348      1280.7       606.1    0.3760   1.00   0.50    -9.8100  lv4(-9.8)          2.5s
  349      1262.1       534.1    0.3762   1.00   0.50    -9.8100  lv4(-9.8)          2.2s
  [probe] gen=350 score=1163.6 net=5.650 fell=0.100 [new best earth]
  [plot] Saved fitness curve → experiments/thesis/adaptive_progression/seed_00/fitness_curve.png
  350      1300.8       629.9    0.3764   1.00   0.50    -9.8100  lv4(-9.8)          2.5s
  351      1378.4       620.9    0.3764   1.00   0.50    -9.8100  lv4(-9.8)          2.3s
  352      1369.6       715.3    0.3766   1.00   0.50    -9.8100  lv4(-9.8)          2.5s
  353      1467.0       605.2    0.3769   1.00   0.50    -9.8100  lv4(-9.8)          2.4s
  354      1229.3       545.7    0.3772   1.00   0.50    -9.8100  lv4(-9.8)          2.3s
  355      1428.5       672.6    0.3774   1.00   0.50    -9.8100  lv4(-9.8)          2.5s
  356      1383.0       688.8    0.3775   1.00   0.50    -9.8100  lv4(-9.8)          2.8s
  357      1545.5       659.0    0.3776   1.00   0.50    -9.8100  lv4(-9.8)          3.0s
  358      1368.3       589.8    0.3776   1.00   0.50    -9.8100  lv4(-9.8)          2.7s
  359      1385.6       576.5    0.3775   1.00   0.50    -9.8100  lv4(-9.8)          2.6s
  [probe] gen=360 score=1115.1 net=5.638 fell=0.400
  360      1321.9       697.0    0.3775   1.00   0.50    -9.8100  lv4(-9.8)          2.6s
  361      1394.8       710.3    0.3775   1.00   0.50    -9.8100  lv4(-9.8)          2.5s
  362      1285.3       669.3    0.3774   1.00   0.50    -9.8100  lv4(-9.8)          2.3s
  363      1287.6       701.9    0.3775   1.00   0.50    -9.8100  lv4(-9.8)          2.6s
  364      1253.3       693.3    0.3774   1.00   0.50    -9.8100  lv4(-9.8)          2.6s
  365      1340.4       776.3    0.3775   1.00   0.50    -9.8100  lv4(-9.8)          2.7s
  366      1517.1       708.9    0.3776   1.00   0.50    -9.8100  lv4(-9.8)          2.6s
  367      1271.6       687.5    0.3777   1.00   0.50    -9.8100  lv4(-9.8)          2.5s
  368      1412.8       567.8    0.3777   1.00   0.50    -9.8100  lv4(-9.8)          2.3s
  369      1265.3       599.5    0.3778   1.00   0.50    -9.8100  lv4(-9.8)          2.3s
  [probe] gen=370 score=1112.5 net=5.987 fell=0.700
  370      1490.6       668.0    0.3777   1.00   0.50    -9.8100  lv4(-9.8)          2.3s
  371      1134.4       559.3    0.3774   1.00   0.50    -9.8100  lv4(-9.8)          1.8s
  372      1477.3       623.5    0.3771   1.00   0.50    -9.8100  lv4(-9.8)          2.3s
  373      1403.2       636.1    0.3769   1.00   0.50    -9.8100  lv4(-9.8)          2.3s
  374      1440.7       659.7    0.3767   1.00   0.50    -9.8100  lv4(-9.8)          2.3s
  [plot] Saved fitness curve → experiments/thesis/adaptive_progression/seed_00/fitness_curve.png
  375      1315.4       622.8    0.3763   1.00   0.50    -9.8100  lv4(-9.8)          2.5s
  376      1373.2       603.0    0.3759   1.00   0.50    -9.8100  lv4(-9.8)          2.4s
  377      1418.3       567.2    0.3756   1.00   0.50    -9.8100  lv4(-9.8)          2.2s
  378      1257.7       531.8    0.3753   1.00   0.50    -9.8100  lv4(-9.8)          2.2s
  379      1304.7       698.1    0.3749   1.00   0.50    -9.8100  lv4(-9.8)          2.4s
  [probe] gen=380 score=914.9 net=4.579 fell=0.300
  380      1324.7       659.2    0.3745   1.00   0.50    -9.8100  lv4(-9.8)          2.6s
  381      1315.1       657.6    0.3742   1.00   0.50    -9.8100  lv4(-9.8)          2.4s
  382      1421.1       619.9    0.3739   1.00   0.50    -9.8100  lv4(-9.8)          2.3s
  383      1408.9       534.5    0.3737   1.00   0.50    -9.8100  lv4(-9.8)          2.3s
  384      1272.9       524.5    0.3735   1.00   0.50    -9.8100  lv4(-9.8)          2.1s
  385      1213.6       602.1    0.3734   1.00   0.50    -9.8100  lv4(-9.8)          2.1s
  386      1394.1       507.2    0.3734   1.00   0.50    -9.8100  lv4(-9.8)          2.1s
  387      1329.1       752.4    0.3732   1.00   0.50    -9.8100  lv4(-9.8)          2.5s
  388      1224.8       493.2    0.3731   1.00   0.50    -9.8100  lv4(-9.8)          2.0s
  389      1449.0       539.0    0.3729   1.00   0.50    -9.8100  lv4(-9.8)          2.2s
  [probe] gen=390 score=758.9 net=3.965 fell=0.500
  390      1225.0       528.4    0.3728   1.00   0.50    -9.8100  lv4(-9.8)          2.2s
  391      1339.3       566.8    0.3728   1.00   0.50    -9.8100  lv4(-9.8)          2.4s
  392      1337.6       670.8    0.3728   1.00   0.50    -9.8100  lv4(-9.8)          2.5s
  393      1245.9       717.5    0.3728   1.00   0.50    -9.8100  lv4(-9.8)          2.8s
  394      1382.5       753.0    0.3728   1.00   0.50    -9.8100  lv4(-9.8)          2.8s
  395      1377.6       909.0    0.3728   1.00   0.50    -9.8100  lv4(-9.8)          3.1s
  396      1330.0       681.9    0.3729   1.00   0.50    -9.8100  lv4(-9.8)          2.7s
  397      1307.0       794.0    0.3729   1.00   0.50    -9.8100  lv4(-9.8)          2.8s
  398      1218.5       678.2    0.3729   1.00   0.50    -9.8100  lv4(-9.8)          2.6s
  399      1269.2       587.6    0.3729   1.00   0.50    -9.8100  lv4(-9.8)          2.3s
  [probe] gen=400 score=1089.8 net=5.475 fell=0.500
  [plot] Saved fitness curve → experiments/thesis/adaptive_progression/seed_00/fitness_curve.png
  400      1142.5       568.5    0.3729   1.00   0.50    -9.8100  lv4(-9.8)          2.5s
  401      1330.9       750.8    0.3728   1.00   0.50    -9.8100  lv4(-9.8)          2.9s
  402      1319.3       746.2    0.3727   1.00   0.50    -9.8100  lv4(-9.8)          3.0s
  403      1465.3       662.7    0.3725   1.00   0.50    -9.8100  lv4(-9.8)          2.9s
  404      1441.7       711.3    0.3722   1.00   0.50    -9.8100  lv4(-9.8)          3.5s
  405      1386.5       762.0    0.3717   1.00   0.50    -9.8100  lv4(-9.8)          3.4s
  406      1507.1       648.5    0.3713   1.00   0.50    -9.8100  lv4(-9.8)          2.5s
  407      1476.2       723.0    0.3709   1.00   0.50    -9.8100  lv4(-9.8)          2.8s
  408      1369.2       760.8    0.3704   1.00   0.50    -9.8100  lv4(-9.8)          3.0s
  409      1459.7       666.2    0.3699   1.00   0.50    -9.8100  lv4(-9.8)          2.8s
  [probe] gen=410 score=872.9 net=4.947 fell=0.600
  410      1538.9       594.6    0.3692   1.00   0.50    -9.8100  lv4(-9.8)          2.7s
  411      1658.2       771.5    0.3687   1.00   0.50    -9.8100  lv4(-9.8)          2.7s
  412      1499.4       534.5    0.3680   1.00   0.50    -9.8100  lv4(-9.8)          2.2s
  413      1417.3       633.0    0.3674   1.00   0.50    -9.8100  lv4(-9.8)          2.2s
  414      1425.2       757.2    0.3667   1.00   0.50    -9.8100  lv4(-9.8)          3.0s
  415      1351.5       754.1    0.3660   1.00   0.50    -9.8100  lv4(-9.8)          3.0s
  416      1475.0       762.6    0.3653   1.00   0.50    -9.8100  lv4(-9.8)          2.7s
  417      1389.6       710.0    0.3646   1.00   0.50    -9.8100  lv4(-9.8)          2.6s
  418      1325.7       841.9    0.3639   1.00   0.50    -9.8100  lv4(-9.8)          3.1s
  419      1309.9       756.6    0.3632   1.00   0.50    -9.8100  lv4(-9.8)          3.2s
  [probe] gen=420 score=1317.3 net=6.938 fell=0.300 [new best earth]
  420      1615.0       873.6    0.3625   1.00   0.50    -9.8100  lv4(-9.8)          3.3s
  421      1375.0       819.8    0.3617   1.00   0.50    -9.8100  lv4(-9.8)          3.2s
  422      1373.8       803.2    0.3610   1.00   0.50    -9.8100  lv4(-9.8)          3.4s
  423      1415.3       741.2    0.3604   1.00   0.50    -9.8100  lv4(-9.8)          2.8s
  424      1533.2       857.4    0.3599   1.00   0.50    -9.8100  lv4(-9.8)          3.0s
  [plot] Saved fitness curve → experiments/thesis/adaptive_progression/seed_00/fitness_curve.png
  425      1373.9       805.0    0.3595   1.00   0.50    -9.8100  lv4(-9.8)          3.2s
  426      1533.6       857.0    0.3591   1.00   0.50    -9.8100  lv4(-9.8)          3.1s
  427      1427.5       909.6    0.3586   1.00   0.50    -9.8100  lv4(-9.8)          3.4s
  428      1332.8       802.6    0.3582   1.00   0.50    -9.8100  lv4(-9.8)          2.9s
  429      1455.5       919.1    0.3577   1.00   0.50    -9.8100  lv4(-9.8)          3.2s
  [probe] gen=430 score=1170.8 net=5.965 fell=0.300
  430      1369.7       770.3    0.3572   1.00   0.50    -9.8100  lv4(-9.8)          2.9s
  431      1568.3      1003.7    0.3568   1.00   0.50    -9.8100  lv4(-9.8)          3.7s
  432      1383.0       926.5    0.3563   1.00   0.50    -9.8100  lv4(-9.8)          3.9s
  433      1478.7       878.6    0.3558   1.00   0.50    -9.8100  lv4(-9.8)          3.0s
  434      1426.3       963.3    0.3553   1.00   0.50    -9.8100  lv4(-9.8)          3.5s
  435      1491.7       920.9    0.3549   1.00   0.50    -9.8100  lv4(-9.8)          3.3s
  436      1564.8       931.9    0.3544   1.00   0.50    -9.8100  lv4(-9.8)          3.5s
  437      1526.1       877.8    0.3540   1.00   0.50    -9.8100  lv4(-9.8)          3.2s
  438      1677.1       964.4    0.3537   1.00   0.50    -9.8100  lv4(-9.8)          3.4s
  439      1536.4       814.8    0.3534   1.00   0.50    -9.8100  lv4(-9.8)          2.8s
  [probe] gen=440 score=1028.1 net=5.739 fell=0.800
  440      1534.0       933.3    0.3532   1.00   0.50    -9.8100  lv4(-9.8)          3.5s
  441      1449.0       823.1    0.3530   1.00   0.50    -9.8100  lv4(-9.8)          3.0s
  442      1607.9       835.7    0.3528   1.00   0.50    -9.8100  lv4(-9.8)          3.1s
  443      1615.6       900.0    0.3528   1.00   0.50    -9.8100  lv4(-9.8)          2.9s
  444      1567.0       837.6    0.3528   1.00   0.50    -9.8100  lv4(-9.8)          3.0s
  445      1560.1       943.8    0.3529   1.00   0.50    -9.8100  lv4(-9.8)          3.1s
  446      1455.4       794.8    0.3530   1.00   0.50    -9.8100  lv4(-9.8)          2.9s
  447      1558.8       883.1    0.3532   1.00   0.50    -9.8100  lv4(-9.8)          2.6s
  448      1571.8       923.5    0.3534   1.00   0.50    -9.8100  lv4(-9.8)          2.7s
  449      1596.3       959.7    0.3535   1.00   0.50    -9.8100  lv4(-9.8)          2.8s
  [probe] gen=450 score=1287.6 net=6.786 fell=0.400
  [plot] Saved fitness curve → experiments/thesis/adaptive_progression/seed_00/fitness_curve.png
  450      1511.5       896.8    0.3539   1.00   0.50    -9.8100  lv4(-9.8)          2.8s
  451      1400.5       817.6    0.3542   1.00   0.50    -9.8100  lv4(-9.8)          2.4s
  452      1399.6       857.6    0.3544   1.00   0.50    -9.8100  lv4(-9.8)          2.7s
  453      1446.0       888.5    0.3547   1.00   0.50    -9.8100  lv4(-9.8)          2.6s
  454      1482.6       764.2    0.3550   1.00   0.50    -9.8100  lv4(-9.8)          2.4s
  455      1484.8       996.4    0.3553   1.00   0.50    -9.8100  lv4(-9.8)          3.1s
  456      1486.2       965.0    0.3555   1.00   0.50    -9.8100  lv4(-9.8)          2.8s
  457      1614.1       913.7    0.3557   1.00   0.50    -9.8100  lv4(-9.8)          3.1s
  458      1731.5       874.1    0.3559   1.00   0.50    -9.8100  lv4(-9.8)          2.7s
  459      1602.0       876.4    0.3560   1.00   0.50    -9.8100  lv4(-9.8)          2.9s
  [probe] gen=460 score=1265.5 net=6.842 fell=0.500
  460      1626.9       713.1    0.3558   1.00   0.50    -9.8100  lv4(-9.8)          2.5s
  461      1504.2       886.4    0.3557   1.00   0.50    -9.8100  lv4(-9.8)          2.7s
  462      1600.9       739.6    0.3556   1.00   0.50    -9.8100  lv4(-9.8)          2.3s
  463      1554.9       738.5    0.3555   1.00   0.50    -9.8100  lv4(-9.8)          2.5s
  464      1551.2       836.8    0.3554   1.00   0.50    -9.8100  lv4(-9.8)          2.5s
  465      1598.5       790.8    0.3552   1.00   0.50    -9.8100  lv4(-9.8)          2.4s
  466      1503.5       835.3    0.3549   1.00   0.50    -9.8100  lv4(-9.8)          2.3s
  467      1614.3       717.2    0.3546   1.00   0.50    -9.8100  lv4(-9.8)          2.2s
  468      1419.0       728.7    0.3544   1.00   0.50    -9.8100  lv4(-9.8)          2.2s
  469      1671.9       853.2    0.3540   1.00   0.50    -9.8100  lv4(-9.8)          2.6s
  [probe] gen=470 score=1301.8 net=6.865 fell=0.300
  470      1619.7       872.6    0.3538   1.00   0.50    -9.8100  lv4(-9.8)          2.7s
  471      1540.5       830.0    0.3538   1.00   0.50    -9.8100  lv4(-9.8)          2.7s
  472      1796.0       854.6    0.3539   1.00   0.50    -9.8100  lv4(-9.8)          2.5s
  473      1427.3       680.7    0.3541   1.00   0.50    -9.8100  lv4(-9.8)          2.3s
  474      1507.2       855.6    0.3544   1.00   0.50    -9.8100  lv4(-9.8)          2.5s
  [plot] Saved fitness curve → experiments/thesis/adaptive_progression/seed_00/fitness_curve.png
  475      1449.9       813.7    0.3544   1.00   0.50    -9.8100  lv4(-9.8)          2.6s
  476      1629.9       797.8    0.3545   1.00   0.50    -9.8100  lv4(-9.8)          2.3s
  477      1569.2       911.7    0.3546   1.00   0.50    -9.8100  lv4(-9.8)          2.7s
  478      1443.3       775.2    0.3547   1.00   0.50    -9.8100  lv4(-9.8)          2.4s
  479      1480.6       833.6    0.3548   1.00   0.50    -9.8100  lv4(-9.8)          2.5s
  [probe] gen=480 score=1186.1 net=6.031 fell=0.300
  480      1460.3       826.6    0.3549   1.00   0.50    -9.8100  lv4(-9.8)          2.6s
  481      1499.4       853.3    0.3551   1.00   0.50    -9.8100  lv4(-9.8)          2.7s
  482      1437.2       831.5    0.3552   1.00   0.50    -9.8100  lv4(-9.8)          2.7s
  483      1433.8       812.9    0.3555   1.00   0.50    -9.8100  lv4(-9.8)          2.6s
  484      1587.5       913.1    0.3557   1.00   0.50    -9.8100  lv4(-9.8)          3.0s
  485      1444.1       868.3    0.3560   1.00   0.50    -9.8100  lv4(-9.8)          2.9s
  486      1397.1       851.3    0.3564   1.00   0.50    -9.8100  lv4(-9.8)          3.0s
  487      1612.9       893.8    0.3566   1.00   0.50    -9.8100  lv4(-9.8)          2.9s
  488      1506.5       794.2    0.3570   1.00   0.50    -9.8100  lv4(-9.8)          2.5s
  489      1548.9       926.5    0.3574   1.00   0.50    -9.8100  lv4(-9.8)          2.8s
  [probe] gen=490 score=1358.6 net=7.073 fell=0.300 [new best earth]
  490      1454.6       770.6    0.3577   1.00   0.50    -9.8100  lv4(-9.8)          2.3s
  491      1471.4       873.8    0.3579   1.00   0.50    -9.8100  lv4(-9.8)          2.7s
  492      1550.5       921.0    0.3581   1.00   0.50    -9.8100  lv4(-9.8)          2.8s
  493      1537.0       841.3    0.3584   1.00   0.50    -9.8100  lv4(-9.8)          2.6s
  494      1533.2       791.7    0.3586   1.00   0.50    -9.8100  lv4(-9.8)          2.4s
  495      1539.2       758.1    0.3586   1.00   0.50    -9.8100  lv4(-9.8)          2.5s
  496      1567.9       786.4    0.3586   1.00   0.50    -9.8100  lv4(-9.8)          2.5s
  497      1645.2       763.7    0.3586   1.00   0.50    -9.8100  lv4(-9.8)          2.2s
  498      1606.2       834.0    0.3586   1.00   0.50    -9.8100  lv4(-9.8)          2.7s
  499      1585.9       822.6    0.3584   1.00   0.50    -9.8100  lv4(-9.8)          2.6s
  [plot] Saved fitness curve → experiments/thesis/adaptive_progression/seed_00/fitness_curve.png

Training complete. Best fitness: 1796.0
Best params → experiments/thesis/adaptive_progression/seed_00/checkpoints/best_params.npy
Fitness curve → experiments/thesis/adaptive_progression/seed_00/fitness_curve.png
Eval params  → best_earth_params (earth probe score: 1358.6)
Final Earth scorecard | score=1116.1 net=6.019 fell=0.450
Gravity sweep | gravities=5 mean_net=4.613 worst_net=0.314
  [exp] Wrote experiments/thesis/adaptive_progression/seed_00/experiment.json
  [exp] Wrote experiments/thesis/adaptive_progression/seed_00/training_log.csv
  [exp] Wrote experiments/thesis/adaptive_progression/seed_00/earth_probe.csv
  [exp] Wrote experiments/thesis/adaptive_progression/seed_00/gravity_sweep.csv
  [exp] Wrote experiments/thesis/adaptive_progression/seed_00/summary.json
