Walker2d-v5 | policy=CPG  params=504
Curriculum   : RandomUniform  gravity U[-12.0, -6.0]  seed=8
Run context | seed=8 arm=random_variable_gravity run_id=random_variable_gravity_seed_08


Starting CMA-ES | pop=40 | sigma0=0.5 | max_gen=500 | workers=8 | seed=8
Checkpoints → experiments/thesis/random_variable_gravity/seed_08/checkpoints/

  Gen        Best        Mean     Sigma    Gravity  Phase              Time
------------------------------------------------------------------------
  [probe] gen=0 score=-332.6 net=-0.081 fell=1.000
  [plot] Saved fitness curve → experiments/thesis/random_variable_gravity/seed_08/fitness_curve.png
    0      -337.0      -396.5    0.4904   -10.0382  random             1.5s
    1      -298.7      -374.0    0.4823   -11.3768  random             0.1s
    2      -278.6      -375.7    0.4752    -8.4687  random             0.1s
    3      -256.8      -367.7    0.4688   -11.7624  random             0.1s
    4      -119.5      -355.4    0.4630   -11.0149  random             0.2s
    5      -292.0      -346.5    0.4576    -9.2468  random             0.2s
    6      -298.7      -358.6    0.4526   -11.5730  random             0.2s
    7      -284.2      -352.9    0.4481    -8.8969  random             0.2s
    8      -284.4      -346.7    0.4439    -9.8759  random             0.2s
    9       -77.8      -326.4    0.4401    -6.2826  random             0.2s
  [probe] gen=10 score=-251.3 net=0.024 fell=1.000
   10      -253.7      -337.5    0.4367    -8.4838  random             0.2s
   11      -253.4      -326.7    0.4334    -9.1295  random             0.2s
   12       -33.3      -312.6    0.4304    -9.7572  random             0.3s
   13        61.9      -288.3    0.4279    -9.5874  random             0.3s
   14        41.1      -275.4    0.4256    -9.3324  random             0.4s
   15       108.7      -260.1    0.4236    -9.3297  random             0.4s
   16        50.1      -185.4    0.4217    -9.8695  random             0.5s
   17        64.3      -145.2    0.4200    -8.5158  random             0.6s
   18        44.7      -195.4    0.4183   -11.4523  random             0.6s
   19        54.1      -169.7    0.4168    -8.8856  random             0.6s
  [probe] gen=20 score=-86.7 net=0.435 fell=1.000
   20        66.5      -193.2    0.4153   -11.3856  random             0.6s
   21        70.6      -175.7    0.4138    -7.9671  random             0.6s
   22        95.5      -135.1    0.4126   -10.9742  random             0.7s
   23        33.7      -182.6    0.4114    -9.8252  random             0.6s
   24        86.6       -80.7    0.4106    -8.5309  random             0.8s
  [plot] Saved fitness curve → experiments/thesis/random_variable_gravity/seed_08/fitness_curve.png
   25        75.6      -173.8    0.4097   -10.6884  random             0.7s
   26        77.1      -119.9    0.4088    -7.6660  random             0.8s
   27       130.0       -31.0    0.4080    -6.3463  random             1.1s
   28       139.2       -89.5    0.4072    -8.5862  random             0.9s
   29       112.3       -49.1    0.4066    -6.7870  random             1.0s
  [probe] gen=30 score=149.7 net=0.931 fell=1.000
   30       160.4       -62.9    0.4061    -7.1583  random             1.0s
   31       127.7       -66.7    0.4057    -9.7274  random             0.8s
   32       140.2       -48.6    0.4057    -6.3178  random             1.0s
   33       168.3       -81.1    0.4058    -8.3728  random             0.9s
   34        84.9       -47.0    0.4059   -11.8731  random             0.8s
   35       180.6       -79.5    0.4063   -11.2423  random             1.0s
   36       165.8       -15.4    0.4068   -10.7802  random             1.0s
   37       147.0       -92.2    0.4072    -9.8272  random             1.0s
   38       132.4       -57.6    0.4076    -9.6746  random             1.0s
   39       170.0       -28.1    0.4079    -6.3361  random             1.2s
  [probe] gen=40 score=117.1 net=1.059 fell=1.000
   40       193.3       -85.9    0.4080    -8.6601  random             1.1s
   41       181.8       -20.2    0.4080    -6.4291  random             1.2s
   42       207.2       -55.5    0.4081    -7.4104  random             1.2s
   43       149.5       -76.7    0.4083   -10.9014  random             1.1s
   44       208.4       -38.4    0.4083    -7.3372  random             1.3s
   45       233.1       -82.5    0.4083    -9.7137  random             1.1s
   46       200.7       -77.3    0.4085    -6.8821  random             1.1s
   47       265.2       -58.3    0.4086    -7.3268  random             1.2s
   48       240.2       -65.1    0.4086   -11.1121  random             1.1s
   49       249.6       -51.6    0.4087    -8.9920  random             1.3s
  [probe] gen=50 score=181.0 net=1.095 fell=1.000
  [plot] Saved fitness curve → experiments/thesis/random_variable_gravity/seed_08/fitness_curve.png
   50       175.6      -116.9    0.4086   -11.9511  random             1.1s
   51       286.8       -30.2    0.4085   -10.7014  random             1.3s
   52       274.5        34.5    0.4082    -6.1205  random             1.5s
   53       316.8       -26.6    0.4080    -6.5874  random             1.6s
   54       256.4       -22.6    0.4076    -9.9030  random             1.4s
   55       303.7       -33.9    0.4073    -7.4325  random             1.6s
   56       299.6        19.6    0.4070    -9.6961  random             1.8s
   57       248.2       -83.9    0.4067    -6.2381  random             1.3s
   58       268.0       -24.3    0.4066   -10.6577  random             1.5s
   59       372.8        11.1    0.4064    -8.7461  random             1.5s
  [probe] gen=60 score=237.6 net=1.374 fell=1.000
   60       250.2        58.5    0.4064    -8.4197  random             1.5s
   61       250.4        10.9    0.4063   -10.9187  random             1.6s
   62       245.8        32.2    0.4062   -11.1649  random             1.8s
   63       299.7       113.8    0.4061    -6.0874  random             1.9s
   64       285.0        73.6    0.4059    -9.2520  random             1.6s
   65       320.3        22.6    0.4059    -6.9576  random             1.8s
   66       273.7        68.2    0.4058    -6.3550  random             1.9s
   67       252.3        54.9    0.4055    -7.8468  random             1.8s
   68       362.7        12.1    0.4052    -7.9676  random             2.0s
   69       293.3        68.9    0.4051   -10.2103  random             1.7s
  [probe] gen=70 score=349.1 net=1.287 fell=0.900
   70       367.5        75.3    0.4050   -10.9573  random             1.8s
   71       343.8        57.5    0.4050   -11.4154  random             1.7s
   72       337.8        12.3    0.4052    -8.5976  random             1.8s
   73       404.1        46.9    0.4053    -8.2844  random             1.9s
   74       341.9        68.5    0.4056    -7.6384  random             2.2s
  [plot] Saved fitness curve → experiments/thesis/random_variable_gravity/seed_08/fitness_curve.png
   75       288.6       108.3    0.4058   -10.7264  random             2.7s
   76       365.4        99.0    0.4059    -8.8467  random             2.5s
   77       382.8        89.1    0.4061    -8.1313  random             2.2s
   78       328.3       121.5    0.4061    -6.5660  random             2.6s
   79       354.9       117.1    0.4060   -10.4054  random             2.1s
  [probe] gen=80 score=251.7 net=1.104 fell=1.000
   80       324.1        76.8    0.4059   -11.1693  random             2.2s
   81       414.7       142.1    0.4056    -8.0629  random             2.2s
   82       382.3       128.6    0.4053    -8.1365  random             2.4s
   83       360.9       138.3    0.4052   -10.1094  random             2.4s
   84       417.0       171.3    0.4050    -7.1601  random             2.7s
   85       416.4       113.1    0.4047    -8.7560  random             2.6s
   86       400.9       161.8    0.4041    -8.9488  random             2.5s
   87       394.1       169.6    0.4035    -9.7900  random             2.7s
   88       400.9       224.6    0.4029    -7.2714  random             2.7s
   89       398.9       129.4    0.4022   -10.1120  random             2.5s
  [probe] gen=90 score=170.5 net=1.046 fell=0.600
   90       404.7       148.6    0.4017    -9.0288  random             2.6s
   91       472.3       239.1    0.4013    -6.3542  random             2.9s
   92       378.2       152.6    0.4009    -8.6902  random             2.7s
   93       429.6       252.8    0.4007    -7.3313  random             3.0s
   94       389.6       187.0    0.4004   -10.3055  random             2.9s
   95       426.7       232.5    0.4001    -7.2946  random             2.7s
   96       427.9       280.0    0.4000    -7.8214  random             3.1s
   97       413.4       239.3    0.4000    -7.7077  random             3.1s
   98       423.7       224.1    0.3998    -8.5336  random             3.1s
   99       363.4       102.5    0.3997   -10.6396  random             2.6s
  [probe] gen=100 score=331.1 net=1.121 fell=0.500
  [plot] Saved fitness curve → experiments/thesis/random_variable_gravity/seed_08/fitness_curve.png
  100       398.5       171.1    0.3994   -11.7665  random             2.6s
  101       519.6       234.3    0.3991    -6.0443  random             2.8s
  102       399.4       229.1    0.3987    -7.8575  random             3.2s
  103       442.7       269.9    0.3983    -7.4505  random             3.1s
  104       481.1       255.6    0.3978    -6.0492  random             3.2s
  105       370.5       113.6    0.3972   -11.2532  random             2.3s
  106       405.2       224.3    0.3967    -7.9934  random             2.9s
  107       460.7       253.4    0.3961    -7.7461  random             3.0s
  108       405.3       230.0    0.3955    -8.7445  random             2.5s
  109       329.2       170.8    0.3950   -11.0999  random             2.2s
  [probe] gen=110 score=344.5 net=1.473 fell=1.000
  110       369.9       106.7    0.3946   -11.5263  random             2.2s
  111       417.3       148.9    0.3944    -8.7709  random             2.1s
  112       411.6       201.6    0.3941    -8.4284  random             2.7s
  113       427.3       196.3    0.3938    -6.7175  random             2.5s
  114       416.0       184.1    0.3938    -9.1588  random             2.8s
  115       348.4       133.2    0.3937   -11.5667  random             2.2s
  116       416.8       145.1    0.3936    -8.2180  random             2.6s
  117       415.0       149.8    0.3937   -11.3247  random             2.5s
  118       384.7       140.6    0.3938   -10.8110  random             2.5s
  119       411.4       202.0    0.3940   -10.4138  random             2.8s
  [probe] gen=120 score=398.2 net=1.576 fell=1.000
  120       357.9       128.1    0.3945   -11.4550  random             2.3s
  121       446.3       212.8    0.3948    -7.9412  random             2.8s
  122       441.2       224.5    0.3952    -7.3657  random             2.8s
  123       430.6       184.8    0.3955    -9.3386  random             3.0s
  124       371.5       182.3    0.3956   -10.2073  random             2.8s
  [plot] Saved fitness curve → experiments/thesis/random_variable_gravity/seed_08/fitness_curve.png
  125       402.8       166.2    0.3958   -10.2223  random             2.8s
  126       425.9       216.3    0.3960    -6.3807  random             2.9s
  127       438.3       198.7    0.3961    -7.1974  random             3.0s
  128       443.1       198.1    0.3963    -6.2298  random             3.0s
  129       395.3       152.8    0.3966   -10.0830  random             3.1s
  [probe] gen=130 score=419.3 net=1.614 fell=1.000
  130       389.2       166.8    0.3967   -10.6237  random             2.9s
  131       434.5       200.5    0.3970    -6.4600  random             2.8s
  132       411.8       167.4    0.3972    -9.3681  random             2.5s
  133       405.0       130.9    0.3975    -9.7982  random             2.6s
  134       426.7       200.4    0.3977    -8.7871  random             2.7s
  135       439.2       245.3    0.3978    -8.7867  random             3.1s
  136       414.9       220.8    0.3979    -9.7501  random             3.2s
  137       372.5       160.0    0.3980   -10.8629  random             3.0s
  138       441.5       237.7    0.3981    -7.5727  random             3.1s
  139       452.3       206.9    0.3982    -7.7798  random             3.0s
  [probe] gen=140 score=401.0 net=1.506 fell=0.900
  140       424.9       215.5    0.3984    -8.6778  random             3.1s
  141       408.8       249.8    0.3986   -10.2838  random             2.9s
  142       437.2       229.3    0.3988    -7.1152  random             3.4s
  143       318.7       176.4    0.3989   -11.9792  random             2.6s
  144       452.9       199.0    0.3991    -7.1736  random             3.1s
  145       431.4       208.9    0.3991    -7.7190  random             2.9s
  146       424.0       205.0    0.3993    -9.4031  random             2.9s
  147       475.4       233.3    0.3994    -6.7438  random             2.9s
  148       375.2       169.8    0.3996   -11.1861  random             2.5s
  149       396.4       234.9    0.3999   -10.4549  random             2.9s
  [probe] gen=150 score=352.1 net=1.491 fell=0.800
  [plot] Saved fitness curve → experiments/thesis/random_variable_gravity/seed_08/fitness_curve.png
  150       447.7       303.4    0.4001    -7.9832  random             3.1s
  151       388.8       176.2    0.4003   -11.6347  random             2.5s
  152       429.9       227.4    0.4005   -10.6420  random             2.7s
  153       428.0       270.2    0.4006    -6.1778  random             3.1s
  154       385.7       194.9    0.4006   -11.8510  random             2.8s
  155       418.0       202.4    0.4006    -9.6997  random             2.8s
  156       376.3       109.1    0.4004   -11.9681  random             2.4s
  157       427.7       202.5    0.4003    -9.2438  random             3.1s
  158       315.9        80.7    0.4001   -11.7892  random             2.7s
  159       402.4       110.7    0.3999   -11.1636  random             2.6s
  [probe] gen=160 score=407.9 net=1.466 fell=1.000
  160       421.8        89.1    0.3996    -9.5694  random             2.4s
  161       411.3       245.1    0.3996    -7.9921  random             3.0s
  162       434.6       218.9    0.3995    -8.5280  random             2.9s
  163       299.9       111.6    0.3993   -11.9571  random             2.9s
  164       450.5       227.4    0.3991    -6.3732  random             5.9s
  165       473.5       260.0    0.3988    -9.5292  random             4.7s
  166       410.9       240.0    0.3985    -9.7592  random             3.3s
  167       417.4       159.1    0.3981    -8.0512  random             2.6s
  168       377.3       140.0    0.3979   -11.1724  random             3.2s
  169       445.0       186.8    0.3976    -9.4509  random             2.9s
  [probe] gen=170 score=415.0 net=1.657 fell=1.000
  170       379.8       195.8    0.3974   -11.4962  random             2.9s
  171       434.8       298.7    0.3974    -8.8263  random             3.1s
  172       437.5       265.9    0.3974    -7.6491  random             3.9s
  173       420.6       205.3    0.3975   -10.4327  random             3.3s
  174       424.5       268.1    0.3976    -9.3412  random             3.4s
  [plot] Saved fitness curve → experiments/thesis/random_variable_gravity/seed_08/fitness_curve.png
  175       449.8       266.8    0.3976    -7.7801  random             3.4s
  176       417.7       245.6    0.3975    -9.5719  random             3.1s
  177       434.6       226.0    0.3974    -8.3114  random             3.2s
  178       402.9       180.4    0.3973   -10.7962  random             2.9s
  179       428.3       246.2    0.3971    -9.9510  random             3.3s
  [probe] gen=180 score=369.2 net=1.439 fell=0.600
  180       427.2       273.2    0.3969    -9.7396  random             3.3s
  181       440.8       265.3    0.3967    -9.3266  random             3.5s
  182       449.7       259.0    0.3965    -9.0512  random             3.5s
  183       458.0       261.3    0.3963    -8.3207  random             3.7s
  184       487.7       280.8    0.3960    -6.0812  random             3.2s
  185       504.4       275.4    0.3959    -6.9964  random             3.3s
  186       455.6       178.1    0.3958    -7.5584  random             3.5s
  187       414.7       184.6    0.3958   -10.4316  random             3.2s
  188       466.9       171.2    0.3958    -6.4132  random             2.6s
  189       456.0       233.7    0.3957    -8.5752  random             3.0s
  [probe] gen=190 score=266.6 net=1.550 fell=1.000
  190       441.0       236.8    0.3957    -6.2864  random             3.2s
  191       425.6       242.4    0.3957   -10.2174  random             2.8s
  192       394.4       168.3    0.3955   -11.2743  random             3.0s
  193       386.4       214.6    0.3956   -11.1695  random             3.0s
  194       463.0       229.0    0.3954    -8.7622  random             3.2s
  195       550.6       296.7    0.3955    -6.3208  random             3.0s
  196       614.9       339.6    0.3956    -6.2636  random             3.2s
  197       529.6       317.1    0.3956    -7.3936  random             2.9s
  198       405.3       247.2    0.3954   -10.4255  random             3.1s
  199       524.3       302.7    0.3952    -8.1475  random             2.9s
  [probe] gen=200 score=390.7 net=1.537 fell=1.000
  [plot] Saved fitness curve → experiments/thesis/random_variable_gravity/seed_08/fitness_curve.png
  200       536.1       323.4    0.3950    -6.7322  random             3.4s
  201       543.6       271.8    0.3947    -8.8766  random             2.9s
  202       554.5       265.6    0.3947    -6.0992  random             3.1s
  203       569.1       295.7    0.3945    -9.0041  random             3.2s
  204       394.7       224.6    0.3945   -10.9627  random             3.0s
  205       572.6       301.9    0.3944    -7.0050  random             3.0s
  206       375.6       205.8    0.3944   -11.3554  random             2.7s
  207       614.2       296.5    0.3944    -7.3181  random             3.0s
  208       503.8       259.0    0.3943    -9.4979  random             3.0s
  209       372.3       178.3    0.3941   -11.8573  random             2.8s
  [probe] gen=210 score=413.1 net=1.699 fell=1.000
  210       661.5       298.5    0.3938    -6.9457  random             3.3s
  211       590.7       355.7    0.3936    -7.0252  random             2.9s
  212       487.6       308.6    0.3934    -7.9487  random             2.9s
  213       465.6       264.8    0.3931    -9.7452  random             3.0s
  214       496.6       214.3    0.3929    -8.8942  random             3.0s
  215       606.5       298.5    0.3928    -6.3593  random             3.1s
  216       503.0       284.2    0.3927    -7.6649  random             2.9s
  217       410.3       176.7    0.3925    -9.5417  random             2.8s
  218       461.5       224.9    0.3922   -10.0242  random             2.9s
  219       563.6       299.5    0.3920    -6.3872  random             2.9s
  [probe] gen=220 score=463.0 net=2.093 fell=1.000
  220       639.7       320.1    0.3920    -8.6479  random             2.9s
  221       595.1       341.0    0.3920    -6.8797  random             2.8s
  222       569.7       218.6    0.3921   -10.7424  random             2.4s
  223       607.1       303.5    0.3922    -7.9769  random             3.1s
  224       395.7       174.6    0.3925   -11.6060  random             2.7s
  [plot] Saved fitness curve → experiments/thesis/random_variable_gravity/seed_08/fitness_curve.png
  225       531.3       256.0    0.3927    -6.1243  random             2.9s
  226       497.9       245.7    0.3927    -9.9146  random             2.7s
  227       689.5       302.7    0.3928    -6.1075  random             2.8s
  228       603.1       292.2    0.3930    -9.1559  random             2.9s
  229       482.3       340.6    0.3930    -8.0873  random             3.3s
  [probe] gen=230 score=399.1 net=1.595 fell=1.000
  230       579.8       339.9    0.3932    -7.8972  random             3.4s
  231       540.9       332.0    0.3931    -8.4963  random             3.1s
  232       607.1       352.4    0.3932    -7.5715  random             3.2s
  233       461.6       256.7    0.3932   -10.2141  random             2.9s
  234       404.2       208.7    0.3931   -11.9890  random             2.4s
  235       403.4       204.9    0.3930   -11.5301  random             3.1s
  236       531.2       322.3    0.3928    -8.9714  random             3.2s
  237       575.5       329.1    0.3928    -7.8116  random             3.3s
  238       588.4       331.5    0.3927    -7.8065  random             3.1s
  239       540.5       297.4    0.3925    -9.2565  random             3.3s
  [probe] gen=240 score=432.3 net=1.690 fell=1.000
  240       712.9       316.9    0.3925    -8.1531  random             3.4s
  241       408.9       161.0    0.3923   -11.7587  random             3.1s
  242       406.7       168.5    0.3921   -11.6240  random             3.0s
  243       409.5       211.4    0.3918   -11.7176  random             3.2s
  244       541.3       274.7    0.3914    -9.5450  random             3.6s
  245       392.7       192.4    0.3911   -11.7849  random             3.0s
  246       437.2       200.9    0.3908   -11.5331  random             3.1s
  247       679.3       354.8    0.3904    -7.0626  random             2.9s
  248       596.0       371.7    0.3901    -7.6744  random             3.1s
  249       496.9       276.4    0.3897    -8.0560  random             3.0s
  [probe] gen=250 score=387.6 net=1.585 fell=1.000
  [plot] Saved fitness curve → experiments/thesis/random_variable_gravity/seed_08/fitness_curve.png
  250       580.1       280.1    0.3894    -7.3955  random             3.0s
  251       419.8       260.4    0.3893   -10.8676  random             3.2s
  252       549.6       328.8    0.3893    -7.3206  random             3.1s
  253       444.7       239.6    0.3892   -10.2916  random             3.7s
  254       760.1       305.9    0.3891    -6.3482  random             3.3s
  255       440.6       294.8    0.3891   -10.1642  random             3.1s
  256       697.5       341.8    0.3891    -7.6907  random             3.3s
  257       763.5       405.9    0.3889    -6.6973  random             3.3s
  258       504.8       301.1    0.3887    -7.6882  random             3.4s
  259       560.2       295.3    0.3885    -8.7559  random             3.2s
  [probe] gen=260 score=380.0 net=1.456 fell=1.000
  260       662.3       326.3    0.3883    -6.8950  random             3.1s
  261       653.4       321.7    0.3883    -8.9785  random             2.9s
  262       488.3       313.5    0.3882    -9.8550  random             2.8s
  263       526.7       325.7    0.3882    -8.4280  random             3.2s
  264       429.2       228.9    0.3883   -11.3897  random             2.7s
  265       571.9       266.7    0.3886   -10.4249  random             2.9s
  266       559.4       249.9    0.3888    -7.5230  random             2.9s
  267       457.3       221.8    0.3892   -11.3732  random             3.0s
  268       629.8       302.6    0.3894    -8.0073  random             3.1s
  269       604.7       308.5    0.3896    -7.1009  random             3.1s
  [probe] gen=270 score=355.3 net=1.706 fell=1.000
  270       467.9       225.3    0.3897   -10.3654  random             3.0s
  271       695.9       357.2    0.3897    -7.3767  random             2.9s
  272       704.4       349.2    0.3897    -7.9697  random             3.0s
  273       308.8       135.5    0.3896   -11.9820  random             2.1s
  274       465.3       247.5    0.3894   -10.0911  random             2.8s
  [plot] Saved fitness curve → experiments/thesis/random_variable_gravity/seed_08/fitness_curve.png
  275       746.5       400.0    0.3891    -6.5262  random             3.4s
  276       663.2       401.3    0.3887    -7.2280  random             3.1s
  277       525.5       336.1    0.3883    -8.6148  random             2.8s
  278       493.0       279.2    0.3879    -9.4364  random             3.1s
  279       810.5       367.9    0.3876    -6.8829  random             3.5s
  [probe] gen=280 score=348.7 net=1.632 fell=1.000
  280       675.3       445.9    0.3873    -7.1260  random             3.8s
  281       505.9       337.4    0.3870    -9.3798  random             3.1s
  282       501.4       342.8    0.3867    -9.3117  random             3.3s
  283       447.4       283.8    0.3864   -10.2900  random             3.0s
  284       562.8       364.0    0.3863    -6.4832  random             3.7s
  285       605.6       386.5    0.3862    -6.9723  random             3.3s
  286       454.5       357.0    0.3860    -9.5957  random             3.2s
  287       557.2       357.1    0.3861    -9.1188  random             3.1s
  288       502.6       320.5    0.3860    -9.1199  random             3.1s
  289       437.6       319.5    0.3859   -11.0869  random             3.2s
  [probe] gen=290 score=400.3 net=1.720 fell=1.000
  290       639.6       274.7    0.3859    -7.6885  random             3.5s
  291       539.2       348.2    0.3859    -7.7989  random             3.1s
  292       455.0       219.0    0.3858   -10.9094  random             2.8s
  293       445.7       300.6    0.3857   -11.1266  random             3.3s
  294       550.4       324.9    0.3857    -9.3338  random             3.7s
  295       445.1       263.9    0.3858   -10.9528  random             3.2s
  296       495.1       333.7    0.3857    -9.8085  random             3.5s
  297       556.0       363.7    0.3855    -8.2970  random             3.3s
  298       472.1       313.6    0.3853   -10.2141  random             3.3s
  299       473.7       321.2    0.3850    -9.8834  random             3.5s
  [probe] gen=300 score=366.1 net=1.655 fell=1.000
  [plot] Saved fitness curve → experiments/thesis/random_variable_gravity/seed_08/fitness_curve.png
  300       621.5       323.1    0.3844    -7.4729  random             3.5s
  301       463.9       297.9    0.3839   -11.0973  random             3.1s
  302       452.8       294.9    0.3833   -10.8495  random             3.0s
  303       697.8       348.9    0.3828    -6.6039  random             3.6s
  304       731.4       383.4    0.3823    -6.3943  random             3.5s
  305       493.1       344.9    0.3818   -10.0699  random             3.0s
  306       530.1       324.4    0.3813    -9.4252  random             3.1s
  307       787.9       407.2    0.3807    -7.8419  random             3.2s
  308       390.2       226.5    0.3802   -11.5813  random             2.5s
  309       421.6       266.1    0.3797   -10.9956  random             2.7s
  [probe] gen=310 score=443.1 net=2.038 fell=1.000
  310       636.2       194.6    0.3790    -8.2844  random             3.1s
  311       584.1       264.4    0.3782    -9.4410  random             2.7s
  312       648.8       251.7    0.3774    -7.6352  random             3.0s
  313       456.3       228.3    0.3767   -11.2772  random             2.7s
  314       579.8       268.2    0.3760   -10.5023  random             2.9s
  315       672.8       298.7    0.3752    -8.3479  random             3.4s
  316       435.6       230.9    0.3744   -11.3177  random             2.5s
  317       429.6       235.8    0.3737   -11.1609  random             2.5s
  318       524.7       330.7    0.3729   -10.0019  random             3.1s
  319       493.9       289.5    0.3723   -10.2232  random             2.8s
  [probe] gen=320 score=477.3 net=2.025 fell=0.900
  320       669.5       339.9    0.3717    -7.8940  random             3.3s
  321       711.8       338.5    0.3712    -6.7011  random             3.3s
  322       612.7       352.7    0.3707    -9.2014  random             3.0s
  323       714.4       374.0    0.3702    -8.5024  random             3.3s
  324       739.2       321.9    0.3696    -6.5642  random             2.9s
  [plot] Saved fitness curve → experiments/thesis/random_variable_gravity/seed_08/fitness_curve.png
  325       747.9       301.3    0.3690    -6.2074  random             3.0s
  326       401.3       274.9    0.3684   -10.8283  random             2.3s
  327       586.5       396.3    0.3679    -8.9053  random             3.1s
  328       675.6       392.7    0.3674    -8.1054  random             3.1s
  329       688.6       394.0    0.3668    -8.7942  random             2.9s
  [probe] gen=330 score=324.6 net=1.549 fell=1.000
  330       719.9       365.5    0.3665    -6.5838  random             3.2s
  331       805.1       383.3    0.3662    -6.1776  random             3.0s
  332       789.6       393.2    0.3659    -8.1450  random             2.8s
  333       476.7       314.2    0.3658    -9.9089  random             2.6s
  334       792.0       392.3    0.3657    -8.1309  random             2.9s
  335       891.0       443.0    0.3658    -6.5992  random             2.9s
  336      1015.7       511.2    0.3657    -6.0097  random             2.9s
  337       422.3       266.3    0.3656   -11.1921  random             2.2s
  338       755.5       444.8    0.3654    -7.3884  random             3.1s
  339       729.7       432.9    0.3655    -8.0236  random             3.0s
  [probe] gen=340 score=471.2 net=1.994 fell=1.000
  340       733.6       457.3    0.3655    -7.4276  random             3.0s
  341       423.5       240.8    0.3654   -11.2663  random             1.9s
  342      1045.5       437.6    0.3654    -6.6808  random             2.9s
  343       447.3       296.1    0.3653   -11.1578  random             2.5s
  344       671.0       355.4    0.3653    -8.8294  random             3.0s
  345       704.7       385.3    0.3652    -9.2043  random             2.7s
  346       441.7       293.6    0.3651   -10.5875  random             2.6s
  347       833.2       457.1    0.3650    -7.4349  random             3.3s
  348       932.2       542.1    0.3650    -6.0779  random             3.3s
  349      1048.5       553.5    0.3650    -6.1390  random             3.3s
  [probe] gen=350 score=607.1 net=2.549 fell=1.000
  [plot] Saved fitness curve → experiments/thesis/random_variable_gravity/seed_08/fitness_curve.png
  350       397.5       263.0    0.3650   -11.5469  random             2.3s
  351       861.5       527.7    0.3651    -7.4677  random             3.1s
  352       794.0       403.9    0.3653    -9.2173  random             2.7s
  353       615.5       344.7    0.3655    -9.4806  random             2.7s
  354       739.0       425.7    0.3655    -8.8845  random             3.2s
  355       414.2       278.8    0.3653   -11.6591  random             2.4s
  356       836.3       369.6    0.3653    -6.9516  random             3.0s
  357       593.6       356.8    0.3652   -10.3943  random             2.5s
  358       698.8       316.1    0.3651   -11.2999  random             2.7s
  359       853.6       237.4    0.3649    -6.8038  random             3.0s
  [probe] gen=360 score=478.5 net=2.210 fell=1.000
  360       706.1       391.3    0.3648    -8.1456  random             3.4s
  361       733.7       312.6    0.3647   -10.0120  random             2.5s
  362       510.4       303.9    0.3646   -11.1746  random             2.2s
  363       499.3       326.8    0.3645   -11.5813  random             2.7s
  364       588.7       253.8    0.3644   -10.1235  random             3.0s
  365       772.7       316.5    0.3641    -6.6415  random             3.3s
  366       631.5       358.1    0.3638    -9.9015  random             2.8s
  367       517.2       362.7    0.3634   -10.3736  random             2.8s
  368       615.8       345.4    0.3631   -11.3005  random             2.8s
  369       613.5       359.9    0.3628   -10.3218  random             3.3s
  [probe] gen=370 score=515.4 net=1.773 fell=0.000
  370       631.5       282.3    0.3625   -11.0875  random             2.6s
  371       715.9       183.3    0.3622    -6.8729  random             2.8s
  372       390.6       269.5    0.3620   -11.8037  random             2.4s
  373       696.8       287.5    0.3619    -7.6737  random             3.1s
  374       714.2       400.6    0.3617    -9.5256  random             2.8s
  [plot] Saved fitness curve → experiments/thesis/random_variable_gravity/seed_08/fitness_curve.png
  375       849.7       385.4    0.3615    -7.8546  random             3.2s
  376       869.3       381.5    0.3613    -7.1043  random             2.9s
  377       820.1       459.9    0.3612    -7.7633  random             3.0s
  378       667.2       406.2    0.3609    -9.2965  random             2.6s
  379       991.4       404.0    0.3607    -6.9095  random             3.1s
  [probe] gen=380 score=489.0 net=2.026 fell=0.500
  380       466.2       261.9    0.3605   -10.9380  random             1.8s
  381       890.0       421.3    0.3604    -8.5630  random             2.8s
  382      1015.6       466.5    0.3602    -7.0206  random             3.1s
  383       559.0       302.8    0.3603   -10.1937  random             1.8s
  384       564.3       208.1    0.3603   -11.1900  random             1.6s
  385       874.5       151.0    0.3604    -6.2002  random             2.6s
  386       898.4       414.2    0.3607    -7.4382  random             3.0s
  387      1149.6       417.5    0.3609    -6.7009  random             2.7s
  388       612.8       256.7    0.3612    -9.9264  random             1.6s
  389      1027.0       533.2    0.3613    -7.5632  random             2.8s
  [probe] gen=390 score=161.9 net=1.411 fell=1.000
  390      1289.4       582.7    0.3614    -6.3504  random             3.1s
  391       973.6       574.2    0.3616    -7.1994  random             2.7s
  392       441.2       276.8    0.3617    -9.9631  random             1.6s
  393       808.1       419.0    0.3619    -9.4725  random             2.3s
  394       964.4       407.1    0.3622    -7.9483  random             2.7s
  395       840.7       433.0    0.3625    -9.1383  random             2.4s
  396      1085.2       398.5    0.3628    -7.3317  random             3.0s
  397       511.8       252.2    0.3631   -10.7303  random             1.4s
  398       693.0       366.2    0.3636   -10.5343  random             2.1s
  399       839.6       288.4    0.3640   -11.2644  random             1.6s
  [probe] gen=400 score=425.7 net=1.930 fell=0.500
  [plot] Saved fitness curve → experiments/thesis/random_variable_gravity/seed_08/fitness_curve.png
  400       724.1       350.4    0.3643   -10.7472  random             2.1s
  401       763.5       342.1    0.3644    -7.9898  random             2.7s
  402       801.4       312.5    0.3645    -7.2144  random             2.6s
  403      1009.0       481.3    0.3647    -7.0331  random             3.0s
  404      1094.2       534.4    0.3647    -7.4320  random             3.1s
  405       618.1       329.1    0.3648   -10.1506  random             1.6s
  406      1120.3       372.4    0.3649    -6.0621  random             3.0s
  407       288.2       150.8    0.3650   -11.9663  random             1.1s
  408       842.4       372.8    0.3651   -10.2422  random             1.9s
  409       980.8       436.6    0.3653    -8.0406  random             2.6s
  [probe] gen=410 score=364.6 net=2.188 fell=1.000
  410       973.4       370.9    0.3654    -6.7798  random             3.0s
  411      1064.5       533.5    0.3656    -6.4916  random             3.1s
  412       374.6       252.4    0.3658   -11.1420  random             1.3s
  413      1221.4       516.3    0.3658    -6.2649  random             3.2s
  414      1061.3       590.0    0.3660    -6.8606  random             3.0s
  415      1193.8       581.4    0.3661    -6.8083  random             3.0s
  416      1011.9       536.5    0.3663    -8.0084  random             2.6s
  417      1084.6       531.7    0.3664    -6.8772  random             3.1s
  418       797.4       333.7    0.3664   -10.4545  random             1.8s
  419      1085.5       462.8    0.3665    -6.5434  random             3.2s
  [probe] gen=420 score=516.9 net=2.451 fell=1.000
  420       536.0       279.5    0.3665   -10.7552  random             1.6s
  421       931.7       456.7    0.3665    -7.3663  random             3.0s
  422      1118.0       527.5    0.3666    -7.4480  random             2.9s
  423       476.3       300.5    0.3666   -10.7818  random             1.6s
  424       912.9       513.6    0.3666    -9.0843  random             2.6s
  [plot] Saved fitness curve → experiments/thesis/random_variable_gravity/seed_08/fitness_curve.png
  425       840.9       457.7    0.3665    -9.7682  random             2.5s
  426       742.2       329.8    0.3664   -11.2934  random             1.8s
  427       881.1       262.7    0.3664    -7.1104  random             2.8s
  428       799.7       477.0    0.3664    -9.3222  random             2.5s
  429      1006.3       588.8    0.3662    -8.5239  random             3.1s
  [probe] gen=430 score=780.5 net=3.244 fell=0.000
  430       737.8       402.5    0.3659   -10.6069  random             2.1s
  431       859.7       504.2    0.3658    -9.6360  random             2.9s
  432       826.4       478.7    0.3655    -9.4607  random             2.9s
  433       714.3       365.9    0.3653   -11.2671  random             2.0s
  434       793.8       301.2    0.3649    -7.5570  random             3.2s
  435       860.2       527.4    0.3645    -9.2922  random             3.0s
  436       720.2       369.9    0.3641   -11.2135  random             1.9s
  437       990.6       465.2    0.3638    -8.3324  random             3.2s
  438       935.3       408.4    0.3636    -6.4717  random             3.1s
  439       865.6       535.9    0.3634    -9.5772  random             2.7s
  [probe] gen=440 score=853.9 net=3.878 fell=1.000
  440       906.4       453.5    0.3632   -10.8426  random             2.4s
  441      1022.3       295.4    0.3630    -7.7609  random             2.6s
  442       794.8       413.4    0.3627   -10.1078  random             2.3s
  443       709.4       394.5    0.3626   -11.5949  random             2.4s
  444       883.5       432.3    0.3625    -9.5703  random             3.3s
  445       895.6       416.0    0.3626   -10.8947  random             2.4s
  446       823.7       307.3    0.3625   -11.8740  random             2.0s
  447       935.0       332.0    0.3624    -8.0194  random             3.1s
  448       929.4       529.3    0.3623    -8.6662  random             2.9s
  449      1008.0       535.7    0.3621    -7.0197  random             3.2s
  [probe] gen=450 score=661.7 net=2.803 fell=0.400
  [plot] Saved fitness curve → experiments/thesis/random_variable_gravity/seed_08/fitness_curve.png
  450       764.9       404.1    0.3619   -10.5074  random             2.2s
  451       788.2       347.3    0.3617   -11.2749  random             1.9s
  452       991.9       387.7    0.3616    -8.0014  random             2.9s
  453      1145.0       409.1    0.3615    -7.4343  random             3.1s
  454       872.1       425.6    0.3614   -10.8665  random             2.3s
  455      1079.9       508.1    0.3612    -8.2346  random             2.8s
  456      1075.3       475.6    0.3611   -10.2301  random             2.5s
  457      1132.0       492.7    0.3611    -9.8622  random             2.5s
  458       894.6       417.6    0.3609   -11.4396  random             1.9s
  459      1427.9       406.9    0.3607    -6.3152  random             2.9s
  [probe] gen=460 score=470.6 net=2.628 fell=1.000
  460      1502.9       535.5    0.3605    -6.2592  random             3.1s
  461      1356.8       591.4    0.3603    -6.1547  random             2.6s
  462      1240.4       459.4    0.3601    -9.8505  random             2.3s
  463      1320.4       601.9    0.3601    -7.3173  random             3.0s
  464      1165.3       490.2    0.3601    -7.1843  random             2.6s
  465       871.5       359.9    0.3600   -11.5794  random             1.7s
  466       914.6       545.2    0.3597   -10.1065  random             2.6s
  467      1135.2       510.7    0.3595    -7.8572  random             2.6s
  468      1027.5       517.3    0.3593    -9.1383  random             2.4s
  469       811.3       336.0    0.3592   -11.7612  random             1.8s
  [probe] gen=470 score=994.8 net=4.323 fell=0.100
  470      1100.4       539.2    0.3590    -9.0877  random             2.6s
  471      1082.1       453.6    0.3590    -8.1912  random             2.5s
  472      1079.2       532.8    0.3590   -10.4931  random             2.3s
  473       897.8       484.9    0.3589   -11.6072  random             2.5s
  474      1165.8       544.1    0.3590    -9.5920  random             3.0s
  [plot] Saved fitness curve → experiments/thesis/random_variable_gravity/seed_08/fitness_curve.png
  475      1077.3       494.4    0.3591   -10.7773  random             2.6s
  476      1105.1       302.0    0.3592    -6.3031  random             2.6s
  477      1288.9       658.6    0.3593    -8.0003  random             2.9s
  478       987.2       511.1    0.3595   -10.8190  random             2.4s
  479      1151.3       502.3    0.3599    -7.2856  random             3.0s
  [probe] gen=480 score=1128.6 net=5.458 fell=1.000
  480      1127.7       585.2    0.3602    -7.8746  random             2.9s
  481      1210.8       560.3    0.3605    -7.3330  random             2.6s
  482      1343.5       565.5    0.3608    -6.6925  random             2.8s
  483       914.1       462.3    0.3612   -10.4911  random             2.0s
  484       932.7       401.3    0.3614   -11.8046  random             2.0s
  485      1267.7       532.9    0.3616    -6.9811  random             3.0s
  486      1011.1       452.0    0.3619   -11.1149  random             2.2s
  487       916.8       458.7    0.3622   -11.9716  random             2.2s
  488      1076.6       486.4    0.3624   -10.2802  random             2.4s
  489      1261.4       535.2    0.3626    -7.3352  random             3.0s
  [probe] gen=490 score=1200.5 net=5.505 fell=0.300
  490      1217.6       582.9    0.3626    -9.2417  random             2.7s
  491      1141.1       539.1    0.3625   -10.9196  random             2.5s
  492      1282.3       431.0    0.3624    -6.7731  random             3.0s
  493      1208.9       636.9    0.3622    -8.1867  random             2.9s
  494      1281.0       677.3    0.3622    -7.7454  random             3.2s
  495      1398.1       654.3    0.3622    -6.8419  random             3.0s
  496      1322.5       598.8    0.3621    -7.0956  random             2.4s
  497      1084.9       457.7    0.3619    -9.1495  random             2.1s
  498      1317.3       473.0    0.3617    -6.9222  random             2.6s
  499      1044.4       511.3    0.3615    -9.5527  random             2.2s
  [plot] Saved fitness curve → experiments/thesis/random_variable_gravity/seed_08/fitness_curve.png

Training complete. Best fitness: 1502.9
Best params → experiments/thesis/random_variable_gravity/seed_08/checkpoints/best_params.npy
Fitness curve → experiments/thesis/random_variable_gravity/seed_08/fitness_curve.png
Final Earth scorecard | score=437.1 net=2.453 fell=1.000
Gravity sweep | gravities=5 mean_net=3.432 worst_net=1.932
  [exp] Wrote experiments/thesis/random_variable_gravity/seed_08/experiment.json
  [exp] Wrote experiments/thesis/random_variable_gravity/seed_08/training_log.csv
  [exp] Wrote experiments/thesis/random_variable_gravity/seed_08/earth_probe.csv
  [exp] Wrote experiments/thesis/random_variable_gravity/seed_08/gravity_sweep.csv
  [exp] Wrote experiments/thesis/random_variable_gravity/seed_08/summary.json
