Walker2d-v5 | policy=CPG  params=504
Curriculum   : GradualTransition  gravity -2.0 → -9.81  warmup=20%
Run context | seed=5 arm=curriculum_variable_gravity run_id=curriculum_variable_gravity_seed_05


Starting CMA-ES | pop=40 | sigma0=0.5 | max_gen=500 | workers=8 | seed=5
Checkpoints → experiments/thesis/curriculum_variable_gravity/seed_05/checkpoints/

  Gen        Best        Mean     Sigma    Gravity  Phase              Time
------------------------------------------------------------------------
  [probe] gen=0 score=-334.4 net=-0.090 fell=1.000
  [plot] Saved fitness curve → experiments/thesis/curriculum_variable_gravity/seed_05/fitness_curve.png
    0      -332.0      -387.5    0.4904    -2.0000  warmup             1.4s
    1      -311.7      -379.1    0.4819    -2.0000  warmup             0.1s
    2      -315.2      -368.2    0.4743    -2.0000  warmup             0.1s
    3      -274.3      -362.0    0.4674    -2.0000  warmup             0.2s
    4      -304.1      -360.4    0.4611    -2.0000  warmup             0.1s
    5      -210.1      -348.7    0.4554    -2.0000  warmup             0.1s
    6      -112.7      -346.9    0.4504    -2.0000  warmup             0.2s
    7      -272.8      -335.8    0.4458    -2.0000  warmup             0.2s
    8      -271.1      -341.5    0.4415    -2.0000  warmup             0.2s
    9      -278.3      -332.0    0.4377    -2.0000  warmup             0.2s
  [probe] gen=10 score=-257.3 net=0.034 fell=1.000
   10      -278.4      -330.3    0.4341    -2.0000  warmup             0.3s
   11      -221.6      -325.1    0.4307    -2.0000  warmup             0.2s
   12      -215.3      -335.7    0.4276    -2.0000  warmup             0.2s
   13      -185.5      -313.5    0.4246    -2.0000  warmup             0.3s
   14      -115.1      -319.5    0.4217    -2.0000  warmup             0.3s
   15      -220.3      -321.3    0.4191    -2.0000  warmup             0.3s
   16       -92.3      -306.8    0.4166    -2.0000  warmup             0.4s
   17      -242.4      -317.2    0.4143    -2.0000  warmup             0.4s
   18      -159.5      -319.9    0.4122    -2.0000  warmup             0.5s
   19      -108.5      -266.8    0.4102    -2.0000  warmup             0.5s
  [probe] gen=20 score=-268.7 net=-0.133 fell=1.000
   20      -135.9      -278.5    0.4083    -2.0000  warmup             0.6s
   21        14.9      -272.1    0.4067    -2.0000  warmup             0.5s
   22       -18.3      -284.0    0.4051    -2.0000  warmup             0.5s
   23        -9.8      -254.1    0.4036    -2.0000  warmup             0.5s
   24       -27.1      -241.4    0.4022    -2.0000  warmup             0.6s
  [plot] Saved fitness curve → experiments/thesis/curriculum_variable_gravity/seed_05/fitness_curve.png
   25        -5.6      -231.1    0.4011    -2.0000  warmup             0.6s
   26        -1.7      -251.0    0.4001    -2.0000  warmup             0.6s
   27        45.3      -216.4    0.3992    -2.0000  warmup             0.6s
   28         1.4      -220.5    0.3983    -2.0000  warmup             0.7s
   29       192.1      -203.0    0.3976    -2.0000  warmup             0.6s
  [probe] gen=30 score=-2.8 net=0.946 fell=1.000
   30        74.0      -199.6    0.3970    -2.0000  warmup             0.6s
   31        24.5      -173.6    0.3967    -2.0000  warmup             0.6s
   32       -19.1      -213.1    0.3963    -2.0000  warmup             0.6s
   33        60.5      -182.5    0.3957    -2.0000  warmup             0.8s
   34       111.4      -145.6    0.3954    -2.0000  warmup             0.9s
   35       454.0      -122.6    0.3951    -2.0000  warmup             1.0s
   36       184.1      -115.7    0.3949    -2.0000  warmup             1.1s
   37       175.5       -79.3    0.3949    -2.0000  warmup             1.2s
   38       315.0       -33.6    0.3949    -2.0000  warmup             1.3s
   39       296.9       -23.3    0.3947    -2.0000  warmup             1.3s
  [probe] gen=40 score=5.6 net=0.964 fell=1.000
   40       385.1        -8.9    0.3945    -2.0000  warmup             1.3s
   41       225.2      -109.2    0.3943    -2.0000  warmup             1.3s
   42       308.8       -43.5    0.3941    -2.0000  warmup             1.3s
   43       142.6       -83.1    0.3938    -2.0000  warmup             1.3s
   44       360.3        -5.3    0.3936    -2.0000  warmup             1.4s
   45       423.2       -55.0    0.3934    -2.0000  warmup             1.4s
   46       480.8       -58.7    0.3932    -2.0000  warmup             1.4s
   47       354.1         2.3    0.3928    -2.0000  warmup             1.3s
   48       278.7       -51.3    0.3926    -2.0000  warmup             1.4s
   49       333.8        33.1    0.3923    -2.0000  warmup             1.4s
  [probe] gen=50 score=48.9 net=1.037 fell=1.000
  [plot] Saved fitness curve → experiments/thesis/curriculum_variable_gravity/seed_05/fitness_curve.png
   50       167.4       -37.5    0.3920    -2.0000  warmup             1.4s
   51       273.0       -14.3    0.3919    -2.0000  warmup             1.4s
   52       209.7        39.7    0.3917    -2.0000  warmup             1.4s
   53       487.4        50.3    0.3917    -2.0000  warmup             1.5s
   54       335.0        40.4    0.3917    -2.0000  warmup             1.5s
   55       421.6        20.7    0.3915    -2.0000  warmup             1.6s
   56       518.4        91.9    0.3915    -2.0000  warmup             1.6s
   57       489.0        98.3    0.3916    -2.0000  warmup             1.6s
   58       615.8        22.9    0.3920    -2.0000  warmup             1.5s
   59       482.0        61.1    0.3925    -2.0000  warmup             1.6s
  [probe] gen=60 score=11.5 net=0.976 fell=1.000
   60       547.1        75.5    0.3929    -2.0000  warmup             1.7s
   61       654.3         2.5    0.3934    -2.0000  warmup             1.5s
   62       471.7        61.1    0.3940    -2.0000  warmup             1.6s
   63       745.9        79.9    0.3945    -2.0000  warmup             1.6s
   64       437.2        38.4    0.3951    -2.0000  warmup             1.6s
   65       849.1       122.1    0.3956    -2.0000  warmup             1.6s
   66       630.4        94.8    0.3962    -2.0000  warmup             1.6s
   67       740.8        71.4    0.3967    -2.0000  warmup             1.5s
   68       663.4        95.9    0.3973    -2.0000  warmup             1.8s
   69       698.9       132.6    0.3978    -2.0000  warmup             1.7s
  [probe] gen=70 score=33.6 net=1.014 fell=1.000
   70       615.3       126.1    0.3982    -2.0000  warmup             1.7s
   71       504.9       101.0    0.3987    -2.0000  warmup             1.7s
   72       414.6        94.0    0.3992    -2.0000  warmup             1.7s
   73       696.1       108.0    0.3997    -2.0000  warmup             1.6s
   74       536.1         2.3    0.4004    -2.0000  warmup             1.5s
  [plot] Saved fitness curve → experiments/thesis/curriculum_variable_gravity/seed_05/fitness_curve.png
   75       495.2         1.3    0.4010    -2.0000  warmup             1.6s
   76       631.0       141.2    0.4017    -2.0000  warmup             1.8s
   77       799.2       172.6    0.4023    -2.0000  warmup             1.7s
   78       720.6       174.5    0.4028    -2.0000  warmup             1.7s
   79       714.9       212.6    0.4033    -2.0000  warmup             1.7s
  [probe] gen=80 score=-109.3 net=0.235 fell=1.000
   80       872.7       156.0    0.4037    -2.0000  warmup             1.7s
   81       679.9       136.0    0.4043    -2.0000  warmup             1.6s
   82       649.8        97.1    0.4048    -2.0000  warmup             1.5s
   83       636.7       151.9    0.4053    -2.0000  warmup             1.6s
   84       794.5       177.1    0.4055    -2.0000  warmup             1.8s
   85       868.0       167.7    0.4057    -2.0000  warmup             1.7s
   86       626.2        43.9    0.4058    -2.0000  warmup             1.6s
   87       684.0       149.3    0.4057    -2.0000  warmup             1.8s
   88       652.1       159.5    0.4056    -2.0000  warmup             1.8s
   89       638.9       157.5    0.4055    -2.0000  warmup             1.8s
  [probe] gen=90 score=21.5 net=0.888 fell=1.000
   90       603.6       113.9    0.4053    -2.0000  warmup             1.8s
   91       897.2       214.6    0.4052    -2.0000  warmup             1.8s
   92       930.9       160.8    0.4051    -2.0000  warmup             1.8s
   93       791.9       179.2    0.4051    -2.0000  warmup             1.7s
   94       730.4       136.9    0.4052    -2.0000  warmup             1.7s
   95       638.7       136.7    0.4052    -2.0000  warmup             1.9s
   96       778.8       132.4    0.4053    -2.0000  warmup             1.8s
   97       757.7       213.0    0.4054    -2.0000  warmup             1.9s
   98       609.5       147.6    0.4055    -2.0000  warmup             1.7s
   99       612.7       187.8    0.4057    -2.0000  warmup             1.6s
  [probe] gen=100 score=-382.8 net=-0.894 fell=1.000
  [plot] Saved fitness curve → experiments/thesis/curriculum_variable_gravity/seed_05/fitness_curve.png
  100       653.5       197.2    0.4057    -2.0000  warmup             1.7s
  101       651.6       153.7    0.4057    -2.0195  ramp 0%            1.6s
  102       687.3       119.3    0.4057    -2.0391  ramp 0%            1.7s
  103       746.5       194.8    0.4057    -2.0586  ramp 0%            1.7s
  104       790.4       123.0    0.4056    -2.0781  ramp 1%            1.6s
  105      1069.2       191.1    0.4057    -2.0976  ramp 1%            1.7s
  106       765.0       275.8    0.4057    -2.1172  ramp 1%            1.9s
  107       952.8       246.0    0.4056    -2.1367  ramp 1%            1.9s
  108       658.2       258.5    0.4054    -2.1562  ramp 2%            2.0s
  109       638.2       225.1    0.4052    -2.1757  ramp 2%            1.8s
  [probe] gen=110 score=18.8 net=0.982 fell=1.000
  110       932.0       312.9    0.4050    -2.1953  ramp 2%            1.9s
  111       878.7       247.1    0.4048    -2.2148  ramp 2%            1.8s
  112      1035.4       207.8    0.4047    -2.2343  ramp 3%            1.7s
  113       846.1       250.6    0.4045    -2.2538  ramp 3%            1.8s
  114       830.8       342.2    0.4043    -2.2734  ramp 3%            1.9s
  115      1030.2       364.6    0.4042    -2.2929  ramp 3%            1.9s
  116      1074.1       307.0    0.4041    -2.3124  ramp 4%            1.9s
  117       932.3       315.6    0.4040    -2.3319  ramp 4%            1.8s
  118       922.0       239.3    0.4040    -2.3514  ramp 4%            1.7s
  119       894.2       250.1    0.4042    -2.3710  ramp 4%            1.7s
  [probe] gen=120 score=171.7 net=1.536 fell=1.000
  120      1079.9       197.4    0.4043    -2.3905  ramp 5%            1.5s
  121       766.7       322.8    0.4043    -2.4100  ramp 5%            1.7s
  122      1162.0       352.2    0.4043    -2.4295  ramp 5%            1.6s
  123       845.2       298.5    0.4044    -2.4491  ramp 5%            1.7s
  124       675.5       245.7    0.4045    -2.4686  ramp 6%            1.6s
  [plot] Saved fitness curve → experiments/thesis/curriculum_variable_gravity/seed_05/fitness_curve.png
  125      1174.5       360.1    0.4045    -2.4881  ramp 6%            1.8s
  126      1084.9       329.0    0.4044    -2.5076  ramp 6%            1.8s
  127      1056.7       308.7    0.4043    -2.5272  ramp 6%            1.8s
  128       758.9       299.7    0.4041    -2.5467  ramp 7%            1.9s
  129      1412.9       316.2    0.4038    -2.5662  ramp 7%            1.9s
  [probe] gen=130 score=144.7 net=1.528 fell=1.000
  130      1049.8       326.3    0.4035    -2.5857  ramp 7%            1.8s
  131      1156.7       429.7    0.4032    -2.6053  ramp 7%            1.7s
  132       779.0       377.1    0.4028    -2.6248  ramp 8%            1.8s
  133       861.5       340.0    0.4025    -2.6443  ramp 8%            1.8s
  134       839.1       306.1    0.4023    -2.6639  ramp 8%            1.9s
  135      1273.6       362.0    0.4022    -2.6834  ramp 8%            1.8s
  136       852.2       376.3    0.4022    -2.7029  ramp 9%            1.9s
  137      1144.6       356.1    0.4022    -2.7224  ramp 9%            1.8s
  138       841.3       239.8    0.4021    -2.7420  ramp 9%            1.8s
  139       922.8       226.1    0.4020    -2.7615  ramp 9%            1.6s
  [probe] gen=140 score=121.1 net=1.364 fell=1.000
  140       698.3       305.3    0.4020    -2.7810  ramp 10%           1.7s
  141      1204.6       274.0    0.4021    -2.8005  ramp 10%           1.7s
  142      1066.0       180.1    0.4022    -2.8201  ramp 10%           1.6s
  143      1044.6       257.8    0.4023    -2.8396  ramp 10%           1.7s
  144       905.0       221.9    0.4024    -2.8591  ramp 11%           1.6s
  145       839.2       191.0    0.4027    -2.8786  ramp 11%           1.5s
  146       840.7       286.0    0.4030    -2.8982  ramp 11%           1.8s
  147      1421.6       292.3    0.4034    -2.9177  ramp 11%           1.8s
  148      1087.5       222.9    0.4037    -2.9372  ramp 12%           1.8s
  149       887.1       283.9    0.4038    -2.9567  ramp 12%           1.8s
  [probe] gen=150 score=100.8 net=1.327 fell=1.000
  [plot] Saved fitness curve → experiments/thesis/curriculum_variable_gravity/seed_05/fitness_curve.png
  150       822.8       223.2    0.4038    -2.9763  ramp 12%           1.9s
  151      1000.3       311.4    0.4039    -2.9958  ramp 12%           2.0s
  152      1137.5       352.4    0.4041    -3.0153  ramp 13%           1.7s
  153       746.0       335.4    0.4043    -3.0348  ramp 13%           1.8s
  154       728.2       341.6    0.4045    -3.0544  ramp 13%           1.7s
  155       921.7       335.7    0.4047    -3.0739  ramp 13%           1.8s
  156      1074.4       260.3    0.4047    -3.0934  ramp 14%           1.8s
  157       793.0       231.1    0.4048    -3.1129  ramp 14%           1.7s
  158      1028.3       372.0    0.4049    -3.1324  ramp 14%           1.9s
  159       866.5       185.3    0.4049    -3.1520  ramp 14%           1.5s
  [probe] gen=160 score=130.1 net=1.347 fell=1.000
  160      1059.1       281.9    0.4050    -3.1715  ramp 15%           1.7s
  161       748.0       283.9    0.4052    -3.1910  ramp 15%           1.6s
  162       952.9       334.5    0.4052    -3.2106  ramp 15%           1.8s
  163       751.4       289.7    0.4054    -3.2301  ramp 15%           1.7s
  164      1033.2       280.2    0.4057    -3.2496  ramp 16%           1.6s
  165       861.8       356.2    0.4060    -3.2691  ramp 16%           1.9s
  166       828.3       357.7    0.4062    -3.2887  ramp 16%           1.7s
  167       905.0       259.2    0.4063    -3.3082  ramp 16%           1.7s
  168       883.9       280.8    0.4065    -3.3277  ramp 17%           1.8s
  169       997.9       332.1    0.4064    -3.3472  ramp 17%           1.7s
  [probe] gen=170 score=159.0 net=1.480 fell=1.000
  170      1176.1       387.9    0.4063    -3.3667  ramp 17%           1.8s
  171       831.4       344.4    0.4060    -3.3863  ramp 17%           1.6s
  172      1288.8       328.9    0.4056    -3.4058  ramp 18%           1.6s
  173      1049.2       350.9    0.4051    -3.4253  ramp 18%           1.6s
  174       928.1       413.6    0.4045    -3.4448  ramp 18%           1.8s
  [plot] Saved fitness curve → experiments/thesis/curriculum_variable_gravity/seed_05/fitness_curve.png
  175      1192.1       451.9    0.4040    -3.4644  ramp 18%           1.9s
  176       844.6       296.6    0.4034    -3.4839  ramp 19%           1.6s
  177      1030.3       355.3    0.4028    -3.5034  ramp 19%           1.8s
  178       764.8       361.5    0.4024    -3.5230  ramp 19%           1.7s
  179      1250.6       354.2    0.4019    -3.5425  ramp 19%           1.8s
  [probe] gen=180 score=118.1 net=1.352 fell=1.000
  180      1256.8       399.5    0.4014    -3.5620  ramp 20%           1.9s
  181      1153.8       446.3    0.4011    -3.5815  ramp 20%           1.7s
  182       971.2       366.9    0.4007    -3.6010  ramp 20%           1.7s
  183      1069.6       445.4    0.4005    -3.6206  ramp 20%           2.0s
  184      1664.2       370.1    0.4003    -3.6401  ramp 21%           2.0s
  185       876.2       326.6    0.4001    -3.6596  ramp 21%           1.6s
  186      1385.7       460.5    0.3999    -3.6791  ramp 21%           1.9s
  187      1088.8       369.0    0.3998    -3.6987  ramp 21%           1.9s
  188      1223.3       390.7    0.3996    -3.7182  ramp 22%           1.8s
  189       959.0       344.9    0.3993    -3.7377  ramp 22%           1.7s
  [probe] gen=190 score=131.1 net=1.455 fell=1.000
  190      1457.7       432.9    0.3991    -3.7572  ramp 22%           2.0s
  191       781.7       305.6    0.3989    -3.7768  ramp 22%           1.6s
  192      1022.4       439.1    0.3985    -3.7963  ramp 23%           1.8s
  193       817.2       417.0    0.3982    -3.8158  ramp 23%           1.8s
  194      1092.3       416.7    0.3978    -3.8354  ramp 23%           1.9s
  195      1195.0       375.3    0.3976    -3.8549  ramp 23%           1.9s
  196      1336.6       425.5    0.3974    -3.8744  ramp 24%           1.9s
  197       960.2       367.4    0.3970    -3.8939  ramp 24%           1.7s
  198       962.2       451.3    0.3965    -3.9135  ramp 24%           1.7s
  199      1114.5       334.1    0.3961    -3.9330  ramp 24%           1.8s
  [probe] gen=200 score=-77.1 net=0.427 fell=1.000
  [plot] Saved fitness curve → experiments/thesis/curriculum_variable_gravity/seed_05/fitness_curve.png
  200      1201.6       410.0    0.3958    -3.9525  ramp 25%           1.7s
  201       959.1       335.1    0.3955    -3.9720  ramp 25%           1.6s
  202      1066.5       463.7    0.3954    -3.9916  ramp 25%           1.9s
  203      1420.5       498.7    0.3953    -4.0111  ramp 25%           2.0s
  204      1077.9       444.6    0.3949    -4.0306  ramp 26%           1.9s
  205      1198.4       556.7    0.3945    -4.0501  ramp 26%           2.1s
  206      1172.4       472.7    0.3940    -4.0697  ramp 26%           2.0s
  207      1171.1       468.4    0.3936    -4.0892  ramp 26%           2.0s
  208      1368.8       474.7    0.3932    -4.1087  ramp 27%           1.7s
  209      1283.1       474.0    0.3927    -4.1282  ramp 27%           1.8s
  [probe] gen=210 score=201.8 net=1.652 fell=1.000
  210       967.6       410.0    0.3922    -4.1478  ramp 27%           1.7s
  211      1145.9       476.5    0.3917    -4.1673  ramp 27%           1.7s
  212       936.4       501.7    0.3911    -4.1868  ramp 28%           1.9s
  213      1142.0       473.5    0.3906    -4.2063  ramp 28%           1.8s
  214      1303.6       548.6    0.3901    -4.2258  ramp 28%           1.9s
  215      1195.4       464.8    0.3898    -4.2454  ramp 28%           1.8s
  216      1181.5       541.7    0.3896    -4.2649  ramp 28%           2.1s
  217       809.5       453.5    0.3894    -4.2844  ramp 29%           1.8s
  218      1104.0       424.4    0.3891    -4.3040  ramp 29%           1.8s
  219      1566.2       456.9    0.3888    -4.3235  ramp 29%           1.8s
  [probe] gen=220 score=70.9 net=1.014 fell=1.000
  220      1209.5       497.5    0.3884    -4.3430  ramp 30%           1.8s
  221      1397.2       576.0    0.3878    -4.3625  ramp 30%           1.8s
  222      1232.7       437.3    0.3872    -4.3820  ramp 30%           1.8s
  223      1473.5       602.0    0.3867    -4.4016  ramp 30%           2.0s
  224      1407.6       583.6    0.3863    -4.4211  ramp 31%           2.1s
  [plot] Saved fitness curve → experiments/thesis/curriculum_variable_gravity/seed_05/fitness_curve.png
  225      1231.1       574.1    0.3860    -4.4406  ramp 31%           1.9s
  226      1204.4       492.4    0.3859    -4.4602  ramp 31%           1.9s
  227      1278.3       553.7    0.3856    -4.4797  ramp 31%           2.0s
  228      1263.7       592.5    0.3855    -4.4992  ramp 32%           2.0s
  229      1208.5       477.8    0.3853    -4.5187  ramp 32%           1.7s
  [probe] gen=230 score=-257.2 net=-0.328 fell=1.000
  230      1211.3       571.4    0.3852    -4.5382  ramp 32%           2.0s
  231      1115.9       564.7    0.3851    -4.5578  ramp 32%           2.2s
  232      1211.3       567.4    0.3848    -4.5773  ramp 33%           2.1s
  233       993.9       510.2    0.3845    -4.5968  ramp 33%           1.9s
  234      1075.4       441.8    0.3844    -4.6164  ramp 33%           1.8s
  235      1193.6       555.3    0.3843    -4.6359  ramp 33%           1.9s
  236      1005.2       485.4    0.3843    -4.6554  ramp 34%           1.9s
  237      1152.4       486.1    0.3843    -4.6749  ramp 34%           1.9s
  238       904.9       438.2    0.3845    -4.6944  ramp 34%           1.6s
  239       888.3       380.6    0.3845    -4.7140  ramp 34%           1.7s
  [probe] gen=240 score=171.5 net=1.615 fell=1.000
  240      1174.3       483.1    0.3845    -4.7335  ramp 35%           1.9s
  241      1079.2       514.9    0.3844    -4.7530  ramp 35%           1.7s
  242      1433.0       477.3    0.3844    -4.7725  ramp 35%           1.7s
  243      1267.3       472.5    0.3842    -4.7921  ramp 35%           1.7s
  244      1089.0       545.2    0.3840    -4.8116  ramp 36%           2.0s
  245      1459.8       488.8    0.3839    -4.8311  ramp 36%           1.8s
  246      1392.0       524.6    0.3838    -4.8506  ramp 36%           2.0s
  247      1345.8       517.5    0.3838    -4.8702  ramp 36%           2.0s
  248      1263.8       527.1    0.3837    -4.8897  ramp 37%           2.0s
  249      1289.9       576.5    0.3836    -4.9092  ramp 37%           1.9s
  [probe] gen=250 score=-128.9 net=0.167 fell=1.000
  [plot] Saved fitness curve → experiments/thesis/curriculum_variable_gravity/seed_05/fitness_curve.png
  250      1170.6       503.1    0.3836    -4.9287  ramp 37%           2.0s
  251      1267.4       541.4    0.3836    -4.9483  ramp 37%           2.1s
  252      1424.3       522.9    0.3836    -4.9678  ramp 38%           1.9s
  253      1385.5       521.8    0.3838    -4.9873  ramp 38%           2.2s
  254      1185.2       527.9    0.3839    -5.0069  ramp 38%           1.9s
  255      1312.4       522.6    0.3839    -5.0264  ramp 38%           1.9s
  256      1411.1       547.5    0.3840    -5.0459  ramp 39%           2.0s
  257      1285.7       602.2    0.3841    -5.0654  ramp 39%           2.2s
  258      1385.6       605.8    0.3841    -5.0850  ramp 39%           2.2s
  259      1441.9       564.1    0.3840    -5.1045  ramp 39%           2.4s
  [probe] gen=260 score=181.0 net=1.555 fell=1.000
  260      1362.5       624.0    0.3840    -5.1240  ramp 40%           2.1s
  261      1206.0       484.5    0.3841    -5.1435  ramp 40%           2.0s
  262      1376.6       447.0    0.3842    -5.1631  ramp 40%           2.0s
  263      1369.3       506.5    0.3841    -5.1826  ramp 40%           2.3s
  264      1245.0       523.0    0.3840    -5.2021  ramp 41%           2.4s
  265      1381.1       493.5    0.3839    -5.2216  ramp 41%           2.0s
  266      1209.0       497.5    0.3838    -5.2412  ramp 41%           2.0s
  267      1236.9       449.5    0.3836    -5.2607  ramp 41%           2.0s
  268      1523.6       528.2    0.3834    -5.2802  ramp 42%           1.8s
  269      1567.5       545.8    0.3832    -5.2997  ramp 42%           2.0s
  [probe] gen=270 score=157.8 net=1.542 fell=1.000
  270      1385.5       644.6    0.3830    -5.3193  ramp 42%           2.3s
  271      1278.9       580.7    0.3829    -5.3388  ramp 42%           2.1s
  272      1449.2       620.3    0.3830    -5.3583  ramp 43%           2.4s
  273      1398.3       533.3    0.3829    -5.3778  ramp 43%           1.8s
  274      1481.3       641.2    0.3828    -5.3974  ramp 43%           2.3s
  [plot] Saved fitness curve → experiments/thesis/curriculum_variable_gravity/seed_05/fitness_curve.png
  275      1156.3       491.0    0.3828    -5.4169  ramp 43%           2.0s
  276       865.2       366.3    0.3827    -5.4364  ramp 44%           1.8s
  277      1479.8       466.9    0.3826    -5.4559  ramp 44%           2.0s
  278      1313.9       485.7    0.3824    -5.4755  ramp 44%           2.2s
  279      1134.7       543.4    0.3822    -5.4950  ramp 44%           2.2s
  [probe] gen=280 score=207.4 net=1.609 fell=1.000
  280      1282.2       568.3    0.3818    -5.5145  ramp 45%           2.1s
  281      1253.8       513.9    0.3816    -5.5340  ramp 45%           2.0s
  282      1274.5       559.8    0.3815    -5.5536  ramp 45%           2.4s
  283      1474.6       595.2    0.3813    -5.5731  ramp 45%           2.3s
  284      1397.1       580.6    0.3811    -5.5926  ramp 46%           2.2s
  285      1204.0       558.1    0.3811    -5.6121  ramp 46%           2.3s
  286      1098.6       523.0    0.3812    -5.6317  ramp 46%           1.9s
  287       990.4       472.7    0.3815    -5.6512  ramp 46%           1.9s
  288      1416.6       585.7    0.3818    -5.6707  ramp 47%           2.1s
  289      1474.2       594.8    0.3822    -5.6902  ramp 47%           2.1s
  [probe] gen=290 score=166.0 net=1.522 fell=1.000
  290      1359.9       678.8    0.3826    -5.7097  ramp 47%           2.3s
  291      1426.6       558.4    0.3829    -5.7293  ramp 47%           1.9s
  292      1607.0       573.7    0.3833    -5.7488  ramp 48%           2.2s
  293      1296.4       599.9    0.3837    -5.7683  ramp 48%           2.0s
  294      1353.9       582.0    0.3842    -5.7879  ramp 48%           2.1s
  295      1254.8       539.6    0.3847    -5.8074  ramp 48%           1.9s
  296      1140.5       498.2    0.3850    -5.8269  ramp 49%           1.9s
  297      1421.8       574.2    0.3853    -5.8464  ramp 49%           2.1s
  298      1248.7       600.7    0.3856    -5.8659  ramp 49%           2.3s
  299      1335.2       535.6    0.3858    -5.8855  ramp 49%           2.1s
  [probe] gen=300 score=164.8 net=1.519 fell=1.000
  [plot] Saved fitness curve → experiments/thesis/curriculum_variable_gravity/seed_05/fitness_curve.png
  300      1501.5       517.1    0.3862    -5.9050  ramp 50%           1.9s
  301      1448.2       641.7    0.3865    -5.9245  ramp 50%           2.3s
  302      1445.8       628.5    0.3869    -5.9441  ramp 50%           2.2s
  303      1358.1       521.8    0.3872    -5.9636  ramp 50%           2.1s
  304      1385.8       528.8    0.3875    -5.9831  ramp 51%           2.0s
  305      1258.4       509.1    0.3878    -6.0026  ramp 51%           2.2s
  306      1445.1       451.7    0.3884    -6.0222  ramp 51%           2.2s
  307      1328.6       530.9    0.3887    -6.0417  ramp 51%           2.3s
  308      1418.2       399.9    0.3890    -6.0612  ramp 52%           1.8s
  309      1135.5       509.0    0.3895    -6.0807  ramp 52%           2.1s
  [probe] gen=310 score=188.4 net=1.584 fell=1.000
  310      1313.1       525.7    0.3900    -6.1003  ramp 52%           2.2s
  311      1510.2       588.9    0.3906    -6.1198  ramp 52%           2.1s
  312      1319.8       561.0    0.3912    -6.1393  ramp 53%           1.8s
  313      1510.8       583.8    0.3916    -6.1588  ramp 53%           2.1s
  314      1558.8       706.3    0.3921    -6.1784  ramp 53%           2.4s
  315      1456.1       546.8    0.3928    -6.1979  ramp 53%           2.1s
  316      1358.9       520.6    0.3934    -6.2174  ramp 54%           2.0s
  317      1488.9       576.7    0.3940    -6.2369  ramp 54%           2.1s
  318      1514.7       588.7    0.3945    -6.2565  ramp 54%           2.0s
  319      1223.1       542.4    0.3952    -6.2760  ramp 54%           1.9s
  [probe] gen=320 score=163.4 net=1.521 fell=1.000
  320      1197.1       547.6    0.3959    -6.2955  ramp 55%           2.1s
  321      1386.0       534.2    0.3965    -6.3150  ramp 55%           2.2s
  322      1177.1       455.2    0.3969    -6.3346  ramp 55%           2.1s
  323      1229.9       629.3    0.3973    -6.3541  ramp 55%           2.1s
  324      1150.9       516.8    0.3975    -6.3736  ramp 56%           2.0s
  [plot] Saved fitness curve → experiments/thesis/curriculum_variable_gravity/seed_05/fitness_curve.png
  325      1223.4       548.4    0.3977    -6.3931  ramp 56%           2.2s
  326      1311.1       615.3    0.3980    -6.4127  ramp 56%           2.5s
  327      1256.3       446.0    0.3981    -6.4322  ramp 56%           2.0s
  328      1122.6       471.0    0.3982    -6.4517  ramp 56%           2.1s
  329      1401.2       459.7    0.3983    -6.4712  ramp 57%           2.0s
  [probe] gen=330 score=176.9 net=1.527 fell=1.000
  330      1303.0       371.5    0.3984    -6.4908  ramp 57%           1.7s
  331      1264.2       581.1    0.3986    -6.5103  ramp 57%           2.3s
  332      1248.7       482.1    0.3987    -6.5298  ramp 57%           2.3s
  333      1148.0       460.0    0.3988    -6.5493  ramp 58%           2.1s
  334      1017.9       467.0    0.3990    -6.5689  ramp 58%           2.2s
  335      1337.0       469.6    0.3992    -6.5884  ramp 58%           2.0s
  336      1114.7       490.1    0.3994    -6.6079  ramp 59%           2.3s
  337      1269.1       446.8    0.3996    -6.6274  ramp 59%           2.1s
  338      1049.9       404.1    0.3999    -6.6470  ramp 59%           1.9s
  339      1145.9       549.8    0.4001    -6.6665  ramp 59%           2.1s
  [probe] gen=340 score=151.2 net=1.436 fell=1.000
  340      1287.7       513.3    0.4003    -6.6860  ramp 60%           2.1s
  341      1323.9       438.0    0.4005    -6.7055  ramp 60%           2.0s
  342      1278.0       555.9    0.4005    -6.7251  ramp 60%           2.2s
  343      1386.3       473.7    0.4005    -6.7446  ramp 60%           1.9s
  344      1324.8       526.3    0.4006    -6.7641  ramp 61%           2.1s
  345      1325.9       428.4    0.4008    -6.7836  ramp 61%           2.0s
  346      1303.5       496.8    0.4009    -6.8032  ramp 61%           2.2s
  347      1316.6       606.3    0.4011    -6.8227  ramp 61%           2.4s
  348      1352.2       488.5    0.4012    -6.8422  ramp 62%           1.9s
  349      1212.9       436.5    0.4012    -6.8617  ramp 62%           1.8s
  [probe] gen=350 score=149.8 net=1.477 fell=1.000
  [plot] Saved fitness curve → experiments/thesis/curriculum_variable_gravity/seed_05/fitness_curve.png
  350      1298.3       407.8    0.4011    -6.8813  ramp 62%           2.1s
  351      1173.9       433.6    0.4011    -6.9008  ramp 62%           1.9s
  352      1119.0       450.9    0.4010    -6.9203  ramp 63%           2.1s
  353      1368.0       494.0    0.4007    -6.9398  ramp 63%           2.0s
  354      1327.4       483.8    0.4004    -6.9594  ramp 63%           2.0s
  355      1155.9       486.5    0.4000    -6.9789  ramp 63%           2.2s
  356      1229.7       458.3    0.3996    -6.9984  ramp 64%           1.9s
  357      1212.7       506.6    0.3993    -7.0179  ramp 64%           2.2s
  358      1252.6       457.5    0.3991    -7.0375  ramp 64%           1.8s
  359      1104.0       506.7    0.3989    -7.0570  ramp 64%           1.9s
  [probe] gen=360 score=197.9 net=1.643 fell=1.000
  360      1132.3       448.1    0.3988    -7.0765  ramp 65%           1.9s
  361      1060.2       436.4    0.3987    -7.0960  ramp 65%           2.1s
  362      1299.2       473.1    0.3987    -7.1156  ramp 65%           2.2s
  363      1114.1       440.1    0.3987    -7.1351  ramp 65%           2.1s
  364      1136.1       433.1    0.3988    -7.1546  ramp 66%           2.4s
  365      1471.5       499.6    0.3988    -7.1741  ramp 66%           2.3s
  366      1237.7       574.5    0.3987    -7.1937  ramp 66%           2.3s
  367      1183.0       515.6    0.3986    -7.2132  ramp 66%           2.3s
  368      1141.4       476.1    0.3986    -7.2327  ramp 67%           1.9s
  369      1129.5       431.0    0.3986    -7.2522  ramp 67%           2.0s
  [probe] gen=370 score=194.7 net=1.620 fell=1.000
  370      1207.4       521.2    0.3986    -7.2718  ramp 67%           2.0s
  371      1249.2       490.3    0.3984    -7.2913  ramp 67%           2.2s
  372      1402.4       601.2    0.3983    -7.3108  ramp 68%           2.3s
  373      1031.1       521.2    0.3982    -7.3303  ramp 68%           2.0s
  374       999.3       481.3    0.3981    -7.3499  ramp 68%           2.0s
  [plot] Saved fitness curve → experiments/thesis/curriculum_variable_gravity/seed_05/fitness_curve.png
  375      1248.3       564.7    0.3982    -7.3694  ramp 68%           2.3s
  376      1120.7       497.1    0.3982    -7.3889  ramp 69%           2.1s
  377      1224.9       486.5    0.3984    -7.4084  ramp 69%           2.0s
  378      1006.1       520.2    0.3985    -7.4280  ramp 69%           2.2s
  379      1077.2       521.9    0.3986    -7.4475  ramp 69%           2.5s
  [probe] gen=380 score=216.6 net=1.638 fell=1.000
  380      1251.6       388.6    0.3987    -7.4670  ramp 70%           2.1s
  381      1206.6       411.6    0.3990    -7.4865  ramp 70%           2.2s
  382      1096.2       466.5    0.3993    -7.5061  ramp 70%           2.3s
  383      1111.6       582.8    0.3997    -7.5256  ramp 70%           2.7s
  384      1290.7       513.4    0.4002    -7.5451  ramp 71%           2.7s
  385      1231.2       557.0    0.4006    -7.5646  ramp 71%           2.0s
  386      1454.9       537.6    0.4008    -7.5842  ramp 71%           2.2s
  387      1194.3       523.5    0.4011    -7.6037  ramp 71%           2.3s
  388      1176.4       624.1    0.4013    -7.6232  ramp 72%           2.4s
  389      1141.6       542.4    0.4017    -7.6427  ramp 72%           2.4s
  [probe] gen=390 score=210.4 net=1.667 fell=1.000
  390      1154.9       508.8    0.4022    -7.6623  ramp 72%           2.3s
  391       969.0       517.9    0.4026    -7.6818  ramp 72%           2.1s
  392      1238.7       461.2    0.4030    -7.7013  ramp 73%           2.3s
  393      1079.9       463.7    0.4035    -7.7208  ramp 73%           2.2s
  394      1207.0       397.4    0.4038    -7.7404  ramp 73%           1.6s
  395      1058.3       404.6    0.4039    -7.7599  ramp 73%           1.9s
  396      1083.6       493.4    0.4043    -7.7794  ramp 74%           2.2s
  397      1126.2       531.9    0.4047    -7.7989  ramp 74%           2.3s
  398      1321.6       532.5    0.4051    -7.8185  ramp 74%           2.2s
  399      1025.5       464.4    0.4054    -7.8380  ramp 74%           1.8s
  [probe] gen=400 score=276.2 net=1.947 fell=1.000
  [plot] Saved fitness curve → experiments/thesis/curriculum_variable_gravity/seed_05/fitness_curve.png
  400      1088.3       574.8    0.4056    -7.8575  ramp 75%           2.6s
  401      1178.6       532.5    0.4057    -7.8770  ramp 75%           2.1s
  402      1084.7       469.6    0.4056    -7.8966  ramp 75%           2.0s
  403      1131.4       499.4    0.4055    -7.9161  ramp 75%           2.4s
  404      1022.5       417.5    0.4054    -7.9356  ramp 76%           2.0s
  405      1150.3       525.6    0.4054    -7.9551  ramp 76%           2.4s
  406      1073.8       572.5    0.4054    -7.9747  ramp 76%           2.1s
  407       959.9       401.1    0.4055    -7.9942  ramp 76%           1.9s
  408       985.8       500.0    0.4056    -8.0137  ramp 77%           2.4s
  409      1098.7       544.5    0.4056    -8.0332  ramp 77%           2.3s
  [probe] gen=410 score=214.0 net=1.690 fell=1.000
  410       948.9       428.9    0.4055    -8.0527  ramp 77%           1.9s
  411       829.6       352.5    0.4053    -8.0723  ramp 77%           2.0s
  412      1116.9       377.9    0.4051    -8.0918  ramp 78%           2.0s
  413       941.9       541.7    0.4049    -8.1113  ramp 78%           2.4s
  414      1031.1       513.7    0.4046    -8.1309  ramp 78%           2.3s
  415      1172.4       522.4    0.4042    -8.1504  ramp 78%           2.4s
  416      1003.4       465.3    0.4037    -8.1699  ramp 79%           2.0s
  417      1065.2       416.2    0.4033    -8.1894  ramp 79%           2.1s
  418      1043.2       504.7    0.4029    -8.2090  ramp 79%           2.3s
  419      1064.4       401.5    0.4024    -8.2285  ramp 79%           1.8s
  [probe] gen=420 score=653.7 net=3.297 fell=0.900
  420      1075.0       498.4    0.4019    -8.2480  ramp 80%           2.2s
  421       921.8       479.0    0.4014    -8.2675  ramp 80%           2.0s
  422      1076.4       448.4    0.4010    -8.2871  ramp 80%           2.0s
  423       871.8       421.3    0.4007    -8.3066  ramp 80%           2.0s
  424      1095.4       478.6    0.4004    -8.3261  ramp 81%           2.3s
  [plot] Saved fitness curve → experiments/thesis/curriculum_variable_gravity/seed_05/fitness_curve.png
  425      1097.2       424.1    0.4002    -8.3456  ramp 81%           2.0s
  426       995.5       544.0    0.4000    -8.3651  ramp 81%           2.4s
  427      1048.1       480.1    0.3998    -8.3847  ramp 81%           2.5s
  428      1042.9       524.2    0.3994    -8.4042  ramp 82%           2.3s
  429       861.5       404.1    0.3990    -8.4237  ramp 82%           1.8s
  [probe] gen=430 score=347.7 net=2.115 fell=1.000
  430       905.1       421.7    0.3986    -8.4432  ramp 82%           2.0s
  431       950.3       447.7    0.3984    -8.4628  ramp 82%           2.1s
  432      1022.3       516.8    0.3983    -8.4823  ramp 83%           2.2s
  433      1029.3       507.5    0.3981    -8.5018  ramp 83%           2.5s
  434      1001.2       425.3    0.3978    -8.5213  ramp 83%           2.3s
  435      1169.0       488.6    0.3976    -8.5409  ramp 83%           2.6s
  436      1112.5       598.9    0.3974    -8.5604  ramp 84%           2.6s
  437      1003.8       428.0    0.3975    -8.5799  ramp 84%           2.2s
  438      1123.8       464.8    0.3974    -8.5995  ramp 84%           2.3s
  439      1017.7       432.2    0.3973    -8.6190  ramp 84%           2.2s
  [probe] gen=440 score=285.6 net=1.957 fell=1.000
  440      1069.2       522.7    0.3973    -8.6385  ramp 85%           2.3s
  441       997.8       590.2    0.3974    -8.6580  ramp 85%           2.7s
  442      1048.0       554.6    0.3976    -8.6776  ramp 85%           2.4s
  443      1014.2       554.2    0.3977    -8.6971  ramp 85%           2.4s
  444      1047.3       498.6    0.3977    -8.7166  ramp 86%           2.5s
  445      1032.6       557.7    0.3976    -8.7361  ramp 86%           2.4s
  446       882.2       473.9    0.3974    -8.7556  ramp 86%           2.1s
  447      1033.1       474.9    0.3971    -8.7752  ramp 86%           2.3s
  448      1014.4       483.4    0.3970    -8.7947  ramp 87%           2.3s
  449      1159.7       554.5    0.3969    -8.8142  ramp 87%           2.7s
  [probe] gen=450 score=362.9 net=2.331 fell=1.000
  [plot] Saved fitness curve → experiments/thesis/curriculum_variable_gravity/seed_05/fitness_curve.png
  450      1097.2       531.2    0.3968    -8.8338  ramp 87%           2.3s
  451      1092.8       487.8    0.3966    -8.8533  ramp 87%           2.3s
  452      1150.4       505.5    0.3963    -8.8728  ramp 88%           2.6s
  453      1152.4       483.2    0.3961    -8.8923  ramp 88%           2.3s
  454       973.0       527.8    0.3959    -8.9119  ramp 88%           2.2s
  455       919.3       491.5    0.3958    -8.9314  ramp 88%           2.2s
  456      1016.5       515.9    0.3954    -8.9509  ramp 89%           2.4s
  457       963.0       480.6    0.3952    -8.9704  ramp 89%           2.4s
  458      1024.4       476.6    0.3950    -8.9900  ramp 89%           2.3s
  459      1053.3       396.3    0.3950    -9.0095  ramp 89%           2.3s
  [probe] gen=460 score=413.9 net=2.566 fell=1.000
  460      1069.9       464.5    0.3948    -9.0290  ramp 90%           2.2s
  461       962.8       518.5    0.3946    -9.0485  ramp 90%           2.6s
  462       925.9       505.0    0.3944    -9.0680  ramp 90%           2.3s
  463      1147.3       531.1    0.3943    -9.0876  ramp 90%           2.2s
  464       884.5       357.9    0.3943    -9.1071  ramp 91%           1.7s
  465       906.0       520.2    0.3945    -9.1266  ramp 91%           2.3s
  466      1075.6       520.2    0.3947    -9.1462  ramp 91%           2.3s
  467       890.8       448.4    0.3949    -9.1657  ramp 91%           2.2s
  468       863.8       485.3    0.3951    -9.1852  ramp 92%           2.4s
  469      1039.1       531.9    0.3952    -9.2047  ramp 92%           2.6s
  [probe] gen=470 score=885.3 net=3.993 fell=0.400
  470       907.3       488.0    0.3953    -9.2243  ramp 92%           2.3s
  471      1023.8       546.4    0.3954    -9.2438  ramp 92%           2.4s
  472       942.2       521.8    0.3954    -9.2633  ramp 93%           2.2s
  473       873.8       441.9    0.3954    -9.2828  ramp 93%           2.0s
  474       866.7       480.7    0.3954    -9.3024  ramp 93%           2.5s
  [plot] Saved fitness curve → experiments/thesis/curriculum_variable_gravity/seed_05/fitness_curve.png
  475      1006.0       508.2    0.3955    -9.3219  ramp 93%           2.5s
  476       936.0       446.1    0.3955    -9.3414  ramp 94%           2.3s
  477       919.4       522.8    0.3955    -9.3609  ramp 94%           2.3s
  478       883.6       401.6    0.3956    -9.3804  ramp 94%           2.0s
  479       928.9       501.8    0.3957    -9.4000  ramp 94%           2.7s
  [probe] gen=480 score=589.3 net=3.188 fell=1.000
  480       838.3       491.8    0.3958    -9.4195  ramp 95%           2.5s
  481      1041.1       486.4    0.3960    -9.4390  ramp 95%           2.5s
  482      1044.3       518.0    0.3960    -9.4585  ramp 95%           2.4s
  483      1163.0       480.8    0.3961    -9.4781  ramp 95%           2.3s
  484      1147.2       489.9    0.3962    -9.4976  ramp 96%           2.3s
  485       956.3       441.7    0.3962    -9.5171  ramp 96%           2.6s
  486      1008.2       482.1    0.3961    -9.5366  ramp 96%           2.1s
  487      1005.0       473.2    0.3958    -9.5562  ramp 96%           2.3s
  488       987.2       468.8    0.3955    -9.5757  ramp 97%           2.2s
  489       959.5       457.8    0.3950    -9.5952  ramp 97%           2.3s
  [probe] gen=490 score=808.3 net=3.831 fell=0.600
  490       913.5       479.9    0.3946    -9.6148  ramp 97%           2.1s
  491       893.8       433.8    0.3945    -9.6343  ramp 97%           2.2s
  492       945.9       497.1    0.3944    -9.6538  ramp 98%           2.5s
  493       942.9       431.8    0.3941    -9.6733  ramp 98%           2.2s
  494       921.8       436.9    0.3939    -9.6928  ramp 98%           2.2s
  495      1014.3       423.9    0.3937    -9.7124  ramp 98%           2.1s
  496      1011.5       428.6    0.3934    -9.7319  ramp 99%           2.2s
  497       934.4       398.7    0.3934    -9.7514  ramp 99%           2.1s
  498       968.4       472.6    0.3933    -9.7709  ramp 99%           2.1s
  499       942.5       437.9    0.3930    -9.7905  ramp 99%           2.0s
  [plot] Saved fitness curve → experiments/thesis/curriculum_variable_gravity/seed_05/fitness_curve.png

Training complete. Best fitness: 1664.2
Best params → experiments/thesis/curriculum_variable_gravity/seed_05/checkpoints/best_params.npy
Fitness curve → experiments/thesis/curriculum_variable_gravity/seed_05/fitness_curve.png
Final Earth scorecard | score=159.9 net=1.510 fell=1.000
Gravity sweep | gravities=5 mean_net=1.630 worst_net=1.064
  [exp] Wrote experiments/thesis/curriculum_variable_gravity/seed_05/experiment.json
  [exp] Wrote experiments/thesis/curriculum_variable_gravity/seed_05/training_log.csv
  [exp] Wrote experiments/thesis/curriculum_variable_gravity/seed_05/earth_probe.csv
  [exp] Wrote experiments/thesis/curriculum_variable_gravity/seed_05/gravity_sweep.csv
  [exp] Wrote experiments/thesis/curriculum_variable_gravity/seed_05/summary.json
