Walker2d-v5 | policy=CPG  params=504
Curriculum   : GradualTransition  gravity -1.6 → -9.81  warmup=20%
Run context | seed=8 arm=gradual_transition run_id=gradual_transition_seed_08

Schedule | penalty_min=0.20 penalty_ramp_gen=200 corr_min=0.00 corr_max=0.50 corr_ramp_gen=200

Starting CMA-ES | pop=40 | sigma0=0.5 | max_gen=500 | workers=8 | seed=8
Checkpoints → experiments/thesis/gradual_transition/seed_08/checkpoints/

  Gen        Best        Mean     Sigma    Pen   Corr    Gravity  Phase              Time
------------------------------------------------------------------------------------
  [probe] gen=0 score=-387.7 net=-0.165 fell=1.000 [new best earth]
  [plot] Saved fitness curve → experiments/thesis/gradual_transition/seed_08/fitness_curve.png
    0       -56.7       -76.8    0.4904   0.20   0.00    -1.6000  warmup             1.5s
    1       -59.4       -74.8    0.4821   0.20   0.00    -1.6000  warmup             0.2s
    2       -58.7       -74.4    0.4748   0.21   0.01    -1.6000  warmup             0.2s
    3       -33.6       -72.6    0.4683   0.21   0.01    -1.6000  warmup             0.2s
    4       -55.8       -69.2    0.4624   0.22   0.01    -1.6000  warmup             0.2s
    5       -45.6       -71.2    0.4569   0.22   0.01    -1.6000  warmup             0.2s
    6       -57.1       -73.7    0.4518   0.22   0.01    -1.6000  warmup             0.3s
    7       -51.2       -69.4    0.4472   0.23   0.02    -1.6000  warmup             0.2s
    8       -57.9       -72.1    0.4431   0.23   0.02    -1.6000  warmup             0.3s
    9       -52.3       -71.3    0.4393   0.24   0.02    -1.6000  warmup             0.3s
  [probe] gen=10 score=-432.6 net=-0.625 fell=1.000
   10       -46.1       -69.8    0.4358   0.24   0.03    -1.6000  warmup             0.3s
   11       -23.1       -68.3    0.4329   0.24   0.03    -1.6000  warmup             0.3s
   12       -39.0       -68.3    0.4301   0.25   0.03    -1.6000  warmup             0.4s
   13       -41.7       -69.2    0.4275   0.25   0.03    -1.6000  warmup             0.4s
   14       -34.1       -72.9    0.4249   0.26   0.04    -1.6000  warmup             0.4s
   15       -56.8       -75.8    0.4225   0.26   0.04    -1.6000  warmup             0.5s
   16       -22.5       -68.9    0.4202   0.26   0.04    -1.6000  warmup             0.4s
   17       -32.2       -69.0    0.4182   0.27   0.04    -1.6000  warmup             0.5s
   18       -33.6       -71.5    0.4163   0.27   0.04    -1.6000  warmup             0.4s
   19       -14.5       -66.7    0.4146   0.28   0.05    -1.6000  warmup             0.5s
  [probe] gen=20 score=-442.9 net=-0.660 fell=1.000
   20        -2.1       -67.1    0.4133   0.28   0.05    -1.6000  warmup             0.5s
   21       135.9       -57.1    0.4121   0.28   0.05    -1.6000  warmup             0.7s
   22       135.9       -61.8    0.4109   0.29   0.06    -1.6000  warmup             0.7s
   23       152.0       -58.8    0.4098   0.29   0.06    -1.6000  warmup             0.7s
   24       164.5       -48.9    0.4089   0.30   0.06    -1.6000  warmup             0.7s
  [plot] Saved fitness curve → experiments/thesis/gradual_transition/seed_08/fitness_curve.png
   25       203.6       -22.5    0.4082   0.30   0.06    -1.6000  warmup             0.8s
   26       280.4        -6.6    0.4075   0.30   0.07    -1.6000  warmup             0.8s
   27       214.5         6.6    0.4068   0.31   0.07    -1.6000  warmup             1.0s
   28       217.4        61.2    0.4062   0.31   0.07    -1.6000  warmup             1.3s
   29       371.7        96.0    0.4057   0.32   0.07    -1.6000  warmup             1.6s
  [probe] gen=30 score=-343.7 net=-0.102 fell=1.000 [new best earth]
   30       233.1        16.2    0.4052   0.32   0.07    -1.6000  warmup             1.1s
   31       347.9        96.8    0.4048   0.32   0.08    -1.6000  warmup             1.5s
   32       366.7        75.8    0.4044   0.33   0.08    -1.6000  warmup             1.3s
   33       382.6       117.0    0.4040   0.33   0.08    -1.6000  warmup             1.7s
   34       258.7        59.1    0.4035   0.34   0.09    -1.6000  warmup             1.4s
   35       323.4        49.3    0.4032   0.34   0.09    -1.6000  warmup             1.5s
   36       391.5        96.1    0.4031   0.34   0.09    -1.6000  warmup             1.8s
   37       499.6       108.2    0.4029   0.35   0.09    -1.6000  warmup             1.8s
   38       361.6       100.3    0.4027   0.35   0.10    -1.6000  warmup             1.7s
   39       437.1       137.0    0.4024   0.36   0.10    -1.6000  warmup             1.8s
  [probe] gen=40 score=6.2 net=0.932 fell=1.000 [new best earth]
   40       413.1       111.8    0.4021   0.36   0.10    -1.6000  warmup             1.9s
   41       326.9       115.1    0.4019   0.36   0.10    -1.6000  warmup             1.7s
   42       462.3       127.5    0.4014   0.37   0.10    -1.6000  warmup             1.8s
   43       583.6        79.0    0.4011   0.37   0.11    -1.6000  warmup             1.7s
   44       445.9        78.0    0.4008   0.38   0.11    -1.6000  warmup             1.8s
   45       311.4       148.9    0.4006   0.38   0.11    -1.6000  warmup             2.0s
   46       261.1        55.6    0.4003   0.38   0.12    -1.6000  warmup             1.9s
   47       264.7        76.8    0.4002   0.39   0.12    -1.6000  warmup             2.1s
   48       287.1       101.8    0.4002   0.39   0.12    -1.6000  warmup             1.8s
   49       256.0        95.9    0.4001   0.40   0.12    -1.6000  warmup             2.0s
  [probe] gen=50 score=-195.4 net=0.065 fell=1.000
  [plot] Saved fitness curve → experiments/thesis/gradual_transition/seed_08/fitness_curve.png
   50       248.4        84.3    0.4000   0.40   0.12    -1.6000  warmup             1.6s
   51       264.2       116.0    0.4000   0.40   0.13    -1.6000  warmup             1.8s
   52       469.6        86.8    0.3999   0.41   0.13    -1.6000  warmup             2.0s
   53       334.9        93.7    0.3999   0.41   0.13    -1.6000  warmup             1.7s
   54       388.0       108.4    0.4000   0.42   0.14    -1.6000  warmup             2.2s
   55       281.9        87.6    0.3999   0.42   0.14    -1.6000  warmup             2.0s
   56       417.8       106.7    0.3998   0.42   0.14    -1.6000  warmup             2.2s
   57       474.8       156.4    0.3998   0.43   0.14    -1.6000  warmup             2.4s
   58       333.8       120.6    0.3998   0.43   0.14    -1.6000  warmup             2.2s
   59       325.8       116.7    0.3997   0.44   0.15    -1.6000  warmup             2.3s
  [probe] gen=60 score=-437.1 net=-0.983 fell=1.000
   60       305.7       171.6    0.3998   0.44   0.15    -1.6000  warmup             2.2s
   61       414.1       115.0    0.3997   0.44   0.15    -1.6000  warmup             2.0s
   62       415.6       165.0    0.3997   0.45   0.15    -1.6000  warmup             2.2s
   63       351.1       135.4    0.3996   0.45   0.16    -1.6000  warmup             2.2s
   64       363.0       121.9    0.3996   0.46   0.16    -1.6000  warmup             2.3s
   65       442.2        90.0    0.3997   0.46   0.16    -1.6000  warmup             2.2s
   66       404.3       161.2    0.3999   0.46   0.17    -1.6000  warmup             2.6s
   67       470.8       153.2    0.4000   0.47   0.17    -1.6000  warmup             2.9s
   68       370.8       179.6    0.4002   0.47   0.17    -1.6000  warmup             2.6s
   69       397.3       179.4    0.4003   0.48   0.17    -1.6000  warmup             2.7s
  [probe] gen=70 score=-483.1 net=-0.906 fell=1.000
   70       545.3       130.1    0.4003   0.48   0.17    -1.6000  warmup             2.3s
   71       388.7       144.8    0.4001   0.48   0.18    -1.6000  warmup             2.7s
   72       656.0       207.2    0.3999   0.49   0.18    -1.6000  warmup             2.7s
   73       673.2       209.6    0.3996   0.49   0.18    -1.6000  warmup             2.9s
   74       965.5       230.3    0.3994   0.50   0.18    -1.6000  warmup             2.7s
  [plot] Saved fitness curve → experiments/thesis/gradual_transition/seed_08/fitness_curve.png
   75       853.1       148.8    0.3991   0.50   0.19    -1.6000  warmup             2.6s
   76       548.1       132.1    0.3987   0.50   0.19    -1.6000  warmup             2.4s
   77       644.9       203.0    0.3985   0.51   0.19    -1.6000  warmup             2.4s
   78       690.2       145.1    0.3981   0.51   0.20    -1.6000  warmup             2.4s
   79       677.3       158.3    0.3978   0.52   0.20    -1.6000  warmup             2.5s
  [probe] gen=80 score=-430.9 net=-0.920 fell=1.000
   80       730.9       218.0    0.3974   0.52   0.20    -1.6000  warmup             2.6s
   81       639.2       125.8    0.3972   0.52   0.20    -1.6000  warmup             2.3s
   82       930.1       199.8    0.3968   0.53   0.20    -1.6000  warmup             2.5s
   83       618.3        93.8    0.3966   0.53   0.21    -1.6000  warmup             2.0s
   84       688.0       215.8    0.3963   0.54   0.21    -1.6000  warmup             2.2s
   85       939.7       279.8    0.3960   0.54   0.21    -1.6000  warmup             2.7s
   86       608.2       182.8    0.3957   0.54   0.21    -1.6000  warmup             2.4s
   87      1068.3       189.6    0.3956   0.55   0.22    -1.6000  warmup             2.4s
   88       830.0       245.4    0.3955   0.55   0.22    -1.6000  warmup             2.4s
   89       731.9       262.0    0.3954   0.56   0.22    -1.6000  warmup             2.6s
  [probe] gen=90 score=32.6 net=1.047 fell=1.000 [new best earth]
   90       883.7       265.7    0.3953   0.56   0.23    -1.6000  warmup             2.5s
   91      1029.6       316.8    0.3950   0.56   0.23    -1.6000  warmup             2.6s
   92      1183.7       320.9    0.3947   0.57   0.23    -1.6000  warmup             2.4s
   93       817.5       398.3    0.3944   0.57   0.23    -1.6000  warmup             2.8s
   94      1074.5       338.1    0.3939   0.58   0.23    -1.6000  warmup             2.8s
   95      1012.7       362.3    0.3932   0.58   0.24    -1.6000  warmup             2.5s
   96       963.7       355.4    0.3925   0.58   0.24    -1.6000  warmup             2.6s
   97      1292.4       385.0    0.3920   0.59   0.24    -1.6000  warmup             2.7s
   98      1185.6       403.9    0.3913   0.59   0.24    -1.6000  warmup             2.3s
   99      1056.0       406.1    0.3907   0.60   0.25    -1.6000  warmup             2.5s
  [probe] gen=100 score=-4.4 net=0.860 fell=1.000
  [plot] Saved fitness curve → experiments/thesis/gradual_transition/seed_08/fitness_curve.png
  100       957.6       317.4    0.3900   0.60   0.25    -1.6000  warmup             2.3s
  101      1096.1       540.6    0.3893   0.60   0.25    -1.6205  ramp 0%            2.4s
  102       898.7       415.1    0.3887   0.61   0.26    -1.6411  ramp 0%            2.3s
  103      1350.0       433.5    0.3881   0.61   0.26    -1.6616  ramp 0%            2.3s
  104       938.9       380.4    0.3876   0.62   0.26    -1.6821  ramp 1%            2.2s
  105      1224.7       412.8    0.3872   0.62   0.26    -1.7026  ramp 1%            2.3s
  106      1280.0       372.8    0.3867   0.62   0.27    -1.7232  ramp 1%            2.2s
  107      1011.4       297.1    0.3863   0.63   0.27    -1.7437  ramp 1%            2.1s
  108      1088.1       272.3    0.3860   0.63   0.27    -1.7642  ramp 2%            2.2s
  109      1167.5       370.1    0.3855   0.64   0.27    -1.7847  ramp 2%            2.2s
  [probe] gen=110 score=-59.7 net=0.528 fell=1.000
  110       866.9       322.0    0.3849   0.64   0.28    -1.8053  ramp 2%            2.3s
  111       980.9       361.6    0.3846   0.64   0.28    -1.8258  ramp 2%            2.1s
  112      1507.2       343.6    0.3843   0.65   0.28    -1.8463  ramp 3%            2.3s
  113      1182.1       361.3    0.3840   0.65   0.28    -1.8668  ramp 3%            2.1s
  114      1025.4       432.1    0.3837   0.66   0.28    -1.8874  ramp 3%            2.4s
  115      1024.8       370.2    0.3834   0.66   0.29    -1.9079  ramp 3%            2.2s
  116      1059.5       437.3    0.3832   0.66   0.29    -1.9284  ramp 4%            2.4s
  117       985.7       376.9    0.3829   0.67   0.29    -1.9489  ramp 4%            2.1s
  118       946.4       370.1    0.3824   0.67   0.29    -1.9695  ramp 4%            2.4s
  119      1334.7       390.2    0.3818   0.68   0.30    -1.9900  ramp 4%            2.1s
  [probe] gen=120 score=2.8 net=0.795 fell=1.000
  120      1377.4       423.1    0.3812   0.68   0.30    -2.0105  ramp 5%            2.3s
  121      1223.5       401.4    0.3805   0.68   0.30    -2.0310  ramp 5%            2.1s
  122      1122.5       338.7    0.3799   0.69   0.30    -2.0516  ramp 5%            2.1s
  123      1070.5       420.3    0.3794   0.69   0.31    -2.0721  ramp 5%            2.1s
  124      1275.1       464.4    0.3789   0.70   0.31    -2.0926  ramp 6%            2.3s
  [plot] Saved fitness curve → experiments/thesis/gradual_transition/seed_08/fitness_curve.png
  125      1609.5       545.3    0.3786   0.70   0.31    -2.1131  ramp 6%            2.3s
  126      1332.8       521.3    0.3783   0.70   0.32    -2.1337  ramp 6%            2.1s
  127      1321.8       550.1    0.3780   0.71   0.32    -2.1542  ramp 6%            2.4s
  128      1201.4       489.8    0.3777   0.71   0.32    -2.1747  ramp 7%            2.2s
  129      1704.0       573.9    0.3773   0.72   0.32    -2.1952  ramp 7%            2.2s
  [probe] gen=130 score=253.3 net=1.939 fell=1.000 [new best earth]
  130       943.4       433.6    0.3771   0.72   0.33    -2.2157  ramp 7%            2.1s
  131      1331.2       490.7    0.3769   0.72   0.33    -2.2363  ramp 7%            2.1s
  132      1502.7       580.2    0.3767   0.73   0.33    -2.2568  ramp 8%            2.5s
  133      1664.9       531.6    0.3764   0.73   0.33    -2.2773  ramp 8%            2.2s
  134      1482.2       651.5    0.3761   0.74   0.34    -2.2979  ramp 8%            2.4s
  135      1694.6       603.3    0.3758   0.74   0.34    -2.3184  ramp 8%            2.3s
  136      1406.2       500.1    0.3756   0.74   0.34    -2.3389  ramp 9%            2.1s
  137      1532.7       670.1    0.3755   0.75   0.34    -2.3594  ramp 9%            2.4s
  138      1492.2       694.4    0.3755   0.75   0.34    -2.3800  ramp 9%            2.5s
  139      1616.1       589.1    0.3757   0.76   0.35    -2.4005  ramp 9%            2.4s
  [probe] gen=140 score=-119.2 net=0.203 fell=1.000
  140      1230.8       529.0    0.3761   0.76   0.35    -2.4210  ramp 10%           2.2s
  141      1004.3       467.0    0.3764   0.76   0.35    -2.4415  ramp 10%           2.1s
  142      1625.8       587.7    0.3766   0.77   0.35    -2.4621  ramp 10%           2.3s
  143      1460.0       719.6    0.3768   0.77   0.36    -2.4826  ramp 10%           2.5s
  144      1524.8       547.5    0.3770   0.78   0.36    -2.5031  ramp 11%           2.2s
  145      1449.7       504.3    0.3773   0.78   0.36    -2.5236  ramp 11%           2.2s
  146      1416.3       515.9    0.3774   0.78   0.36    -2.5442  ramp 11%           2.1s
  147      1347.2       577.5    0.3774   0.79   0.37    -2.5647  ramp 11%           2.2s
  148      1583.0       495.2    0.3774   0.79   0.37    -2.5852  ramp 12%           2.1s
  149      1828.5       823.5    0.3776   0.80   0.37    -2.6057  ramp 12%           2.8s
  [probe] gen=150 score=-114.0 net=0.174 fell=1.000
  [plot] Saved fitness curve → experiments/thesis/gradual_transition/seed_08/fitness_curve.png
  150      1695.3       596.7    0.3777   0.80   0.38    -2.6263  ramp 12%           2.1s
  151      1309.8       583.8    0.3778   0.80   0.38    -2.6468  ramp 12%           2.2s
  152      1417.5       639.3    0.3778   0.81   0.38    -2.6673  ramp 13%           2.3s
  153      1481.5       595.7    0.3777   0.81   0.38    -2.6878  ramp 13%           2.2s
  154      1463.4       586.2    0.3776   0.82   0.39    -2.7084  ramp 13%           2.2s
  155      1513.3       582.1    0.3775   0.82   0.39    -2.7289  ramp 13%           2.4s
  156      1585.1       603.6    0.3775   0.82   0.39    -2.7494  ramp 14%           2.3s
  157      1560.7       558.1    0.3778   0.83   0.39    -2.7699  ramp 14%           2.0s
  158      1609.5       604.6    0.3780   0.83   0.40    -2.7904  ramp 14%           2.2s
  159      1302.9       669.0    0.3784   0.84   0.40    -2.8110  ramp 14%           2.4s
  [probe] gen=160 score=-56.8 net=0.470 fell=1.000
  160      1320.2       480.8    0.3788   0.84   0.40    -2.8315  ramp 15%           2.0s
  161      1345.9       419.8    0.3791   0.84   0.40    -2.8520  ramp 15%           1.9s
  162      1578.2       674.0    0.3795   0.85   0.41    -2.8726  ramp 15%           2.5s
  163      1367.0       666.2    0.3796   0.85   0.41    -2.8931  ramp 15%           2.4s
  164      1442.4       519.5    0.3797   0.86   0.41    -2.9136  ramp 16%           2.0s
  165      1141.3       526.2    0.3798   0.86   0.41    -2.9341  ramp 16%           2.2s
  166      1325.8       529.6    0.3797   0.86   0.41    -2.9546  ramp 16%           2.1s
  167      1492.8       670.8    0.3797   0.87   0.42    -2.9752  ramp 16%           2.4s
  168      1699.8       639.1    0.3796   0.87   0.42    -2.9957  ramp 17%           2.1s
  169      1519.1       581.6    0.3794   0.88   0.42    -3.0162  ramp 17%           2.2s
  [probe] gen=170 score=86.6 net=1.231 fell=1.000
  170      1408.7       613.4    0.3791   0.88   0.42    -3.0368  ramp 17%           2.1s
  171      1474.1       519.8    0.3787   0.88   0.43    -3.0573  ramp 17%           1.9s
  172      1128.1       470.8    0.3782   0.89   0.43    -3.0778  ramp 18%           2.0s
  173      1576.3       646.5    0.3779   0.89   0.43    -3.0983  ramp 18%           2.4s
  174      1505.9       605.1    0.3776   0.90   0.43    -3.1189  ramp 18%           2.3s
  [plot] Saved fitness curve → experiments/thesis/gradual_transition/seed_08/fitness_curve.png
  175      1816.3       503.1    0.3773   0.90   0.44    -3.1394  ramp 18%           2.1s
  176      1497.0       594.8    0.3772   0.90   0.44    -3.1599  ramp 19%           2.4s
  177      1175.0       505.2    0.3769   0.91   0.44    -3.1804  ramp 19%           2.1s
  178      1437.0       633.8    0.3767   0.91   0.45    -3.2010  ramp 19%           2.2s
  179      1694.1       533.8    0.3765   0.92   0.45    -3.2215  ramp 19%           2.2s
  [probe] gen=180 score=-320.5 net=-0.579 fell=1.000
  180      1241.8       470.0    0.3762   0.92   0.45    -3.2420  ramp 20%           2.2s
  181      1468.2       686.4    0.3759   0.92   0.45    -3.2625  ramp 20%           2.4s
  182      1362.5       503.3    0.3756   0.93   0.46    -3.2831  ramp 20%           2.0s
  183      1595.4       499.6    0.3754   0.93   0.46    -3.3036  ramp 20%           2.1s
  184      1492.7       414.7    0.3750   0.94   0.46    -3.3241  ramp 21%           1.9s
  185      1440.3       643.6    0.3745   0.94   0.46    -3.3446  ramp 21%           2.3s
  186      1519.9       611.0    0.3740   0.94   0.47    -3.3652  ramp 21%           2.2s
  187      1435.7       686.6    0.3735   0.95   0.47    -3.3857  ramp 21%           2.3s
  188      1452.8       634.4    0.3730   0.95   0.47    -3.4062  ramp 22%           2.3s
  189      1016.4       435.3    0.3725   0.96   0.47    -3.4267  ramp 22%           1.8s
  [probe] gen=190 score=-99.4 net=0.330 fell=1.000
  190      1363.2       595.1    0.3718   0.96   0.47    -3.4473  ramp 22%           2.1s
  191      1696.2       621.2    0.3711   0.96   0.48    -3.4678  ramp 22%           2.0s
  192      1451.9       626.1    0.3703   0.97   0.48    -3.4883  ramp 23%           2.0s
  193      1610.1       582.8    0.3695   0.97   0.48    -3.5088  ramp 23%           2.2s
  194      1417.7       575.0    0.3687   0.98   0.48    -3.5293  ramp 23%           2.2s
  195      1327.9       593.1    0.3679   0.98   0.49    -3.5499  ramp 23%           2.1s
  196      1560.8       508.0    0.3672   0.98   0.49    -3.5704  ramp 24%           2.2s
  197      1404.1       599.0    0.3667   0.99   0.49    -3.5909  ramp 24%           2.0s
  198      1419.0       583.4    0.3662   0.99   0.49    -3.6115  ramp 24%           2.0s
  199      1662.4       579.9    0.3656   1.00   0.50    -3.6320  ramp 24%           2.1s
  [probe] gen=200 score=257.6 net=1.847 fell=1.000 [new best earth]
  [plot] Saved fitness curve → experiments/thesis/gradual_transition/seed_08/fitness_curve.png
  200      1327.7       529.9    0.3652   1.00   0.50    -3.6525  ramp 25%           2.0s
  201      1401.5       550.3    0.3647   1.00   0.50    -3.6730  ramp 25%           2.1s
  202      1608.8       618.5    0.3642   1.00   0.50    -3.6936  ramp 25%           2.2s
  203      1400.7       629.9    0.3636   1.00   0.50    -3.7141  ramp 25%           2.2s
  204      1784.1       599.1    0.3630   1.00   0.50    -3.7346  ramp 26%           2.2s
  205      1347.4       605.1    0.3623   1.00   0.50    -3.7551  ramp 26%           2.3s
  206      1171.4       511.9    0.3617   1.00   0.50    -3.7757  ramp 26%           2.1s
  207      1533.9       627.0    0.3614   1.00   0.50    -3.7962  ramp 26%           2.4s
  208      1535.2       566.9    0.3611   1.00   0.50    -3.8167  ramp 27%           2.1s
  209      1597.1       616.7    0.3608   1.00   0.50    -3.8372  ramp 27%           2.3s
  [probe] gen=210 score=-260.6 net=-0.365 fell=1.000
  210      1280.1       591.0    0.3604   1.00   0.50    -3.8578  ramp 27%           2.2s
  211      1427.5       588.9    0.3601   1.00   0.50    -3.8783  ramp 27%           2.1s
  212      1751.6       722.0    0.3597   1.00   0.50    -3.8988  ramp 28%           2.3s
  213      1688.9       753.4    0.3593   1.00   0.50    -3.9193  ramp 28%           2.3s
  214      1379.0       611.6    0.3588   1.00   0.50    -3.9399  ramp 28%           2.2s
  215      1639.7       622.2    0.3584   1.00   0.50    -3.9604  ramp 28%           2.2s
  216      1827.5       674.2    0.3579   1.00   0.50    -3.9809  ramp 28%           2.3s
  217      1374.0       619.0    0.3575   1.00   0.50    -4.0014  ramp 29%           2.1s
  218      1449.2       530.9    0.3570   1.00   0.50    -4.0220  ramp 29%           2.0s
  219      1592.4       524.6    0.3566   1.00   0.50    -4.0425  ramp 29%           2.1s
  [probe] gen=220 score=-21.8 net=0.607 fell=1.000
  220      1427.5       589.9    0.3562   1.00   0.50    -4.0630  ramp 30%           2.2s
  221      1675.0       675.2    0.3556   1.00   0.50    -4.0835  ramp 30%           2.5s
  222      1698.1       659.5    0.3551   1.00   0.50    -4.1041  ramp 30%           2.2s
  223      1323.8       662.4    0.3544   1.00   0.50    -4.1246  ramp 30%           2.3s
  224      1422.8       545.4    0.3537   1.00   0.50    -4.1451  ramp 31%           2.0s
  [plot] Saved fitness curve → experiments/thesis/gradual_transition/seed_08/fitness_curve.png
  225      1485.0       685.8    0.3530   1.00   0.50    -4.1656  ramp 31%           2.3s
  226      1548.3       545.0    0.3524   1.00   0.50    -4.1862  ramp 31%           2.1s
  227      1616.7       663.0    0.3516   1.00   0.50    -4.2067  ramp 31%           2.4s
  228      1607.4       705.4    0.3509   1.00   0.50    -4.2272  ramp 32%           2.3s
  229      1727.6       865.3    0.3504   1.00   0.50    -4.2477  ramp 32%           2.5s
  [probe] gen=230 score=-36.2 net=0.482 fell=1.000
  230      1672.2       584.3    0.3498   1.00   0.50    -4.2683  ramp 32%           2.2s
  231      1508.3       682.0    0.3493   1.00   0.50    -4.2888  ramp 32%           2.2s
  232      1659.7       768.8    0.3488   1.00   0.50    -4.3093  ramp 33%           2.5s
  233      1746.2       729.6    0.3484   1.00   0.50    -4.3298  ramp 33%           2.5s
  234      1404.2       854.0    0.3481   1.00   0.50    -4.3504  ramp 33%           2.6s
  235      1691.2       680.5    0.3478   1.00   0.50    -4.3709  ramp 33%           2.3s
  236      1758.6       735.8    0.3476   1.00   0.50    -4.3914  ramp 34%           2.3s
  237      1451.0       697.0    0.3473   1.00   0.50    -4.4119  ramp 34%           2.4s
  238      1467.0       725.6    0.3469   1.00   0.50    -4.4325  ramp 34%           2.3s
  239      1820.7       843.7    0.3466   1.00   0.50    -4.4530  ramp 34%           2.4s
  [probe] gen=240 score=-104.4 net=0.341 fell=1.000
  240      1468.8       736.8    0.3463   1.00   0.50    -4.4735  ramp 35%           2.3s
  241      1647.8       712.7    0.3459   1.00   0.50    -4.4940  ramp 35%           2.4s
  242      1695.3       738.1    0.3455   1.00   0.50    -4.5145  ramp 35%           2.4s
  243      1707.4       786.3    0.3450   1.00   0.50    -4.5351  ramp 35%           2.6s
  244      1723.8       743.6    0.3445   1.00   0.50    -4.5556  ramp 36%           2.4s
  245      1632.0       771.8    0.3440   1.00   0.50    -4.5761  ramp 36%           2.4s
  246      1962.0       797.7    0.3435   1.00   0.50    -4.5967  ramp 36%           2.5s
  247      1543.3       689.5    0.3429   1.00   0.50    -4.6172  ramp 36%           2.5s
  248      1677.4       765.5    0.3423   1.00   0.50    -4.6377  ramp 37%           2.5s
  249      1741.3       790.8    0.3416   1.00   0.50    -4.6582  ramp 37%           2.8s
  [probe] gen=250 score=-262.7 net=-0.371 fell=1.000
  [plot] Saved fitness curve → experiments/thesis/gradual_transition/seed_08/fitness_curve.png
  250      1560.7       754.7    0.3411   1.00   0.50    -4.6788  ramp 37%           2.6s
  251      1396.5       593.0    0.3405   1.00   0.50    -4.6993  ramp 37%           2.3s
  252      1554.0       777.9    0.3399   1.00   0.50    -4.7198  ramp 38%           2.6s
  253      1810.2       801.8    0.3392   1.00   0.50    -4.7403  ramp 38%           2.5s
  254      1693.5       747.6    0.3386   1.00   0.50    -4.7609  ramp 38%           2.4s
  255      1733.2       817.9    0.3381   1.00   0.50    -4.7814  ramp 38%           2.5s
  256      1781.8       711.8    0.3376   1.00   0.50    -4.8019  ramp 39%           2.4s
  257      1791.4       835.0    0.3371   1.00   0.50    -4.8224  ramp 39%           2.6s
  258      1514.1       660.5    0.3366   1.00   0.50    -4.8430  ramp 39%           2.5s
  259      1755.6       703.0    0.3360   1.00   0.50    -4.8635  ramp 39%           2.5s
  [probe] gen=260 score=-252.3 net=-0.363 fell=1.000
  260      1527.7       725.9    0.3354   1.00   0.50    -4.8840  ramp 40%           2.5s
  261      1625.2       892.3    0.3347   1.00   0.50    -4.9045  ramp 40%           2.9s
  262      1642.1       844.3    0.3341   1.00   0.50    -4.9251  ramp 40%           2.5s
  263      1614.6       733.8    0.3335   1.00   0.50    -4.9456  ramp 40%           2.5s
  264      1755.7       751.6    0.3329   1.00   0.50    -4.9661  ramp 41%           2.4s
  265      1652.1       744.5    0.3323   1.00   0.50    -4.9866  ramp 41%           2.4s
  266      1625.3       769.5    0.3316   1.00   0.50    -5.0072  ramp 41%           2.5s
  267      1833.1       746.5    0.3309   1.00   0.50    -5.0277  ramp 41%           2.4s
  268      1733.2       713.2    0.3301   1.00   0.50    -5.0482  ramp 42%           2.4s
  269      1534.2       781.6    0.3293   1.00   0.50    -5.0687  ramp 42%           2.4s
  [probe] gen=270 score=271.1 net=1.949 fell=1.000 [new best earth]
  270      1621.9       667.1    0.3285   1.00   0.50    -5.0892  ramp 42%           2.4s
  271      1493.8       746.2    0.3279   1.00   0.50    -5.1098  ramp 42%           2.6s
  272      1970.1       705.5    0.3272   1.00   0.50    -5.1303  ramp 43%           2.5s
  273      1556.6       788.7    0.3266   1.00   0.50    -5.1508  ramp 43%           2.5s
  274      1611.2       827.1    0.3262   1.00   0.50    -5.1714  ramp 43%           2.6s
  [plot] Saved fitness curve → experiments/thesis/gradual_transition/seed_08/fitness_curve.png
  275      1734.6       851.8    0.3259   1.00   0.50    -5.1919  ramp 43%           2.8s
  276      1532.7       791.3    0.3257   1.00   0.50    -5.2124  ramp 44%           2.5s
  277      1714.8       690.7    0.3255   1.00   0.50    -5.2329  ramp 44%           2.2s
  278      1522.6       823.5    0.3253   1.00   0.50    -5.2535  ramp 44%           2.4s
  279      1775.3       806.2    0.3251   1.00   0.50    -5.2740  ramp 44%           2.6s
  [probe] gen=280 score=-40.5 net=0.590 fell=1.000
  280      1681.0       773.3    0.3248   1.00   0.50    -5.2945  ramp 45%           2.5s
  281      1682.8       731.7    0.3246   1.00   0.50    -5.3150  ramp 45%           2.6s
  282      1761.8       790.5    0.3244   1.00   0.50    -5.3356  ramp 45%           2.5s
  283      1718.3       659.2    0.3241   1.00   0.50    -5.3561  ramp 45%           2.4s
  284      1740.9       767.1    0.3238   1.00   0.50    -5.3766  ramp 46%           2.5s
  285      1641.9       901.4    0.3235   1.00   0.50    -5.3971  ramp 46%           2.9s
  286      1743.3       785.8    0.3233   1.00   0.50    -5.4177  ramp 46%           2.6s
  287      1416.9       691.3    0.3231   1.00   0.50    -5.4382  ramp 46%           2.3s
  288      1617.3       702.3    0.3227   1.00   0.50    -5.4587  ramp 47%           2.3s
  289      1734.8       906.8    0.3223   1.00   0.50    -5.4792  ramp 47%           2.9s
  [probe] gen=290 score=-224.6 net=-0.197 fell=1.000
  290      1779.8       738.1    0.3219   1.00   0.50    -5.4998  ramp 47%           2.5s
  291      1651.9       803.0    0.3214   1.00   0.50    -5.5203  ramp 47%           2.7s
  292      1560.8       741.2    0.3211   1.00   0.50    -5.5408  ramp 48%           2.5s
  293      1488.3       696.3    0.3208   1.00   0.50    -5.5613  ramp 48%           2.6s
  294      1517.3       785.1    0.3204   1.00   0.50    -5.5819  ramp 48%           2.7s
  295      1544.5       784.4    0.3201   1.00   0.50    -5.6024  ramp 48%           2.7s
  296      1561.2       780.0    0.3198   1.00   0.50    -5.6229  ramp 49%           2.6s
  297      1615.4       673.1    0.3196   1.00   0.50    -5.6434  ramp 49%           2.5s
  298      1667.8       859.8    0.3191   1.00   0.50    -5.6639  ramp 49%           2.7s
  299      1444.5       709.8    0.3185   1.00   0.50    -5.6845  ramp 49%           2.4s
  [probe] gen=300 score=-5.4 net=0.749 fell=1.000
  [plot] Saved fitness curve → experiments/thesis/gradual_transition/seed_08/fitness_curve.png
  300      1691.6       772.8    0.3179   1.00   0.50    -5.7050  ramp 50%           2.5s
  301      1520.9       880.9    0.3172   1.00   0.50    -5.7255  ramp 50%           2.7s
  302      1762.6       778.9    0.3165   1.00   0.50    -5.7461  ramp 50%           2.4s
  303      1801.2       800.8    0.3158   1.00   0.50    -5.7666  ramp 50%           2.7s
  304      1673.8       889.8    0.3150   1.00   0.50    -5.7871  ramp 51%           2.8s
  305      1667.9       808.6    0.3144   1.00   0.50    -5.8076  ramp 51%           2.5s
  306      1680.4       808.2    0.3138   1.00   0.50    -5.8282  ramp 51%           2.6s
  307      1679.4       702.6    0.3132   1.00   0.50    -5.8487  ramp 51%           2.4s
  308      1599.4       757.9    0.3126   1.00   0.50    -5.8692  ramp 52%           2.6s
  309      1564.9       658.7    0.3120   1.00   0.50    -5.8897  ramp 52%           2.4s
  [probe] gen=310 score=-216.1 net=-0.184 fell=1.000
  310      1664.6       745.8    0.3114   1.00   0.50    -5.9103  ramp 52%           2.7s
  311      1684.5       851.2    0.3110   1.00   0.50    -5.9308  ramp 52%           2.8s
  312      1651.5       767.0    0.3105   1.00   0.50    -5.9513  ramp 53%           2.6s
  313      1604.8       792.1    0.3100   1.00   0.50    -5.9718  ramp 53%           2.8s
  314      1559.1       726.6    0.3096   1.00   0.50    -5.9924  ramp 53%           2.5s
  315      1724.2       843.7    0.3092   1.00   0.50    -6.0129  ramp 53%           2.6s
  316      1578.1       774.4    0.3090   1.00   0.50    -6.0334  ramp 54%           2.4s
  317      1737.7       750.4    0.3087   1.00   0.50    -6.0539  ramp 54%           2.5s
  318      1357.0       628.2    0.3083   1.00   0.50    -6.0745  ramp 54%           2.2s
  319      1655.4       801.1    0.3080   1.00   0.50    -6.0950  ramp 54%           2.8s
  [probe] gen=320 score=125.9 net=1.328 fell=1.000
  320      1689.5       724.4    0.3076   1.00   0.50    -6.1155  ramp 55%           2.7s
  321      1623.6       870.5    0.3072   1.00   0.50    -6.1360  ramp 55%           2.8s
  322      1659.5       853.7    0.3069   1.00   0.50    -6.1566  ramp 55%           2.7s
  323      1583.3       706.3    0.3066   1.00   0.50    -6.1771  ramp 55%           2.4s
  324      1774.2       804.7    0.3065   1.00   0.50    -6.1976  ramp 56%           2.6s
  [plot] Saved fitness curve → experiments/thesis/gradual_transition/seed_08/fitness_curve.png
  325      1682.5       828.5    0.3063   1.00   0.50    -6.2181  ramp 56%           2.9s
  326      1578.1       822.1    0.3063   1.00   0.50    -6.2386  ramp 56%           2.6s
  327      1676.3       791.4    0.3061   1.00   0.50    -6.2592  ramp 56%           2.8s
  328      1647.2       889.1    0.3060   1.00   0.50    -6.2797  ramp 56%           2.7s
  329      1609.3       840.7    0.3059   1.00   0.50    -6.3002  ramp 57%           2.7s
  [probe] gen=330 score=281.6 net=2.018 fell=1.000 [new best earth]
  330      1684.4       803.0    0.3056   1.00   0.50    -6.3208  ramp 57%           2.7s
  331      1571.6       719.6    0.3054   1.00   0.50    -6.3413  ramp 57%           2.2s
  332      1682.7       812.7    0.3053   1.00   0.50    -6.3618  ramp 57%           2.7s
  333      1804.8       801.7    0.3053   1.00   0.50    -6.3823  ramp 58%           2.4s
  334      1753.7       897.4    0.3053   1.00   0.50    -6.4029  ramp 58%           2.8s
  335      1627.2       776.2    0.3055   1.00   0.50    -6.4234  ramp 58%           2.6s
  336      1589.9       813.3    0.3056   1.00   0.50    -6.4439  ramp 59%           2.5s
  337      1711.4       814.8    0.3057   1.00   0.50    -6.4644  ramp 59%           2.7s
  338      1753.3       872.9    0.3058   1.00   0.50    -6.4849  ramp 59%           2.5s
  339      1752.9       881.2    0.3061   1.00   0.50    -6.5055  ramp 59%           2.7s
  [probe] gen=340 score=268.5 net=1.998 fell=1.000
  340      1685.7       774.3    0.3064   1.00   0.50    -6.5260  ramp 60%           2.3s
  341      1688.0       734.5    0.3067   1.00   0.50    -6.5465  ramp 60%           2.2s
  342      1705.5       755.2    0.3070   1.00   0.50    -6.5671  ramp 60%           2.6s
  343      1611.9       804.5    0.3073   1.00   0.50    -6.5876  ramp 60%           2.4s
  344      1641.8       764.6    0.3077   1.00   0.50    -6.6081  ramp 61%           2.4s
  345      1731.4       943.5    0.3081   1.00   0.50    -6.6286  ramp 61%           2.8s
  346      1725.2       861.0    0.3086   1.00   0.50    -6.6492  ramp 61%           2.5s
  347      1603.1       852.6    0.3091   1.00   0.50    -6.6697  ramp 61%           2.5s
  348      1697.2       813.5    0.3095   1.00   0.50    -6.6902  ramp 62%           2.5s
  349      1595.2       814.5    0.3098   1.00   0.50    -6.7107  ramp 62%           2.3s
  [probe] gen=350 score=503.8 net=2.987 fell=1.000 [new best earth]
  [plot] Saved fitness curve → experiments/thesis/gradual_transition/seed_08/fitness_curve.png
  350      1481.5       727.2    0.3102   1.00   0.50    -6.7313  ramp 62%           2.4s
  351      1591.2       598.6    0.3105   1.00   0.50    -6.7518  ramp 62%           2.1s
  352      1564.1       884.7    0.3109   1.00   0.50    -6.7723  ramp 63%           2.6s
  353      1688.4       699.8    0.3111   1.00   0.50    -6.7928  ramp 63%           2.3s
  354      1417.5       579.1    0.3114   1.00   0.50    -6.8134  ramp 63%           2.2s
  355      1558.2       749.9    0.3117   1.00   0.50    -6.8339  ramp 63%           2.4s
  356      1438.7       803.7    0.3120   1.00   0.50    -6.8544  ramp 64%           2.4s
  357      1517.6       762.4    0.3121   1.00   0.50    -6.8749  ramp 64%           2.4s
  358      1551.8       751.7    0.3122   1.00   0.50    -6.8955  ramp 64%           2.3s
  359      1709.9       871.6    0.3123   1.00   0.50    -6.9160  ramp 64%           2.7s
  [probe] gen=360 score=270.3 net=1.951 fell=1.000
  360      1580.5       862.5    0.3124   1.00   0.50    -6.9365  ramp 65%           2.6s
  361      1549.9       601.5    0.3124   1.00   0.50    -6.9570  ramp 65%           2.1s
  362      1474.9       625.4    0.3124   1.00   0.50    -6.9776  ramp 65%           2.3s
  363      1589.0       828.6    0.3124   1.00   0.50    -6.9981  ramp 65%           2.5s
  364      1647.9       681.4    0.3124   1.00   0.50    -7.0186  ramp 66%           2.2s
  365      1537.8       834.8    0.3123   1.00   0.50    -7.0391  ramp 66%           2.5s
  366      1253.2       674.6    0.3122   1.00   0.50    -7.0597  ramp 66%           2.1s
  367      1400.9       718.5    0.3122   1.00   0.50    -7.0802  ramp 66%           2.4s
  368      1513.4       655.4    0.3122   1.00   0.50    -7.1007  ramp 67%           2.4s
  369      1569.6       750.2    0.3121   1.00   0.50    -7.1212  ramp 67%           2.5s
  [probe] gen=370 score=413.2 net=2.587 fell=1.000
  370      1477.7       756.3    0.3120   1.00   0.50    -7.1418  ramp 67%           2.5s
  371      1586.2       837.6    0.3120   1.00   0.50    -7.1623  ramp 67%           2.5s
  372      1547.2       624.9    0.3118   1.00   0.50    -7.1828  ramp 68%           2.1s
  373      1475.1       594.7    0.3118   1.00   0.50    -7.2033  ramp 68%           2.1s
  374      1477.9       619.0    0.3118   1.00   0.50    -7.2239  ramp 68%           2.2s
  [plot] Saved fitness curve → experiments/thesis/gradual_transition/seed_08/fitness_curve.png
  375      1684.9       676.4    0.3118   1.00   0.50    -7.2444  ramp 68%           2.2s
  376      1388.7       681.8    0.3117   1.00   0.50    -7.2649  ramp 69%           2.2s
  377      1432.6       692.5    0.3117   1.00   0.50    -7.2854  ramp 69%           2.5s
  378      1670.5       610.8    0.3115   1.00   0.50    -7.3060  ramp 69%           2.3s
  379      1434.6       748.0    0.3114   1.00   0.50    -7.3265  ramp 69%           2.3s
  [probe] gen=380 score=292.6 net=2.068 fell=1.000
  380      1568.1       767.8    0.3113   1.00   0.50    -7.3470  ramp 70%           2.4s
  381      1364.4       561.6    0.3113   1.00   0.50    -7.3675  ramp 70%           2.3s
  382      1501.3       703.1    0.3111   1.00   0.50    -7.3880  ramp 70%           2.3s
  383      1635.7       828.8    0.3110   1.00   0.50    -7.4086  ramp 70%           2.5s
  384      1411.7       649.1    0.3109   1.00   0.50    -7.4291  ramp 71%           2.2s
  385      1394.1       670.9    0.3107   1.00   0.50    -7.4496  ramp 71%           2.4s
  386      1464.7       585.7    0.3106   1.00   0.50    -7.4702  ramp 71%           2.2s
  387      1525.4       641.3    0.3104   1.00   0.50    -7.4907  ramp 71%           2.2s
  388      1328.4       562.2    0.3101   1.00   0.50    -7.5112  ramp 72%           2.1s
  389      1697.9       633.3    0.3098   1.00   0.50    -7.5317  ramp 72%           2.3s
  [probe] gen=390 score=8.8 net=0.819 fell=1.000
  390      1644.2       631.3    0.3097   1.00   0.50    -7.5523  ramp 72%           2.2s
  391      1375.6       549.6    0.3095   1.00   0.50    -7.5728  ramp 72%           1.9s
  392      1372.1       632.1    0.3093   1.00   0.50    -7.5933  ramp 73%           2.3s
  393      1553.4       547.7    0.3091   1.00   0.50    -7.6138  ramp 73%           2.2s
  394      1201.4       562.3    0.3088   1.00   0.50    -7.6344  ramp 73%           2.4s
  395      1471.5       732.3    0.3086   1.00   0.50    -7.6549  ramp 73%           2.4s
  396      1372.1       611.5    0.3083   1.00   0.50    -7.6754  ramp 74%           2.3s
  397      1428.0       686.7    0.3081   1.00   0.50    -7.6959  ramp 74%           2.3s
  398      1359.1       664.6    0.3079   1.00   0.50    -7.7165  ramp 74%           2.3s
  399      1480.0       651.8    0.3078   1.00   0.50    -7.7370  ramp 74%           2.5s
  [probe] gen=400 score=607.2 net=3.490 fell=0.900 [new best earth]
  [plot] Saved fitness curve → experiments/thesis/gradual_transition/seed_08/fitness_curve.png
  400      1360.3       621.1    0.3076   1.00   0.50    -7.7575  ramp 75%           2.4s
  401      1468.0       708.2    0.3073   1.00   0.50    -7.7780  ramp 75%           2.4s
  402      1544.8       736.3    0.3070   1.00   0.50    -7.7986  ramp 75%           2.4s
  403      1146.0       559.6    0.3068   1.00   0.50    -7.8191  ramp 75%           2.2s
  404      1430.1       618.0    0.3066   1.00   0.50    -7.8396  ramp 76%           2.2s
  405      1522.8       569.7    0.3067   1.00   0.50    -7.8601  ramp 76%           2.3s
  406      1355.6       600.4    0.3066   1.00   0.50    -7.8807  ramp 76%           2.0s
  407      1146.5       649.5    0.3064   1.00   0.50    -7.9012  ramp 76%           2.3s
  408      1331.1       655.8    0.3063   1.00   0.50    -7.9217  ramp 77%           2.3s
  409      1603.5       628.6    0.3061   1.00   0.50    -7.9422  ramp 77%           2.2s
  [probe] gen=410 score=542.0 net=3.190 fell=0.900
  410      1537.2       724.5    0.3060   1.00   0.50    -7.9628  ramp 77%           2.3s
  411      1604.4       765.4    0.3060   1.00   0.50    -7.9833  ramp 77%           2.5s
  412      1480.2       651.2    0.3059   1.00   0.50    -8.0038  ramp 78%           2.1s
  413      1548.2       614.7    0.3058   1.00   0.50    -8.0243  ramp 78%           2.2s
  414      1285.2       595.7    0.3057   1.00   0.50    -8.0449  ramp 78%           2.5s
  415      1574.8       656.1    0.3057   1.00   0.50    -8.0654  ramp 78%           2.4s
  416      1475.5       596.6    0.3057   1.00   0.50    -8.0859  ramp 79%           2.1s
  417      1474.6       713.5    0.3056   1.00   0.50    -8.1064  ramp 79%           2.6s
  418      1173.1       523.2    0.3056   1.00   0.50    -8.1270  ramp 79%           2.1s
  419      1415.2       794.7    0.3057   1.00   0.50    -8.1475  ramp 79%           2.6s
  [probe] gen=420 score=605.9 net=3.446 fell=0.900
  420      1397.5       661.7    0.3058   1.00   0.50    -8.1680  ramp 80%           2.5s
  421      1383.5       598.5    0.3058   1.00   0.50    -8.1885  ramp 80%           2.1s
  422      1522.8       660.1    0.3058   1.00   0.50    -8.2091  ramp 80%           2.3s
  423      1417.8       493.7    0.3059   1.00   0.50    -8.2296  ramp 80%           2.2s
  424      1393.8       642.1    0.3060   1.00   0.50    -8.2501  ramp 81%           2.4s
  [plot] Saved fitness curve → experiments/thesis/gradual_transition/seed_08/fitness_curve.png
  425      1549.1       536.4    0.3061   1.00   0.50    -8.2706  ramp 81%           2.1s
  426      1444.7       684.7    0.3063   1.00   0.50    -8.2912  ramp 81%           2.2s
  427      1452.0       686.4    0.3065   1.00   0.50    -8.3117  ramp 81%           2.4s
  428      1350.9       598.5    0.3068   1.00   0.50    -8.3322  ramp 82%           2.1s
  429      1412.5       573.4    0.3069   1.00   0.50    -8.3527  ramp 82%           2.3s
  [probe] gen=430 score=743.5 net=3.916 fell=0.800 [new best earth]
  430      1352.0       647.6    0.3071   1.00   0.50    -8.3733  ramp 82%           2.3s
  431      1400.0       544.5    0.3074   1.00   0.50    -8.3938  ramp 82%           2.1s
  432      1364.3       590.0    0.3077   1.00   0.50    -8.4143  ramp 83%           2.3s
  433      1479.0       694.5    0.3081   1.00   0.50    -8.4348  ramp 83%           2.4s
  434      1375.2       563.9    0.3084   1.00   0.50    -8.4554  ramp 83%           2.2s
  435      1383.2       608.4    0.3087   1.00   0.50    -8.4759  ramp 83%           2.3s
  436      1485.7       469.1    0.3091   1.00   0.50    -8.4964  ramp 84%           2.2s
  437      1356.4       502.1    0.3095   1.00   0.50    -8.5169  ramp 84%           2.3s
  438      1308.7       594.8    0.3098   1.00   0.50    -8.5374  ramp 84%           2.2s
  439      1324.8       502.3    0.3103   1.00   0.50    -8.5580  ramp 84%           2.1s
  [probe] gen=440 score=210.4 net=1.609 fell=1.000
  440      1427.7       577.9    0.3108   1.00   0.50    -8.5785  ramp 85%           2.3s
  441      1375.5       539.4    0.3114   1.00   0.50    -8.5990  ramp 85%           2.1s
  442      1406.5       468.6    0.3120   1.00   0.50    -8.6196  ramp 85%           2.1s
  443      1254.0       524.5    0.3125   1.00   0.50    -8.6401  ramp 85%           2.2s
  444      1166.7       511.2    0.3130   1.00   0.50    -8.6606  ramp 86%           2.4s
  445      1390.6       591.1    0.3135   1.00   0.50    -8.6811  ramp 86%           2.1s
  446      1409.7       582.6    0.3139   1.00   0.50    -8.7017  ramp 86%           2.2s
  447      1449.5       602.5    0.3143   1.00   0.50    -8.7222  ramp 86%           2.2s
  448      1393.8       545.3    0.3147   1.00   0.50    -8.7427  ramp 87%           2.1s
  449      1040.7       454.8    0.3151   1.00   0.50    -8.7632  ramp 87%           2.1s
  [probe] gen=450 score=511.7 net=2.810 fell=1.000
  [plot] Saved fitness curve → experiments/thesis/gradual_transition/seed_08/fitness_curve.png
  450      1205.8       444.1    0.3156   1.00   0.50    -8.7838  ramp 87%           2.1s
  451      1476.0       487.5    0.3161   1.00   0.50    -8.8043  ramp 87%           2.1s
  452      1050.3       455.8    0.3166   1.00   0.50    -8.8248  ramp 88%           1.9s
  453      1053.8       440.3    0.3171   1.00   0.50    -8.8453  ramp 88%           2.1s
  454      1445.8       607.0    0.3177   1.00   0.50    -8.8659  ramp 88%           2.3s
  455      1302.1       593.6    0.3183   1.00   0.50    -8.8864  ramp 88%           2.3s
  456      1356.7       483.7    0.3189   1.00   0.50    -8.9069  ramp 89%           2.0s
  457      1359.6       484.7    0.3195   1.00   0.50    -8.9274  ramp 89%           1.8s
  458      1397.5       551.0    0.3202   1.00   0.50    -8.9480  ramp 89%           2.1s
  459      1201.3       538.7    0.3210   1.00   0.50    -8.9685  ramp 89%           2.1s
  [probe] gen=460 score=577.0 net=3.299 fell=1.000
  460      1292.0       607.8    0.3217   1.00   0.50    -8.9890  ramp 90%           2.3s
  461      1349.0       487.9    0.3224   1.00   0.50    -9.0095  ramp 90%           1.8s
  462      1247.5       591.7    0.3230   1.00   0.50    -9.0301  ramp 90%           2.1s
  463      1274.3       542.9    0.3237   1.00   0.50    -9.0506  ramp 90%           2.0s
  464      1246.4       624.3    0.3244   1.00   0.50    -9.0711  ramp 91%           2.2s
  465      1123.7       457.4    0.3249   1.00   0.50    -9.0916  ramp 91%           2.1s
  466      1103.8       478.5    0.3256   1.00   0.50    -9.1122  ramp 91%           2.1s
  467      1247.5       481.4    0.3262   1.00   0.50    -9.1327  ramp 91%           2.0s
  468      1314.8       543.4    0.3267   1.00   0.50    -9.1532  ramp 92%           2.2s
  469      1340.5       565.9    0.3271   1.00   0.50    -9.1737  ramp 92%           2.1s
  [probe] gen=470 score=705.1 net=3.710 fell=1.000
  470      1307.7       502.9    0.3274   1.00   0.50    -9.1943  ramp 92%           2.0s
  471      1179.4       559.8    0.3277   1.00   0.50    -9.2148  ramp 92%           2.0s
  472      1273.0       459.7    0.3281   1.00   0.50    -9.2353  ramp 93%           2.2s
  473      1197.9       507.5    0.3284   1.00   0.50    -9.2558  ramp 93%           2.2s
  474      1364.1       432.1    0.3288   1.00   0.50    -9.2764  ramp 93%           2.3s
  [plot] Saved fitness curve → experiments/thesis/gradual_transition/seed_08/fitness_curve.png
  475      1262.4       524.9    0.3292   1.00   0.50    -9.2969  ramp 93%           2.1s
  476      1209.8       591.1    0.3296   1.00   0.50    -9.3174  ramp 94%           2.4s
  477      1194.7       608.8    0.3302   1.00   0.50    -9.3379  ramp 94%           2.4s
  478      1347.3       542.9    0.3307   1.00   0.50    -9.3585  ramp 94%           2.3s
  479      1217.9       526.5    0.3312   1.00   0.50    -9.3790  ramp 94%           2.1s
  [probe] gen=480 score=922.4 net=4.387 fell=1.000 [new best earth]
  480      1243.6       467.6    0.3316   1.00   0.50    -9.3995  ramp 95%           2.0s
  481      1220.0       513.0    0.3319   1.00   0.50    -9.4200  ramp 95%           2.2s
  482      1302.7       571.7    0.3323   1.00   0.50    -9.4405  ramp 95%           2.5s
  483      1367.9       629.3    0.3328   1.00   0.50    -9.4611  ramp 95%           2.6s
  484      1298.5       478.3    0.3331   1.00   0.50    -9.4816  ramp 96%           2.1s
  485      1288.7       551.4    0.3335   1.00   0.50    -9.5021  ramp 96%           2.0s
  486      1366.1       488.3    0.3338   1.00   0.50    -9.5227  ramp 96%           2.3s
  487      1410.1       647.4    0.3341   1.00   0.50    -9.5432  ramp 96%           2.4s
  488      1162.7       519.8    0.3342   1.00   0.50    -9.5637  ramp 97%           2.2s
  489      1211.8       494.4    0.3344   1.00   0.50    -9.5842  ramp 97%           2.2s
  [probe] gen=490 score=949.0 net=4.251 fell=0.200 [new best earth]
  490      1187.5       576.7    0.3344   1.00   0.50    -9.6048  ramp 97%           2.4s
  491      1307.0       570.0    0.3344   1.00   0.50    -9.6253  ramp 97%           2.3s
  492      1239.1       454.5    0.3344   1.00   0.50    -9.6458  ramp 98%           2.1s
  493      1374.7       450.6    0.3343   1.00   0.50    -9.6663  ramp 98%           2.0s
  494      1374.0       525.0    0.3344   1.00   0.50    -9.6868  ramp 98%           2.2s
  495      1145.9       442.8    0.3344   1.00   0.50    -9.7074  ramp 98%           2.1s
  496      1321.1       525.0    0.3343   1.00   0.50    -9.7279  ramp 99%           2.4s
  497      1337.1       554.8    0.3343   1.00   0.50    -9.7484  ramp 99%           2.4s
  498      1323.4       488.4    0.3342   1.00   0.50    -9.7690  ramp 99%           2.2s
  499      1340.1       490.0    0.3340   1.00   0.50    -9.7895  ramp 99%           2.4s
  [plot] Saved fitness curve → experiments/thesis/gradual_transition/seed_08/fitness_curve.png

Training complete. Best fitness: 1970.1
Best params → experiments/thesis/gradual_transition/seed_08/checkpoints/best_params.npy
Fitness curve → experiments/thesis/gradual_transition/seed_08/fitness_curve.png
Eval params  → best_earth_params (earth probe score: 949.0)
Final Earth scorecard | score=908.7 net=4.149 fell=0.250
Gravity sweep | gravities=5 mean_net=1.954 worst_net=1.308
  [exp] Wrote experiments/thesis/gradual_transition/seed_08/experiment.json
  [exp] Wrote experiments/thesis/gradual_transition/seed_08/training_log.csv
  [exp] Wrote experiments/thesis/gradual_transition/seed_08/earth_probe.csv
  [exp] Wrote experiments/thesis/gradual_transition/seed_08/gravity_sweep.csv
  [exp] Wrote experiments/thesis/gradual_transition/seed_08/summary.json
