Walker2d-v5 | policy=CPG  params=504
Curriculum   : GradualTransition  gravity -2.0 → -9.81  warmup=20%
Run context | seed=1 arm=curriculum_variable_gravity run_id=curriculum_variable_gravity_seed_01


Starting CMA-ES | pop=40 | sigma0=0.5 | max_gen=500 | workers=8 | seed=1
Checkpoints → experiments/thesis/curriculum_variable_gravity/seed_01/checkpoints/

  Gen        Best        Mean     Sigma    Gravity  Phase              Time
------------------------------------------------------------------------
  [probe] gen=0 score=-355.2 net=-0.128 fell=1.000
  [plot] Saved fitness curve → experiments/thesis/curriculum_variable_gravity/seed_01/fitness_curve.png
    0      -342.7      -397.5    0.4905    -2.0000  warmup             1.5s
    1      -320.1      -379.2    0.4822    -2.0000  warmup             0.1s
    2      -283.1      -362.6    0.4748    -2.0000  warmup             0.1s
    3      -304.9      -358.9    0.4683    -2.0000  warmup             0.2s
    4      -283.6      -355.4    0.4625    -2.0000  warmup             0.1s
    5      -282.3      -352.0    0.4572    -2.0000  warmup             0.2s
    6      -264.2      -342.6    0.4524    -2.0000  warmup             0.2s
    7      -292.8      -337.4    0.4479    -2.0000  warmup             0.2s
    8      -198.4      -320.1    0.4438    -2.0000  warmup             0.2s
    9      -182.5      -325.6    0.4400    -2.0000  warmup             0.3s
  [probe] gen=10 score=-207.5 net=0.141 fell=1.000
   10      -249.1      -315.1    0.4366    -2.0000  warmup             0.3s
   11      -199.8      -313.2    0.4334    -2.0000  warmup             0.3s
   12      -140.4      -313.3    0.4305    -2.0000  warmup             0.3s
   13      -222.5      -314.1    0.4278    -2.0000  warmup             0.3s
   14      -181.1      -301.7    0.4251    -2.0000  warmup             0.3s
   15      -181.4      -306.4    0.4227    -2.0000  warmup             0.4s
   16      -180.3      -307.4    0.4203    -2.0000  warmup             0.4s
   17      -141.3      -290.7    0.4183    -2.0000  warmup             0.4s
   18      -149.2      -285.1    0.4163    -2.0000  warmup             0.4s
   19      -151.0      -306.6    0.4145    -2.0000  warmup             0.4s
  [probe] gen=20 score=-354.2 net=-0.205 fell=1.000
   20       -87.8      -282.8    0.4128    -2.0000  warmup             0.5s
   21      -155.9      -305.3    0.4115    -2.0000  warmup             0.5s
   22        -7.0      -286.3    0.4101    -2.0000  warmup             0.4s
   23       -88.4      -275.5    0.4090    -2.0000  warmup             0.4s
   24      -149.8      -273.5    0.4079    -2.0000  warmup             0.4s
  [plot] Saved fitness curve → experiments/thesis/curriculum_variable_gravity/seed_01/fitness_curve.png
   25       -21.0      -259.6    0.4067    -2.0000  warmup             0.4s
   26       -95.1      -265.6    0.4055    -2.0000  warmup             0.4s
   27       -67.1      -240.8    0.4045    -2.0000  warmup             0.4s
   28       -73.6      -243.0    0.4034    -2.0000  warmup             0.4s
   29       -78.5      -249.5    0.4025    -2.0000  warmup             0.3s
  [probe] gen=30 score=-105.6 net=0.600 fell=1.000
   30       -96.7      -248.3    0.4018    -2.0000  warmup             0.4s
   31       -47.0      -236.1    0.4012    -2.0000  warmup             0.4s
   32       -13.2      -191.4    0.4009    -2.0000  warmup             0.4s
   33         2.2      -210.8    0.4006    -2.0000  warmup             0.5s
   34       -99.9      -233.9    0.4003    -2.0000  warmup             0.4s
   35        81.5      -216.2    0.4001    -2.0000  warmup             0.4s
   36       -42.2      -236.0    0.3998    -2.0000  warmup             0.4s
   37       -45.1      -234.8    0.3997    -2.0000  warmup             0.4s
   38       -24.6      -233.0    0.3995    -2.0000  warmup             0.4s
   39       -72.4      -237.3    0.3994    -2.0000  warmup             0.4s
  [probe] gen=40 score=-251.8 net=0.124 fell=1.000
   40        21.5      -229.5    0.3992    -2.0000  warmup             0.4s
   41         2.2      -222.3    0.3991    -2.0000  warmup             0.4s
   42        32.0      -207.1    0.3990    -2.0000  warmup             0.5s
   43       -28.8      -256.3    0.3988    -2.0000  warmup             0.4s
   44       -45.0      -224.3    0.3985    -2.0000  warmup             0.4s
   45        51.4      -184.8    0.3982    -2.0000  warmup             0.5s
   46        19.5      -201.5    0.3979    -2.0000  warmup             0.4s
   47        59.5      -192.7    0.3977    -2.0000  warmup             0.5s
   48       -33.4      -200.9    0.3975    -2.0000  warmup             0.5s
   49       -27.0      -189.9    0.3974    -2.0000  warmup             0.5s
  [probe] gen=50 score=-201.5 net=0.232 fell=1.000
  [plot] Saved fitness curve → experiments/thesis/curriculum_variable_gravity/seed_01/fitness_curve.png
   50        -5.1      -170.6    0.3971    -2.0000  warmup             0.5s
   51        -4.8      -173.9    0.3969    -2.0000  warmup             0.5s
   52       -10.3      -182.7    0.3966    -2.0000  warmup             0.5s
   53       139.5      -168.1    0.3964    -2.0000  warmup             0.5s
   54        95.9      -209.0    0.3963    -2.0000  warmup             0.4s
   55        10.0      -179.5    0.3961    -2.0000  warmup             0.4s
   56         3.5      -160.0    0.3959    -2.0000  warmup             0.6s
   57        23.1      -173.8    0.3958    -2.0000  warmup             0.5s
   58        -0.7      -167.5    0.3959    -2.0000  warmup             0.5s
   59       169.6      -155.4    0.3959    -2.0000  warmup             0.5s
  [probe] gen=60 score=-60.2 net=0.776 fell=1.000
   60       -14.8      -192.3    0.3959    -2.0000  warmup             0.5s
   61        37.8      -179.5    0.3959    -2.0000  warmup             0.5s
   62        12.5      -163.4    0.3958    -2.0000  warmup             0.4s
   63        44.6      -179.1    0.3958    -2.0000  warmup             0.4s
   64       -28.8      -188.9    0.3958    -2.0000  warmup             0.4s
   65       254.5      -132.0    0.3957    -2.0000  warmup             0.5s
   66        94.4      -170.2    0.3956    -2.0000  warmup             0.4s
   67        42.1      -178.7    0.3957    -2.0000  warmup             0.4s
   68        37.2      -152.6    0.3957    -2.0000  warmup             0.5s
   69        54.4      -175.8    0.3957    -2.0000  warmup             0.5s
  [probe] gen=70 score=-104.3 net=0.605 fell=1.000
   70       184.5      -142.5    0.3956    -2.0000  warmup             0.5s
   71        46.2      -151.6    0.3955    -2.0000  warmup             0.5s
   72        71.7      -156.9    0.3954    -2.0000  warmup             0.5s
   73       -14.2      -156.5    0.3954    -2.0000  warmup             0.4s
   74        87.6      -120.6    0.3954    -2.0000  warmup             0.4s
  [plot] Saved fitness curve → experiments/thesis/curriculum_variable_gravity/seed_01/fitness_curve.png
   75       142.3      -194.8    0.3955    -2.0000  warmup             0.4s
   76        54.3      -131.4    0.3954    -2.0000  warmup             0.5s
   77       147.3      -149.8    0.3955    -2.0000  warmup             0.4s
   78       161.6      -168.9    0.3955    -2.0000  warmup             0.4s
   79        46.2      -150.0    0.3954    -2.0000  warmup             0.5s
  [probe] gen=80 score=-83.1 net=0.744 fell=1.000
   80         2.3      -169.1    0.3954    -2.0000  warmup             0.4s
   81        66.1      -160.1    0.3953    -2.0000  warmup             0.5s
   82       102.9      -175.6    0.3954    -2.0000  warmup             0.4s
   83        83.5      -139.1    0.3954    -2.0000  warmup             0.4s
   84       122.1      -141.4    0.3955    -2.0000  warmup             0.5s
   85       133.4      -170.9    0.3956    -2.0000  warmup             0.5s
   86         8.4      -198.6    0.3956    -2.0000  warmup             0.4s
   87       133.0      -172.7    0.3956    -2.0000  warmup             0.4s
   88       138.0      -174.9    0.3958    -2.0000  warmup             0.4s
   89       212.7      -156.2    0.3958    -2.0000  warmup             0.5s
  [probe] gen=90 score=-58.8 net=0.898 fell=1.000
   90       302.8      -201.3    0.3961    -2.0000  warmup             0.4s
   91       129.6      -191.3    0.3962    -2.0000  warmup             0.4s
   92       183.8      -149.1    0.3964    -2.0000  warmup             0.4s
   93        69.5      -181.2    0.3965    -2.0000  warmup             0.4s
   94       101.2      -153.9    0.3965    -2.0000  warmup             0.4s
   95       129.3      -136.1    0.3964    -2.0000  warmup             0.5s
   96       186.2      -112.5    0.3965    -2.0000  warmup             0.5s
   97       155.1      -164.3    0.3964    -2.0000  warmup             0.5s
   98       118.7      -168.0    0.3963    -2.0000  warmup             0.4s
   99       214.3      -117.4    0.3960    -2.0000  warmup             0.5s
  [probe] gen=100 score=-91.1 net=0.741 fell=1.000
  [plot] Saved fitness curve → experiments/thesis/curriculum_variable_gravity/seed_01/fitness_curve.png
  100       168.7      -117.4    0.3958    -2.0000  warmup             0.5s
  101       186.9      -138.4    0.3954    -2.0195  ramp 0%            0.4s
  102       108.0      -148.4    0.3952    -2.0391  ramp 0%            0.5s
  103       201.3      -125.2    0.3950    -2.0586  ramp 0%            0.5s
  104       102.1      -145.1    0.3950    -2.0781  ramp 1%            0.5s
  105        98.8      -150.3    0.3948    -2.0976  ramp 1%            0.5s
  106        42.6      -165.2    0.3947    -2.1172  ramp 1%            0.4s
  107       132.1      -176.6    0.3947    -2.1367  ramp 1%            0.4s
  108       103.8      -141.5    0.3946    -2.1562  ramp 2%            0.4s
  109       165.7      -140.3    0.3945    -2.1757  ramp 2%            0.4s
  [probe] gen=110 score=-309.5 net=-0.058 fell=1.000
  110       139.2      -140.9    0.3944    -2.1953  ramp 2%            0.4s
  111       155.2      -160.2    0.3945    -2.2148  ramp 2%            0.4s
  112        53.6      -163.1    0.3946    -2.2343  ramp 3%            0.4s
  113        93.6      -125.2    0.3946    -2.2538  ramp 3%            0.5s
  114       127.4      -152.0    0.3949    -2.2734  ramp 3%            0.5s
  115       174.9      -133.6    0.3953    -2.2929  ramp 3%            0.5s
  116       113.5      -127.9    0.3958    -2.3124  ramp 4%            0.5s
  117       177.8      -102.5    0.3964    -2.3319  ramp 4%            0.6s
  118        99.7      -108.8    0.3968    -2.3514  ramp 4%            0.5s
  119        98.0      -166.6    0.3973    -2.3710  ramp 4%            0.5s
  [probe] gen=120 score=-71.4 net=0.852 fell=1.000
  120        41.7      -145.9    0.3976    -2.3905  ramp 5%            0.5s
  121       126.0      -156.9    0.3980    -2.4100  ramp 5%            0.4s
  122        66.2      -149.9    0.3982    -2.4295  ramp 5%            0.5s
  123        23.5      -137.6    0.3984    -2.4491  ramp 5%            0.5s
  124        63.0      -147.2    0.3983    -2.4686  ramp 6%            0.4s
  [plot] Saved fitness curve → experiments/thesis/curriculum_variable_gravity/seed_01/fitness_curve.png
  125       153.0      -133.1    0.3981    -2.4881  ramp 6%            0.5s
  126       112.8      -129.7    0.3980    -2.5076  ramp 6%            0.5s
  127       186.7      -135.0    0.3980    -2.5272  ramp 6%            0.5s
  128       122.7      -144.3    0.3981    -2.5467  ramp 7%            0.4s
  129        95.8      -160.4    0.3981    -2.5662  ramp 7%            0.5s
  [probe] gen=130 score=-96.2 net=0.752 fell=1.000
  130       272.2      -117.5    0.3981    -2.5857  ramp 7%            0.5s
  131        52.5      -155.7    0.3982    -2.6053  ramp 7%            0.4s
  132       188.6      -106.8    0.3983    -2.6248  ramp 8%            0.5s
  133        67.8       -97.8    0.3983    -2.6443  ramp 8%            0.5s
  134       168.1      -175.3    0.3982    -2.6639  ramp 8%            0.4s
  135       104.8      -122.2    0.3981    -2.6834  ramp 8%            0.5s
  136       138.0      -153.3    0.3980    -2.7029  ramp 9%            0.4s
  137       203.0      -195.2    0.3980    -2.7224  ramp 9%            0.4s
  138        66.0      -127.5    0.3980    -2.7420  ramp 9%            0.5s
  139        66.6      -130.9    0.3979    -2.7615  ramp 9%            0.5s
  [probe] gen=140 score=-75.4 net=0.809 fell=1.000
  140        60.0      -159.9    0.3981    -2.7810  ramp 10%           0.5s
  141       155.8      -132.6    0.3982    -2.8005  ramp 10%           0.5s
  142       103.2      -130.7    0.3984    -2.8201  ramp 10%           0.4s
  143        42.6      -126.9    0.3986    -2.8396  ramp 10%           0.5s
  144        -4.7      -161.9    0.3987    -2.8591  ramp 11%           0.4s
  145       279.3      -130.0    0.3988    -2.8786  ramp 11%           0.5s
  146        94.4      -135.5    0.3988    -2.8982  ramp 11%           0.4s
  147       220.5      -166.8    0.3988    -2.9177  ramp 11%           0.4s
  148        97.5      -172.6    0.3988    -2.9372  ramp 12%           0.4s
  149        85.5      -133.7    0.3989    -2.9567  ramp 12%           0.5s
  [probe] gen=150 score=-56.7 net=0.873 fell=1.000
  [plot] Saved fitness curve → experiments/thesis/curriculum_variable_gravity/seed_01/fitness_curve.png
  150       164.0      -122.3    0.3989    -2.9763  ramp 12%           0.5s
  151        48.4      -143.5    0.3989    -2.9958  ramp 12%           0.5s
  152       122.0      -112.9    0.3989    -3.0153  ramp 13%           0.5s
  153       106.0      -127.0    0.3990    -3.0348  ramp 13%           0.5s
  154        54.4      -111.8    0.3991    -3.0544  ramp 13%           0.5s
  155       106.2      -132.9    0.3992    -3.0739  ramp 13%           0.5s
  156        67.4      -114.5    0.3994    -3.0934  ramp 14%           0.5s
  157        82.3      -176.8    0.3995    -3.1129  ramp 14%           0.4s
  158       160.0      -122.2    0.3998    -3.1324  ramp 14%           0.5s
  159       129.5      -102.7    0.3999    -3.1520  ramp 14%           0.6s
  [probe] gen=160 score=-194.6 net=0.224 fell=1.000
  160       134.6      -123.6    0.3999    -3.1715  ramp 15%           0.5s
  161       151.9      -129.0    0.4001    -3.1910  ramp 15%           0.5s
  162       445.8       -87.3    0.4002    -3.2106  ramp 15%           0.6s
  163       208.1      -116.7    0.4003    -3.2301  ramp 15%           0.5s
  164       184.2       -78.7    0.4003    -3.2496  ramp 16%           0.5s
  165       182.5       -98.8    0.4005    -3.2691  ramp 16%           0.5s
  166        49.1      -124.3    0.4007    -3.2887  ramp 16%           0.5s
  167       206.5      -140.3    0.4011    -3.3082  ramp 16%           0.5s
  168       177.2      -169.4    0.4016    -3.3277  ramp 17%           0.4s
  169       131.9      -108.4    0.4019    -3.3472  ramp 17%           0.5s
  [probe] gen=170 score=-19.2 net=1.015 fell=1.000
  170       172.9      -117.1    0.4022    -3.3667  ramp 17%           0.5s
  171        92.5      -113.6    0.4024    -3.3863  ramp 17%           0.5s
  172       365.0      -100.0    0.4025    -3.4058  ramp 18%           0.6s
  173       126.0      -174.4    0.4023    -3.4253  ramp 18%           0.4s
  174       231.3      -112.5    0.4023    -3.4448  ramp 18%           0.5s
  [plot] Saved fitness curve → experiments/thesis/curriculum_variable_gravity/seed_01/fitness_curve.png
  175       224.9      -134.5    0.4022    -3.4644  ramp 18%           0.5s
  176       188.5      -137.7    0.4024    -3.4839  ramp 19%           0.4s
  177       314.9      -141.0    0.4025    -3.5034  ramp 19%           0.5s
  178       153.3       -96.1    0.4026    -3.5230  ramp 19%           0.6s
  179       216.8       -66.7    0.4025    -3.5425  ramp 19%           0.6s
  [probe] gen=180 score=-281.4 net=0.026 fell=1.000
  180       203.3       -85.1    0.4025    -3.5620  ramp 20%           0.6s
  181       230.6       -90.2    0.4025    -3.5815  ramp 20%           0.6s
  182       151.5      -100.8    0.4026    -3.6010  ramp 20%           0.5s
  183       346.8      -113.0    0.4026    -3.6206  ramp 20%           0.5s
  184       207.6       -76.1    0.4026    -3.6401  ramp 21%           0.6s
  185       287.2       -37.4    0.4027    -3.6596  ramp 21%           0.7s
  186       277.5       -72.3    0.4027    -3.6791  ramp 21%           0.7s
  187       280.5       -60.9    0.4027    -3.6987  ramp 21%           0.6s
  188       271.3       -31.7    0.4028    -3.7182  ramp 22%           0.6s
  189       267.3       -26.9    0.4026    -3.7377  ramp 22%           0.7s
  [probe] gen=190 score=76.6 net=1.400 fell=1.000
  190       419.5       -21.4    0.4025    -3.7572  ramp 22%           0.7s
  191       329.8       -45.9    0.4023    -3.7768  ramp 22%           0.6s
  192       312.3      -105.6    0.4020    -3.7963  ramp 23%           0.6s
  193       231.1       -32.1    0.4018    -3.8158  ramp 23%           0.7s
  194       326.8       -44.2    0.4018    -3.8354  ramp 23%           0.6s
  195       257.9       -41.8    0.4016    -3.8549  ramp 23%           0.7s
  196       307.9       -31.8    0.4016    -3.8744  ramp 24%           0.6s
  197       240.3       -44.7    0.4016    -3.8939  ramp 24%           0.7s
  198       359.5       -12.9    0.4017    -3.9135  ramp 24%           0.7s
  199       288.6       -46.3    0.4020    -3.9330  ramp 24%           0.6s
  [probe] gen=200 score=-25.1 net=0.909 fell=1.000
  [plot] Saved fitness curve → experiments/thesis/curriculum_variable_gravity/seed_01/fitness_curve.png
  200       230.9       -68.3    0.4022    -3.9525  ramp 25%           0.6s
  201       221.7       -50.2    0.4023    -3.9720  ramp 25%           0.6s
  202       275.6       -24.0    0.4023    -3.9916  ramp 25%           0.6s
  203       179.2       -53.5    0.4024    -4.0111  ramp 25%           0.7s
  204       216.0       -31.6    0.4023    -4.0306  ramp 26%           0.7s
  205       259.2       -19.7    0.4022    -4.0501  ramp 26%           0.7s
  206       622.5         4.2    0.4021    -4.0697  ramp 26%           0.7s
  207       341.3        -0.4    0.4021    -4.0892  ramp 26%           0.7s
  208       323.5       -36.4    0.4022    -4.1087  ramp 27%           0.7s
  209       326.7       -42.1    0.4021    -4.1282  ramp 27%           0.6s
  [probe] gen=210 score=-42.8 net=0.798 fell=1.000
  210       286.7       -28.9    0.4020    -4.1478  ramp 27%           0.8s
  211       405.7       -34.3    0.4020    -4.1673  ramp 27%           0.7s
  212       313.5        40.6    0.4020    -4.1868  ramp 28%           0.8s
  213       387.5       102.8    0.4017    -4.2063  ramp 28%           0.9s
  214       262.1       -22.3    0.4013    -4.2258  ramp 28%           0.6s
  215       499.4        -6.0    0.4009    -4.2454  ramp 28%           0.7s
  216       324.3        -8.2    0.4005    -4.2649  ramp 28%           0.8s
  217       375.3       -13.5    0.4000    -4.2844  ramp 29%           0.7s
  218       336.0         5.6    0.3996    -4.3040  ramp 29%           0.7s
  219       284.0        22.1    0.3994    -4.3235  ramp 29%           0.7s
  [probe] gen=220 score=1.1 net=1.009 fell=1.000
  220       471.7        21.8    0.3992    -4.3430  ramp 30%           0.7s
  221       344.0        -2.9    0.3990    -4.3625  ramp 30%           0.7s
  222       359.6        36.2    0.3987    -4.3820  ramp 30%           0.8s
  223       328.0        10.1    0.3984    -4.4016  ramp 30%           0.8s
  224       360.6        -2.1    0.3981    -4.4211  ramp 31%           0.8s
  [plot] Saved fitness curve → experiments/thesis/curriculum_variable_gravity/seed_01/fitness_curve.png
  225       372.9        35.4    0.3978    -4.4406  ramp 31%           0.8s
  226       409.8        48.4    0.3977    -4.4602  ramp 31%           0.7s
  227       305.5        24.2    0.3975    -4.4797  ramp 31%           0.8s
  228       355.9        15.4    0.3973    -4.4992  ramp 32%           0.8s
  229       266.7        68.0    0.3972    -4.5187  ramp 32%           0.8s
  [probe] gen=230 score=173.5 net=1.756 fell=1.000
  230       377.1        29.9    0.3971    -4.5382  ramp 32%           0.9s
  231       387.0         6.6    0.3971    -4.5578  ramp 32%           0.8s
  232       324.9        40.4    0.3969    -4.5773  ramp 33%           0.8s
  233       294.5         0.8    0.3968    -4.5968  ramp 33%           0.7s
  234       369.8        39.4    0.3968    -4.6164  ramp 33%           0.8s
  235       393.7        38.0    0.3967    -4.6359  ramp 33%           0.8s
  236       413.4        81.0    0.3967    -4.6554  ramp 34%           0.8s
  237       355.0        42.0    0.3966    -4.6749  ramp 34%           0.8s
  238       369.4        34.5    0.3966    -4.6944  ramp 34%           0.8s
  239       265.1       -39.1    0.3965    -4.7140  ramp 34%           0.7s
  [probe] gen=240 score=90.2 net=1.462 fell=1.000
  240       375.4        36.2    0.3965    -4.7335  ramp 35%           0.8s
  241       325.3        15.2    0.3967    -4.7530  ramp 35%           0.7s
  242       332.4       -64.1    0.3968    -4.7725  ramp 35%           0.8s
  243       475.9        -8.8    0.3968    -4.7921  ramp 35%           0.9s
  244       270.6         8.0    0.3968    -4.8116  ramp 36%           0.8s
  245       401.5       -21.9    0.3969    -4.8311  ramp 36%           0.8s
  246       484.2        19.9    0.3970    -4.8506  ramp 36%           1.0s
  247       268.7        29.8    0.3972    -4.8702  ramp 36%           0.8s
  248       294.5        -7.5    0.3973    -4.8897  ramp 37%           0.8s
  249       443.5        72.1    0.3973    -4.9092  ramp 37%           0.9s
  [probe] gen=250 score=32.3 net=1.125 fell=1.000
  [plot] Saved fitness curve → experiments/thesis/curriculum_variable_gravity/seed_01/fitness_curve.png
  250       440.3        72.4    0.3972    -4.9287  ramp 37%           0.9s
  251       442.0        49.4    0.3969    -4.9483  ramp 37%           0.8s
  252       467.3        72.6    0.3967    -4.9678  ramp 38%           0.9s
  253       609.9        44.9    0.3964    -4.9873  ramp 38%           0.8s
  254       417.6        26.5    0.3963    -5.0069  ramp 38%           0.8s
  255       406.3        84.1    0.3959    -5.0264  ramp 38%           0.9s
  256       433.1        79.3    0.3958    -5.0459  ramp 39%           0.9s
  257       393.1        46.3    0.3956    -5.0654  ramp 39%           0.8s
  258       424.5        77.8    0.3956    -5.0850  ramp 39%           0.9s
  259       404.8        85.0    0.3956    -5.1045  ramp 39%           1.0s
  [probe] gen=260 score=181.2 net=1.669 fell=1.000
  260       370.1        40.7    0.3957    -5.1240  ramp 40%           0.9s
  261       273.6        25.9    0.3958    -5.1435  ramp 40%           0.8s
  262       368.3        35.1    0.3959    -5.1631  ramp 40%           0.9s
  263       505.9        18.1    0.3960    -5.1826  ramp 40%           0.9s
  264       459.5       100.1    0.3959    -5.2021  ramp 41%           1.0s
  265       366.8        86.0    0.3959    -5.2216  ramp 41%           0.9s
  266       372.8        54.5    0.3961    -5.2412  ramp 41%           0.9s
  267       560.1        85.3    0.3963    -5.2607  ramp 41%           1.0s
  268       436.2        58.9    0.3966    -5.2802  ramp 42%           1.0s
  269       449.7        51.7    0.3968    -5.2997  ramp 42%           0.9s
  [probe] gen=270 score=166.4 net=1.535 fell=1.000
  270       548.9        68.8    0.3970    -5.3193  ramp 42%           1.0s
  271       430.4       116.1    0.3973    -5.3388  ramp 42%           0.9s
  272       388.8        73.5    0.3976    -5.3583  ramp 43%           0.9s
  273       400.6        58.9    0.3978    -5.3778  ramp 43%           1.0s
  274       412.8        57.6    0.3982    -5.3974  ramp 43%           0.9s
  [plot] Saved fitness curve → experiments/thesis/curriculum_variable_gravity/seed_01/fitness_curve.png
  275       436.2        95.9    0.3983    -5.4169  ramp 43%           0.9s
  276       482.4        89.5    0.3986    -5.4364  ramp 44%           1.0s
  277       351.8        75.5    0.3989    -5.4559  ramp 44%           0.9s
  278       484.1        93.1    0.3991    -5.4755  ramp 44%           1.1s
  279       351.4        34.5    0.3992    -5.4950  ramp 44%           0.9s
  [probe] gen=280 score=40.6 net=0.903 fell=1.000
  280       400.5        69.1    0.3993    -5.5145  ramp 45%           1.0s
  281       506.1       121.1    0.3994    -5.5340  ramp 45%           1.0s
  282       438.2        79.7    0.3995    -5.5536  ramp 45%           1.1s
  283       447.3        54.7    0.3995    -5.5731  ramp 45%           1.1s
  284       661.2       103.8    0.3994    -5.5926  ramp 46%           1.1s
  285       597.7        77.9    0.3993    -5.6121  ramp 46%           1.1s
  286       467.5        18.9    0.3992    -5.6317  ramp 46%           1.0s
  287       402.1        33.6    0.3990    -5.6512  ramp 46%           1.0s
  288       433.2        84.2    0.3988    -5.6707  ramp 47%           1.1s
  289       418.2        38.3    0.3986    -5.6902  ramp 47%           1.0s
  [probe] gen=290 score=-89.2 net=0.489 fell=1.000
  290       512.9        75.8    0.3984    -5.7097  ramp 47%           1.0s
  291       408.7        74.4    0.3982    -5.7293  ramp 47%           1.0s
  292       448.3        84.1    0.3979    -5.7488  ramp 48%           1.0s
  293       429.8        57.1    0.3975    -5.7683  ramp 48%           0.9s
  294       320.0        40.2    0.3973    -5.7879  ramp 48%           1.0s
  295       495.7        95.4    0.3972    -5.8074  ramp 48%           1.0s
  296       558.3        83.5    0.3972    -5.8269  ramp 49%           1.1s
  297       399.3       111.2    0.3975    -5.8464  ramp 49%           1.0s
  298       553.3        71.2    0.3976    -5.8659  ramp 49%           0.9s
  299       399.6        74.2    0.3977    -5.8855  ramp 49%           1.0s
  [probe] gen=300 score=-0.6 net=0.959 fell=1.000
  [plot] Saved fitness curve → experiments/thesis/curriculum_variable_gravity/seed_01/fitness_curve.png
  300       462.6        62.1    0.3978    -5.9050  ramp 50%           1.1s
  301       429.1       130.3    0.3978    -5.9245  ramp 50%           1.0s
  302       552.6        68.9    0.3977    -5.9441  ramp 50%           1.1s
  303       407.4        73.7    0.3978    -5.9636  ramp 50%           0.9s
  304       497.2       136.6    0.3979    -5.9831  ramp 51%           1.0s
  305       556.1       117.6    0.3980    -6.0026  ramp 51%           1.0s
  306       383.7        92.0    0.3980    -6.0222  ramp 51%           1.0s
  307       508.7        92.9    0.3978    -6.0417  ramp 51%           1.0s
  308       494.0       107.5    0.3977    -6.0612  ramp 52%           1.1s
  309       461.5        99.9    0.3975    -6.0807  ramp 52%           1.1s
  [probe] gen=310 score=193.3 net=1.633 fell=1.000
  310       531.7       101.7    0.3973    -6.1003  ramp 52%           1.1s
  311       438.3        86.0    0.3972    -6.1198  ramp 52%           1.0s
  312       747.3        67.3    0.3970    -6.1393  ramp 53%           1.1s
  313       416.5       136.4    0.3967    -6.1588  ramp 53%           1.1s
  314       508.0       120.8    0.3964    -6.1784  ramp 53%           1.1s
  315       523.1       212.4    0.3962    -6.1979  ramp 53%           1.1s
  316       408.1       125.6    0.3960    -6.2174  ramp 54%           1.1s
  317       534.8        86.2    0.3957    -6.2369  ramp 54%           1.0s
  318       581.0       163.0    0.3956    -6.2565  ramp 54%           1.0s
  319       543.8       104.3    0.3956    -6.2760  ramp 54%           1.0s
  [probe] gen=320 score=-95.5 net=0.519 fell=1.000
  320       529.5        92.0    0.3956    -6.2955  ramp 55%           0.9s
  321       587.5        63.0    0.3956    -6.3150  ramp 55%           0.9s
  322       680.8       124.3    0.3956    -6.3346  ramp 55%           0.9s
  323       513.7       167.0    0.3956    -6.3541  ramp 55%           1.0s
  324       593.4       141.4    0.3957    -6.3736  ramp 56%           1.1s
  [plot] Saved fitness curve → experiments/thesis/curriculum_variable_gravity/seed_01/fitness_curve.png
  325       795.3       195.6    0.3958    -6.3931  ramp 56%           1.0s
  326       618.9       180.1    0.3959    -6.4127  ramp 56%           0.9s
  327       554.4       183.9    0.3960    -6.4322  ramp 56%           0.9s
  328       660.1       223.0    0.3962    -6.4517  ramp 56%           1.0s
  329       609.6       175.8    0.3963    -6.4712  ramp 57%           0.9s
  [probe] gen=330 score=277.4 net=2.246 fell=1.000
  330       586.9       230.0    0.3965    -6.4908  ramp 57%           1.0s
  331       593.8       258.2    0.3967    -6.5103  ramp 57%           1.1s
  332       545.8       190.1    0.3971    -6.5298  ramp 57%           1.0s
  333       486.6       186.8    0.3975    -6.5493  ramp 58%           1.1s
  334       629.9       241.9    0.3978    -6.5689  ramp 58%           1.1s
  335       552.9       174.4    0.3981    -6.5884  ramp 58%           1.0s
  336       521.7       191.4    0.3982    -6.6079  ramp 59%           1.0s
  337       645.8       218.0    0.3983    -6.6274  ramp 59%           1.1s
  338       512.8       176.5    0.3983    -6.6470  ramp 59%           1.1s
  339       674.1       217.0    0.3982    -6.6665  ramp 59%           1.0s
  [probe] gen=340 score=269.9 net=1.979 fell=1.000
  340       779.4       220.9    0.3983    -6.6860  ramp 60%           1.1s
  341       678.6       226.2    0.3984    -6.7055  ramp 60%           1.1s
  342       614.0       158.3    0.3987    -6.7251  ramp 60%           1.1s
  343       635.2       217.1    0.3989    -6.7446  ramp 60%           1.1s
  344       748.7       115.2    0.3992    -6.7641  ramp 61%           1.0s
  345       576.1       150.8    0.3996    -6.7836  ramp 61%           1.1s
  346       605.3       171.5    0.3998    -6.8032  ramp 61%           1.0s
  347       736.9       158.4    0.4001    -6.8227  ramp 61%           1.1s
  348       537.5       168.7    0.4003    -6.8422  ramp 62%           1.1s
  349       505.4       107.9    0.4006    -6.8617  ramp 62%           1.0s
  [probe] gen=350 score=179.3 net=1.656 fell=1.000
  [plot] Saved fitness curve → experiments/thesis/curriculum_variable_gravity/seed_01/fitness_curve.png
  350       688.8       188.9    0.4008    -6.8813  ramp 62%           1.2s
  351       658.3       245.1    0.4010    -6.9008  ramp 62%           1.2s
  352       611.7        89.0    0.4010    -6.9203  ramp 63%           1.0s
  353       538.0       144.7    0.4009    -6.9398  ramp 63%           1.1s
  354       477.5       152.1    0.4009    -6.9594  ramp 63%           1.1s
  355       501.4       123.9    0.4009    -6.9789  ramp 63%           1.0s
  356       574.0       150.0    0.4010    -6.9984  ramp 64%           1.1s
  357       486.7       145.6    0.4011    -7.0179  ramp 64%           1.1s
  358       666.5       205.0    0.4010    -7.0375  ramp 64%           1.2s
  359       654.8       222.8    0.4008    -7.0570  ramp 64%           1.2s
  [probe] gen=360 score=149.5 net=1.512 fell=1.000
  360       550.8       169.1    0.4006    -7.0765  ramp 65%           1.2s
  361       577.7       123.4    0.4004    -7.0960  ramp 65%           1.1s
  362       729.7       146.6    0.4002    -7.1156  ramp 65%           1.1s
  363       601.9       163.1    0.4001    -7.1351  ramp 65%           1.1s
  364       571.1       197.2    0.4001    -7.1546  ramp 66%           1.2s
  365       698.6       179.5    0.4002    -7.1741  ramp 66%           1.4s
  366       507.8       175.7    0.4003    -7.1937  ramp 66%           1.2s
  367       472.6       162.8    0.4004    -7.2132  ramp 66%           1.1s
  368       651.4       181.0    0.4006    -7.2327  ramp 67%           1.2s
  369       472.6       126.6    0.4008    -7.2522  ramp 67%           1.1s
  [probe] gen=370 score=135.8 net=1.405 fell=1.000
  370       495.0       137.9    0.4010    -7.2718  ramp 67%           1.1s
  371       549.0       198.5    0.4012    -7.2913  ramp 67%           1.2s
  372       600.6       178.6    0.4014    -7.3108  ramp 68%           1.1s
  373       388.4        54.4    0.4017    -7.3303  ramp 68%           0.9s
  374       528.9        63.2    0.4019    -7.3499  ramp 68%           0.9s
  [plot] Saved fitness curve → experiments/thesis/curriculum_variable_gravity/seed_01/fitness_curve.png
  375       469.1       128.0    0.4019    -7.3694  ramp 68%           1.1s
  376       612.3       160.0    0.4021    -7.3889  ramp 69%           1.1s
  377       524.0       231.8    0.4021    -7.4084  ramp 69%           1.2s
  378       459.0        99.5    0.4021    -7.4280  ramp 69%           1.0s
  379       429.7       110.8    0.4022    -7.4475  ramp 69%           1.1s
  [probe] gen=380 score=191.9 net=1.707 fell=1.000
  380       521.7       125.9    0.4020    -7.4670  ramp 70%           1.1s
  381       553.2       128.9    0.4018    -7.4865  ramp 70%           1.0s
  382       586.8       139.7    0.4016    -7.5061  ramp 70%           1.2s
  383       490.6       111.3    0.4012    -7.5256  ramp 70%           1.1s
  384       535.2       114.5    0.4009    -7.5451  ramp 71%           1.1s
  385       528.3       180.1    0.4005    -7.5646  ramp 71%           1.1s
  386       508.9       107.6    0.4002    -7.5842  ramp 71%           1.1s
  387       618.1       165.9    0.3998    -7.6037  ramp 71%           1.3s
  388       625.9       131.3    0.3995    -7.6232  ramp 72%           1.1s
  389       570.8       185.4    0.3994    -7.6427  ramp 72%           1.3s
  [probe] gen=390 score=263.3 net=1.891 fell=1.000
  390       671.1       116.3    0.3991    -7.6623  ramp 72%           1.1s
  391       477.3       122.5    0.3989    -7.6818  ramp 72%           1.1s
  392       532.2       180.6    0.3987    -7.7013  ramp 73%           1.2s
  393       611.8       136.4    0.3985    -7.7208  ramp 73%           1.2s
  394       517.2       164.6    0.3984    -7.7404  ramp 73%           1.2s
  395       787.8       191.3    0.3984    -7.7599  ramp 73%           1.2s
  396       496.7       161.6    0.3984    -7.7794  ramp 74%           1.1s
  397       563.1       196.3    0.3983    -7.7989  ramp 74%           1.2s
  398       695.5       152.0    0.3982    -7.8185  ramp 74%           1.2s
  399       541.2       189.6    0.3981    -7.8380  ramp 74%           1.1s
  [probe] gen=400 score=241.9 net=1.816 fell=1.000
  [plot] Saved fitness curve → experiments/thesis/curriculum_variable_gravity/seed_01/fitness_curve.png
  400       822.2       164.5    0.3980    -7.8575  ramp 75%           1.1s
  401       560.8       168.2    0.3979    -7.8770  ramp 75%           1.0s
  402       639.7       182.5    0.3977    -7.8966  ramp 75%           1.0s
  403       612.1       171.5    0.3976    -7.9161  ramp 75%           1.1s
  404       555.4       196.4    0.3976    -7.9356  ramp 76%           1.2s
  405       482.8       207.9    0.3978    -7.9551  ramp 76%           1.2s
  406       568.3       194.3    0.3981    -7.9747  ramp 76%           1.2s
  407       531.6       164.7    0.3985    -7.9942  ramp 76%           1.1s
  408       474.4       237.0    0.3988    -8.0137  ramp 77%           1.2s
  409       540.4       189.8    0.3989    -8.0332  ramp 77%           1.1s
  [probe] gen=410 score=178.2 net=1.584 fell=1.000
  410       517.5       150.6    0.3991    -8.0527  ramp 77%           1.1s
  411       586.2       179.0    0.3994    -8.0723  ramp 77%           1.2s
  412       643.5       209.5    0.3998    -8.0918  ramp 78%           1.2s
  413       509.0       179.0    0.3999    -8.1113  ramp 78%           1.1s
  414       645.6       198.0    0.4000    -8.1309  ramp 78%           1.1s
  415       616.6       227.7    0.4001    -8.1504  ramp 78%           1.2s
  416       580.3       237.3    0.4004    -8.1699  ramp 79%           1.3s
  417       606.0       191.2    0.4005    -8.1894  ramp 79%           1.3s
  418       544.2       226.8    0.4005    -8.2090  ramp 79%           1.2s
  419       773.2       165.4    0.4007    -8.2285  ramp 79%           1.1s
  [probe] gen=420 score=323.1 net=2.173 fell=1.000
  420       494.4       193.7    0.4008    -8.2480  ramp 80%           1.2s
  421       669.1       161.6    0.4009    -8.2675  ramp 80%           1.1s
  422       554.6       165.6    0.4010    -8.2871  ramp 80%           1.1s
  423       538.5       138.1    0.4010    -8.3066  ramp 80%           1.0s
  424       607.4       145.8    0.4010    -8.3261  ramp 81%           1.1s
  [plot] Saved fitness curve → experiments/thesis/curriculum_variable_gravity/seed_01/fitness_curve.png
  425       526.8       237.0    0.4009    -8.3456  ramp 81%           1.2s
  426       516.1       205.8    0.4011    -8.3651  ramp 81%           1.3s
  427       695.5       239.0    0.4013    -8.3847  ramp 81%           1.2s
  428       556.1       163.8    0.4014    -8.4042  ramp 82%           1.2s
  429       602.7       201.9    0.4016    -8.4237  ramp 82%           1.2s
  [probe] gen=430 score=332.6 net=2.162 fell=1.000
  430       560.2       233.0    0.4018    -8.4432  ramp 82%           1.2s
  431       578.2       168.0    0.4019    -8.4628  ramp 82%           1.1s
  432       531.8       234.4    0.4019    -8.4823  ramp 83%           1.2s
  433       611.4       258.6    0.4020    -8.5018  ramp 83%           1.2s
  434       532.0       233.3    0.4020    -8.5213  ramp 83%           1.2s
  435       772.7       267.1    0.4020    -8.5409  ramp 83%           1.2s
  436       505.3       208.4    0.4020    -8.5604  ramp 84%           1.2s
  437       643.6       203.3    0.4019    -8.5799  ramp 84%           1.1s
  438       527.7       145.2    0.4017    -8.5995  ramp 84%           1.1s
  439       558.3       179.4    0.4016    -8.6190  ramp 84%           1.1s
  [probe] gen=440 score=344.4 net=2.256 fell=1.000
  440       915.8       195.8    0.4015    -8.6385  ramp 85%           1.1s
  441       516.5       233.3    0.4014    -8.6580  ramp 85%           1.1s
  442       532.2       257.7    0.4012    -8.6776  ramp 85%           1.2s
  443       717.7       204.3    0.4009    -8.6971  ramp 85%           1.1s
  444       581.2       106.6    0.4008    -8.7166  ramp 86%           1.1s
  445       507.8       241.6    0.4006    -8.7361  ramp 86%           1.2s
  446       546.5       160.3    0.4004    -8.7556  ramp 86%           1.1s
  447       852.6       162.3    0.4003    -8.7752  ramp 86%           1.2s
  448       723.2       208.4    0.4005    -8.7947  ramp 87%           1.3s
  449       585.8       217.7    0.4006    -8.8142  ramp 87%           1.1s
  [probe] gen=450 score=398.6 net=2.652 fell=1.000
  [plot] Saved fitness curve → experiments/thesis/curriculum_variable_gravity/seed_01/fitness_curve.png
  450       722.5       193.3    0.4007    -8.8338  ramp 87%           1.2s
  451       689.2       230.1    0.4006    -8.8533  ramp 87%           1.1s
  452       636.6       225.8    0.4008    -8.8728  ramp 88%           1.1s
  453       576.6       222.2    0.4009    -8.8923  ramp 88%           1.2s
  454       496.8       176.9    0.4008    -8.9119  ramp 88%           1.0s
  455       519.0       176.4    0.4007    -8.9314  ramp 88%           1.0s
  456       481.8       177.7    0.4007    -8.9509  ramp 89%           1.1s
  457       689.2       180.2    0.4007    -8.9704  ramp 89%           1.1s
  458       671.9       214.2    0.4008    -8.9900  ramp 89%           1.3s
  459       497.7       190.3    0.4010    -9.0095  ramp 89%           1.0s
  [probe] gen=460 score=352.3 net=2.281 fell=1.000
  460       556.6       175.6    0.4011    -9.0290  ramp 90%           1.1s
  461       610.5       231.4    0.4013    -9.0485  ramp 90%           1.0s
  462       584.3       242.0    0.4015    -9.0680  ramp 90%           1.1s
  463       534.5       208.0    0.4015    -9.0876  ramp 90%           1.1s
  464       502.0       246.4    0.4014    -9.1071  ramp 91%           1.2s
  465       542.4       225.2    0.4014    -9.1266  ramp 91%           1.2s
  466       519.0       221.3    0.4014    -9.1462  ramp 91%           1.1s
  467       727.8       201.8    0.4014    -9.1657  ramp 91%           1.0s
  468       546.0       191.6    0.4014    -9.1852  ramp 92%           1.0s
  469       545.4       272.5    0.4012    -9.2047  ramp 92%           1.2s
  [probe] gen=470 score=458.4 net=2.803 fell=1.000
  470       587.4       244.7    0.4011    -9.2243  ramp 92%           1.2s
  471       585.0       238.1    0.4010    -9.2438  ramp 92%           1.1s
  472       601.2       258.3    0.4009    -9.2633  ramp 93%           1.1s
  473       656.6       210.7    0.4009    -9.2828  ramp 93%           1.1s
  474       532.5       260.0    0.4009    -9.3024  ramp 93%           1.2s
  [plot] Saved fitness curve → experiments/thesis/curriculum_variable_gravity/seed_01/fitness_curve.png
  475       677.2       218.5    0.4010    -9.3219  ramp 93%           1.3s
  476       504.8       234.8    0.4009    -9.3414  ramp 94%           1.2s
  477       445.5       148.0    0.4007    -9.3609  ramp 94%           1.1s
  478       579.2       201.7    0.4006    -9.3804  ramp 94%           1.2s
  479       567.1       255.5    0.4005    -9.4000  ramp 94%           1.2s
  [probe] gen=480 score=427.1 net=2.736 fell=1.000
  480       534.3       169.8    0.4005    -9.4195  ramp 95%           1.1s
  481       615.0       270.4    0.4005    -9.4390  ramp 95%           1.1s
  482       543.4       219.8    0.4004    -9.4585  ramp 95%           1.0s
  483       504.5       210.1    0.4003    -9.4781  ramp 95%           1.3s
  484       529.2       223.5    0.4004    -9.4976  ramp 96%           1.1s
  485       885.8       243.3    0.4007    -9.5171  ramp 96%           1.2s
  486       572.7       208.9    0.4010    -9.5366  ramp 96%           1.2s
  487       679.6       211.1    0.4013    -9.5562  ramp 96%           1.2s
  488       583.3       179.1    0.4017    -9.5757  ramp 97%           1.1s
  489       572.1       210.7    0.4020    -9.5952  ramp 97%           1.1s
  [probe] gen=490 score=283.1 net=2.107 fell=1.000
  490       487.1       192.7    0.4024    -9.6148  ramp 97%           1.2s
  491       617.1       145.0    0.4027    -9.6343  ramp 97%           1.0s
  492       579.3       245.4    0.4030    -9.6538  ramp 98%           1.2s
  493       607.0       210.9    0.4032    -9.6733  ramp 98%           1.1s
  494       535.7       183.1    0.4034    -9.6928  ramp 98%           1.1s
  495       637.2       208.6    0.4035    -9.7124  ramp 98%           1.1s
  496       546.8       177.6    0.4037    -9.7319  ramp 99%           1.1s
  497       509.3       157.0    0.4037    -9.7514  ramp 99%           1.1s
  498       655.3       195.5    0.4034    -9.7709  ramp 99%           1.0s
  499       610.6       186.3    0.4033    -9.7905  ramp 99%           1.2s
  [plot] Saved fitness curve → experiments/thesis/curriculum_variable_gravity/seed_01/fitness_curve.png

Training complete. Best fitness: 915.8
Best params → experiments/thesis/curriculum_variable_gravity/seed_01/checkpoints/best_params.npy
Fitness curve → experiments/thesis/curriculum_variable_gravity/seed_01/fitness_curve.png
Final Earth scorecard | score=405.5 net=2.420 fell=1.000
Gravity sweep | gravities=5 mean_net=1.999 worst_net=1.507
  [exp] Wrote experiments/thesis/curriculum_variable_gravity/seed_01/experiment.json
  [exp] Wrote experiments/thesis/curriculum_variable_gravity/seed_01/training_log.csv
  [exp] Wrote experiments/thesis/curriculum_variable_gravity/seed_01/earth_probe.csv
  [exp] Wrote experiments/thesis/curriculum_variable_gravity/seed_01/gravity_sweep.csv
  [exp] Wrote experiments/thesis/curriculum_variable_gravity/seed_01/summary.json
