Walker2d-v5 | policy=CPG  params=504
Curriculum   : GradualTransition  gravity -1.6 → -9.81  warmup=20%
Run context | seed=4 arm=gradual_transition run_id=gradual_transition_seed_04

Schedule | penalty_min=0.20 penalty_ramp_gen=200 corr_min=0.00 corr_max=0.50 corr_ramp_gen=200

Starting CMA-ES | pop=40 | sigma0=0.5 | max_gen=500 | workers=8 | seed=4
Checkpoints → experiments/thesis/gradual_transition/seed_04/checkpoints/

  Gen        Best        Mean     Sigma    Pen   Corr    Gravity  Phase              Time
------------------------------------------------------------------------------------
  [probe] gen=0 score=-385.1 net=-0.195 fell=1.000 [new best earth]
  [plot] Saved fitness curve → experiments/thesis/gradual_transition/seed_04/fitness_curve.png
    0       -60.2       -76.5    0.4904   0.20   0.00    -1.6000  warmup             1.6s
    1       -46.5       -73.0    0.4820   0.20   0.00    -1.6000  warmup             0.3s
    2       -54.5       -73.5    0.4746   0.21   0.01    -1.6000  warmup             0.2s
    3       -49.3       -72.1    0.4681   0.21   0.01    -1.6000  warmup             0.2s
    4       -52.6       -72.5    0.4624   0.22   0.01    -1.6000  warmup             0.2s
    5       -50.9       -70.4    0.4569   0.22   0.01    -1.6000  warmup             0.2s
    6       -53.9       -72.3    0.4520   0.22   0.01    -1.6000  warmup             0.2s
    7       -50.8       -71.4    0.4474   0.23   0.02    -1.6000  warmup             0.2s
    8       -48.6       -72.0    0.4432   0.23   0.02    -1.6000  warmup             0.2s
    9       -46.9       -69.7    0.4394   0.24   0.02    -1.6000  warmup             0.3s
  [probe] gen=10 score=-373.3 net=-0.082 fell=1.000 [new best earth]
   10       -47.2       -70.2    0.4357   0.24   0.03    -1.6000  warmup             0.3s
   11       -50.9       -68.7    0.4324   0.24   0.03    -1.6000  warmup             0.3s
   12       -48.9       -74.2    0.4295   0.25   0.03    -1.6000  warmup             0.3s
   13       -30.3       -74.3    0.4268   0.25   0.03    -1.6000  warmup             0.3s
   14       -34.8       -67.5    0.4242   0.26   0.04    -1.6000  warmup             0.3s
   15       -43.3       -73.2    0.4218   0.26   0.04    -1.6000  warmup             0.3s
   16        -6.1       -66.8    0.4196   0.26   0.04    -1.6000  warmup             0.4s
   17         8.6       -68.0    0.4175   0.27   0.04    -1.6000  warmup             0.4s
   18         5.5       -69.8    0.4155   0.27   0.04    -1.6000  warmup             0.5s
   19       312.9       -51.5    0.4136   0.28   0.05    -1.6000  warmup             0.5s
  [probe] gen=20 score=-355.1 net=-0.255 fell=1.000 [new best earth]
   20        43.5       -63.2    0.4120   0.28   0.05    -1.6000  warmup             0.4s
   21       151.7       -57.4    0.4105   0.28   0.05    -1.6000  warmup             0.5s
   22       145.6       -38.5    0.4092   0.29   0.06    -1.6000  warmup             0.8s
   23       284.5         4.1    0.4080   0.29   0.06    -1.6000  warmup             1.0s
   24       294.8       -13.9    0.4070   0.30   0.06    -1.6000  warmup             0.9s
  [plot] Saved fitness curve → experiments/thesis/gradual_transition/seed_04/fitness_curve.png
   25       225.3       -22.2    0.4059   0.30   0.06    -1.6000  warmup             1.0s
   26       292.0        44.2    0.4049   0.30   0.07    -1.6000  warmup             1.1s
   27       322.4        43.8    0.4041   0.31   0.07    -1.6000  warmup             1.2s
   28       300.4        59.5    0.4034   0.31   0.07    -1.6000  warmup             1.3s
   29       327.9        81.3    0.4030   0.32   0.07    -1.6000  warmup             1.2s
  [probe] gen=30 score=-262.8 net=-0.038 fell=1.000 [new best earth]
   30       372.6        83.7    0.4029   0.32   0.07    -1.6000  warmup             1.3s
   31       361.9       103.4    0.4027   0.32   0.08    -1.6000  warmup             1.4s
   32       470.8       173.7    0.4024   0.33   0.08    -1.6000  warmup             1.6s
   33       356.4       118.2    0.4022   0.33   0.08    -1.6000  warmup             1.6s
   34       445.2       148.7    0.4020   0.34   0.09    -1.6000  warmup             1.8s
   35       317.3        86.1    0.4018   0.34   0.09    -1.6000  warmup             1.7s
   36       377.1       147.6    0.4016   0.34   0.09    -1.6000  warmup             1.8s
   37       385.1       102.4    0.4015   0.35   0.09    -1.6000  warmup             1.7s
   38       435.2       149.1    0.4013   0.35   0.10    -1.6000  warmup             2.0s
   39       401.6       102.1    0.4011   0.36   0.10    -1.6000  warmup             2.0s
  [probe] gen=40 score=14.0 net=0.994 fell=1.000 [new best earth]
   40       433.7       118.8    0.4011   0.36   0.10    -1.6000  warmup             1.7s
   41       331.2       135.6    0.4011   0.36   0.10    -1.6000  warmup             1.8s
   42       370.7       155.9    0.4013   0.37   0.10    -1.6000  warmup             1.8s
   43       384.6       114.5    0.4016   0.37   0.11    -1.6000  warmup             1.7s
   44       413.7       181.3    0.4020   0.38   0.11    -1.6000  warmup             1.8s
   45       390.1       172.3    0.4023   0.38   0.11    -1.6000  warmup             1.9s
   46       432.7       142.1    0.4026   0.38   0.12    -1.6000  warmup             2.1s
   47       298.3       115.4    0.4031   0.39   0.12    -1.6000  warmup             1.9s
   48       320.4        96.2    0.4037   0.39   0.12    -1.6000  warmup             1.9s
   49       380.3        78.4    0.4044   0.40   0.12    -1.6000  warmup             1.8s
  [probe] gen=50 score=69.3 net=1.154 fell=1.000 [new best earth]
  [plot] Saved fitness curve → experiments/thesis/gradual_transition/seed_04/fitness_curve.png
   50       409.3       149.4    0.4052   0.40   0.12    -1.6000  warmup             2.2s
   51       393.1       158.4    0.4059   0.40   0.13    -1.6000  warmup             1.9s
   52       366.7       207.1    0.4065   0.41   0.13    -1.6000  warmup             2.3s
   53       389.2       167.7    0.4070   0.41   0.13    -1.6000  warmup             2.0s
   54       463.3       184.9    0.4076   0.42   0.14    -1.6000  warmup             2.2s
   55       557.1       219.1    0.4081   0.42   0.14    -1.6000  warmup             2.2s
   56       440.1       195.1    0.4087   0.42   0.14    -1.6000  warmup             2.2s
   57       502.6       249.1    0.4093   0.43   0.14    -1.6000  warmup             2.1s
   58       575.5       207.4    0.4098   0.43   0.14    -1.6000  warmup             2.0s
   59       495.7       228.2    0.4102   0.44   0.15    -1.6000  warmup             2.4s
  [probe] gen=60 score=-91.6 net=0.168 fell=0.900
   60       602.5       199.5    0.4108   0.44   0.15    -1.6000  warmup             2.2s
   61       804.5       207.5    0.4113   0.44   0.15    -1.6000  warmup             2.0s
   62       643.1       288.3    0.4118   0.45   0.15    -1.6000  warmup             2.2s
   63       689.1       275.3    0.4123   0.45   0.16    -1.6000  warmup             2.3s
   64       536.9       240.8    0.4125   0.46   0.16    -1.6000  warmup             2.0s
   65       699.2       296.0    0.4127   0.46   0.16    -1.6000  warmup             2.3s
   66       686.4       240.1    0.4129   0.46   0.17    -1.6000  warmup             1.8s
   67       606.0       227.2    0.4132   0.47   0.17    -1.6000  warmup             2.0s
   68       751.6       305.5    0.4133   0.47   0.17    -1.6000  warmup             2.1s
   69       692.3       256.8    0.4134   0.48   0.17    -1.6000  warmup             2.0s
  [probe] gen=70 score=78.3 net=1.114 fell=1.000 [new best earth]
   70       650.8       226.6    0.4135   0.48   0.17    -1.6000  warmup             2.1s
   71      1251.3       215.2    0.4138   0.48   0.18    -1.6000  warmup             2.2s
   72       713.9       332.9    0.4142   0.49   0.18    -1.6000  warmup             2.2s
   73       837.2       243.4    0.4144   0.49   0.18    -1.6000  warmup             2.1s
   74       823.6       249.9    0.4146   0.50   0.18    -1.6000  warmup             2.3s
  [plot] Saved fitness curve → experiments/thesis/gradual_transition/seed_04/fitness_curve.png
   75       796.0       269.7    0.4149   0.50   0.19    -1.6000  warmup             2.1s
   76       784.0       341.4    0.4152   0.50   0.19    -1.6000  warmup             2.2s
   77       812.6       362.2    0.4157   0.51   0.19    -1.6000  warmup             2.4s
   78       892.6       338.7    0.4162   0.51   0.20    -1.6000  warmup             2.3s
   79       955.6       387.1    0.4165   0.52   0.20    -1.6000  warmup             2.4s
  [probe] gen=80 score=-245.8 net=-0.239 fell=1.000
   80       872.3       291.4    0.4169   0.52   0.20    -1.6000  warmup             2.1s
   81       871.2       331.7    0.4177   0.52   0.20    -1.6000  warmup             2.3s
   82       826.6       392.8    0.4183   0.53   0.20    -1.6000  warmup             2.5s
   83       810.3       252.3    0.4188   0.53   0.21    -1.6000  warmup             2.1s
   84      1219.7       320.5    0.4192   0.54   0.21    -1.6000  warmup             2.1s
   85       751.0       286.7    0.4196   0.54   0.21    -1.6000  warmup             2.3s
   86       881.9       346.9    0.4199   0.54   0.21    -1.6000  warmup             2.4s
   87      1072.4       284.0    0.4202   0.55   0.22    -1.6000  warmup             2.2s
   88       993.2       266.4    0.4206   0.55   0.22    -1.6000  warmup             2.1s
   89       815.6       330.9    0.4210   0.56   0.22    -1.6000  warmup             2.1s
  [probe] gen=90 score=74.6 net=1.222 fell=1.000
   90       880.3       323.5    0.4213   0.56   0.23    -1.6000  warmup             2.3s
   91      1159.2       386.1    0.4215   0.56   0.23    -1.6000  warmup             2.2s
   92      1158.4       314.2    0.4217   0.57   0.23    -1.6000  warmup             1.9s
   93      1100.6       343.7    0.4219   0.57   0.23    -1.6000  warmup             2.2s
   94      1017.4       369.8    0.4222   0.58   0.23    -1.6000  warmup             2.2s
   95       986.0       390.9    0.4224   0.58   0.24    -1.6000  warmup             2.3s
   96      1195.6       395.5    0.4228   0.58   0.24    -1.6000  warmup             2.2s
   97      1407.8       410.6    0.4231   0.59   0.24    -1.6000  warmup             2.4s
   98      1256.4       436.9    0.4235   0.59   0.24    -1.6000  warmup             2.4s
   99      1171.6       367.2    0.4240   0.60   0.25    -1.6000  warmup             2.1s
  [probe] gen=100 score=88.6 net=1.195 fell=1.000 [new best earth]
  [plot] Saved fitness curve → experiments/thesis/gradual_transition/seed_04/fitness_curve.png
  100      1134.4       457.1    0.4245   0.60   0.25    -1.6000  warmup             2.4s
  101       975.8       415.4    0.4249   0.60   0.25    -1.6205  ramp 0%            2.2s
  102       992.9       414.2    0.4255   0.61   0.26    -1.6411  ramp 0%            2.1s
  103      1196.1       449.3    0.4259   0.61   0.26    -1.6616  ramp 0%            2.3s
  104       957.3       382.6    0.4262   0.62   0.26    -1.6821  ramp 1%            2.2s
  105      1275.0       376.0    0.4265   0.62   0.26    -1.7026  ramp 1%            2.3s
  106      1395.3       476.3    0.4269   0.62   0.27    -1.7232  ramp 1%            2.1s
  107      1150.0       400.3    0.4272   0.63   0.27    -1.7437  ramp 1%            2.1s
  108       818.1       351.0    0.4276   0.63   0.27    -1.7642  ramp 2%            2.1s
  109      1249.6       504.1    0.4282   0.64   0.27    -1.7847  ramp 2%            2.2s
  [probe] gen=110 score=152.3 net=1.503 fell=1.000 [new best earth]
  110      1177.0       453.9    0.4289   0.64   0.28    -1.8053  ramp 2%            2.2s
  111      1501.4       480.5    0.4293   0.64   0.28    -1.8258  ramp 2%            2.3s
  112      1369.7       564.8    0.4299   0.65   0.28    -1.8463  ramp 3%            2.3s
  113      1236.8       448.4    0.4304   0.65   0.28    -1.8668  ramp 3%            2.0s
  114      1236.2       366.6    0.4309   0.66   0.28    -1.8874  ramp 3%            2.0s
  115      1242.5       387.3    0.4315   0.66   0.29    -1.9079  ramp 3%            2.0s
  116      1051.1       391.3    0.4319   0.66   0.29    -1.9284  ramp 4%            2.3s
  117      1380.4       413.7    0.4324   0.67   0.29    -1.9489  ramp 4%            2.3s
  118      1566.8       399.1    0.4329   0.67   0.29    -1.9695  ramp 4%            2.2s
  119      1462.6       520.9    0.4334   0.68   0.30    -1.9900  ramp 4%            2.3s
  [probe] gen=120 score=152.1 net=1.511 fell=1.000
  120      1414.2       618.9    0.4340   0.68   0.30    -2.0105  ramp 5%            2.5s
  121      1401.5       522.6    0.4345   0.68   0.30    -2.0310  ramp 5%            2.3s
  122      1375.3       428.6    0.4349   0.69   0.30    -2.0516  ramp 5%            2.1s
  123      1557.7       566.8    0.4355   0.69   0.31    -2.0721  ramp 5%            2.5s
  124      1539.0       537.8    0.4362   0.70   0.31    -2.0926  ramp 6%            2.4s
  [plot] Saved fitness curve → experiments/thesis/gradual_transition/seed_04/fitness_curve.png
  125      1295.4       557.1    0.4370   0.70   0.31    -2.1131  ramp 6%            2.4s
  126      1546.8       544.2    0.4376   0.70   0.32    -2.1337  ramp 6%            2.5s
  127      1193.5       487.8    0.4383   0.71   0.32    -2.1542  ramp 6%            2.3s
  128      1363.4       454.7    0.4389   0.71   0.32    -2.1747  ramp 7%            2.1s
  129      1339.3       456.1    0.4395   0.72   0.32    -2.1952  ramp 7%            2.2s
  [probe] gen=130 score=211.3 net=1.695 fell=1.000 [new best earth]
  130      1396.4       521.9    0.4400   0.72   0.33    -2.2157  ramp 7%            2.3s
  131      1261.2       460.1    0.4403   0.72   0.33    -2.2363  ramp 7%            2.2s
  132      1454.0       536.7    0.4406   0.73   0.33    -2.2568  ramp 8%            2.4s
  133      1716.1       484.6    0.4409   0.73   0.33    -2.2773  ramp 8%            2.0s
  134      1185.7       478.0    0.4412   0.74   0.34    -2.2979  ramp 8%            2.2s
  135      1554.2       459.9    0.4415   0.74   0.34    -2.3184  ramp 8%            2.0s
  136      1587.5       540.2    0.4416   0.74   0.34    -2.3389  ramp 9%            2.2s
  137      1483.1       616.0    0.4414   0.75   0.34    -2.3594  ramp 9%            2.3s
  138      1522.4       807.1    0.4412   0.75   0.34    -2.3800  ramp 9%            2.6s
  139      1713.5       589.6    0.4407   0.76   0.35    -2.4005  ramp 9%            2.4s
  [probe] gen=140 score=166.6 net=1.548 fell=1.000
  140      1558.0       668.8    0.4401   0.76   0.35    -2.4210  ramp 10%           2.4s
  141      1518.3       554.2    0.4396   0.76   0.35    -2.4415  ramp 10%           2.2s
  142      1569.6       658.7    0.4391   0.77   0.35    -2.4621  ramp 10%           2.3s
  143      1391.2       494.9    0.4387   0.77   0.36    -2.4826  ramp 10%           2.1s
  144      1471.2       650.2    0.4383   0.78   0.36    -2.5031  ramp 11%           2.5s
  145      1425.4       627.5    0.4381   0.78   0.36    -2.5236  ramp 11%           2.4s
  146      1605.3       680.6    0.4378   0.78   0.36    -2.5442  ramp 11%           2.5s
  147      1480.1       628.4    0.4375   0.79   0.37    -2.5647  ramp 11%           2.4s
  148      1614.8       575.9    0.4374   0.79   0.37    -2.5852  ramp 12%           2.2s
  149      1443.2       577.4    0.4373   0.80   0.37    -2.6057  ramp 12%           2.5s
  [probe] gen=150 score=156.8 net=1.535 fell=1.000
  [plot] Saved fitness curve → experiments/thesis/gradual_transition/seed_04/fitness_curve.png
  150      1714.9       615.3    0.4372   0.80   0.38    -2.6263  ramp 12%           2.2s
  151      1315.5       562.1    0.4369   0.80   0.38    -2.6468  ramp 12%           2.2s
  152      1623.5       685.7    0.4367   0.81   0.38    -2.6673  ramp 13%           2.4s
  153      1632.4       671.6    0.4367   0.81   0.38    -2.6878  ramp 13%           2.4s
  154      1568.8       665.2    0.4365   0.82   0.39    -2.7084  ramp 13%           2.5s
  155      1625.9       571.9    0.4364   0.82   0.39    -2.7289  ramp 13%           2.2s
  156      1566.4       670.8    0.4363   0.82   0.39    -2.7494  ramp 14%           2.3s
  157      1354.8       565.1    0.4363   0.83   0.39    -2.7699  ramp 14%           2.0s
  158      1662.3       579.4    0.4364   0.83   0.40    -2.7904  ramp 14%           2.1s
  159      1469.7       665.0    0.4363   0.84   0.40    -2.8110  ramp 14%           2.5s
  [probe] gen=160 score=90.1 net=1.261 fell=1.000
  160      1444.9       468.8    0.4363   0.84   0.40    -2.8315  ramp 15%           2.0s
  161      1794.9       583.8    0.4361   0.84   0.40    -2.8520  ramp 15%           2.1s
  162      1587.2       561.3    0.4359   0.85   0.41    -2.8726  ramp 15%           2.3s
  163      1523.8       701.4    0.4355   0.85   0.41    -2.8931  ramp 15%           2.5s
  164      1410.9       427.3    0.4354   0.86   0.41    -2.9136  ramp 16%           2.0s
  165      1638.1       544.5    0.4351   0.86   0.41    -2.9341  ramp 16%           2.0s
  166      1578.5       782.2    0.4349   0.86   0.41    -2.9546  ramp 16%           2.5s
  167      1790.5       737.0    0.4347   0.87   0.42    -2.9752  ramp 16%           2.5s
  168      1764.9       742.6    0.4347   0.87   0.42    -2.9957  ramp 17%           2.6s
  169      1858.7       501.6    0.4348   0.88   0.42    -3.0162  ramp 17%           2.2s
  [probe] gen=170 score=204.8 net=1.693 fell=1.000
  170      1901.1       614.8    0.4349   0.88   0.42    -3.0368  ramp 17%           2.2s
  171      1350.7       494.3    0.4348   0.88   0.43    -3.0573  ramp 17%           2.2s
  172      1599.9       567.0    0.4349   0.89   0.43    -3.0778  ramp 18%           2.1s
  173      1826.3       631.2    0.4348   0.89   0.43    -3.0983  ramp 18%           2.2s
  174      1781.1       711.9    0.4346   0.90   0.43    -3.1189  ramp 18%           2.3s
  [plot] Saved fitness curve → experiments/thesis/gradual_transition/seed_04/fitness_curve.png
  175      1690.0       847.5    0.4344   0.90   0.44    -3.1394  ramp 18%           2.8s
  176      1686.2       683.0    0.4341   0.90   0.44    -3.1599  ramp 19%           2.5s
  177      1761.5       717.9    0.4340   0.91   0.44    -3.1804  ramp 19%           2.4s
  178      1769.8       589.5    0.4337   0.91   0.45    -3.2010  ramp 19%           2.4s
  179      1900.4       769.4    0.4335   0.92   0.45    -3.2215  ramp 19%           2.5s
  [probe] gen=180 score=188.4 net=1.658 fell=1.000
  180      1758.0       835.3    0.4332   0.92   0.45    -3.2420  ramp 20%           2.5s
  181      1764.1       665.5    0.4330   0.92   0.45    -3.2625  ramp 20%           2.3s
  182      1799.7       761.7    0.4329   0.93   0.46    -3.2831  ramp 20%           2.5s
  183      1895.2       820.4    0.4329   0.93   0.46    -3.3036  ramp 20%           2.4s
  184      1685.2       676.5    0.4330   0.94   0.46    -3.3241  ramp 21%           2.4s
  185      1905.9       766.7    0.4330   0.94   0.46    -3.3446  ramp 21%           2.5s
  186      1703.1       802.1    0.4331   0.94   0.47    -3.3652  ramp 21%           2.5s
  187      1584.4       700.3    0.4329   0.95   0.47    -3.3857  ramp 21%           2.1s
  188      1781.0       819.8    0.4329   0.95   0.47    -3.4062  ramp 22%           2.6s
  189      1631.1       688.6    0.4328   0.96   0.47    -3.4267  ramp 22%           2.2s
  [probe] gen=190 score=79.3 net=1.251 fell=1.000
  190      1716.8       800.0    0.4328   0.96   0.47    -3.4473  ramp 22%           2.5s
  191      1475.7       621.6    0.4328   0.96   0.48    -3.4678  ramp 22%           2.2s
  192      1895.7       687.3    0.4328   0.97   0.48    -3.4883  ramp 23%           2.4s
  193      1718.6       535.0    0.4328   0.97   0.48    -3.5088  ramp 23%           2.2s
  194      1672.7       491.7    0.4328   0.98   0.48    -3.5293  ramp 23%           1.9s
  195      1968.2       757.9    0.4329   0.98   0.49    -3.5499  ramp 23%           2.5s
  196      1929.9       746.8    0.4331   0.98   0.49    -3.5704  ramp 24%           2.1s
  197      1720.1       627.5    0.4333   0.99   0.49    -3.5909  ramp 24%           2.0s
  198      1494.1       660.3    0.4335   0.99   0.49    -3.6115  ramp 24%           2.1s
  199      1600.8       669.6    0.4337   1.00   0.50    -3.6320  ramp 24%           2.2s
  [probe] gen=200 score=164.2 net=1.540 fell=1.000
  [plot] Saved fitness curve → experiments/thesis/gradual_transition/seed_04/fitness_curve.png
  200      1673.8       703.6    0.4340   1.00   0.50    -3.6525  ramp 25%           2.4s
  201      1758.7       806.8    0.4343   1.00   0.50    -3.6730  ramp 25%           2.4s
  202      1653.8       736.0    0.4346   1.00   0.50    -3.6936  ramp 25%           2.5s
  203      1578.4       680.3    0.4349   1.00   0.50    -3.7141  ramp 25%           2.2s
  204      1783.5       699.2    0.4352   1.00   0.50    -3.7346  ramp 26%           2.5s
  205      1698.3       734.3    0.4354   1.00   0.50    -3.7551  ramp 26%           2.4s
  206      1769.5       657.7    0.4354   1.00   0.50    -3.7757  ramp 26%           2.1s
  207      1655.5       721.6    0.4353   1.00   0.50    -3.7962  ramp 26%           2.3s
  208      1520.5       601.0    0.4352   1.00   0.50    -3.8167  ramp 27%           2.0s
  209      1561.8       629.0    0.4351   1.00   0.50    -3.8372  ramp 27%           2.3s
  [probe] gen=210 score=227.7 net=1.776 fell=1.000 [new best earth]
  210      1709.7       742.1    0.4352   1.00   0.50    -3.8578  ramp 27%           2.4s
  211      1582.8       780.1    0.4353   1.00   0.50    -3.8783  ramp 27%           2.4s
  212      1555.7       828.1    0.4353   1.00   0.50    -3.8988  ramp 28%           2.6s
  213      1614.2       778.5    0.4355   1.00   0.50    -3.9193  ramp 28%           2.6s
  214      1768.8       739.0    0.4358   1.00   0.50    -3.9399  ramp 28%           2.2s
  215      1744.7       766.5    0.4362   1.00   0.50    -3.9604  ramp 28%           2.6s
  216      1496.5       645.6    0.4364   1.00   0.50    -3.9809  ramp 28%           2.2s
  217      1540.2       693.2    0.4366   1.00   0.50    -4.0014  ramp 29%           2.2s
  218      1899.1       915.0    0.4367   1.00   0.50    -4.0220  ramp 29%           2.5s
  219      1828.8       848.1    0.4368   1.00   0.50    -4.0425  ramp 29%           2.4s
  [probe] gen=220 score=153.4 net=1.521 fell=1.000
  220      1845.0       783.3    0.4369   1.00   0.50    -4.0630  ramp 30%           2.2s
  221      1728.2       703.1    0.4370   1.00   0.50    -4.0835  ramp 30%           2.3s
  222      1821.1       806.6    0.4372   1.00   0.50    -4.1041  ramp 30%           2.3s
  223      1839.3       790.1    0.4371   1.00   0.50    -4.1246  ramp 30%           2.2s
  224      1919.6       943.1    0.4369   1.00   0.50    -4.1451  ramp 31%           2.6s
  [plot] Saved fitness curve → experiments/thesis/gradual_transition/seed_04/fitness_curve.png
  225      1952.6       887.0    0.4368   1.00   0.50    -4.1656  ramp 31%           2.3s
  226      1854.8       896.3    0.4365   1.00   0.50    -4.1862  ramp 31%           2.4s
  227      1719.6       734.4    0.4362   1.00   0.50    -4.2067  ramp 31%           2.3s
  228      1850.6       920.5    0.4358   1.00   0.50    -4.2272  ramp 32%           2.5s
  229      1852.6       967.3    0.4353   1.00   0.50    -4.2477  ramp 32%           2.5s
  [probe] gen=230 score=175.1 net=1.584 fell=1.000
  230      1649.5       786.3    0.4348   1.00   0.50    -4.2683  ramp 32%           2.5s
  231      2019.0       963.2    0.4343   1.00   0.50    -4.2888  ramp 32%           2.7s
  232      1910.1      1088.2    0.4339   1.00   0.50    -4.3093  ramp 33%           2.7s
  233      1868.2       906.8    0.4337   1.00   0.50    -4.3298  ramp 33%           2.7s
  234      1942.3       979.3    0.4335   1.00   0.50    -4.3504  ramp 33%           2.6s
  235      1935.7       962.1    0.4335   1.00   0.50    -4.3709  ramp 33%           2.6s
  236      1908.8       972.7    0.4334   1.00   0.50    -4.3914  ramp 34%           2.6s
  237      2052.1       951.3    0.4332   1.00   0.50    -4.4119  ramp 34%           2.5s
  238      1986.0       814.4    0.4332   1.00   0.50    -4.4325  ramp 34%           2.1s
  239      1726.7       781.3    0.4331   1.00   0.50    -4.4530  ramp 34%           2.2s
  [probe] gen=240 score=130.3 net=1.426 fell=1.000
  240      1892.8      1030.3    0.4329   1.00   0.50    -4.4735  ramp 35%           2.8s
  241      1736.1       804.5    0.4327   1.00   0.50    -4.4940  ramp 35%           2.2s
  242      1759.7       790.9    0.4325   1.00   0.50    -4.5145  ramp 35%           2.4s
  243      1852.3       796.8    0.4321   1.00   0.50    -4.5351  ramp 35%           2.4s
  244      1937.1       795.7    0.4317   1.00   0.50    -4.5556  ramp 36%           2.5s
  245      1806.7       824.1    0.4313   1.00   0.50    -4.5761  ramp 36%           2.3s
  246      2016.6       924.4    0.4308   1.00   0.50    -4.5967  ramp 36%           2.8s
  247      1834.7       724.4    0.4304   1.00   0.50    -4.6172  ramp 36%           2.1s
  248      1621.3       950.0    0.4300   1.00   0.50    -4.6377  ramp 37%           2.7s
  249      1770.6       892.9    0.4296   1.00   0.50    -4.6582  ramp 37%           2.6s
  [probe] gen=250 score=176.7 net=1.590 fell=1.000
  [plot] Saved fitness curve → experiments/thesis/gradual_transition/seed_04/fitness_curve.png
  250      1944.5       868.3    0.4292   1.00   0.50    -4.6788  ramp 37%           2.7s
  251      2020.4       913.6    0.4289   1.00   0.50    -4.6993  ramp 37%           2.4s
  252      1797.8       804.5    0.4286   1.00   0.50    -4.7198  ramp 38%           2.2s
  253      1847.3       827.5    0.4282   1.00   0.50    -4.7403  ramp 38%           2.3s
  254      1739.7       907.3    0.4277   1.00   0.50    -4.7609  ramp 38%           2.5s
  255      1994.4      1143.8    0.4274   1.00   0.50    -4.7814  ramp 38%           2.9s
  256      1841.0      1034.6    0.4272   1.00   0.50    -4.8019  ramp 39%           2.5s
  257      1864.4       957.9    0.4271   1.00   0.50    -4.8224  ramp 39%           2.4s
  258      2034.4      1020.5    0.4270   1.00   0.50    -4.8430  ramp 39%           2.8s
  259      1851.6       860.6    0.4270   1.00   0.50    -4.8635  ramp 39%           2.5s
  [probe] gen=260 score=173.1 net=1.604 fell=1.000
  260      2015.7      1059.0    0.4271   1.00   0.50    -4.8840  ramp 40%           2.8s
  261      1852.0      1089.2    0.4274   1.00   0.50    -4.9045  ramp 40%           2.8s
  262      1923.3       956.4    0.4278   1.00   0.50    -4.9251  ramp 40%           2.8s
  263      1928.2      1009.9    0.4282   1.00   0.50    -4.9456  ramp 40%           2.6s
  264      1998.1       996.7    0.4288   1.00   0.50    -4.9661  ramp 41%           2.9s
  265      1888.6      1095.5    0.4294   1.00   0.50    -4.9866  ramp 41%           3.0s
  266      1937.7       888.5    0.4301   1.00   0.50    -5.0072  ramp 41%           2.5s
  267      1914.1      1041.3    0.4307   1.00   0.50    -5.0277  ramp 41%           2.8s
  268      1859.9       906.5    0.4313   1.00   0.50    -5.0482  ramp 42%           2.6s
  269      2002.2       964.0    0.4318   1.00   0.50    -5.0687  ramp 42%           2.7s
  [probe] gen=270 score=175.8 net=1.603 fell=1.000
  270      1923.9      1148.2    0.4322   1.00   0.50    -5.0892  ramp 42%           2.8s
  271      2156.0      1013.2    0.4326   1.00   0.50    -5.1098  ramp 42%           2.5s
  272      1981.6      1011.3    0.4330   1.00   0.50    -5.1303  ramp 43%           2.6s
  273      1983.2       958.2    0.4334   1.00   0.50    -5.1508  ramp 43%           2.6s
  274      1700.6       914.4    0.4339   1.00   0.50    -5.1714  ramp 43%           2.8s
  [plot] Saved fitness curve → experiments/thesis/gradual_transition/seed_04/fitness_curve.png
  275      1764.8       973.5    0.4344   1.00   0.50    -5.1919  ramp 43%           2.6s
  276      1901.1       967.6    0.4348   1.00   0.50    -5.2124  ramp 44%           2.8s
  277      1796.6       763.9    0.4354   1.00   0.50    -5.2329  ramp 44%           2.4s
  278      1789.5       842.9    0.4362   1.00   0.50    -5.2535  ramp 44%           2.3s
  279      1607.1       824.2    0.4368   1.00   0.50    -5.2740  ramp 44%           2.3s
  [probe] gen=280 score=157.2 net=1.540 fell=1.000
  280      1823.9       884.2    0.4374   1.00   0.50    -5.2945  ramp 45%           2.4s
  281      1715.8       843.4    0.4381   1.00   0.50    -5.3150  ramp 45%           2.1s
  282      1751.9       899.1    0.4385   1.00   0.50    -5.3356  ramp 45%           2.9s
  283      1795.2      1062.2    0.4390   1.00   0.50    -5.3561  ramp 45%           3.2s
  284      1827.2       937.3    0.4393   1.00   0.50    -5.3766  ramp 46%           2.7s
  285      1697.6       775.3    0.4394   1.00   0.50    -5.3971  ramp 46%           2.3s
  286      1774.5       849.8    0.4394   1.00   0.50    -5.4177  ramp 46%           2.6s
  287      2089.3      1036.1    0.4394   1.00   0.50    -5.4382  ramp 46%           2.6s
  288      1815.1       858.6    0.4395   1.00   0.50    -5.4587  ramp 47%           2.4s
  289      1938.9       959.7    0.4396   1.00   0.50    -5.4792  ramp 47%           2.5s
  [probe] gen=290 score=147.5 net=1.480 fell=1.000
  290      1839.9       988.7    0.4396   1.00   0.50    -5.4998  ramp 47%           2.6s
  291      1889.4       998.3    0.4394   1.00   0.50    -5.5203  ramp 47%           2.6s
  292      1957.7      1008.2    0.4392   1.00   0.50    -5.5408  ramp 48%           2.8s
  293      1990.4       997.3    0.4388   1.00   0.50    -5.5613  ramp 48%           2.5s
  294      2012.9      1204.3    0.4382   1.00   0.50    -5.5819  ramp 48%           3.1s
  295      1951.6      1203.0    0.4378   1.00   0.50    -5.6024  ramp 48%           3.0s
  296      1993.1       958.6    0.4373   1.00   0.50    -5.6229  ramp 49%           2.6s
  297      1972.7      1092.3    0.4368   1.00   0.50    -5.6434  ramp 49%           2.8s
  298      1890.3       925.8    0.4363   1.00   0.50    -5.6639  ramp 49%           2.5s
  299      1974.6      1071.6    0.4359   1.00   0.50    -5.6845  ramp 49%           2.9s
  [probe] gen=300 score=119.9 net=1.351 fell=1.000
  [plot] Saved fitness curve → experiments/thesis/gradual_transition/seed_04/fitness_curve.png
  300      1930.9      1042.6    0.4358   1.00   0.50    -5.7050  ramp 50%           2.8s
  301      1993.8      1138.6    0.4356   1.00   0.50    -5.7255  ramp 50%           2.8s
  302      1970.1       895.7    0.4354   1.00   0.50    -5.7461  ramp 50%           2.3s
  303      1930.8      1236.7    0.4352   1.00   0.50    -5.7666  ramp 50%           3.1s
  304      1867.3      1173.4    0.4352   1.00   0.50    -5.7871  ramp 51%           2.7s
  305      2049.4      1255.4    0.4354   1.00   0.50    -5.8076  ramp 51%           3.1s
  306      2002.4      1162.4    0.4356   1.00   0.50    -5.8282  ramp 51%           2.8s
  307      2099.5      1124.4    0.4359   1.00   0.50    -5.8487  ramp 51%           2.5s
  308      2059.5      1273.6    0.4363   1.00   0.50    -5.8692  ramp 52%           2.8s
  309      1983.1      1056.5    0.4366   1.00   0.50    -5.8897  ramp 52%           2.5s
  [probe] gen=310 score=171.0 net=1.586 fell=1.000
  310      1999.2      1043.2    0.4370   1.00   0.50    -5.9103  ramp 52%           2.7s
  311      1818.6       967.9    0.4375   1.00   0.50    -5.9308  ramp 52%           2.5s
  312      1965.4      1229.2    0.4379   1.00   0.50    -5.9513  ramp 53%           3.0s
  313      1944.1      1187.0    0.4379   1.00   0.50    -5.9718  ramp 53%           2.7s
  314      2063.5      1159.4    0.4379   1.00   0.50    -5.9924  ramp 53%           2.9s
  315      2071.6      1167.7    0.4381   1.00   0.50    -6.0129  ramp 53%           2.8s
  316      2084.6      1115.9    0.4382   1.00   0.50    -6.0334  ramp 54%           2.8s
  317      1921.7      1081.8    0.4383   1.00   0.50    -6.0539  ramp 54%           2.6s
  318      1892.8      1299.3    0.4384   1.00   0.50    -6.0745  ramp 54%           3.0s
  319      2060.2      1195.1    0.4386   1.00   0.50    -6.0950  ramp 54%           2.9s
  [probe] gen=320 score=185.5 net=1.630 fell=1.000
  320      1925.4      1342.4    0.4389   1.00   0.50    -6.1155  ramp 55%           3.3s
  321      1969.0      1288.6    0.4392   1.00   0.50    -6.1360  ramp 55%           2.9s
  322      1987.8      1114.3    0.4394   1.00   0.50    -6.1566  ramp 55%           2.7s
  323      2171.2      1205.1    0.4396   1.00   0.50    -6.1771  ramp 55%           2.6s
  324      2147.8      1009.6    0.4398   1.00   0.50    -6.1976  ramp 56%           2.4s
  [plot] Saved fitness curve → experiments/thesis/gradual_transition/seed_04/fitness_curve.png
  325      2052.2      1029.0    0.4401   1.00   0.50    -6.2181  ramp 56%           2.5s
  326      2061.5      1042.2    0.4404   1.00   0.50    -6.2386  ramp 56%           2.5s
  327      1880.5      1181.4    0.4407   1.00   0.50    -6.2592  ramp 56%           2.7s
  328      2031.9      1377.7    0.4409   1.00   0.50    -6.2797  ramp 56%           3.2s
  329      1837.1      1150.1    0.4412   1.00   0.50    -6.3002  ramp 57%           2.6s
  [probe] gen=330 score=167.1 net=1.551 fell=1.000
  330      2143.9      1231.9    0.4415   1.00   0.50    -6.3208  ramp 57%           3.1s
  331      2002.2      1237.6    0.4417   1.00   0.50    -6.3413  ramp 57%           2.9s
  332      2117.8      1148.8    0.4420   1.00   0.50    -6.3618  ramp 57%           2.8s
  333      1971.0      1140.7    0.4420   1.00   0.50    -6.3823  ramp 58%           2.6s
  334      2045.7      1083.4    0.4421   1.00   0.50    -6.4029  ramp 58%           2.5s
  335      2140.1      1214.4    0.4424   1.00   0.50    -6.4234  ramp 58%           2.8s
  336      2034.1      1192.9    0.4426   1.00   0.50    -6.4439  ramp 59%           2.7s
  337      2011.4      1047.0    0.4427   1.00   0.50    -6.4644  ramp 59%           2.5s
  338      1985.1      1215.7    0.4429   1.00   0.50    -6.4849  ramp 59%           2.8s
  339      1978.9      1161.9    0.4430   1.00   0.50    -6.5055  ramp 59%           2.7s
  [probe] gen=340 score=151.7 net=1.505 fell=1.000
  340      2066.1      1093.4    0.4431   1.00   0.50    -6.5260  ramp 60%           2.6s
  341      2080.1      1421.9    0.4433   1.00   0.50    -6.5465  ramp 60%           3.1s
  342      1892.4      1062.1    0.4435   1.00   0.50    -6.5671  ramp 60%           2.4s
  343      1927.8      1200.2    0.4434   1.00   0.50    -6.5876  ramp 60%           2.8s
  344      1946.2      1135.5    0.4435   1.00   0.50    -6.6081  ramp 61%           2.6s
  345      2000.9      1193.6    0.4436   1.00   0.50    -6.6286  ramp 61%           3.0s
  346      1905.2      1119.9    0.4437   1.00   0.50    -6.6492  ramp 61%           2.7s
  347      2081.8      1228.4    0.4439   1.00   0.50    -6.6697  ramp 61%           2.8s
  348      1878.4      1099.4    0.4440   1.00   0.50    -6.6902  ramp 62%           2.9s
  349      1928.4      1106.0    0.4439   1.00   0.50    -6.7107  ramp 62%           2.7s
  [probe] gen=350 score=197.9 net=1.681 fell=1.000
  [plot] Saved fitness curve → experiments/thesis/gradual_transition/seed_04/fitness_curve.png
  350      2137.0      1375.1    0.4439   1.00   0.50    -6.7313  ramp 62%           3.2s
  351      1978.0      1201.4    0.4436   1.00   0.50    -6.7518  ramp 62%           2.9s
  352      1979.9      1346.1    0.4434   1.00   0.50    -6.7723  ramp 63%           3.1s
  353      1991.5       948.0    0.4432   1.00   0.50    -6.7928  ramp 63%           2.4s
  354      2052.3      1045.5    0.4429   1.00   0.50    -6.8134  ramp 63%           2.7s
  355      1872.7      1122.8    0.4427   1.00   0.50    -6.8339  ramp 63%           2.9s
  356      2044.3      1107.5    0.4424   1.00   0.50    -6.8544  ramp 64%           2.5s
  357      1915.3      1119.3    0.4422   1.00   0.50    -6.8749  ramp 64%           2.7s
  358      1840.5      1232.0    0.4420   1.00   0.50    -6.8955  ramp 64%           2.9s
  359      1924.2      1258.4    0.4421   1.00   0.50    -6.9160  ramp 64%           3.1s
  [probe] gen=360 score=196.1 net=1.647 fell=1.000
  360      1884.2      1155.5    0.4423   1.00   0.50    -6.9365  ramp 65%           2.9s
  361      1863.7      1105.2    0.4422   1.00   0.50    -6.9570  ramp 65%           2.8s
  362      2016.3      1160.5    0.4424   1.00   0.50    -6.9776  ramp 65%           2.9s
  363      1948.5      1018.6    0.4423   1.00   0.50    -6.9981  ramp 65%           2.6s
  364      1891.5      1023.1    0.4422   1.00   0.50    -7.0186  ramp 66%           3.0s
  365      1823.8      1010.2    0.4420   1.00   0.50    -7.0391  ramp 66%           2.8s
  366      1856.5      1189.5    0.4417   1.00   0.50    -7.0597  ramp 66%           3.0s
  367      1906.9       956.9    0.4414   1.00   0.50    -7.0802  ramp 66%           2.5s
  368      1854.7       998.0    0.4412   1.00   0.50    -7.1007  ramp 67%           2.7s
  369      1921.8      1021.9    0.4411   1.00   0.50    -7.1212  ramp 67%           2.9s
  [probe] gen=370 score=210.5 net=1.718 fell=1.000
  370      1876.7       932.5    0.4410   1.00   0.50    -7.1418  ramp 67%           2.7s
  371      1829.4      1040.7    0.4409   1.00   0.50    -7.1623  ramp 67%           2.5s
  372      1929.2       835.9    0.4407   1.00   0.50    -7.1828  ramp 68%           2.3s
  373      1969.7       941.4    0.4407   1.00   0.50    -7.2033  ramp 68%           2.5s
  374      2047.3      1139.6    0.4406   1.00   0.50    -7.2239  ramp 68%           2.8s
  [plot] Saved fitness curve → experiments/thesis/gradual_transition/seed_04/fitness_curve.png
  375      1894.1       918.5    0.4406   1.00   0.50    -7.2444  ramp 68%           2.4s
  376      1897.0      1089.6    0.4407   1.00   0.50    -7.2649  ramp 69%           2.6s
  377      2071.3       993.1    0.4407   1.00   0.50    -7.2854  ramp 69%           2.4s
  378      1830.1      1098.2    0.4406   1.00   0.50    -7.3060  ramp 69%           3.0s
  379      2055.3      1247.6    0.4405   1.00   0.50    -7.3265  ramp 69%           2.9s
  [probe] gen=380 score=181.6 net=1.623 fell=1.000
  380      1927.3      1036.7    0.4405   1.00   0.50    -7.3470  ramp 70%           2.5s
  381      1912.3      1182.9    0.4405   1.00   0.50    -7.3675  ramp 70%           3.0s
  382      1809.9      1058.1    0.4405   1.00   0.50    -7.3880  ramp 70%           2.6s
  383      1956.2      1263.6    0.4407   1.00   0.50    -7.4086  ramp 70%           2.9s
  384      2023.0      1117.4    0.4407   1.00   0.50    -7.4291  ramp 71%           2.7s
  385      1999.4      1150.0    0.4407   1.00   0.50    -7.4496  ramp 71%           2.6s
  386      2102.6      1037.6    0.4411   1.00   0.50    -7.4702  ramp 71%           2.5s
  387      1854.9      1000.4    0.4414   1.00   0.50    -7.4907  ramp 71%           2.5s
  388      1858.6      1181.9    0.4420   1.00   0.50    -7.5112  ramp 72%           2.8s
  389      1904.3      1001.7    0.4426   1.00   0.50    -7.5317  ramp 72%           2.7s
  [probe] gen=390 score=194.9 net=1.678 fell=1.000
  390      1828.8      1042.5    0.4433   1.00   0.50    -7.5523  ramp 72%           2.7s
  391      1913.9       939.1    0.4440   1.00   0.50    -7.5728  ramp 72%           2.4s
  392      1989.8      1059.5    0.4446   1.00   0.50    -7.5933  ramp 73%           2.8s
  393      1981.8      1045.9    0.4452   1.00   0.50    -7.6138  ramp 73%           2.8s
  394      1990.2       995.5    0.4456   1.00   0.50    -7.6344  ramp 73%           2.8s
  395      2032.3      1118.4    0.4458   1.00   0.50    -7.6549  ramp 73%           2.8s
  396      1854.6      1013.1    0.4459   1.00   0.50    -7.6754  ramp 74%           2.8s
  397      2068.1      1033.4    0.4460   1.00   0.50    -7.6959  ramp 74%           3.0s
  398      1900.5       845.0    0.4461   1.00   0.50    -7.7165  ramp 74%           2.3s
  399      1850.8       970.4    0.4463   1.00   0.50    -7.7370  ramp 74%           2.7s
  [probe] gen=400 score=194.5 net=1.667 fell=1.000
  [plot] Saved fitness curve → experiments/thesis/gradual_transition/seed_04/fitness_curve.png
  400      1951.3       970.1    0.4466   1.00   0.50    -7.7575  ramp 75%           2.6s
  401      1978.1      1005.8    0.4469   1.00   0.50    -7.7780  ramp 75%           2.6s
  402      1853.9       914.1    0.4473   1.00   0.50    -7.7986  ramp 75%           2.7s
  403      1824.5       936.6    0.4478   1.00   0.50    -7.8191  ramp 75%           3.0s
  404      1723.6       927.0    0.4485   1.00   0.50    -7.8396  ramp 76%           2.5s
  405      1733.2       970.3    0.4492   1.00   0.50    -7.8601  ramp 76%           2.6s
  406      1681.5       983.5    0.4498   1.00   0.50    -7.8807  ramp 76%           2.7s
  407      1894.1      1037.2    0.4504   1.00   0.50    -7.9012  ramp 76%           2.6s
  408      1848.3      1125.9    0.4510   1.00   0.50    -7.9217  ramp 77%           2.8s
  409      1926.7      1115.3    0.4516   1.00   0.50    -7.9422  ramp 77%           2.9s
  [probe] gen=410 score=197.0 net=1.667 fell=1.000
  410      1907.0       958.3    0.4522   1.00   0.50    -7.9628  ramp 77%           2.4s
  411      1737.1       903.4    0.4527   1.00   0.50    -7.9833  ramp 77%           2.4s
  412      1695.7       943.1    0.4533   1.00   0.50    -8.0038  ramp 78%           2.7s
  413      1722.6       913.4    0.4537   1.00   0.50    -8.0243  ramp 78%           2.6s
  414      1856.2       910.7    0.4543   1.00   0.50    -8.0449  ramp 78%           2.9s
  415      1812.2       925.0    0.4547   1.00   0.50    -8.0654  ramp 78%           2.7s
  416      1738.7       764.1    0.4549   1.00   0.50    -8.0859  ramp 79%           2.3s
  417      1615.6       896.8    0.4552   1.00   0.50    -8.1064  ramp 79%           2.6s
  418      1799.3       979.2    0.4553   1.00   0.50    -8.1270  ramp 79%           2.7s
  419      1883.6      1092.4    0.4554   1.00   0.50    -8.1475  ramp 79%           3.0s
  [probe] gen=420 score=906.0 net=4.648 fell=1.000 [new best earth]
  420      1759.5      1062.6    0.4555   1.00   0.50    -8.1680  ramp 80%           2.9s
  421      1966.9      1016.5    0.4555   1.00   0.50    -8.1885  ramp 80%           2.7s
  422      2106.4       910.6    0.4557   1.00   0.50    -8.2091  ramp 80%           2.3s
  423      1715.0       964.5    0.4560   1.00   0.50    -8.2296  ramp 80%           2.4s
  424      1757.0       778.8    0.4562   1.00   0.50    -8.2501  ramp 81%           2.1s
  [plot] Saved fitness curve → experiments/thesis/gradual_transition/seed_04/fitness_curve.png
  425      1818.7       873.9    0.4566   1.00   0.50    -8.2706  ramp 81%           2.6s
  426      1806.9       812.4    0.4570   1.00   0.50    -8.2912  ramp 81%           2.5s
  427      1677.0       947.6    0.4572   1.00   0.50    -8.3117  ramp 81%           2.4s
  428      1925.6       880.8    0.4573   1.00   0.50    -8.3322  ramp 82%           2.7s
  429      1650.4       872.7    0.4573   1.00   0.50    -8.3527  ramp 82%           2.4s
  [probe] gen=430 score=302.0 net=2.107 fell=1.000
  430      1874.3       826.0    0.4571   1.00   0.50    -8.3733  ramp 82%           2.5s
  431      1872.2       990.3    0.4570   1.00   0.50    -8.3938  ramp 82%           3.0s
  432      1878.1       854.1    0.4569   1.00   0.50    -8.4143  ramp 83%           2.6s
  433      1794.2       928.6    0.4568   1.00   0.50    -8.4348  ramp 83%           2.4s
  434      1782.5       814.0    0.4567   1.00   0.50    -8.4554  ramp 83%           2.3s
  435      1856.9      1047.1    0.4565   1.00   0.50    -8.4759  ramp 83%           2.8s
  436      1781.2       918.8    0.4564   1.00   0.50    -8.4964  ramp 84%           2.5s
  437      1940.6       917.3    0.4561   1.00   0.50    -8.5169  ramp 84%           2.4s
  438      1745.9       898.3    0.4561   1.00   0.50    -8.5374  ramp 84%           2.6s
  439      1947.5       854.0    0.4558   1.00   0.50    -8.5580  ramp 84%           2.6s
  [probe] gen=440 score=919.7 net=4.742 fell=1.000 [new best earth]
  440      1640.6       815.2    0.4556   1.00   0.50    -8.5785  ramp 85%           2.9s
  441      1875.7       848.4    0.4554   1.00   0.50    -8.5990  ramp 85%           2.5s
  442      1772.3       837.8    0.4551   1.00   0.50    -8.6196  ramp 85%           2.3s
  443      1839.0       869.7    0.4549   1.00   0.50    -8.6401  ramp 85%           2.5s
  444      1655.3       851.7    0.4546   1.00   0.50    -8.6606  ramp 86%           2.6s
  445      1847.0       753.6    0.4543   1.00   0.50    -8.6811  ramp 86%           2.3s
  446      1756.9       739.2    0.4539   1.00   0.50    -8.7017  ramp 86%           2.2s
  447      1781.6       827.9    0.4536   1.00   0.50    -8.7222  ramp 86%           2.6s
  448      1736.3      1012.6    0.4534   1.00   0.50    -8.7427  ramp 87%           3.0s
  449      1892.2       975.5    0.4532   1.00   0.50    -8.7632  ramp 87%           2.9s
  [probe] gen=450 score=274.8 net=1.975 fell=1.000
  [plot] Saved fitness curve → experiments/thesis/gradual_transition/seed_04/fitness_curve.png
  450      1773.2       920.8    0.4532   1.00   0.50    -8.7838  ramp 87%           2.9s
  451      1793.9       913.9    0.4531   1.00   0.50    -8.8043  ramp 87%           2.5s
  452      1906.0      1041.1    0.4530   1.00   0.50    -8.8248  ramp 88%           2.7s
  453      1744.3       963.2    0.4529   1.00   0.50    -8.8453  ramp 88%           2.6s
  454      1857.0       989.5    0.4527   1.00   0.50    -8.8659  ramp 88%           3.0s
  455      1634.6       884.0    0.4525   1.00   0.50    -8.8864  ramp 88%           2.5s
  456      1923.9       865.4    0.4524   1.00   0.50    -8.9069  ramp 89%           2.7s
  457      1713.2       939.7    0.4524   1.00   0.50    -8.9274  ramp 89%           2.7s
  458      1726.5       911.1    0.4524   1.00   0.50    -8.9480  ramp 89%           2.5s
  459      1873.7       870.4    0.4525   1.00   0.50    -8.9685  ramp 89%           2.6s
  [probe] gen=460 score=1196.2 net=5.990 fell=0.600 [new best earth]
  460      1780.6       968.1    0.4525   1.00   0.50    -8.9890  ramp 90%           2.7s
  461      1854.5      1062.5    0.4526   1.00   0.50    -9.0095  ramp 90%           2.8s
  462      1676.8       681.3    0.4527   1.00   0.50    -9.0301  ramp 90%           2.1s
  463      1791.7       926.4    0.4528   1.00   0.50    -9.0506  ramp 90%           2.8s
  464      1768.3       785.0    0.4527   1.00   0.50    -9.0711  ramp 91%           2.4s
  465      2095.9       985.0    0.4527   1.00   0.50    -9.0916  ramp 91%           2.8s
  466      1778.9       945.5    0.4528   1.00   0.50    -9.1122  ramp 91%           2.5s
  467      1709.4       809.6    0.4527   1.00   0.50    -9.1327  ramp 91%           2.4s
  468      1978.3       913.9    0.4524   1.00   0.50    -9.1532  ramp 92%           2.6s
  469      1746.0       798.6    0.4521   1.00   0.50    -9.1737  ramp 92%           2.4s
  [probe] gen=470 score=439.4 net=2.744 fell=1.000
  470      1901.1       944.6    0.4518   1.00   0.50    -9.1943  ramp 92%           2.7s
  471      1894.0       875.7    0.4515   1.00   0.50    -9.2148  ramp 92%           2.5s
  472      1759.1       750.5    0.4513   1.00   0.50    -9.2353  ramp 93%           2.3s
  473      1864.3       845.3    0.4512   1.00   0.50    -9.2558  ramp 93%           2.5s
  474      1801.1       747.3    0.4511   1.00   0.50    -9.2764  ramp 93%           2.3s
  [plot] Saved fitness curve → experiments/thesis/gradual_transition/seed_04/fitness_curve.png
  475      1641.9       801.3    0.4510   1.00   0.50    -9.2969  ramp 93%           2.2s
  476      1832.1       828.7    0.4508   1.00   0.50    -9.3174  ramp 94%           2.5s
  477      1716.6       786.3    0.4507   1.00   0.50    -9.3379  ramp 94%           2.5s
  478      1755.0       849.7    0.4504   1.00   0.50    -9.3585  ramp 94%           2.5s
  479      1742.5       767.0    0.4501   1.00   0.50    -9.3790  ramp 94%           2.4s
  [probe] gen=480 score=1679.5 net=7.958 fell=0.100 [new best earth]
  480      1676.2       654.4    0.4499   1.00   0.50    -9.3995  ramp 95%           1.9s
  481      1736.1       724.0    0.4496   1.00   0.50    -9.4200  ramp 95%           2.1s
  482      1725.0       884.0    0.4492   1.00   0.50    -9.4405  ramp 95%           2.6s
  483      1968.5       801.7    0.4489   1.00   0.50    -9.4611  ramp 95%           2.3s
  484      1661.2       757.6    0.4484   1.00   0.50    -9.4816  ramp 96%           2.3s
  485      1675.4       719.9    0.4480   1.00   0.50    -9.5021  ramp 96%           2.4s
  486      1789.8       736.2    0.4476   1.00   0.50    -9.5227  ramp 96%           2.4s
  487      1601.7       817.3    0.4473   1.00   0.50    -9.5432  ramp 96%           2.5s
  488      1398.2       698.0    0.4470   1.00   0.50    -9.5637  ramp 97%           2.0s
  489      1643.4       877.8    0.4467   1.00   0.50    -9.5842  ramp 97%           2.5s
  [probe] gen=490 score=933.3 net=5.076 fell=0.900
  490      1781.0       784.8    0.4465   1.00   0.50    -9.6048  ramp 97%           2.4s
  491      1632.8       717.4    0.4464   1.00   0.50    -9.6253  ramp 97%           2.2s
  492      1634.1       827.7    0.4461   1.00   0.50    -9.6458  ramp 98%           2.5s
  493      1473.6       660.0    0.4457   1.00   0.50    -9.6663  ramp 98%           2.0s
  494      1703.6       749.5    0.4454   1.00   0.50    -9.6868  ramp 98%           2.4s
  495      1793.6       779.9    0.4453   1.00   0.50    -9.7074  ramp 98%           2.4s
  496      1670.9       782.8    0.4452   1.00   0.50    -9.7279  ramp 99%           2.3s
  497      1615.7       752.6    0.4451   1.00   0.50    -9.7484  ramp 99%           2.2s
  498      1519.6       671.7    0.4452   1.00   0.50    -9.7690  ramp 99%           2.1s
  499      1728.8       834.5    0.4451   1.00   0.50    -9.7895  ramp 99%           2.4s
  [plot] Saved fitness curve → experiments/thesis/gradual_transition/seed_04/fitness_curve.png

Training complete. Best fitness: 2171.2
Best params → experiments/thesis/gradual_transition/seed_04/checkpoints/best_params.npy
Fitness curve → experiments/thesis/gradual_transition/seed_04/fitness_curve.png
Eval params  → best_earth_params (earth probe score: 1679.5)
Final Earth scorecard | score=1701.8 net=8.036 fell=0.050
Gravity sweep | gravities=5 mean_net=4.421 worst_net=1.355
  [exp] Wrote experiments/thesis/gradual_transition/seed_04/experiment.json
  [exp] Wrote experiments/thesis/gradual_transition/seed_04/training_log.csv
  [exp] Wrote experiments/thesis/gradual_transition/seed_04/earth_probe.csv
  [exp] Wrote experiments/thesis/gradual_transition/seed_04/gravity_sweep.csv
  [exp] Wrote experiments/thesis/gradual_transition/seed_04/summary.json
