Walker2d-v5 | policy=CPG  params=504
Curriculum   : GradualTransition  gravity -1.6 → -9.81  warmup=20%
Run context | seed=5 arm=gradual_transition run_id=gradual_transition_seed_05

Schedule | penalty_min=0.20 penalty_ramp_gen=200 corr_min=0.00 corr_max=0.50 corr_ramp_gen=200

Starting CMA-ES | pop=40 | sigma0=0.5 | max_gen=500 | workers=8 | seed=5
Checkpoints → experiments/thesis/gradual_transition/seed_05/checkpoints/

  Gen        Best        Mean     Sigma    Pen   Corr    Gravity  Phase              Time
------------------------------------------------------------------------------------
  [probe] gen=0 score=-367.2 net=-0.116 fell=1.000 [new best earth]
  [plot] Saved fitness curve → experiments/thesis/gradual_transition/seed_05/fitness_curve.png
    0       -48.1       -74.3    0.4903   0.20   0.00    -1.6000  warmup             1.5s
    1       -57.0       -74.4    0.4820   0.20   0.00    -1.6000  warmup             0.2s
    2       -47.2       -71.5    0.4745   0.21   0.01    -1.6000  warmup             0.2s
    3       -28.2       -66.8    0.4680   0.21   0.01    -1.6000  warmup             0.3s
    4        56.8       -65.1    0.4622   0.22   0.01    -1.6000  warmup             0.3s
    5       -34.1       -70.3    0.4570   0.22   0.01    -1.6000  warmup             0.3s
    6        34.8       -70.3    0.4522   0.22   0.01    -1.6000  warmup             0.3s
    7       -34.6       -71.9    0.4477   0.23   0.02    -1.6000  warmup             0.3s
    8        13.1       -69.2    0.4434   0.23   0.02    -1.6000  warmup             0.3s
    9       -51.9       -68.5    0.4395   0.24   0.02    -1.6000  warmup             0.4s
  [probe] gen=10 score=-387.2 net=-0.085 fell=1.000
   10       -40.6       -75.9    0.4357   0.24   0.03    -1.6000  warmup             0.3s
   11       -39.6       -75.8    0.4324   0.24   0.03    -1.6000  warmup             0.3s
   12       -21.5       -76.1    0.4293   0.25   0.03    -1.6000  warmup             0.3s
   13       -16.0       -78.2    0.4264   0.25   0.03    -1.6000  warmup             0.3s
   14        -5.4       -73.0    0.4236   0.26   0.04    -1.6000  warmup             0.3s
   15        18.6       -71.2    0.4212   0.26   0.04    -1.6000  warmup             0.3s
   16       -32.7       -78.7    0.4187   0.26   0.04    -1.6000  warmup             0.3s
   17       -10.4       -76.6    0.4164   0.27   0.04    -1.6000  warmup             0.3s
   18        34.1       -75.9    0.4142   0.27   0.04    -1.6000  warmup             0.3s
   19        -0.7       -70.8    0.4123   0.28   0.05    -1.6000  warmup             0.4s
  [probe] gen=20 score=-381.1 net=-0.255 fell=1.000
   20        -2.7       -74.4    0.4105   0.28   0.05    -1.6000  warmup             0.4s
   21        -8.5       -83.2    0.4089   0.28   0.05    -1.6000  warmup             0.3s
   22        46.4       -75.8    0.4074   0.29   0.06    -1.6000  warmup             0.3s
   23         9.3       -70.6    0.4061   0.29   0.06    -1.6000  warmup             0.4s
   24        62.4       -59.6    0.4050   0.30   0.06    -1.6000  warmup             0.4s
  [plot] Saved fitness curve → experiments/thesis/gradual_transition/seed_05/fitness_curve.png
   25        26.1       -73.5    0.4038   0.30   0.06    -1.6000  warmup             0.4s
   26        54.5       -55.7    0.4026   0.30   0.07    -1.6000  warmup             0.5s
   27        90.7       -65.1    0.4017   0.31   0.07    -1.6000  warmup             0.5s
   28        27.3       -75.5    0.4010   0.31   0.07    -1.6000  warmup             0.4s
   29        70.3       -56.6    0.4005   0.32   0.07    -1.6000  warmup             0.5s
  [probe] gen=30 score=-220.8 net=0.009 fell=1.000 [new best earth]
   30        47.5       -54.8    0.4003   0.32   0.07    -1.6000  warmup             0.5s
   31       164.3       -33.7    0.4003   0.32   0.08    -1.6000  warmup             0.5s
   32        33.1       -61.8    0.4004   0.33   0.08    -1.6000  warmup             0.5s
   33        28.8       -48.1    0.4007   0.33   0.08    -1.6000  warmup             0.6s
   34       102.7       -51.0    0.4011   0.34   0.09    -1.6000  warmup             0.5s
   35        52.8       -56.4    0.4014   0.34   0.09    -1.6000  warmup             0.5s
   36       100.7       -30.5    0.4016   0.34   0.09    -1.6000  warmup             0.6s
   37        69.1       -26.8    0.4020   0.35   0.09    -1.6000  warmup             0.6s
   38        82.1       -21.9    0.4023   0.35   0.10    -1.6000  warmup             0.6s
   39        56.3       -30.9    0.4026   0.36   0.10    -1.6000  warmup             0.6s
  [probe] gen=40 score=-141.6 net=0.462 fell=1.000 [new best earth]
   40       145.7       -35.3    0.4029   0.36   0.10    -1.6000  warmup             0.6s
   41        48.3       -33.6    0.4032   0.36   0.10    -1.6000  warmup             0.6s
   42       187.4       -12.1    0.4035   0.37   0.10    -1.6000  warmup             0.7s
   43       127.1       -53.9    0.4036   0.37   0.11    -1.6000  warmup             0.5s
   44       215.9         2.1    0.4037   0.38   0.11    -1.6000  warmup             0.9s
   45       181.3        -9.8    0.4039   0.38   0.11    -1.6000  warmup             0.8s
   46       249.5        15.7    0.4043   0.38   0.12    -1.6000  warmup             0.9s
   47       244.6        12.2    0.4047   0.39   0.12    -1.6000  warmup             1.0s
   48       242.8        34.6    0.4052   0.39   0.12    -1.6000  warmup             1.4s
   49       338.5       107.4    0.4056   0.40   0.12    -1.6000  warmup             1.6s
  [probe] gen=50 score=8.3 net=0.969 fell=1.000 [new best earth]
  [plot] Saved fitness curve → experiments/thesis/gradual_transition/seed_05/fitness_curve.png
   50       286.1        91.9    0.4060   0.40   0.12    -1.6000  warmup             1.5s
   51       312.9       112.0    0.4064   0.40   0.13    -1.6000  warmup             1.8s
   52       294.6       114.8    0.4069   0.41   0.13    -1.6000  warmup             1.9s
   53       298.5        95.5    0.4075   0.41   0.13    -1.6000  warmup             2.2s
   54       299.9       121.9    0.4083   0.42   0.14    -1.6000  warmup             1.9s
   55       327.4       145.4    0.4090   0.42   0.14    -1.6000  warmup             2.2s
   56       336.3        94.6    0.4097   0.42   0.14    -1.6000  warmup             2.0s
   57       317.2       145.2    0.4106   0.43   0.14    -1.6000  warmup             2.0s
   58       308.6       160.9    0.4114   0.43   0.14    -1.6000  warmup             2.2s
   59       312.5       166.2    0.4120   0.44   0.15    -1.6000  warmup             2.2s
  [probe] gen=60 score=-113.5 net=0.236 fell=1.000
   60       328.6       118.6    0.4127   0.44   0.15    -1.6000  warmup             2.3s
   61       351.8       170.2    0.4134   0.44   0.15    -1.6000  warmup             2.4s
   62       338.3       146.5    0.4140   0.45   0.15    -1.6000  warmup             2.6s
   63       310.8       128.5    0.4146   0.45   0.16    -1.6000  warmup             2.6s
   64       327.0       193.2    0.4151   0.46   0.16    -1.6000  warmup             2.7s
   65       344.6       144.4    0.4156   0.46   0.16    -1.6000  warmup             2.4s
   66       341.5       126.0    0.4160   0.46   0.17    -1.6000  warmup             2.8s
   67       379.6       163.8    0.4165   0.47   0.17    -1.6000  warmup             2.4s
   68       347.7       155.4    0.4172   0.47   0.17    -1.6000  warmup             2.9s
   69       370.3       159.5    0.4177   0.48   0.17    -1.6000  warmup             2.8s
  [probe] gen=70 score=-173.4 net=-0.190 fell=1.000
   70       399.4       215.7    0.4183   0.48   0.17    -1.6000  warmup             3.0s
   71       366.8       113.7    0.4189   0.48   0.18    -1.6000  warmup             2.5s
   72       338.7       185.6    0.4195   0.49   0.18    -1.6000  warmup             2.8s
   73       319.2       133.1    0.4199   0.49   0.18    -1.6000  warmup             2.6s
   74       325.5       157.8    0.4204   0.50   0.18    -1.6000  warmup             2.6s
  [plot] Saved fitness curve → experiments/thesis/gradual_transition/seed_05/fitness_curve.png
   75       327.3       181.3    0.4209   0.50   0.19    -1.6000  warmup             2.8s
   76       335.7       146.6    0.4213   0.50   0.19    -1.6000  warmup             2.6s
   77       326.1       161.1    0.4217   0.51   0.19    -1.6000  warmup             2.6s
   78       458.1       206.5    0.4220   0.51   0.20    -1.6000  warmup             2.8s
   79       353.5       180.6    0.4223   0.52   0.20    -1.6000  warmup             2.9s
  [probe] gen=80 score=144.8 net=1.063 fell=1.000 [new best earth]
   80       388.5       137.1    0.4227   0.52   0.20    -1.6000  warmup             2.6s
   81       382.7       174.8    0.4230   0.52   0.20    -1.6000  warmup             2.6s
   82       462.0       155.6    0.4231   0.53   0.20    -1.6000  warmup             2.4s
   83       743.3       241.9    0.4231   0.53   0.21    -1.6000  warmup             2.7s
   84       531.3       202.8    0.4232   0.54   0.21    -1.6000  warmup             2.7s
   85       634.4       174.4    0.4231   0.54   0.21    -1.6000  warmup             2.5s
   86       810.4       212.8    0.4230   0.54   0.21    -1.6000  warmup             2.8s
   87       475.5       195.8    0.4230   0.55   0.22    -1.6000  warmup             2.6s
   88       460.8       142.4    0.4230   0.55   0.22    -1.6000  warmup             2.8s
   89       595.2       163.6    0.4232   0.56   0.22    -1.6000  warmup             2.7s
  [probe] gen=90 score=158.2 net=0.895 fell=0.900 [new best earth]
   90       601.9       235.4    0.4233   0.56   0.23    -1.6000  warmup             2.8s
   91       556.9       239.4    0.4234   0.56   0.23    -1.6000  warmup             2.8s
   92       568.6       168.3    0.4235   0.57   0.23    -1.6000  warmup             2.6s
   93       665.6       186.2    0.4238   0.57   0.23    -1.6000  warmup             2.6s
   94       670.5       203.9    0.4239   0.58   0.23    -1.6000  warmup             2.9s
   95       744.2       249.5    0.4241   0.58   0.24    -1.6000  warmup             2.7s
   96       713.7       238.2    0.4241   0.58   0.24    -1.6000  warmup             2.8s
   97       731.4       217.4    0.4241   0.59   0.24    -1.6000  warmup             2.6s
   98       894.0       305.8    0.4239   0.59   0.24    -1.6000  warmup             2.8s
   99       932.3       315.0    0.4237   0.60   0.25    -1.6000  warmup             2.8s
  [probe] gen=100 score=214.6 net=1.380 fell=0.800 [new best earth]
  [plot] Saved fitness curve → experiments/thesis/gradual_transition/seed_05/fitness_curve.png
  100      1084.9       264.2    0.4234   0.60   0.25    -1.6000  warmup             2.8s
  101       916.3       309.5    0.4232   0.60   0.25    -1.6205  ramp 0%            2.4s
  102       808.2       355.9    0.4228   0.61   0.26    -1.6411  ramp 0%            2.6s
  103      1118.5       311.0    0.4225   0.61   0.26    -1.6616  ramp 0%            2.6s
  104       986.8       316.6    0.4224   0.62   0.26    -1.6821  ramp 1%            2.6s
  105       841.0       376.3    0.4224   0.62   0.26    -1.7026  ramp 1%            2.9s
  106      1107.0       414.2    0.4225   0.62   0.27    -1.7232  ramp 1%            2.9s
  107      1239.2       375.8    0.4228   0.63   0.27    -1.7437  ramp 1%            2.8s
  108       821.9       283.5    0.4232   0.63   0.27    -1.7642  ramp 2%            2.5s
  109       893.5       260.6    0.4235   0.64   0.27    -1.7847  ramp 2%            2.5s
  [probe] gen=110 score=268.2 net=1.872 fell=1.000 [new best earth]
  110       885.1       374.4    0.4237   0.64   0.28    -1.8053  ramp 2%            2.8s
  111      1060.3       363.2    0.4240   0.64   0.28    -1.8258  ramp 2%            2.6s
  112       758.5       350.5    0.4242   0.65   0.28    -1.8463  ramp 3%            2.5s
  113      1109.9       392.5    0.4245   0.65   0.28    -1.8668  ramp 3%            2.8s
  114       861.0       364.3    0.4247   0.66   0.28    -1.8874  ramp 3%            2.7s
  115       918.3       386.2    0.4250   0.66   0.29    -1.9079  ramp 3%            2.7s
  116       870.3       389.2    0.4253   0.66   0.29    -1.9284  ramp 4%            2.6s
  117       976.2       350.4    0.4257   0.67   0.29    -1.9489  ramp 4%            2.5s
  118       936.7       425.4    0.4261   0.67   0.29    -1.9695  ramp 4%            2.8s
  119       971.3       325.5    0.4265   0.68   0.30    -1.9900  ramp 4%            2.5s
  [probe] gen=120 score=355.8 net=2.118 fell=0.900 [new best earth]
  120      1075.8       472.2    0.4270   0.68   0.30    -2.0105  ramp 5%            2.6s
  121       909.4       349.2    0.4271   0.68   0.30    -2.0310  ramp 5%            2.4s
  122       980.8       504.6    0.4271   0.69   0.30    -2.0516  ramp 5%            2.8s
  123      1153.6       508.6    0.4269   0.69   0.31    -2.0721  ramp 5%            2.9s
  124       944.4       512.1    0.4267   0.70   0.31    -2.0926  ramp 6%            2.8s
  [plot] Saved fitness curve → experiments/thesis/gradual_transition/seed_05/fitness_curve.png
  125       968.7       473.4    0.4266   0.70   0.31    -2.1131  ramp 6%            2.8s
  126      1022.6       549.3    0.4265   0.70   0.32    -2.1337  ramp 6%            2.7s
  127      1011.7       480.7    0.4264   0.71   0.32    -2.1542  ramp 6%            2.5s
  128      1084.4       507.9    0.4262   0.71   0.32    -2.1747  ramp 7%            2.5s
  129      1176.7       422.0    0.4260   0.72   0.32    -2.1952  ramp 7%            2.5s
  [probe] gen=130 score=432.3 net=2.796 fell=1.000 [new best earth]
  130      1127.7       566.0    0.4258   0.72   0.33    -2.2157  ramp 7%            2.6s
  131       985.9       458.5    0.4258   0.72   0.33    -2.2363  ramp 7%            2.5s
  132      1022.4       406.9    0.4260   0.73   0.33    -2.2568  ramp 8%            2.5s
  133       983.8       572.1    0.4261   0.73   0.33    -2.2773  ramp 8%            2.7s
  134      1103.2       539.5    0.4262   0.74   0.34    -2.2979  ramp 8%            2.9s
  135       859.3       515.9    0.4263   0.74   0.34    -2.3184  ramp 8%            2.8s
  136      1002.3       534.1    0.4264   0.74   0.34    -2.3389  ramp 9%            2.6s
  137       851.4       456.2    0.4265   0.75   0.34    -2.3594  ramp 9%            2.5s
  138      1023.8       570.9    0.4264   0.75   0.34    -2.3800  ramp 9%            2.8s
  139      1147.4       362.4    0.4264   0.76   0.35    -2.4005  ramp 9%            2.4s
  [probe] gen=140 score=321.4 net=2.148 fell=1.000
  140      1150.2       321.6    0.4266   0.76   0.35    -2.4210  ramp 10%           2.3s
  141       875.8       448.1    0.4267   0.76   0.35    -2.4415  ramp 10%           2.6s
  142       946.7       324.6    0.4267   0.77   0.35    -2.4621  ramp 10%           2.3s
  143       900.5       399.9    0.4269   0.77   0.36    -2.4826  ramp 10%           2.5s
  144       991.2       357.6    0.4270   0.78   0.36    -2.5031  ramp 11%           2.5s
  145      1329.1       403.1    0.4271   0.78   0.36    -2.5236  ramp 11%           2.5s
  146      1001.4       369.4    0.4272   0.78   0.36    -2.5442  ramp 11%           2.5s
  147      1036.3       458.1    0.4274   0.79   0.37    -2.5647  ramp 11%           2.6s
  148      1044.6       445.7    0.4276   0.79   0.37    -2.5852  ramp 12%           2.5s
  149      1012.0       398.3    0.4278   0.80   0.37    -2.6057  ramp 12%           2.4s
  [probe] gen=150 score=410.2 net=2.143 fell=1.000
  [plot] Saved fitness curve → experiments/thesis/gradual_transition/seed_05/fitness_curve.png
  150      1113.0       562.9    0.4277   0.80   0.38    -2.6263  ramp 12%           2.7s
  151      1010.3       454.8    0.4276   0.80   0.38    -2.6468  ramp 12%           2.4s
  152       843.7       415.9    0.4275   0.81   0.38    -2.6673  ramp 13%           2.4s
  153       957.8       484.5    0.4274   0.81   0.38    -2.6878  ramp 13%           2.6s
  154       901.2       429.0    0.4272   0.82   0.39    -2.7084  ramp 13%           2.5s
  155      1037.2       513.9    0.4270   0.82   0.39    -2.7289  ramp 13%           2.6s
  156      1201.9       522.6    0.4270   0.82   0.39    -2.7494  ramp 14%           2.7s
  157       945.0       537.2    0.4269   0.83   0.39    -2.7699  ramp 14%           2.7s
  158       962.8       478.1    0.4268   0.83   0.40    -2.7904  ramp 14%           2.5s
  159      1124.9       501.8    0.4267   0.84   0.40    -2.8110  ramp 14%           2.7s
  [probe] gen=160 score=504.9 net=2.808 fell=0.900 [new best earth]
  160       961.8       496.1    0.4266   0.84   0.40    -2.8315  ramp 15%           2.8s
  161       985.2       503.9    0.4267   0.84   0.40    -2.8520  ramp 15%           2.5s
  162      1237.5       456.4    0.4270   0.85   0.41    -2.8726  ramp 15%           2.8s
  163      1083.3       582.1    0.4271   0.85   0.41    -2.8931  ramp 15%           2.6s
  164      1126.6       424.7    0.4271   0.86   0.41    -2.9136  ramp 16%           2.2s
  165      1281.7       516.8    0.4272   0.86   0.41    -2.9341  ramp 16%           2.3s
  166      1456.4       585.6    0.4272   0.86   0.41    -2.9546  ramp 16%           2.6s
  167      1145.6       501.2    0.4273   0.87   0.42    -2.9752  ramp 16%           2.5s
  168      1378.4       602.5    0.4273   0.87   0.42    -2.9957  ramp 17%           2.4s
  169      1506.7       519.1    0.4273   0.88   0.42    -3.0162  ramp 17%           2.3s
  [probe] gen=170 score=403.4 net=2.575 fell=1.000
  170      1238.8       540.3    0.4272   0.88   0.42    -3.0368  ramp 17%           2.5s
  171      1318.7       525.8    0.4269   0.88   0.43    -3.0573  ramp 17%           2.2s
  172      1193.7       404.0    0.4268   0.89   0.43    -3.0778  ramp 18%           1.9s
  173      1076.5       462.6    0.4266   0.89   0.43    -3.0983  ramp 18%           2.1s
  174      1042.1       501.1    0.4263   0.90   0.43    -3.1189  ramp 18%           2.2s
  [plot] Saved fitness curve → experiments/thesis/gradual_transition/seed_05/fitness_curve.png
  175      1001.2       475.2    0.4260   0.90   0.44    -3.1394  ramp 18%           2.1s
  176      1043.4       506.6    0.4257   0.90   0.44    -3.1599  ramp 19%           2.2s
  177      1143.3       491.4    0.4254   0.91   0.44    -3.1804  ramp 19%           2.2s
  178      1209.4       546.5    0.4252   0.91   0.45    -3.2010  ramp 19%           2.4s
  179      1045.7       596.9    0.4248   0.92   0.45    -3.2215  ramp 19%           2.3s
  [probe] gen=180 score=409.5 net=2.641 fell=1.000
  180      1337.2       567.4    0.4246   0.92   0.45    -3.2420  ramp 20%           2.3s
  181      1570.2       491.5    0.4243   0.92   0.45    -3.2625  ramp 20%           2.0s
  182      1165.8       552.0    0.4240   0.93   0.46    -3.2831  ramp 20%           2.2s
  183      1175.6       598.5    0.4238   0.93   0.46    -3.3036  ramp 20%           2.3s
  184       968.7       563.9    0.4237   0.94   0.46    -3.3241  ramp 21%           2.4s
  185      1203.7       517.3    0.4237   0.94   0.46    -3.3446  ramp 21%           2.1s
  186      1078.0       540.2    0.4237   0.94   0.47    -3.3652  ramp 21%           2.4s
  187      1269.6       541.6    0.4238   0.95   0.47    -3.3857  ramp 21%           2.2s
  188      1454.6       611.3    0.4240   0.95   0.47    -3.4062  ramp 22%           2.5s
  189      1251.5       540.7    0.4241   0.96   0.47    -3.4267  ramp 22%           2.3s
  [probe] gen=190 score=401.5 net=2.517 fell=1.000
  190      1208.4       450.4    0.4243   0.96   0.47    -3.4473  ramp 22%           2.2s
  191      1223.6       534.5    0.4242   0.96   0.48    -3.4678  ramp 22%           2.3s
  192      1002.9       477.4    0.4241   0.97   0.48    -3.4883  ramp 23%           2.1s
  193      1080.3       432.9    0.4241   0.97   0.48    -3.5088  ramp 23%           2.2s
  194      1161.0       506.7    0.4242   0.98   0.48    -3.5293  ramp 23%           2.2s
  195      1010.4       465.9    0.4241   0.98   0.49    -3.5499  ramp 23%           2.2s
  196       795.3       363.8    0.4240   0.98   0.49    -3.5704  ramp 24%           2.2s
  197      1532.2       543.0    0.4240   0.99   0.49    -3.5909  ramp 24%           2.3s
  198      1145.0       516.8    0.4238   0.99   0.49    -3.6115  ramp 24%           2.2s
  199       940.1       596.1    0.4235   1.00   0.50    -3.6320  ramp 24%           2.5s
  [probe] gen=200 score=369.5 net=2.398 fell=1.000
  [plot] Saved fitness curve → experiments/thesis/gradual_transition/seed_05/fitness_curve.png
  200      1117.4       461.9    0.4233   1.00   0.50    -3.6525  ramp 25%           2.2s
  201      1167.6       433.3    0.4231   1.00   0.50    -3.6730  ramp 25%           2.0s
  202      1368.4       570.9    0.4231   1.00   0.50    -3.6936  ramp 25%           2.3s
  203      1445.3       554.0    0.4231   1.00   0.50    -3.7141  ramp 25%           2.3s
  204      1391.9       549.7    0.4229   1.00   0.50    -3.7346  ramp 26%           2.5s
  205      1405.0       517.3    0.4229   1.00   0.50    -3.7551  ramp 26%           2.2s
  206      1110.7       533.5    0.4227   1.00   0.50    -3.7757  ramp 26%           2.3s
  207      1408.1       531.4    0.4225   1.00   0.50    -3.7962  ramp 26%           2.3s
  208      1349.0       526.9    0.4224   1.00   0.50    -3.8167  ramp 27%           2.1s
  209      1570.2       489.3    0.4223   1.00   0.50    -3.8372  ramp 27%           2.2s
  [probe] gen=210 score=657.7 net=4.072 fell=1.000 [new best earth]
  210      1253.9       513.0    0.4220   1.00   0.50    -3.8578  ramp 27%           2.4s
  211      1317.8       462.9    0.4216   1.00   0.50    -3.8783  ramp 27%           2.2s
  212      1080.9       485.4    0.4213   1.00   0.50    -3.8988  ramp 28%           2.4s
  213      1176.1       471.8    0.4210   1.00   0.50    -3.9193  ramp 28%           2.2s
  214      1104.5       492.8    0.4208   1.00   0.50    -3.9399  ramp 28%           2.3s
  215      1581.5       338.9    0.4206   1.00   0.50    -3.9604  ramp 28%           2.1s
  216      1489.9       577.7    0.4204   1.00   0.50    -3.9809  ramp 28%           2.3s
  217      1379.0       574.6    0.4202   1.00   0.50    -4.0014  ramp 29%           2.2s
  218      1269.6       459.8    0.4200   1.00   0.50    -4.0220  ramp 29%           2.0s
  219      1288.4       496.4    0.4198   1.00   0.50    -4.0425  ramp 29%           2.4s
  [probe] gen=220 score=660.7 net=4.045 fell=1.000 [new best earth]
  220      1411.9       539.9    0.4196   1.00   0.50    -4.0630  ramp 30%           2.4s
  221      1443.0       586.4    0.4192   1.00   0.50    -4.0835  ramp 30%           2.4s
  222      1360.7       528.6    0.4187   1.00   0.50    -4.1041  ramp 30%           2.2s
  223      1167.4       440.3    0.4185   1.00   0.50    -4.1246  ramp 30%           2.1s
  224      1714.6       515.2    0.4183   1.00   0.50    -4.1451  ramp 31%           2.1s
  [plot] Saved fitness curve → experiments/thesis/gradual_transition/seed_05/fitness_curve.png
  225      1343.0       575.7    0.4181   1.00   0.50    -4.1656  ramp 31%           2.3s
  226      1304.2       631.0    0.4179   1.00   0.50    -4.1862  ramp 31%           2.3s
  227      1428.2       534.5    0.4178   1.00   0.50    -4.2067  ramp 31%           2.3s
  228      1813.9       580.1    0.4179   1.00   0.50    -4.2272  ramp 32%           2.4s
  229      1445.6       497.6    0.4180   1.00   0.50    -4.2477  ramp 32%           2.4s
  [probe] gen=230 score=788.2 net=4.373 fell=0.900 [new best earth]
  230      1492.2       510.7    0.4179   1.00   0.50    -4.2683  ramp 32%           2.2s
  231      1512.0       582.9    0.4177   1.00   0.50    -4.2888  ramp 32%           2.3s
  232      1472.6       676.5    0.4176   1.00   0.50    -4.3093  ramp 33%           2.4s
  233      1390.7       623.7    0.4176   1.00   0.50    -4.3298  ramp 33%           2.5s
  234      1549.4       611.8    0.4176   1.00   0.50    -4.3504  ramp 33%           2.7s
  235      1215.2       549.4    0.4177   1.00   0.50    -4.3709  ramp 33%           2.4s
  236      1105.6       497.0    0.4176   1.00   0.50    -4.3914  ramp 34%           2.2s
  237      1552.0       590.2    0.4176   1.00   0.50    -4.4119  ramp 34%           2.6s
  238      1391.1       546.4    0.4175   1.00   0.50    -4.4325  ramp 34%           2.3s
  239      1215.9       539.1    0.4175   1.00   0.50    -4.4530  ramp 34%           2.5s
  [probe] gen=240 score=484.8 net=3.092 fell=1.000
  240      1487.4       612.8    0.4174   1.00   0.50    -4.4735  ramp 35%           2.5s
  241      1468.6       641.7    0.4173   1.00   0.50    -4.4940  ramp 35%           2.6s
  242      1488.5       565.8    0.4172   1.00   0.50    -4.5145  ramp 35%           2.5s
  243      1478.7       678.5    0.4171   1.00   0.50    -4.5351  ramp 35%           2.5s
  244      1532.7       610.4    0.4170   1.00   0.50    -4.5556  ramp 36%           2.4s
  245      1436.4       590.4    0.4170   1.00   0.50    -4.5761  ramp 36%           2.4s
  246      1642.2       618.4    0.4170   1.00   0.50    -4.5967  ramp 36%           2.5s
  247      1462.5       601.9    0.4169   1.00   0.50    -4.6172  ramp 36%           2.6s
  248      1527.1       600.3    0.4168   1.00   0.50    -4.6377  ramp 37%           2.6s
  249      1094.7       477.1    0.4166   1.00   0.50    -4.6582  ramp 37%           2.4s
  [probe] gen=250 score=271.8 net=1.967 fell=1.000
  [plot] Saved fitness curve → experiments/thesis/gradual_transition/seed_05/fitness_curve.png
  250      1454.2       574.6    0.4166   1.00   0.50    -4.6788  ramp 37%           2.5s
  251      1388.8       612.6    0.4166   1.00   0.50    -4.6993  ramp 37%           2.5s
  252      1661.6       640.8    0.4165   1.00   0.50    -4.7198  ramp 38%           2.7s
  253      1462.2       558.8    0.4164   1.00   0.50    -4.7403  ramp 38%           2.8s
  254      1360.6       690.3    0.4165   1.00   0.50    -4.7609  ramp 38%           2.8s
  255      1331.2       669.1    0.4164   1.00   0.50    -4.7814  ramp 38%           2.8s
  256      1607.5       610.8    0.4167   1.00   0.50    -4.8019  ramp 39%           2.6s
  257      1570.2       506.7    0.4170   1.00   0.50    -4.8224  ramp 39%           2.3s
  258      1434.0       579.0    0.4174   1.00   0.50    -4.8430  ramp 39%           2.5s
  259      1381.6       650.9    0.4179   1.00   0.50    -4.8635  ramp 39%           2.7s
  [probe] gen=260 score=486.0 net=3.017 fell=1.000
  260      1308.0       582.9    0.4187   1.00   0.50    -4.8840  ramp 40%           2.4s
  261      1263.2       590.1    0.4197   1.00   0.50    -4.9045  ramp 40%           2.3s
  262      1369.5       598.1    0.4205   1.00   0.50    -4.9251  ramp 40%           2.7s
  263      1155.9       602.8    0.4213   1.00   0.50    -4.9456  ramp 40%           2.8s
  264      1595.7       590.3    0.4221   1.00   0.50    -4.9661  ramp 41%           2.7s
  265      1453.7       712.3    0.4228   1.00   0.50    -4.9866  ramp 41%           2.8s
  266      1491.1       637.8    0.4235   1.00   0.50    -5.0072  ramp 41%           2.5s
  267      1598.0       607.9    0.4242   1.00   0.50    -5.0277  ramp 41%           2.5s
  268      1511.9       675.1    0.4247   1.00   0.50    -5.0482  ramp 42%           2.8s
  269      1514.7       701.5    0.4250   1.00   0.50    -5.0687  ramp 42%           2.7s
  [probe] gen=270 score=407.2 net=2.670 fell=1.000
  270      1384.5       647.2    0.4253   1.00   0.50    -5.0892  ramp 42%           2.7s
  271      1665.7       651.4    0.4254   1.00   0.50    -5.1098  ramp 42%           2.5s
  272      1763.4       635.6    0.4256   1.00   0.50    -5.1303  ramp 43%           2.5s
  273      1245.7       530.9    0.4259   1.00   0.50    -5.1508  ramp 43%           2.8s
  274      1381.3       629.5    0.4262   1.00   0.50    -5.1714  ramp 43%           2.9s
  [plot] Saved fitness curve → experiments/thesis/gradual_transition/seed_05/fitness_curve.png
  275      1135.9       577.2    0.4264   1.00   0.50    -5.1919  ramp 43%           2.6s
  276      1552.3       658.4    0.4265   1.00   0.50    -5.2124  ramp 44%           2.5s
  277      1356.9       538.9    0.4265   1.00   0.50    -5.2329  ramp 44%           2.5s
  278      1555.9       721.4    0.4266   1.00   0.50    -5.2535  ramp 44%           2.8s
  279      1327.4       605.6    0.4265   1.00   0.50    -5.2740  ramp 44%           2.6s
  [probe] gen=280 score=971.5 net=5.640 fell=1.000 [new best earth]
  280      1525.8       622.2    0.4266   1.00   0.50    -5.2945  ramp 45%           2.8s
  281      1385.7       659.9    0.4268   1.00   0.50    -5.3150  ramp 45%           2.6s
  282      1350.9       607.8    0.4270   1.00   0.50    -5.3356  ramp 45%           2.5s
  283      1359.1       698.6    0.4272   1.00   0.50    -5.3561  ramp 45%           3.0s
  284      1292.1       580.8    0.4274   1.00   0.50    -5.3766  ramp 46%           2.8s
  285      1520.2       625.4    0.4276   1.00   0.50    -5.3971  ramp 46%           2.8s
  286      1602.1       745.7    0.4279   1.00   0.50    -5.4177  ramp 46%           2.6s
  287      1429.5       689.8    0.4282   1.00   0.50    -5.4382  ramp 46%           2.6s
  288      1631.2       644.3    0.4288   1.00   0.50    -5.4587  ramp 47%           2.7s
  289      1589.5       790.1    0.4293   1.00   0.50    -5.4792  ramp 47%           2.8s
  [probe] gen=290 score=405.8 net=2.601 fell=1.000
  290      1668.0       739.0    0.4299   1.00   0.50    -5.4998  ramp 47%           2.7s
  291      1461.5       768.8    0.4304   1.00   0.50    -5.5203  ramp 47%           2.9s
  292      1483.2       587.8    0.4309   1.00   0.50    -5.5408  ramp 48%           2.7s
  293      1422.5       655.2    0.4313   1.00   0.50    -5.5613  ramp 48%           3.0s
  294      1420.2       669.6    0.4318   1.00   0.50    -5.5819  ramp 48%           2.8s
  295      1379.6       670.1    0.4323   1.00   0.50    -5.6024  ramp 48%           2.7s
  296      1661.0       653.1    0.4329   1.00   0.50    -5.6229  ramp 49%           2.7s
  297      1239.6       629.4    0.4335   1.00   0.50    -5.6434  ramp 49%           2.6s
  298      1440.9       663.2    0.4341   1.00   0.50    -5.6639  ramp 49%           2.7s
  299      1354.1       594.9    0.4345   1.00   0.50    -5.6845  ramp 49%           2.4s
  [probe] gen=300 score=440.7 net=2.944 fell=1.000
  [plot] Saved fitness curve → experiments/thesis/gradual_transition/seed_05/fitness_curve.png
  300      1590.1       548.2    0.4349   1.00   0.50    -5.7050  ramp 50%           2.4s
  301      1635.4       768.4    0.4352   1.00   0.50    -5.7255  ramp 50%           2.8s
  302      1431.7       727.5    0.4356   1.00   0.50    -5.7461  ramp 50%           2.8s
  303      1426.0       609.2    0.4360   1.00   0.50    -5.7666  ramp 50%           2.8s
  304      1483.1       593.9    0.4364   1.00   0.50    -5.7871  ramp 51%           2.7s
  305      1547.6       680.7    0.4369   1.00   0.50    -5.8076  ramp 51%           2.5s
  306      1536.2       745.6    0.4373   1.00   0.50    -5.8282  ramp 51%           2.9s
  307      1464.8       675.7    0.4378   1.00   0.50    -5.8487  ramp 51%           2.8s
  308      1525.6       658.4    0.4382   1.00   0.50    -5.8692  ramp 52%           2.8s
  309      1376.3       618.9    0.4386   1.00   0.50    -5.8897  ramp 52%           2.6s
  [probe] gen=310 score=515.0 net=3.319 fell=1.000
  310      1650.1       627.7    0.4389   1.00   0.50    -5.9103  ramp 52%           2.7s
  311      1476.7       566.0    0.4392   1.00   0.50    -5.9308  ramp 52%           2.4s
  312      1327.6       633.7    0.4394   1.00   0.50    -5.9513  ramp 53%           2.6s
  313      1538.5       816.5    0.4397   1.00   0.50    -5.9718  ramp 53%           3.0s
  314      1515.2       685.2    0.4399   1.00   0.50    -5.9924  ramp 53%           2.8s
  315      1598.1       647.8    0.4402   1.00   0.50    -6.0129  ramp 53%           2.9s
  316      1629.9       770.9    0.4406   1.00   0.50    -6.0334  ramp 54%           3.0s
  317      1482.4       628.0    0.4409   1.00   0.50    -6.0539  ramp 54%           2.7s
  318      1431.5       700.6    0.4413   1.00   0.50    -6.0745  ramp 54%           2.6s
  319      1717.0       688.4    0.4415   1.00   0.50    -6.0950  ramp 54%           2.7s
  [probe] gen=320 score=1615.8 net=8.399 fell=0.400 [new best earth]
  320      1461.4       619.3    0.4419   1.00   0.50    -6.1155  ramp 55%           2.7s
  321      1730.8       580.7    0.4424   1.00   0.50    -6.1360  ramp 55%           2.3s
  322      1393.0       600.8    0.4429   1.00   0.50    -6.1566  ramp 55%           2.6s
  323      1754.0       658.3    0.4434   1.00   0.50    -6.1771  ramp 55%           2.6s
  324      1595.2       515.7    0.4441   1.00   0.50    -6.1976  ramp 56%           2.4s
  [plot] Saved fitness curve → experiments/thesis/gradual_transition/seed_05/fitness_curve.png
  325      1543.6       546.5    0.4446   1.00   0.50    -6.2181  ramp 56%           2.4s
  326      1455.4       528.4    0.4451   1.00   0.50    -6.2386  ramp 56%           2.3s
  327      1443.9       681.9    0.4455   1.00   0.50    -6.2592  ramp 56%           2.7s
  328      1906.1       584.2    0.4460   1.00   0.50    -6.2797  ramp 56%           2.4s
  329      1336.6       670.0    0.4465   1.00   0.50    -6.3002  ramp 57%           2.3s
  [probe] gen=330 score=544.1 net=3.466 fell=1.000
  330      1527.5       663.0    0.4472   1.00   0.50    -6.3208  ramp 57%           2.5s
  331      1631.5       556.8    0.4479   1.00   0.50    -6.3413  ramp 57%           2.1s
  332      1766.6       738.8    0.4485   1.00   0.50    -6.3618  ramp 57%           2.4s
  333      1567.7       658.9    0.4490   1.00   0.50    -6.3823  ramp 58%           2.3s
  334      1890.1       656.6    0.4495   1.00   0.50    -6.4029  ramp 58%           2.5s
  335      1695.4       698.9    0.4501   1.00   0.50    -6.4234  ramp 58%           2.4s
  336      1847.1       584.0    0.4505   1.00   0.50    -6.4439  ramp 59%           2.3s
  337      1589.1       792.7    0.4509   1.00   0.50    -6.4644  ramp 59%           2.5s
  338      1761.8       705.7    0.4514   1.00   0.50    -6.4849  ramp 59%           2.2s
  339      1695.6       709.3    0.4520   1.00   0.50    -6.5055  ramp 59%           2.2s
  [probe] gen=340 score=1495.6 net=7.757 fell=0.500
  340      1720.7       664.6    0.4524   1.00   0.50    -6.5260  ramp 60%           2.0s
  341      1935.8       731.1    0.4528   1.00   0.50    -6.5465  ramp 60%           2.3s
  342      1704.1       636.3    0.4534   1.00   0.50    -6.5671  ramp 60%           2.2s
  343      1608.3       674.7    0.4540   1.00   0.50    -6.5876  ramp 60%           2.0s
  344      1607.2       625.8    0.4545   1.00   0.50    -6.6081  ramp 61%           1.8s
  345      1565.9       592.4    0.4548   1.00   0.50    -6.6286  ramp 61%           2.1s
  346      1745.6       649.7    0.4551   1.00   0.50    -6.6492  ramp 61%           2.2s
  347      1843.3       641.2    0.4555   1.00   0.50    -6.6697  ramp 61%           2.0s
  348      1716.5       574.4    0.4558   1.00   0.50    -6.6902  ramp 62%           2.2s
  349      1827.8       659.1    0.4561   1.00   0.50    -6.7107  ramp 62%           2.2s
  [probe] gen=350 score=1502.6 net=7.908 fell=1.000
  [plot] Saved fitness curve → experiments/thesis/gradual_transition/seed_05/fitness_curve.png
  350      1612.3       712.2    0.4564   1.00   0.50    -6.7313  ramp 62%           2.2s
  351      1725.8       599.6    0.4567   1.00   0.50    -6.7518  ramp 62%           2.0s
  352      1569.8       626.1    0.4572   1.00   0.50    -6.7723  ramp 63%           1.9s
  353      1754.4       572.1    0.4578   1.00   0.50    -6.7928  ramp 63%           2.0s
  354      1753.5       609.4    0.4583   1.00   0.50    -6.8134  ramp 63%           2.0s
  355      1630.4       731.1    0.4587   1.00   0.50    -6.8339  ramp 63%           2.4s
  356      1681.3       794.7    0.4589   1.00   0.50    -6.8544  ramp 64%           2.4s
  357      1584.3       707.3    0.4592   1.00   0.50    -6.8749  ramp 64%           2.3s
  358      1424.4       624.0    0.4595   1.00   0.50    -6.8955  ramp 64%           2.0s
  359      1785.4       747.9    0.4597   1.00   0.50    -6.9160  ramp 64%           2.2s
  [probe] gen=360 score=349.1 net=2.479 fell=1.000
  360      1557.8       626.4    0.4600   1.00   0.50    -6.9365  ramp 65%           2.1s
  361      1670.5       542.9    0.4601   1.00   0.50    -6.9570  ramp 65%           2.0s
  362      1621.0       577.2    0.4604   1.00   0.50    -6.9776  ramp 65%           1.9s
  363      1789.2       708.0    0.4606   1.00   0.50    -6.9981  ramp 65%           2.4s
  364      1596.5       578.3    0.4607   1.00   0.50    -7.0186  ramp 66%           2.3s
  365      1834.0       690.7    0.4606   1.00   0.50    -7.0391  ramp 66%           2.3s
  366      1663.2       679.9    0.4605   1.00   0.50    -7.0597  ramp 66%           2.0s
  367      1906.7       714.3    0.4603   1.00   0.50    -7.0802  ramp 66%           2.4s
  368      2038.2       592.6    0.4603   1.00   0.50    -7.1007  ramp 67%           2.1s
  369      1636.8       634.8    0.4603   1.00   0.50    -7.1212  ramp 67%           2.2s
  [probe] gen=370 score=506.5 net=3.312 fell=1.000
  370      1443.5       517.2    0.4602   1.00   0.50    -7.1418  ramp 67%           2.1s
  371      1949.4       781.9    0.4599   1.00   0.50    -7.1623  ramp 67%           2.3s
  372      1516.7       611.7    0.4597   1.00   0.50    -7.1828  ramp 68%           1.7s
  373      1689.6       689.9    0.4594   1.00   0.50    -7.2033  ramp 68%           2.1s
  374      1836.0       611.7    0.4593   1.00   0.50    -7.2239  ramp 68%           2.1s
  [plot] Saved fitness curve → experiments/thesis/gradual_transition/seed_05/fitness_curve.png
  375      1942.6       547.4    0.4591   1.00   0.50    -7.2444  ramp 68%           1.9s
  376      1915.5       730.3    0.4591   1.00   0.50    -7.2649  ramp 69%           2.1s
  377      1860.1       651.6    0.4589   1.00   0.50    -7.2854  ramp 69%           2.1s
  378      1547.3       494.8    0.4585   1.00   0.50    -7.3060  ramp 69%           2.2s
  379      1722.0       530.4    0.4584   1.00   0.50    -7.3265  ramp 69%           2.0s
  [probe] gen=380 score=459.7 net=2.971 fell=1.000
  380      2027.3       623.8    0.4580   1.00   0.50    -7.3470  ramp 70%           2.1s
  381      1637.6       476.4    0.4578   1.00   0.50    -7.3675  ramp 70%           1.8s
  382      1749.7       674.3    0.4577   1.00   0.50    -7.3880  ramp 70%           2.3s
  383      1945.1       627.7    0.4578   1.00   0.50    -7.4086  ramp 70%           2.1s
  384      1886.0       710.2    0.4579   1.00   0.50    -7.4291  ramp 71%           2.2s
  385      1831.8       665.1    0.4579   1.00   0.50    -7.4496  ramp 71%           2.0s
  386      1723.0       574.9    0.4576   1.00   0.50    -7.4702  ramp 71%           1.9s
  387      1928.3       598.5    0.4572   1.00   0.50    -7.4907  ramp 71%           2.1s
  388      1718.1       678.1    0.4568   1.00   0.50    -7.5112  ramp 72%           2.3s
  389      1916.2       786.7    0.4562   1.00   0.50    -7.5317  ramp 72%           2.3s
  [probe] gen=390 score=815.8 net=4.641 fell=0.800
  390      1806.2       616.9    0.4557   1.00   0.50    -7.5523  ramp 72%           2.3s
  391      1931.1       700.3    0.4553   1.00   0.50    -7.5728  ramp 72%           2.0s
  392      1934.8       661.1    0.4547   1.00   0.50    -7.5933  ramp 73%           1.9s
  393      1810.0       686.3    0.4540   1.00   0.50    -7.6138  ramp 73%           2.2s
  394      1866.8       560.0    0.4533   1.00   0.50    -7.6344  ramp 73%           2.0s
  395      1810.6       677.1    0.4525   1.00   0.50    -7.6549  ramp 73%           2.1s
  396      1905.3       631.2    0.4515   1.00   0.50    -7.6754  ramp 74%           2.0s
  397      1752.2       644.9    0.4507   1.00   0.50    -7.6959  ramp 74%           2.0s
  398      1779.4       707.6    0.4500   1.00   0.50    -7.7165  ramp 74%           2.1s
  399      1765.2       714.3    0.4494   1.00   0.50    -7.7370  ramp 74%           2.1s
  [probe] gen=400 score=1108.9 net=6.226 fell=0.900
  [plot] Saved fitness curve → experiments/thesis/gradual_transition/seed_05/fitness_curve.png
  400      1851.7       641.4    0.4486   1.00   0.50    -7.7575  ramp 75%           2.1s
  401      1805.3       652.7    0.4481   1.00   0.50    -7.7780  ramp 75%           2.0s
  402      1754.7       767.0    0.4475   1.00   0.50    -7.7986  ramp 75%           2.2s
  403      1821.1       625.3    0.4471   1.00   0.50    -7.8191  ramp 75%           2.2s
  404      1961.6       770.2    0.4467   1.00   0.50    -7.8396  ramp 76%           2.2s
  405      1766.9       540.4    0.4463   1.00   0.50    -7.8601  ramp 76%           2.2s
  406      1773.5       524.5    0.4459   1.00   0.50    -7.8807  ramp 76%           1.9s
  407      1661.2       592.1    0.4457   1.00   0.50    -7.9012  ramp 76%           2.1s
  408      1607.4       485.0    0.4454   1.00   0.50    -7.9217  ramp 77%           1.8s
  409      1733.4       816.0    0.4452   1.00   0.50    -7.9422  ramp 77%           2.4s
  [probe] gen=410 score=653.8 net=4.082 fell=1.000
  410      1915.5       691.6    0.4452   1.00   0.50    -7.9628  ramp 77%           2.4s
  411      1760.6       600.5    0.4453   1.00   0.50    -7.9833  ramp 77%           2.0s
  412      1741.1       677.1    0.4453   1.00   0.50    -8.0038  ramp 78%           2.1s
  413      2034.5       814.8    0.4453   1.00   0.50    -8.0243  ramp 78%           2.5s
  414      1848.4       821.4    0.4452   1.00   0.50    -8.0449  ramp 78%           2.4s
  415      1847.0       643.2    0.4452   1.00   0.50    -8.0654  ramp 78%           2.2s
  416      1887.2       661.8    0.4451   1.00   0.50    -8.0859  ramp 79%           2.1s
  417      1706.8       718.1    0.4451   1.00   0.50    -8.1064  ramp 79%           2.2s
  418      1903.9       650.1    0.4452   1.00   0.50    -8.1270  ramp 79%           2.2s
  419      1823.3       717.3    0.4454   1.00   0.50    -8.1475  ramp 79%           2.1s
  [probe] gen=420 score=441.5 net=2.920 fell=1.000
  420      1809.0       598.5    0.4455   1.00   0.50    -8.1680  ramp 80%           1.9s
  421      1687.6       642.5    0.4454   1.00   0.50    -8.1885  ramp 80%           1.8s
  422      1719.1       711.1    0.4453   1.00   0.50    -8.2091  ramp 80%           2.1s
  423      1774.0       673.6    0.4449   1.00   0.50    -8.2296  ramp 80%           2.4s
  424      1822.2       654.9    0.4446   1.00   0.50    -8.2501  ramp 81%           2.1s
  [plot] Saved fitness curve → experiments/thesis/gradual_transition/seed_05/fitness_curve.png
  425      1767.9       707.8    0.4442   1.00   0.50    -8.2706  ramp 81%           2.5s
  426      1813.1       835.7    0.4436   1.00   0.50    -8.2912  ramp 81%           2.3s
  427      1586.8       648.2    0.4432   1.00   0.50    -8.3117  ramp 81%           2.3s
  428      1721.5       725.4    0.4432   1.00   0.50    -8.3322  ramp 82%           2.2s
  429      1863.0       782.1    0.4433   1.00   0.50    -8.3527  ramp 82%           2.3s
  [probe] gen=430 score=1277.2 net=6.949 fell=0.600
  430      1865.0       698.6    0.4432   1.00   0.50    -8.3733  ramp 82%           2.5s
  431      1829.1       811.0    0.4432   1.00   0.50    -8.3938  ramp 82%           2.3s
  432      1690.6       707.5    0.4432   1.00   0.50    -8.4143  ramp 83%           2.3s
  433      1916.4       827.9    0.4430   1.00   0.50    -8.4348  ramp 83%           2.5s
  434      1740.8       579.7    0.4428   1.00   0.50    -8.4554  ramp 83%           2.0s
  435      1807.1       730.8    0.4427   1.00   0.50    -8.4759  ramp 83%           2.4s
  436      1785.1       617.0    0.4425   1.00   0.50    -8.4964  ramp 84%           1.9s
  437      1875.0       843.5    0.4424   1.00   0.50    -8.5169  ramp 84%           2.5s
  438      1765.5       688.2    0.4422   1.00   0.50    -8.5374  ramp 84%           2.1s
  439      1793.9       654.2    0.4421   1.00   0.50    -8.5580  ramp 84%           2.3s
  [probe] gen=440 score=1736.2 net=9.231 fell=0.700 [new best earth]
  440      1959.5       747.2    0.4419   1.00   0.50    -8.5785  ramp 85%           2.1s
  441      1995.4       683.0    0.4419   1.00   0.50    -8.5990  ramp 85%           2.2s
  442      1772.7       745.1    0.4419   1.00   0.50    -8.6196  ramp 85%           2.2s
  443      1851.6       619.3    0.4421   1.00   0.50    -8.6401  ramp 85%           1.9s
  444      1760.5       718.1    0.4420   1.00   0.50    -8.6606  ramp 86%           2.2s
  445      1731.2       714.1    0.4419   1.00   0.50    -8.6811  ramp 86%           2.4s
  446      1818.7       780.4    0.4417   1.00   0.50    -8.7017  ramp 86%           2.6s
  447      1657.7       715.6    0.4417   1.00   0.50    -8.7222  ramp 86%           2.4s
  448      1875.7       782.5    0.4415   1.00   0.50    -8.7427  ramp 87%           2.4s
  449      1853.0       799.7    0.4412   1.00   0.50    -8.7632  ramp 87%           2.3s
  [probe] gen=450 score=1412.5 net=7.205 fell=0.400
  [plot] Saved fitness curve → experiments/thesis/gradual_transition/seed_05/fitness_curve.png
  450      1703.5       683.0    0.4410   1.00   0.50    -8.7838  ramp 87%           2.3s
  451      1729.3       830.7    0.4408   1.00   0.50    -8.8043  ramp 87%           2.5s
  452      1864.4      1096.0    0.4407   1.00   0.50    -8.8248  ramp 88%           2.9s
  453      1833.4       862.8    0.4405   1.00   0.50    -8.8453  ramp 88%           2.5s
  454      1864.0       880.1    0.4403   1.00   0.50    -8.8659  ramp 88%           2.8s
  455      1584.6       629.0    0.4402   1.00   0.50    -8.8864  ramp 88%           2.1s
  456      1839.1       769.7    0.4401   1.00   0.50    -8.9069  ramp 89%           2.5s
  457      1978.1       791.1    0.4399   1.00   0.50    -8.9274  ramp 89%           2.2s
  458      1800.4       717.2    0.4397   1.00   0.50    -8.9480  ramp 89%           2.2s
  459      1721.2       743.2    0.4394   1.00   0.50    -8.9685  ramp 89%           2.3s
  [probe] gen=460 score=1741.0 net=8.666 fell=0.100 [new best earth]
  460      1738.9       775.0    0.4394   1.00   0.50    -8.9890  ramp 90%           2.6s
  461      1774.8       690.0    0.4392   1.00   0.50    -9.0095  ramp 90%           2.0s
  462      1663.6       751.6    0.4390   1.00   0.50    -9.0301  ramp 90%           2.3s
  463      1643.4       538.1    0.4388   1.00   0.50    -9.0506  ramp 90%           1.8s
  464      1518.3       642.5    0.4386   1.00   0.50    -9.0711  ramp 91%           2.5s
  465      1957.8       688.3    0.4384   1.00   0.50    -9.0916  ramp 91%           2.5s
  466      1706.2       867.7    0.4384   1.00   0.50    -9.1122  ramp 91%           2.6s
  467      1769.4       715.0    0.4384   1.00   0.50    -9.1327  ramp 91%           2.3s
  468      1730.6       673.9    0.4385   1.00   0.50    -9.1532  ramp 92%           2.1s
  469      1765.8       614.7    0.4385   1.00   0.50    -9.1737  ramp 92%           1.9s
  [probe] gen=470 score=1349.5 net=6.940 fell=0.400
  470      1745.0       787.9    0.4388   1.00   0.50    -9.1943  ramp 92%           2.4s
  471      1709.7       611.2    0.4391   1.00   0.50    -9.2148  ramp 92%           2.2s
  472      1821.2       553.1    0.4394   1.00   0.50    -9.2353  ramp 93%           1.9s
  473      1709.6       621.4    0.4396   1.00   0.50    -9.2558  ramp 93%           2.2s
  474      1766.0       707.1    0.4398   1.00   0.50    -9.2764  ramp 93%           2.4s
  [plot] Saved fitness curve → experiments/thesis/gradual_transition/seed_05/fitness_curve.png
  475      1752.4       712.8    0.4401   1.00   0.50    -9.2969  ramp 93%           2.5s
  476      1731.3       750.6    0.4404   1.00   0.50    -9.3174  ramp 94%           2.5s
  477      1808.7       739.0    0.4406   1.00   0.50    -9.3379  ramp 94%           2.4s
  478      1668.0       641.2    0.4407   1.00   0.50    -9.3585  ramp 94%           2.1s
  479      1680.2       722.2    0.4408   1.00   0.50    -9.3790  ramp 94%           2.1s
  [probe] gen=480 score=1584.5 net=7.553 fell=0.000
  480      1577.1       725.0    0.4408   1.00   0.50    -9.3995  ramp 95%           2.3s
  481      1703.6       633.6    0.4410   1.00   0.50    -9.4200  ramp 95%           2.1s
  482      1756.2       598.6    0.4409   1.00   0.50    -9.4405  ramp 95%           2.0s
  483      1864.6       893.5    0.4407   1.00   0.50    -9.4611  ramp 95%           2.8s
  484      1690.8       648.7    0.4406   1.00   0.50    -9.4816  ramp 96%           2.2s
  485      1692.9       719.7    0.4404   1.00   0.50    -9.5021  ramp 96%           2.5s
  486      1749.0       623.9    0.4401   1.00   0.50    -9.5227  ramp 96%           2.1s
  487      1727.9       767.1    0.4397   1.00   0.50    -9.5432  ramp 96%           2.3s
  488      1765.0       639.9    0.4393   1.00   0.50    -9.5637  ramp 97%           2.4s
  489      1906.4       868.7    0.4390   1.00   0.50    -9.5842  ramp 97%           2.7s
  [probe] gen=490 score=1680.3 net=8.036 fell=0.000
  490      1694.3       785.1    0.4387   1.00   0.50    -9.6048  ramp 97%           2.7s
  491      1776.0       713.6    0.4386   1.00   0.50    -9.6253  ramp 97%           2.2s
  492      1821.7       694.0    0.4383   1.00   0.50    -9.6458  ramp 98%           2.5s
  493      1935.1       799.6    0.4381   1.00   0.50    -9.6663  ramp 98%           2.5s
  494      2007.1       901.3    0.4379   1.00   0.50    -9.6868  ramp 98%           2.5s
  495      1746.1       908.8    0.4377   1.00   0.50    -9.7074  ramp 98%           2.7s
  496      1839.6       643.1    0.4375   1.00   0.50    -9.7279  ramp 99%           2.4s
  497      1718.5       755.6    0.4374   1.00   0.50    -9.7484  ramp 99%           2.5s
  498      1871.8       632.6    0.4373   1.00   0.50    -9.7690  ramp 99%           2.3s
  499      1810.1       749.9    0.4373   1.00   0.50    -9.7895  ramp 99%           2.4s
  [plot] Saved fitness curve → experiments/thesis/gradual_transition/seed_05/fitness_curve.png

Training complete. Best fitness: 2038.2
Best params → experiments/thesis/gradual_transition/seed_05/checkpoints/best_params.npy
Fitness curve → experiments/thesis/gradual_transition/seed_05/fitness_curve.png
Eval params  → best_earth_params (earth probe score: 1741.0)
Final Earth scorecard | score=1735.4 net=8.600 fell=0.100
Gravity sweep | gravities=5 mean_net=5.581 worst_net=3.006
  [exp] Wrote experiments/thesis/gradual_transition/seed_05/experiment.json
  [exp] Wrote experiments/thesis/gradual_transition/seed_05/training_log.csv
  [exp] Wrote experiments/thesis/gradual_transition/seed_05/earth_probe.csv
  [exp] Wrote experiments/thesis/gradual_transition/seed_05/gravity_sweep.csv
  [exp] Wrote experiments/thesis/gradual_transition/seed_05/summary.json
