Walker2d-v5 | policy=CPG  params=504
Curriculum   : StagedEvolution  -1.6 (33%) → -5.0 (33%) → -9.81 (33%)
Run context | seed=7 arm=staged_evolution run_id=staged_evolution_seed_07

Schedule | penalty_min=0.20 penalty_ramp_gen=200 corr_min=0.00 corr_max=0.50 corr_ramp_gen=200

Starting CMA-ES | pop=40 | sigma0=0.5 | max_gen=500 | workers=8 | seed=7
Checkpoints → experiments/thesis/staged_evolution/seed_07/checkpoints/

  Gen        Best        Mean     Sigma    Pen   Corr    Gravity  Phase              Time
------------------------------------------------------------------------------------
  [probe] gen=0 score=-408.4 net=-0.216 fell=1.000 [new best earth]
  [plot] Saved fitness curve → experiments/thesis/staged_evolution/seed_07/fitness_curve.png
    0       -46.5       -75.8    0.4903   0.20   0.00    -1.6000  moon               1.6s
    1       -66.7       -76.7    0.4818   0.20   0.00    -1.6000  moon               0.2s
    2       -56.8       -77.0    0.4743   0.21   0.01    -1.6000  moon               0.2s
    3       -54.9       -73.0    0.4675   0.21   0.01    -1.6000  moon               0.2s
    4       -63.1       -74.7    0.4615   0.22   0.01    -1.6000  moon               0.2s
    5       -57.8       -75.1    0.4559   0.22   0.01    -1.6000  moon               0.2s
    6       -57.2       -74.4    0.4510   0.22   0.01    -1.6000  moon               0.3s
    7       -21.2       -72.3    0.4465   0.23   0.02    -1.6000  moon               0.2s
    8       -58.6       -76.4    0.4425   0.23   0.02    -1.6000  moon               0.2s
    9       -55.4       -76.7    0.4388   0.24   0.02    -1.6000  moon               0.3s
  [probe] gen=10 score=-382.8 net=-0.330 fell=1.000 [new best earth]
   10       -46.9       -73.9    0.4355   0.24   0.03    -1.6000  moon               0.2s
   11       -59.4       -73.4    0.4323   0.24   0.03    -1.6000  moon               0.2s
   12       -47.6       -76.6    0.4293   0.25   0.03    -1.6000  moon               0.3s
   13       -56.1       -77.1    0.4264   0.25   0.03    -1.6000  moon               0.3s
   14       -37.5       -78.0    0.4236   0.26   0.04    -1.6000  moon               0.3s
   15       -60.7       -78.4    0.4209   0.26   0.04    -1.6000  moon               0.3s
   16        48.1       -76.6    0.4182   0.26   0.04    -1.6000  moon               0.3s
   17       -50.7       -76.5    0.4158   0.27   0.04    -1.6000  moon               0.3s
   18       -23.1       -71.9    0.4134   0.27   0.04    -1.6000  moon               0.4s
   19         1.2       -73.3    0.4112   0.28   0.05    -1.6000  moon               0.3s
  [probe] gen=20 score=-355.1 net=-0.217 fell=1.000 [new best earth]
   20        27.6       -69.5    0.4091   0.28   0.05    -1.6000  moon               0.3s
   21        24.7       -64.7    0.4072   0.28   0.05    -1.6000  moon               0.4s
   22        -5.7       -75.1    0.4054   0.29   0.06    -1.6000  moon               0.4s
   23        66.5       -57.5    0.4037   0.29   0.06    -1.6000  moon               0.5s
   24        72.4       -60.7    0.4020   0.30   0.06    -1.6000  moon               0.5s
  [plot] Saved fitness curve → experiments/thesis/staged_evolution/seed_07/fitness_curve.png
   25        37.6       -67.6    0.4003   0.30   0.06    -1.6000  moon               0.5s
   26        72.1       -56.2    0.3986   0.30   0.07    -1.6000  moon               0.5s
   27        90.7       -66.3    0.3972   0.31   0.07    -1.6000  moon               0.4s
   28       109.1       -63.0    0.3958   0.31   0.07    -1.6000  moon               0.5s
   29        68.7       -54.1    0.3945   0.32   0.07    -1.6000  moon               0.5s
  [probe] gen=30 score=-398.5 net=-0.206 fell=1.000
   30        51.9       -73.2    0.3934   0.32   0.07    -1.6000  moon               0.5s
   31        84.8       -68.5    0.3925   0.32   0.08    -1.6000  moon               0.6s
   32       278.3       -58.7    0.3917   0.33   0.08    -1.6000  moon               0.6s
   33        93.6       -71.3    0.3909   0.33   0.08    -1.6000  moon               0.5s
   34       161.2       -38.9    0.3904   0.34   0.09    -1.6000  moon               0.6s
   35       102.6       -56.1    0.3899   0.34   0.09    -1.6000  moon               0.5s
   36       255.0       -37.0    0.3896   0.34   0.09    -1.6000  moon               0.7s
   37       397.2        18.7    0.3892   0.35   0.09    -1.6000  moon               0.8s
   38       309.6       -33.9    0.3887   0.35   0.10    -1.6000  moon               0.6s
   39       150.4       -51.9    0.3884   0.36   0.10    -1.6000  moon               0.7s
  [probe] gen=40 score=-418.1 net=-0.206 fell=1.000
   40       178.9       -48.8    0.3881   0.36   0.10    -1.6000  moon               0.6s
   41       212.2       -29.1    0.3878   0.36   0.10    -1.6000  moon               0.6s
   42       153.3       -26.6    0.3873   0.37   0.10    -1.6000  moon               0.7s
   43       233.7        -0.7    0.3870   0.37   0.11    -1.6000  moon               0.7s
   44       240.4       -19.2    0.3867   0.38   0.11    -1.6000  moon               0.8s
   45       394.6       -19.0    0.3867   0.38   0.11    -1.6000  moon               0.8s
   46       302.4        -9.4    0.3867   0.38   0.12    -1.6000  moon               0.8s
   47       196.3       -20.6    0.3867   0.39   0.12    -1.6000  moon               0.9s
   48       166.7       -26.7    0.3869   0.39   0.12    -1.6000  moon               0.8s
   49       403.5        18.2    0.3871   0.40   0.12    -1.6000  moon               0.9s
  [probe] gen=50 score=-253.8 net=0.062 fell=1.000 [new best earth]
  [plot] Saved fitness curve → experiments/thesis/staged_evolution/seed_07/fitness_curve.png
   50       315.4         8.4    0.3874   0.40   0.12    -1.6000  moon               0.8s
   51       378.6        24.4    0.3876   0.40   0.13    -1.6000  moon               0.9s
   52       340.7        29.6    0.3877   0.41   0.13    -1.6000  moon               0.8s
   53       315.0       -38.8    0.3876   0.41   0.13    -1.6000  moon               0.8s
   54       286.4       -17.1    0.3875   0.42   0.14    -1.6000  moon               0.8s
   55       285.3         1.8    0.3875   0.42   0.14    -1.6000  moon               0.9s
   56       205.7       -18.7    0.3875   0.42   0.14    -1.6000  moon               0.8s
   57       259.6         4.8    0.3877   0.43   0.14    -1.6000  moon               0.8s
   58       304.7         7.7    0.3879   0.43   0.14    -1.6000  moon               0.8s
   59       338.3        13.2    0.3881   0.44   0.15    -1.6000  moon               0.9s
  [probe] gen=60 score=-69.6 net=0.821 fell=1.000 [new best earth]
   60       240.2        30.5    0.3883   0.44   0.15    -1.6000  moon               0.9s
   61       226.6       -19.2    0.3884   0.44   0.15    -1.6000  moon               0.7s
   62       190.6        19.1    0.3883   0.45   0.15    -1.6000  moon               0.8s
   63       222.6       -37.4    0.3881   0.45   0.16    -1.6000  moon               0.7s
   64       241.1         0.1    0.3877   0.46   0.16    -1.6000  moon               0.8s
   65       280.9       -12.6    0.3874   0.46   0.16    -1.6000  moon               0.7s
   66       318.4        -9.8    0.3871   0.46   0.17    -1.6000  moon               0.8s
   67       187.3       -25.8    0.3867   0.47   0.17    -1.6000  moon               0.7s
   68       310.2       -41.3    0.3863   0.47   0.17    -1.6000  moon               0.8s
   69       289.1        16.7    0.3859   0.48   0.17    -1.6000  moon               0.8s
  [probe] gen=70 score=-305.9 net=-0.059 fell=1.000
   70       395.6        11.8    0.3853   0.48   0.17    -1.6000  moon               0.9s
   71       260.6       -14.7    0.3848   0.48   0.18    -1.6000  moon               1.0s
   72       356.5        -8.5    0.3842   0.49   0.18    -1.6000  moon               0.8s
   73       254.5       -28.0    0.3837   0.49   0.18    -1.6000  moon               0.8s
   74       210.9       -24.8    0.3831   0.50   0.18    -1.6000  moon               0.9s
  [plot] Saved fitness curve → experiments/thesis/staged_evolution/seed_07/fitness_curve.png
   75       252.1       -18.8    0.3826   0.50   0.19    -1.6000  moon               1.0s
   76       313.7        -3.1    0.3820   0.50   0.19    -1.6000  moon               1.0s
   77       390.4        -7.8    0.3815   0.51   0.19    -1.6000  moon               1.0s
   78       287.2        -8.8    0.3810   0.51   0.20    -1.6000  moon               1.1s
   79       407.9         3.2    0.3805   0.52   0.20    -1.6000  moon               1.0s
  [probe] gen=80 score=-391.9 net=-0.417 fell=1.000
   80       445.4        28.0    0.3800   0.52   0.20    -1.6000  moon               1.2s
   81       329.1        19.0    0.3795   0.52   0.20    -1.6000  moon               1.5s
   82       470.8        10.5    0.3788   0.53   0.20    -1.6000  moon               1.2s
   83       210.2       -20.9    0.3784   0.53   0.21    -1.6000  moon               1.3s
   84       275.1         7.1    0.3780   0.54   0.21    -1.6000  moon               1.4s
   85       478.3        37.4    0.3777   0.54   0.21    -1.6000  moon               1.4s
   86       497.7         2.1    0.3774   0.54   0.21    -1.6000  moon               1.3s
   87       430.6       -17.0    0.3771   0.55   0.22    -1.6000  moon               1.5s
   88       431.2        14.9    0.3767   0.55   0.22    -1.6000  moon               1.7s
   89       281.6         4.2    0.3762   0.56   0.22    -1.6000  moon               1.5s
  [probe] gen=90 score=-130.6 net=0.466 fell=1.000
   90       332.6        36.0    0.3757   0.56   0.23    -1.6000  moon               1.5s
   91       283.3        17.3    0.3753   0.56   0.23    -1.6000  moon               1.4s
   92       336.8       -15.9    0.3748   0.57   0.23    -1.6000  moon               1.6s
   93       434.9        43.5    0.3741   0.57   0.23    -1.6000  moon               1.8s
   94       354.5        18.0    0.3736   0.58   0.23    -1.6000  moon               1.6s
   95       508.9       103.1    0.3731   0.58   0.24    -1.6000  moon               2.0s
   96       367.3       106.4    0.3727   0.58   0.24    -1.6000  moon               2.1s
   97       268.2        86.8    0.3723   0.59   0.24    -1.6000  moon               2.1s
   98       371.2       112.8    0.3719   0.59   0.24    -1.6000  moon               2.1s
   99       362.3        74.9    0.3716   0.60   0.25    -1.6000  moon               1.9s
  [probe] gen=100 score=4.8 net=0.965 fell=1.000 [new best earth]
  [plot] Saved fitness curve → experiments/thesis/staged_evolution/seed_07/fitness_curve.png
  100       377.2        86.2    0.3712   0.60   0.25    -1.6000  moon               2.0s
  101       326.0        91.4    0.3708   0.60   0.25    -1.6000  moon               2.1s
  102       306.3        73.9    0.3703   0.61   0.26    -1.6000  moon               2.0s
  103       558.9       107.8    0.3700   0.61   0.26    -1.6000  moon               2.1s
  104       504.5        32.3    0.3695   0.62   0.26    -1.6000  moon               2.3s
  105       337.7        27.4    0.3690   0.62   0.26    -1.6000  moon               2.2s
  106       683.3        88.5    0.3684   0.62   0.27    -1.6000  moon               2.5s
  107       499.8        57.2    0.3678   0.63   0.27    -1.6000  moon               2.3s
  108       391.7        31.0    0.3671   0.63   0.27    -1.6000  moon               2.1s
  109       386.2        12.1    0.3664   0.64   0.27    -1.6000  moon               2.2s
  [probe] gen=110 score=9.7 net=0.860 fell=1.000 [new best earth]
  110       444.2        86.4    0.3659   0.64   0.28    -1.6000  moon               2.3s
  111       655.5       112.4    0.3652   0.64   0.28    -1.6000  moon               2.4s
  112       335.8         3.6    0.3644   0.65   0.28    -1.6000  moon               2.3s
  113       572.0        69.8    0.3636   0.65   0.28    -1.6000  moon               2.3s
  114       494.0       117.6    0.3627   0.66   0.28    -1.6000  moon               2.2s
  115       401.1        46.5    0.3620   0.66   0.29    -1.6000  moon               2.1s
  116       508.5       161.9    0.3613   0.66   0.29    -1.6000  moon               2.6s
  117       544.9       166.0    0.3605   0.67   0.29    -1.6000  moon               2.4s
  118       526.7        86.9    0.3598   0.67   0.29    -1.6000  moon               2.3s
  119       600.2       134.8    0.3590   0.68   0.30    -1.6000  moon               2.3s
  [probe] gen=120 score=-220.5 net=-0.145 fell=1.000
  120       649.1       132.1    0.3585   0.68   0.30    -1.6000  moon               2.4s
  121       550.8       143.9    0.3578   0.68   0.30    -1.6000  moon               2.2s
  122       552.5       163.2    0.3572   0.69   0.30    -1.6000  moon               2.2s
  123       560.4        98.5    0.3567   0.69   0.31    -1.6000  moon               2.3s
  124       416.6       127.9    0.3561   0.70   0.31    -1.6000  moon               2.2s
  [plot] Saved fitness curve → experiments/thesis/staged_evolution/seed_07/fitness_curve.png
  125       558.0       124.6    0.3556   0.70   0.31    -1.6000  moon               2.4s
  126       413.2       159.6    0.3552   0.70   0.32    -1.6000  moon               2.2s
  127       562.4       171.8    0.3549   0.71   0.32    -1.6000  moon               2.3s
  128       467.9       106.1    0.3545   0.71   0.32    -1.6000  moon               2.3s
  129       526.9       153.6    0.3542   0.72   0.32    -1.6000  moon               2.3s
  [probe] gen=130 score=-83.9 net=0.475 fell=1.000
  130       613.7       131.0    0.3540   0.72   0.33    -1.6000  moon               2.2s
  131       562.5       118.1    0.3538   0.72   0.33    -1.6000  moon               2.1s
  132       640.8       156.7    0.3536   0.73   0.33    -1.6000  moon               2.3s
  133       571.7       193.6    0.3536   0.73   0.33    -1.6000  moon               2.2s
  134       584.3       214.6    0.3536   0.74   0.34    -1.6000  moon               2.4s
  135       600.2       141.0    0.3536   0.74   0.34    -1.6000  moon               2.2s
  136       528.5        74.1    0.3537   0.74   0.34    -1.6000  moon               1.9s
  137       620.9       150.6    0.3537   0.75   0.34    -1.6000  moon               2.1s
  138       809.4       146.3    0.3539   0.75   0.34    -1.6000  moon               2.1s
  139       566.1       140.5    0.3541   0.76   0.35    -1.6000  moon               2.3s
  [probe] gen=140 score=-83.2 net=0.446 fell=1.000
  140       686.2       135.9    0.3543   0.76   0.35    -1.6000  moon               2.1s
  141       818.9       177.1    0.3546   0.76   0.35    -1.6000  moon               2.2s
  142       644.6       217.5    0.3547   0.77   0.35    -1.6000  moon               2.3s
  143       738.8       222.2    0.3547   0.77   0.36    -1.6000  moon               2.0s
  144       610.4       155.4    0.3546   0.78   0.36    -1.6000  moon               2.2s
  145       701.8       242.6    0.3545   0.78   0.36    -1.6000  moon               2.1s
  146       716.6       186.5    0.3542   0.78   0.36    -1.6000  moon               2.0s
  147       640.5       199.1    0.3539   0.79   0.37    -1.6000  moon               2.0s
  148       619.1       151.2    0.3536   0.79   0.37    -1.6000  moon               2.0s
  149       602.1       200.1    0.3533   0.80   0.37    -1.6000  moon               2.4s
  [probe] gen=150 score=-112.0 net=0.297 fell=1.000
  [plot] Saved fitness curve → experiments/thesis/staged_evolution/seed_07/fitness_curve.png
  150       746.1       288.8    0.3528   0.80   0.38    -1.6000  moon               2.0s
  151       739.9       142.0    0.3525   0.80   0.38    -1.6000  moon               2.0s
  152       578.7       206.5    0.3520   0.81   0.38    -1.6000  moon               2.1s
  153       683.3       201.5    0.3515   0.81   0.38    -1.6000  moon               2.3s
  154       810.5       230.8    0.3510   0.82   0.39    -1.6000  moon               2.2s
  155       746.0       201.6    0.3506   0.82   0.39    -1.6000  moon               2.2s
  156       799.0       160.1    0.3502   0.82   0.39    -1.6000  moon               2.0s
  157       747.6       189.8    0.3498   0.83   0.39    -1.6000  moon               2.2s
  158       536.3       199.0    0.3496   0.83   0.40    -1.6000  moon               2.1s
  159       578.4       107.2    0.3494   0.84   0.40    -1.6000  moon               2.0s
  [probe] gen=160 score=25.4 net=1.017 fell=1.000 [new best earth]
  160       946.2       177.8    0.3493   0.84   0.40    -1.6000  moon               2.2s
  161      1009.2       188.3    0.3493   0.84   0.40    -1.6000  moon               2.2s
  162       704.3       176.3    0.3492   0.85   0.41    -1.6000  moon               2.2s
  163       651.2       138.6    0.3493   0.85   0.41    -1.6000  moon               2.2s
  164       984.2       134.3    0.3493   0.86   0.41    -1.6000  moon               2.0s
  165       710.9       144.8    0.3492   0.86   0.41    -1.6000  moon               2.1s
  166       815.4       174.2    0.3492   0.86   0.41    -1.6000  moon               2.2s
  [stage] gen=167  gravity -5.00 → -5.00  ES restarted  remaining=332
  167       305.2       104.8    0.5000   0.87   0.42    -5.0000  mid                1.3s
  168       345.0        32.5    0.4904   0.87   0.42    -5.0000  mid                1.1s
  169       429.4        52.9    0.4821   0.88   0.42    -5.0000  mid                1.2s
  [probe] gen=170 score=183.3 net=1.519 fell=1.000 [new best earth]
  170       391.0        27.7    0.4747   0.88   0.42    -5.0000  mid                1.4s
  171       354.3        68.2    0.4680   0.88   0.43    -5.0000  mid                1.6s
  172       295.0        57.9    0.4620   0.89   0.43    -5.0000  mid                1.4s
  173       275.6        58.6    0.4567   0.89   0.43    -5.0000  mid                1.5s
  174       359.9        65.5    0.4518   0.90   0.43    -5.0000  mid                1.7s
  [plot] Saved fitness curve → experiments/thesis/staged_evolution/seed_07/fitness_curve.png
  175       398.1        96.1    0.4471   0.90   0.44    -5.0000  mid                1.8s
  176       378.8       138.5    0.4429   0.90   0.44    -5.0000  mid                1.6s
  177       358.3       126.8    0.4387   0.91   0.44    -5.0000  mid                1.6s
  178       411.1       110.4    0.4348   0.91   0.45    -5.0000  mid                1.5s
  179       419.6       101.3    0.4311   0.92   0.45    -5.0000  mid                1.4s
  [probe] gen=180 score=25.2 net=1.015 fell=1.000
  180       389.5       119.3    0.4277   0.92   0.45    -5.0000  mid                1.4s
  181       339.4       119.8    0.4243   0.92   0.45    -5.0000  mid                1.4s
  182       359.5        71.8    0.4210   0.93   0.46    -5.0000  mid                1.5s
  183       423.5       115.0    0.4179   0.93   0.46    -5.0000  mid                1.6s
  184       358.3        71.9    0.4150   0.94   0.46    -5.0000  mid                1.7s
  185       434.5       127.0    0.4123   0.94   0.46    -5.0000  mid                1.7s
  186       418.4       149.5    0.4098   0.94   0.47    -5.0000  mid                1.7s
  187       345.9       146.9    0.4075   0.95   0.47    -5.0000  mid                1.9s
  188       369.9       144.1    0.4054   0.95   0.47    -5.0000  mid                1.6s
  189       367.3       157.4    0.4035   0.96   0.47    -5.0000  mid                1.5s
  [probe] gen=190 score=165.2 net=1.489 fell=1.000
  190       374.5        84.8    0.4017   0.96   0.47    -5.0000  mid                1.6s
  191       467.0       148.1    0.4001   0.96   0.48    -5.0000  mid                1.7s
  192       425.4        96.3    0.3986   0.97   0.48    -5.0000  mid                1.6s
  193       439.3       110.0    0.3972   0.97   0.48    -5.0000  mid                1.5s
  194       444.2        79.7    0.3958   0.98   0.48    -5.0000  mid                1.7s
  195       435.9       164.4    0.3943   0.98   0.49    -5.0000  mid                1.6s
  196       431.0       112.2    0.3929   0.98   0.49    -5.0000  mid                1.8s
  197       414.5       158.3    0.3916   0.99   0.49    -5.0000  mid                1.6s
  198       386.2        96.1    0.3902   0.99   0.49    -5.0000  mid                1.6s
  199       351.9       148.4    0.3890   1.00   0.50    -5.0000  mid                1.5s
  [probe] gen=200 score=50.9 net=0.922 fell=1.000
  [plot] Saved fitness curve → experiments/thesis/staged_evolution/seed_07/fitness_curve.png
  200       343.3       131.3    0.3880   1.00   0.50    -5.0000  mid                1.5s
  201       423.2       133.2    0.3871   1.00   0.50    -5.0000  mid                1.5s
  202       381.0        51.7    0.3861   1.00   0.50    -5.0000  mid                1.5s
  203       394.9       111.5    0.3852   1.00   0.50    -5.0000  mid                1.4s
  204       359.9       121.2    0.3846   1.00   0.50    -5.0000  mid                1.5s
  205       412.9        91.2    0.3839   1.00   0.50    -5.0000  mid                1.4s
  206       514.1       100.0    0.3832   1.00   0.50    -5.0000  mid                1.5s
  207       437.8        53.4    0.3826   1.00   0.50    -5.0000  mid                1.4s
  208       374.1       104.9    0.3821   1.00   0.50    -5.0000  mid                1.6s
  209       337.3       103.4    0.3817   1.00   0.50    -5.0000  mid                1.4s
  [probe] gen=210 score=192.0 net=1.578 fell=1.000 [new best earth]
  210       754.4       181.8    0.3812   1.00   0.50    -5.0000  mid                1.6s
  211       486.5       136.5    0.3807   1.00   0.50    -5.0000  mid                1.4s
  212       523.0       145.5    0.3802   1.00   0.50    -5.0000  mid                1.4s
  213       469.5       146.3    0.3796   1.00   0.50    -5.0000  mid                1.6s
  214       440.2        92.0    0.3792   1.00   0.50    -5.0000  mid                1.5s
  215       596.1       185.7    0.3788   1.00   0.50    -5.0000  mid                1.5s
  216       523.4       192.3    0.3784   1.00   0.50    -5.0000  mid                1.7s
  217       716.7       218.3    0.3778   1.00   0.50    -5.0000  mid                1.7s
  218       644.8       148.0    0.3773   1.00   0.50    -5.0000  mid                1.6s
  219       499.7       223.6    0.3768   1.00   0.50    -5.0000  mid                1.8s
  [probe] gen=220 score=181.6 net=1.579 fell=1.000
  220       681.5       233.3    0.3764   1.00   0.50    -5.0000  mid                1.9s
  221       809.3       232.3    0.3760   1.00   0.50    -5.0000  mid                1.9s
  222       627.1       242.4    0.3756   1.00   0.50    -5.0000  mid                1.7s
  223       692.4       271.8    0.3752   1.00   0.50    -5.0000  mid                2.0s
  224       864.9       274.7    0.3748   1.00   0.50    -5.0000  mid                2.0s
  [plot] Saved fitness curve → experiments/thesis/staged_evolution/seed_07/fitness_curve.png
  225       739.7       239.0    0.3745   1.00   0.50    -5.0000  mid                1.8s
  226       682.5       269.6    0.3743   1.00   0.50    -5.0000  mid                1.8s
  227       921.8       367.1    0.3741   1.00   0.50    -5.0000  mid                1.7s
  228       904.7       406.8    0.3741   1.00   0.50    -5.0000  mid                2.2s
  229       905.5       316.9    0.3741   1.00   0.50    -5.0000  mid                1.9s
  [probe] gen=230 score=232.7 net=1.738 fell=1.000 [new best earth]
  230       660.2       322.4    0.3741   1.00   0.50    -5.0000  mid                2.3s
  231      1010.1       334.7    0.3739   1.00   0.50    -5.0000  mid                2.2s
  232       965.5       388.5    0.3740   1.00   0.50    -5.0000  mid                1.9s
  233       700.4       404.3    0.3740   1.00   0.50    -5.0000  mid                1.9s
  234       878.5       371.8    0.3741   1.00   0.50    -5.0000  mid                1.8s
  235       972.0       430.2    0.3742   1.00   0.50    -5.0000  mid                2.2s
  236       861.8       358.5    0.3744   1.00   0.50    -5.0000  mid                1.9s
  237       835.8       418.7    0.3745   1.00   0.50    -5.0000  mid                2.0s
  238      1010.5       438.5    0.3744   1.00   0.50    -5.0000  mid                2.3s
  239      1066.9       437.2    0.3743   1.00   0.50    -5.0000  mid                2.2s
  [probe] gen=240 score=196.5 net=1.690 fell=1.000
  240      1047.0       438.6    0.3741   1.00   0.50    -5.0000  mid                2.3s
  241      1211.1       428.3    0.3737   1.00   0.50    -5.0000  mid                2.2s
  242      1040.4       448.1    0.3734   1.00   0.50    -5.0000  mid                2.0s
  243      1090.4       452.8    0.3731   1.00   0.50    -5.0000  mid                2.1s
  244       732.4       338.9    0.3729   1.00   0.50    -5.0000  mid                2.0s
  245      1077.6       443.6    0.3728   1.00   0.50    -5.0000  mid                2.1s
  246       832.5       400.7    0.3729   1.00   0.50    -5.0000  mid                1.7s
  247       965.3       467.3    0.3731   1.00   0.50    -5.0000  mid                1.9s
  248      1130.3       462.8    0.3733   1.00   0.50    -5.0000  mid                2.1s
  249      1036.7       457.2    0.3733   1.00   0.50    -5.0000  mid                2.0s
  [probe] gen=250 score=238.9 net=1.812 fell=1.000 [new best earth]
  [plot] Saved fitness curve → experiments/thesis/staged_evolution/seed_07/fitness_curve.png
  250      1044.1       444.0    0.3731   1.00   0.50    -5.0000  mid                2.1s
  251      1280.7       483.5    0.3731   1.00   0.50    -5.0000  mid                2.2s
  252      1079.0       478.4    0.3730   1.00   0.50    -5.0000  mid                2.0s
  253       997.9       440.5    0.3729   1.00   0.50    -5.0000  mid                2.0s
  254      1470.6       555.8    0.3728   1.00   0.50    -5.0000  mid                2.3s
  255      1034.9       469.3    0.3729   1.00   0.50    -5.0000  mid                2.2s
  256      1422.9       378.9    0.3730   1.00   0.50    -5.0000  mid                1.7s
  257      1352.2       587.4    0.3733   1.00   0.50    -5.0000  mid                2.3s
  258      1267.6       564.6    0.3736   1.00   0.50    -5.0000  mid                1.9s
  259      1055.6       517.8    0.3739   1.00   0.50    -5.0000  mid                1.9s
  [probe] gen=260 score=213.0 net=1.793 fell=1.000
  260      1311.7       480.9    0.3741   1.00   0.50    -5.0000  mid                1.8s
  261      1446.9       656.2    0.3743   1.00   0.50    -5.0000  mid                2.0s
  262      1475.0       641.7    0.3746   1.00   0.50    -5.0000  mid                2.2s
  263      1477.9       615.3    0.3748   1.00   0.50    -5.0000  mid                2.1s
  264      1453.0       466.8    0.3750   1.00   0.50    -5.0000  mid                1.8s
  265      1265.1       558.0    0.3750   1.00   0.50    -5.0000  mid                1.9s
  266      1087.1       402.3    0.3751   1.00   0.50    -5.0000  mid                1.8s
  267      1701.2       538.9    0.3751   1.00   0.50    -5.0000  mid                2.1s
  268      1191.0       538.9    0.3749   1.00   0.50    -5.0000  mid                2.0s
  269       996.5       395.2    0.3746   1.00   0.50    -5.0000  mid                1.6s
  [probe] gen=270 score=212.5 net=1.718 fell=1.000
  270       875.0       401.2    0.3743   1.00   0.50    -5.0000  mid                1.9s
  271      1330.7       498.9    0.3740   1.00   0.50    -5.0000  mid                1.9s
  272      1206.3       495.9    0.3736   1.00   0.50    -5.0000  mid                1.9s
  273      1359.2       550.2    0.3732   1.00   0.50    -5.0000  mid                2.0s
  274      1206.0       469.5    0.3729   1.00   0.50    -5.0000  mid                1.9s
  [plot] Saved fitness curve → experiments/thesis/staged_evolution/seed_07/fitness_curve.png
  275      1600.1       497.7    0.3727   1.00   0.50    -5.0000  mid                2.2s
  276      1245.6       408.2    0.3723   1.00   0.50    -5.0000  mid                2.0s
  277      1750.1       510.2    0.3721   1.00   0.50    -5.0000  mid                2.2s
  278      1463.5       588.4    0.3720   1.00   0.50    -5.0000  mid                2.3s
  279      1303.9       618.0    0.3720   1.00   0.50    -5.0000  mid                2.4s
  [probe] gen=280 score=212.3 net=1.705 fell=1.000
  280      1607.0       456.6    0.3720   1.00   0.50    -5.0000  mid                1.8s
  281      1380.7       527.9    0.3720   1.00   0.50    -5.0000  mid                1.8s
  282      1654.1       603.1    0.3720   1.00   0.50    -5.0000  mid                2.1s
  283      1243.5       555.9    0.3720   1.00   0.50    -5.0000  mid                2.1s
  284      1350.0       512.8    0.3720   1.00   0.50    -5.0000  mid                2.0s
  285      1214.6       522.4    0.3720   1.00   0.50    -5.0000  mid                2.3s
  286      1521.6       553.4    0.3719   1.00   0.50    -5.0000  mid                2.3s
  287      1681.8       645.3    0.3717   1.00   0.50    -5.0000  mid                2.2s
  288      1367.7       614.9    0.3716   1.00   0.50    -5.0000  mid                2.5s
  289      1512.0       614.3    0.3715   1.00   0.50    -5.0000  mid                2.5s
  [probe] gen=290 score=48.6 net=0.978 fell=1.000
  290      1366.6       553.9    0.3714   1.00   0.50    -5.0000  mid                2.0s
  291      1542.9       588.5    0.3715   1.00   0.50    -5.0000  mid                2.0s
  292      1577.3       697.1    0.3715   1.00   0.50    -5.0000  mid                2.3s
  293      1706.7       690.2    0.3716   1.00   0.50    -5.0000  mid                2.3s
  294      1172.6       622.5    0.3717   1.00   0.50    -5.0000  mid                2.3s
  295      1842.4       604.0    0.3716   1.00   0.50    -5.0000  mid                2.3s
  296      1508.4       702.3    0.3718   1.00   0.50    -5.0000  mid                2.7s
  297      1569.2       782.5    0.3720   1.00   0.50    -5.0000  mid                2.7s
  298      1527.5       671.2    0.3723   1.00   0.50    -5.0000  mid                2.2s
  299      1222.7       698.0    0.3726   1.00   0.50    -5.0000  mid                2.1s
  [probe] gen=300 score=252.5 net=1.863 fell=1.000 [new best earth]
  [plot] Saved fitness curve → experiments/thesis/staged_evolution/seed_07/fitness_curve.png
  300      1399.5       702.4    0.3731   1.00   0.50    -5.0000  mid                2.4s
  301      1802.8       786.6    0.3735   1.00   0.50    -5.0000  mid                2.5s
  302      1636.3       765.0    0.3738   1.00   0.50    -5.0000  mid                2.6s
  303      1505.1       666.0    0.3740   1.00   0.50    -5.0000  mid                2.3s
  304      1734.1       755.6    0.3741   1.00   0.50    -5.0000  mid                2.5s
  305      1641.0       713.6    0.3741   1.00   0.50    -5.0000  mid                2.4s
  306      1731.4       762.0    0.3741   1.00   0.50    -5.0000  mid                2.5s
  307      1763.6       662.0    0.3741   1.00   0.50    -5.0000  mid                2.1s
  308      1822.7       847.5    0.3740   1.00   0.50    -5.0000  mid                2.8s
  309      1317.1       587.7    0.3741   1.00   0.50    -5.0000  mid                2.3s
  [probe] gen=310 score=305.3 net=1.909 fell=1.000 [new best earth]
  310      1550.1       753.8    0.3742   1.00   0.50    -5.0000  mid                2.4s
  311      1411.9       724.5    0.3742   1.00   0.50    -5.0000  mid                2.5s
  312      1782.5       675.8    0.3742   1.00   0.50    -5.0000  mid                2.3s
  313      2089.9       655.3    0.3741   1.00   0.50    -5.0000  mid                2.5s
  314      1806.3       756.7    0.3740   1.00   0.50    -5.0000  mid                2.6s
  315      1477.1       652.1    0.3740   1.00   0.50    -5.0000  mid                2.5s
  316      1515.8       680.5    0.3738   1.00   0.50    -5.0000  mid                2.7s
  317      1590.9       756.9    0.3738   1.00   0.50    -5.0000  mid                2.6s
  318      1420.1       736.6    0.3737   1.00   0.50    -5.0000  mid                2.6s
  319      1552.6       792.1    0.3737   1.00   0.50    -5.0000  mid                2.8s
  [probe] gen=320 score=200.7 net=1.734 fell=1.000
  320      1389.9       659.9    0.3735   1.00   0.50    -5.0000  mid                2.4s
  321      1677.8       624.3    0.3734   1.00   0.50    -5.0000  mid                2.1s
  322      1778.7       721.2    0.3733   1.00   0.50    -5.0000  mid                2.5s
  323      1666.8       684.0    0.3732   1.00   0.50    -5.0000  mid                2.3s
  324      1599.6       734.7    0.3732   1.00   0.50    -5.0000  mid                2.4s
  [plot] Saved fitness curve → experiments/thesis/staged_evolution/seed_07/fitness_curve.png
  325      1668.4       755.6    0.3732   1.00   0.50    -5.0000  mid                2.4s
  326      1573.0       732.9    0.3732   1.00   0.50    -5.0000  mid                2.6s
  327      1598.9       768.5    0.3732   1.00   0.50    -5.0000  mid                2.4s
  328      1898.1       743.3    0.3736   1.00   0.50    -5.0000  mid                2.5s
  329      1314.5       614.8    0.3740   1.00   0.50    -5.0000  mid                2.2s
  [probe] gen=330 score=276.9 net=1.920 fell=1.000
  330      1449.0       758.3    0.3742   1.00   0.50    -5.0000  mid                2.7s
  331      1772.5       712.2    0.3745   1.00   0.50    -5.0000  mid                2.6s
  332      1488.3       676.0    0.3748   1.00   0.50    -5.0000  mid                2.5s
  333      1636.2       849.0    0.3751   1.00   0.50    -5.0000  mid                3.0s
  [stage] gen=334  gravity -9.81 → -9.81  ES restarted  remaining=165
  334       655.0       236.8    0.5000   1.00   0.50    -9.8100  earth              1.1s
  335       637.0       109.0    0.4906   1.00   0.50    -9.8100  earth              1.6s
  336       577.2       254.1    0.4822   1.00   0.50    -9.8100  earth              1.4s
  337       856.6       167.8    0.4747   1.00   0.50    -9.8100  earth              1.7s
  338       512.9       249.5    0.4678   1.00   0.50    -9.8100  earth              1.7s
  339      1074.1       280.4    0.4616   1.00   0.50    -9.8100  earth              1.4s
  [probe] gen=340 score=347.3 net=2.026 fell=1.000 [new best earth]
  340       624.4       227.6    0.4559   1.00   0.50    -9.8100  earth              1.6s
  341       963.4       246.3    0.4507   1.00   0.50    -9.8100  earth              1.5s
  342       577.6       221.1    0.4459   1.00   0.50    -9.8100  earth              1.4s
  343       836.9       209.6    0.4417   1.00   0.50    -9.8100  earth              1.7s
  344      1053.8       286.6    0.4378   1.00   0.50    -9.8100  earth              1.5s
  345       836.6       275.7    0.4341   1.00   0.50    -9.8100  earth              1.5s
  346       813.4       275.4    0.4306   1.00   0.50    -9.8100  earth              1.6s
  347       861.6       289.5    0.4275   1.00   0.50    -9.8100  earth              1.9s
  348      1063.3       315.8    0.4246   1.00   0.50    -9.8100  earth              1.5s
  349      1142.1       270.6    0.4219   1.00   0.50    -9.8100  earth              1.7s
  [probe] gen=350 score=542.9 net=3.297 fell=1.000 [new best earth]
  [plot] Saved fitness curve → experiments/thesis/staged_evolution/seed_07/fitness_curve.png
  350       634.4       245.1    0.4192   1.00   0.50    -9.8100  earth              1.3s
  351       691.6       214.4    0.4169   1.00   0.50    -9.8100  earth              1.3s
  352       669.9       247.4    0.4146   1.00   0.50    -9.8100  earth              1.3s
  353       829.7       227.4    0.4123   1.00   0.50    -9.8100  earth              1.5s
  354       794.8       277.9    0.4100   1.00   0.50    -9.8100  earth              1.3s
  355       633.0       268.9    0.4081   1.00   0.50    -9.8100  earth              1.6s
  356       651.7       260.8    0.4064   1.00   0.50    -9.8100  earth              1.4s
  357       998.8       287.9    0.4048   1.00   0.50    -9.8100  earth              1.4s
  358       663.5       285.2    0.4033   1.00   0.50    -9.8100  earth              1.4s
  359       656.7       245.6    0.4020   1.00   0.50    -9.8100  earth              1.5s
  [probe] gen=360 score=579.4 net=3.178 fell=1.000 [new best earth]
  360       652.4       253.6    0.4008   1.00   0.50    -9.8100  earth              2.0s
  361       537.2       249.0    0.3995   1.00   0.50    -9.8100  earth              1.4s
  362       693.7       225.2    0.3984   1.00   0.50    -9.8100  earth              1.6s
  363       513.2       219.4    0.3974   1.00   0.50    -9.8100  earth              1.3s
  364       878.0       285.8    0.3964   1.00   0.50    -9.8100  earth              1.5s
  365       717.5       341.5    0.3955   1.00   0.50    -9.8100  earth              1.8s
  366       736.9       267.1    0.3946   1.00   0.50    -9.8100  earth              1.5s
  367       642.3       245.1    0.3939   1.00   0.50    -9.8100  earth              1.6s
  368       723.5       259.3    0.3932   1.00   0.50    -9.8100  earth              1.9s
  369       825.7       213.9    0.3925   1.00   0.50    -9.8100  earth              1.6s
  [probe] gen=370 score=422.8 net=2.300 fell=1.000
  370       600.5       246.5    0.3920   1.00   0.50    -9.8100  earth              1.7s
  371      1086.2       339.1    0.3913   1.00   0.50    -9.8100  earth              1.4s
  372       814.1       311.3    0.3906   1.00   0.50    -9.8100  earth              1.6s
  373      1170.4       449.5    0.3901   1.00   0.50    -9.8100  earth              1.7s
  374       917.9       393.6    0.3894   1.00   0.50    -9.8100  earth              1.8s
  [plot] Saved fitness curve → experiments/thesis/staged_evolution/seed_07/fitness_curve.png
  375       786.7       342.6    0.3887   1.00   0.50    -9.8100  earth              1.5s
  376       777.3       338.0    0.3881   1.00   0.50    -9.8100  earth              1.6s
  377      1401.4       354.0    0.3876   1.00   0.50    -9.8100  earth              2.1s
  378       834.0       419.6    0.3871   1.00   0.50    -9.8100  earth              1.8s
  379       845.5       394.8    0.3866   1.00   0.50    -9.8100  earth              1.7s
  [probe] gen=380 score=832.7 net=4.460 fell=1.000 [new best earth]
  380      1063.6       482.0    0.3862   1.00   0.50    -9.8100  earth              2.0s
  381      1204.7       407.6    0.3859   1.00   0.50    -9.8100  earth              1.6s
  382       936.4       414.4    0.3856   1.00   0.50    -9.8100  earth              1.6s
  383      1507.9       459.3    0.3854   1.00   0.50    -9.8100  earth              1.8s
  384      1412.1       447.9    0.3852   1.00   0.50    -9.8100  earth              2.0s
  385      1048.8       465.8    0.3851   1.00   0.50    -9.8100  earth              1.9s
  386      1045.2       452.5    0.3849   1.00   0.50    -9.8100  earth              2.2s
  387       946.5       472.0    0.3848   1.00   0.50    -9.8100  earth              2.1s
  388      1331.0       459.3    0.3846   1.00   0.50    -9.8100  earth              2.6s
  389       949.5       444.8    0.3845   1.00   0.50    -9.8100  earth              2.2s
  [probe] gen=390 score=1087.6 net=5.355 fell=0.800 [new best earth]
  390      1130.2       435.9    0.3843   1.00   0.50    -9.8100  earth              2.4s
  391       872.4       414.0    0.3839   1.00   0.50    -9.8100  earth              2.5s
  392       937.9       431.5    0.3835   1.00   0.50    -9.8100  earth              2.4s
  393      1014.1       452.8    0.3831   1.00   0.50    -9.8100  earth              2.4s
  394      1087.6       446.4    0.3827   1.00   0.50    -9.8100  earth              2.0s
  395      1014.4       402.2    0.3824   1.00   0.50    -9.8100  earth              2.3s
  396       923.1       399.9    0.3820   1.00   0.50    -9.8100  earth              2.6s
  397       902.5       377.2    0.3817   1.00   0.50    -9.8100  earth              2.2s
  398      1236.0       412.7    0.3815   1.00   0.50    -9.8100  earth              2.2s
  399       912.2       396.2    0.3813   1.00   0.50    -9.8100  earth              2.1s
  [probe] gen=400 score=802.7 net=3.856 fell=0.300
  [plot] Saved fitness curve → experiments/thesis/staged_evolution/seed_07/fitness_curve.png
  400      1298.5       415.5    0.3809   1.00   0.50    -9.8100  earth              2.2s
  401       899.1       401.4    0.3805   1.00   0.50    -9.8100  earth              2.2s
  402       871.4       331.8    0.3800   1.00   0.50    -9.8100  earth              2.1s
  403      1154.3       367.6    0.3796   1.00   0.50    -9.8100  earth              2.0s
  404      1176.4       384.6    0.3791   1.00   0.50    -9.8100  earth              2.2s
  405      1020.6       370.5    0.3787   1.00   0.50    -9.8100  earth              2.0s
  406       912.6       360.1    0.3784   1.00   0.50    -9.8100  earth              2.0s
  407      1120.6       311.2    0.3781   1.00   0.50    -9.8100  earth              2.1s
  408       969.3       382.9    0.3778   1.00   0.50    -9.8100  earth              2.3s
  409       906.4       346.9    0.3775   1.00   0.50    -9.8100  earth              2.1s
  [probe] gen=410 score=1116.9 net=5.048 fell=0.300 [new best earth]
  410      1026.7       413.0    0.3771   1.00   0.50    -9.8100  earth              2.4s
  411      1071.3       422.6    0.3766   1.00   0.50    -9.8100  earth              2.2s
  412      1061.2       381.8    0.3762   1.00   0.50    -9.8100  earth              2.0s
  413      1018.4       418.5    0.3757   1.00   0.50    -9.8100  earth              2.4s
  414      1244.6       429.2    0.3753   1.00   0.50    -9.8100  earth              2.5s
  415      1029.9       439.1    0.3748   1.00   0.50    -9.8100  earth              2.4s
  416      1210.8       392.4    0.3745   1.00   0.50    -9.8100  earth              2.1s
  417      1120.5       412.2    0.3740   1.00   0.50    -9.8100  earth              1.9s
  418      1164.1       454.9    0.3733   1.00   0.50    -9.8100  earth              2.1s
  419      1080.7       468.2    0.3728   1.00   0.50    -9.8100  earth              2.4s
  [probe] gen=420 score=750.8 net=3.940 fell=0.900
  420      1183.3       494.3    0.3725   1.00   0.50    -9.8100  earth              2.2s
  421      1091.6       461.8    0.3721   1.00   0.50    -9.8100  earth              2.1s
  422      1359.5       499.0    0.3718   1.00   0.50    -9.8100  earth              2.3s
  423      1630.2       575.5    0.3713   1.00   0.50    -9.8100  earth              2.2s
  424      1084.9       524.7    0.3710   1.00   0.50    -9.8100  earth              2.4s
  [plot] Saved fitness curve → experiments/thesis/staged_evolution/seed_07/fitness_curve.png
  425      1356.0       392.4    0.3705   1.00   0.50    -9.8100  earth              2.4s
  426      1475.6       570.1    0.3701   1.00   0.50    -9.8100  earth              2.4s
  427      1159.3       530.6    0.3697   1.00   0.50    -9.8100  earth              2.7s
  428      1186.7       595.4    0.3694   1.00   0.50    -9.8100  earth              2.5s
  429      1493.1       515.8    0.3691   1.00   0.50    -9.8100  earth              2.6s
  [probe] gen=430 score=930.0 net=4.838 fell=1.000
  430      1238.2       471.8    0.3689   1.00   0.50    -9.8100  earth              2.1s
  431      1414.4       594.8    0.3687   1.00   0.50    -9.8100  earth              2.4s
  432      1192.3       514.0    0.3686   1.00   0.50    -9.8100  earth              2.0s
  433      1347.2       531.9    0.3685   1.00   0.50    -9.8100  earth              2.2s
  434      1517.2       588.6    0.3683   1.00   0.50    -9.8100  earth              2.1s
  435      1319.0       574.0    0.3681   1.00   0.50    -9.8100  earth              2.2s
  436      1159.8       541.6    0.3680   1.00   0.50    -9.8100  earth              2.2s
  437      1422.6       598.3    0.3679   1.00   0.50    -9.8100  earth              2.8s
  438      1104.9       527.8    0.3678   1.00   0.50    -9.8100  earth              2.5s
  439      1183.4       598.2    0.3677   1.00   0.50    -9.8100  earth              2.5s
  [probe] gen=440 score=790.7 net=4.232 fell=0.700
  440      1555.1       555.5    0.3676   1.00   0.50    -9.8100  earth              2.5s
  441      1398.2       559.1    0.3677   1.00   0.50    -9.8100  earth              2.2s
  442      1483.4       625.8    0.3678   1.00   0.50    -9.8100  earth              2.4s
  443      1768.4       659.2    0.3679   1.00   0.50    -9.8100  earth              2.3s
  444      1369.2       550.3    0.3679   1.00   0.50    -9.8100  earth              1.8s
  445      1249.2       573.5    0.3678   1.00   0.50    -9.8100  earth              2.1s
  446      1399.4       565.1    0.3677   1.00   0.50    -9.8100  earth              2.2s
  447      1484.1       577.5    0.3677   1.00   0.50    -9.8100  earth              2.0s
  448      1277.2       643.9    0.3674   1.00   0.50    -9.8100  earth              2.2s
  449      1205.5       530.6    0.3672   1.00   0.50    -9.8100  earth              2.3s
  [probe] gen=450 score=1314.3 net=6.924 fell=1.000 [new best earth]
  [plot] Saved fitness curve → experiments/thesis/staged_evolution/seed_07/fitness_curve.png
  450      1355.2       630.4    0.3670   1.00   0.50    -9.8100  earth              2.1s
  451      1426.3       603.3    0.3668   1.00   0.50    -9.8100  earth              2.2s
  452      1463.6       666.4    0.3666   1.00   0.50    -9.8100  earth              2.3s
  453      1459.4       676.9    0.3664   1.00   0.50    -9.8100  earth              2.3s
  454      1503.2       569.5    0.3662   1.00   0.50    -9.8100  earth              1.9s
  455      1403.6       641.4    0.3659   1.00   0.50    -9.8100  earth              2.5s
  456      1644.2       689.6    0.3657   1.00   0.50    -9.8100  earth              2.3s
  457      1426.1       647.1    0.3654   1.00   0.50    -9.8100  earth              2.1s
  458      1424.2       673.8    0.3650   1.00   0.50    -9.8100  earth              2.5s
  459      1525.5       572.1    0.3646   1.00   0.50    -9.8100  earth              2.0s
  [probe] gen=460 score=1252.8 net=6.002 fell=0.300
  460      1363.4       518.8    0.3642   1.00   0.50    -9.8100  earth              2.1s
  461      1438.9       575.0    0.3639   1.00   0.50    -9.8100  earth              2.2s
  462      1388.0       588.7    0.3635   1.00   0.50    -9.8100  earth              1.9s
  463      1540.9       632.2    0.3633   1.00   0.50    -9.8100  earth              2.5s
  464      1557.0       603.1    0.3631   1.00   0.50    -9.8100  earth              2.2s
  465      1164.3       656.3    0.3628   1.00   0.50    -9.8100  earth              2.5s
  466      1329.1       741.6    0.3626   1.00   0.50    -9.8100  earth              2.4s
  467      1466.8       633.4    0.3622   1.00   0.50    -9.8100  earth              2.4s
  468      1592.3       665.2    0.3618   1.00   0.50    -9.8100  earth              2.2s
  469      1575.6       694.7    0.3612   1.00   0.50    -9.8100  earth              2.3s
  [probe] gen=470 score=991.5 net=4.712 fell=0.300
  470      1321.8       668.5    0.3608   1.00   0.50    -9.8100  earth              2.3s
  471      1343.5       720.6    0.3605   1.00   0.50    -9.8100  earth              2.1s
  472      1309.3       698.8    0.3600   1.00   0.50    -9.8100  earth              2.3s
  473      1416.8       727.4    0.3596   1.00   0.50    -9.8100  earth              2.7s
  474      1484.7       774.4    0.3593   1.00   0.50    -9.8100  earth              2.7s
  [plot] Saved fitness curve → experiments/thesis/staged_evolution/seed_07/fitness_curve.png
  475      1288.3       712.9    0.3589   1.00   0.50    -9.8100  earth              2.5s
  476      1520.0       736.0    0.3586   1.00   0.50    -9.8100  earth              2.3s
  477      1314.7       699.5    0.3583   1.00   0.50    -9.8100  earth              2.2s
  478      1339.7       667.7    0.3580   1.00   0.50    -9.8100  earth              2.5s
  479      1292.1       678.0    0.3576   1.00   0.50    -9.8100  earth              2.6s
  [probe] gen=480 score=1387.6 net=6.443 fell=0.300 [new best earth]
  480      1400.2       650.6    0.3573   1.00   0.50    -9.8100  earth              2.3s
  481      1485.1       720.1    0.3569   1.00   0.50    -9.8100  earth              2.5s
  482      1252.8       635.8    0.3566   1.00   0.50    -9.8100  earth              2.4s
  483      1636.8       734.8    0.3563   1.00   0.50    -9.8100  earth              2.5s
  484      1539.3       702.6    0.3558   1.00   0.50    -9.8100  earth              2.3s
  485      1402.2       645.1    0.3554   1.00   0.50    -9.8100  earth              2.1s
  486      1428.6       766.5    0.3549   1.00   0.50    -9.8100  earth              2.7s
  487      1614.2       808.1    0.3546   1.00   0.50    -9.8100  earth              2.8s
  488      1400.5       763.8    0.3543   1.00   0.50    -9.8100  earth              2.5s
  489      1454.3       695.1    0.3541   1.00   0.50    -9.8100  earth              2.5s
  [probe] gen=490 score=1533.8 net=7.483 fell=0.700 [new best earth]
  490      1507.2       833.9    0.3540   1.00   0.50    -9.8100  earth              2.7s
  491      1498.6       770.6    0.3539   1.00   0.50    -9.8100  earth              2.5s
  492      1416.7       749.5    0.3538   1.00   0.50    -9.8100  earth              2.5s
  493      1644.8       832.9    0.3538   1.00   0.50    -9.8100  earth              2.7s
  494      1612.0       820.8    0.3538   1.00   0.50    -9.8100  earth              2.6s
  495      1469.3       688.8    0.3538   1.00   0.50    -9.8100  earth              2.3s
  496      1494.6       744.7    0.3538   1.00   0.50    -9.8100  earth              2.6s
  497      1348.5       713.6    0.3538   1.00   0.50    -9.8100  earth              2.5s
  498      1485.9       726.9    0.3536   1.00   0.50    -9.8100  earth              2.4s
  499      1414.4       743.4    0.3534   1.00   0.50    -9.8100  earth              2.5s
  [plot] Saved fitness curve → experiments/thesis/staged_evolution/seed_07/fitness_curve.png

Training complete. Best fitness: 2089.9
Best params → experiments/thesis/staged_evolution/seed_07/checkpoints/best_params.npy
Fitness curve → experiments/thesis/staged_evolution/seed_07/fitness_curve.png
Eval params  → best_earth_params (earth probe score: 1533.8)
Final Earth scorecard | score=1333.4 net=6.562 fell=0.550
Gravity sweep | gravities=5 mean_net=6.121 worst_net=4.460
  [exp] Wrote experiments/thesis/staged_evolution/seed_07/experiment.json
  [exp] Wrote experiments/thesis/staged_evolution/seed_07/training_log.csv
  [exp] Wrote experiments/thesis/staged_evolution/seed_07/earth_probe.csv
  [exp] Wrote experiments/thesis/staged_evolution/seed_07/gravity_sweep.csv
  [exp] Wrote experiments/thesis/staged_evolution/seed_07/summary.json
