Walker2d-v5 | policy=CPG  params=504
Curriculum   : RandomUniform  gravity U[-12.0, -6.0]  seed=6
Run context | seed=6 arm=random_variable_gravity run_id=random_variable_gravity_seed_06


Starting CMA-ES | pop=40 | sigma0=0.5 | max_gen=500 | workers=8 | seed=6
Checkpoints → experiments/thesis/random_variable_gravity/seed_06/checkpoints/

  Gen        Best        Mean     Sigma    Gravity  Phase              Time
------------------------------------------------------------------------
  [probe] gen=0 score=-355.2 net=-0.181 fell=1.000
  [plot] Saved fitness curve → experiments/thesis/random_variable_gravity/seed_06/fitness_curve.png
    0      -335.3      -402.6    0.4903    -8.7710  random             1.5s
    1      -326.0      -387.4    0.4821    -9.1059  random             0.1s
    2      -318.3      -384.6    0.4748    -6.2264  random             0.1s
    3      -283.3      -356.7    0.4681   -11.3228  random             0.2s
    4      -259.9      -354.0    0.4622    -8.0195  random             0.2s
    5      -287.5      -347.2    0.4568    -8.2816  random             0.1s
    6      -249.6      -325.7    0.4522    -8.6699  random             0.2s
    7      -288.4      -336.2    0.4478    -7.9585  random             0.2s
    8      -219.8      -330.3    0.4438   -10.0119  random             0.2s
    9      -249.2      -317.3    0.4401    -8.3870  random             0.3s
  [probe] gen=10 score=-81.7 net=0.656 fell=1.000
   10       -50.3      -308.9    0.4367    -8.3908  random             0.3s
   11      -221.9      -311.4    0.4335    -6.0223  random             0.3s
   12      -201.4      -321.6    0.4305    -6.8008  random             0.3s
   13        30.4      -291.2    0.4279    -9.3686  random             0.3s
   14        27.1      -274.4    0.4256    -9.3188  random             0.3s
   15        -3.3      -280.8    0.4233    -7.9225  random             0.4s
   16      -139.0      -285.7    0.4213    -6.1161  random             0.4s
   17        17.1      -231.3    0.4194   -10.4837  random             0.4s
   18        15.0      -232.0    0.4175    -8.3948  random             0.5s
   19        30.3      -206.6    0.4158   -11.1797  random             0.5s
  [probe] gen=20 score=13.1 net=0.934 fell=1.000
   20        58.7      -202.6    0.4143    -7.4757  random             0.6s
   21        51.3      -139.3    0.4127   -11.5774  random             0.6s
   22       118.5      -113.6    0.4113    -6.2746  random             0.7s
   23        76.0      -126.4    0.4098    -7.0363  random             0.7s
   24        65.0      -160.5    0.4085   -10.2595  random             0.6s
  [plot] Saved fitness curve → experiments/thesis/random_variable_gravity/seed_06/fitness_curve.png
   25        69.4      -162.6    0.4072    -9.0318  random             0.6s
   26       121.8      -166.6    0.4061   -10.4412  random             0.8s
   27        75.4       -47.4    0.4050    -8.7514  random             0.8s
   28        77.0       -80.0    0.4041    -8.3388  random             0.9s
   29       104.7       -88.1    0.4030    -8.4277  random             0.8s
  [probe] gen=30 score=-117.9 net=0.318 fell=1.000
   30        41.1       -81.8    0.4020    -9.9736  random             0.8s
   31        56.5       -82.3    0.4012   -11.7891  random             0.7s
   32       220.7       -16.9    0.4005    -8.5520  random             0.9s
   33       119.6       -82.2    0.4001    -8.3012  random             0.9s
   34       109.4       -74.1    0.3997    -9.1787  random             0.9s
   35       116.0       -79.8    0.3993    -8.7244  random             0.9s
   36       115.4      -103.2    0.3989   -11.5196  random             0.8s
   37       109.6      -105.2    0.3986    -9.0951  random             0.9s
   38       147.2        -1.3    0.3984    -7.2159  random             1.1s
   39       150.8       -13.2    0.3984   -11.3179  random             0.8s
  [probe] gen=40 score=56.1 net=1.060 fell=1.000
   40       255.7      -156.9    0.3985    -6.3557  random             1.1s
   41       215.9         4.9    0.3987    -8.8292  random             1.0s
   42       154.6       -72.3    0.3989   -11.7393  random             0.7s
   43       290.8      -104.8    0.3990    -8.2320  random             0.9s
   44       276.9       -93.4    0.3992    -6.5922  random             1.1s
   45       180.0      -142.7    0.3993    -9.3190  random             0.8s
   46        87.6      -159.4    0.3993    -6.6239  random             1.0s
   47       295.9       -50.0    0.3994    -6.0387  random             1.1s
   48       210.7       -73.3    0.3996    -9.4611  random             0.9s
   49       181.6       -72.2    0.3997    -7.5547  random             0.9s
  [probe] gen=50 score=63.7 net=1.183 fell=1.000
  [plot] Saved fitness curve → experiments/thesis/random_variable_gravity/seed_06/fitness_curve.png
   50       183.4      -122.1    0.3999   -10.6223  random             0.8s
   51       200.5      -119.0    0.4001   -10.0846  random             0.9s
   52       130.5       -65.1    0.4002    -9.8154  random             0.9s
   53       240.6       -82.2    0.4002    -9.2090  random             1.0s
   54       172.9       -93.8    0.4004   -10.3496  random             0.9s
   55       179.3       -95.6    0.4007    -7.2881  random             1.0s
   56       253.0      -143.9    0.4009    -9.0944  random             0.9s
   57       232.0      -146.0    0.4013   -10.3266  random             0.9s
   58        82.0       -81.6    0.4015    -6.7537  random             1.1s
   59       277.7       -18.7    0.4019    -7.5818  random             1.0s
  [probe] gen=60 score=199.6 net=1.598 fell=1.000
   60       186.7       -79.3    0.4025   -11.2307  random             0.9s
   61       200.8       -39.0    0.4029    -9.8960  random             0.8s
   62       332.5       -85.8    0.4031    -7.0633  random             1.0s
   63       173.5       -48.4    0.4034   -11.1262  random             0.8s
   64       227.7       -66.0    0.4036   -10.0807  random             0.8s
   65       244.3       -79.5    0.4038   -11.7479  random             0.8s
   66       176.3      -167.5    0.4040    -6.8482  random             0.9s
   67       273.9       -35.0    0.4041    -6.0736  random             1.0s
   68       131.6       -29.2    0.4043   -11.5803  random             0.8s
   69       208.0       -53.9    0.4045    -9.2904  random             0.9s
  [probe] gen=70 score=122.4 net=1.366 fell=1.000
   70       186.0       -34.9    0.4047   -11.9142  random             0.9s
   71       240.5      -109.8    0.4049   -11.2582  random             0.8s
   72       224.7       -25.9    0.4051    -9.7520  random             0.9s
   73       210.6      -103.7    0.4050    -7.0643  random             1.0s
   74       251.8       -85.4    0.4050    -9.7569  random             0.9s
  [plot] Saved fitness curve → experiments/thesis/random_variable_gravity/seed_06/fitness_curve.png
   75       394.5        15.1    0.4049    -6.7315  random             1.1s
   76       416.9       -57.5    0.4049    -6.4459  random             1.0s
   77       258.1       -48.8    0.4048    -8.2210  random             1.0s
   78       287.6       -28.7    0.4048    -9.5241  random             1.1s
   79       226.6       -97.5    0.4049   -11.8367  random             0.9s
  [probe] gen=80 score=310.7 net=2.087 fell=1.000
   80       318.3       -46.1    0.4051   -11.2116  random             1.0s
   81       258.0        -4.2    0.4055   -10.2980  random             0.9s
   82       317.4       -38.9    0.4058    -9.2000  random             1.0s
   83       435.4        50.4    0.4062    -8.3077  random             1.0s
   84       343.2       -21.7    0.4067    -8.7949  random             0.9s
   85       440.3       -31.0    0.4073    -9.3073  random             0.9s
   86       304.6        -3.6    0.4077    -7.6797  random             1.1s
   87       289.6       -10.6    0.4081    -8.3437  random             1.1s
   88       375.2        33.3    0.4084    -7.0398  random             1.1s
   89       320.5        18.4    0.4086   -10.3918  random             0.9s
  [probe] gen=90 score=324.7 net=2.094 fell=1.000
   90       319.3       -36.8    0.4088   -10.2098  random             1.0s
   91       368.8       -42.5    0.4089    -7.0286  random             1.1s
   92       385.7        55.6    0.4089    -8.5978  random             1.1s
   93       425.3        18.2    0.4090    -7.3030  random             1.1s
   94       418.0        18.1    0.4091    -7.0712  random             1.4s
   95       280.4        20.3    0.4092   -10.8054  random             0.9s
   96       375.0         1.2    0.4095    -8.0283  random             1.2s
   97       423.2        50.2    0.4097    -9.3793  random             1.1s
   98       372.5        49.5    0.4099    -7.4626  random             1.1s
   99       461.1        94.7    0.4100    -9.2925  random             1.0s
  [probe] gen=100 score=419.4 net=2.768 fell=1.000
  [plot] Saved fitness curve → experiments/thesis/random_variable_gravity/seed_06/fitness_curve.png
  100       373.2        -0.7    0.4099    -8.9862  random             1.0s
  101       584.1        53.4    0.4098    -6.3009  random             1.1s
  102       248.1       -10.6    0.4097    -9.7112  random             1.0s
  103       402.3        96.1    0.4097    -7.4491  random             1.1s
  104       317.5        87.1    0.4097    -7.8395  random             1.1s
  105       318.2       -35.3    0.4098   -11.5349  random             1.0s
  106       339.7       -55.5    0.4100    -6.7385  random             1.2s
  107       497.6        51.9    0.4100    -6.1011  random             1.2s
  108       441.0       110.7    0.4101    -9.3980  random             1.1s
  109       400.7        47.3    0.4101    -9.8159  random             1.1s
  [probe] gen=110 score=376.0 net=2.623 fell=1.000
  110       395.0        91.8    0.4101    -9.1922  random             1.2s
  111       351.1        93.5    0.4100    -8.0212  random             1.1s
  112       469.1       105.3    0.4101    -7.0988  random             1.2s
  113       332.5        41.8    0.4098   -10.6353  random             0.9s
  114       603.1       151.9    0.4099    -6.3853  random             1.3s
  115       339.3        44.7    0.4101    -7.1073  random             1.0s
  116       438.8        40.7    0.4102    -8.1434  random             1.2s
  117       463.7       104.1    0.4104    -7.0665  random             1.3s
  118       480.7        87.6    0.4105    -6.4003  random             1.3s
  119       322.9        30.6    0.4107   -10.8843  random             1.0s
  [probe] gen=120 score=37.4 net=0.888 fell=1.000
  120       321.1        53.9    0.4110   -11.6150  random             1.0s
  121       406.0       124.3    0.4112   -10.4572  random             1.0s
  122       531.2       159.8    0.4113    -8.4314  random             1.2s
  123       342.4       -42.3    0.4114   -10.1154  random             1.1s
  124       418.5        47.2    0.4116   -10.4303  random             1.1s
  [plot] Saved fitness curve → experiments/thesis/random_variable_gravity/seed_06/fitness_curve.png
  125       485.9        92.4    0.4118    -7.7702  random             1.2s
  126       489.0        96.9    0.4121    -8.9046  random             1.3s
  127       533.7       136.3    0.4122    -7.2093  random             1.3s
  128       432.4       -26.7    0.4123   -11.6799  random             1.1s
  129       625.9       130.4    0.4126    -9.3740  random             1.3s
  [probe] gen=130 score=-110.1 net=0.361 fell=1.000
  130       393.1       141.3    0.4128   -11.1569  random             1.2s
  131       560.0       135.3    0.4130    -6.2710  random             1.4s
  132       482.7       172.8    0.4133    -8.2445  random             1.3s
  133       766.2       190.1    0.4135    -8.1654  random             1.3s
  134       595.8       179.8    0.4135    -9.5701  random             1.3s
  135       596.6        83.0    0.4135    -7.5305  random             1.3s
  136       419.4        24.2    0.4134   -11.8281  random             1.0s
  137       576.3       169.6    0.4132    -6.5704  random             1.3s
  138       478.7       104.9    0.4130   -11.4174  random             1.1s
  139       482.4       126.7    0.4130   -10.8833  random             1.0s
  [probe] gen=140 score=335.0 net=2.267 fell=1.000
  140       644.0       189.2    0.4131    -6.9316  random             1.3s
  141       429.6        84.9    0.4133   -10.7079  random             1.0s
  142       508.2       152.6    0.4135    -8.8814  random             1.3s
  143       722.1       200.5    0.4137    -6.8923  random             1.5s
  144       784.1       286.0    0.4141    -6.0672  random             1.6s
  145       587.1       141.0    0.4146    -9.5305  random             1.3s
  146       995.3       325.2    0.4150    -7.8676  random             1.5s
  147       597.2       202.2    0.4152    -8.8594  random             1.2s
  148       495.6       124.6    0.4154   -10.6155  random             1.0s
  149       612.2       188.5    0.4158    -6.2461  random             1.5s
  [probe] gen=150 score=703.5 net=3.588 fell=1.000
  [plot] Saved fitness curve → experiments/thesis/random_variable_gravity/seed_06/fitness_curve.png
  150       834.5       268.7    0.4160    -6.5194  random             1.4s
  151       643.0       278.5    0.4164    -6.8088  random             1.4s
  152       835.7       252.5    0.4168    -7.2688  random             1.5s
  153       657.0       207.4    0.4172    -8.7100  random             1.3s
  154       725.5       267.4    0.4176    -6.7132  random             1.6s
  155       901.1       211.3    0.4179    -7.0538  random             1.5s
  156      1189.5       227.0    0.4183    -6.1198  random             1.8s
  157       787.4       302.2    0.4185    -6.2208  random             1.6s
  158       615.5       219.2    0.4185    -8.3182  random             1.5s
  159       889.7       284.8    0.4185    -7.0741  random             1.4s
  [probe] gen=160 score=327.7 net=2.240 fell=1.000
  160       342.6        78.1    0.4185   -11.4636  random             1.0s
  161       490.2        88.3    0.4185    -9.4143  random             1.1s
  162       578.6       245.5    0.4186    -6.5855  random             1.5s
  163       504.8       104.5    0.4184   -11.1150  random             1.1s
  164       614.6       243.9    0.4184    -6.2245  random             1.8s
  165       510.3       169.6    0.4186    -9.4083  random             1.4s
  166       462.3       176.1    0.4186    -7.4364  random             1.6s
  167       383.4       118.4    0.4187    -9.1962  random             1.4s
  168       370.9       120.6    0.4186   -11.4354  random             1.2s
  169       438.5       139.9    0.4186    -7.3433  random             1.3s
  [probe] gen=170 score=323.3 net=1.831 fell=0.900
  170       515.2        37.1    0.4185    -9.3502  random             1.3s
  171       765.7       159.0    0.4185    -6.9254  random             1.3s
  172       545.8       176.8    0.4185    -7.2758  random             1.3s
  173       613.2        99.2    0.4184   -10.5386  random             1.1s
  174       540.2       175.1    0.4184   -11.2764  random             1.2s
  [plot] Saved fitness curve → experiments/thesis/random_variable_gravity/seed_06/fitness_curve.png
  175       490.7       105.0    0.4184   -10.2439  random             1.3s
  176       595.8       138.5    0.4187   -10.0128  random             1.3s
  177       420.1       109.4    0.4189   -11.3336  random             1.3s
  178       683.4       222.1    0.4192    -8.0597  random             1.7s
  179       674.4        94.4    0.4194    -8.7705  random             1.3s
  [probe] gen=180 score=299.7 net=2.085 fell=1.000
  180       951.3       225.1    0.4197    -6.5303  random             1.6s
  181       529.1       236.5    0.4198    -8.0348  random             1.4s
  182       651.5       251.0    0.4199    -8.8496  random             1.5s
  183       422.3       195.0    0.4200    -9.4580  random             1.2s
  184       550.2       214.8    0.4202    -7.9341  random             1.4s
  185       610.7       122.7    0.4203   -11.4250  random             1.1s
  186       581.7        67.1    0.4206    -9.3065  random             1.3s
  187       595.9       127.6    0.4208    -7.9799  random             1.3s
  188       612.4        66.8    0.4210   -10.9047  random             1.2s
  189       547.9       120.7    0.4213    -6.4284  random             1.5s
  [probe] gen=190 score=172.2 net=1.594 fell=1.000
  190       959.7       335.1    0.4216    -6.2379  random             1.6s
  191       480.6       165.9    0.4219    -8.8836  random             1.3s
  192       654.1       204.2    0.4222    -8.9891  random             1.3s
  193       655.6       168.2    0.4224    -8.5641  random             1.2s
  194       544.6       175.6    0.4225   -10.1401  random             1.3s
  195       563.1        60.9    0.4227   -11.8278  random             1.1s
  196       629.3       251.4    0.4228    -8.6205  random             1.4s
  197       528.2       219.8    0.4229    -8.5208  random             1.4s
  198       867.9       159.3    0.4229   -10.6972  random             1.3s
  199       591.2        58.9    0.4229   -10.5659  random             1.1s
  [probe] gen=200 score=393.7 net=2.331 fell=0.900
  [plot] Saved fitness curve → experiments/thesis/random_variable_gravity/seed_06/fitness_curve.png
  200       637.6       264.0    0.4229    -9.6983  random             1.5s
  201       645.6       246.8    0.4229    -9.2155  random             1.6s
  202       768.7       262.4    0.4229    -7.4946  random             1.3s
  203       528.7       197.3    0.4229   -11.7880  random             1.0s
  204       539.7       180.5    0.4227   -11.6810  random             1.3s
  205       547.2       196.1    0.4226   -11.1288  random             1.2s
  206       647.2       277.0    0.4222    -9.3966  random             1.5s
  207       670.6       265.6    0.4219    -9.5992  random             1.4s
  208       680.9       313.7    0.4217    -8.2327  random             1.4s
  209       722.6       383.4    0.4216    -6.7402  random             1.7s
  [probe] gen=210 score=567.5 net=3.187 fell=1.000
  210       573.1       276.9    0.4215    -9.6629  random             1.4s
  211       492.2       225.2    0.4213   -11.2772  random             1.3s
  212       632.4       278.9    0.4211    -8.1826  random             1.4s
  213       597.4       232.5    0.4210   -11.0681  random             1.2s
  214       717.6       202.0    0.4209    -7.9700  random             1.5s
  215       583.0       269.7    0.4208   -10.5826  random             1.4s
  216       575.5       236.6    0.4205   -10.2259  random             1.7s
  217       568.5       271.4    0.4202   -11.8069  random             1.5s
  218       844.3       347.1    0.4198    -8.2250  random             2.0s
  219       765.6       334.8    0.4195   -10.6364  random             1.6s
  [probe] gen=220 score=430.4 net=2.662 fell=1.000
  220       630.8       357.0    0.4192    -8.5963  random             1.7s
  221       808.7       369.3    0.4190    -9.0078  random             1.7s
  222      1047.4       444.5    0.4188    -9.1486  random             1.8s
  223       847.1       408.0    0.4186    -9.3353  random             1.8s
  224       971.0       402.3    0.4183    -6.1666  random             1.9s
  [plot] Saved fitness curve → experiments/thesis/random_variable_gravity/seed_06/fitness_curve.png
  225       886.2       349.5    0.4182    -7.2588  random             1.7s
  226       608.4       279.8    0.4180   -10.8571  random             1.5s
  227       647.6       320.5    0.4177    -8.8518  random             2.1s
  228      1057.1       329.1    0.4175    -8.2207  random             2.0s
  229       731.3       266.4    0.4173   -10.6332  random             1.4s
  [probe] gen=230 score=611.4 net=2.666 fell=0.500
  230       657.1       244.3    0.4172   -10.1703  random             1.5s
  231      1217.9       267.4    0.4170    -6.8566  random             2.0s
  232       629.5       299.0    0.4169   -11.5683  random             1.5s
  233       599.0       277.9    0.4168   -11.0030  random             1.6s
  234       972.7       254.0    0.4167    -8.7870  random             2.0s
  235       625.2       334.7    0.4165    -9.8202  random             1.8s
  236       923.6       343.2    0.4161    -9.6692  random             1.9s
  237      1001.9       351.6    0.4157   -10.1036  random             1.8s
  238       825.6       358.8    0.4154   -10.5314  random             1.9s
  239       877.0       388.1    0.4150   -10.2951  random             1.8s
  [probe] gen=240 score=598.4 net=3.342 fell=1.000
  240      1199.7       343.4    0.4147    -6.5598  random             2.0s
  241      1035.3       291.6    0.4146   -10.9284  random             1.5s
  242       762.1       353.1    0.4145    -8.6862  random             2.0s
  243       899.0       375.5    0.4144    -6.1091  random             2.0s
  244       856.7       400.8    0.4142    -7.2371  random             2.1s
  245      1036.6       425.9    0.4142    -8.7015  random             2.1s
  246       740.4       371.4    0.4142   -10.6818  random             1.8s
  247      1188.1       431.9    0.4142    -7.3611  random             2.3s
  248      1046.7       358.9    0.4140    -9.0603  random             1.7s
  249      1137.6       450.5    0.4137    -7.7929  random             1.9s
  [probe] gen=250 score=623.3 net=2.699 fell=0.600
  [plot] Saved fitness curve → experiments/thesis/random_variable_gravity/seed_06/fitness_curve.png
  250       762.5       352.7    0.4135   -11.2282  random             1.9s
  251      1158.8       424.8    0.4133    -6.8349  random             2.1s
  252      1270.0       479.0    0.4131    -8.0371  random             2.0s
  253      1082.6       513.3    0.4130    -6.2493  random             2.2s
  254      1460.4       421.0    0.4129    -9.0576  random             1.7s
  255       976.4       439.6    0.4129    -8.8571  random             2.1s
  256       734.4       319.9    0.4130   -10.9870  random             1.5s
  257       953.4       441.4    0.4132    -8.5645  random             2.1s
  258       983.1       319.5    0.4133   -11.2297  random             1.6s
  259       890.9       321.3    0.4133   -11.1461  random             1.9s
  [probe] gen=260 score=420.5 net=2.407 fell=1.000
  260       818.2       371.4    0.4133    -8.8373  random             1.9s
  261      1245.7       483.0    0.4134    -7.2708  random             2.0s
  262       625.8       271.9    0.4135   -10.6357  random             1.5s
  263       582.0       255.4    0.4137   -11.9567  random             1.6s
  264       761.1       406.9    0.4138   -10.7195  random             1.6s
  265       661.9       300.8    0.4135   -11.7664  random             1.5s
  266      1075.1       481.3    0.4132    -7.5310  random             2.2s
  267      1171.2       458.9    0.4128    -6.4232  random             2.1s
  268      1409.8       406.8    0.4124    -6.1996  random             1.9s
  269       570.5       284.0    0.4118   -11.0361  random             1.2s
  [probe] gen=270 score=1202.4 net=6.020 fell=0.800
  270      1221.5       371.2    0.4114   -10.0953  random             1.7s
  271      1054.2       500.8    0.4110    -8.8934  random             1.9s
  272       670.0       277.5    0.4106   -11.9900  random             1.4s
  273      1181.0       384.2    0.4100    -7.6824  random             1.9s
  274      1406.7       438.3    0.4096    -7.1937  random             1.8s
  [plot] Saved fitness curve → experiments/thesis/random_variable_gravity/seed_06/fitness_curve.png
  275      1048.3       417.6    0.4091    -8.5187  random             1.6s
  276      1008.7       455.4    0.4089    -7.2423  random             2.0s
  277      1515.0       474.9    0.4086    -8.2185  random             1.9s
  278      1373.9       358.2    0.4083   -10.4160  random             1.4s
  279      1013.9       455.5    0.4079    -9.6944  random             1.8s
  [probe] gen=280 score=938.3 net=5.057 fell=1.000
  280      1366.5       581.4    0.4076    -8.2321  random             2.2s
  281      1469.1       495.8    0.4073    -7.1397  random             2.0s
  282      1509.6       603.0    0.4071    -6.6083  random             2.1s
  283      1530.6       609.4    0.4067    -7.2578  random             2.1s
  284      1024.1       467.0    0.4064   -10.1879  random             1.6s
  285      1687.8       530.4    0.4060    -8.1025  random             2.3s
  286      1230.0       472.2    0.4055    -9.7073  random             1.7s
  287       770.0       309.0    0.4050   -11.0939  random             1.7s
  288      1066.1       391.2    0.4044    -9.3664  random             1.8s
  289       756.0       352.6    0.4036   -10.5202  random             1.7s
  [probe] gen=290 score=698.6 net=3.956 fell=0.900
  290      1245.6       513.7    0.4030    -7.3392  random             2.3s
  291      1486.7       444.4    0.4024    -6.5136  random             1.9s
  292      1281.1       522.2    0.4017    -8.2540  random             2.1s
  293      1051.4       392.3    0.4011   -10.4260  random             1.6s
  294      1161.4       495.7    0.4004    -9.7150  random             2.0s
  295      1290.8       534.2    0.3998    -7.8992  random             2.3s
  296      1503.3       595.7    0.3991    -7.3126  random             2.0s
  297      1363.0       481.2    0.3983    -8.9766  random             1.8s
  298      1135.3       495.8    0.3975    -9.1710  random             1.9s
  299       906.4       359.5    0.3967   -11.6204  random             1.8s
  [probe] gen=300 score=456.0 net=2.101 fell=0.400
  [plot] Saved fitness curve → experiments/thesis/random_variable_gravity/seed_06/fitness_curve.png
  300       793.3       340.6    0.3958   -11.6006  random             1.7s
  301      1192.6       582.7    0.3950    -9.7308  random             1.9s
  302      1019.1       478.7    0.3941   -10.0636  random             2.0s
  303       856.4       368.8    0.3933   -11.7579  random             1.6s
  304      1368.6       544.7    0.3926    -6.8396  random             2.5s
  305       921.6       394.5    0.3920   -10.8532  random             1.7s
  306       956.8       381.6    0.3913   -11.8281  random             1.5s
  307      1295.9       516.6    0.3906    -8.9057  random             2.1s
  308      1303.3       557.2    0.3900    -6.0527  random             2.0s
  309       882.9       469.0    0.3893    -9.5662  random             1.8s
  [probe] gen=310 score=912.9 net=4.897 fell=1.000
  310      1444.5       459.4    0.3889   -10.0142  random             1.7s
  311      1592.0       654.1    0.3884    -6.0124  random             2.2s
  312      1016.8       294.8    0.3879   -10.5837  random             1.2s
  313       958.3       336.4    0.3875   -11.3028  random             1.3s
  314      1409.1       604.6    0.3870    -6.0681  random             2.1s
  315       964.3       452.9    0.3864   -10.2946  random             1.6s
  316       907.0       404.2    0.3858   -10.7366  random             1.5s
  317      1079.7       536.2    0.3852    -8.5790  random             1.9s
  318      1082.9       568.1    0.3847    -8.6586  random             2.0s
  319      1240.7       441.7    0.3842    -9.8760  random             1.6s
  [probe] gen=320 score=903.0 net=4.702 fell=0.900
  320       855.7       303.3    0.3838   -11.2715  random             1.5s
  321      1440.1       516.9    0.3834    -6.4625  random             2.1s
  322      1389.8       681.9    0.3829    -7.6218  random             2.0s
  323      1271.5       609.0    0.3823    -7.0161  random             2.1s
  324      1364.2       593.0    0.3816    -7.9850  random             2.0s
  [plot] Saved fitness curve → experiments/thesis/random_variable_gravity/seed_06/fitness_curve.png
  325      1315.4       525.2    0.3810    -9.3538  random             2.0s
  326      1320.9       436.2    0.3805   -11.2207  random             1.7s
  327      1324.4       426.5    0.3798    -6.6901  random             2.2s
  328      1342.8       606.7    0.3793    -8.4750  random             2.1s
  329       944.8       499.1    0.3789   -10.6804  random             1.7s
  [probe] gen=330 score=1004.0 net=5.274 fell=1.000
  330      1282.4       662.3    0.3786    -8.9999  random             2.2s
  331      1427.6       559.0    0.3785    -6.4364  random             2.1s
  332      1232.4       707.0    0.3785    -7.3794  random             2.2s
  333      1497.0       574.4    0.3783   -10.1305  random             2.0s
  334      1083.8       502.6    0.3782   -10.9276  random             1.9s
  335      1238.4       644.6    0.3781    -9.4518  random             2.4s
  336      1478.0       703.9    0.3781    -8.5897  random             2.3s
  337      1259.4       672.2    0.3781    -7.0852  random             2.5s
  338      1441.6       437.9    0.3781   -11.2597  random             1.6s
  339      1249.8       689.3    0.3780    -8.1453  random             2.5s
  [probe] gen=340 score=717.7 net=4.109 fell=0.900
  340      1246.9       728.1    0.3780    -6.0373  random             2.5s
  341      1597.3       662.4    0.3779    -8.9699  random             1.9s
  342      1529.2       708.1    0.3778    -9.3538  random             2.0s
  343      1552.3       687.7    0.3778    -9.0949  random             2.1s
  344      1610.4       660.4    0.3778    -8.2261  random             2.3s
  345      1390.0       721.2    0.3778    -6.6165  random             2.4s
  346      1303.1       253.8    0.3779   -11.5005  random             1.3s
  347      1884.7       744.5    0.3779    -6.6116  random             2.5s
  348      1060.5       430.5    0.3778   -11.0928  random             1.5s
  349      1729.4       679.9    0.3777    -9.6475  random             2.1s
  [probe] gen=350 score=1067.9 net=5.807 fell=0.900
  [plot] Saved fitness curve → experiments/thesis/random_variable_gravity/seed_06/fitness_curve.png
  350      1644.1       763.5    0.3776    -7.5362  random             2.7s
  351      1717.6       723.0    0.3775    -8.6122  random             2.3s
  352      1762.7       875.8    0.3775    -7.7995  random             2.4s
  353      1674.9       833.8    0.3774    -8.4519  random             2.3s
  354      1134.6       395.9    0.3773   -11.4071  random             1.7s
  355      1211.3       624.9    0.3772    -9.8923  random             2.1s
  356      1172.8       422.7    0.3772   -11.9507  random             1.6s
  357      1436.3       633.5    0.3773   -10.4273  random             1.9s
  358      1502.6       738.0    0.3773    -9.1866  random             2.4s
  359      1530.3       560.9    0.3773    -6.6016  random             2.2s
  [probe] gen=360 score=777.0 net=3.861 fell=0.700
  360      1699.6       764.0    0.3773    -9.3104  random             2.5s
  361      1486.4       801.0    0.3772    -6.0450  random             2.6s
  362      1744.3       827.2    0.3770    -7.6157  random             2.5s
  363      1746.1       853.4    0.3766    -6.7237  random             2.7s
  364      1651.6       611.4    0.3763   -10.4569  random             2.1s
  365      1946.5       940.4    0.3759    -7.0028  random             2.9s
  366      1523.2       454.8    0.3757   -11.2650  random             1.8s
  367      1801.8       931.7    0.3754    -8.7033  random             2.7s
  368      1559.1       833.9    0.3753    -6.2562  random             2.8s
  369      1693.4       665.6    0.3751   -10.0338  random             1.9s
  [probe] gen=370 score=1160.0 net=5.522 fell=0.700
  370      1403.7       592.1    0.3750   -11.4219  random             1.9s
  371      1210.5       546.9    0.3749   -11.7872  random             1.6s
  372      1559.4       693.3    0.3747    -7.3285  random             2.4s
  373      1605.0       728.2    0.3746    -6.3737  random             2.6s
  374      1671.0       819.1    0.3747    -7.2201  random             2.6s
  [plot] Saved fitness curve → experiments/thesis/random_variable_gravity/seed_06/fitness_curve.png
  375      1472.9       789.6    0.3746    -6.6261  random             2.6s
  376      1748.3       813.3    0.3744    -7.3001  random             2.6s
  377      1651.8       817.5    0.3742    -6.8432  random             2.4s
  378      1506.2       655.8    0.3740   -10.2364  random             1.8s
  379      1689.9       587.3    0.3738   -11.5357  random             2.1s
  [probe] gen=380 score=547.9 net=3.261 fell=1.000
  380      1654.6       692.5    0.3737    -6.1856  random             2.6s
  381      1577.2       714.1    0.3736    -9.6408  random             1.9s
  382      1651.8       642.2    0.3736    -9.1379  random             2.2s
  383      1664.8       843.0    0.3735    -6.3797  random             2.7s
  384      1274.2       562.0    0.3734   -10.3692  random             2.0s
  385      1640.5       868.2    0.3734    -9.5671  random             2.5s
  386      1494.9       738.8    0.3734    -9.3908  random             2.4s
  387      1253.3       463.4    0.3735   -11.8684  random             1.9s
  388      1522.6       696.4    0.3734   -10.1727  random             2.7s
  389      1731.4       832.5    0.3732    -7.9801  random             2.9s
  [probe] gen=390 score=1185.6 net=6.026 fell=0.600
  390      1456.8       626.3    0.3732    -6.6831  random             2.6s
  391      1373.2       678.8    0.3733   -10.0712  random             2.4s
  392      1630.1       878.1    0.3734    -6.9350  random             2.8s
  393      1525.0       830.0    0.3735    -7.3942  random             2.8s
  394       991.0       471.2    0.3736   -11.4771  random             1.8s
  395      1612.1       758.3    0.3737    -9.8091  random             2.3s
  396      1569.8       807.2    0.3738    -7.1289  random             2.6s
  397       966.3       405.8    0.3739   -11.4143  random             1.9s
  398      1409.2       597.8    0.3740   -10.1866  random             2.1s
  399      1494.9       698.8    0.3739    -8.5114  random             2.4s
  [probe] gen=400 score=856.7 net=4.643 fell=1.000
  [plot] Saved fitness curve → experiments/thesis/random_variable_gravity/seed_06/fitness_curve.png
  400      1042.2       363.4    0.3742   -11.5985  random             1.7s
  401      1654.8       809.8    0.3743    -6.9330  random             2.7s
  402      1535.1       892.7    0.3744    -8.1135  random             2.8s
  403      1493.3       768.7    0.3742    -6.3320  random             2.6s
  404      1348.7       607.4    0.3741    -9.3250  random             2.1s
  405      1634.2       577.4    0.3740    -9.8359  random             2.1s
  406      1574.6       928.2    0.3737    -6.9461  random             2.8s
  407      1208.4       535.7    0.3735    -9.9911  random             1.7s
  408      1578.5       753.0    0.3733    -9.7347  random             2.7s
  409      1568.4      1015.9    0.3731    -7.6775  random             3.2s
  [probe] gen=410 score=697.2 net=2.929 fell=0.000
  410      1245.0       472.3    0.3731   -10.9914  random             2.4s
  411      1314.5       572.7    0.3731   -11.1651  random             2.1s
  412      1267.7       529.7    0.3731   -11.6626  random             2.0s
  413      1206.6       491.5    0.3731   -11.7623  random             2.1s
  414      1693.9       778.0    0.3734    -7.4446  random             2.9s
  415      1296.7       512.3    0.3735   -11.6317  random             1.9s
  416      1503.6       845.5    0.3735   -10.1793  random             3.0s
  417      1470.7       689.1    0.3735    -8.5155  random             2.9s
  418      1570.2       693.4    0.3736    -9.7206  random             2.5s
  419      1585.2       817.7    0.3738    -8.6099  random             2.9s
  [probe] gen=420 score=470.1 net=3.006 fell=1.000
  420      1610.1       632.3    0.3739   -11.0369  random             2.1s
  421      1545.4       716.4    0.3740   -11.4526  random             2.2s
  422      1423.5       533.7    0.3742   -11.2751  random             2.0s
  423      1610.2       580.4    0.3742   -10.4476  random             2.3s
  424      1659.6       661.5    0.3743    -9.7607  random             2.3s
  [plot] Saved fitness curve → experiments/thesis/random_variable_gravity/seed_06/fitness_curve.png
  425      1681.0       620.0    0.3744   -11.3241  random             2.5s
  426      1154.7       516.1    0.3744   -11.8109  random             1.9s
  427      1409.6       713.2    0.3745   -10.1532  random             2.6s
  428      1669.2       801.4    0.3746    -8.8469  random             2.7s
  429      1440.1       863.1    0.3747    -8.8618  random             2.7s
  [probe] gen=430 score=1323.3 net=7.063 fell=1.000
  430      1801.4       786.6    0.3745    -8.3212  random             2.8s
  431      1121.8       379.3    0.3745   -11.8265  random             1.4s
  432      1440.9       730.3    0.3743    -7.8234  random             2.4s
  433      1578.9       807.2    0.3743    -9.1048  random             2.5s
  434      1322.9       443.7    0.3742   -10.5682  random             1.8s
  435      1387.3       650.3    0.3742   -10.0632  random             2.6s
  436      1631.6       774.5    0.3741    -8.9742  random             2.3s
  437      1739.1       903.0    0.3741    -6.0681  random             2.9s
  438      1831.8       868.3    0.3740    -7.8262  random             2.6s
  439      1590.2       522.1    0.3739   -10.9548  random             1.7s
  [probe] gen=440 score=1500.8 net=7.225 fell=0.200
  440      1678.1       785.0    0.3740    -9.6576  random             2.3s
  441      1763.8       887.5    0.3742    -9.2562  random             2.4s
  442      1624.4       662.6    0.3742   -10.3694  random             2.1s
  443      1725.9       845.0    0.3741    -7.1691  random             2.7s
  444      1740.8      1053.9    0.3742    -7.5131  random             2.9s
  445      1952.4      1165.0    0.3741    -6.7814  random             3.1s
  446      1929.5      1033.9    0.3740    -7.5200  random             2.5s
  447      1564.9       693.3    0.3738    -9.5181  random             2.1s
  448      1347.5       470.2    0.3737   -11.5311  random             1.6s
  449      1680.1       806.2    0.3737    -6.1325  random             2.7s
  [probe] gen=450 score=1272.3 net=6.571 fell=0.500
  [plot] Saved fitness curve → experiments/thesis/random_variable_gravity/seed_06/fitness_curve.png
  450      1467.5       740.4    0.3737    -9.2621  random             2.3s
  451      1474.2       730.4    0.3737    -9.9023  random             2.7s
  452      1623.2       447.6    0.3737   -11.9574  random             1.8s
  453      1672.4       923.0    0.3737    -8.3541  random             3.2s
  454      1565.1       690.1    0.3737   -10.3183  random             2.5s
  455      1804.5      1041.8    0.3738    -6.6560  random             3.2s
  456      1669.2       690.7    0.3739    -9.7180  random             2.2s
  457      1806.0      1054.5    0.3740    -6.7169  random             3.2s
  458      1576.5       489.0    0.3740   -10.9074  random             1.7s
  459      1883.9       983.0    0.3741    -9.6942  random             2.9s
  [probe] gen=460 score=1011.9 net=5.289 fell=0.600
  460      1124.7       314.5    0.3742   -11.7350  random             1.3s
  461      1662.6       800.9    0.3744    -6.2714  random             2.6s
  462      1787.1       521.5    0.3747   -10.3876  random             1.9s
  463      1638.5      1035.5    0.3749    -6.9159  random             3.3s
  464      1622.9       967.9    0.3752    -6.5084  random             2.7s
  465      1717.0       725.1    0.3753    -9.1640  random             2.3s
  466      1845.9      1083.6    0.3752    -7.4732  random             2.9s
  467      1850.8      1028.8    0.3751    -8.0429  random             2.7s
  468      1908.6       648.7    0.3749   -10.2867  random             1.7s
  469      1420.5       455.0    0.3747   -11.1286  random             1.9s
  [probe] gen=470 score=1531.2 net=8.100 fell=0.800
  470      1807.0       884.9    0.3746    -9.8127  random             2.4s
  471      2051.6      1059.9    0.3747    -8.1607  random             2.9s
  472      1710.0      1004.3    0.3748    -7.0142  random             2.7s
  473      1401.5       345.2    0.3748   -11.7304  random             1.3s
  474      1721.0       902.4    0.3749    -7.0996  random             2.8s
  [plot] Saved fitness curve → experiments/thesis/random_variable_gravity/seed_06/fitness_curve.png
  475      1795.1       858.2    0.3749    -8.7577  random             2.2s
  476      1427.6       413.3    0.3750   -11.2987  random             1.4s
  477      1607.3       522.2    0.3751   -11.6708  random             1.7s
  478      1938.8       979.5    0.3750    -8.2390  random             2.8s
  479      1802.1      1069.4    0.3750    -8.3908  random             2.7s
  [probe] gen=480 score=1618.7 net=7.907 fell=0.700
  480      1530.6       530.2    0.3748   -10.6490  random             1.9s
  481      1760.8       705.9    0.3746   -10.7857  random             2.3s
  482      1629.0       837.7    0.3745   -10.7134  random             2.3s
  483      1689.4      1040.3    0.3743    -7.8234  random             3.1s
  484      1767.1      1026.2    0.3740    -7.8562  random             3.0s
  485      1606.9       698.1    0.3738   -10.5174  random             2.0s
  486      1795.4      1005.7    0.3735    -9.0916  random             2.7s
  487      1795.3       910.4    0.3733    -9.4491  random             2.7s
  488      1827.3      1060.9    0.3730    -8.6327  random             2.6s
  489      1857.9       921.8    0.3728   -10.0025  random             2.4s
  [probe] gen=490 score=1429.5 net=6.543 fell=0.000
  490      1505.6       727.3    0.3724   -10.8457  random             1.9s
  491      1879.9       964.4    0.3720    -8.0686  random             2.8s
  492      1871.5      1205.1    0.3715    -8.4086  random             3.2s
  493      1809.0       752.8    0.3712   -10.8427  random             2.1s
  494      1588.2       725.9    0.3710   -10.1235  random             2.2s
  495      1831.2       706.4    0.3709   -11.2367  random             2.3s
  496      1871.5       892.5    0.3708   -10.6740  random             2.6s
  497      1632.0       810.6    0.3706   -10.5723  random             2.4s
  498      1744.8       918.1    0.3705   -10.8482  random             2.6s
  499      1694.8       934.2    0.3704   -10.6197  random             2.7s
  [plot] Saved fitness curve → experiments/thesis/random_variable_gravity/seed_06/fitness_curve.png

Training complete. Best fitness: 2051.6
Best params → experiments/thesis/random_variable_gravity/seed_06/checkpoints/best_params.npy
Fitness curve → experiments/thesis/random_variable_gravity/seed_06/fitness_curve.png
Final Earth scorecard | score=560.2 net=3.571 fell=1.000
Gravity sweep | gravities=5 mean_net=5.559 worst_net=3.069
  [exp] Wrote experiments/thesis/random_variable_gravity/seed_06/experiment.json
  [exp] Wrote experiments/thesis/random_variable_gravity/seed_06/training_log.csv
  [exp] Wrote experiments/thesis/random_variable_gravity/seed_06/earth_probe.csv
  [exp] Wrote experiments/thesis/random_variable_gravity/seed_06/gravity_sweep.csv
  [exp] Wrote experiments/thesis/random_variable_gravity/seed_06/summary.json
