Walker2d-v5 | policy=CPG  params=504
Curriculum   : StagedEvolution  -1.6 (33%) → -5.0 (33%) → -9.81 (33%)
Run context | seed=0 arm=staged_evolution run_id=staged_evolution_seed_00

Schedule | penalty_min=0.20 penalty_ramp_gen=200 corr_min=0.00 corr_max=0.50 corr_ramp_gen=200

Starting CMA-ES | pop=40 | sigma0=0.5 | max_gen=500 | workers=8 | seed=0
Checkpoints → experiments/thesis/staged_evolution/seed_00/checkpoints/

  Gen        Best        Mean     Sigma    Pen   Corr    Gravity  Phase              Time
------------------------------------------------------------------------------------
  [probe] gen=0 score=-403.1 net=-0.357 fell=1.000 [new best earth]
  [plot] Saved fitness curve → experiments/thesis/staged_evolution/seed_00/fitness_curve.png
    0       -62.2       -77.1    0.4902   0.20   0.00    -1.6000  moon               1.6s
    1       -60.4       -75.2    0.4820   0.20   0.00    -1.6000  moon               0.1s
    2       -21.5       -72.9    0.4744   0.21   0.01    -1.6000  moon               0.2s
    3       -59.1       -72.6    0.4678   0.21   0.01    -1.6000  moon               0.2s
    4       -61.5       -73.7    0.4616   0.22   0.01    -1.6000  moon               0.2s
    5       -59.4       -72.4    0.4562   0.22   0.01    -1.6000  moon               0.2s
    6       -55.6       -70.7    0.4514   0.22   0.01    -1.6000  moon               0.3s
    7       -58.8       -72.9    0.4470   0.23   0.02    -1.6000  moon               0.3s
    8       -57.8       -69.6    0.4430   0.23   0.02    -1.6000  moon               0.3s
    9       -55.4       -70.5    0.4392   0.24   0.02    -1.6000  moon               0.3s
  [probe] gen=10 score=-385.4 net=-0.230 fell=1.000 [new best earth]
   10       -53.6       -69.9    0.4357   0.24   0.03    -1.6000  moon               0.3s
   11       -53.5       -72.6    0.4323   0.24   0.03    -1.6000  moon               0.3s
   12       -49.4       -73.7    0.4293   0.25   0.03    -1.6000  moon               0.3s
   13       -45.2       -70.9    0.4267   0.25   0.03    -1.6000  moon               0.3s
   14       -36.1       -68.9    0.4242   0.26   0.04    -1.6000  moon               0.3s
   15       -48.2       -76.8    0.4218   0.26   0.04    -1.6000  moon               0.3s
   16       -48.5       -69.9    0.4196   0.26   0.04    -1.6000  moon               0.3s
   17         1.7       -67.8    0.4176   0.27   0.04    -1.6000  moon               0.4s
   18       -16.6       -68.8    0.4160   0.27   0.04    -1.6000  moon               0.5s
   19       -24.2       -70.6    0.4145   0.28   0.05    -1.6000  moon               0.5s
  [probe] gen=20 score=-306.7 net=-0.027 fell=1.000 [new best earth]
   20       -16.6       -67.0    0.4131   0.28   0.05    -1.6000  moon               0.5s
   21        33.3       -61.1    0.4118   0.28   0.05    -1.6000  moon               0.6s
   22       119.2       -62.1    0.4107   0.29   0.06    -1.6000  moon               0.6s
   23       105.3       -55.6    0.4098   0.29   0.06    -1.6000  moon               0.7s
   24       222.1       -53.2    0.4089   0.30   0.06    -1.6000  moon               0.7s
  [plot] Saved fitness curve → experiments/thesis/staged_evolution/seed_00/fitness_curve.png
   25       204.5       -29.3    0.4082   0.30   0.06    -1.6000  moon               0.8s
   26       211.7       -10.8    0.4075   0.30   0.07    -1.6000  moon               1.0s
   27       233.2        39.2    0.4070   0.31   0.07    -1.6000  moon               1.1s
   28       301.8        80.5    0.4065   0.31   0.07    -1.6000  moon               1.3s
   29       261.8        74.3    0.4059   0.32   0.07    -1.6000  moon               1.3s
  [probe] gen=30 score=-335.3 net=-0.526 fell=1.000
   30       251.1       134.9    0.4051   0.32   0.07    -1.6000  moon               1.6s
   31       219.3       125.8    0.4044   0.32   0.08    -1.6000  moon               1.5s
   32       278.7       129.7    0.4037   0.33   0.08    -1.6000  moon               1.6s
   33       351.7       157.9    0.4030   0.33   0.08    -1.6000  moon               1.5s
   34       280.9       145.9    0.4026   0.34   0.09    -1.6000  moon               1.6s
   35       261.4       136.2    0.4023   0.34   0.09    -1.6000  moon               1.6s
   36       289.7       153.2    0.4018   0.34   0.09    -1.6000  moon               1.6s
   37       213.2       125.7    0.4015   0.35   0.09    -1.6000  moon               1.6s
   38       244.0       157.0    0.4010   0.35   0.10    -1.6000  moon               1.6s
   39       249.5       143.0    0.4005   0.36   0.10    -1.6000  moon               1.6s
  [probe] gen=40 score=-351.7 net=-0.592 fell=1.000
   40       242.5       133.4    0.4001   0.36   0.10    -1.6000  moon               1.7s
   41       331.1       157.2    0.3998   0.36   0.10    -1.6000  moon               1.9s
   42       258.2       128.1    0.3996   0.37   0.10    -1.6000  moon               1.7s
   43       277.0       135.5    0.3994   0.37   0.11    -1.6000  moon               1.9s
   44       247.8       140.2    0.3993   0.38   0.11    -1.6000  moon               1.5s
   45       273.3       121.1    0.3992   0.38   0.11    -1.6000  moon               1.7s
   46       310.4       182.2    0.3990   0.38   0.12    -1.6000  moon               2.0s
   47       369.1       180.7    0.3990   0.39   0.12    -1.6000  moon               2.0s
   48       251.9       147.4    0.3990   0.39   0.12    -1.6000  moon               1.9s
   49       428.5       129.7    0.3991   0.40   0.12    -1.6000  moon               2.0s
  [probe] gen=50 score=-356.0 net=-0.190 fell=1.000
  [plot] Saved fitness curve → experiments/thesis/staged_evolution/seed_00/fitness_curve.png
   50       257.1         6.6    0.3992   0.40   0.12    -1.6000  moon               1.4s
   51       275.4       112.0    0.3994   0.40   0.13    -1.6000  moon               1.6s
   52       389.5       122.1    0.3996   0.41   0.13    -1.6000  moon               1.8s
   53       311.2       131.2    0.3995   0.41   0.13    -1.6000  moon               2.1s
   54       306.2       146.3    0.3993   0.42   0.14    -1.6000  moon               2.1s
   55       287.6       135.2    0.3992   0.42   0.14    -1.6000  moon               2.2s
   56       303.1       162.5    0.3989   0.42   0.14    -1.6000  moon               2.0s
   57       302.6       105.6    0.3990   0.43   0.14    -1.6000  moon               2.0s
   58       300.7       132.2    0.3990   0.43   0.14    -1.6000  moon               2.0s
   59       297.7       122.8    0.3989   0.44   0.15    -1.6000  moon               1.9s
  [probe] gen=60 score=-413.0 net=-0.650 fell=1.000
   60       328.4       173.2    0.3989   0.44   0.15    -1.6000  moon               2.4s
   61       292.1       162.1    0.3990   0.44   0.15    -1.6000  moon               2.4s
   62       298.1       126.6    0.3991   0.45   0.15    -1.6000  moon               2.0s
   63       303.9       172.7    0.3992   0.45   0.16    -1.6000  moon               2.2s
   64       339.7       201.2    0.3994   0.46   0.16    -1.6000  moon               2.6s
   65       306.1       213.2    0.3996   0.46   0.16    -1.6000  moon               2.7s
   66       329.8       178.7    0.3997   0.46   0.17    -1.6000  moon               2.6s
   67       327.0       163.1    0.3997   0.47   0.17    -1.6000  moon               2.9s
   68       328.8       181.8    0.3997   0.47   0.17    -1.6000  moon               2.6s
   69       347.1       143.6    0.3996   0.48   0.17    -1.6000  moon               2.5s
  [probe] gen=70 score=-288.0 net=-0.379 fell=0.900 [new best earth]
   70       339.4       127.9    0.3993   0.48   0.17    -1.6000  moon               2.4s
   71       345.2       165.1    0.3990   0.48   0.18    -1.6000  moon               2.8s
   72       323.7       136.3    0.3986   0.49   0.18    -1.6000  moon               2.5s
   73       334.6       159.4    0.3983   0.49   0.18    -1.6000  moon               2.8s
   74       329.2       144.3    0.3981   0.50   0.18    -1.6000  moon               2.6s
  [plot] Saved fitness curve → experiments/thesis/staged_evolution/seed_00/fitness_curve.png
   75       316.9        87.0    0.3979   0.50   0.19    -1.6000  moon               2.1s
   76       320.1       146.6    0.3978   0.50   0.19    -1.6000  moon               2.4s
   77       325.3       133.6    0.3977   0.51   0.19    -1.6000  moon               2.1s
   78       331.3       142.4    0.3975   0.51   0.20    -1.6000  moon               2.5s
   79       320.8       128.4    0.3974   0.52   0.20    -1.6000  moon               2.1s
  [probe] gen=80 score=-367.0 net=-0.319 fell=1.000
   80       317.2       140.6    0.3974   0.52   0.20    -1.6000  moon               2.6s
   81       312.9        90.8    0.3974   0.52   0.20    -1.6000  moon               2.3s
   82       323.5       125.2    0.3975   0.53   0.20    -1.6000  moon               2.6s
   83       314.2       131.5    0.3976   0.53   0.21    -1.6000  moon               2.6s
   84       314.5        36.8    0.3977   0.54   0.21    -1.6000  moon               1.7s
   85       385.8       101.4    0.3978   0.54   0.21    -1.6000  moon               2.3s
   86       343.0        87.7    0.3980   0.54   0.21    -1.6000  moon               2.3s
   87       315.7       146.8    0.3981   0.55   0.22    -1.6000  moon               2.4s
   88       326.3       183.7    0.3983   0.55   0.22    -1.6000  moon               2.6s
   89       299.3       188.2    0.3984   0.56   0.22    -1.6000  moon               2.8s
  [probe] gen=90 score=-337.7 net=-0.233 fell=1.000
   90       316.7       155.0    0.3986   0.56   0.23    -1.6000  moon               2.8s
   91       290.0       168.0    0.3989   0.56   0.23    -1.6000  moon               2.6s
   92       321.3       151.4    0.3991   0.57   0.23    -1.6000  moon               2.8s
   93       318.9       193.0    0.3993   0.57   0.23    -1.6000  moon               3.0s
   94       320.3       112.1    0.3995   0.58   0.23    -1.6000  moon               2.4s
   95       333.4        89.5    0.3994   0.58   0.24    -1.6000  moon               2.6s
   96       310.5        83.2    0.3993   0.58   0.24    -1.6000  moon               2.2s
   97       298.0        80.0    0.3991   0.59   0.24    -1.6000  moon               2.3s
   98       310.7       129.6    0.3989   0.59   0.24    -1.6000  moon               2.5s
   99       304.0       114.3    0.3987   0.60   0.25    -1.6000  moon               2.4s
  [probe] gen=100 score=204.9 net=0.964 fell=1.000 [new best earth]
  [plot] Saved fitness curve → experiments/thesis/staged_evolution/seed_00/fitness_curve.png
  100       321.2       170.4    0.3986   0.60   0.25    -1.6000  moon               3.1s
  101       316.7       207.9    0.3982   0.60   0.25    -1.6000  moon               2.9s
  102       327.6       138.2    0.3978   0.61   0.26    -1.6000  moon               3.0s
  103       315.7       101.4    0.3974   0.61   0.26    -1.6000  moon               2.7s
  104       329.5       184.7    0.3971   0.62   0.26    -1.6000  moon               3.3s
  105       325.4       119.0    0.3968   0.62   0.26    -1.6000  moon               2.7s
  106       287.5       126.2    0.3965   0.62   0.27    -1.6000  moon               2.9s
  107       285.3       178.0    0.3963   0.63   0.27    -1.6000  moon               3.3s
  108       332.2       155.4    0.3959   0.63   0.27    -1.6000  moon               3.0s
  109       291.4       170.1    0.3954   0.64   0.27    -1.6000  moon               2.9s
  [probe] gen=110 score=-87.1 net=0.139 fell=0.900
  110       297.1       126.5    0.3949   0.64   0.28    -1.6000  moon               2.7s
  111       347.0       104.3    0.3944   0.64   0.28    -1.6000  moon               2.5s
  112       319.7       110.9    0.3940   0.65   0.28    -1.6000  moon               2.3s
  113       305.0       129.4    0.3936   0.65   0.28    -1.6000  moon               2.4s
  114       298.1       150.2    0.3932   0.66   0.28    -1.6000  moon               2.7s
  115       279.3       115.9    0.3929   0.66   0.29    -1.6000  moon               2.8s
  116       263.5       149.4    0.3928   0.66   0.29    -1.6000  moon               2.5s
  117       299.2       150.1    0.3927   0.67   0.29    -1.6000  moon               2.7s
  118       344.1       141.7    0.3928   0.67   0.29    -1.6000  moon               2.7s
  119       329.1       138.3    0.3930   0.68   0.30    -1.6000  moon               3.0s
  [probe] gen=120 score=13.7 net=-0.214 fell=0.000
  120       279.7       132.3    0.3933   0.68   0.30    -1.6000  moon               2.8s
  121       309.3       167.9    0.3937   0.68   0.30    -1.6000  moon               2.6s
  122       250.5       117.7    0.3940   0.69   0.30    -1.6000  moon               2.6s
  123       259.7       140.4    0.3944   0.69   0.31    -1.6000  moon               2.9s
  124       293.9       111.6    0.3949   0.70   0.31    -1.6000  moon               2.9s
  [plot] Saved fitness curve → experiments/thesis/staged_evolution/seed_00/fitness_curve.png
  125       308.4        85.4    0.3953   0.70   0.31    -1.6000  moon               3.0s
  126       284.3        95.0    0.3954   0.70   0.32    -1.6000  moon               2.6s
  127       314.0       148.7    0.3955   0.71   0.32    -1.6000  moon               3.2s
  128       316.0        96.2    0.3955   0.71   0.32    -1.6000  moon               2.6s
  129       305.5        42.9    0.3956   0.72   0.32    -1.6000  moon               2.6s
  [probe] gen=130 score=-46.2 net=0.222 fell=0.900
  130       439.6        96.7    0.3955   0.72   0.33    -1.6000  moon               2.6s
  131       320.2       121.2    0.3954   0.72   0.33    -1.6000  moon               2.6s
  132       315.8       121.3    0.3952   0.73   0.33    -1.6000  moon               2.8s
  133       289.9       119.2    0.3949   0.73   0.33    -1.6000  moon               3.0s
  134       278.3       147.2    0.3948   0.74   0.34    -1.6000  moon               2.8s
  135       324.6        91.5    0.3945   0.74   0.34    -1.6000  moon               3.0s
  136       308.8        76.9    0.3942   0.74   0.34    -1.6000  moon               2.7s
  137       350.6        72.9    0.3941   0.75   0.34    -1.6000  moon               2.4s
  138       444.0        79.4    0.3941   0.75   0.34    -1.6000  moon               2.7s
  139       260.9        64.2    0.3940   0.76   0.35    -1.6000  moon               2.3s
  [probe] gen=140 score=203.0 net=0.968 fell=1.000
  140       329.5       106.2    0.3939   0.76   0.35    -1.6000  moon               2.7s
  141       258.2        36.7    0.3938   0.76   0.35    -1.6000  moon               2.2s
  142       256.8        54.2    0.3939   0.77   0.35    -1.6000  moon               2.3s
  143       267.0        98.2    0.3939   0.77   0.36    -1.6000  moon               2.4s
  144       279.9        93.7    0.3939   0.78   0.36    -1.6000  moon               2.8s
  145       309.9        81.8    0.3939   0.78   0.36    -1.6000  moon               2.6s
  146       334.6        82.8    0.3938   0.78   0.36    -1.6000  moon               2.7s
  147       293.9        46.2    0.3937   0.79   0.37    -1.6000  moon               2.6s
  148       440.2        87.3    0.3934   0.79   0.37    -1.6000  moon               2.6s
  149       313.8        67.6    0.3932   0.80   0.37    -1.6000  moon               2.4s
  [probe] gen=150 score=257.2 net=0.861 fell=0.800 [new best earth]
  [plot] Saved fitness curve → experiments/thesis/staged_evolution/seed_00/fitness_curve.png
  150       401.8        60.4    0.3931   0.80   0.38    -1.6000  moon               2.3s
  151       312.3        50.5    0.3931   0.80   0.38    -1.6000  moon               2.4s
  152       291.7        87.9    0.3930   0.81   0.38    -1.6000  moon               2.7s
  153       322.3        85.5    0.3927   0.81   0.38    -1.6000  moon               2.7s
  154       296.1        54.8    0.3925   0.82   0.39    -1.6000  moon               2.7s
  155       304.3        70.8    0.3920   0.82   0.39    -1.6000  moon               2.7s
  156       293.9        35.2    0.3916   0.82   0.39    -1.6000  moon               2.5s
  157       349.3        13.1    0.3914   0.83   0.39    -1.6000  moon               2.6s
  158       379.5        94.6    0.3912   0.83   0.40    -1.6000  moon               2.7s
  159       330.3        56.9    0.3910   0.84   0.40    -1.6000  moon               2.6s
  [probe] gen=160 score=226.1 net=0.674 fell=0.400
  160       311.7        21.5    0.3907   0.84   0.40    -1.6000  moon               2.6s
  161       368.1        88.5    0.3904   0.84   0.40    -1.6000  moon               2.7s
  162       291.5         9.2    0.3900   0.85   0.41    -1.6000  moon               2.7s
  163       330.0         2.5    0.3898   0.85   0.41    -1.6000  moon               2.2s
  164       315.3        73.4    0.3894   0.86   0.41    -1.6000  moon               2.9s
  165       312.6       118.2    0.3891   0.86   0.41    -1.6000  moon               3.1s
  166       315.8        42.3    0.3891   0.86   0.41    -1.6000  moon               2.6s
  [stage] gen=167  gravity -5.00 → -5.00  ES restarted  remaining=332
  167       301.1        93.5    0.5000   0.87   0.42    -5.0000  mid                2.8s
  168       226.7      -128.6    0.4904   0.87   0.42    -5.0000  mid                1.2s
  169       189.7       -66.6    0.4821   0.88   0.42    -5.0000  mid                1.8s
  [probe] gen=170 score=182.7 net=0.750 fell=0.700
  170       306.1        41.8    0.4747   0.88   0.42    -5.0000  mid                2.4s
  171       231.9        42.3    0.4682   0.88   0.43    -5.0000  mid                2.3s
  172       261.3        49.1    0.4621   0.89   0.43    -5.0000  mid                2.5s
  173       267.6        48.5    0.4565   0.89   0.43    -5.0000  mid                2.5s
  174       286.2        68.5    0.4513   0.90   0.43    -5.0000  mid                2.6s
  [plot] Saved fitness curve → experiments/thesis/staged_evolution/seed_00/fitness_curve.png
  175       258.9        30.4    0.4468   0.90   0.44    -5.0000  mid                2.3s
  176       284.1        43.1    0.4426   0.90   0.44    -5.0000  mid                2.4s
  177       294.9        49.4    0.4386   0.91   0.44    -5.0000  mid                2.1s
  178       215.4        88.6    0.4351   0.91   0.45    -5.0000  mid                2.3s
  179       231.4        64.9    0.4318   0.92   0.45    -5.0000  mid                2.2s
  [probe] gen=180 score=133.6 net=0.957 fell=1.000
  180       249.8       109.2    0.4286   0.92   0.45    -5.0000  mid                2.5s
  181       210.5       123.3    0.4254   0.92   0.45    -5.0000  mid                2.2s
  182       224.4       133.5    0.4224   0.93   0.46    -5.0000  mid                2.2s
  183       241.5       118.1    0.4198   0.93   0.46    -5.0000  mid                2.7s
  184       222.2        90.3    0.4173   0.94   0.46    -5.0000  mid                2.8s
  185       226.9        91.9    0.4151   0.94   0.46    -5.0000  mid                2.6s
  186       270.2       110.3    0.4131   0.94   0.47    -5.0000  mid                2.7s
  187       192.4        89.3    0.4111   0.95   0.47    -5.0000  mid                2.6s
  188       235.4       109.5    0.4090   0.95   0.47    -5.0000  mid                2.3s
  189       266.5       124.8    0.4071   0.96   0.47    -5.0000  mid                2.7s
  [probe] gen=190 score=136.3 net=1.017 fell=1.000
  190       257.1        87.6    0.4055   0.96   0.47    -5.0000  mid                2.7s
  191       297.1       128.8    0.4038   0.96   0.48    -5.0000  mid                3.0s
  192       256.4       102.2    0.4020   0.97   0.48    -5.0000  mid                2.4s
  193       262.1       139.8    0.4002   0.97   0.48    -5.0000  mid                2.8s
  194       268.0       122.0    0.3986   0.98   0.48    -5.0000  mid                2.8s
  195       294.2        89.4    0.3970   0.98   0.49    -5.0000  mid                3.2s
  196       264.8       118.3    0.3955   0.98   0.49    -5.0000  mid                2.7s
  197       274.6       119.0    0.3940   0.99   0.49    -5.0000  mid                3.2s
  198       247.0       149.2    0.3926   0.99   0.49    -5.0000  mid                3.1s
  199       273.4       105.6    0.3913   1.00   0.50    -5.0000  mid                3.6s
  [probe] gen=200 score=185.0 net=1.000 fell=1.000
  [plot] Saved fitness curve → experiments/thesis/staged_evolution/seed_00/fitness_curve.png
  200       270.5        99.3    0.3901   1.00   0.50    -5.0000  mid                3.1s
  201       291.2        60.3    0.3889   1.00   0.50    -5.0000  mid                2.6s
  202       268.9       124.4    0.3878   1.00   0.50    -5.0000  mid                3.1s
  203       262.6       105.9    0.3865   1.00   0.50    -5.0000  mid                2.8s
  204       292.5       109.9    0.3853   1.00   0.50    -5.0000  mid                2.9s
  205       302.5        91.6    0.3841   1.00   0.50    -5.0000  mid                2.9s
  206       294.7       115.5    0.3831   1.00   0.50    -5.0000  mid                2.9s
  207       233.9        70.1    0.3822   1.00   0.50    -5.0000  mid                2.7s
  208       247.4        65.2    0.3814   1.00   0.50    -5.0000  mid                2.7s
  209       257.2       138.6    0.3805   1.00   0.50    -5.0000  mid                2.8s
  [probe] gen=210 score=232.5 net=0.979 fell=1.000
  210       287.2       116.4    0.3798   1.00   0.50    -5.0000  mid                3.2s
  211       243.2        92.7    0.3792   1.00   0.50    -5.0000  mid                3.0s
  212       277.0       125.8    0.3787   1.00   0.50    -5.0000  mid                2.7s
  213       266.2        73.1    0.3782   1.00   0.50    -5.0000  mid                2.6s
  214       250.5        76.0    0.3776   1.00   0.50    -5.0000  mid                2.9s
  215       260.1        65.4    0.3771   1.00   0.50    -5.0000  mid                2.5s
  216       278.3       144.4    0.3767   1.00   0.50    -5.0000  mid                3.1s
  217       284.0       107.4    0.3764   1.00   0.50    -5.0000  mid                2.8s
  218       277.5       110.1    0.3760   1.00   0.50    -5.0000  mid                2.5s
  219       262.6        81.9    0.3757   1.00   0.50    -5.0000  mid                2.9s
  [probe] gen=220 score=164.3 net=0.796 fell=0.800
  220       279.2       135.5    0.3754   1.00   0.50    -5.0000  mid                3.1s
  221       250.7        71.3    0.3750   1.00   0.50    -5.0000  mid                2.6s
  222       272.8        50.0    0.3747   1.00   0.50    -5.0000  mid                2.3s
  223       266.0        99.9    0.3745   1.00   0.50    -5.0000  mid                3.0s
  224       276.3       102.8    0.3745   1.00   0.50    -5.0000  mid                2.5s
  [plot] Saved fitness curve → experiments/thesis/staged_evolution/seed_00/fitness_curve.png
  225       286.4        38.4    0.3743   1.00   0.50    -5.0000  mid                2.6s
  226       301.8        97.5    0.3741   1.00   0.50    -5.0000  mid                2.6s
  227       290.9        52.4    0.3741   1.00   0.50    -5.0000  mid                2.6s
  228       247.6        93.2    0.3740   1.00   0.50    -5.0000  mid                2.3s
  229       298.6        68.4    0.3739   1.00   0.50    -5.0000  mid                2.4s
  [probe] gen=230 score=263.0 net=0.978 fell=1.000 [new best earth]
  230       293.4        65.9    0.3737   1.00   0.50    -5.0000  mid                2.3s
  231       225.2        53.3    0.3735   1.00   0.50    -5.0000  mid                2.4s
  232       298.4        70.6    0.3733   1.00   0.50    -5.0000  mid                2.5s
  233       278.5       114.5    0.3733   1.00   0.50    -5.0000  mid                2.9s
  234       293.9        64.4    0.3731   1.00   0.50    -5.0000  mid                2.9s
  235       267.2       125.4    0.3729   1.00   0.50    -5.0000  mid                3.0s
  236       271.9        74.3    0.3729   1.00   0.50    -5.0000  mid                2.6s
  237       278.7        27.2    0.3728   1.00   0.50    -5.0000  mid                2.7s
  238       288.9        71.3    0.3729   1.00   0.50    -5.0000  mid                2.8s
  239       278.4        76.5    0.3731   1.00   0.50    -5.0000  mid                2.6s
  [probe] gen=240 score=254.0 net=0.984 fell=1.000
  240       290.7       112.6    0.3732   1.00   0.50    -5.0000  mid                2.6s
  241       272.1        75.1    0.3731   1.00   0.50    -5.0000  mid                2.6s
  242       267.9        70.3    0.3730   1.00   0.50    -5.0000  mid                2.7s
  243       280.7        48.0    0.3727   1.00   0.50    -5.0000  mid                2.4s
  244       253.2       113.5    0.3725   1.00   0.50    -5.0000  mid                2.7s
  245       298.0        90.1    0.3723   1.00   0.50    -5.0000  mid                2.8s
  246       276.6        94.0    0.3720   1.00   0.50    -5.0000  mid                2.9s
  247       296.2       134.6    0.3717   1.00   0.50    -5.0000  mid                2.9s
  248       271.8       100.1    0.3714   1.00   0.50    -5.0000  mid                2.8s
  249       282.3       122.2    0.3712   1.00   0.50    -5.0000  mid                2.7s
  [probe] gen=250 score=100.3 net=1.026 fell=1.000
  [plot] Saved fitness curve → experiments/thesis/staged_evolution/seed_00/fitness_curve.png
  250       265.6        59.2    0.3710   1.00   0.50    -5.0000  mid                2.7s
  251       294.9        93.2    0.3708   1.00   0.50    -5.0000  mid                2.7s
  252       284.4       102.8    0.3707   1.00   0.50    -5.0000  mid                2.9s
  253       280.7        52.1    0.3706   1.00   0.50    -5.0000  mid                2.6s
  254       265.8       103.3    0.3705   1.00   0.50    -5.0000  mid                2.9s
  255       299.4       127.8    0.3705   1.00   0.50    -5.0000  mid                3.1s
  256       273.8       113.7    0.3706   1.00   0.50    -5.0000  mid                3.0s
  257       262.0       141.6    0.3707   1.00   0.50    -5.0000  mid                2.9s
  258       275.6       107.1    0.3709   1.00   0.50    -5.0000  mid                2.8s
  259       286.3       101.9    0.3712   1.00   0.50    -5.0000  mid                2.7s
  [probe] gen=260 score=212.1 net=0.987 fell=1.000
  260       263.1        76.3    0.3714   1.00   0.50    -5.0000  mid                2.6s
  261       290.9       123.1    0.3716   1.00   0.50    -5.0000  mid                2.5s
  262       266.1       135.2    0.3718   1.00   0.50    -5.0000  mid                2.9s
  263       288.7        98.6    0.3721   1.00   0.50    -5.0000  mid                3.4s
  264       300.5       122.7    0.3724   1.00   0.50    -5.0000  mid                3.0s
  265       303.9        85.1    0.3726   1.00   0.50    -5.0000  mid                2.8s
  266       291.7       144.4    0.3727   1.00   0.50    -5.0000  mid                3.1s
  267       288.7       136.9    0.3726   1.00   0.50    -5.0000  mid                3.0s
  268       288.0       121.8    0.3725   1.00   0.50    -5.0000  mid                3.2s
  269       284.6       121.6    0.3723   1.00   0.50    -5.0000  mid                3.3s
  [probe] gen=270 score=151.8 net=0.996 fell=1.000
  270       291.0       114.1    0.3720   1.00   0.50    -5.0000  mid                2.8s
  271       295.3        91.0    0.3717   1.00   0.50    -5.0000  mid                2.7s
  272       301.7       133.2    0.3714   1.00   0.50    -5.0000  mid                2.8s
  273       273.4        97.8    0.3712   1.00   0.50    -5.0000  mid                3.0s
  274       262.5        61.2    0.3710   1.00   0.50    -5.0000  mid                2.6s
  [plot] Saved fitness curve → experiments/thesis/staged_evolution/seed_00/fitness_curve.png
  275       291.3        55.5    0.3708   1.00   0.50    -5.0000  mid                2.2s
  276       286.1        77.6    0.3706   1.00   0.50    -5.0000  mid                2.7s
  277       284.0       114.5    0.3705   1.00   0.50    -5.0000  mid                3.0s
  278       284.8       118.2    0.3703   1.00   0.50    -5.0000  mid                3.0s
  279       298.8       126.8    0.3699   1.00   0.50    -5.0000  mid                3.2s
  [probe] gen=280 score=218.9 net=0.874 fell=0.800
  280       297.5        84.9    0.3694   1.00   0.50    -5.0000  mid                3.1s
  281       294.7       122.8    0.3690   1.00   0.50    -5.0000  mid                3.0s
  282       286.1        87.5    0.3686   1.00   0.50    -5.0000  mid                2.9s
  283       248.3        85.8    0.3683   1.00   0.50    -5.0000  mid                3.1s
  284       291.3       129.0    0.3681   1.00   0.50    -5.0000  mid                3.0s
  285       258.7        92.2    0.3678   1.00   0.50    -5.0000  mid                2.8s
  286       303.6       137.8    0.3675   1.00   0.50    -5.0000  mid                2.9s
  287       285.0        53.4    0.3671   1.00   0.50    -5.0000  mid                2.9s
  288       265.4        92.0    0.3668   1.00   0.50    -5.0000  mid                3.3s
  289       271.5        96.0    0.3664   1.00   0.50    -5.0000  mid                2.8s
  [probe] gen=290 score=152.0 net=0.985 fell=1.000
  290       281.8       134.0    0.3661   1.00   0.50    -5.0000  mid                3.2s
  291       281.2       107.3    0.3659   1.00   0.50    -5.0000  mid                3.4s
  292       285.2       100.8    0.3658   1.00   0.50    -5.0000  mid                2.9s
  293       257.2       102.2    0.3656   1.00   0.50    -5.0000  mid                2.8s
  294       278.7       105.7    0.3653   1.00   0.50    -5.0000  mid                3.2s
  295       301.5       130.6    0.3650   1.00   0.50    -5.0000  mid                3.1s
  296       291.5       134.3    0.3647   1.00   0.50    -5.0000  mid                3.2s
  297       292.5        63.2    0.3645   1.00   0.50    -5.0000  mid                3.0s
  298       266.9       115.1    0.3641   1.00   0.50    -5.0000  mid                2.9s
  299       288.5       158.1    0.3639   1.00   0.50    -5.0000  mid                2.8s
  [probe] gen=300 score=214.3 net=0.987 fell=1.000
  [plot] Saved fitness curve → experiments/thesis/staged_evolution/seed_00/fitness_curve.png
  300       294.2       151.0    0.3636   1.00   0.50    -5.0000  mid                3.1s
  301       280.7       129.2    0.3633   1.00   0.50    -5.0000  mid                3.0s
  302       305.1       147.7    0.3629   1.00   0.50    -5.0000  mid                2.9s
  303       292.9       166.1    0.3627   1.00   0.50    -5.0000  mid                3.6s
  304       298.0       160.0    0.3623   1.00   0.50    -5.0000  mid                3.5s
  305       272.7       104.8    0.3621   1.00   0.50    -5.0000  mid                2.9s
  306       296.4       161.7    0.3619   1.00   0.50    -5.0000  mid                2.9s
  307       308.8       133.8    0.3618   1.00   0.50    -5.0000  mid                3.1s
  308       310.0       174.0    0.3617   1.00   0.50    -5.0000  mid                3.6s
  309       294.3       147.9    0.3614   1.00   0.50    -5.0000  mid                3.4s
  [probe] gen=310 score=197.6 net=1.034 fell=1.000
  310       312.4       176.4    0.3612   1.00   0.50    -5.0000  mid                3.5s
  311       303.4       141.4    0.3609   1.00   0.50    -5.0000  mid                3.4s
  312       286.6       159.5    0.3606   1.00   0.50    -5.0000  mid                3.1s
  313       309.3       134.9    0.3603   1.00   0.50    -5.0000  mid                3.2s
  314       309.0       106.9    0.3600   1.00   0.50    -5.0000  mid                2.9s
  315       283.2       168.5    0.3596   1.00   0.50    -5.0000  mid                3.1s
  316       291.9       114.0    0.3591   1.00   0.50    -5.0000  mid                3.2s
  317       302.9       133.7    0.3588   1.00   0.50    -5.0000  mid                3.2s
  318       311.5       118.6    0.3584   1.00   0.50    -5.0000  mid                3.0s
  319       292.2       116.7    0.3580   1.00   0.50    -5.0000  mid                2.9s
  [probe] gen=320 score=79.4 net=0.258 fell=0.400
  320       298.8        98.0    0.3576   1.00   0.50    -5.0000  mid                2.9s
  321       296.1       123.6    0.3571   1.00   0.50    -5.0000  mid                2.8s
  322       294.5        56.0    0.3566   1.00   0.50    -5.0000  mid                2.7s
  323       252.7        34.9    0.3560   1.00   0.50    -5.0000  mid                2.2s
  324       305.1       101.4    0.3555   1.00   0.50    -5.0000  mid                2.5s
  [plot] Saved fitness curve → experiments/thesis/staged_evolution/seed_00/fitness_curve.png
  325       271.4        20.4    0.3552   1.00   0.50    -5.0000  mid                2.4s
  326       306.5       102.7    0.3548   1.00   0.50    -5.0000  mid                2.8s
  327       293.8       148.5    0.3545   1.00   0.50    -5.0000  mid                3.2s
  328       294.6       120.2    0.3542   1.00   0.50    -5.0000  mid                2.9s
  329       284.6       154.2    0.3539   1.00   0.50    -5.0000  mid                3.4s
  [probe] gen=330 score=164.1 net=1.032 fell=1.000
  330       310.0        90.7    0.3535   1.00   0.50    -5.0000  mid                3.1s
  331       295.3       141.7    0.3531   1.00   0.50    -5.0000  mid                3.0s
  332       309.4       137.7    0.3529   1.00   0.50    -5.0000  mid                3.3s
  333       294.2       143.4    0.3525   1.00   0.50    -5.0000  mid                3.3s
  [stage] gen=334  gravity -9.81 → -9.81  ES restarted  remaining=165
  334       280.4       106.5    0.5000   1.00   0.50    -9.8100  earth              2.7s
  335       118.8      -270.3    0.4904   1.00   0.50    -9.8100  earth              0.7s
  336       175.6      -193.9    0.4819   1.00   0.50    -9.8100  earth              1.1s
  337       162.8       -76.5    0.4744   1.00   0.50    -9.8100  earth              1.5s
  338       189.8       -47.8    0.4677   1.00   0.50    -9.8100  earth              1.6s
  339       232.0        10.7    0.4615   1.00   0.50    -9.8100  earth              2.0s
  [probe] gen=340 score=155.2 net=0.802 fell=0.900
  340       216.3       -85.8    0.4559   1.00   0.50    -9.8100  earth              1.5s
  341       177.8       -12.3    0.4506   1.00   0.50    -9.8100  earth              1.7s
  342       207.8        78.1    0.4458   1.00   0.50    -9.8100  earth              1.9s
  343       215.0        87.4    0.4414   1.00   0.50    -9.8100  earth              2.3s
  344       260.7        47.8    0.4374   1.00   0.50    -9.8100  earth              2.2s
  345       199.5        73.4    0.4336   1.00   0.50    -9.8100  earth              2.6s
  346       205.0        71.2    0.4301   1.00   0.50    -9.8100  earth              2.6s
  347       248.9        80.5    0.4270   1.00   0.50    -9.8100  earth              2.5s
  348       243.9        59.4    0.4242   1.00   0.50    -9.8100  earth              2.5s
  349       244.6        67.7    0.4216   1.00   0.50    -9.8100  earth              2.6s
  [probe] gen=350 score=210.5 net=0.928 fell=1.000
  [plot] Saved fitness curve → experiments/thesis/staged_evolution/seed_00/fitness_curve.png
  350       245.7        96.9    0.4190   1.00   0.50    -9.8100  earth              2.6s
  351       242.9        85.8    0.4167   1.00   0.50    -9.8100  earth              2.7s
  352       184.8        58.6    0.4144   1.00   0.50    -9.8100  earth              2.3s
  353       275.3       103.5    0.4124   1.00   0.50    -9.8100  earth              2.5s
  354       208.5        45.2    0.4104   1.00   0.50    -9.8100  earth              2.2s
  355       272.9        89.4    0.4085   1.00   0.50    -9.8100  earth              2.7s
  356       280.6        53.8    0.4067   1.00   0.50    -9.8100  earth              2.7s
  357       220.9        58.1    0.4049   1.00   0.50    -9.8100  earth              2.5s
  358       213.1       -62.7    0.4033   1.00   0.50    -9.8100  earth              1.9s
  359       250.9        44.9    0.4017   1.00   0.50    -9.8100  earth              2.7s
  [probe] gen=360 score=229.9 net=0.924 fell=0.900
  360       266.5        36.1    0.4003   1.00   0.50    -9.8100  earth              2.2s
  361       209.8        11.6    0.3990   1.00   0.50    -9.8100  earth              2.2s
  362       264.2        49.2    0.3978   1.00   0.50    -9.8100  earth              2.2s
  363       252.0        60.3    0.3966   1.00   0.50    -9.8100  earth              2.5s
  364       260.9        56.6    0.3956   1.00   0.50    -9.8100  earth              2.6s
  365       241.8         6.6    0.3946   1.00   0.50    -9.8100  earth              2.7s
  366       264.9        62.1    0.3938   1.00   0.50    -9.8100  earth              2.8s
  367       242.9        65.1    0.3930   1.00   0.50    -9.8100  earth              2.5s
  368       227.3       103.8    0.3922   1.00   0.50    -9.8100  earth              2.6s
  369       240.3       110.7    0.3915   1.00   0.50    -9.8100  earth              2.6s
  [probe] gen=370 score=192.7 net=0.671 fell=0.700
  370       271.8        31.0    0.3906   1.00   0.50    -9.8100  earth              2.4s
  371       232.9        59.3    0.3896   1.00   0.50    -9.8100  earth              2.1s
  372       253.8        73.4    0.3887   1.00   0.50    -9.8100  earth              2.5s
  373       262.4        18.3    0.3878   1.00   0.50    -9.8100  earth              2.2s
  374       234.7        88.2    0.3871   1.00   0.50    -9.8100  earth              2.4s
  [plot] Saved fitness curve → experiments/thesis/staged_evolution/seed_00/fitness_curve.png
  375       285.2        18.3    0.3863   1.00   0.50    -9.8100  earth              2.1s
  376       245.8        49.8    0.3858   1.00   0.50    -9.8100  earth              2.2s
  377       273.9       127.8    0.3855   1.00   0.50    -9.8100  earth              2.3s
  378       224.0        65.3    0.3851   1.00   0.50    -9.8100  earth              2.7s
  379       240.0        31.5    0.3850   1.00   0.50    -9.8100  earth              2.3s
  [probe] gen=380 score=222.3 net=0.818 fell=0.600
  380       253.8        70.0    0.3847   1.00   0.50    -9.8100  earth              2.5s
  381       259.2       104.2    0.3843   1.00   0.50    -9.8100  earth              2.5s
  382       275.8        89.5    0.3842   1.00   0.50    -9.8100  earth              2.9s
  383       261.1        70.0    0.3840   1.00   0.50    -9.8100  earth              2.8s
  384       278.7        87.1    0.3839   1.00   0.50    -9.8100  earth              2.8s
  385       256.7        30.9    0.3839   1.00   0.50    -9.8100  earth              2.4s
  386       259.2        31.6    0.3839   1.00   0.50    -9.8100  earth              2.4s
  387       285.0        92.5    0.3840   1.00   0.50    -9.8100  earth              2.7s
  388       225.6        65.9    0.3843   1.00   0.50    -9.8100  earth              2.7s
  389       233.4        63.8    0.3844   1.00   0.50    -9.8100  earth              2.7s
  [probe] gen=390 score=237.2 net=0.940 fell=1.000
  390       220.2        95.1    0.3844   1.00   0.50    -9.8100  earth              2.6s
  391       296.1        73.4    0.3846   1.00   0.50    -9.8100  earth              2.4s
  392       229.1       135.4    0.3847   1.00   0.50    -9.8100  earth              2.8s
  393       258.6        99.9    0.3849   1.00   0.50    -9.8100  earth              2.9s
  394       266.4       109.0    0.3849   1.00   0.50    -9.8100  earth              2.9s
  395       273.6        91.9    0.3850   1.00   0.50    -9.8100  earth              3.0s
  396       248.3       126.1    0.3851   1.00   0.50    -9.8100  earth              3.1s
  397       253.2       114.6    0.3851   1.00   0.50    -9.8100  earth              2.6s
  398       268.6       102.8    0.3853   1.00   0.50    -9.8100  earth              2.9s
  399       247.6       118.0    0.3855   1.00   0.50    -9.8100  earth              3.0s
  [probe] gen=400 score=249.2 net=0.938 fell=1.000
  [plot] Saved fitness curve → experiments/thesis/staged_evolution/seed_00/fitness_curve.png
  400       258.8        74.4    0.3858   1.00   0.50    -9.8100  earth              2.6s
  401       240.2       101.8    0.3861   1.00   0.50    -9.8100  earth              2.6s
  402       261.1        59.4    0.3865   1.00   0.50    -9.8100  earth              2.7s
  403       280.0        30.1    0.3869   1.00   0.50    -9.8100  earth              2.6s
  404       280.9        25.6    0.3871   1.00   0.50    -9.8100  earth              2.8s
  405       252.7       102.3    0.3873   1.00   0.50    -9.8100  earth              2.8s
  406       270.3        76.3    0.3875   1.00   0.50    -9.8100  earth              2.7s
  407       238.9        76.0    0.3875   1.00   0.50    -9.8100  earth              2.7s
  408       226.8        78.6    0.3875   1.00   0.50    -9.8100  earth              2.7s
  409       274.8        72.2    0.3875   1.00   0.50    -9.8100  earth              2.6s
  [probe] gen=410 score=229.7 net=0.744 fell=0.600
  410       245.8       122.8    0.3874   1.00   0.50    -9.8100  earth              3.0s
  411       241.3        83.4    0.3874   1.00   0.50    -9.8100  earth              2.6s
  412       256.1       106.4    0.3872   1.00   0.50    -9.8100  earth              2.8s
  413       263.4        84.4    0.3872   1.00   0.50    -9.8100  earth              2.7s
  414       265.7       101.2    0.3871   1.00   0.50    -9.8100  earth              3.0s
  415       227.7        78.7    0.3869   1.00   0.50    -9.8100  earth              2.6s
  416       284.5       112.4    0.3867   1.00   0.50    -9.8100  earth              2.9s
  417       234.2        94.6    0.3864   1.00   0.50    -9.8100  earth              3.1s
  418       232.1       107.7    0.3862   1.00   0.50    -9.8100  earth              3.0s
  419       250.0       132.1    0.3860   1.00   0.50    -9.8100  earth              2.9s
  [probe] gen=420 score=201.2 net=0.831 fell=0.900
  420       250.7       147.6    0.3858   1.00   0.50    -9.8100  earth              3.1s
  421       247.1       124.7    0.3858   1.00   0.50    -9.8100  earth              3.1s
  422       233.8       128.8    0.3856   1.00   0.50    -9.8100  earth              3.1s
  423       247.2       134.3    0.3856   1.00   0.50    -9.8100  earth              3.2s
  424       246.0       171.1    0.3857   1.00   0.50    -9.8100  earth              3.1s
  [plot] Saved fitness curve → experiments/thesis/staged_evolution/seed_00/fitness_curve.png
  425       229.1        93.5    0.3858   1.00   0.50    -9.8100  earth              3.3s
  426       247.5       101.4    0.3858   1.00   0.50    -9.8100  earth              2.9s
  427       240.8       122.7    0.3858   1.00   0.50    -9.8100  earth              3.0s
  428       239.4       109.5    0.3859   1.00   0.50    -9.8100  earth              3.1s
  429       239.1       135.3    0.3859   1.00   0.50    -9.8100  earth              3.0s
  [probe] gen=430 score=198.5 net=0.827 fell=0.900
  430       244.3       118.9    0.3858   1.00   0.50    -9.8100  earth              3.0s
  431       228.3        64.6    0.3855   1.00   0.50    -9.8100  earth              3.1s
  432       249.2       117.3    0.3852   1.00   0.50    -9.8100  earth              3.3s
  433       249.5       122.3    0.3848   1.00   0.50    -9.8100  earth              3.2s
  434       252.2       112.2    0.3845   1.00   0.50    -9.8100  earth              3.4s
  435       221.4       154.4    0.3842   1.00   0.50    -9.8100  earth              2.9s
  436       240.2       124.9    0.3840   1.00   0.50    -9.8100  earth              2.8s
  437       235.2       142.3    0.3837   1.00   0.50    -9.8100  earth              3.1s
  438       233.4       130.6    0.3832   1.00   0.50    -9.8100  earth              3.1s
  439       252.7       110.3    0.3828   1.00   0.50    -9.8100  earth              3.1s
  [probe] gen=440 score=205.8 net=0.666 fell=0.600
  440       262.0       108.7    0.3826   1.00   0.50    -9.8100  earth              3.3s
  441       256.6       111.1    0.3823   1.00   0.50    -9.8100  earth              2.8s
  442       263.9       116.3    0.3821   1.00   0.50    -9.8100  earth              2.9s
  443       248.2       100.9    0.3819   1.00   0.50    -9.8100  earth              2.9s
  444       216.9        66.3    0.3818   1.00   0.50    -9.8100  earth              2.6s
  445       248.8        99.9    0.3817   1.00   0.50    -9.8100  earth              2.9s
  446       254.2       110.0    0.3816   1.00   0.50    -9.8100  earth              2.7s
  447       266.1       106.2    0.3814   1.00   0.50    -9.8100  earth              2.4s
  448       274.9        76.0    0.3811   1.00   0.50    -9.8100  earth              3.4s
  449       241.1        72.8    0.3807   1.00   0.50    -9.8100  earth              3.1s
  [probe] gen=450 score=149.9 net=0.624 fell=0.900
  [plot] Saved fitness curve → experiments/thesis/staged_evolution/seed_00/fitness_curve.png
  450       249.5        73.3    0.3804   1.00   0.50    -9.8100  earth              2.8s
  451       255.8        97.3    0.3802   1.00   0.50    -9.8100  earth              2.8s
  452       243.2        49.7    0.3797   1.00   0.50    -9.8100  earth              2.7s
  453       252.9       119.7    0.3791   1.00   0.50    -9.8100  earth              2.9s
  454       248.4       121.0    0.3786   1.00   0.50    -9.8100  earth              3.2s
  455       265.3        95.7    0.3781   1.00   0.50    -9.8100  earth              3.1s
  456       242.9       143.2    0.3777   1.00   0.50    -9.8100  earth              3.0s
  457       254.2        89.7    0.3773   1.00   0.50    -9.8100  earth              2.7s
  458       245.1       127.2    0.3768   1.00   0.50    -9.8100  earth              3.0s
  459       263.7        82.6    0.3764   1.00   0.50    -9.8100  earth              2.9s
  [probe] gen=460 score=213.9 net=0.886 fell=0.900
  460       233.3        90.6    0.3761   1.00   0.50    -9.8100  earth              2.6s
  461       253.9       118.8    0.3755   1.00   0.50    -9.8100  earth              2.9s
  462       238.2       105.1    0.3751   1.00   0.50    -9.8100  earth              2.8s
  463       237.8       140.5    0.3746   1.00   0.50    -9.8100  earth              3.3s
  464       269.4       128.8    0.3741   1.00   0.50    -9.8100  earth              3.1s
  465       260.9       124.3    0.3736   1.00   0.50    -9.8100  earth              2.9s
  466       266.8       128.6    0.3732   1.00   0.50    -9.8100  earth              3.3s
  467       251.9       115.8    0.3729   1.00   0.50    -9.8100  earth              3.3s
  468       265.1        83.6    0.3727   1.00   0.50    -9.8100  earth              3.0s
  469       262.9       121.4    0.3725   1.00   0.50    -9.8100  earth              3.3s
  [probe] gen=470 score=223.0 net=0.764 fell=0.900
  470       258.7        98.7    0.3724   1.00   0.50    -9.8100  earth              2.8s
  471       258.5        81.0    0.3723   1.00   0.50    -9.8100  earth              2.9s
  472       241.8        78.8    0.3721   1.00   0.50    -9.8100  earth              2.8s
  473       254.7       116.1    0.3720   1.00   0.50    -9.8100  earth              3.2s
  474       238.9        91.3    0.3719   1.00   0.50    -9.8100  earth              2.7s
  [plot] Saved fitness curve → experiments/thesis/staged_evolution/seed_00/fitness_curve.png
  475       232.8       133.3    0.3715   1.00   0.50    -9.8100  earth              2.8s
  476       246.3       139.8    0.3713   1.00   0.50    -9.8100  earth              3.0s
  477       256.5        52.8    0.3711   1.00   0.50    -9.8100  earth              2.5s
  478       247.7        90.1    0.3707   1.00   0.50    -9.8100  earth              3.2s
  479       243.2        98.5    0.3704   1.00   0.50    -9.8100  earth              3.0s
  [probe] gen=480 score=191.9 net=0.895 fell=1.000
  480       232.8        78.4    0.3698   1.00   0.50    -9.8100  earth              2.6s
  481       224.2       127.8    0.3691   1.00   0.50    -9.8100  earth              2.8s
  482       233.0       125.3    0.3686   1.00   0.50    -9.8100  earth              3.0s
  483       252.4       149.0    0.3680   1.00   0.50    -9.8100  earth              3.0s
  484       230.4       113.8    0.3674   1.00   0.50    -9.8100  earth              2.9s
  485       245.4        86.7    0.3667   1.00   0.50    -9.8100  earth              2.6s
  486       235.1       148.9    0.3662   1.00   0.50    -9.8100  earth              2.8s
  487       263.9       149.7    0.3658   1.00   0.50    -9.8100  earth              2.9s
  488       253.4        92.5    0.3654   1.00   0.50    -9.8100  earth              2.7s
  489       247.8        93.0    0.3651   1.00   0.50    -9.8100  earth              2.8s
  [probe] gen=490 score=222.1 net=0.897 fell=1.000
  490       250.3        73.3    0.3647   1.00   0.50    -9.8100  earth              2.7s
  491       244.8       126.8    0.3644   1.00   0.50    -9.8100  earth              2.8s
  492       248.7       140.6    0.3639   1.00   0.50    -9.8100  earth              2.8s
  493       262.0       139.8    0.3635   1.00   0.50    -9.8100  earth              2.9s
  494       257.1       120.7    0.3631   1.00   0.50    -9.8100  earth              2.7s
  495       240.9       105.2    0.3628   1.00   0.50    -9.8100  earth              3.0s
  496       242.7       146.2    0.3626   1.00   0.50    -9.8100  earth              2.7s
  497       264.7       132.9    0.3623   1.00   0.50    -9.8100  earth              2.8s
  498       252.8       131.9    0.3621   1.00   0.50    -9.8100  earth              3.1s
  499       250.3       153.9    0.3621   1.00   0.50    -9.8100  earth              3.1s
  [plot] Saved fitness curve → experiments/thesis/staged_evolution/seed_00/fitness_curve.png

Training complete. Best fitness: 444.0
Best params → experiments/thesis/staged_evolution/seed_00/checkpoints/best_params.npy
Fitness curve → experiments/thesis/staged_evolution/seed_00/fitness_curve.png
Eval params  → best_earth_params (earth probe score: 263.0)
Final Earth scorecard | score=241.1 net=0.980 fell=1.000
Gravity sweep | gravities=5 mean_net=0.903 worst_net=0.726
  [exp] Wrote experiments/thesis/staged_evolution/seed_00/experiment.json
  [exp] Wrote experiments/thesis/staged_evolution/seed_00/training_log.csv
  [exp] Wrote experiments/thesis/staged_evolution/seed_00/earth_probe.csv
  [exp] Wrote experiments/thesis/staged_evolution/seed_00/gravity_sweep.csv
  [exp] Wrote experiments/thesis/staged_evolution/seed_00/summary.json
