Walker2d-v5 | policy=CPG  params=504
Curriculum   : ArchiveBased  [-1.6→-3.0→-5.0→-7.0→-9.81]  plateau=30gen  archive_size=5
Run context | seed=3 arm=archive_based run_id=archive_based_seed_03

Schedule | penalty_min=0.20 penalty_ramp_gen=200 corr_min=0.00 corr_max=0.50 corr_ramp_gen=200

Starting CMA-ES | pop=40 | sigma0=0.5 | max_gen=500 | workers=8 | seed=3
Checkpoints → experiments/thesis/archive_based/seed_03/checkpoints/

  Gen        Best        Mean     Sigma    Pen   Corr    Gravity  Phase              Time
------------------------------------------------------------------------------------
  [probe] gen=0 score=-368.2 net=-0.083 fell=1.000 [new best earth]
  [plot] Saved fitness curve → experiments/thesis/archive_based/seed_03/fitness_curve.png
    0        21.0       -74.5    0.4903   0.20   0.00    -1.6000  lv0(a=0)           1.6s
    1       -53.1       -72.9    0.4820   0.20   0.00    -1.6000  lv0(a=1)           0.2s
    2       -46.3       -72.7    0.4746   0.21   0.01    -1.6000  lv0(a=2)           0.2s
    3       -49.7       -70.1    0.4680   0.21   0.01    -1.6000  lv0(a=3)           0.3s
    4       -33.3       -71.5    0.4621   0.22   0.01    -1.6000  lv0(a=4)           0.2s
    5       -36.9       -71.2    0.4568   0.22   0.01    -1.6000  lv0(a=5)           0.2s
    6       -45.8       -70.3    0.4519   0.22   0.01    -1.6000  lv0(a=5)           0.3s
    7       -43.5       -76.3    0.4475   0.23   0.02    -1.6000  lv0(a=5)           0.2s
    8       -55.9       -75.8    0.4436   0.23   0.02    -1.6000  lv0(a=5)           0.2s
    9       -50.2       -67.7    0.4399   0.24   0.02    -1.6000  lv0(a=5)           0.3s
  [probe] gen=10 score=-365.9 net=-0.114 fell=1.000 [new best earth]
   10       -58.7       -77.4    0.4363   0.24   0.03    -1.6000  lv0(a=5)           0.2s
   11       -55.9       -77.6    0.4333   0.24   0.03    -1.6000  lv0(a=5)           0.2s
   12       -48.6       -73.3    0.4303   0.25   0.03    -1.6000  lv0(a=5)           0.3s
   13       -50.5       -76.2    0.4275   0.25   0.03    -1.6000  lv0(a=5)           0.3s
   14       -25.8       -76.9    0.4249   0.26   0.04    -1.6000  lv0(a=5)           0.3s
   15       -41.7       -83.7    0.4224   0.26   0.04    -1.6000  lv0(a=5)           0.3s
   16       -41.7       -78.2    0.4200   0.26   0.04    -1.6000  lv0(a=5)           0.3s
   17       -51.6       -82.3    0.4178   0.27   0.04    -1.6000  lv0(a=5)           0.3s
   18       -34.5       -83.5    0.4157   0.27   0.04    -1.6000  lv0(a=5)           0.3s
   19       -32.0       -82.8    0.4138   0.28   0.05    -1.6000  lv0(a=5)           0.3s
  [probe] gen=20 score=-383.8 net=-0.157 fell=1.000
   20       -17.7       -86.2    0.4121   0.28   0.05    -1.6000  lv0(a=5)           0.3s
   21       -36.5       -94.8    0.4104   0.28   0.05    -1.6000  lv0(a=5)           0.3s
   22       -12.7       -81.7    0.4087   0.29   0.06    -1.6000  lv0(a=5)           0.4s
   23       -40.7       -88.5    0.4069   0.29   0.06    -1.6000  lv0(a=5)           0.3s
   24       -15.2       -81.5    0.4052   0.30   0.06    -1.6000  lv0(a=5)           0.4s
  [plot] Saved fitness curve → experiments/thesis/archive_based/seed_03/fitness_curve.png
   25        31.2       -78.9    0.4039   0.30   0.06    -1.6000  lv0(a=5)           0.5s
   26        63.0       -69.8    0.4027   0.30   0.07    -1.6000  lv0(a=5)           0.5s
   27       232.2       -63.6    0.4015   0.31   0.07    -1.6000  lv0(a=5)           0.6s
   28        32.8       -66.6    0.4005   0.31   0.07    -1.6000  lv0(a=5)           0.6s
   29       170.4       -68.4    0.3993   0.32   0.07    -1.6000  lv0(a=5)           0.7s
  [probe] gen=30 score=-420.5 net=-0.607 fell=1.000
   30       203.8       -48.6    0.3981   0.32   0.07    -1.6000  lv0(a=5)           0.8s
   31       354.9       -34.3    0.3971   0.32   0.08    -1.6000  lv0(a=5)           0.9s
   32       298.0         0.8    0.3961   0.33   0.08    -1.6000  lv0(a=5)           1.0s
   33       303.1         2.6    0.3953   0.33   0.08    -1.6000  lv0(a=5)           1.3s
   34       281.5        49.2    0.3947   0.34   0.09    -1.6000  lv0(a=5)           1.3s
   35       434.0        68.5    0.3941   0.34   0.09    -1.6000  lv0(a=5)           1.3s
   36       408.4        83.1    0.3935   0.34   0.09    -1.6000  lv0(a=5)           1.5s
   37       282.6        69.2    0.3929   0.35   0.09    -1.6000  lv0(a=5)           1.6s
   38       356.2       113.5    0.3923   0.35   0.10    -1.6000  lv0(a=5)           1.4s
   39       336.1        80.0    0.3917   0.36   0.10    -1.6000  lv0(a=5)           1.6s
  [probe] gen=40 score=-332.6 net=-0.122 fell=1.000 [new best earth]
   40       549.8       115.2    0.3910   0.36   0.10    -1.6000  lv0(a=5)           1.5s
   41       476.4        66.2    0.3904   0.36   0.10    -1.6000  lv0(a=5)           1.4s
   42       598.3       149.1    0.3899   0.37   0.10    -1.6000  lv0(a=5)           1.5s
   43       373.3       120.8    0.3895   0.37   0.11    -1.6000  lv0(a=5)           1.7s
   44       593.0       113.0    0.3893   0.38   0.11    -1.6000  lv0(a=5)           1.7s
   45       320.4       123.5    0.3890   0.38   0.11    -1.6000  lv0(a=5)           1.8s
   46       522.0        97.4    0.3888   0.38   0.12    -1.6000  lv0(a=5)           1.9s
   47       374.0        96.6    0.3887   0.39   0.12    -1.6000  lv0(a=5)           1.7s
   48       366.4        66.8    0.3884   0.39   0.12    -1.6000  lv0(a=5)           1.6s
   49       470.1       132.9    0.3881   0.40   0.12    -1.6000  lv0(a=5)           1.8s
  [probe] gen=50 score=-331.2 net=-0.123 fell=1.000 [new best earth]
  [plot] Saved fitness curve → experiments/thesis/archive_based/seed_03/fitness_curve.png
   50       474.2       157.1    0.3878   0.40   0.12    -1.6000  lv0(a=5)           1.9s
   51       454.9       152.5    0.3876   0.40   0.13    -1.6000  lv0(a=5)           1.8s
   52       679.8       136.1    0.3874   0.41   0.13    -1.6000  lv0(a=5)           1.8s
   53       499.6       121.9    0.3873   0.41   0.13    -1.6000  lv0(a=5)           1.8s
   54       574.3       154.5    0.3872   0.42   0.14    -1.6000  lv0(a=5)           1.8s
   55       419.3       115.5    0.3871   0.42   0.14    -1.6000  lv0(a=5)           1.8s
   56       366.1       146.7    0.3871   0.42   0.14    -1.6000  lv0(a=5)           1.8s
   57       552.5       106.2    0.3871   0.43   0.14    -1.6000  lv0(a=5)           1.7s
   58       522.7       203.3    0.3869   0.43   0.14    -1.6000  lv0(a=5)           1.8s
   59       440.1       136.6    0.3867   0.44   0.15    -1.6000  lv0(a=5)           1.8s
  [probe] gen=60 score=-114.7 net=0.333 fell=1.000 [new best earth]
   60       586.7       152.5    0.3866   0.44   0.15    -1.6000  lv0(a=5)           1.9s
   61       683.6       155.1    0.3867   0.44   0.15    -1.6000  lv0(a=5)           2.0s
   62       530.0       138.5    0.3867   0.45   0.15    -1.6000  lv0(a=5)           1.9s
   63       564.2       145.0    0.3867   0.45   0.16    -1.6000  lv0(a=5)           2.0s
   64       630.0       182.0    0.3869   0.46   0.16    -1.6000  lv0(a=5)           2.0s
   65       608.0       169.0    0.3869   0.46   0.16    -1.6000  lv0(a=5)           1.9s
   66       483.1       134.1    0.3871   0.46   0.17    -1.6000  lv0(a=5)           1.9s
   67       524.4       144.1    0.3874   0.47   0.17    -1.6000  lv0(a=5)           2.0s
   68       573.1       178.7    0.3877   0.47   0.17    -1.6000  lv0(a=5)           2.0s
   69       683.8       164.2    0.3880   0.48   0.17    -1.6000  lv0(a=5)           1.9s
  [probe] gen=70 score=5.9 net=0.771 fell=1.000 [new best earth]
   70       551.2       187.0    0.3884   0.48   0.17    -1.6000  lv0(a=5)           1.9s
   71       678.0       234.0    0.3887   0.48   0.18    -1.6000  lv0(a=5)           2.0s
   72       495.1       126.3    0.3890   0.49   0.18    -1.6000  lv0(a=5)           1.8s
   73       560.5       157.4    0.3894   0.49   0.18    -1.6000  lv0(a=5)           2.1s
   74       459.1       163.1    0.3899   0.50   0.18    -1.6000  lv0(a=5)           2.0s
  [plot] Saved fitness curve → experiments/thesis/archive_based/seed_03/fitness_curve.png
   75       701.5       172.6    0.3905   0.50   0.19    -1.6000  lv0(a=5)           2.1s
   76       453.6       180.1    0.3911   0.50   0.19    -1.6000  lv0(a=5)           2.0s
   77       568.9       203.8    0.3918   0.51   0.19    -1.6000  lv0(a=5)           1.9s
   78       745.2       194.8    0.3924   0.51   0.20    -1.6000  lv0(a=5)           1.9s
   79       509.8       154.0    0.3930   0.52   0.20    -1.6000  lv0(a=5)           2.0s
  [probe] gen=80 score=-154.1 net=0.100 fell=1.000
   80       495.6       140.4    0.3936   0.52   0.20    -1.6000  lv0(a=5)           1.9s
   81       629.7       202.1    0.3940   0.52   0.20    -1.6000  lv0(a=5)           1.9s
   82       554.6       154.9    0.3946   0.53   0.20    -1.6000  lv0(a=5)           1.8s
   83       553.2       166.2    0.3950   0.53   0.21    -1.6000  lv0(a=5)           2.0s
   84       651.3       159.8    0.3955   0.54   0.21    -1.6000  lv0(a=5)           1.9s
   85       689.5       223.2    0.3959   0.54   0.21    -1.6000  lv0(a=5)           1.9s
   86       671.9       162.6    0.3962   0.54   0.21    -1.6000  lv0(a=5)           1.8s
   87       613.9       191.4    0.3965   0.55   0.22    -1.6000  lv0(a=5)           1.9s
   88       700.8       213.8    0.3967   0.55   0.22    -1.6000  lv0(a=5)           1.9s
   89       650.3       142.1    0.3970   0.56   0.22    -1.6000  lv0(a=5)           1.8s
  [probe] gen=90 score=44.0 net=1.069 fell=1.000 [new best earth]
   90       585.1       221.6    0.3973   0.56   0.23    -1.6000  lv0(a=5)           1.9s
   91       650.6        85.5    0.3977   0.56   0.23    -1.6000  lv0(a=5)           1.7s
   92       829.7       217.4    0.3983   0.57   0.23    -1.6000  lv0(a=5)           1.8s
   93       774.5       247.6    0.3989   0.57   0.23    -1.6000  lv0(a=5)           1.9s
   94       877.6       106.3    0.3996   0.58   0.23    -1.6000  lv0(a=5)           1.6s
   95       675.4       240.3    0.4000   0.58   0.24    -1.6000  lv0(a=5)           1.9s
   96       985.3       282.4    0.4004   0.58   0.24    -1.6000  lv0(a=5)           2.2s
   97       645.7       191.6    0.4009   0.59   0.24    -1.6000  lv0(a=5)           1.9s
   98       648.0       142.8    0.4013   0.59   0.24    -1.6000  lv0(a=5)           1.8s
   99       716.4       191.6    0.4018   0.60   0.25    -1.6000  lv0(a=5)           1.9s
  [probe] gen=100 score=-22.7 net=0.784 fell=1.000
  [plot] Saved fitness curve → experiments/thesis/archive_based/seed_03/fitness_curve.png
  100       628.8       199.5    0.4021   0.60   0.25    -1.6000  lv0(a=5)           1.9s
  101       844.1       284.1    0.4025   0.60   0.25    -1.6000  lv0(a=5)           2.0s
  102       761.9       234.9    0.4029   0.61   0.26    -1.6000  lv0(a=5)           2.0s
  103       874.3       271.6    0.4032   0.61   0.26    -1.6000  lv0(a=5)           2.1s
  104       724.6       271.4    0.4033   0.62   0.26    -1.6000  lv0(a=5)           2.0s
  105       714.0       297.6    0.4034   0.62   0.26    -1.6000  lv0(a=5)           1.9s
  106       751.0       316.0    0.4036   0.62   0.27    -1.6000  lv0(a=5)           2.0s
  107       871.6       312.7    0.4038   0.63   0.27    -1.6000  lv0(a=5)           2.0s
  108       746.4       312.1    0.4041   0.63   0.27    -1.6000  lv0(a=5)           2.1s
  109       927.8       308.4    0.4046   0.64   0.27    -1.6000  lv0(a=5)           2.0s
  [probe] gen=110 score=77.9 net=1.237 fell=1.000 [new best earth]
  110       965.8       350.0    0.4051   0.64   0.28    -1.6000  lv0(a=5)           2.1s
  111      1145.8       260.0    0.4056   0.64   0.28    -1.6000  lv0(a=5)           2.0s
  112       813.6       360.2    0.4061   0.65   0.28    -1.6000  lv0(a=5)           2.3s
  113       878.3       260.4    0.4066   0.65   0.28    -1.6000  lv0(a=5)           2.0s
  114       976.7       270.2    0.4072   0.66   0.28    -1.6000  lv0(a=5)           2.2s
  115      1003.7       364.2    0.4075   0.66   0.29    -1.6000  lv0(a=5)           2.2s
  116       823.9       344.2    0.4077   0.66   0.29    -1.6000  lv0(a=5)           2.2s
  117      1065.4       330.9    0.4079   0.67   0.29    -1.6000  lv0(a=5)           2.0s
  118      1255.4       417.9    0.4080   0.67   0.29    -1.6000  lv0(a=5)           2.2s
  119      1085.5       316.8    0.4082   0.68   0.30    -1.6000  lv0(a=5)           2.0s
  [probe] gen=120 score=-80.4 net=0.539 fell=1.000
  120      1223.5       336.2    0.4082   0.68   0.30    -1.6000  lv0(a=5)           2.2s
  121      1051.7       329.4    0.4082   0.68   0.30    -1.6000  lv0(a=5)           2.0s
  122       970.7       365.0    0.4080   0.69   0.30    -1.6000  lv0(a=5)           2.1s
  123      1463.9       377.4    0.4077   0.69   0.31    -1.6000  lv0(a=5)           2.1s
  124      1132.7       317.9    0.4073   0.70   0.31    -1.6000  lv0(a=5)           2.2s
  [plot] Saved fitness curve → experiments/thesis/archive_based/seed_03/fitness_curve.png
  125       900.6       275.2    0.4069   0.70   0.31    -1.6000  lv0(a=5)           2.0s
  126       932.6       185.5    0.4064   0.70   0.32    -1.6000  lv0(a=5)           1.9s
  127       909.8       284.6    0.4059   0.71   0.32    -1.6000  lv0(a=5)           1.9s
  128      1057.9       372.7    0.4053   0.71   0.32    -1.6000  lv0(a=5)           2.0s
  129      1202.9       362.1    0.4046   0.72   0.32    -1.6000  lv0(a=5)           2.0s
  [probe] gen=130 score=89.1 net=1.258 fell=1.000 [new best earth]
  130      1008.3       391.5    0.4039   0.72   0.33    -1.6000  lv0(a=5)           2.1s
  131      1377.0       386.0    0.4033   0.72   0.33    -1.6000  lv0(a=5)           2.0s
  132      1429.6       428.4    0.4026   0.73   0.33    -1.6000  lv0(a=5)           2.3s
  133      1211.9       389.4    0.4022   0.73   0.33    -1.6000  lv0(a=5)           2.0s
  134       943.2       327.2    0.4017   0.74   0.34    -1.6000  lv0(a=5)           2.1s
  135      1245.6       480.7    0.4013   0.74   0.34    -1.6000  lv0(a=5)           2.3s
  136      1012.1       384.3    0.4011   0.74   0.34    -1.6000  lv0(a=5)           2.2s
  137       946.0       465.5    0.4009   0.75   0.34    -1.6000  lv0(a=5)           2.3s
  138      1383.0       456.0    0.4007   0.75   0.34    -1.6000  lv0(a=5)           2.4s
  139      1148.8       433.0    0.4004   0.76   0.35    -1.6000  lv0(a=5)           2.4s
  [probe] gen=140 score=20.0 net=0.998 fell=1.000
  140      1173.2       374.9    0.4002   0.76   0.35    -1.6000  lv0(a=5)           2.1s
  141      1087.5       380.7    0.3999   0.76   0.35    -1.6000  lv0(a=5)           2.1s
  142      1162.6       455.1    0.3996   0.77   0.35    -1.6000  lv0(a=5)           2.3s
  143       921.1       378.6    0.3993   0.77   0.36    -1.6000  lv0(a=5)           2.2s
  144      1115.9       524.0    0.3987   0.78   0.36    -1.6000  lv0(a=5)           2.5s
  145      1498.3       469.9    0.3984   0.78   0.36    -1.6000  lv0(a=5)           2.4s
  146      1408.6       562.3    0.3982   0.78   0.36    -1.6000  lv0(a=5)           2.6s
  147      1263.3       512.1    0.3979   0.79   0.37    -1.6000  lv0(a=5)           2.7s
  148      1274.3       392.6    0.3977   0.79   0.37    -1.6000  lv0(a=5)           2.3s
  149      1233.7       465.3    0.3976   0.80   0.37    -1.6000  lv0(a=5)           2.6s
  [probe] gen=150 score=24.4 net=0.986 fell=1.000
  [plot] Saved fitness curve → experiments/thesis/archive_based/seed_03/fitness_curve.png
  150      1193.9       408.2    0.3976   0.80   0.38    -1.6000  lv0(a=5)           2.4s
  151      1411.8       459.0    0.3974   0.80   0.38    -1.6000  lv0(a=5)           2.2s
  152      1257.9       461.8    0.3974   0.81   0.38    -1.6000  lv0(a=5)           2.3s
  153      1465.9       372.1    0.3972   0.81   0.38    -1.6000  lv0(a=5)           2.3s
  154      1318.6       568.7    0.3971   0.82   0.39    -1.6000  lv0(a=5)           2.8s
  155      1235.9       379.0    0.3969   0.82   0.39    -1.6000  lv0(a=5)           2.2s
  156      1432.2       603.8    0.3967   0.82   0.39    -1.6000  lv0(a=5)           2.8s
  157      1549.8       577.4    0.3965   0.83   0.39    -1.6000  lv0(a=5)           2.6s
  158      1107.7       424.1    0.3962   0.83   0.40    -1.6000  lv0(a=5)           2.3s
  159      1229.4       455.7    0.3959   0.84   0.40    -1.6000  lv0(a=5)           2.3s
  [probe] gen=160 score=209.3 net=1.713 fell=1.000 [new best earth]
  160      1317.2       554.3    0.3955   0.84   0.40    -1.6000  lv0(a=5)           2.6s
  161      1531.3       622.4    0.3951   0.84   0.40    -1.6000  lv0(a=5)           2.5s
  162      1461.1       583.8    0.3946   0.85   0.41    -1.6000  lv0(a=5)           2.5s
  163      1280.5       614.3    0.3941   0.85   0.41    -1.6000  lv0(a=5)           2.6s
  164      1483.1       603.4    0.3935   0.86   0.41    -1.6000  lv0(a=5)           2.6s
  165      1602.9       564.3    0.3927   0.86   0.41    -1.6000  lv0(a=5)           2.7s
  166      1312.2       453.5    0.3920   0.86   0.41    -1.6000  lv0(a=5)           2.3s
  167      1244.5       476.5    0.3914   0.87   0.42    -1.6000  lv0(a=5)           2.4s
  168      1215.1       613.9    0.3909   0.87   0.42    -1.6000  lv0(a=5)           2.6s
  169      1336.6       493.7    0.3904   0.88   0.42    -1.6000  lv0(a=5)           2.5s
  [probe] gen=170 score=40.7 net=1.078 fell=1.000
  170      1452.4       455.8    0.3900   0.88   0.42    -1.6000  lv0(a=5)           2.2s
  171      1241.1       390.4    0.3896   0.88   0.43    -1.6000  lv0(a=5)           2.3s
  172      1443.9       563.2    0.3891   0.89   0.43    -1.6000  lv0(a=5)           2.5s
  173      1320.8       471.9    0.3886   0.89   0.43    -1.6000  lv0(a=5)           2.5s
  174      1170.6       441.9    0.3883   0.90   0.43    -1.6000  lv0(a=5)           2.4s
  [plot] Saved fitness curve → experiments/thesis/archive_based/seed_03/fitness_curve.png
  175      1291.3       554.0    0.3879   0.90   0.44    -1.6000  lv0(a=5)           2.7s
  176      1335.8       600.6    0.3876   0.90   0.44    -1.6000  lv0(a=5)           2.6s
  177      1365.9       485.6    0.3873   0.91   0.44    -1.6000  lv0(a=5)           2.5s
  178      1102.6       563.8    0.3872   0.91   0.45    -1.6000  lv0(a=5)           2.7s
  179      1399.7       475.2    0.3870   0.92   0.45    -1.6000  lv0(a=5)           2.4s
  [probe] gen=180 score=169.2 net=1.483 fell=1.000
  180      1359.7       524.1    0.3869   0.92   0.45    -1.6000  lv0(a=5)           2.5s
  181      1262.6       560.1    0.3869   0.92   0.45    -1.6000  lv0(a=5)           2.4s
  182      1437.4       546.2    0.3869   0.93   0.46    -1.6000  lv0(a=5)           2.7s
  183      1356.7       581.1    0.3871   0.93   0.46    -1.6000  lv0(a=5)           2.6s
  184      1293.8       513.6    0.3872   0.94   0.46    -1.6000  lv0(a=5)           2.5s
  185      1208.9       600.5    0.3875   0.94   0.46    -1.6000  lv0(a=5)           2.7s
  186      1311.5       513.9    0.3875   0.94   0.47    -1.6000  lv0(a=5)           2.6s
  187      1527.0       608.2    0.3876   0.95   0.47    -1.6000  lv0(a=5)           2.6s
  188      1422.3       552.1    0.3876   0.95   0.47    -1.6000  lv0(a=5)           2.5s
  189      1237.1       612.2    0.3877   0.96   0.47    -1.6000  lv0(a=5)           2.7s
  [probe] gen=190 score=16.6 net=0.996 fell=1.000
  190      1190.0       471.4    0.3878   0.96   0.47    -1.6000  lv0(a=5)           2.3s
  191      1554.5       561.8    0.3878   0.96   0.48    -1.6000  lv0(a=5)           2.7s
  192      1454.0       460.7    0.3878   0.97   0.48    -1.6000  lv0(a=5)           2.5s
  193      1484.0       562.3    0.3878   0.97   0.48    -1.6000  lv0(a=5)           2.6s
  194      1442.7       492.2    0.3879   0.98   0.48    -1.6000  lv0(a=5)           2.5s
  [stage] gen=195  gravity -1.60 → -3.00  ES restarted  remaining=304
  195      1395.8       530.9    0.5000   0.98   0.49    -1.6000  lv0(a=5)           2.4s
  196      1255.6       166.6    0.4905   0.98   0.49    -3.0000  lv1(a=0)           1.6s
  197      1066.1       164.3    0.4820   0.99   0.49    -3.0000  lv1(a=1)           1.6s
  198      1164.9       207.9    0.4745   0.99   0.49    -3.0000  lv1(a=2)           1.6s
  199      1075.2       251.1    0.4676   1.00   0.50    -3.0000  lv1(a=3)           1.7s
  [probe] gen=200 score=55.3 net=1.077 fell=1.000
  [plot] Saved fitness curve → experiments/thesis/archive_based/seed_03/fitness_curve.png
  200       950.6       170.5    0.4614   1.00   0.50    -3.0000  lv1(a=4)           1.6s
  201      1330.9       297.4    0.4558   1.00   0.50    -3.0000  lv1(a=5)           1.9s
  202      1276.7       370.0    0.4504   1.00   0.50    -3.0000  lv1(a=5)           2.2s
  203      1211.6       358.7    0.4455   1.00   0.50    -3.0000  lv1(a=5)           2.0s
  204      1017.1       436.4    0.4410   1.00   0.50    -3.0000  lv1(a=5)           2.2s
  205      1049.6       350.4    0.4370   1.00   0.50    -3.0000  lv1(a=5)           1.8s
  206      1456.1       437.0    0.4334   1.00   0.50    -3.0000  lv1(a=5)           2.1s
  207      1497.9       441.9    0.4298   1.00   0.50    -3.0000  lv1(a=5)           2.1s
  208      1229.6       267.3    0.4265   1.00   0.50    -3.0000  lv1(a=5)           1.9s
  209      1563.5       436.4    0.4236   1.00   0.50    -3.0000  lv1(a=5)           2.0s
  [probe] gen=210 score=-38.9 net=0.501 fell=1.000
  210      1304.4       411.9    0.4208   1.00   0.50    -3.0000  lv1(a=5)           1.9s
  211       977.4       425.7    0.4185   1.00   0.50    -3.0000  lv1(a=5)           2.1s
  212      1215.2       492.8    0.4162   1.00   0.50    -3.0000  lv1(a=5)           2.2s
  213      1455.3       552.5    0.4139   1.00   0.50    -3.0000  lv1(a=5)           2.4s
  214      1187.3       461.7    0.4118   1.00   0.50    -3.0000  lv1(a=5)           2.3s
  215      1400.4       493.0    0.4100   1.00   0.50    -3.0000  lv1(a=5)           2.4s
  216      1448.1       542.4    0.4081   1.00   0.50    -3.0000  lv1(a=5)           2.4s
  217      1589.1       543.5    0.4064   1.00   0.50    -3.0000  lv1(a=5)           2.4s
  218      1371.9       466.1    0.4048   1.00   0.50    -3.0000  lv1(a=5)           2.2s
  219      1587.9       723.0    0.4033   1.00   0.50    -3.0000  lv1(a=5)           2.5s
  [probe] gen=220 score=-2.3 net=0.743 fell=1.000
  220      1505.5       646.0    0.4019   1.00   0.50    -3.0000  lv1(a=5)           2.4s
  221      1220.0       485.7    0.4005   1.00   0.50    -3.0000  lv1(a=5)           2.0s
  222      1379.9       393.2    0.3993   1.00   0.50    -3.0000  lv1(a=5)           2.1s
  223      1297.7       482.3    0.3980   1.00   0.50    -3.0000  lv1(a=5)           2.1s
  224      1340.4       552.8    0.3968   1.00   0.50    -3.0000  lv1(a=5)           2.4s
  [plot] Saved fitness curve → experiments/thesis/archive_based/seed_03/fitness_curve.png
  225      1443.6       543.7    0.3958   1.00   0.50    -3.0000  lv1(a=5)           2.5s
  [stage] gen=226  gravity -3.00 → -5.00  ES restarted  remaining=273
  226      1427.7       580.1    0.5000   1.00   0.50    -3.0000  lv1(a=5)           2.4s
  227       442.5       -25.4    0.4905   1.00   0.50    -5.0000  lv2(a=0)           1.1s
  228       880.2       113.5    0.4823   1.00   0.50    -5.0000  lv2(a=1)           1.6s
  229      1476.9       290.1    0.4748   1.00   0.50    -5.0000  lv2(a=2)           1.7s
  [probe] gen=230 score=-6.2 net=0.686 fell=1.000
  230      1190.4       301.0    0.4681   1.00   0.50    -5.0000  lv2(a=3)           1.9s
  231       998.6       267.1    0.4619   1.00   0.50    -5.0000  lv2(a=4)           1.7s
  232       993.9       378.1    0.4561   1.00   0.50    -5.0000  lv2(a=5)           2.0s
  233      1157.5       324.8    0.4509   1.00   0.50    -5.0000  lv2(a=5)           2.0s
  234      1345.1       232.2    0.4463   1.00   0.50    -5.0000  lv2(a=5)           1.7s
  235      1115.2       433.1    0.4421   1.00   0.50    -5.0000  lv2(a=5)           1.9s
  236      1109.6       386.4    0.4383   1.00   0.50    -5.0000  lv2(a=5)           1.9s
  237      1420.3       403.1    0.4348   1.00   0.50    -5.0000  lv2(a=5)           2.2s
  238      1354.9       408.9    0.4315   1.00   0.50    -5.0000  lv2(a=5)           2.0s
  239      1336.2       482.8    0.4286   1.00   0.50    -5.0000  lv2(a=5)           2.2s
  [probe] gen=240 score=109.4 net=1.348 fell=1.000
  240      1216.5       535.9    0.4257   1.00   0.50    -5.0000  lv2(a=5)           2.2s
  241      1158.6       507.8    0.4230   1.00   0.50    -5.0000  lv2(a=5)           2.0s
  242      1310.4       423.2    0.4204   1.00   0.50    -5.0000  lv2(a=5)           1.9s
  243      1260.5       420.1    0.4177   1.00   0.50    -5.0000  lv2(a=5)           2.1s
  244      1031.2       327.8    0.4153   1.00   0.50    -5.0000  lv2(a=5)           1.9s
  245      1183.7       324.7    0.4130   1.00   0.50    -5.0000  lv2(a=5)           1.9s
  246      1116.1       442.4    0.4109   1.00   0.50    -5.0000  lv2(a=5)           2.4s
  247      1346.2       360.6    0.4090   1.00   0.50    -5.0000  lv2(a=5)           2.0s
  248      1302.3       383.8    0.4072   1.00   0.50    -5.0000  lv2(a=5)           2.0s
  249      1373.6       392.8    0.4055   1.00   0.50    -5.0000  lv2(a=5)           1.9s
  [probe] gen=250 score=196.3 net=1.631 fell=1.000
  [plot] Saved fitness curve → experiments/thesis/archive_based/seed_03/fitness_curve.png
  250      1177.3       469.6    0.4040   1.00   0.50    -5.0000  lv2(a=5)           2.1s
  251      1293.6       610.0    0.4025   1.00   0.50    -5.0000  lv2(a=5)           2.1s
  252      1170.0       398.7    0.4011   1.00   0.50    -5.0000  lv2(a=5)           2.0s
  253      1447.3       443.8    0.3997   1.00   0.50    -5.0000  lv2(a=5)           2.2s
  254      1427.9       530.4    0.3985   1.00   0.50    -5.0000  lv2(a=5)           2.2s
  255      1279.6       527.6    0.3974   1.00   0.50    -5.0000  lv2(a=5)           2.0s
  256      1357.9       626.0    0.3963   1.00   0.50    -5.0000  lv2(a=5)           2.2s
  [stage] gen=257  gravity -5.00 → -7.00  ES restarted  remaining=242
  257      1303.2       499.5    0.5000   1.00   0.50    -5.0000  lv2(a=5)           2.2s
  258       440.7        88.9    0.4903   1.00   0.50    -7.0000  lv3(a=0)           1.0s
  259       383.5        69.7    0.4816   1.00   0.50    -7.0000  lv3(a=1)           1.1s
  [probe] gen=260 score=142.8 net=1.288 fell=1.000
  260       734.6       145.8    0.4741   1.00   0.50    -7.0000  lv3(a=2)           1.3s
  261       474.9        97.3    0.4672   1.00   0.50    -7.0000  lv3(a=3)           1.2s
  262       435.5        88.9    0.4610   1.00   0.50    -7.0000  lv3(a=4)           1.2s
  263       836.2       174.9    0.4552   1.00   0.50    -7.0000  lv3(a=5)           1.4s
  264       658.7       181.3    0.4499   1.00   0.50    -7.0000  lv3(a=5)           1.3s
  265       540.4       191.0    0.4451   1.00   0.50    -7.0000  lv3(a=5)           1.4s
  266       582.7       210.3    0.4408   1.00   0.50    -7.0000  lv3(a=5)           1.4s
  267       827.8       200.2    0.4367   1.00   0.50    -7.0000  lv3(a=5)           1.6s
  268       767.4       193.6    0.4330   1.00   0.50    -7.0000  lv3(a=5)           1.7s
  269       564.0       201.5    0.4295   1.00   0.50    -7.0000  lv3(a=5)           1.5s
  [probe] gen=270 score=201.0 net=1.610 fell=1.000
  270       923.9       108.7    0.4264   1.00   0.50    -7.0000  lv3(a=5)           1.4s
  271       707.3       168.5    0.4233   1.00   0.50    -7.0000  lv3(a=5)           1.4s
  272       826.7       255.6    0.4206   1.00   0.50    -7.0000  lv3(a=5)           1.6s
  273       771.9       242.9    0.4181   1.00   0.50    -7.0000  lv3(a=5)           1.5s
  274       831.7       236.2    0.4157   1.00   0.50    -7.0000  lv3(a=5)           1.4s
  [plot] Saved fitness curve → experiments/thesis/archive_based/seed_03/fitness_curve.png
  275      1121.1       230.0    0.4136   1.00   0.50    -7.0000  lv3(a=5)           1.6s
  276       864.1       250.3    0.4116   1.00   0.50    -7.0000  lv3(a=5)           1.7s
  277       725.4       254.3    0.4097   1.00   0.50    -7.0000  lv3(a=5)           1.7s
  278       587.8       240.2    0.4079   1.00   0.50    -7.0000  lv3(a=5)           1.6s
  279       728.0       129.7    0.4062   1.00   0.50    -7.0000  lv3(a=5)           1.5s
  [probe] gen=280 score=235.3 net=1.676 fell=1.000 [new best earth]
  280       780.1       198.5    0.4047   1.00   0.50    -7.0000  lv3(a=5)           1.5s
  281       907.2       316.6    0.4034   1.00   0.50    -7.0000  lv3(a=5)           1.7s
  282       828.5       223.8    0.4022   1.00   0.50    -7.0000  lv3(a=5)           1.6s
  283       808.3       217.8    0.4010   1.00   0.50    -7.0000  lv3(a=5)           1.7s
  284       789.8       243.6    0.3999   1.00   0.50    -7.0000  lv3(a=5)           1.6s
  285       658.6       215.6    0.3987   1.00   0.50    -7.0000  lv3(a=5)           1.7s
  286       880.2       266.1    0.3975   1.00   0.50    -7.0000  lv3(a=5)           1.5s
  287       643.4       243.1    0.3962   1.00   0.50    -7.0000  lv3(a=5)           1.6s
  [stage] gen=288  gravity -7.00 → -9.81  ES restarted  remaining=211
  288       768.8       263.3    0.5000   1.00   0.50    -7.0000  lv3(a=5)           1.6s
  289       307.6        76.1    0.4904   1.00   0.50    -9.8100  lv4(a=0)           0.9s
  [probe] gen=290 score=152.2 net=1.498 fell=1.000
  290       213.9        88.9    0.4822   1.00   0.50    -9.8100  lv4(a=1)           1.0s
  291       433.4       113.2    0.4749   1.00   0.50    -9.8100  lv4(a=2)           1.0s
  292       350.8        87.3    0.4682   1.00   0.50    -9.8100  lv4(a=3)           1.0s
  293       391.4       116.2    0.4618   1.00   0.50    -9.8100  lv4(a=4)           1.0s
  294       379.2       132.3    0.4561   1.00   0.50    -9.8100  lv4(a=5)           1.1s
  295       617.6       142.2    0.4508   1.00   0.50    -9.8100  lv4(a=5)           1.1s
  296       574.5        80.8    0.4460   1.00   0.50    -9.8100  lv4(a=5)           1.1s
  297       497.5       125.1    0.4414   1.00   0.50    -9.8100  lv4(a=5)           1.3s
  298       482.6       204.7    0.4373   1.00   0.50    -9.8100  lv4(a=5)           1.3s
  299       385.9        76.2    0.4335   1.00   0.50    -9.8100  lv4(a=5)           1.2s
  [probe] gen=300 score=339.2 net=1.441 fell=0.400 [new best earth]
  [plot] Saved fitness curve → experiments/thesis/archive_based/seed_03/fitness_curve.png
  300       573.4       141.6    0.4300   1.00   0.50    -9.8100  lv4(a=5)           1.4s
  301       608.5       176.1    0.4267   1.00   0.50    -9.8100  lv4(a=5)           1.4s
  302       877.9       156.5    0.4238   1.00   0.50    -9.8100  lv4(a=5)           1.4s
  303       859.1       157.6    0.4210   1.00   0.50    -9.8100  lv4(a=5)           1.4s
  304       704.8       145.9    0.4185   1.00   0.50    -9.8100  lv4(a=5)           1.6s
  305       473.7       148.1    0.4162   1.00   0.50    -9.8100  lv4(a=5)           1.3s
  306       715.6       185.4    0.4140   1.00   0.50    -9.8100  lv4(a=5)           1.5s
  307       767.9       199.8    0.4120   1.00   0.50    -9.8100  lv4(a=5)           1.5s
  308       729.8       176.1    0.4101   1.00   0.50    -9.8100  lv4(a=5)           1.3s
  309       749.8       181.7    0.4084   1.00   0.50    -9.8100  lv4(a=5)           1.3s
  [probe] gen=310 score=710.5 net=3.582 fell=0.800 [new best earth]
  310       983.3       243.9    0.4070   1.00   0.50    -9.8100  lv4(a=5)           1.4s
  311       868.4       223.3    0.4057   1.00   0.50    -9.8100  lv4(a=5)           1.5s
  312       844.4       270.3    0.4043   1.00   0.50    -9.8100  lv4(a=5)           1.8s
  313       865.2       224.7    0.4029   1.00   0.50    -9.8100  lv4(a=5)           1.5s
  314      1056.4       246.8    0.4016   1.00   0.50    -9.8100  lv4(a=5)           1.8s
  315       760.6       152.2    0.4004   1.00   0.50    -9.8100  lv4(a=5)           1.7s
  316       927.3       258.7    0.3992   1.00   0.50    -9.8100  lv4(a=5)           2.0s
  317       974.5       239.8    0.3981   1.00   0.50    -9.8100  lv4(a=5)           1.7s
  318      1132.0       232.2    0.3971   1.00   0.50    -9.8100  lv4(a=5)           1.9s
  319       908.2       272.8    0.3960   1.00   0.50    -9.8100  lv4(a=5)           1.8s
  [probe] gen=320 score=740.0 net=3.239 fell=0.200 [new best earth]
  320       698.6       198.0    0.3950   1.00   0.50    -9.8100  lv4(a=5)           1.6s
  321       586.9       222.2    0.3942   1.00   0.50    -9.8100  lv4(a=5)           1.6s
  322       683.0       131.4    0.3937   1.00   0.50    -9.8100  lv4(a=5)           1.7s
  323       476.4       149.6    0.3930   1.00   0.50    -9.8100  lv4(a=5)           1.6s
  324       774.4       270.6    0.3926   1.00   0.50    -9.8100  lv4(a=5)           2.0s
  [plot] Saved fitness curve → experiments/thesis/archive_based/seed_03/fitness_curve.png
  325       894.9       193.7    0.3922   1.00   0.50    -9.8100  lv4(a=5)           1.8s
  326       854.7       203.3    0.3918   1.00   0.50    -9.8100  lv4(a=5)           2.1s
  327       625.5       201.0    0.3916   1.00   0.50    -9.8100  lv4(a=5)           1.8s
  328       963.3       243.9    0.3912   1.00   0.50    -9.8100  lv4(a=5)           2.0s
  329       932.6       294.2    0.3907   1.00   0.50    -9.8100  lv4(a=5)           1.9s
  [probe] gen=330 score=1002.1 net=4.403 fell=0.000 [new best earth]
  330       985.6       230.7    0.3902   1.00   0.50    -9.8100  lv4(a=5)           1.5s
  331       850.4       243.6    0.3897   1.00   0.50    -9.8100  lv4(a=5)           1.5s
  332       885.7       280.1    0.3893   1.00   0.50    -9.8100  lv4(a=5)           2.1s
  333       788.0       293.9    0.3888   1.00   0.50    -9.8100  lv4(a=5)           1.8s
  334       799.9       289.7    0.3882   1.00   0.50    -9.8100  lv4(a=5)           2.0s
  335       909.9       250.4    0.3877   1.00   0.50    -9.8100  lv4(a=5)           2.2s
  336      1108.4       304.0    0.3871   1.00   0.50    -9.8100  lv4(a=5)           2.0s
  337       752.2       226.4    0.3866   1.00   0.50    -9.8100  lv4(a=5)           1.9s
  338      1050.2       292.4    0.3860   1.00   0.50    -9.8100  lv4(a=5)           2.0s
  339      1207.5       317.2    0.3855   1.00   0.50    -9.8100  lv4(a=5)           2.2s
  [probe] gen=340 score=972.1 net=4.227 fell=0.000
  340      1024.6       312.5    0.3850   1.00   0.50    -9.8100  lv4(a=5)           2.0s
  341      1048.4       323.7    0.3844   1.00   0.50    -9.8100  lv4(a=5)           1.8s
  342      1089.7       242.6    0.3841   1.00   0.50    -9.8100  lv4(a=5)           1.5s
  343      1063.3       348.3    0.3838   1.00   0.50    -9.8100  lv4(a=5)           1.7s
  344      1383.0       341.0    0.3835   1.00   0.50    -9.8100  lv4(a=5)           2.0s
  345       860.1       252.1    0.3834   1.00   0.50    -9.8100  lv4(a=5)           1.8s
  346       938.2       206.9    0.3833   1.00   0.50    -9.8100  lv4(a=5)           1.7s
  347      1069.0       329.6    0.3831   1.00   0.50    -9.8100  lv4(a=5)           2.1s
  348      1139.5       340.6    0.3829   1.00   0.50    -9.8100  lv4(a=5)           1.8s
  349      1007.8       297.1    0.3827   1.00   0.50    -9.8100  lv4(a=5)           2.2s
  [probe] gen=350 score=864.9 net=4.029 fell=0.500
  [plot] Saved fitness curve → experiments/thesis/archive_based/seed_03/fitness_curve.png
  350       790.5       276.2    0.3825   1.00   0.50    -9.8100  lv4(a=5)           1.9s
  351      1006.7       270.7    0.3823   1.00   0.50    -9.8100  lv4(a=5)           1.9s
  352      1092.1       316.9    0.3821   1.00   0.50    -9.8100  lv4(a=5)           1.9s
  353      1065.1       309.7    0.3819   1.00   0.50    -9.8100  lv4(a=5)           2.1s
  354      1108.2       370.1    0.3817   1.00   0.50    -9.8100  lv4(a=5)           2.2s
  355      1255.5       406.7    0.3815   1.00   0.50    -9.8100  lv4(a=5)           2.6s
  356      1138.1       278.1    0.3813   1.00   0.50    -9.8100  lv4(a=5)           1.8s
  357       950.7       386.6    0.3810   1.00   0.50    -9.8100  lv4(a=5)           1.9s
  358      1025.4       397.9    0.3806   1.00   0.50    -9.8100  lv4(a=5)           2.4s
  359      1140.8       346.7    0.3803   1.00   0.50    -9.8100  lv4(a=5)           1.9s
  [probe] gen=360 score=770.1 net=3.537 fell=0.400
  360       934.3       377.4    0.3800   1.00   0.50    -9.8100  lv4(a=5)           1.8s
  361       941.8       379.5    0.3798   1.00   0.50    -9.8100  lv4(a=5)           2.0s
  362      1022.2       422.0    0.3797   1.00   0.50    -9.8100  lv4(a=5)           1.9s
  363      1113.2       380.2    0.3796   1.00   0.50    -9.8100  lv4(a=5)           2.0s
  364      1104.1       293.3    0.3796   1.00   0.50    -9.8100  lv4(a=5)           1.8s
  365      1260.6       339.0    0.3797   1.00   0.50    -9.8100  lv4(a=5)           1.9s
  366       969.8       384.1    0.3798   1.00   0.50    -9.8100  lv4(a=5)           1.9s
  367      1279.5       438.6    0.3800   1.00   0.50    -9.8100  lv4(a=5)           2.1s
  368      1224.5       317.1    0.3800   1.00   0.50    -9.8100  lv4(a=5)           1.8s
  369      1017.0       338.3    0.3800   1.00   0.50    -9.8100  lv4(a=5)           2.1s
  [probe] gen=370 score=425.5 net=2.630 fell=1.000
  370      1320.8       375.1    0.3800   1.00   0.50    -9.8100  lv4(a=5)           2.1s
  371       881.1       318.4    0.3800   1.00   0.50    -9.8100  lv4(a=5)           1.9s
  372       871.2       267.4    0.3800   1.00   0.50    -9.8100  lv4(a=5)           1.7s
  373       989.3       301.0    0.3800   1.00   0.50    -9.8100  lv4(a=5)           1.9s
  374       784.9       285.2    0.3799   1.00   0.50    -9.8100  lv4(a=5)           1.8s
  [plot] Saved fitness curve → experiments/thesis/archive_based/seed_03/fitness_curve.png
  375      1151.3       394.8    0.3799   1.00   0.50    -9.8100  lv4(a=5)           2.0s
  376       951.8       361.7    0.3797   1.00   0.50    -9.8100  lv4(a=5)           2.0s
  377       919.7       425.9    0.3795   1.00   0.50    -9.8100  lv4(a=5)           2.4s
  378      1072.8       314.0    0.3794   1.00   0.50    -9.8100  lv4(a=5)           2.3s
  379       841.2       362.7    0.3794   1.00   0.50    -9.8100  lv4(a=5)           2.2s
  [probe] gen=380 score=1090.1 net=5.020 fell=0.200 [new best earth]
  380      1104.6       294.8    0.3792   1.00   0.50    -9.8100  lv4(a=5)           2.4s
  381      1066.3       252.0    0.3792   1.00   0.50    -9.8100  lv4(a=5)           2.0s
  382       965.2       247.3    0.3792   1.00   0.50    -9.8100  lv4(a=5)           1.9s
  383      1010.3       343.1    0.3793   1.00   0.50    -9.8100  lv4(a=5)           2.1s
  384      1055.2       365.5    0.3794   1.00   0.50    -9.8100  lv4(a=5)           2.4s
  385      1314.1       390.8    0.3796   1.00   0.50    -9.8100  lv4(a=5)           2.1s
  386      1040.5       443.9    0.3799   1.00   0.50    -9.8100  lv4(a=5)           2.5s
  387      1130.9       441.5    0.3800   1.00   0.50    -9.8100  lv4(a=5)           2.6s
  388      1378.9       443.5    0.3801   1.00   0.50    -9.8100  lv4(a=5)           2.4s
  389      1189.9       347.2    0.3801   1.00   0.50    -9.8100  lv4(a=5)           2.0s
  [probe] gen=390 score=919.0 net=4.309 fell=0.600
  390      1031.3       475.9    0.3803   1.00   0.50    -9.8100  lv4(a=5)           2.4s
  391      1068.9       380.0    0.3805   1.00   0.50    -9.8100  lv4(a=5)           1.9s
  392       990.1       474.8    0.3805   1.00   0.50    -9.8100  lv4(a=5)           2.0s
  393      1251.6       423.2    0.3806   1.00   0.50    -9.8100  lv4(a=5)           2.2s
  394      1211.2       464.5    0.3807   1.00   0.50    -9.8100  lv4(a=5)           2.1s
  395      1048.8       359.6    0.3806   1.00   0.50    -9.8100  lv4(a=5)           2.2s
  396       900.0       404.1    0.3807   1.00   0.50    -9.8100  lv4(a=5)           2.3s
  397      1075.5       403.8    0.3806   1.00   0.50    -9.8100  lv4(a=5)           2.3s
  398      1058.3       387.4    0.3806   1.00   0.50    -9.8100  lv4(a=5)           2.4s
  399       963.0       477.9    0.3806   1.00   0.50    -9.8100  lv4(a=5)           2.7s
  [probe] gen=400 score=878.7 net=4.155 fell=0.500
  [plot] Saved fitness curve → experiments/thesis/archive_based/seed_03/fitness_curve.png
  400      1123.9       432.0    0.3806   1.00   0.50    -9.8100  lv4(a=5)           2.3s
  401      1040.4       447.9    0.3804   1.00   0.50    -9.8100  lv4(a=5)           2.3s
  402      1138.1       465.8    0.3800   1.00   0.50    -9.8100  lv4(a=5)           2.1s
  403      1242.9       466.7    0.3795   1.00   0.50    -9.8100  lv4(a=5)           2.4s
  404      1062.1       428.5    0.3791   1.00   0.50    -9.8100  lv4(a=5)           2.4s
  405      1239.2       491.8    0.3786   1.00   0.50    -9.8100  lv4(a=5)           2.7s
  406      1030.0       308.1    0.3782   1.00   0.50    -9.8100  lv4(a=5)           2.2s
  407      1087.6       406.5    0.3777   1.00   0.50    -9.8100  lv4(a=5)           2.0s
  408      1020.9       395.9    0.3772   1.00   0.50    -9.8100  lv4(a=5)           2.2s
  409       932.0       304.5    0.3767   1.00   0.50    -9.8100  lv4(a=5)           1.8s
  [probe] gen=410 score=978.3 net=4.232 fell=0.100
  410      1089.3       212.9    0.3762   1.00   0.50    -9.8100  lv4(a=5)           1.9s
  411      1255.1       329.6    0.3757   1.00   0.50    -9.8100  lv4(a=5)           1.6s
  412       929.0       260.2    0.3752   1.00   0.50    -9.8100  lv4(a=5)           1.3s
  413      1259.2       392.6    0.3745   1.00   0.50    -9.8100  lv4(a=5)           1.8s
  414      1104.8       370.4    0.3739   1.00   0.50    -9.8100  lv4(a=5)           1.8s
  415      1069.3       356.6    0.3732   1.00   0.50    -9.8100  lv4(a=5)           1.8s
  416      1152.6       427.6    0.3727   1.00   0.50    -9.8100  lv4(a=5)           2.0s
  417      1160.0       487.5    0.3723   1.00   0.50    -9.8100  lv4(a=5)           2.0s
  418       933.0       372.7    0.3719   1.00   0.50    -9.8100  lv4(a=5)           1.8s
  419      1203.2       462.1    0.3714   1.00   0.50    -9.8100  lv4(a=5)           1.9s
  [probe] gen=420 score=1192.6 net=5.594 fell=0.400 [new best earth]
  420      1206.7       375.8    0.3708   1.00   0.50    -9.8100  lv4(a=5)           1.8s
  421      1107.9       323.9    0.3704   1.00   0.50    -9.8100  lv4(a=5)           1.8s
  422      1064.4       421.3    0.3698   1.00   0.50    -9.8100  lv4(a=5)           1.7s
  423      1119.7       514.3    0.3692   1.00   0.50    -9.8100  lv4(a=5)           2.2s
  424      1326.4       408.4    0.3685   1.00   0.50    -9.8100  lv4(a=5)           1.8s
  [plot] Saved fitness curve → experiments/thesis/archive_based/seed_03/fitness_curve.png
  425      1132.8       463.0    0.3678   1.00   0.50    -9.8100  lv4(a=5)           2.3s
  426      1121.8       448.1    0.3671   1.00   0.50    -9.8100  lv4(a=5)           2.0s
  427      1257.8       439.4    0.3664   1.00   0.50    -9.8100  lv4(a=5)           2.1s
  428      1174.6       550.7    0.3658   1.00   0.50    -9.8100  lv4(a=5)           2.3s
  429      1121.2       526.2    0.3653   1.00   0.50    -9.8100  lv4(a=5)           2.2s
  [probe] gen=430 score=1114.0 net=5.589 fell=0.800
  430      1162.8       575.0    0.3649   1.00   0.50    -9.8100  lv4(a=5)           2.3s
  431      1121.2       446.6    0.3644   1.00   0.50    -9.8100  lv4(a=5)           1.8s
  432      1247.4       548.0    0.3639   1.00   0.50    -9.8100  lv4(a=5)           2.6s
  433      1219.7       451.4    0.3634   1.00   0.50    -9.8100  lv4(a=5)           1.9s
  434      1182.9       533.8    0.3629   1.00   0.50    -9.8100  lv4(a=5)           2.1s
  435      1131.6       543.7    0.3625   1.00   0.50    -9.8100  lv4(a=5)           2.3s
  436      1190.0       508.2    0.3620   1.00   0.50    -9.8100  lv4(a=5)           2.3s
  437      1289.5       593.2    0.3615   1.00   0.50    -9.8100  lv4(a=5)           2.1s
  438      1082.0       581.8    0.3609   1.00   0.50    -9.8100  lv4(a=5)           2.3s
  439      1349.5       498.8    0.3605   1.00   0.50    -9.8100  lv4(a=5)           2.1s
  [probe] gen=440 score=986.1 net=5.037 fell=0.700
  440      1235.4       514.1    0.3602   1.00   0.50    -9.8100  lv4(a=5)           2.3s
  441      1245.0       556.0    0.3597   1.00   0.50    -9.8100  lv4(a=5)           2.3s
  442      1381.1       607.4    0.3593   1.00   0.50    -9.8100  lv4(a=5)           2.4s
  443      1401.4       669.7    0.3588   1.00   0.50    -9.8100  lv4(a=5)           2.5s
  444      1152.9       421.2    0.3584   1.00   0.50    -9.8100  lv4(a=5)           2.0s
  445      1285.0       534.2    0.3578   1.00   0.50    -9.8100  lv4(a=5)           2.3s
  446      1319.0       651.3    0.3573   1.00   0.50    -9.8100  lv4(a=5)           2.3s
  447      1243.8       675.0    0.3570   1.00   0.50    -9.8100  lv4(a=5)           2.3s
  448      1246.3       453.9    0.3567   1.00   0.50    -9.8100  lv4(a=5)           1.8s
  449      1574.1       472.3    0.3564   1.00   0.50    -9.8100  lv4(a=5)           2.0s
  [probe] gen=450 score=1193.7 net=5.634 fell=0.200 [new best earth]
  [plot] Saved fitness curve → experiments/thesis/archive_based/seed_03/fitness_curve.png
  450      1336.4       540.9    0.3561   1.00   0.50    -9.8100  lv4(a=5)           2.5s
  451      1202.5       480.6    0.3558   1.00   0.50    -9.8100  lv4(a=5)           1.9s
  452      1109.9       473.7    0.3555   1.00   0.50    -9.8100  lv4(a=5)           1.8s
  453      1555.0       629.6    0.3554   1.00   0.50    -9.8100  lv4(a=5)           2.4s
  454      1387.2       480.6    0.3549   1.00   0.50    -9.8100  lv4(a=5)           2.3s
  455      1553.2       566.5    0.3546   1.00   0.50    -9.8100  lv4(a=5)           2.5s
  456      1226.9       451.6    0.3545   1.00   0.50    -9.8100  lv4(a=5)           1.9s
  457      1392.6       456.5    0.3544   1.00   0.50    -9.8100  lv4(a=5)           1.8s
  458      1369.2       579.7    0.3543   1.00   0.50    -9.8100  lv4(a=5)           2.0s
  459      1367.9       573.9    0.3542   1.00   0.50    -9.8100  lv4(a=5)           2.0s
  [probe] gen=460 score=1396.5 net=6.441 fell=0.000 [new best earth]
  460      1392.3       463.8    0.3540   1.00   0.50    -9.8100  lv4(a=5)           2.4s
  461      1665.8       477.8    0.3539   1.00   0.50    -9.8100  lv4(a=5)           1.9s
  462      1345.9       591.2    0.3536   1.00   0.50    -9.8100  lv4(a=5)           2.1s
  463      1357.4       711.2    0.3534   1.00   0.50    -9.8100  lv4(a=5)           2.6s
  464      1411.9       570.9    0.3531   1.00   0.50    -9.8100  lv4(a=5)           2.3s
  465      1466.8       545.5    0.3531   1.00   0.50    -9.8100  lv4(a=5)           2.3s
  466      1192.3       601.0    0.3530   1.00   0.50    -9.8100  lv4(a=5)           2.4s
  467      1564.8       640.4    0.3528   1.00   0.50    -9.8100  lv4(a=5)           2.4s
  468      1200.9       533.8    0.3526   1.00   0.50    -9.8100  lv4(a=5)           2.0s
  469      1366.8       588.6    0.3525   1.00   0.50    -9.8100  lv4(a=5)           2.5s
  [probe] gen=470 score=1276.4 net=6.088 fell=0.200
  470      1459.5       585.1    0.3525   1.00   0.50    -9.8100  lv4(a=5)           2.3s
  471      1381.5       672.7    0.3523   1.00   0.50    -9.8100  lv4(a=5)           2.2s
  472      1420.2       637.2    0.3522   1.00   0.50    -9.8100  lv4(a=5)           2.1s
  473      1357.9       669.7    0.3522   1.00   0.50    -9.8100  lv4(a=5)           2.4s
  474      1441.4       581.9    0.3523   1.00   0.50    -9.8100  lv4(a=5)           2.2s
  [plot] Saved fitness curve → experiments/thesis/archive_based/seed_03/fitness_curve.png
  475      1250.6       786.1    0.3525   1.00   0.50    -9.8100  lv4(a=5)           2.5s
  476      1239.7       458.7    0.3526   1.00   0.50    -9.8100  lv4(a=5)           1.8s
  477      1384.3       680.1    0.3526   1.00   0.50    -9.8100  lv4(a=5)           2.5s
  478      1381.1       600.6    0.3524   1.00   0.50    -9.8100  lv4(a=5)           2.4s
  479      1346.6       683.5    0.3523   1.00   0.50    -9.8100  lv4(a=5)           2.6s
  [probe] gen=480 score=1046.0 net=5.058 fell=0.700
  480      1365.5       592.7    0.3523   1.00   0.50    -9.8100  lv4(a=5)           2.5s
  481      1440.2       631.0    0.3523   1.00   0.50    -9.8100  lv4(a=5)           2.6s
  482      1234.1       485.6    0.3524   1.00   0.50    -9.8100  lv4(a=5)           2.3s
  483      1481.3       532.0    0.3527   1.00   0.50    -9.8100  lv4(a=5)           2.0s
  484      1518.5       487.9    0.3529   1.00   0.50    -9.8100  lv4(a=5)           2.3s
  485      1352.2       567.1    0.3531   1.00   0.50    -9.8100  lv4(a=5)           2.2s
  486      1265.0       509.3    0.3532   1.00   0.50    -9.8100  lv4(a=5)           2.3s
  487      1305.3       564.9    0.3535   1.00   0.50    -9.8100  lv4(a=5)           2.3s
  488      1410.1       602.9    0.3538   1.00   0.50    -9.8100  lv4(a=5)           2.4s
  489      1441.7       665.8    0.3540   1.00   0.50    -9.8100  lv4(a=5)           2.5s
  [probe] gen=490 score=1444.8 net=7.083 fell=0.900 [new best earth]
  490      1482.2       645.1    0.3543   1.00   0.50    -9.8100  lv4(a=5)           2.3s
  491      1493.3       709.0    0.3545   1.00   0.50    -9.8100  lv4(a=5)           2.5s
  492      1331.3       698.0    0.3546   1.00   0.50    -9.8100  lv4(a=5)           2.5s
  493      1321.8       607.0    0.3547   1.00   0.50    -9.8100  lv4(a=5)           2.4s
  494      1357.7       581.2    0.3548   1.00   0.50    -9.8100  lv4(a=5)           2.4s
  495      1306.1       571.4    0.3550   1.00   0.50    -9.8100  lv4(a=5)           2.8s
  496      1360.8       545.9    0.3551   1.00   0.50    -9.8100  lv4(a=5)           2.2s
  497      1569.4       602.6    0.3552   1.00   0.50    -9.8100  lv4(a=5)           2.5s
  498      1360.6       642.9    0.3553   1.00   0.50    -9.8100  lv4(a=5)           2.5s
  499      1263.9       597.0    0.3555   1.00   0.50    -9.8100  lv4(a=5)           2.7s
  [plot] Saved fitness curve → experiments/thesis/archive_based/seed_03/fitness_curve.png

Training complete. Best fitness: 1665.8
Best params → experiments/thesis/archive_based/seed_03/checkpoints/best_params.npy
Fitness curve → experiments/thesis/archive_based/seed_03/fitness_curve.png
Eval params  → best_earth_params (earth probe score: 1444.8)
Final Earth scorecard | score=1423.2 net=6.985 fell=0.600
Gravity sweep | gravities=5 mean_net=4.549 worst_net=2.371
  [exp] Wrote experiments/thesis/archive_based/seed_03/experiment.json
  [exp] Wrote experiments/thesis/archive_based/seed_03/training_log.csv
  [exp] Wrote experiments/thesis/archive_based/seed_03/earth_probe.csv
  [exp] Wrote experiments/thesis/archive_based/seed_03/gravity_sweep.csv
  [exp] Wrote experiments/thesis/archive_based/seed_03/summary.json
