Walker2d-v5 | policy=CPG  params=504
Curriculum   : AdaptiveProgression  [-1.6→-3.0→-5.0→-7.0→-9.81]  plateau=30gen  min_improve=5.0
Run context | seed=2 arm=adaptive_progression run_id=adaptive_progression_seed_02

Schedule | penalty_min=0.20 penalty_ramp_gen=200 corr_min=0.00 corr_max=0.50 corr_ramp_gen=200

Starting CMA-ES | pop=40 | sigma0=0.5 | max_gen=500 | workers=8 | seed=2
Checkpoints → experiments/thesis/adaptive_progression/seed_02/checkpoints/

  Gen        Best        Mean     Sigma    Pen   Corr    Gravity  Phase              Time
------------------------------------------------------------------------------------
  [probe] gen=0 score=-394.2 net=-0.197 fell=1.000 [new best earth]
  [plot] Saved fitness curve → experiments/thesis/adaptive_progression/seed_02/fitness_curve.png
    0       -49.5       -75.9    0.4905   0.20   0.00    -1.6000  lv0(-1.6)          1.6s
    1       -59.4       -75.3    0.4820   0.20   0.00    -1.6000  lv0(-1.6)          0.2s
    2       -60.7       -76.6    0.4745   0.21   0.01    -1.6000  lv0(-1.6)          0.2s
    3       -59.8       -79.1    0.4678   0.21   0.01    -1.6000  lv0(-1.6)          0.2s
    4       -56.8       -76.1    0.4619   0.22   0.01    -1.6000  lv0(-1.6)          0.2s
    5       -59.1       -77.5    0.4565   0.22   0.01    -1.6000  lv0(-1.6)          0.2s
    6       -57.9       -75.2    0.4516   0.22   0.01    -1.6000  lv0(-1.6)          0.3s
    7       -56.0       -71.9    0.4471   0.23   0.02    -1.6000  lv0(-1.6)          0.2s
    8       -56.4       -71.4    0.4428   0.23   0.02    -1.6000  lv0(-1.6)          0.3s
    9       -53.2       -69.6    0.4388   0.24   0.02    -1.6000  lv0(-1.6)          0.3s
  [probe] gen=10 score=-388.2 net=-0.115 fell=1.000 [new best earth]
   10       -35.1       -67.8    0.4350   0.24   0.03    -1.6000  lv0(-1.6)          0.3s
   11       -35.7       -64.7    0.4317   0.24   0.03    -1.6000  lv0(-1.6)          0.4s
   12       -39.4       -60.6    0.4285   0.25   0.03    -1.6000  lv0(-1.6)          0.5s
   13       -17.1       -52.5    0.4254   0.25   0.03    -1.6000  lv0(-1.6)          0.5s
   14       -16.8       -50.9    0.4224   0.26   0.04    -1.6000  lv0(-1.6)          0.6s
   15         5.7       -44.5    0.4199   0.26   0.04    -1.6000  lv0(-1.6)          0.7s
   16       115.3       -23.5    0.4175   0.26   0.04    -1.6000  lv0(-1.6)          0.9s
   17       204.9        -8.0    0.4153   0.27   0.04    -1.6000  lv0(-1.6)          0.9s
   18       299.5        -9.3    0.4133   0.27   0.04    -1.6000  lv0(-1.6)          1.1s
   19       259.5        12.5    0.4114   0.28   0.05    -1.6000  lv0(-1.6)          1.1s
  [probe] gen=20 score=-377.7 net=-0.310 fell=1.000 [new best earth]
   20       213.6        65.3    0.4097   0.28   0.05    -1.6000  lv0(-1.6)          1.3s
   21       210.3       112.9    0.4084   0.28   0.05    -1.6000  lv0(-1.6)          1.4s
   22       351.4       134.5    0.4072   0.29   0.06    -1.6000  lv0(-1.6)          1.4s
   23       323.8       138.2    0.4064   0.29   0.06    -1.6000  lv0(-1.6)          1.7s
   24       244.9       134.2    0.4056   0.30   0.06    -1.6000  lv0(-1.6)          1.6s
  [plot] Saved fitness curve → experiments/thesis/adaptive_progression/seed_02/fitness_curve.png
   25       301.8       112.0    0.4048   0.30   0.06    -1.6000  lv0(-1.6)          1.8s
   26       389.0        94.6    0.4041   0.30   0.07    -1.6000  lv0(-1.6)          1.6s
   27       449.4       156.2    0.4034   0.31   0.07    -1.6000  lv0(-1.6)          1.9s
   28       301.2        97.3    0.4028   0.31   0.07    -1.6000  lv0(-1.6)          1.7s
   29       320.7        95.5    0.4021   0.32   0.07    -1.6000  lv0(-1.6)          1.7s
  [probe] gen=30 score=-358.5 net=-0.181 fell=1.000 [new best earth]
   30       451.1       118.8    0.4014   0.32   0.07    -1.6000  lv0(-1.6)          1.7s
   31       347.6       120.1    0.4008   0.32   0.08    -1.6000  lv0(-1.6)          2.0s
   32       353.9        78.8    0.4003   0.33   0.08    -1.6000  lv0(-1.6)          1.9s
   33       361.7       126.2    0.3998   0.33   0.08    -1.6000  lv0(-1.6)          1.9s
   34       443.0       181.3    0.3991   0.34   0.09    -1.6000  lv0(-1.6)          1.8s
   35       527.9       137.1    0.3984   0.34   0.09    -1.6000  lv0(-1.6)          2.1s
   36       476.4       163.7    0.3977   0.34   0.09    -1.6000  lv0(-1.6)          2.3s
   37       467.9       167.8    0.3970   0.35   0.09    -1.6000  lv0(-1.6)          2.0s
   38       460.2       179.5    0.3963   0.35   0.10    -1.6000  lv0(-1.6)          1.9s
   39       416.7       169.7    0.3958   0.36   0.10    -1.6000  lv0(-1.6)          2.1s
  [probe] gen=40 score=64.8 net=1.181 fell=1.000 [new best earth]
   40       517.9       179.4    0.3954   0.36   0.10    -1.6000  lv0(-1.6)          1.7s
   41       558.5       199.1    0.3950   0.36   0.10    -1.6000  lv0(-1.6)          1.8s
   42       608.1       184.2    0.3946   0.37   0.10    -1.6000  lv0(-1.6)          2.0s
   43       474.3       212.0    0.3943   0.37   0.11    -1.6000  lv0(-1.6)          1.9s
   44       440.3       159.2    0.3940   0.38   0.11    -1.6000  lv0(-1.6)          2.1s
   45       468.5       151.4    0.3938   0.38   0.11    -1.6000  lv0(-1.6)          2.0s
   46       450.1       167.7    0.3935   0.38   0.12    -1.6000  lv0(-1.6)          2.2s
   47       533.0       130.2    0.3932   0.39   0.12    -1.6000  lv0(-1.6)          2.0s
   48       606.7       209.2    0.3927   0.39   0.12    -1.6000  lv0(-1.6)          2.1s
   49       510.2       167.3    0.3922   0.40   0.12    -1.6000  lv0(-1.6)          1.9s
  [probe] gen=50 score=-452.0 net=-0.935 fell=1.000
  [plot] Saved fitness curve → experiments/thesis/adaptive_progression/seed_02/fitness_curve.png
   50       579.1       202.8    0.3916   0.40   0.12    -1.6000  lv0(-1.6)          2.1s
   51       546.6       172.1    0.3910   0.40   0.13    -1.6000  lv0(-1.6)          1.9s
   52       640.6       257.0    0.3904   0.41   0.13    -1.6000  lv0(-1.6)          1.9s
   53       723.2       245.3    0.3901   0.41   0.13    -1.6000  lv0(-1.6)          2.0s
   54       588.7       245.5    0.3897   0.42   0.14    -1.6000  lv0(-1.6)          2.0s
   55       757.8       243.7    0.3893   0.42   0.14    -1.6000  lv0(-1.6)          2.1s
   56       570.2       191.4    0.3889   0.42   0.14    -1.6000  lv0(-1.6)          1.8s
   57       607.4       264.0    0.3884   0.43   0.14    -1.6000  lv0(-1.6)          2.1s
   58       630.0       238.7    0.3880   0.43   0.14    -1.6000  lv0(-1.6)          2.0s
   59       646.0       301.7    0.3877   0.44   0.15    -1.6000  lv0(-1.6)          2.2s
  [probe] gen=60 score=222.8 net=1.791 fell=1.000 [new best earth]
   60       852.1       259.6    0.3873   0.44   0.15    -1.6000  lv0(-1.6)          2.0s
   61       895.5       340.0    0.3869   0.44   0.15    -1.6000  lv0(-1.6)          2.1s
   62       756.6       292.6    0.3865   0.45   0.15    -1.6000  lv0(-1.6)          2.1s
   63       804.9       235.7    0.3859   0.45   0.16    -1.6000  lv0(-1.6)          2.3s
   64       718.3       239.2    0.3855   0.46   0.16    -1.6000  lv0(-1.6)          2.1s
   65       596.2       243.4    0.3850   0.46   0.16    -1.6000  lv0(-1.6)          2.1s
   66      1033.5       267.9    0.3845   0.46   0.17    -1.6000  lv0(-1.6)          2.3s
   67       825.2       252.1    0.3839   0.47   0.17    -1.6000  lv0(-1.6)          1.9s
   68       775.0       268.5    0.3833   0.47   0.17    -1.6000  lv0(-1.6)          2.0s
   69      1022.0       319.7    0.3828   0.48   0.17    -1.6000  lv0(-1.6)          2.1s
  [probe] gen=70 score=-450.7 net=-0.901 fell=1.000
   70       807.1       184.6    0.3823   0.48   0.17    -1.6000  lv0(-1.6)          2.1s
   71       764.5       227.2    0.3819   0.48   0.18    -1.6000  lv0(-1.6)          1.9s
   72       799.6       251.8    0.3815   0.49   0.18    -1.6000  lv0(-1.6)          2.2s
   73       800.6       334.7    0.3810   0.49   0.18    -1.6000  lv0(-1.6)          2.3s
   74       904.5       293.6    0.3805   0.50   0.18    -1.6000  lv0(-1.6)          2.1s
  [plot] Saved fitness curve → experiments/thesis/adaptive_progression/seed_02/fitness_curve.png
   75       943.9       282.6    0.3800   0.50   0.19    -1.6000  lv0(-1.6)          2.3s
   76       759.7       202.4    0.3797   0.50   0.19    -1.6000  lv0(-1.6)          2.1s
   77       771.5       294.6    0.3792   0.51   0.19    -1.6000  lv0(-1.6)          2.0s
   78       824.4       317.0    0.3788   0.51   0.20    -1.6000  lv0(-1.6)          2.2s
   79       786.1       278.3    0.3782   0.52   0.20    -1.6000  lv0(-1.6)          2.0s
  [probe] gen=80 score=143.3 net=1.493 fell=1.000
   80      1044.7       393.7    0.3777   0.52   0.20    -1.6000  lv0(-1.6)          2.2s
   81      1012.0       343.2    0.3772   0.52   0.20    -1.6000  lv0(-1.6)          2.2s
   82       964.7       377.5    0.3767   0.53   0.20    -1.6000  lv0(-1.6)          2.0s
   83       944.9       323.3    0.3763   0.53   0.21    -1.6000  lv0(-1.6)          2.2s
   84       749.3       343.7    0.3759   0.54   0.21    -1.6000  lv0(-1.6)          2.0s
   85       788.5       352.9    0.3756   0.54   0.21    -1.6000  lv0(-1.6)          2.2s
   86      1067.5       355.5    0.3752   0.54   0.21    -1.6000  lv0(-1.6)          2.3s
   87       906.7       402.2    0.3748   0.55   0.22    -1.6000  lv0(-1.6)          2.4s
   88       837.6       459.4    0.3746   0.55   0.22    -1.6000  lv0(-1.6)          2.6s
   89       965.3       291.4    0.3743   0.56   0.22    -1.6000  lv0(-1.6)          2.1s
  [probe] gen=90 score=9.4 net=0.729 fell=1.000
   90      1084.3       429.5    0.3743   0.56   0.23    -1.6000  lv0(-1.6)          2.4s
   91      1004.0       397.4    0.3741   0.56   0.23    -1.6000  lv0(-1.6)          2.3s
   92      1199.4       426.9    0.3742   0.57   0.23    -1.6000  lv0(-1.6)          2.4s
   93       966.5       342.9    0.3741   0.57   0.23    -1.6000  lv0(-1.6)          2.2s
   94       846.6       301.2    0.3738   0.58   0.23    -1.6000  lv0(-1.6)          2.1s
   95       980.7       358.4    0.3735   0.58   0.24    -1.6000  lv0(-1.6)          2.1s
   96      1099.6       365.2    0.3731   0.58   0.24    -1.6000  lv0(-1.6)          2.3s
   97       916.0       362.6    0.3727   0.59   0.24    -1.6000  lv0(-1.6)          2.0s
   98      1173.1       490.3    0.3725   0.59   0.24    -1.6000  lv0(-1.6)          2.3s
   99      1155.9       433.2    0.3721   0.60   0.25    -1.6000  lv0(-1.6)          2.4s
  [probe] gen=100 score=-175.0 net=0.041 fell=1.000
  [plot] Saved fitness curve → experiments/thesis/adaptive_progression/seed_02/fitness_curve.png
  100      1274.9       387.7    0.3718   0.60   0.25    -1.6000  lv0(-1.6)          2.3s
  101      1147.3       372.8    0.3713   0.60   0.25    -1.6000  lv0(-1.6)          2.0s
  102       972.9       347.7    0.3711   0.61   0.26    -1.6000  lv0(-1.6)          2.0s
  103      1043.5       245.7    0.3709   0.61   0.26    -1.6000  lv0(-1.6)          1.8s
  104      1145.2       393.1    0.3707   0.62   0.26    -1.6000  lv0(-1.6)          2.2s
  105      1101.7       379.6    0.3703   0.62   0.26    -1.6000  lv0(-1.6)          2.1s
  106      1044.4       444.1    0.3700   0.62   0.27    -1.6000  lv0(-1.6)          2.2s
  107       966.9       243.1    0.3697   0.63   0.27    -1.6000  lv0(-1.6)          1.7s
  108      1032.6       320.1    0.3695   0.63   0.27    -1.6000  lv0(-1.6)          2.0s
  109      1088.9       275.0    0.3693   0.64   0.27    -1.6000  lv0(-1.6)          2.0s
  [probe] gen=110 score=198.0 net=1.737 fell=1.000
  110       989.6       307.1    0.3691   0.64   0.28    -1.6000  lv0(-1.6)          1.9s
  111      1102.8       351.6    0.3688   0.64   0.28    -1.6000  lv0(-1.6)          2.0s
  112      1083.8       428.7    0.3685   0.65   0.28    -1.6000  lv0(-1.6)          2.1s
  113       922.4       384.3    0.3683   0.65   0.28    -1.6000  lv0(-1.6)          2.0s
  114      1199.2       514.7    0.3682   0.66   0.28    -1.6000  lv0(-1.6)          2.6s
  115      1151.4       436.8    0.3680   0.66   0.29    -1.6000  lv0(-1.6)          2.5s
  116      1082.1       341.2    0.3678   0.66   0.29    -1.6000  lv0(-1.6)          2.4s
  117      1241.7       439.5    0.3676   0.67   0.29    -1.6000  lv0(-1.6)          2.3s
  118      1020.0       332.4    0.3673   0.67   0.29    -1.6000  lv0(-1.6)          1.9s
  119      1092.4       325.0    0.3670   0.68   0.30    -1.6000  lv0(-1.6)          2.1s
  [probe] gen=120 score=364.2 net=2.440 fell=1.000 [new best earth]
  120      1427.9       446.2    0.3668   0.68   0.30    -1.6000  lv0(-1.6)          2.2s
  121      1323.6       393.1    0.3667   0.68   0.30    -1.6000  lv0(-1.6)          2.1s
  122      1298.3       462.3    0.3665   0.69   0.30    -1.6000  lv0(-1.6)          2.3s
  123      1369.2       507.9    0.3662   0.69   0.31    -1.6000  lv0(-1.6)          2.5s
  124      1250.7       369.7    0.3659   0.70   0.31    -1.6000  lv0(-1.6)          2.2s
  [plot] Saved fitness curve → experiments/thesis/adaptive_progression/seed_02/fitness_curve.png
  125       968.2       449.1    0.3656   0.70   0.31    -1.6000  lv0(-1.6)          2.4s
  126      1265.3       347.2    0.3653   0.70   0.32    -1.6000  lv0(-1.6)          2.1s
  127      1353.5       454.2    0.3651   0.71   0.32    -1.6000  lv0(-1.6)          2.5s
  128      1471.8       489.3    0.3651   0.71   0.32    -1.6000  lv0(-1.6)          2.4s
  129      1501.2       450.0    0.3650   0.72   0.32    -1.6000  lv0(-1.6)          2.4s
  [probe] gen=130 score=225.3 net=1.779 fell=1.000
  130      1630.5       598.5    0.3648   0.72   0.33    -1.6000  lv0(-1.6)          2.5s
  131      1256.1       602.8    0.3646   0.72   0.33    -1.6000  lv0(-1.6)          2.4s
  132      1435.0       508.0    0.3647   0.73   0.33    -1.6000  lv0(-1.6)          2.2s
  133      1086.0       612.0    0.3647   0.73   0.33    -1.6000  lv0(-1.6)          2.5s
  134      1139.7       454.7    0.3648   0.74   0.34    -1.6000  lv0(-1.6)          2.3s
  135      1068.9       497.1    0.3648   0.74   0.34    -1.6000  lv0(-1.6)          2.4s
  136      1324.8       465.0    0.3651   0.74   0.34    -1.6000  lv0(-1.6)          2.4s
  137      1391.3       517.5    0.3652   0.75   0.34    -1.6000  lv0(-1.6)          2.3s
  138      1100.3       534.0    0.3655   0.75   0.34    -1.6000  lv0(-1.6)          2.4s
  139      1246.7       371.9    0.3657   0.76   0.35    -1.6000  lv0(-1.6)          2.2s
  [probe] gen=140 score=226.1 net=1.833 fell=1.000
  140      1157.4       473.8    0.3658   0.76   0.35    -1.6000  lv0(-1.6)          2.4s
  141      1170.0       474.9    0.3660   0.76   0.35    -1.6000  lv0(-1.6)          2.2s
  142      1221.6       485.0    0.3661   0.77   0.35    -1.6000  lv0(-1.6)          2.5s
  143      1078.3       439.1    0.3663   0.77   0.36    -1.6000  lv0(-1.6)          2.4s
  144      1278.6       464.6    0.3664   0.78   0.36    -1.6000  lv0(-1.6)          2.4s
  145      1099.9       413.0    0.3665   0.78   0.36    -1.6000  lv0(-1.6)          2.2s
  146      1101.7       522.2    0.3666   0.78   0.36    -1.6000  lv0(-1.6)          2.4s
  147      1013.0       384.2    0.3667   0.79   0.37    -1.6000  lv0(-1.6)          2.3s
  148      1445.0       481.3    0.3668   0.79   0.37    -1.6000  lv0(-1.6)          2.2s
  149      1234.9       492.6    0.3669   0.80   0.37    -1.6000  lv0(-1.6)          2.5s
  [probe] gen=150 score=341.1 net=2.336 fell=1.000
  [plot] Saved fitness curve → experiments/thesis/adaptive_progression/seed_02/fitness_curve.png
  150      1238.0       368.0    0.3671   0.80   0.38    -1.6000  lv0(-1.6)          2.3s
  151      1403.9       504.3    0.3672   0.80   0.38    -1.6000  lv0(-1.6)          2.3s
  152      1458.0       608.1    0.3674   0.81   0.38    -1.6000  lv0(-1.6)          2.4s
  153      1301.7       506.1    0.3674   0.81   0.38    -1.6000  lv0(-1.6)          2.4s
  154      1401.4       581.9    0.3674   0.82   0.39    -1.6000  lv0(-1.6)          2.7s
  155      1310.8       520.3    0.3675   0.82   0.39    -1.6000  lv0(-1.6)          2.4s
  156      1299.1       416.2    0.3677   0.82   0.39    -1.6000  lv0(-1.6)          2.2s
  157      1258.0       629.8    0.3678   0.83   0.39    -1.6000  lv0(-1.6)          2.6s
  158      1586.7       692.7    0.3679   0.83   0.40    -1.6000  lv0(-1.6)          2.6s
  159      1436.4       438.8    0.3680   0.84   0.40    -1.6000  lv0(-1.6)          2.4s
  [probe] gen=160 score=253.9 net=1.915 fell=1.000
  [stage] gen=160  gravity -1.60 → -3.00  ES restarted  remaining=339
  160      1256.9       529.9    0.5000   0.84   0.40    -1.6000  lv0(-1.6)          2.4s
  161       883.3       176.1    0.4903   0.84   0.40    -3.0000  lv1(-3.0)          1.5s
  162       752.2       206.7    0.4818   0.85   0.41    -3.0000  lv1(-3.0)          1.5s
  163      1448.6       141.3    0.4743   0.85   0.41    -3.0000  lv1(-3.0)          1.5s
  164      1068.2       204.3    0.4674   0.86   0.41    -3.0000  lv1(-3.0)          1.6s
  165       950.3       175.5    0.4612   0.86   0.41    -3.0000  lv1(-3.0)          1.6s
  166       785.0        97.7    0.4555   0.86   0.41    -3.0000  lv1(-3.0)          1.4s
  167      1091.6       155.1    0.4502   0.87   0.42    -3.0000  lv1(-3.0)          1.5s
  168      1532.6       208.8    0.4454   0.87   0.42    -3.0000  lv1(-3.0)          1.8s
  169      1414.6       372.6    0.4409   0.88   0.42    -3.0000  lv1(-3.0)          1.8s
  [probe] gen=170 score=573.2 net=3.596 fell=1.000 [new best earth]
  170      1388.6       220.8    0.4368   0.88   0.42    -3.0000  lv1(-3.0)          1.8s
  171      1387.5       327.0    0.4330   0.88   0.43    -3.0000  lv1(-3.0)          1.7s
  172      1869.0       468.1    0.4293   0.89   0.43    -3.0000  lv1(-3.0)          2.0s
  173      1062.7       409.3    0.4260   0.89   0.43    -3.0000  lv1(-3.0)          1.9s
  174      1606.0       398.2    0.4227   0.90   0.43    -3.0000  lv1(-3.0)          2.0s
  [plot] Saved fitness curve → experiments/thesis/adaptive_progression/seed_02/fitness_curve.png
  175      1307.6       465.2    0.4197   0.90   0.44    -3.0000  lv1(-3.0)          2.0s
  176      1676.0       521.1    0.4170   0.90   0.44    -3.0000  lv1(-3.0)          2.1s
  177      1312.4       580.7    0.4146   0.91   0.44    -3.0000  lv1(-3.0)          2.3s
  178      1351.5       430.1    0.4123   0.91   0.45    -3.0000  lv1(-3.0)          2.0s
  179      1245.0       473.6    0.4102   0.92   0.45    -3.0000  lv1(-3.0)          2.0s
  [probe] gen=180 score=414.8 net=2.808 fell=1.000
  180      1481.7       394.8    0.4081   0.92   0.45    -3.0000  lv1(-3.0)          1.8s
  181      1278.4       439.7    0.4063   0.92   0.45    -3.0000  lv1(-3.0)          1.9s
  182      1586.5       506.7    0.4045   0.93   0.46    -3.0000  lv1(-3.0)          2.1s
  183      1245.6       536.2    0.4028   0.93   0.46    -3.0000  lv1(-3.0)          2.1s
  184      1515.2       391.6    0.4014   0.94   0.46    -3.0000  lv1(-3.0)          1.9s
  185      1189.8       412.9    0.4000   0.94   0.46    -3.0000  lv1(-3.0)          1.9s
  186      1230.2       413.1    0.3984   0.94   0.47    -3.0000  lv1(-3.0)          1.9s
  187       995.4       474.7    0.3969   0.95   0.47    -3.0000  lv1(-3.0)          2.1s
  188      1618.6       509.4    0.3953   0.95   0.47    -3.0000  lv1(-3.0)          2.0s
  189      1611.6       499.5    0.3938   0.96   0.47    -3.0000  lv1(-3.0)          2.0s
  [probe] gen=190 score=473.3 net=2.879 fell=1.000
  190      1302.4       418.4    0.3924   0.96   0.47    -3.0000  lv1(-3.0)          1.9s
  191      1448.0       506.3    0.3910   0.96   0.48    -3.0000  lv1(-3.0)          2.0s
  192      1783.2       471.6    0.3896   0.97   0.48    -3.0000  lv1(-3.0)          1.8s
  193      1705.5       595.5    0.3883   0.97   0.48    -3.0000  lv1(-3.0)          2.2s
  194      1181.3       458.0    0.3870   0.98   0.48    -3.0000  lv1(-3.0)          2.0s
  195      1412.0       632.5    0.3859   0.98   0.49    -3.0000  lv1(-3.0)          2.1s
  196      1211.2       565.1    0.3849   0.98   0.49    -3.0000  lv1(-3.0)          2.2s
  197      1243.7       575.5    0.3838   0.99   0.49    -3.0000  lv1(-3.0)          2.0s
  198      1262.9       570.9    0.3829   0.99   0.49    -3.0000  lv1(-3.0)          2.1s
  199      1508.2       570.5    0.3820   1.00   0.50    -3.0000  lv1(-3.0)          2.1s
  [probe] gen=200 score=340.8 net=2.384 fell=1.000
  [plot] Saved fitness curve → experiments/thesis/adaptive_progression/seed_02/fitness_curve.png
  200      1587.2       497.1    0.3812   1.00   0.50    -3.0000  lv1(-3.0)          2.2s
  201      1377.9       516.7    0.3805   1.00   0.50    -3.0000  lv1(-3.0)          2.0s
  [stage] gen=202  gravity -3.00 → -5.00  ES restarted  remaining=297
  202      1183.4       433.0    0.5000   1.00   0.50    -3.0000  lv1(-3.0)          1.9s
  203      1161.3       115.5    0.4905   1.00   0.50    -5.0000  lv2(-5.0)          1.4s
  204       912.4       125.0    0.4824   1.00   0.50    -5.0000  lv2(-5.0)          1.5s
  205       797.1       194.1    0.4751   1.00   0.50    -5.0000  lv2(-5.0)          1.5s
  206      1409.2       174.7    0.4685   1.00   0.50    -5.0000  lv2(-5.0)          1.4s
  207      1583.1       253.4    0.4627   1.00   0.50    -5.0000  lv2(-5.0)          1.6s
  208      1237.7       207.8    0.4574   1.00   0.50    -5.0000  lv2(-5.0)          1.4s
  209       853.7       295.6    0.4525   1.00   0.50    -5.0000  lv2(-5.0)          1.6s
  [probe] gen=210 score=372.0 net=2.520 fell=1.000
  210      1595.7       206.7    0.4478   1.00   0.50    -5.0000  lv2(-5.0)          1.6s
  211      1225.5       275.5    0.4435   1.00   0.50    -5.0000  lv2(-5.0)          1.4s
  212      1254.3       381.3    0.4395   1.00   0.50    -5.0000  lv2(-5.0)          1.6s
  213      1922.0       312.8    0.4359   1.00   0.50    -5.0000  lv2(-5.0)          1.6s
  214      1115.9       263.6    0.4325   1.00   0.50    -5.0000  lv2(-5.0)          1.4s
  215      1796.6       364.6    0.4292   1.00   0.50    -5.0000  lv2(-5.0)          1.8s
  216      2001.6       198.6    0.4261   1.00   0.50    -5.0000  lv2(-5.0)          1.5s
  217       777.1       283.1    0.4234   1.00   0.50    -5.0000  lv2(-5.0)          1.4s
  218      1486.6       384.2    0.4207   1.00   0.50    -5.0000  lv2(-5.0)          1.9s
  219      1683.5       322.6    0.4179   1.00   0.50    -5.0000  lv2(-5.0)          1.8s
  [probe] gen=220 score=311.2 net=2.240 fell=1.000
  220      1806.1       311.6    0.4154   1.00   0.50    -5.0000  lv2(-5.0)          1.5s
  221      1510.1       453.9    0.4131   1.00   0.50    -5.0000  lv2(-5.0)          1.8s
  222      1596.8       410.0    0.4109   1.00   0.50    -5.0000  lv2(-5.0)          1.7s
  223      1704.1       335.6    0.4086   1.00   0.50    -5.0000  lv2(-5.0)          1.7s
  224      1877.6       396.7    0.4063   1.00   0.50    -5.0000  lv2(-5.0)          1.7s
  [plot] Saved fitness curve → experiments/thesis/adaptive_progression/seed_02/fitness_curve.png
  225      1359.5       424.8    0.4040   1.00   0.50    -5.0000  lv2(-5.0)          1.9s
  226      1564.4       446.9    0.4017   1.00   0.50    -5.0000  lv2(-5.0)          1.9s
  227      1362.2       272.0    0.3997   1.00   0.50    -5.0000  lv2(-5.0)          1.6s
  228      1593.8       419.5    0.3978   1.00   0.50    -5.0000  lv2(-5.0)          2.0s
  229      1316.7       416.4    0.3959   1.00   0.50    -5.0000  lv2(-5.0)          1.8s
  [probe] gen=230 score=460.9 net=3.001 fell=1.000
  230      1740.8       464.8    0.3943   1.00   0.50    -5.0000  lv2(-5.0)          1.9s
  231      1361.4       483.8    0.3928   1.00   0.50    -5.0000  lv2(-5.0)          1.8s
  232      1815.5       421.7    0.3912   1.00   0.50    -5.0000  lv2(-5.0)          1.7s
  233      1587.9       503.3    0.3896   1.00   0.50    -5.0000  lv2(-5.0)          1.9s
  234      1725.5       506.4    0.3880   1.00   0.50    -5.0000  lv2(-5.0)          2.0s
  235      1517.6       451.8    0.3865   1.00   0.50    -5.0000  lv2(-5.0)          2.0s
  236      1810.4       561.1    0.3851   1.00   0.50    -5.0000  lv2(-5.0)          1.9s
  237      1335.1       460.7    0.3839   1.00   0.50    -5.0000  lv2(-5.0)          1.8s
  238      1446.3       492.9    0.3827   1.00   0.50    -5.0000  lv2(-5.0)          1.9s
  239      1685.1       470.8    0.3815   1.00   0.50    -5.0000  lv2(-5.0)          2.0s
  [probe] gen=240 score=277.9 net=2.004 fell=1.000
  240      1177.4       503.8    0.3804   1.00   0.50    -5.0000  lv2(-5.0)          2.0s
  241      1637.7       283.8    0.3793   1.00   0.50    -5.0000  lv2(-5.0)          1.8s
  242      1946.6       415.7    0.3784   1.00   0.50    -5.0000  lv2(-5.0)          1.9s
  243      1735.0       485.7    0.3776   1.00   0.50    -5.0000  lv2(-5.0)          1.8s
  244      1409.4       528.6    0.3767   1.00   0.50    -5.0000  lv2(-5.0)          2.0s
  245      1342.8       419.9    0.3761   1.00   0.50    -5.0000  lv2(-5.0)          1.9s
  [stage] gen=246  gravity -5.00 → -7.00  ES restarted  remaining=253
  246      1303.3       434.8    0.5000   1.00   0.50    -5.0000  lv2(-5.0)          1.9s
  247       869.7        95.5    0.4904   1.00   0.50    -7.0000  lv3(-7.0)          1.1s
  248       801.2       163.5    0.4820   1.00   0.50    -7.0000  lv3(-7.0)          1.3s
  249       790.0       169.6    0.4746   1.00   0.50    -7.0000  lv3(-7.0)          1.2s
  [probe] gen=250 score=148.8 net=1.408 fell=1.000
  [plot] Saved fitness curve → experiments/thesis/adaptive_progression/seed_02/fitness_curve.png
  250       606.3       170.9    0.4680   1.00   0.50    -7.0000  lv3(-7.0)          1.2s
  251       947.3       164.8    0.4620   1.00   0.50    -7.0000  lv3(-7.0)          1.4s
  252       944.6       179.0    0.4565   1.00   0.50    -7.0000  lv3(-7.0)          1.3s
  253       979.4       120.8    0.4515   1.00   0.50    -7.0000  lv3(-7.0)          1.2s
  254      1139.9       305.9    0.4468   1.00   0.50    -7.0000  lv3(-7.0)          1.7s
  255      1666.1       295.1    0.4426   1.00   0.50    -7.0000  lv3(-7.0)          1.6s
  256      1084.9       253.0    0.4387   1.00   0.50    -7.0000  lv3(-7.0)          1.4s
  257      1304.3       228.8    0.4352   1.00   0.50    -7.0000  lv3(-7.0)          1.5s
  258      1089.8       315.0    0.4318   1.00   0.50    -7.0000  lv3(-7.0)          1.5s
  259      1250.6       290.1    0.4288   1.00   0.50    -7.0000  lv3(-7.0)          1.6s
  [probe] gen=260 score=35.6 net=1.097 fell=1.000
  260      1117.6       288.4    0.4261   1.00   0.50    -7.0000  lv3(-7.0)          1.6s
  261      1050.8       302.0    0.4234   1.00   0.50    -7.0000  lv3(-7.0)          1.6s
  262       843.4       286.7    0.4209   1.00   0.50    -7.0000  lv3(-7.0)          1.5s
  263      1045.9       255.1    0.4186   1.00   0.50    -7.0000  lv3(-7.0)          1.6s
  264      1404.7       222.9    0.4165   1.00   0.50    -7.0000  lv3(-7.0)          1.6s
  265       740.9       207.7    0.4144   1.00   0.50    -7.0000  lv3(-7.0)          1.5s
  266      1485.7       294.7    0.4124   1.00   0.50    -7.0000  lv3(-7.0)          1.6s
  267      1090.7       305.9    0.4104   1.00   0.50    -7.0000  lv3(-7.0)          1.6s
  268      1475.0       344.3    0.4083   1.00   0.50    -7.0000  lv3(-7.0)          1.7s
  269      1413.8       395.8    0.4064   1.00   0.50    -7.0000  lv3(-7.0)          1.6s
  [probe] gen=270 score=254.2 net=1.935 fell=1.000
  270       808.4       192.9    0.4045   1.00   0.50    -7.0000  lv3(-7.0)          1.4s
  271      1238.9       267.7    0.4027   1.00   0.50    -7.0000  lv3(-7.0)          1.5s
  272      1888.4       376.1    0.4011   1.00   0.50    -7.0000  lv3(-7.0)          1.7s
  273       827.2       258.0    0.3996   1.00   0.50    -7.0000  lv3(-7.0)          1.5s
  274      1002.0        94.5    0.3982   1.00   0.50    -7.0000  lv3(-7.0)          1.4s
  [plot] Saved fitness curve → experiments/thesis/adaptive_progression/seed_02/fitness_curve.png
  275      1340.8       322.1    0.3967   1.00   0.50    -7.0000  lv3(-7.0)          1.5s
  276      1070.6       258.3    0.3955   1.00   0.50    -7.0000  lv3(-7.0)          1.3s
  [stage] gen=277  gravity -7.00 → -9.81  ES restarted  remaining=222
  277      1358.8       322.1    0.5000   1.00   0.50    -7.0000  lv3(-7.0)          1.7s
  278       637.5        80.6    0.4905   1.00   0.50    -9.8100  lv4(-9.8)          1.1s
  279       728.5       119.3    0.4822   1.00   0.50    -9.8100  lv4(-9.8)          1.0s
  [probe] gen=280 score=637.7 net=3.701 fell=1.000 [new best earth]
  280       854.1       158.2    0.4748   1.00   0.50    -9.8100  lv4(-9.8)          1.1s
  281       474.4       127.6    0.4681   1.00   0.50    -9.8100  lv4(-9.8)          1.1s
  282       589.1       163.6    0.4621   1.00   0.50    -9.8100  lv4(-9.8)          1.1s
  283       915.6       203.6    0.4568   1.00   0.50    -9.8100  lv4(-9.8)          1.2s
  284       888.8       194.9    0.4519   1.00   0.50    -9.8100  lv4(-9.8)          1.3s
  285       641.5       165.2    0.4473   1.00   0.50    -9.8100  lv4(-9.8)          1.1s
  286      1708.7       201.3    0.4432   1.00   0.50    -9.8100  lv4(-9.8)          1.2s
  287       635.8       152.8    0.4394   1.00   0.50    -9.8100  lv4(-9.8)          1.1s
  288       937.6       151.2    0.4359   1.00   0.50    -9.8100  lv4(-9.8)          1.3s
  289       956.8       265.3    0.4325   1.00   0.50    -9.8100  lv4(-9.8)          1.4s
  [probe] gen=290 score=836.3 net=4.866 fell=0.800 [new best earth]
  290      1678.5       273.2    0.4294   1.00   0.50    -9.8100  lv4(-9.8)          1.3s
  291      1219.3       244.9    0.4263   1.00   0.50    -9.8100  lv4(-9.8)          1.1s
  292       877.4       249.4    0.4233   1.00   0.50    -9.8100  lv4(-9.8)          1.4s
  293      1261.6       299.2    0.4207   1.00   0.50    -9.8100  lv4(-9.8)          1.3s
  294      1450.2       308.4    0.4182   1.00   0.50    -9.8100  lv4(-9.8)          1.3s
  295      1524.6       264.6    0.4157   1.00   0.50    -9.8100  lv4(-9.8)          1.5s
  296      1125.4       384.5    0.4134   1.00   0.50    -9.8100  lv4(-9.8)          1.5s
  297      1227.0       283.9    0.4112   1.00   0.50    -9.8100  lv4(-9.8)          1.5s
  298      2134.2       327.2    0.4088   1.00   0.50    -9.8100  lv4(-9.8)          1.4s
  299      1293.7       280.5    0.4067   1.00   0.50    -9.8100  lv4(-9.8)          1.5s
  [probe] gen=300 score=1214.7 net=5.629 fell=0.300 [new best earth]
  [plot] Saved fitness curve → experiments/thesis/adaptive_progression/seed_02/fitness_curve.png
  300      1023.4       363.7    0.4046   1.00   0.50    -9.8100  lv4(-9.8)          1.5s
  301      1647.2       349.0    0.4026   1.00   0.50    -9.8100  lv4(-9.8)          1.5s
  302      1535.6       415.8    0.4007   1.00   0.50    -9.8100  lv4(-9.8)          1.5s
  303      1417.4       413.2    0.3989   1.00   0.50    -9.8100  lv4(-9.8)          1.6s
  304      1524.2       448.8    0.3973   1.00   0.50    -9.8100  lv4(-9.8)          1.4s
  305      1779.2       399.7    0.3957   1.00   0.50    -9.8100  lv4(-9.8)          1.6s
  306      1701.4       520.8    0.3939   1.00   0.50    -9.8100  lv4(-9.8)          1.6s
  307      1742.1       520.9    0.3922   1.00   0.50    -9.8100  lv4(-9.8)          1.8s
  308      1760.2       404.5    0.3906   1.00   0.50    -9.8100  lv4(-9.8)          1.8s
  309      1951.0       476.7    0.3892   1.00   0.50    -9.8100  lv4(-9.8)          1.9s
  [probe] gen=310 score=2079.3 net=11.133 fell=0.400 [new best earth]
  310      2047.2       465.8    0.3878   1.00   0.50    -9.8100  lv4(-9.8)          1.9s
  311      1833.9       533.4    0.3864   1.00   0.50    -9.8100  lv4(-9.8)          2.0s
  312      1774.4       429.2    0.3852   1.00   0.50    -9.8100  lv4(-9.8)          1.7s
  313      1660.9       472.2    0.3838   1.00   0.50    -9.8100  lv4(-9.8)          1.6s
  314      1639.8       552.7    0.3825   1.00   0.50    -9.8100  lv4(-9.8)          1.7s
  315      1775.2       522.5    0.3812   1.00   0.50    -9.8100  lv4(-9.8)          2.0s
  316      1327.0       397.7    0.3799   1.00   0.50    -9.8100  lv4(-9.8)          1.6s
  317      1513.1       390.5    0.3788   1.00   0.50    -9.8100  lv4(-9.8)          1.9s
  318      1926.9       552.6    0.3779   1.00   0.50    -9.8100  lv4(-9.8)          2.2s
  319      2174.5       588.2    0.3768   1.00   0.50    -9.8100  lv4(-9.8)          1.9s
  [probe] gen=320 score=1335.4 net=6.393 fell=0.900
  320      1397.9       491.1    0.3759   1.00   0.50    -9.8100  lv4(-9.8)          1.7s
  321      1656.9       542.9    0.3750   1.00   0.50    -9.8100  lv4(-9.8)          1.6s
  322      1542.3       519.2    0.3743   1.00   0.50    -9.8100  lv4(-9.8)          1.7s
  323      1771.0       523.6    0.3735   1.00   0.50    -9.8100  lv4(-9.8)          1.7s
  324      1542.5       482.7    0.3728   1.00   0.50    -9.8100  lv4(-9.8)          2.0s
  [plot] Saved fitness curve → experiments/thesis/adaptive_progression/seed_02/fitness_curve.png
  325      1789.6       550.9    0.3721   1.00   0.50    -9.8100  lv4(-9.8)          2.1s
  326      1673.4       504.0    0.3714   1.00   0.50    -9.8100  lv4(-9.8)          2.0s
  327      1744.3       620.5    0.3710   1.00   0.50    -9.8100  lv4(-9.8)          1.9s
  328      1601.3       486.6    0.3705   1.00   0.50    -9.8100  lv4(-9.8)          1.8s
  329      1721.4       619.1    0.3702   1.00   0.50    -9.8100  lv4(-9.8)          2.3s
  [probe] gen=330 score=1527.0 net=7.390 fell=0.200
  330      1530.4       426.5    0.3700   1.00   0.50    -9.8100  lv4(-9.8)          1.6s
  331      1566.1       585.0    0.3697   1.00   0.50    -9.8100  lv4(-9.8)          2.0s
  332      1752.7       529.5    0.3694   1.00   0.50    -9.8100  lv4(-9.8)          2.1s
  333      1651.4       556.7    0.3691   1.00   0.50    -9.8100  lv4(-9.8)          1.7s
  334      2138.2       683.0    0.3688   1.00   0.50    -9.8100  lv4(-9.8)          2.3s
  335      1763.3       571.9    0.3684   1.00   0.50    -9.8100  lv4(-9.8)          2.1s
  336      1597.5       521.5    0.3682   1.00   0.50    -9.8100  lv4(-9.8)          1.8s
  337      1798.4       629.1    0.3678   1.00   0.50    -9.8100  lv4(-9.8)          2.2s
  338      1755.6       491.1    0.3675   1.00   0.50    -9.8100  lv4(-9.8)          1.6s
  339      1653.5       443.0    0.3673   1.00   0.50    -9.8100  lv4(-9.8)          1.8s
  [probe] gen=340 score=1412.8 net=7.193 fell=0.500
  340      1694.5       368.4    0.3671   1.00   0.50    -9.8100  lv4(-9.8)          1.9s
  341      1747.6       532.7    0.3667   1.00   0.50    -9.8100  lv4(-9.8)          1.8s
  342      1926.6       701.2    0.3664   1.00   0.50    -9.8100  lv4(-9.8)          2.0s
  343      1649.2       662.8    0.3661   1.00   0.50    -9.8100  lv4(-9.8)          2.1s
  344      1493.2       617.7    0.3657   1.00   0.50    -9.8100  lv4(-9.8)          1.9s
  345      1861.5       542.9    0.3654   1.00   0.50    -9.8100  lv4(-9.8)          1.8s
  346      1810.0       725.8    0.3651   1.00   0.50    -9.8100  lv4(-9.8)          1.9s
  347      1664.0       700.1    0.3647   1.00   0.50    -9.8100  lv4(-9.8)          2.1s
  348      1661.3       600.0    0.3644   1.00   0.50    -9.8100  lv4(-9.8)          2.1s
  349      1719.7       739.9    0.3641   1.00   0.50    -9.8100  lv4(-9.8)          2.4s
  [probe] gen=350 score=1780.1 net=9.949 fell=0.900
  [plot] Saved fitness curve → experiments/thesis/adaptive_progression/seed_02/fitness_curve.png
  350      2157.8       782.8    0.3634   1.00   0.50    -9.8100  lv4(-9.8)          2.3s
  351      1955.0       826.7    0.3628   1.00   0.50    -9.8100  lv4(-9.8)          2.1s
  352      1787.1       753.0    0.3622   1.00   0.50    -9.8100  lv4(-9.8)          2.1s
  353      1917.4       756.7    0.3614   1.00   0.50    -9.8100  lv4(-9.8)          2.1s
  354      1846.0       570.5    0.3605   1.00   0.50    -9.8100  lv4(-9.8)          1.8s
  355      1753.4       690.1    0.3596   1.00   0.50    -9.8100  lv4(-9.8)          2.0s
  356      1688.3       731.2    0.3588   1.00   0.50    -9.8100  lv4(-9.8)          2.3s
  357      1677.1       640.9    0.3583   1.00   0.50    -9.8100  lv4(-9.8)          2.2s
  358      1839.2       578.7    0.3578   1.00   0.50    -9.8100  lv4(-9.8)          2.0s
  359      1720.9       784.5    0.3573   1.00   0.50    -9.8100  lv4(-9.8)          2.5s
  [probe] gen=360 score=1852.8 net=9.089 fell=0.000
  360      1840.0       768.2    0.3567   1.00   0.50    -9.8100  lv4(-9.8)          2.2s
  361      1848.5       821.0    0.3563   1.00   0.50    -9.8100  lv4(-9.8)          2.3s
  362      1687.4       680.0    0.3559   1.00   0.50    -9.8100  lv4(-9.8)          2.1s
  363      1715.9       833.2    0.3555   1.00   0.50    -9.8100  lv4(-9.8)          2.6s
  364      1670.3       754.9    0.3551   1.00   0.50    -9.8100  lv4(-9.8)          2.3s
  365      1671.2       670.9    0.3545   1.00   0.50    -9.8100  lv4(-9.8)          2.1s
  366      1680.9       622.8    0.3540   1.00   0.50    -9.8100  lv4(-9.8)          2.1s
  367      1927.0       751.0    0.3531   1.00   0.50    -9.8100  lv4(-9.8)          2.5s
  368      2065.9       787.4    0.3525   1.00   0.50    -9.8100  lv4(-9.8)          2.6s
  369      1567.8       590.3    0.3520   1.00   0.50    -9.8100  lv4(-9.8)          2.1s
  [probe] gen=370 score=1720.5 net=8.512 fell=0.200
  370      1835.7       781.9    0.3515   1.00   0.50    -9.8100  lv4(-9.8)          2.5s
  371      1893.8       820.6    0.3513   1.00   0.50    -9.8100  lv4(-9.8)          2.4s
  372      1775.5       808.0    0.3511   1.00   0.50    -9.8100  lv4(-9.8)          2.3s
  373      1684.8       780.7    0.3509   1.00   0.50    -9.8100  lv4(-9.8)          2.2s
  374      1892.8       734.0    0.3507   1.00   0.50    -9.8100  lv4(-9.8)          2.3s
  [plot] Saved fitness curve → experiments/thesis/adaptive_progression/seed_02/fitness_curve.png
  375      1671.9       674.7    0.3504   1.00   0.50    -9.8100  lv4(-9.8)          2.6s
  376      1750.0       686.2    0.3501   1.00   0.50    -9.8100  lv4(-9.8)          2.4s
  377      1853.2       770.2    0.3499   1.00   0.50    -9.8100  lv4(-9.8)          2.4s
  378      1817.6       777.9    0.3497   1.00   0.50    -9.8100  lv4(-9.8)          2.2s
  379      1742.4       705.9    0.3497   1.00   0.50    -9.8100  lv4(-9.8)          2.1s
  [probe] gen=380 score=1058.1 net=6.006 fell=0.900
  380      1869.9       871.8    0.3496   1.00   0.50    -9.8100  lv4(-9.8)          2.3s
  381      1790.1       820.3    0.3496   1.00   0.50    -9.8100  lv4(-9.8)          2.3s
  382      1618.5       669.6    0.3496   1.00   0.50    -9.8100  lv4(-9.8)          2.1s
  383      1747.1       736.8    0.3497   1.00   0.50    -9.8100  lv4(-9.8)          2.4s
  384      1951.2       724.6    0.3499   1.00   0.50    -9.8100  lv4(-9.8)          2.5s
  385      1540.5       699.9    0.3500   1.00   0.50    -9.8100  lv4(-9.8)          2.2s
  386      1991.9       925.4    0.3501   1.00   0.50    -9.8100  lv4(-9.8)          2.6s
  387      1620.7       680.1    0.3500   1.00   0.50    -9.8100  lv4(-9.8)          2.1s
  388      1449.0       695.1    0.3499   1.00   0.50    -9.8100  lv4(-9.8)          2.1s
  389      1621.7       738.8    0.3499   1.00   0.50    -9.8100  lv4(-9.8)          2.4s
  [probe] gen=390 score=1707.9 net=8.198 fell=0.000
  390      1780.5      1012.7    0.3498   1.00   0.50    -9.8100  lv4(-9.8)          2.8s
  391      1845.5       810.5    0.3497   1.00   0.50    -9.8100  lv4(-9.8)          2.2s
  392      1925.2       812.6    0.3498   1.00   0.50    -9.8100  lv4(-9.8)          2.3s
  393      1844.7       832.7    0.3500   1.00   0.50    -9.8100  lv4(-9.8)          2.4s
  394      1510.3       574.7    0.3502   1.00   0.50    -9.8100  lv4(-9.8)          1.9s
  395      1825.4       688.3    0.3503   1.00   0.50    -9.8100  lv4(-9.8)          2.5s
  396      1826.6       732.3    0.3506   1.00   0.50    -9.8100  lv4(-9.8)          2.6s
  397      1784.0       785.4    0.3507   1.00   0.50    -9.8100  lv4(-9.8)          2.5s
  398      2000.8       743.8    0.3509   1.00   0.50    -9.8100  lv4(-9.8)          2.6s
  399      1791.2       779.2    0.3511   1.00   0.50    -9.8100  lv4(-9.8)          2.2s
  [probe] gen=400 score=1563.1 net=7.894 fell=0.500
  [plot] Saved fitness curve → experiments/thesis/adaptive_progression/seed_02/fitness_curve.png
  400      1733.9       869.4    0.3512   1.00   0.50    -9.8100  lv4(-9.8)          2.4s
  401      1663.9       864.9    0.3512   1.00   0.50    -9.8100  lv4(-9.8)          2.3s
  402      1798.3       910.7    0.3513   1.00   0.50    -9.8100  lv4(-9.8)          2.6s
  403      1940.0       941.0    0.3515   1.00   0.50    -9.8100  lv4(-9.8)          2.6s
  404      1741.0       731.8    0.3518   1.00   0.50    -9.8100  lv4(-9.8)          2.0s
  405      1650.2       847.3    0.3521   1.00   0.50    -9.8100  lv4(-9.8)          2.5s
  406      1732.0       789.9    0.3525   1.00   0.50    -9.8100  lv4(-9.8)          2.2s
  407      1926.9       914.8    0.3529   1.00   0.50    -9.8100  lv4(-9.8)          2.5s
  408      1603.1       839.8    0.3532   1.00   0.50    -9.8100  lv4(-9.8)          2.2s
  409      1895.9       846.6    0.3534   1.00   0.50    -9.8100  lv4(-9.8)          2.5s
  [probe] gen=410 score=1718.8 net=8.926 fell=0.300
  410      1969.5       852.7    0.3536   1.00   0.50    -9.8100  lv4(-9.8)          2.4s
  411      1858.9       631.2    0.3535   1.00   0.50    -9.8100  lv4(-9.8)          2.1s
  412      1843.4       950.3    0.3534   1.00   0.50    -9.8100  lv4(-9.8)          2.5s
  413      1518.8       730.7    0.3535   1.00   0.50    -9.8100  lv4(-9.8)          2.3s
  414      1461.2       685.9    0.3538   1.00   0.50    -9.8100  lv4(-9.8)          2.4s
  415      1611.5       827.7    0.3543   1.00   0.50    -9.8100  lv4(-9.8)          2.7s
  416      1916.7       902.2    0.3547   1.00   0.50    -9.8100  lv4(-9.8)          2.5s
  417      1896.2       921.6    0.3552   1.00   0.50    -9.8100  lv4(-9.8)          2.5s
  418      1692.6       745.0    0.3558   1.00   0.50    -9.8100  lv4(-9.8)          2.2s
  419      1997.1       876.3    0.3562   1.00   0.50    -9.8100  lv4(-9.8)          2.7s
  [probe] gen=420 score=1878.0 net=9.227 fell=0.000
  420      1786.0       722.5    0.3566   1.00   0.50    -9.8100  lv4(-9.8)          2.2s
  421      1750.8       946.7    0.3572   1.00   0.50    -9.8100  lv4(-9.8)          2.5s
  422      1844.8       790.2    0.3577   1.00   0.50    -9.8100  lv4(-9.8)          2.4s
  423      1766.6       742.0    0.3582   1.00   0.50    -9.8100  lv4(-9.8)          2.2s
  424      1976.5       553.5    0.3588   1.00   0.50    -9.8100  lv4(-9.8)          1.9s
  [plot] Saved fitness curve → experiments/thesis/adaptive_progression/seed_02/fitness_curve.png
  425      1855.7       688.9    0.3595   1.00   0.50    -9.8100  lv4(-9.8)          2.3s
  426      1692.2       756.0    0.3603   1.00   0.50    -9.8100  lv4(-9.8)          2.2s
  427      1973.4      1050.0    0.3609   1.00   0.50    -9.8100  lv4(-9.8)          2.9s
  428      1677.6       804.4    0.3615   1.00   0.50    -9.8100  lv4(-9.8)          2.2s
  429      1696.6       745.2    0.3620   1.00   0.50    -9.8100  lv4(-9.8)          2.2s
  [probe] gen=430 score=1895.7 net=9.535 fell=0.000
  430      1805.5       692.4    0.3626   1.00   0.50    -9.8100  lv4(-9.8)          2.2s
  431      1878.5       587.9    0.3631   1.00   0.50    -9.8100  lv4(-9.8)          1.8s
  432      1693.8       936.5    0.3637   1.00   0.50    -9.8100  lv4(-9.8)          2.6s
  433      1909.3       717.1    0.3640   1.00   0.50    -9.8100  lv4(-9.8)          2.0s
  434      1998.1       884.5    0.3645   1.00   0.50    -9.8100  lv4(-9.8)          2.4s
  435      1835.6       698.0    0.3650   1.00   0.50    -9.8100  lv4(-9.8)          2.0s
  436      1748.5       729.3    0.3654   1.00   0.50    -9.8100  lv4(-9.8)          2.2s
  437      1583.3       757.6    0.3659   1.00   0.50    -9.8100  lv4(-9.8)          2.3s
  438      1968.5       574.9    0.3665   1.00   0.50    -9.8100  lv4(-9.8)          1.9s
  439      1818.4       827.7    0.3671   1.00   0.50    -9.8100  lv4(-9.8)          2.1s
  [probe] gen=440 score=1872.8 net=10.056 fell=0.700
  440      1803.7       802.2    0.3677   1.00   0.50    -9.8100  lv4(-9.8)          2.0s
  441      2012.6       745.8    0.3683   1.00   0.50    -9.8100  lv4(-9.8)          1.8s
  442      1632.4       683.1    0.3688   1.00   0.50    -9.8100  lv4(-9.8)          1.9s
  443      1698.1       696.3    0.3692   1.00   0.50    -9.8100  lv4(-9.8)          1.8s
  444      1847.3       688.7    0.3694   1.00   0.50    -9.8100  lv4(-9.8)          2.1s
  445      1747.7       700.9    0.3696   1.00   0.50    -9.8100  lv4(-9.8)          2.3s
  446      1865.3       792.9    0.3698   1.00   0.50    -9.8100  lv4(-9.8)          2.4s
  447      1729.2       633.4    0.3698   1.00   0.50    -9.8100  lv4(-9.8)          2.0s
  448      1817.5       809.0    0.3700   1.00   0.50    -9.8100  lv4(-9.8)          2.3s
  449      1970.2       751.4    0.3702   1.00   0.50    -9.8100  lv4(-9.8)          1.8s
  [probe] gen=450 score=1419.8 net=6.951 fell=0.400
  [plot] Saved fitness curve → experiments/thesis/adaptive_progression/seed_02/fitness_curve.png
  450      1767.6       755.2    0.3701   1.00   0.50    -9.8100  lv4(-9.8)          2.2s
  451      1748.8       725.6    0.3700   1.00   0.50    -9.8100  lv4(-9.8)          2.0s
  452      1825.0       657.4    0.3698   1.00   0.50    -9.8100  lv4(-9.8)          1.9s
  453      1804.3       589.7    0.3696   1.00   0.50    -9.8100  lv4(-9.8)          1.9s
  454      1920.3       723.6    0.3693   1.00   0.50    -9.8100  lv4(-9.8)          2.5s
  455      1973.1       750.5    0.3690   1.00   0.50    -9.8100  lv4(-9.8)          2.3s
  456      1960.2       644.8    0.3688   1.00   0.50    -9.8100  lv4(-9.8)          2.0s
  457      1715.9       773.5    0.3687   1.00   0.50    -9.8100  lv4(-9.8)          2.2s
  458      2051.5       752.5    0.3685   1.00   0.50    -9.8100  lv4(-9.8)          1.9s
  459      1845.0       752.7    0.3684   1.00   0.50    -9.8100  lv4(-9.8)          1.9s
  [probe] gen=460 score=1693.2 net=8.887 fell=0.400
  460      2033.1       796.4    0.3685   1.00   0.50    -9.8100  lv4(-9.8)          1.9s
  461      1879.6       749.5    0.3684   1.00   0.50    -9.8100  lv4(-9.8)          2.0s
  462      2027.6       881.3    0.3684   1.00   0.50    -9.8100  lv4(-9.8)          2.3s
  463      1704.1       731.9    0.3683   1.00   0.50    -9.8100  lv4(-9.8)          2.0s
  464      1700.8       780.6    0.3682   1.00   0.50    -9.8100  lv4(-9.8)          2.1s
  465      1743.0       787.0    0.3681   1.00   0.50    -9.8100  lv4(-9.8)          2.3s
  466      2110.6       852.1    0.3680   1.00   0.50    -9.8100  lv4(-9.8)          2.3s
  467      1960.2      1046.5    0.3679   1.00   0.50    -9.8100  lv4(-9.8)          2.6s
  468      1778.2       721.9    0.3677   1.00   0.50    -9.8100  lv4(-9.8)          2.1s
  469      1712.6       848.1    0.3675   1.00   0.50    -9.8100  lv4(-9.8)          2.3s
  [probe] gen=470 score=1761.6 net=9.086 fell=0.600
  470      2005.3       730.8    0.3673   1.00   0.50    -9.8100  lv4(-9.8)          2.3s
  471      1834.8       791.7    0.3671   1.00   0.50    -9.8100  lv4(-9.8)          2.1s
  472      1682.8       848.6    0.3671   1.00   0.50    -9.8100  lv4(-9.8)          2.3s
  473      1941.7       705.0    0.3669   1.00   0.50    -9.8100  lv4(-9.8)          2.0s
  474      1939.3       798.2    0.3667   1.00   0.50    -9.8100  lv4(-9.8)          2.1s
  [plot] Saved fitness curve → experiments/thesis/adaptive_progression/seed_02/fitness_curve.png
  475      1501.8       547.6    0.3664   1.00   0.50    -9.8100  lv4(-9.8)          1.8s
  476      1726.1       762.1    0.3662   1.00   0.50    -9.8100  lv4(-9.8)          2.0s
  477      1894.7       691.2    0.3660   1.00   0.50    -9.8100  lv4(-9.8)          1.8s
  478      2128.2       890.2    0.3657   1.00   0.50    -9.8100  lv4(-9.8)          2.4s
  479      1956.9       804.7    0.3652   1.00   0.50    -9.8100  lv4(-9.8)          2.3s
  [probe] gen=480 score=1710.4 net=8.264 fell=0.100
  480      1738.6       696.3    0.3648   1.00   0.50    -9.8100  lv4(-9.8)          1.9s
  481      1828.2       790.0    0.3645   1.00   0.50    -9.8100  lv4(-9.8)          2.1s
  482      1868.1      1031.7    0.3641   1.00   0.50    -9.8100  lv4(-9.8)          2.5s
  483      2015.9       865.7    0.3639   1.00   0.50    -9.8100  lv4(-9.8)          2.1s
  484      2096.1       796.7    0.3635   1.00   0.50    -9.8100  lv4(-9.8)          2.1s
  485      1866.1       968.2    0.3632   1.00   0.50    -9.8100  lv4(-9.8)          2.7s
  486      1957.7       793.2    0.3629   1.00   0.50    -9.8100  lv4(-9.8)          1.9s
  487      2032.8       852.2    0.3626   1.00   0.50    -9.8100  lv4(-9.8)          2.1s
  488      1953.0       878.1    0.3624   1.00   0.50    -9.8100  lv4(-9.8)          2.3s
  489      2040.0       771.1    0.3623   1.00   0.50    -9.8100  lv4(-9.8)          1.9s
  [probe] gen=490 score=2127.6 net=11.230 fell=0.200 [new best earth]
  490      2064.4      1075.8    0.3622   1.00   0.50    -9.8100  lv4(-9.8)          2.4s
  491      2054.6      1009.1    0.3620   1.00   0.50    -9.8100  lv4(-9.8)          2.3s
  492      2038.2       854.7    0.3617   1.00   0.50    -9.8100  lv4(-9.8)          1.9s
  493      1846.0       956.7    0.3616   1.00   0.50    -9.8100  lv4(-9.8)          2.6s
  494      1978.7       947.7    0.3615   1.00   0.50    -9.8100  lv4(-9.8)          2.2s
  495      1755.7       837.4    0.3614   1.00   0.50    -9.8100  lv4(-9.8)          2.2s
  496      2087.1       865.6    0.3612   1.00   0.50    -9.8100  lv4(-9.8)          2.2s
  497      1960.3       945.9    0.3610   1.00   0.50    -9.8100  lv4(-9.8)          2.3s
  498      1813.1       840.0    0.3607   1.00   0.50    -9.8100  lv4(-9.8)          2.3s
  499      1874.7       864.1    0.3605   1.00   0.50    -9.8100  lv4(-9.8)          2.1s
  [plot] Saved fitness curve → experiments/thesis/adaptive_progression/seed_02/fitness_curve.png

Training complete. Best fitness: 2174.5
Best params → experiments/thesis/adaptive_progression/seed_02/checkpoints/best_params.npy
Fitness curve → experiments/thesis/adaptive_progression/seed_02/fitness_curve.png
Eval params  → best_earth_params (earth probe score: 2127.6)
Final Earth scorecard | score=2018.1 net=10.627 fell=0.250
Gravity sweep | gravities=5 mean_net=7.784 worst_net=4.088
  [exp] Wrote experiments/thesis/adaptive_progression/seed_02/experiment.json
  [exp] Wrote experiments/thesis/adaptive_progression/seed_02/training_log.csv
  [exp] Wrote experiments/thesis/adaptive_progression/seed_02/earth_probe.csv
  [exp] Wrote experiments/thesis/adaptive_progression/seed_02/gravity_sweep.csv
  [exp] Wrote experiments/thesis/adaptive_progression/seed_02/summary.json
