Walker2d-v5 | policy=CPG  params=504
Curriculum   : ArchiveBased  [-1.6→-3.0→-5.0→-7.0→-9.81]  plateau=30gen  archive_size=5
Run context | seed=6 arm=archive_based run_id=archive_based_seed_06

Schedule | penalty_min=0.20 penalty_ramp_gen=200 corr_min=0.00 corr_max=0.50 corr_ramp_gen=200

Starting CMA-ES | pop=40 | sigma0=0.5 | max_gen=500 | workers=8 | seed=6
Checkpoints → experiments/thesis/archive_based/seed_06/checkpoints/

  Gen        Best        Mean     Sigma    Pen   Corr    Gravity  Phase              Time
------------------------------------------------------------------------------------
  [probe] gen=0 score=-354.8 net=-0.080 fell=1.000 [new best earth]
  [plot] Saved fitness curve → experiments/thesis/archive_based/seed_06/fitness_curve.png
    0       -58.0       -79.6    0.4902   0.20   0.00    -1.6000  lv0(a=0)           1.5s
    1       -64.9       -78.2    0.4819   0.20   0.00    -1.6000  lv0(a=1)           0.1s
    2       -57.7       -77.8    0.4745   0.21   0.01    -1.6000  lv0(a=2)           0.2s
    3        -7.0       -71.8    0.4677   0.21   0.01    -1.6000  lv0(a=3)           0.2s
    4       -13.6       -73.4    0.4616   0.22   0.01    -1.6000  lv0(a=4)           0.2s
    5       -64.7       -79.3    0.4560   0.22   0.01    -1.6000  lv0(a=5)           0.1s
    6       -55.5       -75.4    0.4509   0.22   0.01    -1.6000  lv0(a=5)           0.2s
    7       -57.8       -72.5    0.4462   0.23   0.02    -1.6000  lv0(a=5)           0.2s
    8       -61.4       -75.1    0.4420   0.23   0.02    -1.6000  lv0(a=5)           0.2s
    9       -33.5       -71.1    0.4381   0.24   0.02    -1.6000  lv0(a=5)           0.2s
  [probe] gen=10 score=-384.9 net=-0.113 fell=1.000
   10       -58.8       -73.7    0.4346   0.24   0.03    -1.6000  lv0(a=5)           0.2s
   11       -54.3       -75.1    0.4313   0.24   0.03    -1.6000  lv0(a=5)           0.2s
   12       -60.5       -75.3    0.4283   0.25   0.03    -1.6000  lv0(a=5)           0.3s
   13       -53.6       -73.7    0.4253   0.25   0.03    -1.6000  lv0(a=5)           0.3s
   14       -56.0       -74.9    0.4226   0.26   0.04    -1.6000  lv0(a=5)           0.3s
   15       -17.1       -72.9    0.4200   0.26   0.04    -1.6000  lv0(a=5)           0.3s
   16       -10.7       -77.5    0.4175   0.26   0.04    -1.6000  lv0(a=5)           0.3s
   17       -50.5       -76.0    0.4153   0.27   0.04    -1.6000  lv0(a=5)           0.3s
   18        -2.1       -70.2    0.4133   0.27   0.04    -1.6000  lv0(a=5)           0.4s
   19        -6.7       -66.4    0.4115   0.28   0.05    -1.6000  lv0(a=5)           0.4s
  [probe] gen=20 score=-356.3 net=-0.098 fell=1.000
   20        19.8       -65.4    0.4100   0.28   0.05    -1.6000  lv0(a=5)           0.4s
   21       111.1       -63.3    0.4088   0.28   0.05    -1.6000  lv0(a=5)           0.4s
   22        36.9       -51.0    0.4075   0.29   0.06    -1.6000  lv0(a=5)           0.4s
   23        72.2       -62.3    0.4063   0.29   0.06    -1.6000  lv0(a=5)           0.4s
   24        59.7       -57.0    0.4050   0.30   0.06    -1.6000  lv0(a=5)           0.5s
  [plot] Saved fitness curve → experiments/thesis/archive_based/seed_06/fitness_curve.png
   25        16.8       -68.4    0.4038   0.30   0.06    -1.6000  lv0(a=5)           0.4s
   26        68.9       -50.0    0.4027   0.30   0.07    -1.6000  lv0(a=5)           0.5s
   27        66.1       -67.0    0.4015   0.31   0.07    -1.6000  lv0(a=5)           0.4s
   28       168.3       -45.0    0.4001   0.31   0.07    -1.6000  lv0(a=5)           0.5s
   29        58.2       -43.4    0.3987   0.32   0.07    -1.6000  lv0(a=5)           0.5s
  [probe] gen=30 score=-164.8 net=0.354 fell=1.000 [new best earth]
   30        43.9       -47.1    0.3974   0.32   0.07    -1.6000  lv0(a=5)           0.5s
   31        68.1       -27.0    0.3961   0.32   0.08    -1.6000  lv0(a=5)           0.5s
   32       307.3       -38.9    0.3949   0.33   0.08    -1.6000  lv0(a=5)           0.5s
   33       189.3       -41.0    0.3939   0.33   0.08    -1.6000  lv0(a=5)           0.6s
   34        91.1       -40.1    0.3929   0.34   0.09    -1.6000  lv0(a=5)           0.6s
   35       109.7       -51.6    0.3921   0.34   0.09    -1.6000  lv0(a=5)           0.5s
   36       109.8       -47.4    0.3914   0.34   0.09    -1.6000  lv0(a=5)           0.6s
   37        52.1       -64.1    0.3906   0.35   0.09    -1.6000  lv0(a=5)           0.6s
   38       133.1       -57.7    0.3898   0.35   0.10    -1.6000  lv0(a=5)           0.6s
   39       109.1       -51.5    0.3891   0.36   0.10    -1.6000  lv0(a=5)           0.6s
  [probe] gen=40 score=-355.0 net=-0.227 fell=1.000
   40        77.5       -43.5    0.3886   0.36   0.10    -1.6000  lv0(a=5)           0.6s
   41       141.8       -48.6    0.3882   0.36   0.10    -1.6000  lv0(a=5)           0.5s
   42        74.5       -46.9    0.3878   0.37   0.10    -1.6000  lv0(a=5)           0.6s
   43       149.7       -48.7    0.3873   0.37   0.11    -1.6000  lv0(a=5)           0.6s
   44        86.0       -62.9    0.3869   0.38   0.11    -1.6000  lv0(a=5)           0.5s
   45       135.6       -73.8    0.3866   0.38   0.11    -1.6000  lv0(a=5)           0.5s
   46        92.8       -64.1    0.3863   0.38   0.12    -1.6000  lv0(a=5)           0.6s
   47        47.4       -54.4    0.3860   0.39   0.12    -1.6000  lv0(a=5)           0.7s
   48        93.7       -46.3    0.3857   0.39   0.12    -1.6000  lv0(a=5)           0.7s
   49        49.4       -51.5    0.3852   0.40   0.12    -1.6000  lv0(a=5)           0.7s
  [probe] gen=50 score=-189.9 net=0.168 fell=1.000
  [plot] Saved fitness curve → experiments/thesis/archive_based/seed_06/fitness_curve.png
   50        28.8       -65.5    0.3848   0.40   0.12    -1.6000  lv0(a=5)           0.6s
   51       118.3       -40.7    0.3845   0.40   0.13    -1.6000  lv0(a=5)           0.7s
   52       183.2       -52.6    0.3843   0.41   0.13    -1.6000  lv0(a=5)           0.7s
   53        40.7       -94.7    0.3842   0.41   0.13    -1.6000  lv0(a=5)           0.5s
   54       104.7       -49.0    0.3841   0.42   0.14    -1.6000  lv0(a=5)           0.7s
   55       133.6       -52.9    0.3839   0.42   0.14    -1.6000  lv0(a=5)           0.7s
   56       156.6       -41.4    0.3839   0.42   0.14    -1.6000  lv0(a=5)           0.8s
   57       142.4       -35.2    0.3839   0.43   0.14    -1.6000  lv0(a=5)           0.7s
   58       275.2       -18.4    0.3838   0.43   0.14    -1.6000  lv0(a=5)           1.0s
   59       354.6       -51.1    0.3838   0.44   0.15    -1.6000  lv0(a=5)           0.8s
  [probe] gen=60 score=-378.8 net=-0.598 fell=1.000
   60       208.7       -58.2    0.3837   0.44   0.15    -1.6000  lv0(a=5)           0.7s
   61       198.0       -39.8    0.3835   0.44   0.15    -1.6000  lv0(a=5)           0.7s
   62        93.3       -42.1    0.3833   0.45   0.15    -1.6000  lv0(a=5)           0.8s
   63       101.9       -70.5    0.3830   0.45   0.16    -1.6000  lv0(a=5)           0.8s
   64       217.4       -33.8    0.3827   0.46   0.16    -1.6000  lv0(a=5)           0.9s
   65       218.6       -67.1    0.3824   0.46   0.16    -1.6000  lv0(a=5)           0.8s
   66       117.5       -67.1    0.3821   0.46   0.17    -1.6000  lv0(a=5)           0.7s
   67       176.3       -64.6    0.3817   0.47   0.17    -1.6000  lv0(a=5)           0.8s
   68       219.2       -50.5    0.3816   0.47   0.17    -1.6000  lv0(a=5)           0.8s
   69       199.8       -24.5    0.3816   0.48   0.17    -1.6000  lv0(a=5)           0.9s
  [probe] gen=70 score=-250.2 net=-0.172 fell=1.000
   70       141.4       -10.8    0.3815   0.48   0.17    -1.6000  lv0(a=5)           0.8s
   71       180.7       -24.5    0.3815   0.48   0.18    -1.6000  lv0(a=5)           0.8s
   72       292.7       -30.2    0.3816   0.49   0.18    -1.6000  lv0(a=5)           1.0s
   73       439.0       -42.9    0.3817   0.49   0.18    -1.6000  lv0(a=5)           0.8s
   74       260.9       -12.2    0.3817   0.50   0.18    -1.6000  lv0(a=5)           0.8s
  [plot] Saved fitness curve → experiments/thesis/archive_based/seed_06/fitness_curve.png
   75       488.0       -26.3    0.3819   0.50   0.19    -1.6000  lv0(a=5)           0.9s
   76       204.4       -26.7    0.3821   0.50   0.19    -1.6000  lv0(a=5)           0.9s
   77       264.3       -10.0    0.3824   0.51   0.19    -1.6000  lv0(a=5)           0.9s
   78       439.7         4.9    0.3826   0.51   0.20    -1.6000  lv0(a=5)           0.9s
   79       430.4       -29.2    0.3827   0.52   0.20    -1.6000  lv0(a=5)           0.9s
  [probe] gen=80 score=-365.5 net=-0.406 fell=1.000
   80       294.7        14.1    0.3825   0.52   0.20    -1.6000  lv0(a=5)           1.1s
   81       277.0        11.5    0.3825   0.52   0.20    -1.6000  lv0(a=5)           1.0s
   82       198.6       -18.7    0.3825   0.53   0.20    -1.6000  lv0(a=5)           1.0s
   83       313.2        10.7    0.3826   0.53   0.21    -1.6000  lv0(a=5)           1.0s
   84       381.9        -6.2    0.3830   0.54   0.21    -1.6000  lv0(a=5)           1.0s
   85       234.2         8.0    0.3833   0.54   0.21    -1.6000  lv0(a=5)           1.1s
   86       498.8       -23.7    0.3836   0.54   0.21    -1.6000  lv0(a=5)           0.9s
   87       325.7        -1.8    0.3840   0.55   0.22    -1.6000  lv0(a=5)           1.1s
   88       386.0       -55.7    0.3842   0.55   0.22    -1.6000  lv0(a=5)           0.9s
   89       309.9       -27.5    0.3845   0.56   0.22    -1.6000  lv0(a=5)           0.9s
  [probe] gen=90 score=-304.8 net=-0.143 fell=1.000
   90       325.7       -19.5    0.3847   0.56   0.23    -1.6000  lv0(a=5)           1.0s
   91       254.3       -26.4    0.3849   0.56   0.23    -1.6000  lv0(a=5)           0.9s
   92       513.6       -24.4    0.3849   0.57   0.23    -1.6000  lv0(a=5)           0.9s
   93       392.8       -24.4    0.3849   0.57   0.23    -1.6000  lv0(a=5)           0.9s
   94       335.8       -50.0    0.3847   0.58   0.23    -1.6000  lv0(a=5)           1.0s
   95       147.8       -33.9    0.3845   0.58   0.24    -1.6000  lv0(a=5)           0.8s
   96       321.2       -37.8    0.3844   0.58   0.24    -1.6000  lv0(a=5)           0.9s
   97       136.9       -59.2    0.3843   0.59   0.24    -1.6000  lv0(a=5)           0.9s
   98       224.5       -15.5    0.3844   0.59   0.24    -1.6000  lv0(a=5)           1.0s
   99       312.0       -14.2    0.3845   0.60   0.25    -1.6000  lv0(a=5)           0.9s
  [probe] gen=100 score=-110.2 net=0.611 fell=1.000 [new best earth]
  [plot] Saved fitness curve → experiments/thesis/archive_based/seed_06/fitness_curve.png
  100       201.0       -32.5    0.3849   0.60   0.25    -1.6000  lv0(a=5)           0.9s
  101       203.5       -33.4    0.3854   0.60   0.25    -1.6000  lv0(a=5)           0.9s
  102       225.1       -24.0    0.3858   0.61   0.26    -1.6000  lv0(a=5)           1.0s
  103       384.6        10.1    0.3861   0.61   0.26    -1.6000  lv0(a=5)           1.0s
  104       335.4         9.7    0.3865   0.62   0.26    -1.6000  lv0(a=5)           1.0s
  105       280.7       -28.5    0.3868   0.62   0.26    -1.6000  lv0(a=5)           0.9s
  106       169.0       -17.4    0.3870   0.62   0.27    -1.6000  lv0(a=5)           0.9s
  107       189.5       -29.1    0.3872   0.63   0.27    -1.6000  lv0(a=5)           1.0s
  108       275.0       -47.7    0.3873   0.63   0.27    -1.6000  lv0(a=5)           0.8s
  109       132.0       -39.6    0.3875   0.64   0.27    -1.6000  lv0(a=5)           0.9s
  [probe] gen=110 score=-276.8 net=-0.117 fell=1.000
  110       223.4       -43.0    0.3878   0.64   0.28    -1.6000  lv0(a=5)           0.9s
  111       309.0       -26.1    0.3880   0.64   0.28    -1.6000  lv0(a=5)           1.0s
  112       293.5       -14.9    0.3883   0.65   0.28    -1.6000  lv0(a=5)           1.0s
  113       186.0       -47.9    0.3885   0.65   0.28    -1.6000  lv0(a=5)           0.9s
  114       200.3       -82.3    0.3886   0.66   0.28    -1.6000  lv0(a=5)           0.9s
  115       422.8       -31.7    0.3889   0.66   0.29    -1.6000  lv0(a=5)           1.0s
  116       306.6       -37.5    0.3891   0.66   0.29    -1.6000  lv0(a=5)           1.0s
  117       398.7       -54.7    0.3892   0.67   0.29    -1.6000  lv0(a=5)           0.9s
  118       160.2       -96.4    0.3893   0.67   0.29    -1.6000  lv0(a=5)           0.8s
  119       227.9       -54.4    0.3896   0.68   0.30    -1.6000  lv0(a=5)           0.9s
  [probe] gen=120 score=-190.8 net=0.254 fell=1.000
  120       195.7       -44.8    0.3899   0.68   0.30    -1.6000  lv0(a=5)           0.9s
  121       323.9       -94.2    0.3903   0.68   0.30    -1.6000  lv0(a=5)           0.7s
  [stage] gen=122  gravity -1.60 → -3.00  ES restarted  remaining=377
  122       309.4       -21.9    0.5000   0.69   0.30    -1.6000  lv0(a=5)           1.0s
  123       104.7      -211.6    0.4905   0.69   0.31    -3.0000  lv1(a=0)           0.3s
  124        20.3      -201.3    0.4822   0.70   0.31    -3.0000  lv1(a=1)           0.4s
  [plot] Saved fitness curve → experiments/thesis/archive_based/seed_06/fitness_curve.png
  125        37.9      -153.4    0.4747   0.70   0.31    -3.0000  lv1(a=2)           0.6s
  126        25.1      -173.9    0.4679   0.70   0.32    -3.0000  lv1(a=3)           0.6s
  127       106.3      -139.6    0.4617   0.71   0.32    -3.0000  lv1(a=4)           0.6s
  128        42.9      -112.9    0.4562   0.71   0.32    -3.0000  lv1(a=5)           0.7s
  129       110.7      -152.9    0.4510   0.72   0.32    -3.0000  lv1(a=5)           0.7s
  [probe] gen=130 score=-288.2 net=-0.115 fell=1.000
  130       259.4      -120.2    0.4464   0.72   0.33    -3.0000  lv1(a=5)           0.7s
  131        72.9      -124.7    0.4423   0.72   0.33    -3.0000  lv1(a=5)           0.6s
  132       110.9      -120.3    0.4383   0.73   0.33    -3.0000  lv1(a=5)           0.7s
  133        32.6      -137.1    0.4347   0.73   0.33    -3.0000  lv1(a=5)           0.6s
  134       313.1      -121.7    0.4313   0.74   0.34    -3.0000  lv1(a=5)           0.6s
  135       109.4       -91.0    0.4280   0.74   0.34    -3.0000  lv1(a=5)           0.6s
  136        31.5       -94.7    0.4250   0.74   0.34    -3.0000  lv1(a=5)           0.7s
  137       116.3       -95.0    0.4223   0.75   0.34    -3.0000  lv1(a=5)           0.6s
  138        59.9      -136.0    0.4196   0.75   0.34    -3.0000  lv1(a=5)           0.6s
  139       110.0      -141.7    0.4172   0.76   0.35    -3.0000  lv1(a=5)           0.6s
  [probe] gen=140 score=-249.0 net=0.109 fell=1.000
  140       161.6      -104.3    0.4148   0.76   0.35    -3.0000  lv1(a=5)           0.6s
  141       127.2      -115.4    0.4126   0.76   0.35    -3.0000  lv1(a=5)           0.7s
  142       222.1       -56.3    0.4108   0.77   0.35    -3.0000  lv1(a=5)           0.7s
  143       206.1       -70.6    0.4091   0.77   0.36    -3.0000  lv1(a=5)           0.7s
  144       400.0       -85.6    0.4073   0.78   0.36    -3.0000  lv1(a=5)           0.7s
  145       161.7      -114.9    0.4055   0.78   0.36    -3.0000  lv1(a=5)           0.7s
  146        67.0      -123.9    0.4038   0.78   0.36    -3.0000  lv1(a=5)           0.6s
  147       213.7       -79.6    0.4022   0.79   0.37    -3.0000  lv1(a=5)           0.8s
  148       128.9       -92.8    0.4006   0.79   0.37    -3.0000  lv1(a=5)           0.8s
  149       212.1       -76.0    0.3992   0.80   0.37    -3.0000  lv1(a=5)           0.8s
  [probe] gen=150 score=-168.7 net=0.373 fell=1.000
  [plot] Saved fitness curve → experiments/thesis/archive_based/seed_06/fitness_curve.png
  150       194.2       -93.3    0.3978   0.80   0.38    -3.0000  lv1(a=5)           0.7s
  151       146.5       -60.7    0.3965   0.80   0.38    -3.0000  lv1(a=5)           0.7s
  152       110.0      -103.8    0.3951   0.81   0.38    -3.0000  lv1(a=5)           0.7s
  [stage] gen=153  gravity -3.00 → -5.00  ES restarted  remaining=346
  153       378.2       -44.2    0.5000   0.81   0.38    -3.0000  lv1(a=5)           0.8s
  154       -23.8      -192.0    0.4904   0.82   0.39    -5.0000  lv2(a=0)           0.4s
  155       105.4      -209.5    0.4819   0.82   0.39    -5.0000  lv2(a=1)           0.5s
  156        19.1      -210.9    0.4744   0.82   0.39    -5.0000  lv2(a=2)           0.5s
  157       125.8      -206.1    0.4676   0.83   0.39    -5.0000  lv2(a=3)           0.4s
  158       164.1      -151.1    0.4612   0.83   0.40    -5.0000  lv2(a=4)           0.5s
  159       213.4      -156.6    0.4555   0.84   0.40    -5.0000  lv2(a=5)           0.5s
  [probe] gen=160 score=-3.6 net=0.959 fell=1.000 [new best earth]
  160        60.9      -146.4    0.4503   0.84   0.40    -5.0000  lv2(a=5)           0.6s
  161        95.6      -135.7    0.4455   0.84   0.40    -5.0000  lv2(a=5)           0.5s
  162        80.0      -133.6    0.4412   0.85   0.41    -5.0000  lv2(a=5)           0.5s
  163       226.2      -111.9    0.4370   0.85   0.41    -5.0000  lv2(a=5)           0.6s
  164       221.0      -104.8    0.4331   0.86   0.41    -5.0000  lv2(a=5)           0.6s
  165       223.8      -137.7    0.4294   0.86   0.41    -5.0000  lv2(a=5)           0.6s
  166       199.0      -151.0    0.4259   0.86   0.41    -5.0000  lv2(a=5)           0.6s
  167       217.2      -115.3    0.4225   0.87   0.42    -5.0000  lv2(a=5)           0.6s
  168       214.0      -113.9    0.4195   0.87   0.42    -5.0000  lv2(a=5)           0.6s
  169       107.8       -95.9    0.4166   0.88   0.42    -5.0000  lv2(a=5)           0.7s
  [probe] gen=170 score=-90.2 net=0.621 fell=1.000
  170       193.1      -105.8    0.4139   0.88   0.42    -5.0000  lv2(a=5)           0.7s
  171       328.5      -107.8    0.4114   0.88   0.43    -5.0000  lv2(a=5)           0.8s
  172       194.8      -139.8    0.4090   0.89   0.43    -5.0000  lv2(a=5)           0.7s
  173       351.0      -129.5    0.4067   0.89   0.43    -5.0000  lv2(a=5)           0.6s
  174       182.1      -116.5    0.4045   0.90   0.43    -5.0000  lv2(a=5)           0.7s
  [plot] Saved fitness curve → experiments/thesis/archive_based/seed_06/fitness_curve.png
  175       268.4       -47.4    0.4024   0.90   0.44    -5.0000  lv2(a=5)           0.7s
  176       236.1      -135.3    0.4005   0.90   0.44    -5.0000  lv2(a=5)           0.7s
  177       181.5      -126.4    0.3987   0.91   0.44    -5.0000  lv2(a=5)           0.7s
  178       210.5      -127.9    0.3971   0.91   0.45    -5.0000  lv2(a=5)           0.7s
  179       208.2       -74.0    0.3956   0.92   0.45    -5.0000  lv2(a=5)           0.7s
  [probe] gen=180 score=-280.8 net=-0.137 fell=1.000
  180       239.0       -55.9    0.3943   0.92   0.45    -5.0000  lv2(a=5)           0.7s
  181       253.8       -82.0    0.3932   0.92   0.45    -5.0000  lv2(a=5)           0.7s
  182       300.9       -90.2    0.3921   0.93   0.46    -5.0000  lv2(a=5)           0.8s
  183       285.5      -132.9    0.3909   0.93   0.46    -5.0000  lv2(a=5)           0.7s
  [stage] gen=184  gravity -5.00 → -7.00  ES restarted  remaining=315
  184       476.9       -56.5    0.5000   0.94   0.46    -5.0000  lv2(a=5)           0.7s
  185       124.1      -276.2    0.4904   0.94   0.46    -7.0000  lv3(a=0)           0.5s
  186       251.8      -228.1    0.4820   0.94   0.47    -7.0000  lv3(a=1)           0.6s
  187       146.4      -121.0    0.4746   0.95   0.47    -7.0000  lv3(a=2)           0.6s
  188       145.4      -125.0    0.4677   0.95   0.47    -7.0000  lv3(a=3)           0.6s
  189       164.6      -146.8    0.4613   0.96   0.47    -7.0000  lv3(a=4)           0.6s
  [probe] gen=190 score=-84.3 net=0.510 fell=1.000
  190       192.0      -147.2    0.4554   0.96   0.47    -7.0000  lv3(a=5)           0.6s
  191       137.5      -171.9    0.4501   0.96   0.48    -7.0000  lv3(a=5)           0.6s
  192       284.4      -150.6    0.4452   0.97   0.48    -7.0000  lv3(a=5)           0.7s
  193       232.3      -152.2    0.4406   0.97   0.48    -7.0000  lv3(a=5)           0.7s
  194       147.1      -148.7    0.4364   0.98   0.48    -7.0000  lv3(a=5)           0.6s
  195       211.0      -138.4    0.4324   0.98   0.49    -7.0000  lv3(a=5)           0.6s
  196       212.9       -86.0    0.4288   0.98   0.49    -7.0000  lv3(a=5)           0.6s
  197       198.5       -47.9    0.4254   0.99   0.49    -7.0000  lv3(a=5)           0.7s
  198       197.0      -116.8    0.4223   0.99   0.49    -7.0000  lv3(a=5)           0.6s
  199       259.8       -72.6    0.4193   1.00   0.50    -7.0000  lv3(a=5)           0.6s
  [probe] gen=200 score=9.6 net=0.823 fell=1.000 [new best earth]
  [plot] Saved fitness curve → experiments/thesis/archive_based/seed_06/fitness_curve.png
  200       210.4       -74.3    0.4166   1.00   0.50    -7.0000  lv3(a=5)           0.7s
  201       183.0      -124.9    0.4139   1.00   0.50    -7.0000  lv3(a=5)           0.6s
  202       214.5       -85.8    0.4114   1.00   0.50    -7.0000  lv3(a=5)           0.6s
  203       160.3      -110.5    0.4089   1.00   0.50    -7.0000  lv3(a=5)           0.6s
  204       189.3       -68.0    0.4067   1.00   0.50    -7.0000  lv3(a=5)           0.7s
  205       287.4       -72.0    0.4045   1.00   0.50    -7.0000  lv3(a=5)           0.7s
  206       238.7       -62.9    0.4027   1.00   0.50    -7.0000  lv3(a=5)           0.6s
  207       191.1       -47.1    0.4009   1.00   0.50    -7.0000  lv3(a=5)           0.6s
  208       266.7       -75.3    0.3991   1.00   0.50    -7.0000  lv3(a=5)           0.7s
  209       209.7       -86.3    0.3974   1.00   0.50    -7.0000  lv3(a=5)           0.6s
  [probe] gen=210 score=71.1 net=1.218 fell=1.000 [new best earth]
  210       180.1      -102.0    0.3958   1.00   0.50    -7.0000  lv3(a=5)           0.6s
  211       175.7       -87.3    0.3942   1.00   0.50    -7.0000  lv3(a=5)           0.6s
  212       179.8      -119.6    0.3928   1.00   0.50    -7.0000  lv3(a=5)           0.6s
  213       299.2       -92.6    0.3915   1.00   0.50    -7.0000  lv3(a=5)           0.6s
  214       205.3      -100.7    0.3902   1.00   0.50    -7.0000  lv3(a=5)           0.6s
  [stage] gen=215  gravity -7.00 → -9.81  ES restarted  remaining=284
  215       263.1      -125.9    0.5000   1.00   0.50    -7.0000  lv3(a=5)           0.7s
  216       212.6      -254.3    0.4905   1.00   0.50    -9.8100  lv4(a=0)           0.5s
  217        59.2      -207.3    0.4825   1.00   0.50    -9.8100  lv4(a=1)           0.5s
  218       187.0      -203.0    0.4753   1.00   0.50    -9.8100  lv4(a=2)           0.5s
  219        65.4      -158.1    0.4688   1.00   0.50    -9.8100  lv4(a=3)           0.5s
  [probe] gen=220 score=92.7 net=1.247 fell=1.000 [new best earth]
  220        60.7      -125.0    0.4630   1.00   0.50    -9.8100  lv4(a=4)           0.5s
  221       154.9      -113.4    0.4578   1.00   0.50    -9.8100  lv4(a=5)           0.6s
  222       126.7      -154.1    0.4531   1.00   0.50    -9.8100  lv4(a=5)           0.6s
  223        96.4      -171.8    0.4488   1.00   0.50    -9.8100  lv4(a=5)           0.5s
  224        82.2      -195.0    0.4451   1.00   0.50    -9.8100  lv4(a=5)           0.5s
  [plot] Saved fitness curve → experiments/thesis/archive_based/seed_06/fitness_curve.png
  225       215.8      -121.5    0.4415   1.00   0.50    -9.8100  lv4(a=5)           0.6s
  226       182.6      -162.7    0.4382   1.00   0.50    -9.8100  lv4(a=5)           0.6s
  227        85.4      -163.3    0.4350   1.00   0.50    -9.8100  lv4(a=5)           0.6s
  228       130.4       -84.7    0.4319   1.00   0.50    -9.8100  lv4(a=5)           0.7s
  229       126.5      -126.0    0.4290   1.00   0.50    -9.8100  lv4(a=5)           0.6s
  [probe] gen=230 score=107.5 net=1.439 fell=1.000 [new best earth]
  230       191.3      -102.8    0.4263   1.00   0.50    -9.8100  lv4(a=5)           0.6s
  231        49.4      -181.3    0.4236   1.00   0.50    -9.8100  lv4(a=5)           0.6s
  232       193.9      -140.6    0.4210   1.00   0.50    -9.8100  lv4(a=5)           0.5s
  233        74.2      -167.8    0.4185   1.00   0.50    -9.8100  lv4(a=5)           0.6s
  234       136.9       -79.9    0.4161   1.00   0.50    -9.8100  lv4(a=5)           0.6s
  235       116.6      -111.1    0.4138   1.00   0.50    -9.8100  lv4(a=5)           0.6s
  236       234.2      -118.8    0.4115   1.00   0.50    -9.8100  lv4(a=5)           0.6s
  237       131.4      -147.7    0.4094   1.00   0.50    -9.8100  lv4(a=5)           0.6s
  238       191.6      -113.5    0.4073   1.00   0.50    -9.8100  lv4(a=5)           0.6s
  239       213.2       -75.3    0.4053   1.00   0.50    -9.8100  lv4(a=5)           0.6s
  [probe] gen=240 score=1.3 net=0.941 fell=1.000
  240        95.0      -194.6    0.4035   1.00   0.50    -9.8100  lv4(a=5)           0.6s
  241       186.7      -111.9    0.4016   1.00   0.50    -9.8100  lv4(a=5)           0.7s
  242       168.1       -96.4    0.3999   1.00   0.50    -9.8100  lv4(a=5)           0.6s
  243       108.0      -117.2    0.3984   1.00   0.50    -9.8100  lv4(a=5)           0.7s
  244       155.2       -83.9    0.3971   1.00   0.50    -9.8100  lv4(a=5)           0.6s
  245       125.2      -119.4    0.3958   1.00   0.50    -9.8100  lv4(a=5)           0.6s
  246       150.1      -177.7    0.3946   1.00   0.50    -9.8100  lv4(a=5)           0.6s
  247       129.3      -200.7    0.3933   1.00   0.50    -9.8100  lv4(a=5)           0.7s
  248       193.6      -128.1    0.3921   1.00   0.50    -9.8100  lv4(a=5)           0.5s
  249       209.7      -167.9    0.3909   1.00   0.50    -9.8100  lv4(a=5)           0.6s
  [probe] gen=250 score=186.7 net=1.655 fell=1.000 [new best earth]
  [plot] Saved fitness curve → experiments/thesis/archive_based/seed_06/fitness_curve.png
  250       138.4      -181.3    0.3895   1.00   0.50    -9.8100  lv4(a=5)           0.4s
  251       149.2      -144.2    0.3883   1.00   0.50    -9.8100  lv4(a=5)           0.6s
  252       185.7      -134.7    0.3872   1.00   0.50    -9.8100  lv4(a=5)           0.6s
  253       162.4      -124.0    0.3860   1.00   0.50    -9.8100  lv4(a=5)           0.5s
  254       245.4       -93.8    0.3849   1.00   0.50    -9.8100  lv4(a=5)           0.5s
  255       208.1       -93.3    0.3838   1.00   0.50    -9.8100  lv4(a=5)           0.6s
  256       140.2      -173.1    0.3829   1.00   0.50    -9.8100  lv4(a=5)           0.5s
  257       216.3       -79.0    0.3820   1.00   0.50    -9.8100  lv4(a=5)           0.6s
  258       157.2      -131.7    0.3810   1.00   0.50    -9.8100  lv4(a=5)           0.6s
  259       162.2      -116.3    0.3799   1.00   0.50    -9.8100  lv4(a=5)           0.6s
  [probe] gen=260 score=126.1 net=1.408 fell=1.000
  260       191.5      -105.7    0.3788   1.00   0.50    -9.8100  lv4(a=5)           0.6s
  261       217.8       -95.1    0.3778   1.00   0.50    -9.8100  lv4(a=5)           0.6s
  262       177.3      -119.1    0.3766   1.00   0.50    -9.8100  lv4(a=5)           0.5s
  263       160.8       -58.1    0.3757   1.00   0.50    -9.8100  lv4(a=5)           0.5s
  264       199.4       -67.7    0.3748   1.00   0.50    -9.8100  lv4(a=5)           0.6s
  265       219.6       -65.6    0.3739   1.00   0.50    -9.8100  lv4(a=5)           0.6s
  266       202.7       -82.8    0.3732   1.00   0.50    -9.8100  lv4(a=5)           0.5s
  267       227.9       -86.8    0.3724   1.00   0.50    -9.8100  lv4(a=5)           0.7s
  268       236.3        -2.5    0.3719   1.00   0.50    -9.8100  lv4(a=5)           0.6s
  269       169.0       -43.6    0.3714   1.00   0.50    -9.8100  lv4(a=5)           0.6s
  [probe] gen=270 score=204.8 net=1.818 fell=1.000 [new best earth]
  270       218.5        15.4    0.3708   1.00   0.50    -9.8100  lv4(a=5)           0.7s
  271       210.5       -46.3    0.3703   1.00   0.50    -9.8100  lv4(a=5)           0.6s
  272       235.3        43.2    0.3699   1.00   0.50    -9.8100  lv4(a=5)           0.6s
  273       222.3       -32.1    0.3695   1.00   0.50    -9.8100  lv4(a=5)           0.7s
  274       214.0       -63.2    0.3692   1.00   0.50    -9.8100  lv4(a=5)           0.6s
  [plot] Saved fitness curve → experiments/thesis/archive_based/seed_06/fitness_curve.png
  275       273.8       -43.9    0.3689   1.00   0.50    -9.8100  lv4(a=5)           0.7s
  276       291.2       -44.0    0.3688   1.00   0.50    -9.8100  lv4(a=5)           0.6s
  277       216.0        -9.9    0.3687   1.00   0.50    -9.8100  lv4(a=5)           0.6s
  278       246.0       -19.6    0.3686   1.00   0.50    -9.8100  lv4(a=5)           0.6s
  279       216.9       -52.5    0.3684   1.00   0.50    -9.8100  lv4(a=5)           0.6s
  [probe] gen=280 score=55.9 net=1.050 fell=1.000
  280       291.9       -33.5    0.3684   1.00   0.50    -9.8100  lv4(a=5)           0.6s
  281       243.1       -24.2    0.3684   1.00   0.50    -9.8100  lv4(a=5)           0.6s
  282       216.1       -80.1    0.3685   1.00   0.50    -9.8100  lv4(a=5)           0.7s
  283       243.9       -56.1    0.3686   1.00   0.50    -9.8100  lv4(a=5)           0.7s
  284       233.7       -76.9    0.3687   1.00   0.50    -9.8100  lv4(a=5)           0.6s
  285       331.1       -57.5    0.3686   1.00   0.50    -9.8100  lv4(a=5)           0.7s
  286       313.2       -14.9    0.3684   1.00   0.50    -9.8100  lv4(a=5)           0.7s
  287       273.4       -87.4    0.3682   1.00   0.50    -9.8100  lv4(a=5)           0.6s
  288       220.1       -38.1    0.3682   1.00   0.50    -9.8100  lv4(a=5)           0.6s
  289       307.4      -123.3    0.3683   1.00   0.50    -9.8100  lv4(a=5)           0.6s
  [probe] gen=290 score=124.2 net=1.432 fell=1.000
  290       290.9       -75.1    0.3683   1.00   0.50    -9.8100  lv4(a=5)           0.7s
  291       259.3       -17.4    0.3682   1.00   0.50    -9.8100  lv4(a=5)           0.6s
  292       230.8        -9.3    0.3681   1.00   0.50    -9.8100  lv4(a=5)           0.6s
  293       226.4         3.6    0.3681   1.00   0.50    -9.8100  lv4(a=5)           0.7s
  294       209.8       -35.4    0.3683   1.00   0.50    -9.8100  lv4(a=5)           0.6s
  295       214.7       -22.9    0.3683   1.00   0.50    -9.8100  lv4(a=5)           0.6s
  296       264.0       -12.6    0.3683   1.00   0.50    -9.8100  lv4(a=5)           0.7s
  297       234.5       -13.5    0.3682   1.00   0.50    -9.8100  lv4(a=5)           0.7s
  298       306.7       -36.6    0.3680   1.00   0.50    -9.8100  lv4(a=5)           0.7s
  299       207.2       -44.9    0.3678   1.00   0.50    -9.8100  lv4(a=5)           0.6s
  [probe] gen=300 score=88.6 net=1.282 fell=1.000
  [plot] Saved fitness curve → experiments/thesis/archive_based/seed_06/fitness_curve.png
  300       308.1      -114.8    0.3678   1.00   0.50    -9.8100  lv4(a=5)           0.6s
  301       236.5       -44.6    0.3678   1.00   0.50    -9.8100  lv4(a=5)           0.6s
  302       213.4       -92.5    0.3678   1.00   0.50    -9.8100  lv4(a=5)           0.6s
  303       244.8       -58.4    0.3677   1.00   0.50    -9.8100  lv4(a=5)           0.6s
  304       272.5         3.7    0.3675   1.00   0.50    -9.8100  lv4(a=5)           0.7s
  305       281.8       -74.9    0.3674   1.00   0.50    -9.8100  lv4(a=5)           0.7s
  306       238.3       -28.0    0.3673   1.00   0.50    -9.8100  lv4(a=5)           0.7s
  307       187.3       -21.6    0.3673   1.00   0.50    -9.8100  lv4(a=5)           0.6s
  308       232.4        -2.7    0.3672   1.00   0.50    -9.8100  lv4(a=5)           0.7s
  309       314.8       -85.5    0.3671   1.00   0.50    -9.8100  lv4(a=5)           0.7s
  [probe] gen=310 score=203.6 net=1.766 fell=1.000
  310       354.6         8.7    0.3669   1.00   0.50    -9.8100  lv4(a=5)           0.7s
  311       216.6       -37.0    0.3667   1.00   0.50    -9.8100  lv4(a=5)           0.6s
  312       233.9        19.2    0.3666   1.00   0.50    -9.8100  lv4(a=5)           0.7s
  313       296.3       -20.3    0.3665   1.00   0.50    -9.8100  lv4(a=5)           0.7s
  314       396.5         7.8    0.3663   1.00   0.50    -9.8100  lv4(a=5)           0.7s
  315       267.5       -70.1    0.3662   1.00   0.50    -9.8100  lv4(a=5)           0.6s
  316       287.3        10.1    0.3661   1.00   0.50    -9.8100  lv4(a=5)           0.8s
  317       300.2       -92.0    0.3660   1.00   0.50    -9.8100  lv4(a=5)           0.7s
  318       314.4       -36.1    0.3661   1.00   0.50    -9.8100  lv4(a=5)           0.7s
  319       299.6        -2.6    0.3660   1.00   0.50    -9.8100  lv4(a=5)           0.7s
  [probe] gen=320 score=8.7 net=0.764 fell=1.000
  320       392.4         2.9    0.3658   1.00   0.50    -9.8100  lv4(a=5)           0.6s
  321       239.9       -59.8    0.3656   1.00   0.50    -9.8100  lv4(a=5)           0.6s
  322       230.9       -14.6    0.3653   1.00   0.50    -9.8100  lv4(a=5)           0.6s
  323       289.6       -23.6    0.3649   1.00   0.50    -9.8100  lv4(a=5)           0.7s
  324       304.8       -16.8    0.3646   1.00   0.50    -9.8100  lv4(a=5)           0.7s
  [plot] Saved fitness curve → experiments/thesis/archive_based/seed_06/fitness_curve.png
  325       325.2         5.5    0.3642   1.00   0.50    -9.8100  lv4(a=5)           0.7s
  326       257.3       -33.8    0.3638   1.00   0.50    -9.8100  lv4(a=5)           0.7s
  327       278.8        32.5    0.3634   1.00   0.50    -9.8100  lv4(a=5)           0.7s
  328       314.8        20.3    0.3629   1.00   0.50    -9.8100  lv4(a=5)           0.7s
  329       258.1        17.6    0.3623   1.00   0.50    -9.8100  lv4(a=5)           0.7s
  [probe] gen=330 score=208.7 net=1.721 fell=1.000 [new best earth]
  330       261.4         5.6    0.3616   1.00   0.50    -9.8100  lv4(a=5)           0.7s
  331       297.6       -24.0    0.3610   1.00   0.50    -9.8100  lv4(a=5)           0.7s
  332       289.8       -21.5    0.3604   1.00   0.50    -9.8100  lv4(a=5)           0.7s
  333       327.2         2.2    0.3599   1.00   0.50    -9.8100  lv4(a=5)           0.7s
  334       256.9        -3.4    0.3594   1.00   0.50    -9.8100  lv4(a=5)           0.7s
  335       248.3         4.9    0.3590   1.00   0.50    -9.8100  lv4(a=5)           0.7s
  336       208.1         2.5    0.3584   1.00   0.50    -9.8100  lv4(a=5)           0.8s
  337       190.2       -53.0    0.3578   1.00   0.50    -9.8100  lv4(a=5)           0.7s
  338       257.7       -40.4    0.3571   1.00   0.50    -9.8100  lv4(a=5)           0.7s
  339       294.5       -40.5    0.3565   1.00   0.50    -9.8100  lv4(a=5)           0.7s
  [probe] gen=340 score=135.7 net=1.424 fell=1.000
  340       262.4       -17.3    0.3560   1.00   0.50    -9.8100  lv4(a=5)           0.7s
  341       352.4         2.7    0.3552   1.00   0.50    -9.8100  lv4(a=5)           0.7s
  342       291.9       -38.8    0.3545   1.00   0.50    -9.8100  lv4(a=5)           0.7s
  343       236.6        -5.2    0.3537   1.00   0.50    -9.8100  lv4(a=5)           0.7s
  344       473.6       -29.1    0.3528   1.00   0.50    -9.8100  lv4(a=5)           0.8s
  345       280.9       -26.9    0.3519   1.00   0.50    -9.8100  lv4(a=5)           0.7s
  346       270.1         1.7    0.3512   1.00   0.50    -9.8100  lv4(a=5)           0.6s
  347       329.8        -0.9    0.3505   1.00   0.50    -9.8100  lv4(a=5)           0.6s
  348       286.5         8.2    0.3502   1.00   0.50    -9.8100  lv4(a=5)           0.7s
  349       277.4        20.9    0.3499   1.00   0.50    -9.8100  lv4(a=5)           0.8s
  [probe] gen=350 score=-23.3 net=0.680 fell=1.000
  [plot] Saved fitness curve → experiments/thesis/archive_based/seed_06/fitness_curve.png
  350       338.9        12.8    0.3497   1.00   0.50    -9.8100  lv4(a=5)           0.7s
  351       273.2        -4.6    0.3494   1.00   0.50    -9.8100  lv4(a=5)           0.8s
  352       287.1       -27.8    0.3489   1.00   0.50    -9.8100  lv4(a=5)           0.7s
  353       245.0         2.4    0.3484   1.00   0.50    -9.8100  lv4(a=5)           0.7s
  354       355.2        -8.0    0.3479   1.00   0.50    -9.8100  lv4(a=5)           0.7s
  355       228.7        21.5    0.3473   1.00   0.50    -9.8100  lv4(a=5)           0.8s
  356       284.3        73.9    0.3469   1.00   0.50    -9.8100  lv4(a=5)           0.7s
  357       297.2       -34.6    0.3465   1.00   0.50    -9.8100  lv4(a=5)           0.7s
  358       299.8        14.3    0.3460   1.00   0.50    -9.8100  lv4(a=5)           0.7s
  359       330.8        15.4    0.3456   1.00   0.50    -9.8100  lv4(a=5)           0.7s
  [probe] gen=360 score=206.9 net=1.734 fell=1.000
  360       342.1       -49.5    0.3452   1.00   0.50    -9.8100  lv4(a=5)           0.8s
  361       399.7       -40.3    0.3448   1.00   0.50    -9.8100  lv4(a=5)           0.7s
  362       217.5       -70.3    0.3445   1.00   0.50    -9.8100  lv4(a=5)           0.8s
  363       293.1       -25.0    0.3441   1.00   0.50    -9.8100  lv4(a=5)           0.8s
  364       308.6         2.5    0.3436   1.00   0.50    -9.8100  lv4(a=5)           0.8s
  365       242.3        24.9    0.3431   1.00   0.50    -9.8100  lv4(a=5)           0.7s
  366       299.0        22.5    0.3426   1.00   0.50    -9.8100  lv4(a=5)           0.6s
  367       252.4        28.0    0.3422   1.00   0.50    -9.8100  lv4(a=5)           0.7s
  368       204.0        -3.3    0.3419   1.00   0.50    -9.8100  lv4(a=5)           0.6s
  369       340.0         3.8    0.3415   1.00   0.50    -9.8100  lv4(a=5)           0.7s
  [probe] gen=370 score=100.4 net=1.250 fell=1.000
  370       293.9        44.4    0.3412   1.00   0.50    -9.8100  lv4(a=5)           0.7s
  371       225.6        35.3    0.3408   1.00   0.50    -9.8100  lv4(a=5)           0.6s
  372       341.2        38.3    0.3406   1.00   0.50    -9.8100  lv4(a=5)           0.7s
  373       335.2        15.7    0.3404   1.00   0.50    -9.8100  lv4(a=5)           0.6s
  374       353.1         3.1    0.3402   1.00   0.50    -9.8100  lv4(a=5)           0.7s
  [plot] Saved fitness curve → experiments/thesis/archive_based/seed_06/fitness_curve.png
  375       279.5         8.4    0.3400   1.00   0.50    -9.8100  lv4(a=5)           0.7s
  376       226.3         8.2    0.3397   1.00   0.50    -9.8100  lv4(a=5)           0.7s
  377       302.9         9.4    0.3394   1.00   0.50    -9.8100  lv4(a=5)           0.6s
  378       307.4        -8.4    0.3391   1.00   0.50    -9.8100  lv4(a=5)           0.8s
  379       229.1         5.6    0.3387   1.00   0.50    -9.8100  lv4(a=5)           0.6s
  [probe] gen=380 score=235.8 net=1.897 fell=1.000 [new best earth]
  380       378.8       -10.6    0.3385   1.00   0.50    -9.8100  lv4(a=5)           0.7s
  381       172.8       -53.4    0.3384   1.00   0.50    -9.8100  lv4(a=5)           0.6s
  382       355.0       -22.0    0.3382   1.00   0.50    -9.8100  lv4(a=5)           0.6s
  383       416.9         4.2    0.3379   1.00   0.50    -9.8100  lv4(a=5)           0.6s
  384       392.8       -24.3    0.3375   1.00   0.50    -9.8100  lv4(a=5)           0.7s
  385       307.1        -2.8    0.3372   1.00   0.50    -9.8100  lv4(a=5)           0.7s
  386       319.7        -3.2    0.3368   1.00   0.50    -9.8100  lv4(a=5)           0.8s
  387       424.0        -6.6    0.3366   1.00   0.50    -9.8100  lv4(a=5)           0.7s
  388       330.4        12.8    0.3364   1.00   0.50    -9.8100  lv4(a=5)           0.7s
  389       309.2       -19.8    0.3362   1.00   0.50    -9.8100  lv4(a=5)           0.7s
  [probe] gen=390 score=141.6 net=1.483 fell=1.000
  390       357.0       -47.1    0.3359   1.00   0.50    -9.8100  lv4(a=5)           0.7s
  391       280.0       -57.4    0.3357   1.00   0.50    -9.8100  lv4(a=5)           0.7s
  392       291.0        10.1    0.3356   1.00   0.50    -9.8100  lv4(a=5)           0.6s
  393       300.6       -25.6    0.3356   1.00   0.50    -9.8100  lv4(a=5)           0.7s
  394       233.8        11.3    0.3357   1.00   0.50    -9.8100  lv4(a=5)           0.7s
  395       311.6        -0.5    0.3357   1.00   0.50    -9.8100  lv4(a=5)           0.7s
  396       320.9       -30.0    0.3358   1.00   0.50    -9.8100  lv4(a=5)           0.7s
  397       267.2      -108.3    0.3358   1.00   0.50    -9.8100  lv4(a=5)           0.7s
  398       457.6       -25.6    0.3358   1.00   0.50    -9.8100  lv4(a=5)           0.7s
  399       312.0        43.8    0.3357   1.00   0.50    -9.8100  lv4(a=5)           0.8s
  [probe] gen=400 score=240.2 net=1.833 fell=1.000 [new best earth]
  [plot] Saved fitness curve → experiments/thesis/archive_based/seed_06/fitness_curve.png
  400       335.9       -10.9    0.3357   1.00   0.50    -9.8100  lv4(a=5)           0.8s
  401       339.2       -26.5    0.3357   1.00   0.50    -9.8100  lv4(a=5)           0.7s
  402       320.1        16.6    0.3356   1.00   0.50    -9.8100  lv4(a=5)           0.7s
  403       336.6        77.4    0.3356   1.00   0.50    -9.8100  lv4(a=5)           0.7s
  404       328.5       -13.6    0.3357   1.00   0.50    -9.8100  lv4(a=5)           0.8s
  405       405.2       -30.7    0.3358   1.00   0.50    -9.8100  lv4(a=5)           0.8s
  406       319.8        27.7    0.3359   1.00   0.50    -9.8100  lv4(a=5)           0.8s
  407       352.2        -5.1    0.3358   1.00   0.50    -9.8100  lv4(a=5)           0.7s
  408       319.2         0.4    0.3358   1.00   0.50    -9.8100  lv4(a=5)           0.9s
  409       415.4        13.5    0.3356   1.00   0.50    -9.8100  lv4(a=5)           0.8s
  [probe] gen=410 score=292.4 net=2.198 fell=1.000 [new best earth]
  410       389.3        38.0    0.3354   1.00   0.50    -9.8100  lv4(a=5)           0.7s
  411       249.6       -31.3    0.3353   1.00   0.50    -9.8100  lv4(a=5)           0.7s
  412       235.0        11.3    0.3351   1.00   0.50    -9.8100  lv4(a=5)           0.7s
  413       472.6        26.6    0.3350   1.00   0.50    -9.8100  lv4(a=5)           0.7s
  414       318.0       -77.1    0.3350   1.00   0.50    -9.8100  lv4(a=5)           0.7s
  415       357.8        21.3    0.3348   1.00   0.50    -9.8100  lv4(a=5)           0.8s
  416       318.2       -14.9    0.3346   1.00   0.50    -9.8100  lv4(a=5)           0.8s
  417       443.0         1.8    0.3343   1.00   0.50    -9.8100  lv4(a=5)           0.8s
  418       349.1         2.4    0.3340   1.00   0.50    -9.8100  lv4(a=5)           0.9s
  419       253.1       -52.9    0.3339   1.00   0.50    -9.8100  lv4(a=5)           0.8s
  [probe] gen=420 score=200.2 net=1.780 fell=1.000
  420       334.0       -33.1    0.3337   1.00   0.50    -9.8100  lv4(a=5)           0.8s
  421       298.6       -27.2    0.3336   1.00   0.50    -9.8100  lv4(a=5)           0.7s
  422       365.6       -35.5    0.3337   1.00   0.50    -9.8100  lv4(a=5)           0.8s
  423       460.3        13.6    0.3336   1.00   0.50    -9.8100  lv4(a=5)           0.8s
  424       508.5        10.8    0.3336   1.00   0.50    -9.8100  lv4(a=5)           0.9s
  [plot] Saved fitness curve → experiments/thesis/archive_based/seed_06/fitness_curve.png
  425       437.6        -5.7    0.3335   1.00   0.50    -9.8100  lv4(a=5)           0.7s
  426       379.5       -13.8    0.3335   1.00   0.50    -9.8100  lv4(a=5)           0.7s
  427       402.1        34.3    0.3335   1.00   0.50    -9.8100  lv4(a=5)           0.7s
  428       419.6         6.1    0.3334   1.00   0.50    -9.8100  lv4(a=5)           0.7s
  429       327.9        57.3    0.3335   1.00   0.50    -9.8100  lv4(a=5)           0.8s
  [probe] gen=430 score=82.0 net=1.172 fell=1.000
  430       326.5       -15.2    0.3335   1.00   0.50    -9.8100  lv4(a=5)           0.7s
  431       341.7        12.6    0.3334   1.00   0.50    -9.8100  lv4(a=5)           0.8s
  432       389.2        26.6    0.3334   1.00   0.50    -9.8100  lv4(a=5)           0.8s
  433       380.6        43.6    0.3335   1.00   0.50    -9.8100  lv4(a=5)           0.8s
  434       270.1       -13.1    0.3337   1.00   0.50    -9.8100  lv4(a=5)           0.7s
  435       379.7       -13.3    0.3337   1.00   0.50    -9.8100  lv4(a=5)           0.8s
  436       338.5        36.0    0.3335   1.00   0.50    -9.8100  lv4(a=5)           0.8s
  437       304.0        75.1    0.3333   1.00   0.50    -9.8100  lv4(a=5)           0.7s
  438       455.7        36.3    0.3332   1.00   0.50    -9.8100  lv4(a=5)           0.8s
  439       285.6        33.7    0.3332   1.00   0.50    -9.8100  lv4(a=5)           0.6s
  [probe] gen=440 score=236.6 net=1.856 fell=1.000
  440       339.4        91.2    0.3331   1.00   0.50    -9.8100  lv4(a=5)           0.7s
  441       346.1        11.6    0.3329   1.00   0.50    -9.8100  lv4(a=5)           0.7s
  442       243.5        44.5    0.3327   1.00   0.50    -9.8100  lv4(a=5)           0.8s
  443       365.1        57.1    0.3326   1.00   0.50    -9.8100  lv4(a=5)           0.7s
  444       329.9        24.1    0.3325   1.00   0.50    -9.8100  lv4(a=5)           0.8s
  445       359.7        16.3    0.3325   1.00   0.50    -9.8100  lv4(a=5)           0.7s
  446       356.5       -16.8    0.3325   1.00   0.50    -9.8100  lv4(a=5)           0.7s
  447       377.1        36.6    0.3326   1.00   0.50    -9.8100  lv4(a=5)           0.7s
  448       272.2        39.2    0.3325   1.00   0.50    -9.8100  lv4(a=5)           0.6s
  449       249.0        53.3    0.3325   1.00   0.50    -9.8100  lv4(a=5)           0.6s
  [probe] gen=450 score=244.8 net=1.876 fell=1.000
  [plot] Saved fitness curve → experiments/thesis/archive_based/seed_06/fitness_curve.png
  450       449.9        70.4    0.3325   1.00   0.50    -9.8100  lv4(a=5)           0.7s
  451       311.8        75.3    0.3324   1.00   0.50    -9.8100  lv4(a=5)           0.6s
  452       368.4        23.7    0.3324   1.00   0.50    -9.8100  lv4(a=5)           0.7s
  453       280.6         3.3    0.3323   1.00   0.50    -9.8100  lv4(a=5)           0.7s
  454       331.8        63.1    0.3323   1.00   0.50    -9.8100  lv4(a=5)           0.7s
  455       371.4       -41.8    0.3321   1.00   0.50    -9.8100  lv4(a=5)           0.7s
  456       328.0       -24.7    0.3320   1.00   0.50    -9.8100  lv4(a=5)           0.7s
  457       425.8        61.6    0.3317   1.00   0.50    -9.8100  lv4(a=5)           0.7s
  458       301.7        19.0    0.3313   1.00   0.50    -9.8100  lv4(a=5)           0.7s
  459       238.1       -48.5    0.3308   1.00   0.50    -9.8100  lv4(a=5)           0.7s
  [probe] gen=460 score=-81.8 net=0.433 fell=1.000
  460       334.8       -38.0    0.3304   1.00   0.50    -9.8100  lv4(a=5)           0.7s
  461       217.7       -25.3    0.3301   1.00   0.50    -9.8100  lv4(a=5)           0.6s
  462       339.2        69.8    0.3296   1.00   0.50    -9.8100  lv4(a=5)           0.8s
  463       330.8        64.7    0.3293   1.00   0.50    -9.8100  lv4(a=5)           0.7s
  464       443.1       -12.8    0.3289   1.00   0.50    -9.8100  lv4(a=5)           0.7s
  465       411.9        36.9    0.3285   1.00   0.50    -9.8100  lv4(a=5)           0.7s
  466       273.0        46.8    0.3281   1.00   0.50    -9.8100  lv4(a=5)           0.7s
  467       294.0        48.6    0.3279   1.00   0.50    -9.8100  lv4(a=5)           0.7s
  468       269.3        40.8    0.3276   1.00   0.50    -9.8100  lv4(a=5)           0.6s
  469       405.4        24.4    0.3271   1.00   0.50    -9.8100  lv4(a=5)           0.6s
  [probe] gen=470 score=197.6 net=1.668 fell=1.000
  470       399.7        16.0    0.3267   1.00   0.50    -9.8100  lv4(a=5)           0.7s
  471       420.7        27.9    0.3262   1.00   0.50    -9.8100  lv4(a=5)           0.7s
  472       388.2        28.2    0.3257   1.00   0.50    -9.8100  lv4(a=5)           0.7s
  473       417.6        -5.4    0.3253   1.00   0.50    -9.8100  lv4(a=5)           0.7s
  474       406.3        24.6    0.3249   1.00   0.50    -9.8100  lv4(a=5)           0.7s
  [plot] Saved fitness curve → experiments/thesis/archive_based/seed_06/fitness_curve.png
  475       226.7         3.1    0.3244   1.00   0.50    -9.8100  lv4(a=5)           0.7s
  476       321.9        51.6    0.3240   1.00   0.50    -9.8100  lv4(a=5)           0.7s
  477       321.1         1.6    0.3237   1.00   0.50    -9.8100  lv4(a=5)           0.8s
  478       414.5         9.0    0.3232   1.00   0.50    -9.8100  lv4(a=5)           0.7s
  479       244.3        46.7    0.3226   1.00   0.50    -9.8100  lv4(a=5)           0.7s
  [probe] gen=480 score=226.4 net=1.816 fell=1.000
  480       420.8        79.3    0.3220   1.00   0.50    -9.8100  lv4(a=5)           0.7s
  481       315.8        33.5    0.3216   1.00   0.50    -9.8100  lv4(a=5)           0.7s
  482       396.0        42.2    0.3212   1.00   0.50    -9.8100  lv4(a=5)           0.7s
  483       247.8        44.8    0.3207   1.00   0.50    -9.8100  lv4(a=5)           0.7s
  484       355.8        37.1    0.3202   1.00   0.50    -9.8100  lv4(a=5)           0.8s
  485       242.2        18.5    0.3198   1.00   0.50    -9.8100  lv4(a=5)           0.8s
  486       284.2        29.3    0.3193   1.00   0.50    -9.8100  lv4(a=5)           0.7s
  487       228.0        -3.6    0.3189   1.00   0.50    -9.8100  lv4(a=5)           0.7s
  488       248.7        47.1    0.3186   1.00   0.50    -9.8100  lv4(a=5)           0.6s
  489       307.6        50.4    0.3183   1.00   0.50    -9.8100  lv4(a=5)           0.7s
  [probe] gen=490 score=42.8 net=1.113 fell=1.000
  490       251.3        -4.6    0.3180   1.00   0.50    -9.8100  lv4(a=5)           0.7s
  491       211.0        50.3    0.3177   1.00   0.50    -9.8100  lv4(a=5)           0.7s
  492       265.9        21.3    0.3175   1.00   0.50    -9.8100  lv4(a=5)           0.7s
  493       279.1        66.1    0.3172   1.00   0.50    -9.8100  lv4(a=5)           0.7s
  494       296.9        70.8    0.3169   1.00   0.50    -9.8100  lv4(a=5)           0.7s
  495       268.0        57.4    0.3167   1.00   0.50    -9.8100  lv4(a=5)           0.7s
  496       284.1        60.8    0.3165   1.00   0.50    -9.8100  lv4(a=5)           0.7s
  497       337.3        75.8    0.3163   1.00   0.50    -9.8100  lv4(a=5)           0.7s
  498       336.7        86.4    0.3163   1.00   0.50    -9.8100  lv4(a=5)           0.7s
  499       421.9        36.9    0.3161   1.00   0.50    -9.8100  lv4(a=5)           0.7s
  [plot] Saved fitness curve → experiments/thesis/archive_based/seed_06/fitness_curve.png

Training complete. Best fitness: 513.6
Best params → experiments/thesis/archive_based/seed_06/checkpoints/best_params.npy
Fitness curve → experiments/thesis/archive_based/seed_06/fitness_curve.png
Eval params  → best_earth_params (earth probe score: 292.4)
Final Earth scorecard | score=267.4 net=2.028 fell=1.000
Gravity sweep | gravities=5 mean_net=1.166 worst_net=0.656
  [exp] Wrote experiments/thesis/archive_based/seed_06/experiment.json
  [exp] Wrote experiments/thesis/archive_based/seed_06/training_log.csv
  [exp] Wrote experiments/thesis/archive_based/seed_06/earth_probe.csv
  [exp] Wrote experiments/thesis/archive_based/seed_06/gravity_sweep.csv
  [exp] Wrote experiments/thesis/archive_based/seed_06/summary.json
