Walker2d-v5 | policy=CPG  params=504
Curriculum   : AdaptiveProgression  [-1.6→-3.0→-5.0→-7.0→-9.81]  plateau=30gen  min_improve=5.0
Run context | seed=6 arm=adaptive_progression run_id=adaptive_progression_seed_06

Schedule | penalty_min=0.20 penalty_ramp_gen=200 corr_min=0.00 corr_max=0.50 corr_ramp_gen=200

Starting CMA-ES | pop=40 | sigma0=0.5 | max_gen=500 | workers=8 | seed=6
Checkpoints → experiments/thesis/adaptive_progression/seed_06/checkpoints/

  Gen        Best        Mean     Sigma    Pen   Corr    Gravity  Phase              Time
------------------------------------------------------------------------------------
  [probe] gen=0 score=-354.8 net=-0.080 fell=1.000 [new best earth]
  [plot] Saved fitness curve → experiments/thesis/adaptive_progression/seed_06/fitness_curve.png
    0       -58.0       -79.6    0.4902   0.20   0.00    -1.6000  lv0(-1.6)          1.5s
    1       -64.9       -78.2    0.4819   0.20   0.00    -1.6000  lv0(-1.6)          0.1s
    2       -57.7       -77.8    0.4745   0.21   0.01    -1.6000  lv0(-1.6)          0.2s
    3        -7.0       -71.8    0.4677   0.21   0.01    -1.6000  lv0(-1.6)          0.2s
    4       -13.6       -73.4    0.4616   0.22   0.01    -1.6000  lv0(-1.6)          0.2s
    5       -64.7       -79.3    0.4560   0.22   0.01    -1.6000  lv0(-1.6)          0.1s
    6       -55.5       -75.4    0.4509   0.22   0.01    -1.6000  lv0(-1.6)          0.2s
    7       -57.8       -72.5    0.4462   0.23   0.02    -1.6000  lv0(-1.6)          0.2s
    8       -61.4       -75.1    0.4420   0.23   0.02    -1.6000  lv0(-1.6)          0.2s
    9       -33.5       -71.1    0.4381   0.24   0.02    -1.6000  lv0(-1.6)          0.2s
  [probe] gen=10 score=-384.9 net=-0.113 fell=1.000
   10       -58.8       -73.7    0.4346   0.24   0.03    -1.6000  lv0(-1.6)          0.2s
   11       -54.3       -75.1    0.4313   0.24   0.03    -1.6000  lv0(-1.6)          0.2s
   12       -60.5       -75.3    0.4283   0.25   0.03    -1.6000  lv0(-1.6)          0.3s
   13       -53.6       -73.7    0.4253   0.25   0.03    -1.6000  lv0(-1.6)          0.3s
   14       -56.0       -74.9    0.4226   0.26   0.04    -1.6000  lv0(-1.6)          0.3s
   15       -17.1       -72.9    0.4200   0.26   0.04    -1.6000  lv0(-1.6)          0.3s
   16       -10.7       -77.5    0.4175   0.26   0.04    -1.6000  lv0(-1.6)          0.3s
   17       -50.5       -76.0    0.4153   0.27   0.04    -1.6000  lv0(-1.6)          0.3s
   18        -2.1       -70.2    0.4133   0.27   0.04    -1.6000  lv0(-1.6)          0.4s
   19        -6.7       -66.4    0.4115   0.28   0.05    -1.6000  lv0(-1.6)          0.4s
  [probe] gen=20 score=-356.3 net=-0.098 fell=1.000
   20        19.8       -65.4    0.4100   0.28   0.05    -1.6000  lv0(-1.6)          0.4s
   21       111.1       -63.3    0.4088   0.28   0.05    -1.6000  lv0(-1.6)          0.4s
   22        36.9       -51.0    0.4075   0.29   0.06    -1.6000  lv0(-1.6)          0.4s
   23        72.2       -62.3    0.4063   0.29   0.06    -1.6000  lv0(-1.6)          0.4s
   24        59.7       -57.0    0.4050   0.30   0.06    -1.6000  lv0(-1.6)          0.5s
  [plot] Saved fitness curve → experiments/thesis/adaptive_progression/seed_06/fitness_curve.png
   25        16.8       -68.4    0.4038   0.30   0.06    -1.6000  lv0(-1.6)          0.4s
   26        68.9       -50.0    0.4027   0.30   0.07    -1.6000  lv0(-1.6)          0.5s
   27        66.1       -67.0    0.4015   0.31   0.07    -1.6000  lv0(-1.6)          0.4s
   28       168.3       -45.0    0.4001   0.31   0.07    -1.6000  lv0(-1.6)          0.5s
   29        58.2       -43.4    0.3987   0.32   0.07    -1.6000  lv0(-1.6)          0.5s
  [probe] gen=30 score=-164.8 net=0.354 fell=1.000 [new best earth]
   30        43.9       -47.1    0.3974   0.32   0.07    -1.6000  lv0(-1.6)          0.5s
   31        68.1       -27.0    0.3961   0.32   0.08    -1.6000  lv0(-1.6)          0.5s
   32       307.3       -38.9    0.3949   0.33   0.08    -1.6000  lv0(-1.6)          0.5s
   33       189.3       -41.0    0.3939   0.33   0.08    -1.6000  lv0(-1.6)          0.6s
   34        91.1       -40.1    0.3929   0.34   0.09    -1.6000  lv0(-1.6)          0.7s
   35       109.7       -51.6    0.3921   0.34   0.09    -1.6000  lv0(-1.6)          0.5s
   36       109.8       -47.4    0.3914   0.34   0.09    -1.6000  lv0(-1.6)          0.6s
   37        52.1       -64.1    0.3906   0.35   0.09    -1.6000  lv0(-1.6)          0.6s
   38       133.1       -57.7    0.3898   0.35   0.10    -1.6000  lv0(-1.6)          0.6s
   39       109.1       -51.5    0.3891   0.36   0.10    -1.6000  lv0(-1.6)          0.6s
  [probe] gen=40 score=-355.0 net=-0.227 fell=1.000
   40        77.5       -43.5    0.3886   0.36   0.10    -1.6000  lv0(-1.6)          0.6s
   41       141.8       -48.6    0.3882   0.36   0.10    -1.6000  lv0(-1.6)          0.5s
   42        74.5       -46.9    0.3878   0.37   0.10    -1.6000  lv0(-1.6)          0.6s
   43       149.7       -48.7    0.3873   0.37   0.11    -1.6000  lv0(-1.6)          0.6s
   44        86.0       -62.9    0.3869   0.38   0.11    -1.6000  lv0(-1.6)          0.5s
   45       135.6       -73.8    0.3866   0.38   0.11    -1.6000  lv0(-1.6)          0.5s
   46        92.8       -64.1    0.3863   0.38   0.12    -1.6000  lv0(-1.6)          0.6s
   47        47.4       -54.4    0.3860   0.39   0.12    -1.6000  lv0(-1.6)          0.7s
   48        93.7       -46.3    0.3857   0.39   0.12    -1.6000  lv0(-1.6)          0.7s
   49        49.4       -51.5    0.3852   0.40   0.12    -1.6000  lv0(-1.6)          0.7s
  [probe] gen=50 score=-189.9 net=0.168 fell=1.000
  [plot] Saved fitness curve → experiments/thesis/adaptive_progression/seed_06/fitness_curve.png
   50        28.8       -65.5    0.3848   0.40   0.12    -1.6000  lv0(-1.6)          0.6s
   51       118.3       -40.7    0.3845   0.40   0.13    -1.6000  lv0(-1.6)          0.7s
   52       183.2       -52.6    0.3843   0.41   0.13    -1.6000  lv0(-1.6)          0.7s
   53        40.7       -94.7    0.3842   0.41   0.13    -1.6000  lv0(-1.6)          0.5s
   54       104.7       -49.0    0.3841   0.42   0.14    -1.6000  lv0(-1.6)          0.7s
   55       133.6       -52.9    0.3839   0.42   0.14    -1.6000  lv0(-1.6)          0.7s
   56       156.6       -41.4    0.3839   0.42   0.14    -1.6000  lv0(-1.6)          0.8s
   57       142.4       -35.2    0.3839   0.43   0.14    -1.6000  lv0(-1.6)          0.7s
   58       275.2       -18.4    0.3838   0.43   0.14    -1.6000  lv0(-1.6)          0.9s
   59       354.6       -51.1    0.3838   0.44   0.15    -1.6000  lv0(-1.6)          0.8s
  [probe] gen=60 score=-378.8 net=-0.598 fell=1.000
   60       208.7       -58.2    0.3837   0.44   0.15    -1.6000  lv0(-1.6)          0.7s
   61       198.0       -39.8    0.3835   0.44   0.15    -1.6000  lv0(-1.6)          0.7s
   62        93.3       -42.1    0.3833   0.45   0.15    -1.6000  lv0(-1.6)          0.7s
   63       101.9       -70.5    0.3830   0.45   0.16    -1.6000  lv0(-1.6)          0.8s
   64       217.4       -33.8    0.3827   0.46   0.16    -1.6000  lv0(-1.6)          0.9s
   65       218.6       -67.1    0.3824   0.46   0.16    -1.6000  lv0(-1.6)          0.8s
   66       117.5       -67.1    0.3821   0.46   0.17    -1.6000  lv0(-1.6)          0.7s
   67       176.3       -64.6    0.3817   0.47   0.17    -1.6000  lv0(-1.6)          0.7s
   68       219.2       -50.5    0.3816   0.47   0.17    -1.6000  lv0(-1.6)          0.8s
   69       199.8       -24.5    0.3816   0.48   0.17    -1.6000  lv0(-1.6)          0.8s
  [probe] gen=70 score=-250.2 net=-0.172 fell=1.000
   70       141.4       -10.8    0.3815   0.48   0.17    -1.6000  lv0(-1.6)          0.8s
   71       180.7       -24.5    0.3815   0.48   0.18    -1.6000  lv0(-1.6)          0.8s
   72       292.7       -30.2    0.3816   0.49   0.18    -1.6000  lv0(-1.6)          0.9s
   73       439.0       -42.9    0.3817   0.49   0.18    -1.6000  lv0(-1.6)          0.9s
   74       260.9       -12.2    0.3817   0.50   0.18    -1.6000  lv0(-1.6)          0.8s
  [plot] Saved fitness curve → experiments/thesis/adaptive_progression/seed_06/fitness_curve.png
   75       488.0       -26.3    0.3819   0.50   0.19    -1.6000  lv0(-1.6)          0.9s
   76       204.4       -26.7    0.3821   0.50   0.19    -1.6000  lv0(-1.6)          0.9s
   77       264.3       -10.0    0.3824   0.51   0.19    -1.6000  lv0(-1.6)          1.0s
   78       439.7         4.9    0.3826   0.51   0.20    -1.6000  lv0(-1.6)          0.9s
   79       430.4       -29.2    0.3827   0.52   0.20    -1.6000  lv0(-1.6)          0.9s
  [probe] gen=80 score=-365.5 net=-0.406 fell=1.000
   80       294.7        14.1    0.3825   0.52   0.20    -1.6000  lv0(-1.6)          1.1s
   81       277.0        11.5    0.3825   0.52   0.20    -1.6000  lv0(-1.6)          1.0s
   82       198.6       -18.7    0.3825   0.53   0.20    -1.6000  lv0(-1.6)          1.0s
   83       313.2        10.7    0.3826   0.53   0.21    -1.6000  lv0(-1.6)          1.1s
   84       381.9        -6.2    0.3830   0.54   0.21    -1.6000  lv0(-1.6)          1.0s
   85       234.2         8.0    0.3833   0.54   0.21    -1.6000  lv0(-1.6)          1.0s
   86       498.8       -23.7    0.3836   0.54   0.21    -1.6000  lv0(-1.6)          0.9s
   87       325.7        -1.8    0.3840   0.55   0.22    -1.6000  lv0(-1.6)          1.1s
   88       386.0       -55.7    0.3842   0.55   0.22    -1.6000  lv0(-1.6)          0.9s
   89       309.9       -27.5    0.3845   0.56   0.22    -1.6000  lv0(-1.6)          0.9s
  [probe] gen=90 score=-304.8 net=-0.143 fell=1.000
   90       325.7       -19.5    0.3847   0.56   0.23    -1.6000  lv0(-1.6)          1.1s
   91       254.3       -26.4    0.3849   0.56   0.23    -1.6000  lv0(-1.6)          0.9s
   92       513.6       -24.4    0.3849   0.57   0.23    -1.6000  lv0(-1.6)          0.9s
   93       392.8       -24.4    0.3849   0.57   0.23    -1.6000  lv0(-1.6)          0.9s
   94       335.8       -50.0    0.3847   0.58   0.23    -1.6000  lv0(-1.6)          1.0s
   95       147.8       -33.9    0.3845   0.58   0.24    -1.6000  lv0(-1.6)          0.9s
   96       321.2       -37.8    0.3844   0.58   0.24    -1.6000  lv0(-1.6)          0.9s
   97       136.9       -59.2    0.3843   0.59   0.24    -1.6000  lv0(-1.6)          0.9s
   98       224.5       -15.5    0.3844   0.59   0.24    -1.6000  lv0(-1.6)          1.0s
   99       312.0       -14.2    0.3845   0.60   0.25    -1.6000  lv0(-1.6)          0.9s
  [probe] gen=100 score=-110.2 net=0.611 fell=1.000 [new best earth]
  [plot] Saved fitness curve → experiments/thesis/adaptive_progression/seed_06/fitness_curve.png
  100       201.0       -32.5    0.3849   0.60   0.25    -1.6000  lv0(-1.6)          0.9s
  101       203.5       -33.4    0.3854   0.60   0.25    -1.6000  lv0(-1.6)          0.9s
  102       225.1       -24.0    0.3858   0.61   0.26    -1.6000  lv0(-1.6)          1.0s
  103       384.6        10.1    0.3861   0.61   0.26    -1.6000  lv0(-1.6)          1.0s
  104       335.4         9.7    0.3865   0.62   0.26    -1.6000  lv0(-1.6)          1.0s
  105       280.7       -28.5    0.3868   0.62   0.26    -1.6000  lv0(-1.6)          0.9s
  106       169.0       -17.4    0.3870   0.62   0.27    -1.6000  lv0(-1.6)          0.9s
  107       189.5       -29.1    0.3872   0.63   0.27    -1.6000  lv0(-1.6)          1.0s
  108       275.0       -47.7    0.3873   0.63   0.27    -1.6000  lv0(-1.6)          0.8s
  109       132.0       -39.6    0.3875   0.64   0.27    -1.6000  lv0(-1.6)          0.9s
  [probe] gen=110 score=-276.8 net=-0.117 fell=1.000
  110       223.4       -43.0    0.3878   0.64   0.28    -1.6000  lv0(-1.6)          0.9s
  111       309.0       -26.1    0.3880   0.64   0.28    -1.6000  lv0(-1.6)          1.0s
  112       293.5       -14.9    0.3883   0.65   0.28    -1.6000  lv0(-1.6)          1.0s
  113       186.0       -47.9    0.3885   0.65   0.28    -1.6000  lv0(-1.6)          0.9s
  114       200.3       -82.3    0.3886   0.66   0.28    -1.6000  lv0(-1.6)          0.9s
  115       422.8       -31.7    0.3889   0.66   0.29    -1.6000  lv0(-1.6)          1.0s
  116       306.6       -37.5    0.3891   0.66   0.29    -1.6000  lv0(-1.6)          1.0s
  117       398.7       -54.7    0.3892   0.67   0.29    -1.6000  lv0(-1.6)          0.9s
  118       160.2       -96.4    0.3893   0.67   0.29    -1.6000  lv0(-1.6)          0.8s
  119       227.9       -54.4    0.3896   0.68   0.30    -1.6000  lv0(-1.6)          0.9s
  [probe] gen=120 score=-190.8 net=0.254 fell=1.000
  120       195.7       -44.8    0.3899   0.68   0.30    -1.6000  lv0(-1.6)          0.9s
  121       323.9       -94.2    0.3903   0.68   0.30    -1.6000  lv0(-1.6)          0.7s
  [stage] gen=122  gravity -1.60 → -3.00  ES restarted  remaining=377
  122       309.4       -21.9    0.5000   0.69   0.30    -1.6000  lv0(-1.6)          1.0s
  123       104.7      -211.6    0.4905   0.69   0.31    -3.0000  lv1(-3.0)          0.3s
  124        20.3      -201.3    0.4822   0.70   0.31    -3.0000  lv1(-3.0)          0.4s
  [plot] Saved fitness curve → experiments/thesis/adaptive_progression/seed_06/fitness_curve.png
  125        37.9      -153.4    0.4747   0.70   0.31    -3.0000  lv1(-3.0)          0.6s
  126        25.1      -173.9    0.4679   0.70   0.32    -3.0000  lv1(-3.0)          0.6s
  127       106.3      -139.6    0.4617   0.71   0.32    -3.0000  lv1(-3.0)          0.6s
  128        42.9      -112.9    0.4562   0.71   0.32    -3.0000  lv1(-3.0)          0.7s
  129       110.7      -152.9    0.4510   0.72   0.32    -3.0000  lv1(-3.0)          0.7s
  [probe] gen=130 score=-288.2 net=-0.115 fell=1.000
  130       259.4      -120.2    0.4464   0.72   0.33    -3.0000  lv1(-3.0)          0.7s
  131        72.9      -124.7    0.4423   0.72   0.33    -3.0000  lv1(-3.0)          0.6s
  132       110.9      -120.3    0.4383   0.73   0.33    -3.0000  lv1(-3.0)          0.7s
  133        32.6      -137.1    0.4347   0.73   0.33    -3.0000  lv1(-3.0)          0.6s
  134       313.1      -121.7    0.4313   0.74   0.34    -3.0000  lv1(-3.0)          0.6s
  135       109.4       -91.0    0.4280   0.74   0.34    -3.0000  lv1(-3.0)          0.7s
  136        31.5       -94.7    0.4250   0.74   0.34    -3.0000  lv1(-3.0)          0.7s
  137       116.3       -95.0    0.4223   0.75   0.34    -3.0000  lv1(-3.0)          0.7s
  138        59.9      -136.0    0.4196   0.75   0.34    -3.0000  lv1(-3.0)          0.6s
  139       110.0      -141.7    0.4172   0.76   0.35    -3.0000  lv1(-3.0)          0.6s
  [probe] gen=140 score=-249.0 net=0.109 fell=1.000
  140       161.6      -104.3    0.4148   0.76   0.35    -3.0000  lv1(-3.0)          0.6s
  141       127.2      -115.4    0.4126   0.76   0.35    -3.0000  lv1(-3.0)          0.6s
  142       222.1       -56.3    0.4108   0.77   0.35    -3.0000  lv1(-3.0)          0.7s
  143       206.1       -70.6    0.4091   0.77   0.36    -3.0000  lv1(-3.0)          0.7s
  144       400.0       -85.6    0.4073   0.78   0.36    -3.0000  lv1(-3.0)          0.7s
  145       161.7      -114.9    0.4055   0.78   0.36    -3.0000  lv1(-3.0)          0.7s
  146        67.0      -123.9    0.4038   0.78   0.36    -3.0000  lv1(-3.0)          0.6s
  147       213.7       -79.6    0.4022   0.79   0.37    -3.0000  lv1(-3.0)          0.8s
  148       128.9       -92.8    0.4006   0.79   0.37    -3.0000  lv1(-3.0)          0.8s
  149       212.1       -76.0    0.3992   0.80   0.37    -3.0000  lv1(-3.0)          0.8s
  [probe] gen=150 score=-168.7 net=0.373 fell=1.000
  [plot] Saved fitness curve → experiments/thesis/adaptive_progression/seed_06/fitness_curve.png
  150       194.2       -93.3    0.3978   0.80   0.38    -3.0000  lv1(-3.0)          0.7s
  151       146.5       -60.7    0.3965   0.80   0.38    -3.0000  lv1(-3.0)          0.7s
  152       110.0      -103.8    0.3951   0.81   0.38    -3.0000  lv1(-3.0)          0.7s
  [stage] gen=153  gravity -3.00 → -5.00  ES restarted  remaining=346
  153       378.2       -44.2    0.5000   0.81   0.38    -3.0000  lv1(-3.0)          0.8s
  154       181.5      -248.3    0.4903   0.82   0.39    -5.0000  lv2(-5.0)          0.3s
  155        -4.4      -249.3    0.4818   0.82   0.39    -5.0000  lv2(-5.0)          0.3s
  156       111.2      -224.9    0.4744   0.82   0.39    -5.0000  lv2(-5.0)          0.4s
  157        64.3      -209.8    0.4677   0.83   0.39    -5.0000  lv2(-5.0)          0.5s
  158       -60.8      -221.4    0.4619   0.83   0.40    -5.0000  lv2(-5.0)          0.4s
  159         1.6      -173.0    0.4568   0.84   0.40    -5.0000  lv2(-5.0)          0.6s
  [probe] gen=160 score=-242.9 net=0.082 fell=1.000
  160        10.7      -172.0    0.4519   0.84   0.40    -5.0000  lv2(-5.0)          0.6s
  161        -8.5      -227.6    0.4473   0.84   0.40    -5.0000  lv2(-5.0)          0.5s
  162        57.8      -196.7    0.4432   0.85   0.41    -5.0000  lv2(-5.0)          0.5s
  163       114.2      -196.9    0.4394   0.85   0.41    -5.0000  lv2(-5.0)          0.6s
  164       163.9      -156.4    0.4357   0.86   0.41    -5.0000  lv2(-5.0)          0.6s
  165        80.4      -144.8    0.4325   0.86   0.41    -5.0000  lv2(-5.0)          0.6s
  166       182.6      -111.1    0.4296   0.86   0.41    -5.0000  lv2(-5.0)          0.6s
  167       218.0      -125.0    0.4270   0.87   0.42    -5.0000  lv2(-5.0)          0.5s
  168       174.7      -140.1    0.4246   0.87   0.42    -5.0000  lv2(-5.0)          0.5s
  169        39.2      -125.8    0.4223   0.88   0.42    -5.0000  lv2(-5.0)          0.6s
  [probe] gen=170 score=-184.7 net=0.309 fell=1.000
  170         5.1      -154.8    0.4201   0.88   0.42    -5.0000  lv2(-5.0)          0.5s
  171       191.4       -83.7    0.4179   0.88   0.43    -5.0000  lv2(-5.0)          0.6s
  172        74.6       -90.6    0.4157   0.89   0.43    -5.0000  lv2(-5.0)          0.6s
  173        71.0      -133.1    0.4136   0.89   0.43    -5.0000  lv2(-5.0)          0.5s
  174       235.7      -109.7    0.4116   0.90   0.43    -5.0000  lv2(-5.0)          0.6s
  [plot] Saved fitness curve → experiments/thesis/adaptive_progression/seed_06/fitness_curve.png
  175       190.2      -109.1    0.4097   0.90   0.44    -5.0000  lv2(-5.0)          0.6s
  176       186.1      -111.6    0.4079   0.90   0.44    -5.0000  lv2(-5.0)          0.6s
  177       264.4       -78.5    0.4062   0.91   0.44    -5.0000  lv2(-5.0)          0.6s
  178       168.6      -150.6    0.4045   0.91   0.45    -5.0000  lv2(-5.0)          0.6s
  179       164.1      -124.0    0.4030   0.92   0.45    -5.0000  lv2(-5.0)          0.6s
  [probe] gen=180 score=-112.7 net=0.382 fell=1.000
  180       264.0      -122.1    0.4017   0.92   0.45    -5.0000  lv2(-5.0)          0.6s
  181       241.2      -110.2    0.4003   0.92   0.45    -5.0000  lv2(-5.0)          0.7s
  182       161.0       -94.1    0.3990   0.93   0.46    -5.0000  lv2(-5.0)          0.7s
  183       178.9       -98.5    0.3977   0.93   0.46    -5.0000  lv2(-5.0)          0.6s
  [stage] gen=184  gravity -5.00 → -7.00  ES restarted  remaining=315
  184       134.7      -121.6    0.5000   0.94   0.46    -5.0000  lv2(-5.0)          0.7s
  185       -68.4      -294.0    0.4905   0.94   0.46    -7.0000  lv3(-7.0)          0.3s
  186       -26.9      -276.1    0.4821   0.94   0.47    -7.0000  lv3(-7.0)          0.3s
  187       -69.7      -270.5    0.4747   0.95   0.47    -7.0000  lv3(-7.0)          0.4s
  188        63.8      -251.1    0.4679   0.95   0.47    -7.0000  lv3(-7.0)          0.5s
  189         4.4      -228.7    0.4619   0.96   0.47    -7.0000  lv3(-7.0)          0.4s
  [probe] gen=190 score=-106.8 net=0.572 fell=1.000 [new best earth]
  190         3.3      -225.9    0.4566   0.96   0.47    -7.0000  lv3(-7.0)          0.5s
  191        37.3      -212.7    0.4517   0.96   0.48    -7.0000  lv3(-7.0)          0.5s
  192        62.6      -199.2    0.4472   0.97   0.48    -7.0000  lv3(-7.0)          0.5s
  193        64.3      -151.3    0.4429   0.97   0.48    -7.0000  lv3(-7.0)          0.6s
  194       103.6      -175.3    0.4391   0.98   0.48    -7.0000  lv3(-7.0)          0.6s
  195        86.3      -176.1    0.4356   0.98   0.49    -7.0000  lv3(-7.0)          0.6s
  196        85.0      -183.0    0.4324   0.98   0.49    -7.0000  lv3(-7.0)          0.6s
  197        94.7      -100.2    0.4295   0.99   0.49    -7.0000  lv3(-7.0)          0.6s
  198        91.7       -81.9    0.4268   0.99   0.49    -7.0000  lv3(-7.0)          0.7s
  199       114.2      -121.0    0.4244   1.00   0.50    -7.0000  lv3(-7.0)          0.7s
  [probe] gen=200 score=-3.1 net=0.951 fell=1.000 [new best earth]
  [plot] Saved fitness curve → experiments/thesis/adaptive_progression/seed_06/fitness_curve.png
  200       159.1      -144.3    0.4221   1.00   0.50    -7.0000  lv3(-7.0)          0.7s
  201       141.7      -101.4    0.4197   1.00   0.50    -7.0000  lv3(-7.0)          0.7s
  202        63.1       -98.5    0.4174   1.00   0.50    -7.0000  lv3(-7.0)          0.6s
  203       102.7      -117.2    0.4152   1.00   0.50    -7.0000  lv3(-7.0)          0.7s
  204       111.2       -87.7    0.4132   1.00   0.50    -7.0000  lv3(-7.0)          0.7s
  205       159.6      -106.0    0.4114   1.00   0.50    -7.0000  lv3(-7.0)          0.7s
  206       231.0       -86.7    0.4098   1.00   0.50    -7.0000  lv3(-7.0)          0.7s
  207       155.2       -77.4    0.4084   1.00   0.50    -7.0000  lv3(-7.0)          0.7s
  208       208.9       -44.1    0.4070   1.00   0.50    -7.0000  lv3(-7.0)          0.9s
  209       145.6       -74.7    0.4057   1.00   0.50    -7.0000  lv3(-7.0)          0.8s
  [probe] gen=210 score=109.1 net=1.379 fell=1.000 [new best earth]
  210       123.2       -87.3    0.4045   1.00   0.50    -7.0000  lv3(-7.0)          0.7s
  211       136.5       -62.0    0.4033   1.00   0.50    -7.0000  lv3(-7.0)          0.7s
  212       139.4       -75.6    0.4024   1.00   0.50    -7.0000  lv3(-7.0)          0.7s
  213       126.9      -130.4    0.4015   1.00   0.50    -7.0000  lv3(-7.0)          0.9s
  214       202.9       -37.5    0.4007   1.00   0.50    -7.0000  lv3(-7.0)          0.9s
  [stage] gen=215  gravity -7.00 → -9.81  ES restarted  remaining=284
  215       193.9       -22.9    0.5000   1.00   0.50    -7.0000  lv3(-7.0)          0.8s
  216       -62.6      -303.9    0.4904   1.00   0.50    -9.8100  lv4(-9.8)          0.3s
  217      -107.3      -277.9    0.4818   1.00   0.50    -9.8100  lv4(-9.8)          0.4s
  218      -107.7      -296.2    0.4742   1.00   0.50    -9.8100  lv4(-9.8)          0.4s
  219       -15.4      -255.6    0.4673   1.00   0.50    -9.8100  lv4(-9.8)          0.4s
  [probe] gen=220 score=-37.1 net=0.869 fell=1.000
  220        33.2      -247.0    0.4614   1.00   0.50    -9.8100  lv4(-9.8)          0.4s
  221        36.5      -194.4    0.4561   1.00   0.50    -9.8100  lv4(-9.8)          0.4s
  222        18.1      -135.9    0.4513   1.00   0.50    -9.8100  lv4(-9.8)          0.5s
  223        46.7      -138.2    0.4468   1.00   0.50    -9.8100  lv4(-9.8)          0.5s
  224        52.1      -146.9    0.4428   1.00   0.50    -9.8100  lv4(-9.8)          0.5s
  [plot] Saved fitness curve → experiments/thesis/adaptive_progression/seed_06/fitness_curve.png
  225        45.4      -116.7    0.4388   1.00   0.50    -9.8100  lv4(-9.8)          0.6s
  226        35.3      -115.0    0.4351   1.00   0.50    -9.8100  lv4(-9.8)          0.5s
  227       110.8      -121.2    0.4314   1.00   0.50    -9.8100  lv4(-9.8)          0.6s
  228        21.6      -138.3    0.4281   1.00   0.50    -9.8100  lv4(-9.8)          0.6s
  229        81.9      -155.9    0.4250   1.00   0.50    -9.8100  lv4(-9.8)          0.6s
  [probe] gen=230 score=-122.8 net=0.365 fell=1.000
  230        81.1      -104.1    0.4220   1.00   0.50    -9.8100  lv4(-9.8)          0.6s
  231       119.0      -120.7    0.4192   1.00   0.50    -9.8100  lv4(-9.8)          0.5s
  232        58.3      -115.4    0.4166   1.00   0.50    -9.8100  lv4(-9.8)          0.5s
  233       172.1       -67.0    0.4142   1.00   0.50    -9.8100  lv4(-9.8)          0.6s
  234       100.8      -101.3    0.4119   1.00   0.50    -9.8100  lv4(-9.8)          0.6s
  235        75.9      -136.1    0.4099   1.00   0.50    -9.8100  lv4(-9.8)          0.6s
  236       110.7      -139.3    0.4082   1.00   0.50    -9.8100  lv4(-9.8)          0.5s
  237        67.7       -74.3    0.4067   1.00   0.50    -9.8100  lv4(-9.8)          0.6s
  238       160.5      -150.6    0.4052   1.00   0.50    -9.8100  lv4(-9.8)          0.6s
  239        91.3      -128.6    0.4037   1.00   0.50    -9.8100  lv4(-9.8)          0.5s
  [probe] gen=240 score=-27.7 net=0.888 fell=1.000
  240        47.7      -119.3    0.4025   1.00   0.50    -9.8100  lv4(-9.8)          0.5s
  241        65.4      -162.2    0.4014   1.00   0.50    -9.8100  lv4(-9.8)          0.5s
  242       142.1      -123.1    0.4005   1.00   0.50    -9.8100  lv4(-9.8)          0.5s
  243       126.0      -116.0    0.3997   1.00   0.50    -9.8100  lv4(-9.8)          0.6s
  244       170.0      -113.7    0.3993   1.00   0.50    -9.8100  lv4(-9.8)          0.6s
  245       106.7       -67.8    0.3987   1.00   0.50    -9.8100  lv4(-9.8)          0.6s
  246       182.6       -98.0    0.3982   1.00   0.50    -9.8100  lv4(-9.8)          0.6s
  247       144.9      -153.3    0.3977   1.00   0.50    -9.8100  lv4(-9.8)          0.5s
  248       139.6       -94.9    0.3972   1.00   0.50    -9.8100  lv4(-9.8)          0.5s
  249       141.4       -87.4    0.3968   1.00   0.50    -9.8100  lv4(-9.8)          0.6s
  [probe] gen=250 score=134.2 net=1.602 fell=1.000 [new best earth]
  [plot] Saved fitness curve → experiments/thesis/adaptive_progression/seed_06/fitness_curve.png
  250       171.3       -64.9    0.3963   1.00   0.50    -9.8100  lv4(-9.8)          0.6s
  251       131.0       -93.2    0.3960   1.00   0.50    -9.8100  lv4(-9.8)          0.5s
  252       125.9      -128.4    0.3957   1.00   0.50    -9.8100  lv4(-9.8)          0.6s
  253       147.1      -100.1    0.3953   1.00   0.50    -9.8100  lv4(-9.8)          0.7s
  254       128.3      -122.8    0.3949   1.00   0.50    -9.8100  lv4(-9.8)          0.7s
  255       175.7       -76.6    0.3946   1.00   0.50    -9.8100  lv4(-9.8)          0.6s
  256       149.6       -96.2    0.3942   1.00   0.50    -9.8100  lv4(-9.8)          0.6s
  257       105.6      -135.5    0.3940   1.00   0.50    -9.8100  lv4(-9.8)          0.6s
  258       107.2       -70.3    0.3937   1.00   0.50    -9.8100  lv4(-9.8)          0.6s
  259       157.3       -55.7    0.3932   1.00   0.50    -9.8100  lv4(-9.8)          0.6s
  [probe] gen=260 score=102.2 net=1.368 fell=1.000
  260       160.0       -90.2    0.3929   1.00   0.50    -9.8100  lv4(-9.8)          0.7s
  261       169.1       -26.7    0.3925   1.00   0.50    -9.8100  lv4(-9.8)          0.7s
  262       140.3       -46.5    0.3923   1.00   0.50    -9.8100  lv4(-9.8)          0.6s
  263       208.6       -91.5    0.3920   1.00   0.50    -9.8100  lv4(-9.8)          0.7s
  264       169.1       -25.1    0.3919   1.00   0.50    -9.8100  lv4(-9.8)          0.7s
  265       192.6       -17.3    0.3919   1.00   0.50    -9.8100  lv4(-9.8)          0.6s
  266       241.3       -36.1    0.3916   1.00   0.50    -9.8100  lv4(-9.8)          0.7s
  267       265.5       -65.0    0.3913   1.00   0.50    -9.8100  lv4(-9.8)          0.6s
  268       252.3        36.0    0.3910   1.00   0.50    -9.8100  lv4(-9.8)          0.7s
  269       260.5         1.7    0.3908   1.00   0.50    -9.8100  lv4(-9.8)          0.7s
  [probe] gen=270 score=234.3 net=1.729 fell=1.000 [new best earth]
  270       361.3         3.6    0.3906   1.00   0.50    -9.8100  lv4(-9.8)          0.8s
  271       489.6        47.6    0.3904   1.00   0.50    -9.8100  lv4(-9.8)          0.8s
  272       426.0        32.3    0.3904   1.00   0.50    -9.8100  lv4(-9.8)          0.8s
  273       465.6       119.7    0.3904   1.00   0.50    -9.8100  lv4(-9.8)          0.9s
  274       481.2       116.9    0.3904   1.00   0.50    -9.8100  lv4(-9.8)          1.0s
  [plot] Saved fitness curve → experiments/thesis/adaptive_progression/seed_06/fitness_curve.png
  275       304.3        15.2    0.3903   1.00   0.50    -9.8100  lv4(-9.8)          0.8s
  276       711.2        75.7    0.3902   1.00   0.50    -9.8100  lv4(-9.8)          0.9s
  277       645.2       144.4    0.3899   1.00   0.50    -9.8100  lv4(-9.8)          0.9s
  278       474.8       112.2    0.3897   1.00   0.50    -9.8100  lv4(-9.8)          0.9s
  279       389.6       113.4    0.3897   1.00   0.50    -9.8100  lv4(-9.8)          1.0s
  [probe] gen=280 score=229.5 net=1.669 fell=1.000
  280       559.9       163.0    0.3897   1.00   0.50    -9.8100  lv4(-9.8)          1.1s
  281       674.9       132.1    0.3898   1.00   0.50    -9.8100  lv4(-9.8)          0.9s
  282       908.7       124.3    0.3898   1.00   0.50    -9.8100  lv4(-9.8)          0.9s
  283       675.6       165.7    0.3899   1.00   0.50    -9.8100  lv4(-9.8)          1.1s
  284       852.4       290.8    0.3901   1.00   0.50    -9.8100  lv4(-9.8)          1.3s
  285       673.5       179.8    0.3902   1.00   0.50    -9.8100  lv4(-9.8)          1.3s
  286       725.8       227.8    0.3903   1.00   0.50    -9.8100  lv4(-9.8)          1.1s
  287       660.7       200.1    0.3902   1.00   0.50    -9.8100  lv4(-9.8)          1.2s
  288       969.1       218.9    0.3899   1.00   0.50    -9.8100  lv4(-9.8)          1.3s
  289       569.2       178.0    0.3897   1.00   0.50    -9.8100  lv4(-9.8)          1.2s
  [probe] gen=290 score=779.4 net=3.862 fell=0.900 [new best earth]
  290       995.7       213.0    0.3896   1.00   0.50    -9.8100  lv4(-9.8)          1.2s
  291       796.7       271.4    0.3895   1.00   0.50    -9.8100  lv4(-9.8)          1.2s
  292       777.4       189.0    0.3896   1.00   0.50    -9.8100  lv4(-9.8)          1.4s
  293       625.8       237.8    0.3895   1.00   0.50    -9.8100  lv4(-9.8)          1.6s
  294       651.9       220.2    0.3892   1.00   0.50    -9.8100  lv4(-9.8)          1.5s
  295       821.5       244.5    0.3888   1.00   0.50    -9.8100  lv4(-9.8)          1.4s
  296      1164.5       220.4    0.3883   1.00   0.50    -9.8100  lv4(-9.8)          1.6s
  297       809.1       149.8    0.3879   1.00   0.50    -9.8100  lv4(-9.8)          1.6s
  298       777.4       231.0    0.3875   1.00   0.50    -9.8100  lv4(-9.8)          1.3s
  299      1161.0       269.6    0.3871   1.00   0.50    -9.8100  lv4(-9.8)          1.5s
  [probe] gen=300 score=800.7 net=3.952 fell=0.800 [new best earth]
  [plot] Saved fitness curve → experiments/thesis/adaptive_progression/seed_06/fitness_curve.png
  300       994.9       423.7    0.3869   1.00   0.50    -9.8100  lv4(-9.8)          2.0s
  301       915.8       328.1    0.3867   1.00   0.50    -9.8100  lv4(-9.8)          1.9s
  302       912.8       381.4    0.3864   1.00   0.50    -9.8100  lv4(-9.8)          1.9s
  303      1017.6       326.7    0.3861   1.00   0.50    -9.8100  lv4(-9.8)          1.6s
  304       966.8       383.2    0.3857   1.00   0.50    -9.8100  lv4(-9.8)          2.0s
  305       980.6       414.8    0.3854   1.00   0.50    -9.8100  lv4(-9.8)          1.9s
  306      1138.3       411.5    0.3852   1.00   0.50    -9.8100  lv4(-9.8)          1.9s
  307      1032.9       414.4    0.3852   1.00   0.50    -9.8100  lv4(-9.8)          2.1s
  308       964.7       421.5    0.3852   1.00   0.50    -9.8100  lv4(-9.8)          2.0s
  309      1058.8       404.6    0.3852   1.00   0.50    -9.8100  lv4(-9.8)          2.0s
  [probe] gen=310 score=669.1 net=3.720 fell=1.000
  310      1191.9       364.7    0.3853   1.00   0.50    -9.8100  lv4(-9.8)          1.9s
  311       959.5       227.8    0.3853   1.00   0.50    -9.8100  lv4(-9.8)          1.6s
  312      1091.4       335.7    0.3851   1.00   0.50    -9.8100  lv4(-9.8)          1.7s
  313       957.7       397.9    0.3850   1.00   0.50    -9.8100  lv4(-9.8)          1.8s
  314       920.5       235.0    0.3848   1.00   0.50    -9.8100  lv4(-9.8)          1.6s
  315       911.3       360.2    0.3847   1.00   0.50    -9.8100  lv4(-9.8)          2.1s
  316      1100.5       471.0    0.3845   1.00   0.50    -9.8100  lv4(-9.8)          2.2s
  317      1012.8       337.1    0.3843   1.00   0.50    -9.8100  lv4(-9.8)          1.7s
  318       999.6       398.1    0.3843   1.00   0.50    -9.8100  lv4(-9.8)          2.0s
  319      1034.3       400.0    0.3844   1.00   0.50    -9.8100  lv4(-9.8)          2.0s
  [probe] gen=320 score=914.7 net=4.107 fell=0.100 [new best earth]
  320       986.1       505.6    0.3846   1.00   0.50    -9.8100  lv4(-9.8)          2.2s
  321      1102.8       343.0    0.3846   1.00   0.50    -9.8100  lv4(-9.8)          2.0s
  322      1042.4       328.7    0.3847   1.00   0.50    -9.8100  lv4(-9.8)          1.8s
  323      1063.1       450.9    0.3847   1.00   0.50    -9.8100  lv4(-9.8)          2.2s
  324      1073.8       525.8    0.3846   1.00   0.50    -9.8100  lv4(-9.8)          2.3s
  [plot] Saved fitness curve → experiments/thesis/adaptive_progression/seed_06/fitness_curve.png
  325       998.0       443.3    0.3844   1.00   0.50    -9.8100  lv4(-9.8)          2.4s
  326      1054.9       449.0    0.3844   1.00   0.50    -9.8100  lv4(-9.8)          2.3s
  327      1069.5       434.9    0.3844   1.00   0.50    -9.8100  lv4(-9.8)          2.4s
  328      1075.6       588.7    0.3842   1.00   0.50    -9.8100  lv4(-9.8)          2.7s
  329      1186.8       552.4    0.3841   1.00   0.50    -9.8100  lv4(-9.8)          2.3s
  [probe] gen=330 score=1020.7 net=4.694 fell=0.200 [new best earth]
  330      1102.9       602.3    0.3838   1.00   0.50    -9.8100  lv4(-9.8)          2.4s
  331      1154.0       447.2    0.3834   1.00   0.50    -9.8100  lv4(-9.8)          1.9s
  332      1137.1       608.8    0.3831   1.00   0.50    -9.8100  lv4(-9.8)          2.6s
  333      1357.1       293.0    0.3828   1.00   0.50    -9.8100  lv4(-9.8)          1.6s
  334      1157.1       385.8    0.3824   1.00   0.50    -9.8100  lv4(-9.8)          2.0s
  335      1246.7       284.4    0.3820   1.00   0.50    -9.8100  lv4(-9.8)          1.8s
  336      1065.6       371.8    0.3815   1.00   0.50    -9.8100  lv4(-9.8)          2.0s
  337      1179.1       510.4    0.3810   1.00   0.50    -9.8100  lv4(-9.8)          2.2s
  338       982.8       327.6    0.3807   1.00   0.50    -9.8100  lv4(-9.8)          1.6s
  339      1193.8       593.8    0.3802   1.00   0.50    -9.8100  lv4(-9.8)          2.3s
  [probe] gen=340 score=1010.0 net=5.309 fell=0.700
  340      1294.4       628.2    0.3798   1.00   0.50    -9.8100  lv4(-9.8)          2.4s
  341      1016.4       438.9    0.3794   1.00   0.50    -9.8100  lv4(-9.8)          2.0s
  342      1179.0       471.9    0.3790   1.00   0.50    -9.8100  lv4(-9.8)          2.0s
  343      1264.8       466.5    0.3785   1.00   0.50    -9.8100  lv4(-9.8)          2.2s
  344      1179.2       443.4    0.3781   1.00   0.50    -9.8100  lv4(-9.8)          2.2s
  345       950.9       494.4    0.3778   1.00   0.50    -9.8100  lv4(-9.8)          2.0s
  346      1115.1       400.4    0.3776   1.00   0.50    -9.8100  lv4(-9.8)          2.0s
  347      1123.3       507.9    0.3775   1.00   0.50    -9.8100  lv4(-9.8)          2.2s
  348      1358.8       493.8    0.3774   1.00   0.50    -9.8100  lv4(-9.8)          2.2s
  349      1270.7       536.1    0.3772   1.00   0.50    -9.8100  lv4(-9.8)          2.3s
  [probe] gen=350 score=820.2 net=4.312 fell=0.600
  [plot] Saved fitness curve → experiments/thesis/adaptive_progression/seed_06/fitness_curve.png
  350      1212.9       562.3    0.3770   1.00   0.50    -9.8100  lv4(-9.8)          2.3s
  351      1243.0       596.4    0.3768   1.00   0.50    -9.8100  lv4(-9.8)          2.6s
  352      1175.1       385.9    0.3766   1.00   0.50    -9.8100  lv4(-9.8)          1.9s
  353      1094.2       501.5    0.3766   1.00   0.50    -9.8100  lv4(-9.8)          2.2s
  354      1112.1       430.4    0.3764   1.00   0.50    -9.8100  lv4(-9.8)          2.1s
  355      1115.9       456.7    0.3762   1.00   0.50    -9.8100  lv4(-9.8)          2.2s
  356      1119.4       575.5    0.3760   1.00   0.50    -9.8100  lv4(-9.8)          2.6s
  357      1124.3       516.5    0.3759   1.00   0.50    -9.8100  lv4(-9.8)          2.6s
  358      1145.4       510.4    0.3760   1.00   0.50    -9.8100  lv4(-9.8)          2.3s
  359      1145.6       531.3    0.3760   1.00   0.50    -9.8100  lv4(-9.8)          2.4s
  [probe] gen=360 score=1073.0 net=5.121 fell=0.200 [new best earth]
  360      1188.2       536.1    0.3760   1.00   0.50    -9.8100  lv4(-9.8)          2.6s
  361      1179.9       532.3    0.3760   1.00   0.50    -9.8100  lv4(-9.8)          2.5s
  362      1258.4       552.1    0.3762   1.00   0.50    -9.8100  lv4(-9.8)          2.5s
  363      1211.0       638.8    0.3762   1.00   0.50    -9.8100  lv4(-9.8)          2.8s
  364      1259.6       401.6    0.3763   1.00   0.50    -9.8100  lv4(-9.8)          2.0s
  365      1160.8       420.9    0.3763   1.00   0.50    -9.8100  lv4(-9.8)          2.2s
  366      1147.4       535.6    0.3762   1.00   0.50    -9.8100  lv4(-9.8)          2.3s
  367      1169.6       576.9    0.3760   1.00   0.50    -9.8100  lv4(-9.8)          2.6s
  368      1111.2       506.1    0.3759   1.00   0.50    -9.8100  lv4(-9.8)          2.5s
  369      1191.8       611.2    0.3758   1.00   0.50    -9.8100  lv4(-9.8)          2.5s
  [probe] gen=370 score=977.2 net=4.759 fell=0.600
  370      1148.6       419.6    0.3757   1.00   0.50    -9.8100  lv4(-9.8)          2.3s
  371      1361.2       596.1    0.3757   1.00   0.50    -9.8100  lv4(-9.8)          2.5s
  372      1257.1       567.1    0.3757   1.00   0.50    -9.8100  lv4(-9.8)          2.3s
  373      1198.5       488.6    0.3758   1.00   0.50    -9.8100  lv4(-9.8)          2.2s
  374      1215.4       592.7    0.3758   1.00   0.50    -9.8100  lv4(-9.8)          2.4s
  [plot] Saved fitness curve → experiments/thesis/adaptive_progression/seed_06/fitness_curve.png
  375      1201.8       486.0    0.3758   1.00   0.50    -9.8100  lv4(-9.8)          2.4s
  376      1151.1       400.7    0.3757   1.00   0.50    -9.8100  lv4(-9.8)          2.1s
  377      1103.7       410.0    0.3756   1.00   0.50    -9.8100  lv4(-9.8)          2.1s
  378      1238.4       485.4    0.3756   1.00   0.50    -9.8100  lv4(-9.8)          2.4s
  379      1086.0       440.4    0.3755   1.00   0.50    -9.8100  lv4(-9.8)          2.2s
  [probe] gen=380 score=425.5 net=2.768 fell=0.800
  380      1253.3       448.7    0.3754   1.00   0.50    -9.8100  lv4(-9.8)          2.5s
  381      1170.7       521.2    0.3755   1.00   0.50    -9.8100  lv4(-9.8)          2.6s
  382      1239.8       512.7    0.3755   1.00   0.50    -9.8100  lv4(-9.8)          2.2s
  383      1178.0       625.6    0.3755   1.00   0.50    -9.8100  lv4(-9.8)          2.4s
  384      1152.3       568.2    0.3755   1.00   0.50    -9.8100  lv4(-9.8)          2.5s
  385      1206.6       363.9    0.3755   1.00   0.50    -9.8100  lv4(-9.8)          2.1s
  386      1176.3       540.8    0.3754   1.00   0.50    -9.8100  lv4(-9.8)          2.4s
  387      1122.0       473.1    0.3754   1.00   0.50    -9.8100  lv4(-9.8)          2.4s
  388      1212.6       655.7    0.3756   1.00   0.50    -9.8100  lv4(-9.8)          2.7s
  389      1160.3       451.1    0.3757   1.00   0.50    -9.8100  lv4(-9.8)          2.2s
  [probe] gen=390 score=761.8 net=3.992 fell=0.700
  390      1103.5       371.1    0.3758   1.00   0.50    -9.8100  lv4(-9.8)          2.1s
  391      1232.5       364.3    0.3760   1.00   0.50    -9.8100  lv4(-9.8)          2.0s
  392      1184.5       426.3    0.3763   1.00   0.50    -9.8100  lv4(-9.8)          2.3s
  393      1214.0       418.7    0.3766   1.00   0.50    -9.8100  lv4(-9.8)          2.1s
  394      1227.6       476.1    0.3767   1.00   0.50    -9.8100  lv4(-9.8)          2.4s
  395      1140.9       496.7    0.3769   1.00   0.50    -9.8100  lv4(-9.8)          2.5s
  396      1131.3       456.4    0.3771   1.00   0.50    -9.8100  lv4(-9.8)          2.3s
  397      1115.9       409.6    0.3772   1.00   0.50    -9.8100  lv4(-9.8)          2.4s
  398      1111.6       434.4    0.3773   1.00   0.50    -9.8100  lv4(-9.8)          2.1s
  399      1086.7       500.6    0.3774   1.00   0.50    -9.8100  lv4(-9.8)          2.4s
  [probe] gen=400 score=735.1 net=3.831 fell=0.500
  [plot] Saved fitness curve → experiments/thesis/adaptive_progression/seed_06/fitness_curve.png
  400      1195.2       482.9    0.3775   1.00   0.50    -9.8100  lv4(-9.8)          2.3s
  401      1179.9       489.9    0.3776   1.00   0.50    -9.8100  lv4(-9.8)          2.4s
  402      1165.5       430.7    0.3778   1.00   0.50    -9.8100  lv4(-9.8)          2.2s
  403      1059.2       522.1    0.3782   1.00   0.50    -9.8100  lv4(-9.8)          2.6s
  404      1089.7       526.7    0.3784   1.00   0.50    -9.8100  lv4(-9.8)          2.7s
  405      1128.6       428.8    0.3785   1.00   0.50    -9.8100  lv4(-9.8)          2.4s
  406      1245.7       514.6    0.3786   1.00   0.50    -9.8100  lv4(-9.8)          2.4s
  407      1055.2       449.9    0.3787   1.00   0.50    -9.8100  lv4(-9.8)          2.3s
  408      1132.6       409.1    0.3787   1.00   0.50    -9.8100  lv4(-9.8)          2.3s
  409      1170.5       472.7    0.3788   1.00   0.50    -9.8100  lv4(-9.8)          2.4s
  [probe] gen=410 score=1052.4 net=4.735 fell=0.000
  410      1057.6       524.3    0.3789   1.00   0.50    -9.8100  lv4(-9.8)          2.6s
  411      1183.8       487.1    0.3789   1.00   0.50    -9.8100  lv4(-9.8)          2.2s
  412      1099.0       496.7    0.3788   1.00   0.50    -9.8100  lv4(-9.8)          2.3s
  413      1038.8       536.8    0.3788   1.00   0.50    -9.8100  lv4(-9.8)          2.4s
  414      1058.9       490.9    0.3788   1.00   0.50    -9.8100  lv4(-9.8)          2.6s
  415      1102.1       589.4    0.3788   1.00   0.50    -9.8100  lv4(-9.8)          2.8s
  416      1138.3       658.5    0.3789   1.00   0.50    -9.8100  lv4(-9.8)          3.0s
  417      1113.5       581.4    0.3791   1.00   0.50    -9.8100  lv4(-9.8)          3.0s
  418      1174.1       623.3    0.3792   1.00   0.50    -9.8100  lv4(-9.8)          2.8s
  419      1131.5       716.5    0.3795   1.00   0.50    -9.8100  lv4(-9.8)          2.8s
  [probe] gen=420 score=1078.6 net=5.038 fell=0.100 [new best earth]
  420      1144.5       564.5    0.3795   1.00   0.50    -9.8100  lv4(-9.8)          2.7s
  421      1290.9       658.8    0.3794   1.00   0.50    -9.8100  lv4(-9.8)          2.9s
  422      1247.9       626.5    0.3792   1.00   0.50    -9.8100  lv4(-9.8)          2.5s
  423      1094.8       574.2    0.3791   1.00   0.50    -9.8100  lv4(-9.8)          2.4s
  424      1125.0       560.2    0.3789   1.00   0.50    -9.8100  lv4(-9.8)          2.7s
  [plot] Saved fitness curve → experiments/thesis/adaptive_progression/seed_06/fitness_curve.png
  425      1170.6       538.5    0.3788   1.00   0.50    -9.8100  lv4(-9.8)          2.3s
  426      1177.4       668.9    0.3788   1.00   0.50    -9.8100  lv4(-9.8)          2.6s
  427      1171.2       513.6    0.3788   1.00   0.50    -9.8100  lv4(-9.8)          2.1s
  428      1113.2       642.6    0.3787   1.00   0.50    -9.8100  lv4(-9.8)          2.7s
  429      1147.7       636.6    0.3785   1.00   0.50    -9.8100  lv4(-9.8)          2.9s
  [probe] gen=430 score=829.7 net=4.179 fell=0.400
  430      1228.4       452.6    0.3782   1.00   0.50    -9.8100  lv4(-9.8)          2.1s
  431      1232.3       708.0    0.3781   1.00   0.50    -9.8100  lv4(-9.8)          2.7s
  432      1183.7       693.7    0.3779   1.00   0.50    -9.8100  lv4(-9.8)          2.9s
  433      1178.5       603.9    0.3779   1.00   0.50    -9.8100  lv4(-9.8)          2.5s
  434      1271.8       709.8    0.3776   1.00   0.50    -9.8100  lv4(-9.8)          2.7s
  435      1250.9       700.4    0.3773   1.00   0.50    -9.8100  lv4(-9.8)          2.6s
  436      1182.6       757.8    0.3770   1.00   0.50    -9.8100  lv4(-9.8)          2.9s
  437      1113.4       714.1    0.3768   1.00   0.50    -9.8100  lv4(-9.8)          2.7s
  438      1229.5       677.6    0.3766   1.00   0.50    -9.8100  lv4(-9.8)          2.4s
  439      1324.3       768.4    0.3768   1.00   0.50    -9.8100  lv4(-9.8)          3.0s
  [probe] gen=440 score=831.0 net=4.117 fell=0.300
  440      1303.2       696.5    0.3768   1.00   0.50    -9.8100  lv4(-9.8)          2.5s
  441      1286.7       688.2    0.3768   1.00   0.50    -9.8100  lv4(-9.8)          2.6s
  442      1296.1       786.1    0.3769   1.00   0.50    -9.8100  lv4(-9.8)          2.7s
  443      1230.6       678.1    0.3770   1.00   0.50    -9.8100  lv4(-9.8)          2.5s
  444      1172.6       748.6    0.3770   1.00   0.50    -9.8100  lv4(-9.8)          2.6s
  445      1312.0       742.3    0.3770   1.00   0.50    -9.8100  lv4(-9.8)          2.9s
  446      1225.0       769.7    0.3772   1.00   0.50    -9.8100  lv4(-9.8)          2.9s
  447      1193.9       774.6    0.3773   1.00   0.50    -9.8100  lv4(-9.8)          2.8s
  448      1251.0       742.5    0.3774   1.00   0.50    -9.8100  lv4(-9.8)          2.7s
  449      1286.2       783.8    0.3776   1.00   0.50    -9.8100  lv4(-9.8)          3.0s
  [probe] gen=450 score=1263.9 net=6.090 fell=0.000 [new best earth]
  [plot] Saved fitness curve → experiments/thesis/adaptive_progression/seed_06/fitness_curve.png
  450      1278.6       803.7    0.3778   1.00   0.50    -9.8100  lv4(-9.8)          3.0s
  451      1293.3       803.5    0.3780   1.00   0.50    -9.8100  lv4(-9.8)          2.9s
  452      1267.2       779.1    0.3781   1.00   0.50    -9.8100  lv4(-9.8)          2.9s
  453      1301.3       761.6    0.3783   1.00   0.50    -9.8100  lv4(-9.8)          2.9s
  454      1282.7       739.7    0.3784   1.00   0.50    -9.8100  lv4(-9.8)          3.0s
  455      1242.0       800.4    0.3785   1.00   0.50    -9.8100  lv4(-9.8)          2.8s
  456      1325.8       716.1    0.3787   1.00   0.50    -9.8100  lv4(-9.8)          2.6s
  457      1298.6       804.4    0.3789   1.00   0.50    -9.8100  lv4(-9.8)          2.9s
  458      1321.8       700.2    0.3788   1.00   0.50    -9.8100  lv4(-9.8)          2.7s
  459      1227.8       743.1    0.3788   1.00   0.50    -9.8100  lv4(-9.8)          2.7s
  [probe] gen=460 score=632.5 net=3.581 fell=0.800
  460      1279.4       749.9    0.3789   1.00   0.50    -9.8100  lv4(-9.8)          2.6s
  461      1184.1       595.1    0.3790   1.00   0.50    -9.8100  lv4(-9.8)          2.3s
  462      1370.7       832.8    0.3790   1.00   0.50    -9.8100  lv4(-9.8)          3.1s
  463      1315.3       765.6    0.3789   1.00   0.50    -9.8100  lv4(-9.8)          2.9s
  464      1269.4       772.7    0.3788   1.00   0.50    -9.8100  lv4(-9.8)          2.6s
  465      1346.8       625.6    0.3788   1.00   0.50    -9.8100  lv4(-9.8)          2.3s
  466      1358.9       747.3    0.3789   1.00   0.50    -9.8100  lv4(-9.8)          2.4s
  467      1393.9       788.9    0.3790   1.00   0.50    -9.8100  lv4(-9.8)          2.7s
  468      1323.5       768.4    0.3792   1.00   0.50    -9.8100  lv4(-9.8)          2.7s
  469      1491.1       720.6    0.3796   1.00   0.50    -9.8100  lv4(-9.8)          2.3s
  [probe] gen=470 score=943.6 net=4.930 fell=0.500
  470      1246.3       721.0    0.3798   1.00   0.50    -9.8100  lv4(-9.8)          2.5s
  471      1279.7       676.9    0.3799   1.00   0.50    -9.8100  lv4(-9.8)          2.6s
  472      1238.2       659.3    0.3799   1.00   0.50    -9.8100  lv4(-9.8)          2.5s
  473      1205.9       547.9    0.3799   1.00   0.50    -9.8100  lv4(-9.8)          2.6s
  474      1335.5       674.0    0.3799   1.00   0.50    -9.8100  lv4(-9.8)          2.6s
  [plot] Saved fitness curve → experiments/thesis/adaptive_progression/seed_06/fitness_curve.png
  475      1288.6       720.1    0.3800   1.00   0.50    -9.8100  lv4(-9.8)          2.7s
  476      1254.8       531.4    0.3801   1.00   0.50    -9.8100  lv4(-9.8)          2.2s
  477      1251.7       795.4    0.3802   1.00   0.50    -9.8100  lv4(-9.8)          2.6s
  478      1464.8       736.9    0.3802   1.00   0.50    -9.8100  lv4(-9.8)          2.8s
  479      1233.6       638.0    0.3804   1.00   0.50    -9.8100  lv4(-9.8)          2.3s
  [probe] gen=480 score=991.0 net=5.124 fell=0.500
  480      1262.9       588.2    0.3806   1.00   0.50    -9.8100  lv4(-9.8)          2.3s
  481      1310.2       843.6    0.3809   1.00   0.50    -9.8100  lv4(-9.8)          2.7s
  482      1284.9       812.6    0.3810   1.00   0.50    -9.8100  lv4(-9.8)          2.7s
  483      1270.6       777.5    0.3809   1.00   0.50    -9.8100  lv4(-9.8)          2.6s
  484      1318.8       694.2    0.3808   1.00   0.50    -9.8100  lv4(-9.8)          2.5s
  485      1265.3       740.7    0.3807   1.00   0.50    -9.8100  lv4(-9.8)          2.5s
  486      1324.3       696.3    0.3807   1.00   0.50    -9.8100  lv4(-9.8)          2.7s
  487      1264.9       693.7    0.3807   1.00   0.50    -9.8100  lv4(-9.8)          2.3s
  488      1300.8       676.7    0.3809   1.00   0.50    -9.8100  lv4(-9.8)          2.5s
  489      1340.4       865.3    0.3812   1.00   0.50    -9.8100  lv4(-9.8)          3.0s
  [probe] gen=490 score=1167.2 net=5.742 fell=0.300
  490      1329.5       837.6    0.3816   1.00   0.50    -9.8100  lv4(-9.8)          2.9s
  491      1299.2       771.8    0.3822   1.00   0.50    -9.8100  lv4(-9.8)          2.4s
  492      1354.2       835.5    0.3828   1.00   0.50    -9.8100  lv4(-9.8)          2.7s
  493      1365.2       735.8    0.3834   1.00   0.50    -9.8100  lv4(-9.8)          2.4s
  494      1244.1       735.9    0.3839   1.00   0.50    -9.8100  lv4(-9.8)          2.7s
  495      1434.9       868.0    0.3844   1.00   0.50    -9.8100  lv4(-9.8)          2.9s
  496      1348.7       832.3    0.3847   1.00   0.50    -9.8100  lv4(-9.8)          2.7s
  497      1326.3       732.9    0.3849   1.00   0.50    -9.8100  lv4(-9.8)          2.5s
  498      1361.5       780.0    0.3852   1.00   0.50    -9.8100  lv4(-9.8)          2.6s
  499      1439.8       701.6    0.3856   1.00   0.50    -9.8100  lv4(-9.8)          2.5s
  [plot] Saved fitness curve → experiments/thesis/adaptive_progression/seed_06/fitness_curve.png

Training complete. Best fitness: 1491.1
Best params → experiments/thesis/adaptive_progression/seed_06/checkpoints/best_params.npy
Fitness curve → experiments/thesis/adaptive_progression/seed_06/fitness_curve.png
Eval params  → best_earth_params (earth probe score: 1263.9)
Final Earth scorecard | score=1239.6 net=5.986 fell=0.050
Gravity sweep | gravities=5 mean_net=3.444 worst_net=0.142
  [exp] Wrote experiments/thesis/adaptive_progression/seed_06/experiment.json
  [exp] Wrote experiments/thesis/adaptive_progression/seed_06/training_log.csv
  [exp] Wrote experiments/thesis/adaptive_progression/seed_06/earth_probe.csv
  [exp] Wrote experiments/thesis/adaptive_progression/seed_06/gravity_sweep.csv
  [exp] Wrote experiments/thesis/adaptive_progression/seed_06/summary.json
