Walker2d-v5 | policy=CPG  params=504
Curriculum   : GradualTransition  gravity -1.6 → -9.81  warmup=20%
Run context | seed=7 arm=gradual_transition run_id=gradual_transition_seed_07

Schedule | penalty_min=0.20 penalty_ramp_gen=200 corr_min=0.00 corr_max=0.50 corr_ramp_gen=200

Starting CMA-ES | pop=40 | sigma0=0.5 | max_gen=500 | workers=8 | seed=7
Checkpoints → experiments/thesis/gradual_transition/seed_07/checkpoints/

  Gen        Best        Mean     Sigma    Pen   Corr    Gravity  Phase              Time
------------------------------------------------------------------------------------
  [probe] gen=0 score=-408.4 net=-0.216 fell=1.000 [new best earth]
  [plot] Saved fitness curve → experiments/thesis/gradual_transition/seed_07/fitness_curve.png
    0       -46.5       -75.8    0.4903   0.20   0.00    -1.6000  warmup             1.6s
    1       -66.7       -76.7    0.4818   0.20   0.00    -1.6000  warmup             0.2s
    2       -56.8       -77.0    0.4743   0.21   0.01    -1.6000  warmup             0.2s
    3       -54.9       -73.0    0.4675   0.21   0.01    -1.6000  warmup             0.2s
    4       -63.1       -74.7    0.4615   0.22   0.01    -1.6000  warmup             0.2s
    5       -57.8       -75.1    0.4559   0.22   0.01    -1.6000  warmup             0.2s
    6       -57.2       -74.4    0.4510   0.22   0.01    -1.6000  warmup             0.2s
    7       -21.2       -72.3    0.4465   0.23   0.02    -1.6000  warmup             0.2s
    8       -58.6       -76.4    0.4425   0.23   0.02    -1.6000  warmup             0.2s
    9       -55.4       -76.7    0.4388   0.24   0.02    -1.6000  warmup             0.3s
  [probe] gen=10 score=-382.8 net=-0.330 fell=1.000 [new best earth]
   10       -46.9       -73.9    0.4355   0.24   0.03    -1.6000  warmup             0.2s
   11       -59.4       -73.4    0.4323   0.24   0.03    -1.6000  warmup             0.3s
   12       -47.6       -76.6    0.4293   0.25   0.03    -1.6000  warmup             0.3s
   13       -56.1       -77.1    0.4264   0.25   0.03    -1.6000  warmup             0.3s
   14       -37.5       -78.0    0.4236   0.26   0.04    -1.6000  warmup             0.3s
   15       -60.7       -78.4    0.4209   0.26   0.04    -1.6000  warmup             0.3s
   16        48.1       -76.6    0.4182   0.26   0.04    -1.6000  warmup             0.3s
   17       -50.7       -76.5    0.4158   0.27   0.04    -1.6000  warmup             0.3s
   18       -23.1       -71.9    0.4134   0.27   0.04    -1.6000  warmup             0.4s
   19         1.2       -73.3    0.4112   0.28   0.05    -1.6000  warmup             0.3s
  [probe] gen=20 score=-355.1 net=-0.217 fell=1.000 [new best earth]
   20        27.6       -69.5    0.4091   0.28   0.05    -1.6000  warmup             0.3s
   21        24.7       -64.7    0.4072   0.28   0.05    -1.6000  warmup             0.4s
   22        -5.7       -75.1    0.4054   0.29   0.06    -1.6000  warmup             0.4s
   23        66.5       -57.5    0.4037   0.29   0.06    -1.6000  warmup             0.5s
   24        72.4       -60.7    0.4020   0.30   0.06    -1.6000  warmup             0.5s
  [plot] Saved fitness curve → experiments/thesis/gradual_transition/seed_07/fitness_curve.png
   25        37.6       -67.6    0.4003   0.30   0.06    -1.6000  warmup             0.5s
   26        72.1       -56.2    0.3986   0.30   0.07    -1.6000  warmup             0.4s
   27        90.7       -66.3    0.3972   0.31   0.07    -1.6000  warmup             0.4s
   28       109.1       -63.0    0.3958   0.31   0.07    -1.6000  warmup             0.5s
   29        68.7       -54.1    0.3945   0.32   0.07    -1.6000  warmup             0.5s
  [probe] gen=30 score=-398.5 net=-0.206 fell=1.000
   30        51.9       -73.2    0.3934   0.32   0.07    -1.6000  warmup             0.5s
   31        84.8       -68.5    0.3925   0.32   0.08    -1.6000  warmup             0.5s
   32       278.3       -58.7    0.3917   0.33   0.08    -1.6000  warmup             0.6s
   33        93.6       -71.3    0.3909   0.33   0.08    -1.6000  warmup             0.4s
   34       161.2       -38.9    0.3904   0.34   0.09    -1.6000  warmup             0.6s
   35       102.6       -56.1    0.3899   0.34   0.09    -1.6000  warmup             0.5s
   36       255.0       -37.0    0.3896   0.34   0.09    -1.6000  warmup             0.7s
   37       397.2        18.7    0.3892   0.35   0.09    -1.6000  warmup             0.8s
   38       309.6       -33.9    0.3887   0.35   0.10    -1.6000  warmup             0.6s
   39       150.4       -51.9    0.3884   0.36   0.10    -1.6000  warmup             0.7s
  [probe] gen=40 score=-418.1 net=-0.206 fell=1.000
   40       178.9       -48.8    0.3881   0.36   0.10    -1.6000  warmup             0.6s
   41       212.2       -29.1    0.3878   0.36   0.10    -1.6000  warmup             0.6s
   42       153.3       -26.6    0.3873   0.37   0.10    -1.6000  warmup             0.7s
   43       233.7        -0.7    0.3870   0.37   0.11    -1.6000  warmup             0.7s
   44       240.4       -19.2    0.3867   0.38   0.11    -1.6000  warmup             0.8s
   45       394.6       -19.0    0.3867   0.38   0.11    -1.6000  warmup             0.8s
   46       302.4        -9.4    0.3867   0.38   0.12    -1.6000  warmup             0.8s
   47       196.3       -20.6    0.3867   0.39   0.12    -1.6000  warmup             0.8s
   48       166.7       -26.7    0.3869   0.39   0.12    -1.6000  warmup             0.7s
   49       403.5        18.2    0.3871   0.40   0.12    -1.6000  warmup             0.9s
  [probe] gen=50 score=-253.8 net=0.062 fell=1.000 [new best earth]
  [plot] Saved fitness curve → experiments/thesis/gradual_transition/seed_07/fitness_curve.png
   50       315.4         8.4    0.3874   0.40   0.12    -1.6000  warmup             0.8s
   51       378.6        24.4    0.3876   0.40   0.13    -1.6000  warmup             0.9s
   52       340.7        29.6    0.3877   0.41   0.13    -1.6000  warmup             0.8s
   53       315.0       -38.8    0.3876   0.41   0.13    -1.6000  warmup             0.7s
   54       286.4       -17.1    0.3875   0.42   0.14    -1.6000  warmup             0.8s
   55       285.3         1.8    0.3875   0.42   0.14    -1.6000  warmup             0.8s
   56       205.7       -18.7    0.3875   0.42   0.14    -1.6000  warmup             0.8s
   57       259.6         4.8    0.3877   0.43   0.14    -1.6000  warmup             0.9s
   58       304.7         7.7    0.3879   0.43   0.14    -1.6000  warmup             0.9s
   59       338.3        13.2    0.3881   0.44   0.15    -1.6000  warmup             0.9s
  [probe] gen=60 score=-69.6 net=0.821 fell=1.000 [new best earth]
   60       240.2        30.5    0.3883   0.44   0.15    -1.6000  warmup             0.9s
   61       226.6       -19.2    0.3884   0.44   0.15    -1.6000  warmup             0.7s
   62       190.6        19.1    0.3883   0.45   0.15    -1.6000  warmup             0.9s
   63       222.6       -37.4    0.3881   0.45   0.16    -1.6000  warmup             0.8s
   64       241.1         0.1    0.3877   0.46   0.16    -1.6000  warmup             0.8s
   65       280.9       -12.6    0.3874   0.46   0.16    -1.6000  warmup             0.7s
   66       318.4        -9.8    0.3871   0.46   0.17    -1.6000  warmup             0.8s
   67       187.3       -25.8    0.3867   0.47   0.17    -1.6000  warmup             0.7s
   68       310.2       -41.3    0.3863   0.47   0.17    -1.6000  warmup             0.8s
   69       289.1        16.7    0.3859   0.48   0.17    -1.6000  warmup             0.8s
  [probe] gen=70 score=-305.9 net=-0.059 fell=1.000
   70       395.6        11.8    0.3853   0.48   0.17    -1.6000  warmup             0.8s
   71       260.6       -14.7    0.3848   0.48   0.18    -1.6000  warmup             0.9s
   72       356.5        -8.5    0.3842   0.49   0.18    -1.6000  warmup             0.8s
   73       254.5       -28.0    0.3837   0.49   0.18    -1.6000  warmup             0.8s
   74       210.9       -24.8    0.3831   0.50   0.18    -1.6000  warmup             0.9s
  [plot] Saved fitness curve → experiments/thesis/gradual_transition/seed_07/fitness_curve.png
   75       252.1       -18.8    0.3826   0.50   0.19    -1.6000  warmup             1.1s
   76       313.7        -3.1    0.3820   0.50   0.19    -1.6000  warmup             1.0s
   77       390.4        -7.8    0.3815   0.51   0.19    -1.6000  warmup             1.0s
   78       287.2        -8.8    0.3810   0.51   0.20    -1.6000  warmup             1.1s
   79       407.9         3.2    0.3805   0.52   0.20    -1.6000  warmup             0.9s
  [probe] gen=80 score=-391.9 net=-0.417 fell=1.000
   80       445.4        28.0    0.3800   0.52   0.20    -1.6000  warmup             1.2s
   81       329.1        19.0    0.3795   0.52   0.20    -1.6000  warmup             1.6s
   82       470.8        10.5    0.3788   0.53   0.20    -1.6000  warmup             1.2s
   83       210.2       -20.9    0.3784   0.53   0.21    -1.6000  warmup             1.3s
   84       275.1         7.1    0.3780   0.54   0.21    -1.6000  warmup             1.4s
   85       478.3        37.4    0.3777   0.54   0.21    -1.6000  warmup             1.4s
   86       497.7         2.1    0.3774   0.54   0.21    -1.6000  warmup             1.3s
   87       430.6       -17.0    0.3771   0.55   0.22    -1.6000  warmup             1.5s
   88       431.2        14.9    0.3767   0.55   0.22    -1.6000  warmup             1.7s
   89       281.6         4.2    0.3762   0.56   0.22    -1.6000  warmup             1.6s
  [probe] gen=90 score=-130.6 net=0.466 fell=1.000
   90       332.6        36.0    0.3757   0.56   0.23    -1.6000  warmup             1.6s
   91       283.3        17.3    0.3753   0.56   0.23    -1.6000  warmup             1.4s
   92       336.8       -15.9    0.3748   0.57   0.23    -1.6000  warmup             1.7s
   93       434.9        43.5    0.3741   0.57   0.23    -1.6000  warmup             1.8s
   94       354.5        18.0    0.3736   0.58   0.23    -1.6000  warmup             1.6s
   95       508.9       103.1    0.3731   0.58   0.24    -1.6000  warmup             2.0s
   96       367.3       106.4    0.3727   0.58   0.24    -1.6000  warmup             2.1s
   97       268.2        86.8    0.3723   0.59   0.24    -1.6000  warmup             2.1s
   98       371.2       112.8    0.3719   0.59   0.24    -1.6000  warmup             2.1s
   99       362.3        74.9    0.3716   0.60   0.25    -1.6000  warmup             2.0s
  [probe] gen=100 score=4.8 net=0.965 fell=1.000 [new best earth]
  [plot] Saved fitness curve → experiments/thesis/gradual_transition/seed_07/fitness_curve.png
  100       377.2        86.2    0.3712   0.60   0.25    -1.6000  warmup             2.0s
  101       358.4       100.7    0.3707   0.60   0.25    -1.6205  ramp 0%            2.2s
  102       384.0         6.7    0.3704   0.61   0.26    -1.6411  ramp 0%            2.2s
  103       311.4        60.3    0.3700   0.61   0.26    -1.6616  ramp 0%            2.2s
  104       565.3        70.9    0.3695   0.62   0.26    -1.6821  ramp 1%            2.2s
  105       436.1        89.2    0.3689   0.62   0.26    -1.7026  ramp 1%            2.2s
  106       388.8        57.2    0.3684   0.62   0.27    -1.7232  ramp 1%            1.9s
  107       463.2        47.0    0.3679   0.63   0.27    -1.7437  ramp 1%            1.8s
  108       385.3         1.0    0.3672   0.63   0.27    -1.7642  ramp 2%            1.8s
  109       393.0        77.8    0.3666   0.64   0.27    -1.7847  ramp 2%            2.0s
  [probe] gen=110 score=-24.3 net=0.789 fell=1.000
  110       575.3        40.4    0.3661   0.64   0.28    -1.8053  ramp 2%            1.8s
  111       387.8        50.1    0.3656   0.64   0.28    -1.8258  ramp 2%            2.1s
  112       468.0        92.8    0.3652   0.65   0.28    -1.8463  ramp 3%            2.3s
  113       572.6       103.1    0.3646   0.65   0.28    -1.8668  ramp 3%            2.3s
  114       505.7        41.6    0.3641   0.66   0.28    -1.8874  ramp 3%            2.2s
  115       492.2        37.0    0.3637   0.66   0.29    -1.9079  ramp 3%            2.2s
  116       486.4         6.6    0.3633   0.66   0.29    -1.9284  ramp 4%            1.8s
  117       544.9        93.1    0.3631   0.67   0.29    -1.9489  ramp 4%            2.5s
  118       579.7       107.8    0.3629   0.67   0.29    -1.9695  ramp 4%            2.2s
  119       544.5       172.8    0.3627   0.68   0.30    -1.9900  ramp 4%            2.3s
  [probe] gen=120 score=30.4 net=0.211 fell=0.400 [new best earth]
  120       453.2       153.3    0.3628   0.68   0.30    -2.0105  ramp 5%            2.3s
  121       644.2       154.5    0.3627   0.68   0.30    -2.0310  ramp 5%            2.4s
  122       524.1       148.0    0.3628   0.69   0.30    -2.0516  ramp 5%            2.6s
  123       399.3       116.7    0.3629   0.69   0.31    -2.0721  ramp 5%            2.5s
  124       512.5       102.5    0.3631   0.70   0.31    -2.0926  ramp 6%            2.5s
  [plot] Saved fitness curve → experiments/thesis/gradual_transition/seed_07/fitness_curve.png
  125       436.7        91.6    0.3632   0.70   0.31    -2.1131  ramp 6%            2.4s
  126       445.8        75.5    0.3634   0.70   0.32    -2.1337  ramp 6%            2.1s
  127       546.4        78.7    0.3637   0.71   0.32    -2.1542  ramp 6%            2.3s
  128       437.6        27.3    0.3640   0.71   0.32    -2.1747  ramp 7%            1.7s
  129       705.2        86.1    0.3643   0.72   0.32    -2.1952  ramp 7%            2.1s
  [probe] gen=130 score=25.7 net=0.636 fell=0.900
  130       566.1       158.7    0.3646   0.72   0.33    -2.2157  ramp 7%            2.0s
  131       650.2       141.7    0.3650   0.72   0.33    -2.2363  ramp 7%            2.3s
  132       453.4       100.9    0.3652   0.73   0.33    -2.2568  ramp 8%            2.3s
  133       449.4       146.2    0.3654   0.73   0.33    -2.2773  ramp 8%            2.3s
  134       516.1       182.3    0.3655   0.74   0.34    -2.2979  ramp 8%            2.6s
  135       508.5       104.9    0.3656   0.74   0.34    -2.3184  ramp 8%            2.2s
  136       495.0        65.2    0.3657   0.74   0.34    -2.3389  ramp 9%            1.9s
  137       565.6       185.9    0.3658   0.75   0.34    -2.3594  ramp 9%            2.2s
  138       672.9       142.7    0.3657   0.75   0.34    -2.3800  ramp 9%            2.3s
  139       473.9        91.7    0.3656   0.76   0.35    -2.4005  ramp 9%            2.1s
  [probe] gen=140 score=-133.7 net=0.176 fell=1.000
  140       639.8       222.5    0.3656   0.76   0.35    -2.4210  ramp 10%           2.6s
  141       604.1        69.4    0.3657   0.76   0.35    -2.4415  ramp 10%           2.2s
  142       749.4       117.3    0.3658   0.77   0.35    -2.4621  ramp 10%           2.0s
  143       524.0       201.2    0.3659   0.77   0.36    -2.4826  ramp 10%           2.3s
  144       599.1       174.9    0.3659   0.78   0.36    -2.5031  ramp 11%           2.3s
  145       711.4       163.8    0.3660   0.78   0.36    -2.5236  ramp 11%           2.2s
  146       890.3       297.1    0.3661   0.78   0.36    -2.5442  ramp 11%           2.6s
  147       632.0       266.9    0.3663   0.79   0.37    -2.5647  ramp 11%           2.6s
  148       757.3       273.5    0.3663   0.79   0.37    -2.5852  ramp 12%           2.5s
  149       794.9       210.5    0.3664   0.80   0.37    -2.6057  ramp 12%           2.3s
  [probe] gen=150 score=-101.6 net=0.453 fell=1.000
  [plot] Saved fitness curve → experiments/thesis/gradual_transition/seed_07/fitness_curve.png
  150       795.4       289.8    0.3665   0.80   0.38    -2.6263  ramp 12%           2.6s
  151       902.9       299.4    0.3665   0.80   0.38    -2.6468  ramp 12%           2.6s
  152       824.5       250.1    0.3665   0.81   0.38    -2.6673  ramp 13%           2.4s
  153       950.4       273.9    0.3666   0.81   0.38    -2.6878  ramp 13%           2.4s
  154       732.8       268.9    0.3667   0.82   0.39    -2.7084  ramp 13%           2.4s
  155       802.9       337.7    0.3666   0.82   0.39    -2.7289  ramp 13%           2.8s
  156       867.4       274.9    0.3665   0.82   0.39    -2.7494  ramp 14%           2.3s
  157       698.1       244.3    0.3663   0.83   0.39    -2.7699  ramp 14%           2.7s
  158       832.3       266.2    0.3659   0.83   0.40    -2.7904  ramp 14%           2.4s
  159       770.3       213.7    0.3654   0.84   0.40    -2.8110  ramp 14%           2.7s
  [probe] gen=160 score=447.8 net=2.456 fell=1.000 [new best earth]
  160       981.1       317.1    0.3650   0.84   0.40    -2.8315  ramp 15%           2.7s
  161       806.0       356.9    0.3645   0.84   0.40    -2.8520  ramp 15%           2.8s
  162       761.2       273.4    0.3641   0.85   0.41    -2.8726  ramp 15%           2.6s
  163       900.0       333.2    0.3637   0.85   0.41    -2.8931  ramp 15%           2.6s
  164       871.2       263.2    0.3633   0.86   0.41    -2.9136  ramp 16%           2.3s
  165       950.8       417.3    0.3629   0.86   0.41    -2.9341  ramp 16%           2.6s
  166       936.9       367.4    0.3623   0.86   0.41    -2.9546  ramp 16%           2.6s
  167       906.3       407.6    0.3619   0.87   0.42    -2.9752  ramp 16%           2.8s
  168      1088.9       303.6    0.3615   0.87   0.42    -2.9957  ramp 17%           2.4s
  169      1034.7       437.0    0.3611   0.88   0.42    -3.0162  ramp 17%           2.7s
  [probe] gen=170 score=212.1 net=1.348 fell=1.000
  170      1094.0       234.6    0.3607   0.88   0.42    -3.0368  ramp 17%           2.4s
  171       938.5       427.9    0.3603   0.88   0.43    -3.0573  ramp 17%           2.5s
  172      1067.2       407.7    0.3599   0.89   0.43    -3.0778  ramp 18%           2.6s
  173       915.3       423.4    0.3597   0.89   0.43    -3.0983  ramp 18%           2.5s
  174      1006.6       481.8    0.3594   0.90   0.43    -3.1189  ramp 18%           3.1s
  [plot] Saved fitness curve → experiments/thesis/gradual_transition/seed_07/fitness_curve.png
  175       973.9       505.8    0.3590   0.90   0.44    -3.1394  ramp 18%           2.8s
  176       967.0       459.2    0.3585   0.90   0.44    -3.1599  ramp 19%           2.5s
  177      1128.1       375.2    0.3581   0.91   0.44    -3.1804  ramp 19%           2.6s
  178      1024.3       472.5    0.3577   0.91   0.45    -3.2010  ramp 19%           3.1s
  179      1114.9       504.3    0.3572   0.92   0.45    -3.2215  ramp 19%           2.9s
  [probe] gen=180 score=239.5 net=1.740 fell=1.000
  180      1315.5       627.6    0.3567   0.92   0.45    -3.2420  ramp 20%           3.3s
  181      1154.6       543.3    0.3564   0.92   0.45    -3.2625  ramp 20%           3.0s
  182      1058.7       534.3    0.3560   0.93   0.46    -3.2831  ramp 20%           3.2s
  183       945.3       507.0    0.3557   0.93   0.46    -3.3036  ramp 20%           2.7s
  184      1274.5       508.2    0.3554   0.94   0.46    -3.3241  ramp 21%           3.1s
  185      1062.8       482.7    0.3553   0.94   0.46    -3.3446  ramp 21%           2.9s
  186      1347.1       659.4    0.3553   0.94   0.47    -3.3652  ramp 21%           3.0s
  187      1098.6       568.7    0.3551   0.95   0.47    -3.3857  ramp 21%           3.1s
  188      1380.4       550.6    0.3550   0.95   0.47    -3.4062  ramp 22%           2.8s
  189      1072.2       540.0    0.3550   0.96   0.47    -3.4267  ramp 22%           3.1s
  [probe] gen=190 score=334.7 net=1.961 fell=0.900
  190      1205.8       479.2    0.3550   0.96   0.47    -3.4473  ramp 22%           2.5s
  191      1130.8       557.5    0.3550   0.96   0.48    -3.4678  ramp 22%           2.8s
  192      1211.1       532.0    0.3551   0.97   0.48    -3.4883  ramp 23%           3.1s
  193      1028.1       554.1    0.3555   0.97   0.48    -3.5088  ramp 23%           3.2s
  194      1056.4       423.1    0.3556   0.98   0.48    -3.5293  ramp 23%           2.8s
  195      1154.8       476.0    0.3557   0.98   0.49    -3.5499  ramp 23%           3.0s
  196      1216.4       602.6    0.3557   0.98   0.49    -3.5704  ramp 24%           3.1s
  197      1066.5       522.6    0.3558   0.99   0.49    -3.5909  ramp 24%           2.9s
  198      1129.2       544.5    0.3556   0.99   0.49    -3.6115  ramp 24%           3.0s
  199      1166.3       621.0    0.3557   1.00   0.50    -3.6320  ramp 24%           3.1s
  [probe] gen=200 score=134.6 net=1.266 fell=1.000
  [plot] Saved fitness curve → experiments/thesis/gradual_transition/seed_07/fitness_curve.png
  200      1144.6       652.5    0.3558   1.00   0.50    -3.6525  ramp 25%           3.2s
  201      1278.4       725.3    0.3559   1.00   0.50    -3.6730  ramp 25%           3.0s
  202      1304.7       756.1    0.3560   1.00   0.50    -3.6936  ramp 25%           3.0s
  203      1127.4       614.3    0.3561   1.00   0.50    -3.7141  ramp 25%           3.3s
  204      1211.5       532.1    0.3562   1.00   0.50    -3.7346  ramp 26%           2.8s
  205      1127.0       548.8    0.3563   1.00   0.50    -3.7551  ramp 26%           3.0s
  206      1163.2       630.1    0.3563   1.00   0.50    -3.7757  ramp 26%           3.2s
  207      1206.6       584.5    0.3565   1.00   0.50    -3.7962  ramp 26%           3.1s
  208      1257.7       559.9    0.3566   1.00   0.50    -3.8167  ramp 27%           3.1s
  209      1364.0       647.6    0.3568   1.00   0.50    -3.8372  ramp 27%           3.0s
  [probe] gen=210 score=413.3 net=2.159 fell=0.900
  210      1213.6       639.7    0.3569   1.00   0.50    -3.8578  ramp 27%           3.1s
  211      1134.7       665.5    0.3570   1.00   0.50    -3.8783  ramp 27%           2.9s
  212      1167.0       599.8    0.3568   1.00   0.50    -3.8988  ramp 28%           2.8s
  213      1259.6       665.4    0.3566   1.00   0.50    -3.9193  ramp 28%           3.0s
  214      1298.8       633.5    0.3565   1.00   0.50    -3.9399  ramp 28%           3.0s
  215      1161.5       669.1    0.3564   1.00   0.50    -3.9604  ramp 28%           3.1s
  216      1268.8       595.9    0.3563   1.00   0.50    -3.9809  ramp 28%           3.0s
  217      1202.9       641.6    0.3562   1.00   0.50    -4.0014  ramp 29%           3.1s
  218      1107.0       634.0    0.3561   1.00   0.50    -4.0220  ramp 29%           3.1s
  219      1221.7       583.9    0.3560   1.00   0.50    -4.0425  ramp 29%           2.8s
  [probe] gen=220 score=366.7 net=1.870 fell=1.000
  220      1163.6       560.8    0.3559   1.00   0.50    -4.0630  ramp 30%           2.6s
  221      1213.7       591.8    0.3558   1.00   0.50    -4.0835  ramp 30%           2.8s
  222      1311.5       637.3    0.3558   1.00   0.50    -4.1041  ramp 30%           3.0s
  223      1221.9       475.6    0.3557   1.00   0.50    -4.1246  ramp 30%           2.8s
  224      1247.0       645.5    0.3556   1.00   0.50    -4.1451  ramp 31%           3.1s
  [plot] Saved fitness curve → experiments/thesis/gradual_transition/seed_07/fitness_curve.png
  225      1078.5       619.3    0.3553   1.00   0.50    -4.1656  ramp 31%           2.9s
  226      1235.7       596.7    0.3552   1.00   0.50    -4.1862  ramp 31%           2.7s
  227      1234.5       682.5    0.3552   1.00   0.50    -4.2067  ramp 31%           3.0s
  228      1282.7       592.6    0.3554   1.00   0.50    -4.2272  ramp 32%           3.0s
  229      1184.7       642.7    0.3556   1.00   0.50    -4.2477  ramp 32%           2.9s
  [probe] gen=230 score=209.9 net=1.251 fell=0.900
  230      1325.2       711.5    0.3558   1.00   0.50    -4.2683  ramp 32%           3.2s
  231      1222.8       467.9    0.3558   1.00   0.50    -4.2888  ramp 32%           2.7s
  232      1250.9       634.3    0.3557   1.00   0.50    -4.3093  ramp 33%           3.0s
  233      1248.1       589.7    0.3557   1.00   0.50    -4.3298  ramp 33%           3.0s
  234      1254.2       597.4    0.3555   1.00   0.50    -4.3504  ramp 33%           2.9s
  235      1321.1       688.9    0.3555   1.00   0.50    -4.3709  ramp 33%           3.1s
  236      1353.0       540.3    0.3553   1.00   0.50    -4.3914  ramp 34%           2.9s
  237      1231.5       679.7    0.3552   1.00   0.50    -4.4119  ramp 34%           3.1s
  238      1156.2       531.6    0.3552   1.00   0.50    -4.4325  ramp 34%           2.9s
  239      1257.4       573.0    0.3552   1.00   0.50    -4.4530  ramp 34%           2.8s
  [probe] gen=240 score=410.4 net=2.309 fell=0.900
  240      1289.7       503.6    0.3553   1.00   0.50    -4.4735  ramp 35%           2.3s
  241      1322.2       554.5    0.3554   1.00   0.50    -4.4940  ramp 35%           2.6s
  242      1184.4       499.0    0.3553   1.00   0.50    -4.5145  ramp 35%           2.2s
  243      1071.0       435.8    0.3553   1.00   0.50    -4.5351  ramp 35%           2.2s
  244      1188.4       690.2    0.3552   1.00   0.50    -4.5556  ramp 36%           2.8s
  245      1122.6       640.5    0.3553   1.00   0.50    -4.5761  ramp 36%           3.0s
  246      1165.1       680.4    0.3554   1.00   0.50    -4.5967  ramp 36%           3.0s
  247      1217.1       611.7    0.3556   1.00   0.50    -4.6172  ramp 36%           2.7s
  248      1241.1       637.6    0.3559   1.00   0.50    -4.6377  ramp 37%           3.0s
  249      1174.2       765.0    0.3562   1.00   0.50    -4.6582  ramp 37%           3.1s
  [probe] gen=250 score=394.3 net=2.005 fell=0.900
  [plot] Saved fitness curve → experiments/thesis/gradual_transition/seed_07/fitness_curve.png
  250      1236.1       617.5    0.3564   1.00   0.50    -4.6788  ramp 37%           2.9s
  251      1304.3       645.0    0.3567   1.00   0.50    -4.6993  ramp 37%           2.9s
  252      1243.4       704.3    0.3569   1.00   0.50    -4.7198  ramp 38%           2.7s
  253      1393.9       567.5    0.3568   1.00   0.50    -4.7403  ramp 38%           2.7s
  254      1143.2       529.2    0.3569   1.00   0.50    -4.7609  ramp 38%           2.5s
  255      1145.7       531.3    0.3569   1.00   0.50    -4.7814  ramp 38%           2.5s
  256      1145.0       516.0    0.3570   1.00   0.50    -4.8019  ramp 39%           2.6s
  257      1210.4       605.0    0.3571   1.00   0.50    -4.8224  ramp 39%           2.7s
  258      1279.4       514.0    0.3573   1.00   0.50    -4.8430  ramp 39%           2.8s
  259      1224.2       549.9    0.3574   1.00   0.50    -4.8635  ramp 39%           2.8s
  [probe] gen=260 score=241.3 net=1.445 fell=0.800
  260      1307.6       649.6    0.3577   1.00   0.50    -4.8840  ramp 40%           2.9s
  261      1240.3       698.1    0.3581   1.00   0.50    -4.9045  ramp 40%           3.1s
  262      1121.9       623.2    0.3583   1.00   0.50    -4.9251  ramp 40%           3.0s
  263      1170.0       623.7    0.3584   1.00   0.50    -4.9456  ramp 40%           2.8s
  264      1235.4       684.0    0.3584   1.00   0.50    -4.9661  ramp 41%           3.1s
  265      1309.1       725.0    0.3584   1.00   0.50    -4.9866  ramp 41%           3.3s
  266      1225.4       766.7    0.3582   1.00   0.50    -5.0072  ramp 41%           3.1s
  267      1183.3       703.5    0.3580   1.00   0.50    -5.0277  ramp 41%           3.2s
  268      1140.3       694.9    0.3578   1.00   0.50    -5.0482  ramp 42%           3.1s
  269      1123.1       654.4    0.3576   1.00   0.50    -5.0687  ramp 42%           2.9s
  [probe] gen=270 score=625.5 net=3.348 fell=0.800 [new best earth]
  270      1269.3       566.3    0.3574   1.00   0.50    -5.0892  ramp 42%           2.8s
  271      1422.3       701.9    0.3570   1.00   0.50    -5.1098  ramp 42%           2.9s
  272      1262.4       646.9    0.3567   1.00   0.50    -5.1303  ramp 43%           3.0s
  273      1269.6       680.2    0.3565   1.00   0.50    -5.1508  ramp 43%           3.1s
  274      1246.1       728.9    0.3565   1.00   0.50    -5.1714  ramp 43%           3.0s
  [plot] Saved fitness curve → experiments/thesis/gradual_transition/seed_07/fitness_curve.png
  275      1238.3       721.3    0.3564   1.00   0.50    -5.1919  ramp 43%           2.8s
  276      1290.7       725.8    0.3565   1.00   0.50    -5.2124  ramp 44%           3.0s
  277      1383.9       715.6    0.3566   1.00   0.50    -5.2329  ramp 44%           3.2s
  278      1267.5       737.8    0.3569   1.00   0.50    -5.2535  ramp 44%           3.1s
  279      1215.6       676.7    0.3570   1.00   0.50    -5.2740  ramp 44%           3.0s
  [probe] gen=280 score=440.6 net=1.847 fell=0.700
  280      1353.6       773.9    0.3574   1.00   0.50    -5.2945  ramp 45%           3.3s
  281      1122.3       701.6    0.3577   1.00   0.50    -5.3150  ramp 45%           2.9s
  282      1353.7       716.4    0.3581   1.00   0.50    -5.3356  ramp 45%           3.2s
  283      1292.8       623.6    0.3585   1.00   0.50    -5.3561  ramp 45%           3.1s
  284      1377.6       728.2    0.3588   1.00   0.50    -5.3766  ramp 46%           3.0s
  285      1495.5       709.9    0.3592   1.00   0.50    -5.3971  ramp 46%           3.1s
  286      1237.4       747.2    0.3595   1.00   0.50    -5.4177  ramp 46%           3.0s
  287      1221.3       749.5    0.3597   1.00   0.50    -5.4382  ramp 46%           3.3s
  288      1419.7       826.3    0.3600   1.00   0.50    -5.4587  ramp 47%           3.3s
  289      1317.6       741.1    0.3604   1.00   0.50    -5.4792  ramp 47%           2.8s
  [probe] gen=290 score=651.9 net=2.721 fell=0.500 [new best earth]
  290      1310.3       713.0    0.3608   1.00   0.50    -5.4998  ramp 47%           2.9s
  291      1337.2       805.3    0.3610   1.00   0.50    -5.5203  ramp 47%           3.0s
  292      1404.3       749.7    0.3613   1.00   0.50    -5.5408  ramp 48%           2.8s
  293      1349.4       766.7    0.3615   1.00   0.50    -5.5613  ramp 48%           2.8s
  294      1310.6       801.8    0.3618   1.00   0.50    -5.5819  ramp 48%           3.1s
  295      1204.9       748.8    0.3620   1.00   0.50    -5.6024  ramp 48%           3.2s
  296      1447.7       672.0    0.3622   1.00   0.50    -5.6229  ramp 49%           2.8s
  297      1358.5       702.6    0.3625   1.00   0.50    -5.6434  ramp 49%           2.9s
  298      1243.8       747.6    0.3626   1.00   0.50    -5.6639  ramp 49%           2.9s
  299      1200.6       732.5    0.3627   1.00   0.50    -5.6845  ramp 49%           3.2s
  [probe] gen=300 score=677.2 net=2.948 fell=0.300 [new best earth]
  [plot] Saved fitness curve → experiments/thesis/gradual_transition/seed_07/fitness_curve.png
  300      1343.9       762.2    0.3628   1.00   0.50    -5.7050  ramp 50%           3.2s
  301      1361.3       771.5    0.3631   1.00   0.50    -5.7255  ramp 50%           3.1s
  302      1322.5       537.0    0.3632   1.00   0.50    -5.7461  ramp 50%           2.7s
  303      1331.3       766.5    0.3633   1.00   0.50    -5.7666  ramp 50%           3.2s
  304      1285.2       670.4    0.3632   1.00   0.50    -5.7871  ramp 51%           2.9s
  305      1321.6       761.6    0.3632   1.00   0.50    -5.8076  ramp 51%           2.9s
  306      1305.4       799.4    0.3633   1.00   0.50    -5.8282  ramp 51%           3.1s
  307      1446.5       759.8    0.3635   1.00   0.50    -5.8487  ramp 51%           3.0s
  308      1392.6       805.1    0.3636   1.00   0.50    -5.8692  ramp 52%           3.1s
  309      1448.6       833.3    0.3637   1.00   0.50    -5.8897  ramp 52%           3.2s
  [probe] gen=310 score=-107.1 net=0.124 fell=0.800
  310      1246.4       759.1    0.3636   1.00   0.50    -5.9103  ramp 52%           3.1s
  311      1260.8       711.1    0.3634   1.00   0.50    -5.9308  ramp 52%           3.0s
  312      1186.8       753.8    0.3632   1.00   0.50    -5.9513  ramp 53%           2.9s
  313      1355.9       724.0    0.3632   1.00   0.50    -5.9718  ramp 53%           3.0s
  314      1268.4       785.4    0.3633   1.00   0.50    -5.9924  ramp 53%           3.3s
  315      1234.7       752.5    0.3634   1.00   0.50    -6.0129  ramp 53%           3.4s
  316      1397.2       753.2    0.3633   1.00   0.50    -6.0334  ramp 54%           3.2s
  317      1312.8       642.7    0.3632   1.00   0.50    -6.0539  ramp 54%           2.8s
  318      1315.1       770.2    0.3632   1.00   0.50    -6.0745  ramp 54%           3.2s
  319      1209.5       746.3    0.3632   1.00   0.50    -6.0950  ramp 54%           2.9s
  [probe] gen=320 score=693.1 net=3.367 fell=0.700 [new best earth]
  320      1194.8       677.3    0.3632   1.00   0.50    -6.1155  ramp 55%           2.9s
  321      1171.0       713.4    0.3633   1.00   0.50    -6.1360  ramp 55%           3.0s
  322      1303.5       712.0    0.3634   1.00   0.50    -6.1566  ramp 55%           2.9s
  323      1254.0       724.1    0.3633   1.00   0.50    -6.1771  ramp 55%           3.0s
  324      1231.9       750.4    0.3631   1.00   0.50    -6.1976  ramp 56%           3.3s
  [plot] Saved fitness curve → experiments/thesis/gradual_transition/seed_07/fitness_curve.png
  325      1355.1       815.6    0.3629   1.00   0.50    -6.2181  ramp 56%           3.2s
  326      1200.9       651.6    0.3626   1.00   0.50    -6.2386  ramp 56%           2.7s
  327      1221.4       730.0    0.3624   1.00   0.50    -6.2592  ramp 56%           3.2s
  328      1321.9       755.0    0.3622   1.00   0.50    -6.2797  ramp 56%           3.0s
  329      1280.4       824.0    0.3621   1.00   0.50    -6.3002  ramp 57%           3.1s
  [probe] gen=330 score=623.7 net=3.072 fell=0.700
  330      1273.3       739.3    0.3621   1.00   0.50    -6.3208  ramp 57%           2.8s
  331      1336.2       715.8    0.3621   1.00   0.50    -6.3413  ramp 57%           3.0s
  332      1144.2       744.2    0.3621   1.00   0.50    -6.3618  ramp 57%           2.9s
  333      1336.8       787.1    0.3623   1.00   0.50    -6.3823  ramp 58%           3.2s
  334      1249.4       798.4    0.3625   1.00   0.50    -6.4029  ramp 58%           3.2s
  335      1315.1       802.4    0.3629   1.00   0.50    -6.4234  ramp 58%           3.3s
  336      1358.7       656.3    0.3633   1.00   0.50    -6.4439  ramp 59%           2.9s
  337      1216.7       673.7    0.3638   1.00   0.50    -6.4644  ramp 59%           3.2s
  338      1274.0       730.2    0.3643   1.00   0.50    -6.4849  ramp 59%           3.1s
  339      1232.0       751.8    0.3648   1.00   0.50    -6.5055  ramp 59%           3.2s
  [probe] gen=340 score=682.2 net=3.232 fell=0.700
  340      1212.9       711.5    0.3653   1.00   0.50    -6.5260  ramp 60%           3.0s
  341      1329.3       646.6    0.3658   1.00   0.50    -6.5465  ramp 60%           2.7s
  342      1327.2       676.1    0.3664   1.00   0.50    -6.5671  ramp 60%           3.1s
  343      1429.3       707.2    0.3670   1.00   0.50    -6.5876  ramp 60%           3.1s
  344      1442.4       862.4    0.3676   1.00   0.50    -6.6081  ramp 61%           3.4s
  345      1439.8       755.6    0.3682   1.00   0.50    -6.6286  ramp 61%           3.2s
  346      1259.8       813.1    0.3689   1.00   0.50    -6.6492  ramp 61%           3.2s
  347      1340.3       857.8    0.3695   1.00   0.50    -6.6697  ramp 61%           3.3s
  348      1342.4       856.2    0.3699   1.00   0.50    -6.6902  ramp 62%           3.3s
  349      1301.7       813.4    0.3701   1.00   0.50    -6.7107  ramp 62%           3.2s
  [probe] gen=350 score=196.4 net=1.414 fell=1.000
  [plot] Saved fitness curve → experiments/thesis/gradual_transition/seed_07/fitness_curve.png
  350      1306.6       801.2    0.3704   1.00   0.50    -6.7313  ramp 62%           3.1s
  351      1320.3       659.9    0.3705   1.00   0.50    -6.7518  ramp 62%           2.7s
  352      1310.9       719.7    0.3706   1.00   0.50    -6.7723  ramp 63%           3.1s
  353      1342.1       704.4    0.3705   1.00   0.50    -6.7928  ramp 63%           3.1s
  354      1293.5       744.4    0.3704   1.00   0.50    -6.8134  ramp 63%           3.2s
  355      1259.9       803.4    0.3702   1.00   0.50    -6.8339  ramp 63%           3.4s
  356      1341.0       801.1    0.3701   1.00   0.50    -6.8544  ramp 64%           3.3s
  357      1390.8       735.4    0.3700   1.00   0.50    -6.8749  ramp 64%           3.2s
  358      1409.9       670.3    0.3699   1.00   0.50    -6.8955  ramp 64%           2.8s
  359      1267.8       867.7    0.3697   1.00   0.50    -6.9160  ramp 64%           3.3s
  [probe] gen=360 score=683.0 net=3.592 fell=0.900
  360      1385.3       744.2    0.3697   1.00   0.50    -6.9365  ramp 65%           3.1s
  361      1365.9       734.8    0.3696   1.00   0.50    -6.9570  ramp 65%           3.1s
  362      1269.9       794.1    0.3698   1.00   0.50    -6.9776  ramp 65%           3.3s
  363      1291.2       743.0    0.3699   1.00   0.50    -6.9981  ramp 65%           3.3s
  364      1252.5       804.6    0.3698   1.00   0.50    -7.0186  ramp 66%           3.5s
  365      1381.3       797.0    0.3699   1.00   0.50    -7.0391  ramp 66%           3.1s
  366      1258.1       777.8    0.3699   1.00   0.50    -7.0597  ramp 66%           3.1s
  367      1371.6       811.6    0.3699   1.00   0.50    -7.0802  ramp 66%           3.1s
  368      1267.3       661.8    0.3699   1.00   0.50    -7.1007  ramp 67%           2.8s
  369      1527.8       737.8    0.3700   1.00   0.50    -7.1212  ramp 67%           3.0s
  [probe] gen=370 score=905.9 net=4.573 fell=0.500 [new best earth]
  370      1399.6       850.3    0.3701   1.00   0.50    -7.1418  ramp 67%           3.1s
  371      1271.7       762.4    0.3701   1.00   0.50    -7.1623  ramp 67%           3.0s
  372      1336.6       831.5    0.3703   1.00   0.50    -7.1828  ramp 68%           3.0s
  373      1217.6       768.1    0.3705   1.00   0.50    -7.2033  ramp 68%           3.0s
  374      1387.7       845.9    0.3708   1.00   0.50    -7.2239  ramp 68%           3.1s
  [plot] Saved fitness curve → experiments/thesis/gradual_transition/seed_07/fitness_curve.png
  375      1454.3       670.0    0.3711   1.00   0.50    -7.2444  ramp 68%           2.7s
  376      1323.7       754.8    0.3715   1.00   0.50    -7.2649  ramp 69%           3.1s
  377      1346.9       909.8    0.3719   1.00   0.50    -7.2854  ramp 69%           3.3s
  378      1156.4       718.3    0.3721   1.00   0.50    -7.3060  ramp 69%           2.8s
  379      1467.1       814.7    0.3724   1.00   0.50    -7.3265  ramp 69%           3.1s
  [probe] gen=380 score=511.6 net=2.863 fell=1.000
  380      1425.7       864.4    0.3727   1.00   0.50    -7.3470  ramp 70%           3.1s
  381      1356.2       792.0    0.3729   1.00   0.50    -7.3675  ramp 70%           2.9s
  382      1298.4       747.4    0.3733   1.00   0.50    -7.3880  ramp 70%           3.0s
  383      1252.7       844.4    0.3738   1.00   0.50    -7.4086  ramp 70%           3.2s
  384      1314.1       803.2    0.3742   1.00   0.50    -7.4291  ramp 71%           3.2s
  385      1380.6       646.4    0.3747   1.00   0.50    -7.4496  ramp 71%           3.0s
  386      1500.1       734.8    0.3751   1.00   0.50    -7.4702  ramp 71%           2.8s
  387      1327.1       763.9    0.3755   1.00   0.50    -7.4907  ramp 71%           3.1s
  388      1073.2       736.8    0.3758   1.00   0.50    -7.5112  ramp 72%           2.8s
  389      1348.1       855.9    0.3761   1.00   0.50    -7.5317  ramp 72%           3.1s
  [probe] gen=390 score=799.1 net=4.168 fell=0.800
  390      1332.2       777.9    0.3765   1.00   0.50    -7.5523  ramp 72%           3.1s
  391      1306.1       714.7    0.3770   1.00   0.50    -7.5728  ramp 72%           2.6s
  392      1324.4       576.6    0.3774   1.00   0.50    -7.5933  ramp 73%           2.6s
  393      1314.9       757.1    0.3777   1.00   0.50    -7.6138  ramp 73%           3.0s
  394      1234.6       648.7    0.3779   1.00   0.50    -7.6344  ramp 73%           2.9s
  395      1303.9       789.6    0.3781   1.00   0.50    -7.6549  ramp 73%           3.1s
  396      1457.2       787.0    0.3781   1.00   0.50    -7.6754  ramp 74%           3.1s
  397      1382.1       606.2    0.3781   1.00   0.50    -7.6959  ramp 74%           2.5s
  398      1333.6       657.5    0.3780   1.00   0.50    -7.7165  ramp 74%           2.9s
  399      1311.4       798.6    0.3779   1.00   0.50    -7.7370  ramp 74%           3.2s
  [probe] gen=400 score=1002.5 net=4.926 fell=0.300 [new best earth]
  [plot] Saved fitness curve → experiments/thesis/gradual_transition/seed_07/fitness_curve.png
  400      1389.6       857.3    0.3778   1.00   0.50    -7.7575  ramp 75%           3.0s
  401      1254.7       758.1    0.3776   1.00   0.50    -7.7780  ramp 75%           3.0s
  402      1222.8       768.7    0.3774   1.00   0.50    -7.7986  ramp 75%           3.1s
  403      1421.7       878.9    0.3772   1.00   0.50    -7.8191  ramp 75%           3.4s
  404      1369.9       814.8    0.3770   1.00   0.50    -7.8396  ramp 76%           3.2s
  405      1337.1       713.6    0.3769   1.00   0.50    -7.8601  ramp 76%           2.7s
  406      1228.5       664.8    0.3767   1.00   0.50    -7.8807  ramp 76%           2.8s
  407      1343.4       833.3    0.3764   1.00   0.50    -7.9012  ramp 76%           3.2s
  408      1358.2       726.7    0.3762   1.00   0.50    -7.9217  ramp 77%           3.0s
  409      1518.5       787.0    0.3760   1.00   0.50    -7.9422  ramp 77%           3.2s
  [probe] gen=410 score=957.9 net=4.650 fell=0.300
  410      1350.4       787.1    0.3758   1.00   0.50    -7.9628  ramp 77%           3.2s
  411      1398.9       800.0    0.3755   1.00   0.50    -7.9833  ramp 77%           2.9s
  412      1319.8       915.2    0.3753   1.00   0.50    -8.0038  ramp 78%           3.5s
  413      1327.2       835.3    0.3752   1.00   0.50    -8.0243  ramp 78%           3.3s
  414      1224.2       787.1    0.3752   1.00   0.50    -8.0449  ramp 78%           3.0s
  415      1299.1       827.3    0.3753   1.00   0.50    -8.0654  ramp 78%           2.9s
  416      1328.0       788.2    0.3753   1.00   0.50    -8.0859  ramp 79%           2.9s
  417      1339.0       778.9    0.3753   1.00   0.50    -8.1064  ramp 79%           3.0s
  418      1260.2       857.6    0.3753   1.00   0.50    -8.1270  ramp 79%           3.0s
  419      1299.3       836.6    0.3753   1.00   0.50    -8.1475  ramp 79%           3.0s
  [probe] gen=420 score=817.8 net=4.061 fell=0.600
  420      1267.0       859.3    0.3754   1.00   0.50    -8.1680  ramp 80%           3.1s
  421      1506.8       757.3    0.3755   1.00   0.50    -8.1885  ramp 80%           2.8s
  422      1262.0       820.0    0.3756   1.00   0.50    -8.2091  ramp 80%           2.9s
  423      1307.4       625.5    0.3757   1.00   0.50    -8.2296  ramp 80%           2.8s
  424      1468.3       776.5    0.3757   1.00   0.50    -8.2501  ramp 81%           2.8s
  [plot] Saved fitness curve → experiments/thesis/gradual_transition/seed_07/fitness_curve.png
  425      1286.2       576.4    0.3757   1.00   0.50    -8.2706  ramp 81%           2.4s
  426      1488.5       852.5    0.3756   1.00   0.50    -8.2912  ramp 81%           3.0s
  427      1337.3       800.3    0.3757   1.00   0.50    -8.3117  ramp 81%           3.1s
  428      1325.9       787.7    0.3757   1.00   0.50    -8.3322  ramp 82%           2.9s
  429      1368.2       749.8    0.3758   1.00   0.50    -8.3527  ramp 82%           2.8s
  [probe] gen=430 score=986.6 net=5.017 fell=0.500
  430      1337.0       749.1    0.3759   1.00   0.50    -8.3733  ramp 82%           2.8s
  431      1482.6       786.1    0.3760   1.00   0.50    -8.3938  ramp 82%           2.8s
  432      1372.0       800.7    0.3763   1.00   0.50    -8.4143  ramp 83%           2.9s
  433      1248.7       800.7    0.3765   1.00   0.50    -8.4348  ramp 83%           2.8s
  434      1373.0       735.0    0.3769   1.00   0.50    -8.4554  ramp 83%           3.0s
  435      1345.4       933.0    0.3773   1.00   0.50    -8.4759  ramp 83%           3.1s
  436      1211.6       654.2    0.3775   1.00   0.50    -8.4964  ramp 84%           2.6s
  437      1348.8       388.6    0.3779   1.00   0.50    -8.5169  ramp 84%           2.0s
  438      1371.3       831.8    0.3784   1.00   0.50    -8.5374  ramp 84%           3.0s
  439      1434.3       788.4    0.3792   1.00   0.50    -8.5580  ramp 84%           2.7s
  [probe] gen=440 score=607.8 net=3.225 fell=0.700
  440      1253.8       576.2    0.3798   1.00   0.50    -8.5785  ramp 85%           2.6s
  441      1319.9       749.0    0.3804   1.00   0.50    -8.5990  ramp 85%           2.8s
  442      1533.4       722.2    0.3811   1.00   0.50    -8.6196  ramp 85%           3.2s
  443      1152.9       596.5    0.3818   1.00   0.50    -8.6401  ramp 85%           2.6s
  444      1267.0       693.4    0.3824   1.00   0.50    -8.6606  ramp 86%           3.0s
  445      1293.5       660.8    0.3830   1.00   0.50    -8.6811  ramp 86%           3.1s
  446      1321.7       729.3    0.3836   1.00   0.50    -8.7017  ramp 86%           2.8s
  447      1255.1       709.6    0.3844   1.00   0.50    -8.7222  ramp 86%           3.1s
  448      1426.8       754.4    0.3850   1.00   0.50    -8.7427  ramp 87%           3.1s
  449      1203.8       836.6    0.3856   1.00   0.50    -8.7632  ramp 87%           3.3s
  [probe] gen=450 score=781.6 net=3.969 fell=0.600
  [plot] Saved fitness curve → experiments/thesis/gradual_transition/seed_07/fitness_curve.png
  450      1207.3       759.6    0.3861   1.00   0.50    -8.7838  ramp 87%           3.0s
  451      1205.5       654.9    0.3865   1.00   0.50    -8.8043  ramp 87%           2.8s
  452      1158.8       753.9    0.3868   1.00   0.50    -8.8248  ramp 88%           2.8s
  453      1274.1       884.2    0.3870   1.00   0.50    -8.8453  ramp 88%           3.3s
  454      1236.7       698.4    0.3869   1.00   0.50    -8.8659  ramp 88%           2.9s
  455      1341.3       811.9    0.3868   1.00   0.50    -8.8864  ramp 88%           3.1s
  456      1268.2       722.4    0.3867   1.00   0.50    -8.9069  ramp 89%           3.0s
  457      1217.2       691.0    0.3867   1.00   0.50    -8.9274  ramp 89%           2.7s
  458      1367.8       719.5    0.3868   1.00   0.50    -8.9480  ramp 89%           2.9s
  459      1199.5       628.6    0.3869   1.00   0.50    -8.9685  ramp 89%           2.7s
  [probe] gen=460 score=1132.7 net=5.364 fell=0.200 [new best earth]
  460      1297.6       682.2    0.3870   1.00   0.50    -8.9890  ramp 90%           3.0s
  461      1240.0       694.1    0.3870   1.00   0.50    -9.0095  ramp 90%           2.7s
  462      1225.1       785.3    0.3872   1.00   0.50    -9.0301  ramp 90%           3.1s
  463      1268.2       803.2    0.3876   1.00   0.50    -9.0506  ramp 90%           3.0s
  464      1326.0       759.7    0.3881   1.00   0.50    -9.0711  ramp 91%           3.2s
  465      1127.0       660.0    0.3884   1.00   0.50    -9.0916  ramp 91%           2.8s
  466      1260.9       682.8    0.3887   1.00   0.50    -9.1122  ramp 91%           2.8s
  467      1174.3       662.6    0.3890   1.00   0.50    -9.1327  ramp 91%           2.9s
  468      1179.2       675.6    0.3891   1.00   0.50    -9.1532  ramp 92%           2.7s
  469      1379.9       538.4    0.3894   1.00   0.50    -9.1737  ramp 92%           2.6s
  [probe] gen=470 score=510.9 net=3.098 fell=0.700
  470      1270.2       601.0    0.3896   1.00   0.50    -9.1943  ramp 92%           2.5s
  471      1396.5       677.1    0.3899   1.00   0.50    -9.2148  ramp 92%           2.6s
  472      1245.1       660.9    0.3903   1.00   0.50    -9.2353  ramp 93%           2.8s
  473      1102.0       703.7    0.3906   1.00   0.50    -9.2558  ramp 93%           3.2s
  474      1141.2       643.8    0.3909   1.00   0.50    -9.2764  ramp 93%           3.4s
  [plot] Saved fitness curve → experiments/thesis/gradual_transition/seed_07/fitness_curve.png
  475      1132.7       531.4    0.3912   1.00   0.50    -9.2969  ramp 93%           2.7s
  476      1340.4       681.9    0.3915   1.00   0.50    -9.3174  ramp 94%           3.0s
  477      1203.3       663.9    0.3916   1.00   0.50    -9.3379  ramp 94%           3.2s
  478      1220.3       654.8    0.3916   1.00   0.50    -9.3585  ramp 94%           2.9s
  479      1234.2       694.4    0.3915   1.00   0.50    -9.3790  ramp 94%           2.9s
  [probe] gen=480 score=696.3 net=3.558 fell=0.600
  480      1188.0       489.1    0.3913   1.00   0.50    -9.3995  ramp 95%           2.9s
  481      1166.1       446.9    0.3911   1.00   0.50    -9.4200  ramp 95%           2.3s
  482      1225.9       585.1    0.3906   1.00   0.50    -9.4405  ramp 95%           2.5s
  483      1186.5       572.1    0.3904   1.00   0.50    -9.4611  ramp 95%           2.7s
  484      1155.3       562.9    0.3903   1.00   0.50    -9.4816  ramp 96%           2.6s
  485      1073.1       565.7    0.3901   1.00   0.50    -9.5021  ramp 96%           2.7s
  486      1086.4       631.5    0.3901   1.00   0.50    -9.5227  ramp 96%           3.0s
  487      1075.3       689.8    0.3900   1.00   0.50    -9.5432  ramp 96%           2.9s
  488      1069.3       513.9    0.3898   1.00   0.50    -9.5637  ramp 97%           2.4s
  489      1101.1       681.2    0.3896   1.00   0.50    -9.5842  ramp 97%           3.1s
  [probe] gen=490 score=1051.6 net=4.637 fell=0.000
  490      1133.0       437.6    0.3892   1.00   0.50    -9.6048  ramp 97%           2.4s
  491      1217.1       780.4    0.3889   1.00   0.50    -9.6253  ramp 97%           3.1s
  492      1234.5       700.9    0.3883   1.00   0.50    -9.6458  ramp 98%           3.0s
  493      1207.0       520.5    0.3877   1.00   0.50    -9.6663  ramp 98%           2.7s
  494      1106.2       682.0    0.3872   1.00   0.50    -9.6868  ramp 98%           3.1s
  495      1159.7       356.5    0.3866   1.00   0.50    -9.7074  ramp 98%           2.4s
  496      1179.2       669.6    0.3860   1.00   0.50    -9.7279  ramp 99%           2.9s
  497      1159.3       735.5    0.3855   1.00   0.50    -9.7484  ramp 99%           2.9s
  498      1119.3       717.5    0.3850   1.00   0.50    -9.7690  ramp 99%           3.0s
  499      1079.6       650.3    0.3845   1.00   0.50    -9.7895  ramp 99%           3.0s
  [plot] Saved fitness curve → experiments/thesis/gradual_transition/seed_07/fitness_curve.png

Training complete. Best fitness: 1533.4
Best params → experiments/thesis/gradual_transition/seed_07/checkpoints/best_params.npy
Fitness curve → experiments/thesis/gradual_transition/seed_07/fitness_curve.png
Eval params  → best_earth_params (earth probe score: 1132.7)
Final Earth scorecard | score=1051.9 net=4.900 fell=0.150
Gravity sweep | gravities=5 mean_net=5.157 worst_net=4.302
  [exp] Wrote experiments/thesis/gradual_transition/seed_07/experiment.json
  [exp] Wrote experiments/thesis/gradual_transition/seed_07/training_log.csv
  [exp] Wrote experiments/thesis/gradual_transition/seed_07/earth_probe.csv
  [exp] Wrote experiments/thesis/gradual_transition/seed_07/gravity_sweep.csv
  [exp] Wrote experiments/thesis/gradual_transition/seed_07/summary.json
