Walker2d-v5 | policy=CPG  params=504
Curriculum   : StagedEvolution  -1.6 (33%) → -5.0 (33%) → -9.81 (33%)
Run context | seed=3 arm=staged_evolution run_id=staged_evolution_seed_03

Schedule | penalty_min=0.20 penalty_ramp_gen=200 corr_min=0.00 corr_max=0.50 corr_ramp_gen=200

Starting CMA-ES | pop=40 | sigma0=0.5 | max_gen=500 | workers=8 | seed=3
Checkpoints → experiments/thesis/staged_evolution/seed_03/checkpoints/

  Gen        Best        Mean     Sigma    Pen   Corr    Gravity  Phase              Time
------------------------------------------------------------------------------------
  [probe] gen=0 score=-368.2 net=-0.083 fell=1.000 [new best earth]
  [plot] Saved fitness curve → experiments/thesis/staged_evolution/seed_03/fitness_curve.png
    0        21.0       -74.5    0.4903   0.20   0.00    -1.6000  moon               1.5s
    1       -53.1       -72.9    0.4820   0.20   0.00    -1.6000  moon               0.2s
    2       -46.3       -72.7    0.4746   0.21   0.01    -1.6000  moon               0.2s
    3       -49.7       -70.1    0.4680   0.21   0.01    -1.6000  moon               0.3s
    4       -33.3       -71.5    0.4621   0.22   0.01    -1.6000  moon               0.2s
    5       -36.9       -71.2    0.4568   0.22   0.01    -1.6000  moon               0.2s
    6       -45.8       -70.3    0.4519   0.22   0.01    -1.6000  moon               0.3s
    7       -43.5       -76.3    0.4475   0.23   0.02    -1.6000  moon               0.3s
    8       -55.9       -75.8    0.4436   0.23   0.02    -1.6000  moon               0.2s
    9       -50.2       -67.7    0.4399   0.24   0.02    -1.6000  moon               0.3s
  [probe] gen=10 score=-365.9 net=-0.114 fell=1.000 [new best earth]
   10       -58.7       -77.4    0.4363   0.24   0.03    -1.6000  moon               0.2s
   11       -55.9       -77.6    0.4333   0.24   0.03    -1.6000  moon               0.2s
   12       -48.6       -73.3    0.4303   0.25   0.03    -1.6000  moon               0.3s
   13       -50.5       -76.2    0.4275   0.25   0.03    -1.6000  moon               0.3s
   14       -25.8       -76.9    0.4249   0.26   0.04    -1.6000  moon               0.3s
   15       -41.7       -83.7    0.4224   0.26   0.04    -1.6000  moon               0.3s
   16       -41.7       -78.2    0.4200   0.26   0.04    -1.6000  moon               0.3s
   17       -51.6       -82.3    0.4178   0.27   0.04    -1.6000  moon               0.3s
   18       -34.5       -83.5    0.4157   0.27   0.04    -1.6000  moon               0.3s
   19       -32.0       -82.8    0.4138   0.28   0.05    -1.6000  moon               0.3s
  [probe] gen=20 score=-383.8 net=-0.157 fell=1.000
   20       -17.7       -86.2    0.4121   0.28   0.05    -1.6000  moon               0.3s
   21       -36.5       -94.8    0.4104   0.28   0.05    -1.6000  moon               0.3s
   22       -12.7       -81.7    0.4087   0.29   0.06    -1.6000  moon               0.4s
   23       -40.7       -88.5    0.4069   0.29   0.06    -1.6000  moon               0.3s
   24       -15.2       -81.5    0.4052   0.30   0.06    -1.6000  moon               0.4s
  [plot] Saved fitness curve → experiments/thesis/staged_evolution/seed_03/fitness_curve.png
   25        31.2       -78.9    0.4039   0.30   0.06    -1.6000  moon               0.5s
   26        63.0       -69.8    0.4027   0.30   0.07    -1.6000  moon               0.5s
   27       232.2       -63.6    0.4015   0.31   0.07    -1.6000  moon               0.6s
   28        32.8       -66.6    0.4005   0.31   0.07    -1.6000  moon               0.6s
   29       170.4       -68.4    0.3993   0.32   0.07    -1.6000  moon               0.6s
  [probe] gen=30 score=-420.5 net=-0.607 fell=1.000
   30       203.8       -48.6    0.3981   0.32   0.07    -1.6000  moon               0.7s
   31       354.9       -34.3    0.3971   0.32   0.08    -1.6000  moon               0.8s
   32       298.0         0.8    0.3961   0.33   0.08    -1.6000  moon               0.9s
   33       303.1         2.6    0.3953   0.33   0.08    -1.6000  moon               1.1s
   34       281.5        49.2    0.3947   0.34   0.09    -1.6000  moon               1.2s
   35       434.0        68.5    0.3941   0.34   0.09    -1.6000  moon               1.3s
   36       408.4        83.1    0.3935   0.34   0.09    -1.6000  moon               1.4s
   37       282.6        69.2    0.3929   0.35   0.09    -1.6000  moon               1.5s
   38       356.2       113.5    0.3923   0.35   0.10    -1.6000  moon               1.4s
   39       336.1        80.0    0.3917   0.36   0.10    -1.6000  moon               1.5s
  [probe] gen=40 score=-332.6 net=-0.122 fell=1.000 [new best earth]
   40       549.8       115.2    0.3910   0.36   0.10    -1.6000  moon               1.4s
   41       476.4        66.2    0.3904   0.36   0.10    -1.6000  moon               1.3s
   42       598.3       149.1    0.3899   0.37   0.10    -1.6000  moon               1.5s
   43       373.3       120.8    0.3895   0.37   0.11    -1.6000  moon               1.6s
   44       593.0       113.0    0.3893   0.38   0.11    -1.6000  moon               1.7s
   45       320.4       123.5    0.3890   0.38   0.11    -1.6000  moon               1.7s
   46       522.0        97.4    0.3888   0.38   0.12    -1.6000  moon               1.8s
   47       374.0        96.6    0.3887   0.39   0.12    -1.6000  moon               1.6s
   48       366.4        66.8    0.3884   0.39   0.12    -1.6000  moon               1.6s
   49       470.1       132.9    0.3881   0.40   0.12    -1.6000  moon               1.7s
  [probe] gen=50 score=-331.2 net=-0.123 fell=1.000 [new best earth]
  [plot] Saved fitness curve → experiments/thesis/staged_evolution/seed_03/fitness_curve.png
   50       474.2       157.1    0.3878   0.40   0.12    -1.6000  moon               1.9s
   51       454.9       152.5    0.3876   0.40   0.13    -1.6000  moon               1.7s
   52       679.8       136.1    0.3874   0.41   0.13    -1.6000  moon               1.7s
   53       499.6       121.9    0.3873   0.41   0.13    -1.6000  moon               1.7s
   54       574.3       154.5    0.3872   0.42   0.14    -1.6000  moon               1.7s
   55       419.3       115.5    0.3871   0.42   0.14    -1.6000  moon               1.7s
   56       366.1       146.7    0.3871   0.42   0.14    -1.6000  moon               1.8s
   57       552.5       106.2    0.3871   0.43   0.14    -1.6000  moon               1.7s
   58       522.7       203.3    0.3869   0.43   0.14    -1.6000  moon               1.8s
   59       440.1       136.6    0.3867   0.44   0.15    -1.6000  moon               1.7s
  [probe] gen=60 score=-114.7 net=0.333 fell=1.000 [new best earth]
   60       586.7       152.5    0.3866   0.44   0.15    -1.6000  moon               1.8s
   61       683.6       155.1    0.3867   0.44   0.15    -1.6000  moon               1.9s
   62       530.0       138.5    0.3867   0.45   0.15    -1.6000  moon               1.9s
   63       564.2       145.0    0.3867   0.45   0.16    -1.6000  moon               1.9s
   64       630.0       182.0    0.3869   0.46   0.16    -1.6000  moon               1.9s
   65       608.0       169.0    0.3869   0.46   0.16    -1.6000  moon               1.9s
   66       483.1       134.1    0.3871   0.46   0.17    -1.6000  moon               1.9s
   67       524.4       144.1    0.3874   0.47   0.17    -1.6000  moon               1.9s
   68       573.1       178.7    0.3877   0.47   0.17    -1.6000  moon               2.0s
   69       683.8       164.2    0.3880   0.48   0.17    -1.6000  moon               1.9s
  [probe] gen=70 score=5.9 net=0.771 fell=1.000 [new best earth]
   70       551.2       187.0    0.3884   0.48   0.17    -1.6000  moon               1.8s
   71       678.0       234.0    0.3887   0.48   0.18    -1.6000  moon               2.0s
   72       495.1       126.3    0.3890   0.49   0.18    -1.6000  moon               1.7s
   73       560.5       157.4    0.3894   0.49   0.18    -1.6000  moon               2.0s
   74       459.1       163.1    0.3899   0.50   0.18    -1.6000  moon               1.9s
  [plot] Saved fitness curve → experiments/thesis/staged_evolution/seed_03/fitness_curve.png
   75       701.5       172.6    0.3905   0.50   0.19    -1.6000  moon               2.0s
   76       453.6       180.1    0.3911   0.50   0.19    -1.6000  moon               2.0s
   77       568.9       203.8    0.3918   0.51   0.19    -1.6000  moon               1.8s
   78       745.2       194.8    0.3924   0.51   0.20    -1.6000  moon               1.9s
   79       509.8       154.0    0.3930   0.52   0.20    -1.6000  moon               2.0s
  [probe] gen=80 score=-154.1 net=0.100 fell=1.000
   80       495.6       140.4    0.3936   0.52   0.20    -1.6000  moon               1.9s
   81       629.7       202.1    0.3940   0.52   0.20    -1.6000  moon               1.9s
   82       554.6       154.9    0.3946   0.53   0.20    -1.6000  moon               1.7s
   83       553.2       166.2    0.3950   0.53   0.21    -1.6000  moon               1.9s
   84       651.3       159.8    0.3955   0.54   0.21    -1.6000  moon               1.8s
   85       689.5       223.2    0.3959   0.54   0.21    -1.6000  moon               1.8s
   86       671.9       162.6    0.3962   0.54   0.21    -1.6000  moon               1.7s
   87       613.9       191.4    0.3965   0.55   0.22    -1.6000  moon               1.8s
   88       700.8       213.8    0.3967   0.55   0.22    -1.6000  moon               1.8s
   89       650.3       142.1    0.3970   0.56   0.22    -1.6000  moon               1.7s
  [probe] gen=90 score=44.0 net=1.069 fell=1.000 [new best earth]
   90       585.1       221.6    0.3973   0.56   0.23    -1.6000  moon               1.8s
   91       650.6        85.5    0.3977   0.56   0.23    -1.6000  moon               1.6s
   92       829.7       217.4    0.3983   0.57   0.23    -1.6000  moon               1.7s
   93       774.5       247.6    0.3989   0.57   0.23    -1.6000  moon               1.9s
   94       877.6       106.3    0.3996   0.58   0.23    -1.6000  moon               1.5s
   95       675.4       240.3    0.4000   0.58   0.24    -1.6000  moon               1.8s
   96       985.3       282.4    0.4004   0.58   0.24    -1.6000  moon               2.1s
   97       645.7       191.6    0.4009   0.59   0.24    -1.6000  moon               1.9s
   98       648.0       142.8    0.4013   0.59   0.24    -1.6000  moon               1.8s
   99       716.4       191.6    0.4018   0.60   0.25    -1.6000  moon               1.9s
  [probe] gen=100 score=-22.7 net=0.784 fell=1.000
  [plot] Saved fitness curve → experiments/thesis/staged_evolution/seed_03/fitness_curve.png
  100       628.8       199.5    0.4021   0.60   0.25    -1.6000  moon               1.8s
  101       844.1       284.1    0.4025   0.60   0.25    -1.6000  moon               1.9s
  102       761.9       234.9    0.4029   0.61   0.26    -1.6000  moon               2.0s
  103       874.3       271.6    0.4032   0.61   0.26    -1.6000  moon               2.1s
  104       724.6       271.4    0.4033   0.62   0.26    -1.6000  moon               2.0s
  105       714.0       297.6    0.4034   0.62   0.26    -1.6000  moon               1.9s
  106       751.0       316.0    0.4036   0.62   0.27    -1.6000  moon               1.9s
  107       871.6       312.7    0.4038   0.63   0.27    -1.6000  moon               1.9s
  108       746.4       312.1    0.4041   0.63   0.27    -1.6000  moon               2.1s
  109       927.8       308.4    0.4046   0.64   0.27    -1.6000  moon               2.0s
  [probe] gen=110 score=77.9 net=1.237 fell=1.000 [new best earth]
  110       965.8       350.0    0.4051   0.64   0.28    -1.6000  moon               2.0s
  111      1145.8       260.0    0.4056   0.64   0.28    -1.6000  moon               1.9s
  112       813.6       360.2    0.4061   0.65   0.28    -1.6000  moon               2.1s
  113       878.3       260.4    0.4066   0.65   0.28    -1.6000  moon               2.0s
  114       976.7       270.2    0.4072   0.66   0.28    -1.6000  moon               2.1s
  115      1003.7       364.2    0.4075   0.66   0.29    -1.6000  moon               2.2s
  116       823.9       344.2    0.4077   0.66   0.29    -1.6000  moon               2.2s
  117      1065.4       330.9    0.4079   0.67   0.29    -1.6000  moon               2.0s
  118      1255.4       417.9    0.4080   0.67   0.29    -1.6000  moon               2.1s
  119      1085.5       316.8    0.4082   0.68   0.30    -1.6000  moon               1.9s
  [probe] gen=120 score=-80.4 net=0.539 fell=1.000
  120      1223.5       336.2    0.4082   0.68   0.30    -1.6000  moon               2.1s
  121      1051.7       329.4    0.4082   0.68   0.30    -1.6000  moon               1.9s
  122       970.7       365.0    0.4080   0.69   0.30    -1.6000  moon               2.0s
  123      1463.9       377.4    0.4077   0.69   0.31    -1.6000  moon               2.1s
  124      1132.7       317.9    0.4073   0.70   0.31    -1.6000  moon               2.2s
  [plot] Saved fitness curve → experiments/thesis/staged_evolution/seed_03/fitness_curve.png
  125       900.6       275.2    0.4069   0.70   0.31    -1.6000  moon               2.0s
  126       932.6       185.5    0.4064   0.70   0.32    -1.6000  moon               1.9s
  127       909.8       284.6    0.4059   0.71   0.32    -1.6000  moon               1.8s
  128      1057.9       372.7    0.4053   0.71   0.32    -1.6000  moon               1.9s
  129      1202.9       362.1    0.4046   0.72   0.32    -1.6000  moon               1.9s
  [probe] gen=130 score=89.1 net=1.258 fell=1.000 [new best earth]
  130      1008.3       391.5    0.4039   0.72   0.33    -1.6000  moon               2.0s
  131      1377.0       386.0    0.4033   0.72   0.33    -1.6000  moon               2.0s
  132      1429.6       428.4    0.4026   0.73   0.33    -1.6000  moon               2.3s
  133      1211.9       389.4    0.4022   0.73   0.33    -1.6000  moon               2.0s
  134       943.2       327.2    0.4017   0.74   0.34    -1.6000  moon               2.0s
  135      1245.6       480.7    0.4013   0.74   0.34    -1.6000  moon               2.2s
  136      1012.1       384.3    0.4011   0.74   0.34    -1.6000  moon               2.2s
  137       946.0       465.5    0.4009   0.75   0.34    -1.6000  moon               2.3s
  138      1383.0       456.0    0.4007   0.75   0.34    -1.6000  moon               2.3s
  139      1148.8       433.0    0.4004   0.76   0.35    -1.6000  moon               2.3s
  [probe] gen=140 score=20.0 net=0.998 fell=1.000
  140      1173.2       374.9    0.4002   0.76   0.35    -1.6000  moon               2.0s
  141      1087.5       380.7    0.3999   0.76   0.35    -1.6000  moon               2.1s
  142      1162.6       455.1    0.3996   0.77   0.35    -1.6000  moon               2.3s
  143       921.1       378.6    0.3993   0.77   0.36    -1.6000  moon               2.1s
  144      1115.9       524.0    0.3987   0.78   0.36    -1.6000  moon               2.4s
  145      1498.3       469.9    0.3984   0.78   0.36    -1.6000  moon               2.4s
  146      1408.6       562.3    0.3982   0.78   0.36    -1.6000  moon               2.5s
  147      1263.3       512.1    0.3979   0.79   0.37    -1.6000  moon               2.7s
  148      1274.3       392.6    0.3977   0.79   0.37    -1.6000  moon               2.4s
  149      1233.7       465.3    0.3976   0.80   0.37    -1.6000  moon               2.6s
  [probe] gen=150 score=24.4 net=0.986 fell=1.000
  [plot] Saved fitness curve → experiments/thesis/staged_evolution/seed_03/fitness_curve.png
  150      1193.9       408.2    0.3976   0.80   0.38    -1.6000  moon               2.4s
  151      1411.8       459.0    0.3974   0.80   0.38    -1.6000  moon               2.5s
  152      1257.9       461.8    0.3974   0.81   0.38    -1.6000  moon               2.5s
  153      1465.9       372.1    0.3972   0.81   0.38    -1.6000  moon               2.3s
  154      1318.6       568.7    0.3971   0.82   0.39    -1.6000  moon               2.8s
  155      1235.9       379.0    0.3969   0.82   0.39    -1.6000  moon               2.3s
  156      1432.2       603.8    0.3967   0.82   0.39    -1.6000  moon               2.7s
  157      1549.8       577.4    0.3965   0.83   0.39    -1.6000  moon               2.6s
  158      1107.7       424.1    0.3962   0.83   0.40    -1.6000  moon               2.3s
  159      1229.4       455.7    0.3959   0.84   0.40    -1.6000  moon               2.2s
  [probe] gen=160 score=209.3 net=1.713 fell=1.000 [new best earth]
  160      1317.2       554.3    0.3955   0.84   0.40    -1.6000  moon               2.5s
  161      1531.3       622.4    0.3951   0.84   0.40    -1.6000  moon               2.5s
  162      1461.1       583.8    0.3946   0.85   0.41    -1.6000  moon               2.5s
  163      1280.5       614.3    0.3941   0.85   0.41    -1.6000  moon               2.6s
  164      1483.1       603.4    0.3935   0.86   0.41    -1.6000  moon               2.5s
  165      1602.9       564.3    0.3927   0.86   0.41    -1.6000  moon               2.6s
  166      1312.2       453.5    0.3920   0.86   0.41    -1.6000  moon               2.2s
  [stage] gen=167  gravity -5.00 → -5.00  ES restarted  remaining=332
  167       882.9       268.1    0.5000   0.87   0.42    -5.0000  mid                1.3s
  168       501.4         8.5    0.4904   0.87   0.42    -5.0000  mid                1.2s
  169       563.0       164.7    0.4820   0.88   0.42    -5.0000  mid                1.3s
  [probe] gen=170 score=95.6 net=1.262 fell=1.000
  170       739.4       180.8    0.4745   0.88   0.42    -5.0000  mid                1.2s
  171       849.4       219.2    0.4680   0.88   0.43    -5.0000  mid                1.4s
  172       841.9       302.3    0.4621   0.89   0.43    -5.0000  mid                1.6s
  173      1004.7       341.0    0.4566   0.89   0.43    -5.0000  mid                1.8s
  174      1035.1       332.7    0.4516   0.90   0.43    -5.0000  mid                1.5s
  [plot] Saved fitness curve → experiments/thesis/staged_evolution/seed_03/fitness_curve.png
  175      1245.6       357.0    0.4471   0.90   0.44    -5.0000  mid                1.6s
  176       991.8       381.3    0.4427   0.90   0.44    -5.0000  mid                1.6s
  177      1088.4       457.9    0.4386   0.91   0.44    -5.0000  mid                2.1s
  178      1062.8       327.2    0.4348   0.91   0.45    -5.0000  mid                1.8s
  179      1075.8       397.8    0.4312   0.92   0.45    -5.0000  mid                2.1s
  [probe] gen=180 score=102.4 net=1.265 fell=1.000
  180       867.6       257.1    0.4278   0.92   0.45    -5.0000  mid                1.7s
  181      1059.5       301.3    0.4247   0.92   0.45    -5.0000  mid                1.7s
  182      1256.6       316.6    0.4217   0.93   0.46    -5.0000  mid                2.1s
  183      1304.6       387.4    0.4190   0.93   0.46    -5.0000  mid                1.8s
  184      1048.2       409.5    0.4167   0.94   0.46    -5.0000  mid                1.9s
  185      1244.9       361.4    0.4145   0.94   0.46    -5.0000  mid                1.8s
  186      1103.4       372.9    0.4123   0.94   0.47    -5.0000  mid                1.7s
  187      1235.5       412.4    0.4102   0.95   0.47    -5.0000  mid                1.8s
  188      1527.2       505.1    0.4083   0.95   0.47    -5.0000  mid                1.9s
  189      1306.7       489.5    0.4062   0.96   0.47    -5.0000  mid                2.0s
  [probe] gen=190 score=162.6 net=1.516 fell=1.000
  190      1349.9       474.6    0.4044   0.96   0.47    -5.0000  mid                1.9s
  191      1174.7       377.1    0.4027   0.96   0.48    -5.0000  mid                1.9s
  192      1265.4       312.2    0.4010   0.97   0.48    -5.0000  mid                1.7s
  193      1195.1       377.8    0.3995   0.97   0.48    -5.0000  mid                2.0s
  194      1097.0       303.4    0.3981   0.98   0.48    -5.0000  mid                1.8s
  195      1058.0       382.8    0.3966   0.98   0.49    -5.0000  mid                1.8s
  196      1252.4       458.2    0.3953   0.98   0.49    -5.0000  mid                1.8s
  197      1200.1       503.0    0.3941   0.99   0.49    -5.0000  mid                2.2s
  198      1314.0       457.4    0.3930   0.99   0.49    -5.0000  mid                2.1s
  199      1482.3       452.8    0.3920   1.00   0.50    -5.0000  mid                2.0s
  [probe] gen=200 score=185.5 net=1.569 fell=1.000
  [plot] Saved fitness curve → experiments/thesis/staged_evolution/seed_03/fitness_curve.png
  200      1265.4       454.2    0.3912   1.00   0.50    -5.0000  mid                2.2s
  201      1343.7       475.7    0.3904   1.00   0.50    -5.0000  mid                2.0s
  202      1473.9       553.7    0.3896   1.00   0.50    -5.0000  mid                2.4s
  203      1474.0       472.6    0.3887   1.00   0.50    -5.0000  mid                2.3s
  204      1398.6       526.8    0.3878   1.00   0.50    -5.0000  mid                2.1s
  205      1248.8       554.3    0.3868   1.00   0.50    -5.0000  mid                2.4s
  206      1432.6       531.2    0.3859   1.00   0.50    -5.0000  mid                2.2s
  207      1246.4       549.2    0.3851   1.00   0.50    -5.0000  mid                2.4s
  208      1401.9       455.7    0.3841   1.00   0.50    -5.0000  mid                2.0s
  209      1332.5       463.9    0.3831   1.00   0.50    -5.0000  mid                2.2s
  [probe] gen=210 score=130.6 net=1.353 fell=1.000
  210      1449.4       581.7    0.3823   1.00   0.50    -5.0000  mid                2.7s
  211      1572.4       528.1    0.3816   1.00   0.50    -5.0000  mid                2.2s
  212      1598.9       534.3    0.3808   1.00   0.50    -5.0000  mid                1.9s
  213      1385.7       381.5    0.3801   1.00   0.50    -5.0000  mid                2.1s
  214      1486.6       464.4    0.3793   1.00   0.50    -5.0000  mid                2.0s
  215      1690.2       445.4    0.3786   1.00   0.50    -5.0000  mid                2.3s
  216      1256.2       603.2    0.3779   1.00   0.50    -5.0000  mid                2.3s
  217      1504.4       584.8    0.3774   1.00   0.50    -5.0000  mid                2.5s
  218      1299.6       547.8    0.3768   1.00   0.50    -5.0000  mid                2.3s
  219      1274.9       570.8    0.3763   1.00   0.50    -5.0000  mid                2.5s
  [probe] gen=220 score=177.7 net=1.538 fell=1.000
  220      1279.6       506.1    0.3757   1.00   0.50    -5.0000  mid                2.2s
  221      1660.1       634.7    0.3751   1.00   0.50    -5.0000  mid                2.6s
  222      1496.3       641.0    0.3747   1.00   0.50    -5.0000  mid                2.4s
  223      1561.2       663.9    0.3743   1.00   0.50    -5.0000  mid                2.4s
  224      1415.8       560.5    0.3739   1.00   0.50    -5.0000  mid                2.0s
  [plot] Saved fitness curve → experiments/thesis/staged_evolution/seed_03/fitness_curve.png
  225      1384.6       611.0    0.3736   1.00   0.50    -5.0000  mid                2.4s
  226      1362.6       605.1    0.3732   1.00   0.50    -5.0000  mid                2.5s
  227      1421.6       546.6    0.3728   1.00   0.50    -5.0000  mid                2.3s
  228      1323.3       579.5    0.3725   1.00   0.50    -5.0000  mid                2.4s
  229      1195.8       477.9    0.3723   1.00   0.50    -5.0000  mid                2.3s
  [probe] gen=230 score=153.5 net=1.497 fell=1.000
  230      1527.6       604.4    0.3720   1.00   0.50    -5.0000  mid                2.9s
  231      1164.5       460.0    0.3719   1.00   0.50    -5.0000  mid                2.4s
  232      1374.1       488.1    0.3717   1.00   0.50    -5.0000  mid                2.1s
  233      1270.3       495.7    0.3715   1.00   0.50    -5.0000  mid                2.2s
  234      1411.0       572.0    0.3714   1.00   0.50    -5.0000  mid                2.4s
  235      1433.6       800.8    0.3711   1.00   0.50    -5.0000  mid                2.8s
  236      1300.5       653.8    0.3708   1.00   0.50    -5.0000  mid                2.4s
  237      1244.4       618.6    0.3706   1.00   0.50    -5.0000  mid                2.3s
  238      1508.6       672.3    0.3703   1.00   0.50    -5.0000  mid                2.5s
  239      1358.7       638.8    0.3699   1.00   0.50    -5.0000  mid                2.4s
  [probe] gen=240 score=169.4 net=1.527 fell=1.000
  240      1361.2       641.6    0.3696   1.00   0.50    -5.0000  mid                2.6s
  241      1485.9       577.9    0.3691   1.00   0.50    -5.0000  mid                2.2s
  242      1302.7       560.7    0.3688   1.00   0.50    -5.0000  mid                2.5s
  243      1606.8       433.2    0.3684   1.00   0.50    -5.0000  mid                1.7s
  244      1285.5       549.5    0.3682   1.00   0.50    -5.0000  mid                2.3s
  245      1419.9       506.5    0.3677   1.00   0.50    -5.0000  mid                1.9s
  246      1300.7       551.1    0.3671   1.00   0.50    -5.0000  mid                2.3s
  247      1682.9       669.3    0.3666   1.00   0.50    -5.0000  mid                2.5s
  248      1387.6       579.4    0.3661   1.00   0.50    -5.0000  mid                2.2s
  249      1094.2       490.5    0.3658   1.00   0.50    -5.0000  mid                2.2s
  [probe] gen=250 score=182.4 net=1.590 fell=1.000
  [plot] Saved fitness curve → experiments/thesis/staged_evolution/seed_03/fitness_curve.png
  250      1166.6       520.8    0.3654   1.00   0.50    -5.0000  mid                2.1s
  251      1377.4       557.1    0.3651   1.00   0.50    -5.0000  mid                2.3s
  252      1406.8       599.8    0.3649   1.00   0.50    -5.0000  mid                2.3s
  253      1497.5       638.4    0.3646   1.00   0.50    -5.0000  mid                2.6s
  254      1396.6       655.9    0.3643   1.00   0.50    -5.0000  mid                2.6s
  255      1556.4       572.6    0.3640   1.00   0.50    -5.0000  mid                2.3s
  256      1343.0       597.6    0.3636   1.00   0.50    -5.0000  mid                2.3s
  257      1287.8       514.9    0.3631   1.00   0.50    -5.0000  mid                2.2s
  258      1448.8       659.1    0.3627   1.00   0.50    -5.0000  mid                2.5s
  259      1479.4       597.4    0.3624   1.00   0.50    -5.0000  mid                2.3s
  [probe] gen=260 score=169.5 net=1.517 fell=1.000
  260      1359.0       804.5    0.3620   1.00   0.50    -5.0000  mid                2.7s
  261      1441.8       697.5    0.3617   1.00   0.50    -5.0000  mid                2.5s
  262      1292.3       584.5    0.3613   1.00   0.50    -5.0000  mid                2.3s
  263      1419.4       560.0    0.3608   1.00   0.50    -5.0000  mid                2.3s
  264      1525.3       748.8    0.3605   1.00   0.50    -5.0000  mid                2.6s
  265      1583.5       651.1    0.3602   1.00   0.50    -5.0000  mid                2.2s
  266      1438.8       650.4    0.3599   1.00   0.50    -5.0000  mid                2.4s
  267      1464.3       717.1    0.3595   1.00   0.50    -5.0000  mid                2.6s
  268      1448.3       764.8    0.3593   1.00   0.50    -5.0000  mid                2.4s
  269      1696.7       688.8    0.3590   1.00   0.50    -5.0000  mid                2.6s
  [probe] gen=270 score=170.7 net=1.539 fell=1.000
  270      1340.3       618.8    0.3588   1.00   0.50    -5.0000  mid                2.2s
  271      1281.5       603.3    0.3588   1.00   0.50    -5.0000  mid                2.1s
  272      1513.2       696.7    0.3588   1.00   0.50    -5.0000  mid                2.5s
  273      1316.6       603.4    0.3587   1.00   0.50    -5.0000  mid                2.3s
  274      1324.3       587.9    0.3586   1.00   0.50    -5.0000  mid                2.5s
  [plot] Saved fitness curve → experiments/thesis/staged_evolution/seed_03/fitness_curve.png
  275      1328.3       710.2    0.3585   1.00   0.50    -5.0000  mid                2.5s
  276      1350.3       712.2    0.3583   1.00   0.50    -5.0000  mid                2.3s
  277      1312.5       602.9    0.3581   1.00   0.50    -5.0000  mid                2.3s
  278      1633.8       676.7    0.3578   1.00   0.50    -5.0000  mid                2.5s
  279      1380.3       735.9    0.3574   1.00   0.50    -5.0000  mid                2.5s
  [probe] gen=280 score=185.9 net=1.625 fell=1.000
  280      1471.4       653.5    0.3570   1.00   0.50    -5.0000  mid                2.4s
  281      1778.2       669.8    0.3568   1.00   0.50    -5.0000  mid                2.3s
  282      1426.4       716.0    0.3566   1.00   0.50    -5.0000  mid                2.5s
  283      1347.8       625.8    0.3564   1.00   0.50    -5.0000  mid                2.4s
  284      1595.6       596.2    0.3561   1.00   0.50    -5.0000  mid                2.1s
  285      1424.0       569.6    0.3557   1.00   0.50    -5.0000  mid                2.1s
  286      1458.0       535.4    0.3555   1.00   0.50    -5.0000  mid                2.1s
  287      1464.0       586.3    0.3554   1.00   0.50    -5.0000  mid                2.3s
  288      1521.5       575.1    0.3552   1.00   0.50    -5.0000  mid                2.1s
  289      1584.5       654.5    0.3548   1.00   0.50    -5.0000  mid                2.2s
  [probe] gen=290 score=189.9 net=1.626 fell=1.000
  290      1588.0       691.4    0.3545   1.00   0.50    -5.0000  mid                2.3s
  291      1274.6       485.3    0.3542   1.00   0.50    -5.0000  mid                1.9s
  292      1297.0       587.2    0.3538   1.00   0.50    -5.0000  mid                2.1s
  293      1509.2       674.1    0.3535   1.00   0.50    -5.0000  mid                2.4s
  294      1361.4       709.2    0.3531   1.00   0.50    -5.0000  mid                2.5s
  295      1354.8       533.4    0.3526   1.00   0.50    -5.0000  mid                2.3s
  296      1410.8       650.7    0.3521   1.00   0.50    -5.0000  mid                2.7s
  297      1467.0       818.6    0.3518   1.00   0.50    -5.0000  mid                2.6s
  298      1384.0       644.6    0.3512   1.00   0.50    -5.0000  mid                2.6s
  299      1408.3       578.5    0.3506   1.00   0.50    -5.0000  mid                2.1s
  [probe] gen=300 score=153.0 net=1.421 fell=1.000
  [plot] Saved fitness curve → experiments/thesis/staged_evolution/seed_03/fitness_curve.png
  300      1633.7       626.4    0.3500   1.00   0.50    -5.0000  mid                2.5s
  301      1482.9       618.4    0.3493   1.00   0.50    -5.0000  mid                2.3s
  302      1357.9       681.7    0.3488   1.00   0.50    -5.0000  mid                2.4s
  303      1618.8       783.2    0.3483   1.00   0.50    -5.0000  mid                2.7s
  304      1416.2       662.3    0.3477   1.00   0.50    -5.0000  mid                2.6s
  305      1305.1       771.6    0.3472   1.00   0.50    -5.0000  mid                2.9s
  306      1602.5       723.4    0.3467   1.00   0.50    -5.0000  mid                2.6s
  307      1437.2       730.7    0.3462   1.00   0.50    -5.0000  mid                2.5s
  308      1571.4       745.0    0.3456   1.00   0.50    -5.0000  mid                2.6s
  309      1293.9       689.5    0.3450   1.00   0.50    -5.0000  mid                2.4s
  [probe] gen=310 score=188.0 net=1.588 fell=1.000
  310      1347.4       666.7    0.3445   1.00   0.50    -5.0000  mid                2.5s
  311      1476.5       655.8    0.3440   1.00   0.50    -5.0000  mid                2.2s
  312      1494.4       623.3    0.3434   1.00   0.50    -5.0000  mid                2.2s
  313      1391.8       662.9    0.3427   1.00   0.50    -5.0000  mid                2.5s
  314      1439.2       669.5    0.3421   1.00   0.50    -5.0000  mid                2.3s
  315      1499.7       667.6    0.3416   1.00   0.50    -5.0000  mid                2.5s
  316      1405.4       584.9    0.3411   1.00   0.50    -5.0000  mid                2.4s
  317      1451.7       656.1    0.3407   1.00   0.50    -5.0000  mid                2.1s
  318      1550.9       795.4    0.3405   1.00   0.50    -5.0000  mid                2.8s
  319      1396.6       720.7    0.3402   1.00   0.50    -5.0000  mid                2.3s
  [probe] gen=320 score=180.3 net=1.588 fell=1.000
  320      1378.2       634.8    0.3399   1.00   0.50    -5.0000  mid                2.1s
  321      1431.5       662.6    0.3397   1.00   0.50    -5.0000  mid                2.4s
  322      1553.6       790.8    0.3395   1.00   0.50    -5.0000  mid                2.5s
  323      1516.9       716.8    0.3394   1.00   0.50    -5.0000  mid                2.4s
  324      1482.5       775.3    0.3395   1.00   0.50    -5.0000  mid                2.7s
  [plot] Saved fitness curve → experiments/thesis/staged_evolution/seed_03/fitness_curve.png
  325      1376.3       751.2    0.3395   1.00   0.50    -5.0000  mid                2.6s
  326      1447.8       791.0    0.3393   1.00   0.50    -5.0000  mid                2.7s
  327      1548.6       717.9    0.3390   1.00   0.50    -5.0000  mid                2.6s
  328      1526.6       818.2    0.3386   1.00   0.50    -5.0000  mid                3.0s
  329      1313.1       610.1    0.3382   1.00   0.50    -5.0000  mid                2.2s
  [probe] gen=330 score=187.2 net=1.590 fell=1.000
  330      1436.2       603.1    0.3378   1.00   0.50    -5.0000  mid                2.4s
  331      1683.3       795.9    0.3375   1.00   0.50    -5.0000  mid                2.7s
  332      1381.7       828.7    0.3371   1.00   0.50    -5.0000  mid                3.8s
  333      1656.8       765.0    0.3367   1.00   0.50    -5.0000  mid                2.7s
  [stage] gen=334  gravity -9.81 → -9.81  ES restarted  remaining=165
  334       233.4       163.6    0.5000   1.00   0.50    -9.8100  earth              1.0s
  335       220.0         2.0    0.4903   1.00   0.50    -9.8100  earth              0.9s
  336       191.2       -10.2    0.4820   1.00   0.50    -9.8100  earth              0.8s
  337       209.6        31.3    0.4746   1.00   0.50    -9.8100  earth              0.8s
  338       224.7        26.8    0.4680   1.00   0.50    -9.8100  earth              0.9s
  339       267.4        56.6    0.4618   1.00   0.50    -9.8100  earth              0.8s
  [probe] gen=340 score=165.8 net=1.428 fell=1.000
  340       221.0        99.9    0.4562   1.00   0.50    -9.8100  earth              0.9s
  341       268.4        87.9    0.4510   1.00   0.50    -9.8100  earth              1.0s
  342       305.1        98.5    0.4463   1.00   0.50    -9.8100  earth              0.9s
  343       228.9        60.9    0.4420   1.00   0.50    -9.8100  earth              0.9s
  344       287.8        90.7    0.4381   1.00   0.50    -9.8100  earth              1.0s
  345       259.7       125.5    0.4345   1.00   0.50    -9.8100  earth              1.0s
  346       324.3       121.4    0.4312   1.00   0.50    -9.8100  earth              1.1s
  347       317.2       122.1    0.4281   1.00   0.50    -9.8100  earth              1.0s
  348       466.7       162.8    0.4250   1.00   0.50    -9.8100  earth              1.0s
  349       498.0       107.2    0.4222   1.00   0.50    -9.8100  earth              1.0s
  [probe] gen=350 score=386.2 net=2.174 fell=1.000 [new best earth]
  [plot] Saved fitness curve → experiments/thesis/staged_evolution/seed_03/fitness_curve.png
  350       423.9       186.5    0.4195   1.00   0.50    -9.8100  earth              1.2s
  351       480.4       199.8    0.4169   1.00   0.50    -9.8100  earth              1.2s
  352       410.3       164.3    0.4146   1.00   0.50    -9.8100  earth              1.3s
  353       362.9       131.0    0.4123   1.00   0.50    -9.8100  earth              1.2s
  354       383.3       140.2    0.4102   1.00   0.50    -9.8100  earth              1.3s
  355       381.2       156.6    0.4083   1.00   0.50    -9.8100  earth              1.3s
  356       390.8       178.2    0.4066   1.00   0.50    -9.8100  earth              1.4s
  357       584.5       142.3    0.4049   1.00   0.50    -9.8100  earth              1.3s
  358       422.6       179.1    0.4033   1.00   0.50    -9.8100  earth              1.3s
  359       670.1       217.7    0.4016   1.00   0.50    -9.8100  earth              1.4s
  [probe] gen=360 score=389.7 net=2.240 fell=1.000 [new best earth]
  360       541.8       177.7    0.4000   1.00   0.50    -9.8100  earth              1.3s
  361       467.4       148.5    0.3984   1.00   0.50    -9.8100  earth              1.3s
  362       642.5       172.7    0.3969   1.00   0.50    -9.8100  earth              1.4s
  363       631.9       182.8    0.3957   1.00   0.50    -9.8100  earth              1.3s
  364       535.8       199.4    0.3945   1.00   0.50    -9.8100  earth              1.4s
  365       589.1       202.9    0.3935   1.00   0.50    -9.8100  earth              1.7s
  366       562.7       236.5    0.3924   1.00   0.50    -9.8100  earth              1.4s
  367       553.9       174.5    0.3913   1.00   0.50    -9.8100  earth              1.5s
  368       660.3       198.3    0.3902   1.00   0.50    -9.8100  earth              1.8s
  369       518.7       173.1    0.3893   1.00   0.50    -9.8100  earth              1.9s
  [probe] gen=370 score=514.5 net=2.436 fell=0.700 [new best earth]
  370       735.6       250.5    0.3884   1.00   0.50    -9.8100  earth              1.8s
  371       650.8       280.2    0.3876   1.00   0.50    -9.8100  earth              1.9s
  372       519.9       208.8    0.3867   1.00   0.50    -9.8100  earth              1.9s
  373       627.9       243.3    0.3858   1.00   0.50    -9.8100  earth              1.8s
  374       676.4       261.9    0.3847   1.00   0.50    -9.8100  earth              2.0s
  [plot] Saved fitness curve → experiments/thesis/staged_evolution/seed_03/fitness_curve.png
  375       732.9       142.4    0.3839   1.00   0.50    -9.8100  earth              1.6s
  376       603.3       175.2    0.3831   1.00   0.50    -9.8100  earth              1.8s
  377       578.4       177.0    0.3822   1.00   0.50    -9.8100  earth              1.7s
  378       516.7       195.3    0.3811   1.00   0.50    -9.8100  earth              1.8s
  379       663.6       189.6    0.3799   1.00   0.50    -9.8100  earth              1.9s
  [probe] gen=380 score=543.3 net=2.267 fell=0.300 [new best earth]
  380       671.8       312.6    0.3787   1.00   0.50    -9.8100  earth              2.0s
  381       684.2       242.1    0.3774   1.00   0.50    -9.8100  earth              1.7s
  382       698.3       290.8    0.3762   1.00   0.50    -9.8100  earth              1.9s
  383       694.1       258.5    0.3751   1.00   0.50    -9.8100  earth              1.8s
  384       671.1       290.6    0.3740   1.00   0.50    -9.8100  earth              1.8s
  385       715.3       292.3    0.3730   1.00   0.50    -9.8100  earth              2.0s
  386       680.5       275.8    0.3719   1.00   0.50    -9.8100  earth              2.4s
  387       720.7       239.2    0.3708   1.00   0.50    -9.8100  earth              2.2s
  388       625.5       308.1    0.3699   1.00   0.50    -9.8100  earth              2.3s
  389       701.6       302.0    0.3689   1.00   0.50    -9.8100  earth              2.0s
  [probe] gen=390 score=680.7 net=3.249 fell=0.800 [new best earth]
  390       786.7       304.7    0.3679   1.00   0.50    -9.8100  earth              2.1s
  391       729.2       398.4    0.3671   1.00   0.50    -9.8100  earth              2.2s
  392       702.8       312.7    0.3664   1.00   0.50    -9.8100  earth              2.0s
  393       738.5       327.3    0.3658   1.00   0.50    -9.8100  earth              2.2s
  394       734.7       309.6    0.3652   1.00   0.50    -9.8100  earth              2.0s
  395       774.4       331.1    0.3646   1.00   0.50    -9.8100  earth              2.6s
  396       761.5       312.2    0.3641   1.00   0.50    -9.8100  earth              2.0s
  397       815.6       414.0    0.3637   1.00   0.50    -9.8100  earth              2.4s
  398       715.9       308.9    0.3632   1.00   0.50    -9.8100  earth              1.9s
  399       830.4       398.1    0.3626   1.00   0.50    -9.8100  earth              2.5s
  [probe] gen=400 score=696.3 net=3.038 fell=0.300 [new best earth]
  [plot] Saved fitness curve → experiments/thesis/staged_evolution/seed_03/fitness_curve.png
  400       782.4       366.0    0.3620   1.00   0.50    -9.8100  earth              2.3s
  401       802.5       390.4    0.3615   1.00   0.50    -9.8100  earth              2.3s
  402       779.8       352.3    0.3612   1.00   0.50    -9.8100  earth              2.2s
  403       774.1       390.3    0.3609   1.00   0.50    -9.8100  earth              2.4s
  404       768.5       346.3    0.3606   1.00   0.50    -9.8100  earth              2.2s
  405       885.1       275.4    0.3602   1.00   0.50    -9.8100  earth              2.2s
  406       752.7       281.2    0.3600   1.00   0.50    -9.8100  earth              2.3s
  407       701.4       303.4    0.3598   1.00   0.50    -9.8100  earth              2.0s
  408       828.1       234.8    0.3596   1.00   0.50    -9.8100  earth              1.9s
  409       819.4       279.9    0.3595   1.00   0.50    -9.8100  earth              1.8s
  [probe] gen=410 score=787.5 net=3.448 fell=0.200 [new best earth]
  410       799.9       293.8    0.3594   1.00   0.50    -9.8100  earth              1.8s
  411       929.9       339.5    0.3594   1.00   0.50    -9.8100  earth              2.1s
  412       783.2       314.1    0.3593   1.00   0.50    -9.8100  earth              2.0s
  413       781.9       307.6    0.3592   1.00   0.50    -9.8100  earth              1.7s
  414       725.5       355.2    0.3592   1.00   0.50    -9.8100  earth              2.4s
  415       812.4       403.1    0.3592   1.00   0.50    -9.8100  earth              2.5s
  416       767.8       395.8    0.3592   1.00   0.50    -9.8100  earth              2.5s
  417       805.9       353.7    0.3592   1.00   0.50    -9.8100  earth              2.3s
  418       896.4       363.8    0.3593   1.00   0.50    -9.8100  earth              2.5s
  419       782.2       372.8    0.3593   1.00   0.50    -9.8100  earth              1.9s
  [probe] gen=420 score=738.5 net=3.285 fell=0.400
  420       751.9       330.2    0.3593   1.00   0.50    -9.8100  earth              2.1s
  421       754.1       368.0    0.3594   1.00   0.50    -9.8100  earth              2.4s
  422       724.3       383.4    0.3594   1.00   0.50    -9.8100  earth              2.5s
  423       715.1       329.1    0.3594   1.00   0.50    -9.8100  earth              2.3s
  424       689.3       345.1    0.3594   1.00   0.50    -9.8100  earth              2.3s
  [plot] Saved fitness curve → experiments/thesis/staged_evolution/seed_03/fitness_curve.png
  425       822.7       353.7    0.3593   1.00   0.50    -9.8100  earth              2.5s
  426       823.1       410.6    0.3590   1.00   0.50    -9.8100  earth              2.6s
  427       750.0       337.6    0.3588   1.00   0.50    -9.8100  earth              2.3s
  428       705.5       405.3    0.3585   1.00   0.50    -9.8100  earth              2.5s
  429       813.3       410.4    0.3583   1.00   0.50    -9.8100  earth              2.6s
  [probe] gen=430 score=573.7 net=2.741 fell=0.600
  430       785.6       368.8    0.3581   1.00   0.50    -9.8100  earth              2.3s
  431       803.4       486.0    0.3579   1.00   0.50    -9.8100  earth              2.6s
  432       821.4       389.3    0.3577   1.00   0.50    -9.8100  earth              2.2s
  433       783.1       426.1    0.3575   1.00   0.50    -9.8100  earth              2.1s
  434       792.6       471.6    0.3572   1.00   0.50    -9.8100  earth              2.8s
  435       950.7       384.5    0.3571   1.00   0.50    -9.8100  earth              2.5s
  436       811.3       365.4    0.3572   1.00   0.50    -9.8100  earth              2.5s
  437       763.7       447.3    0.3573   1.00   0.50    -9.8100  earth              2.8s
  438       743.5       442.2    0.3576   1.00   0.50    -9.8100  earth              2.6s
  439       794.3       431.7    0.3579   1.00   0.50    -9.8100  earth              2.6s
  [probe] gen=440 score=768.9 net=3.262 fell=0.000
  440       776.3       350.2    0.3582   1.00   0.50    -9.8100  earth              2.1s
  441       808.5       389.0    0.3584   1.00   0.50    -9.8100  earth              2.1s
  442       793.5       423.4    0.3586   1.00   0.50    -9.8100  earth              2.8s
  443       725.9       447.8    0.3588   1.00   0.50    -9.8100  earth              2.7s
  444       708.7       322.6    0.3590   1.00   0.50    -9.8100  earth              2.5s
  445       746.2       416.5    0.3590   1.00   0.50    -9.8100  earth              3.0s
  446       720.8       375.9    0.3590   1.00   0.50    -9.8100  earth              2.7s
  447       831.6       348.0    0.3590   1.00   0.50    -9.8100  earth              2.3s
  448       755.7       355.7    0.3591   1.00   0.50    -9.8100  earth              2.6s
  449       723.8       348.7    0.3591   1.00   0.50    -9.8100  earth              2.2s
  [probe] gen=450 score=625.3 net=2.772 fell=0.500
  [plot] Saved fitness curve → experiments/thesis/staged_evolution/seed_03/fitness_curve.png
  450       716.8       411.7    0.3592   1.00   0.50    -9.8100  earth              2.5s
  451       773.7       433.1    0.3593   1.00   0.50    -9.8100  earth              2.7s
  452       862.0       436.6    0.3592   1.00   0.50    -9.8100  earth              2.6s
  453       813.9       405.8    0.3593   1.00   0.50    -9.8100  earth              2.7s
  454       825.1       347.7    0.3593   1.00   0.50    -9.8100  earth              2.4s
  455       866.6       419.2    0.3592   1.00   0.50    -9.8100  earth              2.6s
  456       808.5       415.7    0.3592   1.00   0.50    -9.8100  earth              2.3s
  457       793.6       497.9    0.3592   1.00   0.50    -9.8100  earth              2.7s
  458       887.9       419.4    0.3591   1.00   0.50    -9.8100  earth              2.3s
  459       863.5       468.3    0.3590   1.00   0.50    -9.8100  earth              2.5s
  [probe] gen=460 score=771.1 net=3.468 fell=0.300
  460       801.8       442.6    0.3589   1.00   0.50    -9.8100  earth              2.4s
  461       781.5       437.6    0.3588   1.00   0.50    -9.8100  earth              2.6s
  462       813.6       452.6    0.3587   1.00   0.50    -9.8100  earth              2.7s
  463       854.6       501.7    0.3585   1.00   0.50    -9.8100  earth              2.7s
  464       843.0       490.6    0.3584   1.00   0.50    -9.8100  earth              2.7s
  465       788.3       461.5    0.3584   1.00   0.50    -9.8100  earth              2.4s
  466       821.1       455.6    0.3583   1.00   0.50    -9.8100  earth              2.5s
  467       859.9       433.7    0.3582   1.00   0.50    -9.8100  earth              2.7s
  468       850.3       476.5    0.3581   1.00   0.50    -9.8100  earth              2.7s
  469       849.3       453.3    0.3581   1.00   0.50    -9.8100  earth              2.6s
  [probe] gen=470 score=803.3 net=3.432 fell=0.000 [new best earth]
  470       780.3       471.9    0.3581   1.00   0.50    -9.8100  earth              2.5s
  471       815.0       421.5    0.3580   1.00   0.50    -9.8100  earth              2.5s
  472       779.1       480.0    0.3581   1.00   0.50    -9.8100  earth              2.6s
  473       797.9       451.0    0.3582   1.00   0.50    -9.8100  earth              2.8s
  474       833.6       464.8    0.3583   1.00   0.50    -9.8100  earth              2.7s
  [plot] Saved fitness curve → experiments/thesis/staged_evolution/seed_03/fitness_curve.png
  475       845.9       444.0    0.3583   1.00   0.50    -9.8100  earth              3.1s
  476       801.9       442.9    0.3583   1.00   0.50    -9.8100  earth              2.5s
  477       858.0       407.8    0.3584   1.00   0.50    -9.8100  earth              2.4s
  478       895.7       489.4    0.3586   1.00   0.50    -9.8100  earth              2.8s
  479       817.7       488.6    0.3586   1.00   0.50    -9.8100  earth              3.0s
  [probe] gen=480 score=767.5 net=3.182 fell=0.000
  480       760.2       433.8    0.3588   1.00   0.50    -9.8100  earth              2.6s
  481       793.1       447.2    0.3587   1.00   0.50    -9.8100  earth              2.6s
  482       781.1       402.4    0.3587   1.00   0.50    -9.8100  earth              2.5s
  483       773.4       465.4    0.3587   1.00   0.50    -9.8100  earth              3.0s
  484       823.7       471.0    0.3587   1.00   0.50    -9.8100  earth              3.2s
  485       808.4       390.2    0.3588   1.00   0.50    -9.8100  earth              2.5s
  486       836.4       449.9    0.3590   1.00   0.50    -9.8100  earth              2.7s
  487       796.0       457.9    0.3592   1.00   0.50    -9.8100  earth              2.7s
  488       843.3       435.2    0.3594   1.00   0.50    -9.8100  earth              2.6s
  489       848.6       506.0    0.3596   1.00   0.50    -9.8100  earth              2.5s
  [probe] gen=490 score=765.3 net=3.316 fell=0.200
  490       779.3       483.2    0.3598   1.00   0.50    -9.8100  earth              2.8s
  491       784.0       391.3    0.3600   1.00   0.50    -9.8100  earth              2.4s
  492       812.5       490.4    0.3602   1.00   0.50    -9.8100  earth              2.6s
  493       823.0       460.4    0.3604   1.00   0.50    -9.8100  earth              2.7s
  494       805.4       423.2    0.3606   1.00   0.50    -9.8100  earth              2.9s
  495       871.3       512.9    0.3607   1.00   0.50    -9.8100  earth              2.9s
  496       838.1       406.0    0.3608   1.00   0.50    -9.8100  earth              2.4s
  497       793.8       498.4    0.3608   1.00   0.50    -9.8100  earth              2.7s
  498       897.0       553.3    0.3608   1.00   0.50    -9.8100  earth              3.0s
  499       899.4       497.1    0.3607   1.00   0.50    -9.8100  earth              2.8s
  [plot] Saved fitness curve → experiments/thesis/staged_evolution/seed_03/fitness_curve.png

Training complete. Best fitness: 1778.2
Best params → experiments/thesis/staged_evolution/seed_03/checkpoints/best_params.npy
Fitness curve → experiments/thesis/staged_evolution/seed_03/fitness_curve.png
Eval params  → best_earth_params (earth probe score: 803.3)
Final Earth scorecard | score=755.6 net=3.285 fell=0.150
Gravity sweep | gravities=5 mean_net=1.517 worst_net=0.141
  [exp] Wrote experiments/thesis/staged_evolution/seed_03/experiment.json
  [exp] Wrote experiments/thesis/staged_evolution/seed_03/training_log.csv
  [exp] Wrote experiments/thesis/staged_evolution/seed_03/earth_probe.csv
  [exp] Wrote experiments/thesis/staged_evolution/seed_03/gravity_sweep.csv
  [exp] Wrote experiments/thesis/staged_evolution/seed_03/summary.json
