Walker2d-v5 | policy=CPG  params=504
Curriculum   : RandomUniform  gravity U[-12.0, -6.0]  seed=4
Run context | seed=4 arm=random_variable_gravity run_id=random_variable_gravity_seed_04


Starting CMA-ES | pop=40 | sigma0=0.5 | max_gen=500 | workers=8 | seed=4
Checkpoints → experiments/thesis/random_variable_gravity/seed_04/checkpoints/

  Gen        Best        Mean     Sigma    Gravity  Phase              Time
------------------------------------------------------------------------
  [probe] gen=0 score=-243.2 net=0.137 fell=1.000
  [plot] Saved fitness curve → experiments/thesis/random_variable_gravity/seed_04/fitness_curve.png
    0      -211.9      -389.5    0.4907    -6.3417  random             1.5s
    1      -335.5      -387.7    0.4826   -10.5834  random             0.1s
    2      -301.9      -373.9    0.4754    -8.2066  random             0.1s
    3      -316.5      -367.9    0.4690   -10.8089  random             0.1s
    4      -284.3      -363.4    0.4631   -11.2926  random             0.1s
    5      -301.7      -357.6    0.4576   -10.9059  random             0.1s
    6      -308.6      -352.8    0.4527   -11.5519  random             0.1s
    7      -282.4      -348.3    0.4482    -9.3386  random             0.2s
    8      -254.0      -338.7    0.4441    -8.1066  random             0.1s
    9      -202.1      -345.6    0.4405    -8.5137  random             0.2s
  [probe] gen=10 score=-279.9 net=-0.014 fell=1.000
   10      -256.8      -330.2    0.4372    -6.6640  random             0.2s
   11      -242.2      -334.6    0.4344    -7.5517  random             0.2s
   12      -222.4      -334.2    0.4319    -9.1391  random             0.2s
   13      -296.0      -323.0    0.4296    -6.7112  random             0.2s
   14      -218.1      -320.5    0.4274    -9.6158  random             0.2s
   15      -229.6      -319.9    0.4254   -11.7911  random             0.2s
   16       -95.0      -321.9    0.4236    -9.3735  random             0.2s
   17       -87.7      -311.9    0.4219   -11.3513  random             0.2s
   18      -108.1      -289.8    0.4203   -10.6033  random             0.3s
   19      -196.8      -314.0    0.4189    -6.9765  random             0.3s
  [probe] gen=20 score=-185.4 net=0.299 fell=1.000
   20      -149.3      -300.8    0.4173    -9.4860  random             0.3s
   21      -111.1      -306.1    0.4159    -6.7842  random             0.2s
   22       -71.4      -273.7    0.4146    -8.7645  random             0.3s
   23         3.7      -235.8    0.4137   -11.7833  random             0.3s
   24         5.6      -255.1    0.4126   -10.4849  random             0.4s
  [plot] Saved fitness curve → experiments/thesis/random_variable_gravity/seed_04/fitness_curve.png
   25       -82.1      -242.5    0.4118    -9.2385  random             0.3s
   26       103.4      -232.5    0.4109    -9.6048  random             0.4s
   27       -36.6      -245.8    0.4100    -9.0047  random             0.5s
   28        -3.5      -214.3    0.4092   -10.2601  random             0.5s
   29         2.8      -213.3    0.4084   -10.1398  random             0.4s
  [probe] gen=30 score=29.5 net=1.053 fell=1.000
   30         8.4      -191.7    0.4076    -7.3362  random             0.5s
   31        69.3      -186.5    0.4068    -7.2654  random             0.6s
   32       203.8      -183.7    0.4060    -7.4054  random             0.6s
   33       199.5       -63.5    0.4052   -11.0007  random             0.6s
   34       165.7      -107.5    0.4046    -8.9740  random             0.7s
   35       175.6       -82.4    0.4041    -6.0303  random             0.9s
   36       177.5      -110.3    0.4038    -8.7044  random             0.7s
   37       201.1       -35.9    0.4035   -11.3700  random             0.7s
   38       474.3       -63.7    0.4031    -7.9196  random             0.8s
   39       172.6       -35.2    0.4031   -10.2782  random             0.7s
  [probe] gen=40 score=183.2 net=1.673 fell=1.000
   40       201.0       -86.2    0.4028    -8.8430  random             0.8s
   41       134.6       -51.9    0.4027   -11.5715  random             0.7s
   42       292.3       -42.0    0.4026    -8.0148  random             0.9s
   43       289.4       -68.2    0.4023    -8.7747  random             0.9s
   44       248.7       -64.4    0.4020    -7.1577  random             0.9s
   45       193.9       -52.4    0.4017   -11.9600  random             0.8s
   46       307.8       -30.0    0.4013    -8.2870  random             1.0s
   47       228.9       -53.2    0.4011    -9.0499  random             0.8s
   48       295.2       -84.9    0.4011    -6.4185  random             1.0s
   49       213.2       -26.2    0.4012   -10.6118  random             0.7s
  [probe] gen=50 score=200.2 net=1.719 fell=1.000
  [plot] Saved fitness curve → experiments/thesis/random_variable_gravity/seed_04/fitness_curve.png
   50       245.9       -47.4    0.4013    -9.4148  random             0.8s
   51       278.5       -10.0    0.4013    -9.8157  random             0.8s
   52       124.5      -157.1    0.4012    -6.5864  random             0.9s
   53       224.6       -24.0    0.4012    -8.1646  random             0.9s
   54       237.4       -28.5    0.4013   -10.0067  random             0.8s
   55       261.9         8.1    0.4015   -11.7444  random             0.7s
   56       373.0       -56.0    0.4017    -6.9633  random             1.0s
   57       235.3        -9.5    0.4017    -8.4854  random             1.0s
   58       266.5       -12.1    0.4018    -7.3305  random             1.0s
   59       248.9        23.4    0.4018    -8.2362  random             0.9s
  [probe] gen=60 score=145.2 net=1.486 fell=1.000
   60       303.6       -34.1    0.4020    -6.2937  random             1.1s
   61       282.9        31.5    0.4021    -7.2814  random             1.0s
   62       249.1        46.4    0.4024   -10.2632  random             0.9s
   63       241.9        26.1    0.4028   -11.4558  random             0.9s
   64       319.0        20.8    0.4032   -10.6372  random             0.9s
   65       277.6        22.1    0.4036    -6.2449  random             1.1s
   66       206.3        15.7    0.4041   -11.9782  random             0.9s
   67       356.2       -84.4    0.4046    -6.2093  random             1.2s
   68       268.5        39.7    0.4051    -6.5596  random             1.1s
   69       314.4        40.1    0.4057    -7.2706  random             1.0s
  [probe] gen=70 score=262.4 net=1.822 fell=1.000
   70       265.6        72.3    0.4063    -9.5791  random             0.8s
   71       350.8        28.7    0.4069   -10.1454  random             0.9s
   72       383.6        62.7    0.4077   -10.7668  random             1.0s
   73       335.4         6.5    0.4085    -8.3897  random             1.0s
   74       385.0        54.5    0.4092    -6.9915  random             1.2s
  [plot] Saved fitness curve → experiments/thesis/random_variable_gravity/seed_04/fitness_curve.png
   75       351.7        27.1    0.4099   -10.4417  random             1.0s
   76       428.3        39.8    0.4105    -6.9751  random             1.1s
   77       239.4        66.5    0.4110   -10.0278  random             0.9s
   78       387.6        86.7    0.4116    -8.8226  random             1.1s
   79       357.6        38.6    0.4123   -11.0691  random             0.9s
  [probe] gen=80 score=286.5 net=2.008 fell=1.000
   80       316.6        33.2    0.4130    -9.0175  random             1.1s
   81       406.3        82.7    0.4137    -6.8456  random             1.1s
   82       306.7        91.2    0.4142    -8.2267  random             1.2s
   83       458.4        36.6    0.4149    -7.3079  random             1.0s
   84       302.1        42.5    0.4156   -10.6751  random             0.9s
   85       288.8        13.5    0.4161    -9.7645  random             1.0s
   86       326.9        41.5    0.4166   -10.0306  random             1.0s
   87       390.6        40.7    0.4171    -7.7340  random             1.2s
   88       462.3        76.2    0.4176    -7.3223  random             1.2s
   89       379.3       -15.1    0.4180   -10.1552  random             1.1s
  [probe] gen=90 score=383.1 net=2.354 fell=1.000
   90       482.8       136.4    0.4186    -7.9309  random             1.2s
   91       379.0       152.9    0.4188   -11.8389  random             1.0s
   92       676.7       130.9    0.4190    -7.2010  random             1.5s
   93       667.3       134.4    0.4193    -8.7726  random             1.2s
   94       659.9       126.5    0.4195    -7.4847  random             1.2s
   95       569.4       202.8    0.4196    -7.9718  random             1.3s
   96       535.2       143.2    0.4195    -7.9147  random             1.2s
   97       558.4       150.9    0.4197    -7.5411  random             1.3s
   98       584.9       190.6    0.4200    -8.0790  random             1.3s
   99       441.1       190.8    0.4203    -9.4739  random             1.2s
  [probe] gen=100 score=206.9 net=1.375 fell=1.000
  [plot] Saved fitness curve → experiments/thesis/random_variable_gravity/seed_04/fitness_curve.png
  100       324.5       122.7    0.4205   -11.4582  random             1.0s
  101       540.1       110.7    0.4205    -7.0769  random             1.2s
  102       509.1       118.5    0.4204    -8.5731  random             1.2s
  103       403.9       116.9    0.4202   -11.1181  random             0.9s
  104       508.0       221.9    0.4200    -7.8245  random             1.2s
  105       439.9       175.7    0.4197   -10.4445  random             1.0s
  106       531.6       159.8    0.4195    -8.6387  random             1.2s
  107       342.1       150.1    0.4195   -11.8404  random             1.0s
  108       490.4       143.5    0.4194   -10.3456  random             1.2s
  109       424.4       100.0    0.4194   -10.4445  random             1.1s
  [probe] gen=110 score=234.8 net=1.883 fell=1.000
  110       582.0        61.9    0.4193    -7.8495  random             1.2s
  111       558.6       142.8    0.4192    -8.2541  random             1.2s
  112       495.4       118.5    0.4190   -11.7285  random             0.9s
  113       888.1       197.8    0.4188    -6.6280  random             1.4s
  114       472.4       159.5    0.4188    -9.7588  random             1.1s
  115       412.7       186.8    0.4186   -11.5180  random             1.0s
  116       690.5       244.9    0.4184    -6.9326  random             1.4s
  117       737.0       284.0    0.4182    -8.0652  random             1.2s
  118       468.6       227.5    0.4177   -10.7948  random             1.0s
  119       658.2       179.5    0.4176    -6.0649  random             1.6s
  [probe] gen=120 score=435.6 net=2.431 fell=1.000
  120       638.9       261.2    0.4174    -7.9540  random             1.3s
  121       621.0       232.4    0.4172    -8.3526  random             1.4s
  122       694.9       274.5    0.4171    -6.3959  random             1.6s
  123       556.0       227.4    0.4171    -9.9303  random             1.2s
  124       462.9       249.1    0.4172   -10.5315  random             1.2s
  [plot] Saved fitness curve → experiments/thesis/random_variable_gravity/seed_04/fitness_curve.png
  125       622.6       205.6    0.4174    -7.0381  random             1.6s
  126       637.5       270.3    0.4176    -9.4440  random             1.2s
  127       981.4       317.0    0.4178    -6.6366  random             1.6s
  128       687.0       295.5    0.4178    -8.4995  random             1.2s
  129       712.9       273.6    0.4179    -8.2266  random             1.3s
  [probe] gen=130 score=471.2 net=2.905 fell=1.000
  130       418.3       203.8    0.4181    -9.7394  random             1.0s
  131       417.8       226.5    0.4182   -10.1263  random             1.0s
  132       563.3       265.6    0.4185    -8.2959  random             1.2s
  133       471.8       190.4    0.4189   -10.2564  random             1.1s
  134       462.1       182.8    0.4193    -9.5358  random             1.2s
  135       428.3       182.9    0.4197   -11.3990  random             1.0s
  136       673.9       180.5    0.4202    -9.8294  random             1.1s
  137       542.0       205.6    0.4206    -8.9584  random             1.3s
  138       650.2       231.8    0.4210   -10.7879  random             1.2s
  139       994.3       121.8    0.4214    -6.4721  random             1.4s
  [probe] gen=140 score=273.4 net=1.863 fell=1.000
  140       597.8       291.8    0.4217    -7.8365  random             1.4s
  141       713.2       253.6    0.4220    -9.4203  random             1.2s
  142       561.8       196.3    0.4223   -11.0972  random             1.0s
  143       535.8       182.9    0.4226    -6.5288  random             1.4s
  144       592.5       219.2    0.4229    -9.7236  random             1.4s
  145       442.0       180.7    0.4231   -11.0609  random             1.2s
  146       631.9       221.6    0.4234    -9.7886  random             1.4s
  147       838.1       314.1    0.4237    -7.5742  random             1.7s
  148      1285.8       384.5    0.4239    -6.9424  random             2.0s
  149       740.9       283.4    0.4243   -10.3530  random             1.3s
  [probe] gen=150 score=186.3 net=1.504 fell=1.000
  [plot] Saved fitness curve → experiments/thesis/random_variable_gravity/seed_04/fitness_curve.png
  150       531.0       238.1    0.4247   -11.2447  random             1.2s
  151       591.2       183.8    0.4251   -10.2980  random             1.5s
  152       904.5       297.1    0.4255    -8.2405  random             1.7s
  153       976.7       357.5    0.4258    -7.1705  random             1.7s
  154       924.4       349.3    0.4261    -7.7983  random             1.7s
  155       611.5       221.4    0.4263   -10.7575  random             1.5s
  156       648.8       255.8    0.4266    -8.7370  random             1.6s
  157       850.2       313.5    0.4269    -8.6699  random             1.6s
  158       504.3       224.1    0.4270   -11.9259  random             1.2s
  159       531.0       256.7    0.4272    -9.5765  random             1.8s
  [probe] gen=160 score=330.8 net=1.718 fell=1.000
  160       508.7       217.1    0.4273   -11.3736  random             1.4s
  161       644.9       279.4    0.4273   -10.0486  random             1.7s
  162       607.3       285.9    0.4273    -9.6427  random             1.5s
  163       618.8       248.0    0.4273   -11.6845  random             1.3s
  164       724.9       127.3    0.4275    -7.2304  random             1.7s
  165       518.2       191.1    0.4276   -11.4134  random             1.5s
  166       524.4       194.0    0.4276   -11.8653  random             1.3s
  167       957.4       174.9    0.4278    -6.9656  random             1.8s
  168       830.1       212.6    0.4283    -8.7865  random             1.7s
  169       602.0       215.3    0.4288   -11.1175  random             1.5s
  [probe] gen=170 score=724.1 net=3.554 fell=1.000
  170       719.3       265.5    0.4290   -11.7643  random             1.4s
  171       838.5        28.3    0.4293    -6.1037  random             1.6s
  172       708.3       293.0    0.4295    -8.6972  random             1.9s
  173       708.0       301.8    0.4298   -10.0876  random             1.5s
  174      1167.2       341.5    0.4299    -7.1383  random             1.9s
  [plot] Saved fitness curve → experiments/thesis/random_variable_gravity/seed_04/fitness_curve.png
  175      1036.8       415.5    0.4300    -7.1921  random             2.2s
  176       879.0       358.1    0.4302    -8.4967  random             1.7s
  177      1114.7       435.8    0.4305    -8.7859  random             2.2s
  178      1363.0       444.2    0.4307    -6.9342  random             2.2s
  179      1428.8       453.6    0.4310    -6.6753  random             2.1s
  [probe] gen=180 score=891.3 net=4.468 fell=1.000
  180       663.3       235.2    0.4314   -11.2987  random             1.1s
  181      1414.2       324.8    0.4318    -6.1623  random             2.3s
  182       838.0       346.3    0.4320    -9.4581  random             1.6s
  183       679.2       254.0    0.4324   -10.6670  random             1.3s
  184      1041.4       388.7    0.4326    -7.0591  random             2.2s
  185      1035.3       313.9    0.4330    -7.6215  random             1.9s
  186      1058.8       383.6    0.4332    -8.5483  random             2.2s
  187       795.3       253.4    0.4333   -10.8592  random             1.6s
  188       863.7       217.3    0.4333    -8.3772  random             2.5s
  189       463.6       220.8    0.4334   -11.6027  random             1.4s
  [probe] gen=190 score=583.1 net=2.758 fell=1.000
  190       626.3       300.5    0.4334   -11.1671  random             1.5s
  191       712.2       296.1    0.4335   -10.8569  random             1.6s
  192       597.1       259.1    0.4334   -11.8294  random             1.4s
  193       869.0       244.9    0.4335    -7.6529  random             1.9s
  194      1087.4       329.1    0.4337    -7.9239  random             2.3s
  195      1118.8       373.4    0.4340    -8.4372  random             1.9s
  196      1450.8       398.1    0.4341    -7.1355  random             2.0s
  197       589.6       235.2    0.4343   -11.4057  random             1.3s
  198       536.0       243.3    0.4346   -11.9236  random             1.3s
  199       639.9       233.8    0.4349   -11.2508  random             1.6s
  [probe] gen=200 score=530.7 net=2.961 fell=1.000
  [plot] Saved fitness curve → experiments/thesis/random_variable_gravity/seed_04/fitness_curve.png
  200       792.4       238.4    0.4352    -9.3554  random             1.6s
  201       985.1       322.6    0.4356    -6.7597  random             2.0s
  202       790.9       364.1    0.4360   -10.3440  random             1.5s
  203       507.9       228.3    0.4363   -11.6679  random             1.2s
  204       807.9       286.4    0.4367    -9.4124  random             1.9s
  205       592.6       293.5    0.4370   -11.0493  random             1.4s
  206      1117.5       171.0    0.4372    -6.5457  random             2.2s
  207       805.9       280.5    0.4376    -9.4230  random             1.8s
  208       875.8       338.6    0.4381    -8.7531  random             1.9s
  209       920.8       346.3    0.4385    -6.8351  random             2.4s
  [probe] gen=210 score=396.3 net=2.248 fell=0.900
  210       726.2       289.4    0.4388   -10.8540  random             1.7s
  211       700.5       331.4    0.4392    -9.9095  random             1.8s
  212      1109.1       329.5    0.4394    -6.4766  random             2.6s
  213      1105.6       510.5    0.4398    -6.2615  random             2.8s
  214      1260.2       484.2    0.4401    -6.2553  random             2.5s
  215       896.6       368.1    0.4402    -9.1744  random             2.0s
  216      1075.1       388.0    0.4403    -6.2092  random             2.5s
  217      1121.9       425.9    0.4406    -7.9215  random             2.2s
  218       932.8       347.4    0.4407    -8.9520  random             2.2s
  219       819.5       377.8    0.4409    -7.8471  random             2.4s
  [probe] gen=220 score=346.9 net=2.254 fell=1.000
  220      1200.4       422.6    0.4408    -7.0706  random             2.7s
  221      1239.3       560.6    0.4406    -6.2644  random             2.7s
  222       859.2       342.5    0.4405    -8.4955  random             2.0s
  223       836.8       313.5    0.4403   -10.2268  random             2.1s
  224      1015.3       365.8    0.4402   -10.3188  random             1.9s
  [plot] Saved fitness curve → experiments/thesis/random_variable_gravity/seed_04/fitness_curve.png
  225      1008.9       316.5    0.4400    -7.1629  random             2.8s
  226       939.0       325.1    0.4397   -10.6980  random             1.9s
  227      1078.3       343.8    0.4395    -7.2392  random             2.6s
  228      1034.6       426.5    0.4392    -8.3446  random             2.7s
  229       905.6       311.0    0.4391   -11.2970  random             2.2s
  [probe] gen=230 score=245.4 net=1.506 fell=1.000
  230       751.6       325.4    0.4389   -11.1426  random             2.0s
  231       810.1       336.3    0.4389   -11.6401  random             2.0s
  232      1197.1       243.4    0.4389    -7.1398  random             2.4s
  233      1155.8       388.8    0.4392    -8.0919  random             2.3s
  234       682.8       253.7    0.4394   -10.9007  random             1.7s
  235       975.1       346.5    0.4396    -8.7996  random             2.3s
  236       976.7       257.6    0.4398    -8.3359  random             2.6s
  237       804.3       280.6    0.4402   -11.0362  random             1.8s
  238       731.3       340.5    0.4406   -10.3836  random             2.1s
  239       935.6       307.7    0.4409    -9.2586  random             2.9s
  [probe] gen=240 score=367.3 net=2.089 fell=1.000
  240       983.5       374.4    0.4412    -8.4396  random             2.7s
  241      1041.1       455.3    0.4416    -8.4650  random             2.6s
  242      1407.2       523.7    0.4421    -6.5865  random             3.3s
  243      1243.4       564.3    0.4427    -8.2227  random             2.8s
  244      1051.0       497.4    0.4432    -7.8902  random             2.5s
  245       941.2       524.5    0.4437    -8.3282  random             2.5s
  246      1008.6       572.1    0.4443    -8.0401  random             2.5s
  247       673.9       267.2    0.4448   -11.7714  random             1.3s
  248      1151.0       432.7    0.4454    -7.7296  random             2.7s
  249       754.3       297.3    0.4460   -11.9600  random             1.7s
  [probe] gen=250 score=229.5 net=1.196 fell=0.400
  [plot] Saved fitness curve → experiments/thesis/random_variable_gravity/seed_04/fitness_curve.png
  250       940.0       338.9    0.4467   -11.7557  random             1.9s
  251      1123.3       445.6    0.4473    -8.2770  random             2.6s
  252      1239.1       495.5    0.4478    -7.3374  random             2.8s
  253      1200.0       496.7    0.4484    -9.3547  random             2.5s
  254      1156.2       534.4    0.4490    -9.1428  random             2.4s
  255      1288.4       684.9    0.4495    -7.1536  random             2.9s
  256       967.3       368.6    0.4499   -10.0024  random             1.8s
  257      1006.0       535.9    0.4504    -6.0556  random             2.7s
  258      1338.9       596.4    0.4510    -7.7169  random             2.8s
  259      1106.6       402.2    0.4515    -9.8238  random             2.0s
  [probe] gen=260 score=920.9 net=4.353 fell=0.600
  260      1070.5       521.1    0.4521    -8.9453  random             2.5s
  261      1435.5       538.6    0.4527    -6.4601  random             2.8s
  262      1108.7       376.5    0.4533    -9.8142  random             1.7s
  263      1081.4       414.0    0.4537    -9.6557  random             2.0s
  264       910.2       388.1    0.4539    -9.8259  random             2.1s
  265      1213.3       561.6    0.4543    -7.3347  random             3.0s
  266      1335.7       510.9    0.4545    -8.8645  random             2.3s
  267      1119.3       465.8    0.4547    -6.2054  random             2.7s
  268      1018.8       382.1    0.4548    -9.3822  random             1.8s
  269       969.9       424.9    0.4549   -10.2528  random             2.0s
  [probe] gen=270 score=419.8 net=2.666 fell=1.000
  270      1258.2       547.3    0.4550    -7.3465  random             2.8s
  271      1237.5       486.7    0.4550    -9.1932  random             2.2s
  272      1355.4       537.2    0.4549    -8.1663  random             2.7s
  273      1118.0       361.6    0.4550   -10.2990  random             2.2s
  274      1286.8       563.6    0.4550    -7.7656  random             2.7s
  [plot] Saved fitness curve → experiments/thesis/random_variable_gravity/seed_04/fitness_curve.png
  275       642.1       254.9    0.4549   -11.1142  random             2.0s
  276      1053.2       410.0    0.4547   -10.2788  random             1.9s
  277      1233.9       485.2    0.4546    -8.4008  random             2.7s
  278      1183.7       514.4    0.4547    -6.7818  random             2.7s
  279       964.6       467.5    0.4549    -9.0200  random             2.3s
  [probe] gen=280 score=1027.5 net=5.227 fell=1.000
  280      1238.1       483.6    0.4551    -8.3103  random             2.7s
  281      1169.4       572.2    0.4555    -8.0470  random             2.6s
  282      1211.7       502.5    0.4556    -8.5689  random             2.4s
  283      1008.0       533.0    0.4557    -8.8731  random             2.3s
  284      1288.3       581.7    0.4560    -8.2436  random             2.9s
  285      1200.4       474.7    0.4560    -8.6899  random             2.6s
  286      1098.7       575.4    0.4563    -8.4933  random             2.4s
  287       824.6       357.1    0.4564   -10.6957  random             1.5s
  288       902.5       447.0    0.4568   -10.4615  random             1.9s
  289       711.8       296.1    0.4570   -10.9230  random             1.6s
  [probe] gen=290 score=386.1 net=2.473 fell=1.000
  290      1137.3       574.2    0.4571    -7.1589  random             2.9s
  291       795.0       318.5    0.4574   -10.3848  random             1.4s
  292       885.9       364.2    0.4577   -10.2168  random             1.6s
  293       829.0       345.7    0.4581   -10.2535  random             1.8s
  294       991.5       332.1    0.4585   -10.7139  random             1.8s
  295      1294.1       476.8    0.4589    -6.5370  random             2.4s
  296      1179.0       499.7    0.4593    -8.1860  random             2.2s
  297      1129.0       613.1    0.4597    -6.1443  random             3.0s
  298       659.1       299.3    0.4601   -10.2686  random             1.4s
  299      1049.9       467.1    0.4605    -8.7903  random             2.1s
  [probe] gen=300 score=439.5 net=2.809 fell=1.000
  [plot] Saved fitness curve → experiments/thesis/random_variable_gravity/seed_04/fitness_curve.png
  300      1157.9       524.5    0.4609    -6.5264  random             2.6s
  301      1046.9       375.6    0.4612    -9.4460  random             1.7s
  302      1193.1       504.2    0.4617    -8.3266  random             2.0s
  303       982.5       364.6    0.4622   -10.1900  random             1.7s
  304       723.1       310.5    0.4627   -10.5313  random             1.7s
  305       943.6       413.1    0.4632    -8.6703  random             2.5s
  306       899.9       451.6    0.4637    -7.5926  random             2.7s
  307       898.5       434.1    0.4644    -9.0150  random             1.9s
  308      1075.3       500.1    0.4648    -7.4062  random             2.8s
  309      1302.0       566.7    0.4655    -6.9844  random             2.7s
  [probe] gen=310 score=420.7 net=2.710 fell=1.000
  310      1349.2       642.9    0.4661    -8.1214  random             2.4s
  311      1362.5       619.6    0.4668    -6.1898  random             2.7s
  312       888.5       332.6    0.4672   -10.1222  random             1.4s
  313      1147.7       642.7    0.4675    -6.7201  random             2.8s
  314       831.1       369.5    0.4678    -9.7937  random             1.5s
  315      1097.7       372.4    0.4683    -9.7545  random             1.9s
  316      1194.6       454.3    0.4688    -7.0252  random             2.7s
  317       935.4       367.6    0.4693   -10.0558  random             1.7s
  318      1030.3       487.2    0.4697    -8.3677  random             2.4s
  319      1039.9       502.0    0.4701    -8.1272  random             2.6s
  [probe] gen=320 score=401.8 net=2.289 fell=1.000
  320      1002.5       557.7    0.4705    -6.3577  random             2.6s
  321       784.0       223.3    0.4712   -11.9062  random             1.4s
  322      1015.9       383.2    0.4716    -6.3824  random             2.1s
  323      1341.1       511.9    0.4719    -6.3039  random             3.1s
  324      1110.0       530.9    0.4723    -6.2615  random             2.7s
  [plot] Saved fitness curve → experiments/thesis/random_variable_gravity/seed_04/fitness_curve.png
  325       483.2       134.1    0.4726   -11.7675  random             1.1s
  326      1191.9       446.7    0.4728    -7.4394  random             2.3s
  327      1072.3       408.2    0.4732    -7.1308  random             2.6s
  328       979.8       437.3    0.4736    -9.2963  random             1.9s
  329      1270.1       527.8    0.4739    -6.3379  random             2.5s
  [probe] gen=330 score=341.5 net=2.174 fell=1.000
  330      1208.1       507.3    0.4745    -7.1329  random             2.3s
  331      1195.2       370.6    0.4748    -9.5025  random             1.5s
  332      1244.7       626.1    0.4750    -7.3542  random             2.6s
  333      1197.3       618.8    0.4752    -7.0407  random             2.4s
  334       788.5       280.0    0.4755   -10.3983  random             1.4s
  335      1112.0       603.2    0.4759    -8.1309  random             2.6s
  336       934.3       472.9    0.4763    -6.2857  random             2.3s
  337      1131.1       566.4    0.4768    -8.0105  random             2.3s
  338       640.9       192.3    0.4771   -11.2337  random             1.2s
  339      1175.9       513.2    0.4771    -7.5115  random             2.2s
  [probe] gen=340 score=1086.2 net=5.548 fell=1.000
  340      1289.7       535.1    0.4773    -7.7840  random             2.2s
  341      1194.9       574.9    0.4773    -8.7487  random             2.2s
  342      1067.7       462.2    0.4771    -7.3335  random             2.3s
  343      1036.5       520.7    0.4767    -8.2254  random             2.1s
  344      1159.0       601.5    0.4762    -7.5968  random             2.7s
  345      1172.0       456.2    0.4759    -8.1964  random             2.0s
  346      1341.2       676.0    0.4754    -6.2665  random             2.6s
  347       549.8       101.7    0.4749   -11.4316  random             0.9s
  348      1136.4       306.2    0.4744    -9.7736  random             1.3s
  349      1271.1       577.3    0.4738    -6.1844  random             2.6s
  [probe] gen=350 score=1152.6 net=5.741 fell=0.800
  [plot] Saved fitness curve → experiments/thesis/random_variable_gravity/seed_04/fitness_curve.png
  350       725.3       240.8    0.4732   -10.9162  random             1.2s
  351      1228.8       637.3    0.4727    -7.4019  random             2.8s
  352       671.8       222.3    0.4723   -10.6643  random             1.3s
  353       961.1       371.9    0.4717    -8.7850  random             2.2s
  354      1276.9       577.6    0.4712    -6.1018  random             3.0s
  355       773.6       237.8    0.4705   -10.7452  random             1.3s
  356      1267.0       626.6    0.4697    -7.3855  random             2.7s
  357       568.2       179.0    0.4691   -11.1088  random             1.4s
  358       849.1       371.0    0.4685    -9.7692  random             1.8s
  359      1313.3       391.4    0.4679   -10.6803  random             2.0s
  [probe] gen=360 score=347.7 net=2.382 fell=1.000
  360      1384.2       502.4    0.4674    -6.7393  random             2.7s
  361      1187.4       412.3    0.4669   -10.2885  random             1.8s
  362      1091.2       546.6    0.4663    -7.0307  random             3.0s
  363      1059.2       399.5    0.4659   -10.1596  random             1.9s
  364      1058.0       450.3    0.4653    -8.9021  random             2.6s
  365      1257.8       589.7    0.4648    -7.4225  random             3.0s
  366      1158.0       672.8    0.4642    -6.1371  random             3.0s
  367      1115.5       524.2    0.4637    -9.2153  random             2.5s
  368      1338.6       605.5    0.4630    -8.1183  random             3.0s
  369      1323.0       689.2    0.4624    -6.8272  random             2.8s
  [probe] gen=370 score=1114.4 net=5.191 fell=0.700
  370      1179.9       490.4    0.4618    -9.4574  random             2.1s
  371      1096.4       447.4    0.4613   -10.2502  random             1.9s
  372      1215.4       564.1    0.4609    -7.5287  random             2.6s
  373       917.3       380.5    0.4608   -11.4756  random             1.6s
  374       908.8       324.9    0.4607   -10.9269  random             1.7s
  [plot] Saved fitness curve → experiments/thesis/random_variable_gravity/seed_04/fitness_curve.png
  375      1290.2       622.8    0.4603    -8.3218  random             2.6s
  376       838.0       397.2    0.4600   -10.6801  random             1.8s
  377      1140.8       555.5    0.4596    -7.1503  random             3.1s
  378      1261.5       605.5    0.4592    -9.1658  random             2.4s
  379      1199.5       614.7    0.4589    -6.2413  random             2.8s
  [probe] gen=380 score=418.2 net=2.713 fell=1.000
  380      1311.3       630.2    0.4588    -7.3992  random             2.7s
  381      1168.9       578.3    0.4589    -8.5710  random             2.4s
  382      1221.9       651.7    0.4589    -7.7886  random             2.6s
  383      1278.3       602.6    0.4588    -9.0245  random             2.5s
  384      1301.6       745.7    0.4587    -7.1607  random             3.0s
  385      1171.1       395.6    0.4586   -10.8384  random             1.5s
  386      1221.3       650.3    0.4586    -6.1781  random             2.8s
  387      1341.9       856.6    0.4586    -7.2534  random             3.2s
  388      1384.4       533.8    0.4585    -8.8483  random             2.0s
  389      1338.1       738.7    0.4584    -7.3719  random             2.9s
  [probe] gen=390 score=475.5 net=2.874 fell=1.000
  390      1353.2       749.6    0.4582    -8.1769  random             2.7s
  391      1545.9       666.3    0.4580    -7.8584  random             2.5s
  392      1277.2       452.3    0.4577   -10.1734  random             1.7s
  393      1278.2       595.8    0.4573    -8.7136  random             2.4s
  394      1279.7       567.9    0.4568   -10.3155  random             2.3s
  395      1444.2       646.4    0.4564    -6.9570  random             2.9s
  396      1016.9       440.0    0.4560   -10.7799  random             1.9s
  397      1106.3       404.2    0.4555   -11.3489  random             1.8s
  398       801.5       372.2    0.4552   -11.9105  random             1.7s
  399      1213.5       570.5    0.4548    -7.2369  random             3.0s
  [probe] gen=400 score=1150.9 net=5.461 fell=1.000
  [plot] Saved fitness curve → experiments/thesis/random_variable_gravity/seed_04/fitness_curve.png
  400      1253.8       642.4    0.4546    -9.0911  random             2.4s
  401      1265.4       567.8    0.4542    -9.7109  random             2.1s
  402       997.6       393.0    0.4542   -11.2893  random             1.6s
  403       969.0       539.1    0.4541    -9.3549  random             1.9s
  404      1262.8       638.9    0.4539    -6.8723  random             2.5s
  405      1077.8       411.6    0.4540   -10.5342  random             1.6s
  406      1142.4       613.7    0.4539    -8.5433  random             2.5s
  407      1322.3       703.2    0.4538    -7.0862  random             2.7s
  408      1234.5       513.0    0.4539    -8.2520  random             2.2s
  409       915.4       372.3    0.4537   -10.5040  random             1.5s
  [probe] gen=410 score=1061.2 net=4.945 fell=1.000
  410      1041.7       423.8    0.4536   -10.4166  random             1.7s
  411      1321.7       593.9    0.4537    -9.6761  random             2.6s
  412      1120.2       398.6    0.4539   -11.0183  random             1.8s
  413       990.9       471.3    0.4541   -10.1082  random             2.2s
  414      1075.1       446.5    0.4545    -6.2348  random             2.9s
  415      1112.5       557.8    0.4547    -7.3845  random             2.6s
  416      1197.2       605.8    0.4550    -6.5886  random             2.8s
  417       919.0       201.9    0.4552   -10.0838  random             1.3s
  418      1219.2       554.8    0.4555    -6.9721  random             2.4s
  419       979.3       352.7    0.4557   -10.2123  random             1.5s
  [probe] gen=420 score=445.7 net=2.773 fell=1.000
  420      1243.8       595.9    0.4557    -8.8317  random             3.0s
  421      1181.2       549.3    0.4557    -8.4223  random             2.5s
  422      1138.1       417.6    0.4557    -9.3358  random             1.9s
  423      1103.6       494.7    0.4558    -9.9609  random             1.8s
  424      1152.2       385.1    0.4558   -10.9297  random             1.9s
  [plot] Saved fitness curve → experiments/thesis/random_variable_gravity/seed_04/fitness_curve.png
  425       596.2       255.0    0.4559   -11.8095  random             1.4s
  426      1184.6       515.8    0.4560   -10.2682  random             2.3s
  427       967.1       404.7    0.4563   -10.9661  random             1.8s
  428       826.4       372.7    0.4567   -11.9796  random             1.6s
  429      1069.4       427.2    0.4570    -7.4904  random             2.6s
  [probe] gen=430 score=736.2 net=3.802 fell=0.700
  430      1153.4       535.7    0.4573    -8.9555  random             2.2s
  431      1347.2       710.9    0.4575    -8.7287  random             2.5s
  432      1307.8       723.0    0.4577    -7.7037  random             2.7s
  433       863.4       216.2    0.4578   -11.6462  random             1.0s
  434      1364.9       638.7    0.4579    -7.6895  random             2.7s
  435      1185.8       531.4    0.4579    -9.1893  random             2.0s
  436       793.1       313.3    0.4581   -11.3684  random             1.2s
  437      1235.2       547.8    0.4582    -6.6300  random             2.9s
  438       988.1       354.1    0.4582    -9.8450  random             1.5s
  439      1155.6       708.8    0.4581    -7.2440  random             2.9s
  [probe] gen=440 score=1123.8 net=5.392 fell=0.800
  440      1215.3       585.2    0.4580    -8.6447  random             2.1s
  441      1222.2       774.5    0.4579    -6.5423  random             3.1s
  442       999.4       363.6    0.4576    -9.8673  random             1.5s
  443      1099.7       335.3    0.4575   -11.0460  random             1.6s
  444      1164.5       640.2    0.4574    -8.5701  random             3.0s
  445       773.0       266.7    0.4573   -11.8444  random             1.2s
  446      1081.4       279.2    0.4573    -6.5128  random             2.4s
  447      1225.5       626.0    0.4574    -8.3218  random             2.8s
  448      1241.3       629.2    0.4575    -7.7727  random             2.7s
  449      1343.3       697.9    0.4575    -6.3988  random             2.6s
  [probe] gen=450 score=393.9 net=2.286 fell=0.800
  [plot] Saved fitness curve → experiments/thesis/random_variable_gravity/seed_04/fitness_curve.png
  450      1039.6       419.3    0.4576    -8.9239  random             1.8s
  451      1010.5       531.4    0.4573    -9.0439  random             1.9s
  452       582.6       226.3    0.4569   -11.8448  random             1.1s
  453       971.9       498.4    0.4565   -10.1059  random             2.2s
  454       964.0       509.6    0.4560   -10.5088  random             2.2s
  455      1291.5       564.4    0.4556    -9.6153  random             2.7s
  456      1201.6       447.8    0.4551   -10.3082  random             2.1s
  457      1227.9       466.1    0.4547   -10.2161  random             2.1s
  458      1090.2       458.6    0.4544    -9.8193  random             2.2s
  459       736.0       302.4    0.4539   -11.7417  random             1.5s
  [probe] gen=460 score=625.5 net=3.113 fell=0.900
  460      1027.1       297.2    0.4534    -6.1765  random             2.4s
  461      1183.0       534.9    0.4529    -9.7319  random             2.3s
  462      1076.0       491.1    0.4525    -9.8347  random             2.1s
  463      1181.8       484.9    0.4519    -9.8759  random             2.2s
  464      1221.3       586.6    0.4513    -7.2928  random             2.7s
  465      1041.2       332.0    0.4506    -9.4072  random             1.5s
  466      1072.6       406.3    0.4500    -9.5968  random             1.9s
  467       905.0       268.9    0.4495   -10.8893  random             1.6s
  468      1079.8       405.4    0.4490   -10.0232  random             2.2s
  469      1036.4       435.9    0.4488    -6.2777  random             2.9s
  [probe] gen=470 score=464.0 net=2.011 fell=0.900
  470       947.5       301.5    0.4487   -11.6054  random             1.5s
  471      1042.8       525.5    0.4486    -9.6931  random             2.0s
  472      1346.7       495.3    0.4483    -6.2007  random             2.6s
  473      1181.3       558.6    0.4482    -6.0614  random             2.6s
  474      1080.9       390.0    0.4479    -9.7109  random             1.7s
  [plot] Saved fitness curve → experiments/thesis/random_variable_gravity/seed_04/fitness_curve.png
  475       858.6       346.6    0.4478    -9.6033  random             1.7s
  476      1305.3       474.1    0.4478    -8.9501  random             1.9s
  477       838.2       286.0    0.4476   -11.4933  random             1.5s
  478      1346.1       360.8    0.4474    -7.4710  random             2.4s
  479      1132.4       305.9    0.4472   -11.0417  random             1.5s
  [probe] gen=480 score=897.5 net=4.572 fell=1.000
  480      1157.5       521.0    0.4472    -9.2655  random             2.2s
  481      1132.1       361.6    0.4473    -8.3952  random             2.1s
  482      1186.9       384.0    0.4473    -6.6348  random             2.5s
  483      1183.6       576.7    0.4474    -7.5485  random             2.4s
  484      1086.1       455.4    0.4474    -9.4124  random             1.7s
  485      1212.8       598.1    0.4474    -7.5592  random             2.8s
  486      1320.9       631.3    0.4474    -7.6274  random             2.4s
  487      1297.6       723.0    0.4476    -6.6336  random             2.8s
  488      1202.5       507.6    0.4478    -8.6525  random             2.1s
  489      1322.6       504.2    0.4479    -7.3235  random             2.3s
  [probe] gen=490 score=236.9 net=1.798 fell=1.000
  490      1242.7       636.0    0.4480    -7.5034  random             2.3s
  491      1250.7       731.7    0.4480    -6.2889  random             2.6s
  492      1445.0       834.4    0.4479    -6.1373  random             3.1s
  493      1111.9       481.1    0.4477    -8.1897  random             2.0s
  494       860.0       358.4    0.4475    -9.4900  random             1.4s
  495       642.8       259.1    0.4476   -11.5203  random             1.3s
  496      1191.2       556.8    0.4476    -6.7509  random             2.8s
  497      1077.9       615.7    0.4474    -7.0504  random             2.5s
  498       757.0       276.2    0.4473   -11.0196  random             1.4s
  499      1051.7       337.7    0.4473   -10.0585  random             1.8s
  [plot] Saved fitness curve → experiments/thesis/random_variable_gravity/seed_04/fitness_curve.png

Training complete. Best fitness: 1545.9
Best params → experiments/thesis/random_variable_gravity/seed_04/checkpoints/best_params.npy
Fitness curve → experiments/thesis/random_variable_gravity/seed_04/fitness_curve.png
Final Earth scorecard | score=296.3 net=1.994 fell=1.000
Gravity sweep | gravities=5 mean_net=3.544 worst_net=1.722
  [exp] Wrote experiments/thesis/random_variable_gravity/seed_04/experiment.json
  [exp] Wrote experiments/thesis/random_variable_gravity/seed_04/training_log.csv
  [exp] Wrote experiments/thesis/random_variable_gravity/seed_04/earth_probe.csv
  [exp] Wrote experiments/thesis/random_variable_gravity/seed_04/gravity_sweep.csv
  [exp] Wrote experiments/thesis/random_variable_gravity/seed_04/summary.json
