Walker2d-v5 | policy=CPG  params=504
Curriculum   : RandomUniform  gravity U[-12.0, -6.0]  seed=7
Run context | seed=7 arm=random_variable_gravity run_id=random_variable_gravity_seed_07


Starting CMA-ES | pop=40 | sigma0=0.5 | max_gen=500 | workers=8 | seed=7
Checkpoints → experiments/thesis/random_variable_gravity/seed_07/checkpoints/

  Gen        Best        Mean     Sigma    Gravity  Phase              Time
------------------------------------------------------------------------
  [probe] gen=0 score=-325.7 net=-0.080 fell=1.000
  [plot] Saved fitness curve → experiments/thesis/random_variable_gravity/seed_07/fitness_curve.png
    0      -324.1      -397.5    0.4904    -8.2494  random             1.5s
    1      -316.0      -392.5    0.4821    -6.1484  random             0.1s
    2      -309.3      -383.9    0.4748    -9.0997  random             0.1s
    3      -305.2      -370.1    0.4681    -7.1573  random             0.2s
    4      -261.6      -356.9    0.4621    -9.9069  random             0.2s
    5      -294.3      -355.1    0.4567    -8.2766  random             0.2s
    6      -303.3      -356.4    0.4518    -6.0597  random             0.2s
    7      -279.5      -333.4    0.4473    -9.1349  random             0.2s
    8      -270.2      -333.8    0.4433    -7.4142  random             0.2s
    9      -289.6      -336.7    0.4398    -8.7521  random             0.2s
  [probe] gen=10 score=-257.7 net=-0.043 fell=1.000
   10      -289.0      -342.8    0.4368    -6.7327  random             0.2s
   11      -285.1      -332.4    0.4340    -8.9835  random             0.2s
   12      -289.6      -328.9    0.4314    -6.1592  random             0.2s
   13      -281.1      -319.2    0.4291    -8.0219  random             0.2s
   14      -153.3      -327.1    0.4271    -9.8054  random             0.2s
   15      -156.0      -327.3    0.4254   -10.6523  random             0.3s
   16      -260.8      -327.9    0.4237    -9.6179  random             0.2s
   17      -207.5      -329.5    0.4223    -8.8459  random             0.2s
   18      -192.4      -322.0    0.4209    -9.0336  random             0.3s
   19      -172.7      -313.4    0.4197    -7.7573  random             0.3s
  [probe] gen=20 score=14.1 net=0.978 fell=1.000
   20         7.0      -280.1    0.4184   -10.7584  random             0.3s
   21       -21.2      -280.1    0.4172   -11.6137  random             0.3s
   22        17.0      -273.5    0.4160    -7.6990  random             0.4s
   23         7.0      -281.9    0.4147    -9.1906  random             0.4s
   24        19.5      -212.9    0.4135   -11.7628  random             0.5s
  [plot] Saved fitness curve → experiments/thesis/random_variable_gravity/seed_07/fitness_curve.png
   25        25.7      -221.1    0.4123   -10.2575  random             0.4s
   26        28.6      -187.0    0.4112    -8.6569  random             0.5s
   27        25.3      -175.1    0.4101   -11.8698  random             0.6s
   28        34.7      -122.5    0.4090    -8.6285  random             0.6s
   29        45.8      -165.2    0.4080   -10.0556  random             0.6s
  [probe] gen=30 score=3.1 net=0.965 fell=1.000
   30       188.8      -119.8    0.4072    -6.1229  random             0.7s
   31        57.5      -113.0    0.4067    -8.8604  random             0.7s
   32        40.6       -93.3    0.4062    -9.2658  random             0.7s
   33       169.3       -56.5    0.4056    -6.8417  random             0.9s
   34        59.5       -45.2    0.4049   -11.3374  random             0.7s
   35        54.1       -64.3    0.4043    -8.1262  random             0.7s
   36        61.6       -50.6    0.4036    -6.7784  random             0.8s
   37        75.3      -108.6    0.4030    -7.6615  random             0.8s
   38        49.1       -96.7    0.4023    -9.0522  random             0.8s
   39       126.5       -75.8    0.4017   -10.1464  random             0.8s
  [probe] gen=40 score=-182.3 net=0.056 fell=1.000
   40        95.7       -79.3    0.4013    -8.0076  random             0.8s
   41        54.9      -100.3    0.4008    -8.1531  random             0.8s
   42        46.9      -106.5    0.4004   -11.4523  random             0.8s
   43        52.2       -82.1    0.3999    -9.7258  random             0.8s
   44        77.0       -96.9    0.3993    -7.1238  random             0.9s
   45        58.1       -71.3    0.3989    -9.1278  random             0.8s
   46        36.7      -123.7    0.3985   -11.6153  random             0.8s
   47        82.8       -14.8    0.3981    -8.7320  random             0.8s
   48        45.7       -68.2    0.3977    -9.8655  random             0.8s
   49        71.8      -123.5    0.3973   -10.5325  random             0.7s
  [probe] gen=50 score=-89.2 net=0.398 fell=1.000
  [plot] Saved fitness curve → experiments/thesis/random_variable_gravity/seed_07/fitness_curve.png
   50        53.0       -50.2    0.3970   -11.2511  random             0.8s
   51       117.8       -37.0    0.3967    -6.1173  random             0.9s
   52        38.7       -28.5    0.3964   -11.7026  random             0.7s
   53        57.0       -70.2    0.3958    -9.7767  random             0.8s
   54       281.6       -32.7    0.3954    -6.6300  random             0.9s
   55        41.2      -149.2    0.3949   -11.6133  random             0.7s
   56        82.4       -85.9    0.3945    -7.0568  random             0.9s
   57        79.7       -27.4    0.3941    -6.6122  random             1.0s
   58        68.6       -14.7    0.3936    -9.7813  random             0.8s
   59        50.4       -14.5    0.3931   -10.9900  random             0.8s
  [probe] gen=60 score=63.8 net=1.010 fell=1.000
   60        81.7       -11.8    0.3926    -8.1638  random             0.9s
   61        73.4       -24.8    0.3920    -7.3289  random             0.9s
   62        45.1       -57.6    0.3915   -10.9767  random             0.7s
   63        56.7       -34.3    0.3911   -10.1872  random             0.8s
   64       136.0        -8.3    0.3905    -6.5975  random             1.0s
   65        79.5         5.9    0.3901    -9.0833  random             0.9s
   66        79.9       -50.9    0.3896   -10.4429  random             0.9s
   67        89.8       -38.4    0.3891    -7.4112  random             1.0s
   68        95.4        -5.3    0.3886    -7.7534  random             1.0s
   69        75.4       -50.7    0.3880   -10.6537  random             0.9s
  [probe] gen=70 score=38.7 net=0.998 fell=1.000
   70       129.3       -11.0    0.3875    -6.0993  random             1.1s
   71        90.7       -16.1    0.3872   -11.9821  random             0.8s
   72       126.0       -30.3    0.3869    -7.2363  random             1.1s
   73       114.2       -16.9    0.3865    -9.6837  random             1.0s
   74       144.1       -16.1    0.3863   -10.7981  random             0.9s
  [plot] Saved fitness curve → experiments/thesis/random_variable_gravity/seed_07/fitness_curve.png
   75       171.7        12.5    0.3861    -6.1444  random             1.4s
   76       160.5       -62.4    0.3858    -9.2348  random             1.0s
   77       166.1        -2.1    0.3856    -9.9918  random             1.3s
   78       152.8        11.2    0.3856   -10.9128  random             1.4s
   79       261.1        -6.3    0.3857   -11.2951  random             1.4s
  [probe] gen=80 score=208.3 net=0.960 fell=1.000
   80       206.0        16.9    0.3857    -9.8696  random             1.5s
   81       223.0        44.1    0.3857    -8.3336  random             1.5s
   82       211.6        37.8    0.3856    -6.9733  random             1.6s
   83       205.4        51.9    0.3855    -8.7613  random             1.7s
   84       221.5        -6.9    0.3853    -9.2420  random             1.6s
   85       268.9        38.1    0.3852   -11.3093  random             1.8s
   86       195.7        29.5    0.3850    -9.2177  random             1.6s
   87       229.1       -14.4    0.3848    -6.2689  random             1.5s
   88       206.1       -14.0    0.3847   -11.5228  random             1.3s
   89       220.0        28.9    0.3847   -10.9360  random             1.9s
  [probe] gen=90 score=221.6 net=0.979 fell=1.000
   90       231.6       -20.2    0.3846    -9.6133  random             1.5s
   91       228.7        30.8    0.3845    -7.6780  random             1.7s
   92       231.9        10.6    0.3845    -6.2456  random             1.6s
   93       239.2        18.7    0.3847    -7.2002  random             1.8s
   94       220.7        66.1    0.3847   -10.4054  random             1.7s
   95       263.3        14.5    0.3848    -7.5395  random             2.0s
   96       229.0        35.2    0.3850    -9.9846  random             1.9s
   97       242.9       -10.1    0.3853   -10.8033  random             1.7s
   98       281.9        74.6    0.3858    -8.1372  random             2.4s
   99       286.3        50.2    0.3863   -11.2210  random             1.9s
  [probe] gen=100 score=248.1 net=0.754 fell=0.200
  [plot] Saved fitness curve → experiments/thesis/random_variable_gravity/seed_07/fitness_curve.png
  100       255.7        19.6    0.3867   -10.0284  random             1.8s
  101       274.8        58.7    0.3871    -9.5799  random             2.0s
  102       224.9         1.5    0.3873   -11.3613  random             1.7s
  103       227.3        39.2    0.3874   -10.9412  random             1.8s
  104       244.6       -17.2    0.3873    -7.4155  random             2.1s
  105       224.6       -13.8    0.3873    -9.9638  random             2.0s
  106       265.9        34.0    0.3874   -11.7320  random             2.2s
  107       256.6         2.0    0.3876    -6.2841  random             2.0s
  108       262.6       110.2    0.3878    -9.1452  random             2.4s
  109       244.1       109.8    0.3879   -11.0675  random             2.1s
  [probe] gen=110 score=213.4 net=0.968 fell=1.000
  110       256.3        40.3    0.3879    -7.5162  random             2.2s
  111       257.4        57.1    0.3879    -6.7325  random             2.2s
  112       253.0       102.9    0.3879    -8.6573  random             2.3s
  113       237.5        91.1    0.3880    -9.9879  random             2.2s
  114       232.1        79.9    0.3883    -9.5312  random             2.4s
  115       228.2        31.4    0.3884    -8.4526  random             2.6s
  116       262.6       105.5    0.3886    -8.2409  random             2.4s
  117       242.1        51.9    0.3888   -11.5099  random             1.8s
  118       227.9        31.6    0.3890    -6.1822  random             1.9s
  119       287.6        86.4    0.3893    -7.6060  random             2.3s
  [probe] gen=120 score=214.5 net=0.907 fell=1.000
  120       233.4       112.1    0.3894    -8.9029  random             2.5s
  121       245.8        73.7    0.3894   -10.4059  random             2.0s
  122       252.8        43.9    0.3895    -7.2135  random             1.8s
  123       251.9       121.9    0.3895    -8.8340  random             2.4s
  124       283.0        84.1    0.3893    -9.0080  random             2.4s
  [plot] Saved fitness curve → experiments/thesis/random_variable_gravity/seed_07/fitness_curve.png
  125       258.4        62.6    0.3892   -11.5354  random             2.0s
  126       236.2        71.9    0.3892    -9.9677  random             2.3s
  127       260.9        53.1    0.3890    -6.7080  random             2.2s
  128       253.4        84.6    0.3889   -11.8741  random             1.9s
  129       255.7        91.1    0.3889    -9.5434  random             2.3s
  [probe] gen=130 score=274.3 net=0.952 fell=0.900
  130       262.2        95.2    0.3890   -10.8346  random             2.5s
  131       256.6        97.8    0.3890    -9.8193  random             2.3s
  132       241.4       131.3    0.3891    -8.2152  random             2.7s
  133       270.8       134.7    0.3891    -8.7762  random             2.9s
  134       275.5        88.1    0.3890   -11.0518  random             2.5s
  135       266.0        72.3    0.3890    -7.4565  random             2.4s
  136       246.8        81.6    0.3890   -11.9650  random             2.3s
  137       265.0       102.5    0.3890    -9.1303  random             2.4s
  138       277.1        68.1    0.3891    -6.7780  random             2.4s
  139       279.4       112.1    0.3892    -9.6976  random             2.3s
  [probe] gen=140 score=233.4 net=0.976 fell=1.000
  140       249.9        60.9    0.3893    -6.0673  random             2.4s
  141       285.0        91.5    0.3893    -7.1461  random             2.9s
  142       255.3        69.1    0.3892   -11.6355  random             2.6s
  143       288.0        85.8    0.3890   -11.5390  random             2.6s
  144       192.9        15.7    0.3888   -11.9964  random             2.2s
  145       242.1       107.9    0.3886    -7.7743  random             2.5s
  146       275.0       126.6    0.3882    -8.3710  random             2.6s
  147       264.7       133.0    0.3878    -7.9536  random             2.8s
  148       260.0       124.9    0.3875    -6.2173  random             2.9s
  149       272.1       122.3    0.3873    -9.9467  random             3.1s
  [probe] gen=150 score=251.3 net=0.878 fell=0.800
  [plot] Saved fitness curve → experiments/thesis/random_variable_gravity/seed_07/fitness_curve.png
  150       262.1       128.8    0.3871   -11.0763  random             2.9s
  151       278.4       117.8    0.3870    -8.2565  random             2.8s
  152       281.5        98.6    0.3870    -9.0518  random             2.8s
  153       293.3       114.0    0.3871    -7.4108  random             2.9s
  154       268.6       136.3    0.3872    -9.7000  random             3.0s
  155       253.2       122.5    0.3871    -9.3121  random             2.8s
  156       299.4       125.4    0.3869    -7.1473  random             3.1s
  157       271.7       147.7    0.3868    -8.7852  random             3.1s
  158       261.6       103.8    0.3867    -6.8141  random             2.5s
  159       266.2       155.7    0.3867    -6.2011  random             3.0s
  [probe] gen=160 score=270.5 net=0.982 fell=1.000
  160       288.0       163.4    0.3866    -6.8998  random             3.1s
  161       279.7       115.9    0.3867    -8.9392  random             2.8s
  162       270.9       116.3    0.3867   -11.2790  random             2.8s
  163       271.7        92.8    0.3868    -6.7928  random             2.9s
  164       278.7        71.6    0.3870    -9.3687  random             2.8s
  165       257.2        65.9    0.3872   -10.7351  random             2.9s
  166       235.0        80.9    0.3874    -6.2186  random             2.4s
  167       248.3        58.0    0.3875    -6.1100  random             2.7s
  168       299.4       134.6    0.3876    -7.2257  random             3.0s
  169       260.7       110.1    0.3880    -8.3503  random             3.0s
  [probe] gen=170 score=150.7 net=0.649 fell=1.000
  170       241.5        83.4    0.3885   -11.4350  random             2.8s
  171       276.4       111.3    0.3888    -9.1476  random             2.7s
  172       268.5        91.8    0.3892   -10.4855  random             2.7s
  173       275.9       130.4    0.3895    -7.6894  random             2.8s
  174       276.6       113.5    0.3896   -10.0165  random             3.0s
  [plot] Saved fitness curve → experiments/thesis/random_variable_gravity/seed_07/fitness_curve.png
  175       273.4        72.8    0.3897   -11.1566  random             2.8s
  176       277.6        95.0    0.3897    -6.2944  random             2.8s
  177       286.9        79.5    0.3896    -6.2652  random             3.3s
  178       294.4       153.0    0.3896    -6.7606  random             3.0s
  179       255.5        81.1    0.3896   -11.6845  random             2.9s
  [probe] gen=180 score=245.3 net=0.951 fell=1.000
  180       253.4        44.3    0.3898    -9.8407  random             3.0s
  181       243.4        56.2    0.3899   -11.6798  random             2.5s
  182       287.7       109.6    0.3900    -9.8468  random             2.9s
  183       262.2       108.6    0.3903    -7.8852  random             3.1s
  184       255.8       103.6    0.3905   -11.1267  random             2.8s
  185       278.9       141.5    0.3905    -9.4653  random             3.2s
  186       270.3       122.3    0.3904    -7.4430  random             3.0s
  187       258.8       141.0    0.3907   -11.5986  random             3.1s
  188       264.4       162.4    0.3910   -10.8183  random             3.0s
  189       246.3       137.4    0.3912   -10.9093  random             3.0s
  [probe] gen=190 score=62.1 net=-0.043 fell=0.000
  190       275.6       105.7    0.3916   -11.8810  random             2.8s
  191       248.6        62.1    0.3920   -10.8965  random             2.3s
  192       272.7       130.8    0.3922    -8.2867  random             2.6s
  193       274.1       135.9    0.3924    -8.0690  random             3.1s
  194       287.3       100.0    0.3926    -8.3595  random             3.1s
  195       277.2       126.1    0.3925    -6.6399  random             2.8s
  196       286.2       135.3    0.3924    -7.0709  random             3.0s
  197       281.2       128.0    0.3922   -11.5415  random             2.5s
  198       287.4       140.6    0.3919    -7.0294  random             3.1s
  199       276.0       152.2    0.3915    -7.6846  random             3.1s
  [probe] gen=200 score=264.5 net=0.860 fell=0.800
  [plot] Saved fitness curve → experiments/thesis/random_variable_gravity/seed_07/fitness_curve.png
  200       291.4       151.1    0.3911   -11.6665  random             3.1s
  201       267.3       157.4    0.3907   -11.6121  random             3.0s
  202       265.2       154.1    0.3903    -6.4641  random             3.0s
  203       279.1       150.0    0.3900   -10.1888  random             3.2s
  204       269.7        79.0    0.3896   -11.4557  random             3.3s
  205       276.2       124.3    0.3894    -6.0806  random             3.2s
  206       284.9       144.1    0.3889    -9.5253  random             3.1s
  207       304.4       157.9    0.3884    -8.7218  random             3.1s
  208       277.6       126.1    0.3878    -9.0909  random             3.0s
  209       293.3       175.7    0.3872   -10.7537  random             3.3s
  [probe] gen=210 score=285.1 net=0.965 fell=1.000
  210       283.4       133.5    0.3866    -9.5045  random             3.4s
  211       277.1       153.2    0.3860    -8.2020  random             3.0s
  212       281.3       185.5    0.3852    -8.9850  random             3.3s
  213       287.1       159.9    0.3844    -9.5816  random             3.1s
  214       274.1       171.5    0.3837   -10.2462  random             3.1s
  215       285.1       176.9    0.3830    -6.3796  random             3.1s
  216       295.0       157.6    0.3823    -8.2751  random             3.2s
  217       304.9        94.5    0.3815   -11.8055  random             3.2s
  218       292.6       137.4    0.3806    -9.1203  random             3.3s
  219       287.0       128.9    0.3798   -11.4432  random             3.1s
  [probe] gen=220 score=218.0 net=0.774 fell=0.800
  220       288.2       134.2    0.3791    -8.6101  random             3.3s
  221       249.0       110.0    0.3784   -10.1806  random             2.8s
  222       297.4       150.2    0.3777    -9.7104  random             2.6s
  223       279.7       150.2    0.3771    -9.0106  random             2.9s
  224       274.8       124.0    0.3766    -8.5925  random             3.3s
  [plot] Saved fitness curve → experiments/thesis/random_variable_gravity/seed_07/fitness_curve.png
  225       276.7       124.4    0.3762   -10.8935  random             3.1s
  226       304.8       134.5    0.3758   -10.6522  random             3.0s
  227       294.2       163.7    0.3753    -6.9652  random             3.1s
  228       309.2       144.8    0.3749    -8.8525  random             3.3s
  229       269.9       143.0    0.3747   -11.5786  random             3.3s
  [probe] gen=230 score=288.4 net=0.987 fell=1.000
  230       287.8       127.1    0.3745    -9.1630  random             3.4s
  231       287.8       136.0    0.3743    -9.3015  random             3.3s
  232       281.4       119.4    0.3740    -9.7666  random             3.0s
  233       283.7       118.2    0.3737    -6.0843  random             3.1s
  234       284.9       139.3    0.3733    -6.9503  random             3.3s
  235       296.6       127.0    0.3729    -7.4570  random             2.8s
  236       300.4       165.2    0.3727    -6.3675  random             3.1s
  237       289.5       111.0    0.3726    -8.6310  random             3.2s
  238       287.4       126.8    0.3725   -11.5474  random             2.7s
  239       269.7       105.2    0.3725    -8.4889  random             3.2s
  [probe] gen=240 score=223.9 net=0.731 fell=0.900
  240       264.6       102.1    0.3725    -8.9999  random             3.3s
  241       296.2        70.3    0.3724    -9.2314  random             3.1s
  242       295.9        80.7    0.3719    -7.2766  random             2.9s
  243       296.5       127.0    0.3717    -6.3314  random             3.2s
  244       287.5       153.4    0.3714    -8.0843  random             2.9s
  245       283.0       138.5    0.3711    -6.3818  random             3.1s
  246       261.3       132.9    0.3709    -8.7519  random             2.6s
  247       282.3       174.9    0.3707    -6.4679  random             3.0s
  248       283.8       146.8    0.3705    -9.6698  random             3.3s
  249       266.4        61.6    0.3704   -10.4356  random             3.0s
  [probe] gen=250 score=287.8 net=0.916 fell=0.800
  [plot] Saved fitness curve → experiments/thesis/random_variable_gravity/seed_07/fitness_curve.png
  250       287.2        94.0    0.3702    -9.6301  random             2.9s
  251       287.5       159.9    0.3700    -9.3508  random             2.8s
  252       291.7       106.0    0.3700    -9.8018  random             3.0s
  253       286.1       133.5    0.3699    -6.3683  random             3.0s
  254       291.7       141.3    0.3699    -7.5950  random             3.3s
  255       284.2       130.4    0.3698    -8.6190  random             3.3s
  256       279.4        78.7    0.3697   -11.9721  random             3.0s
  257       298.2       107.6    0.3698    -6.5121  random             2.8s
  258       302.1       157.2    0.3698    -9.8823  random             3.1s
  259       296.3       127.1    0.3697    -8.4809  random             3.2s
  [probe] gen=260 score=245.2 net=0.954 fell=1.000
  260       271.3       107.9    0.3695    -8.2280  random             3.0s
  261       289.2       171.7    0.3694    -7.8394  random             3.1s
  262       275.2       131.3    0.3691   -11.5723  random             3.1s
  263       279.9       169.1    0.3689   -10.4575  random             3.2s
  264       286.8       157.4    0.3688    -9.9705  random             3.5s
  265       272.3       114.9    0.3688   -11.6312  random             3.1s
  266       295.5       159.0    0.3688    -7.2300  random             3.0s
  267       291.7       101.5    0.3687    -8.0717  random             3.0s
  268       286.9       178.7    0.3688    -6.9894  random             2.9s
  269       286.3        84.6    0.3688   -11.6398  random             2.9s
  [probe] gen=270 score=101.1 net=0.604 fell=0.800
  270       266.1       129.0    0.3688    -8.8771  random             3.0s
  271       263.9        58.3    0.3689    -8.6745  random             2.8s
  272       261.2        48.6    0.3689   -11.9551  random             2.6s
  273       282.3       103.8    0.3689    -9.8225  random             3.1s
  274       271.8       119.7    0.3689   -11.5788  random             3.3s
  [plot] Saved fitness curve → experiments/thesis/random_variable_gravity/seed_07/fitness_curve.png
  275       302.4       125.6    0.3688    -6.8435  random             2.8s
  276       300.5       106.2    0.3687    -8.9763  random             3.0s
  277       280.1       142.5    0.3686    -6.6823  random             3.0s
  278       253.7       114.3    0.3683   -10.9801  random             3.0s
  279       301.8       128.3    0.3680    -8.2879  random             2.9s
  [probe] gen=280 score=216.5 net=0.649 fell=0.700
  280       308.0       150.7    0.3678    -7.1173  random             3.2s
  281       294.5       120.3    0.3676    -8.2778  random             2.7s
  282       292.0       153.5    0.3673    -6.1847  random             3.3s
  283       281.1       115.0    0.3671   -11.0553  random             3.4s
  284       269.9        96.0    0.3668    -8.5862  random             2.9s
  285       259.0        61.3    0.3666    -8.0455  random             3.3s
  286       275.7        91.6    0.3663    -7.9284  random             2.7s
  287       283.4       101.2    0.3659    -7.3431  random             3.1s
  288       283.9       179.4    0.3657    -8.7765  random             3.4s
  289       267.0       164.9    0.3655   -10.3511  random             3.4s
  [probe] gen=290 score=267.6 net=0.946 fell=1.000
  290       274.9        96.9    0.3654   -10.3947  random             3.2s
  291       270.3       103.3    0.3653    -9.2580  random             2.8s
  292       264.1       148.2    0.3653   -11.5466  random             2.9s
  293       283.3       123.3    0.3651   -10.1783  random             3.4s
  294       278.1        56.6    0.3649    -6.4741  random             2.9s
  295       264.5       115.9    0.3646    -9.0952  random             3.4s
  296       276.2       166.8    0.3643   -10.8590  random             3.1s
  297       266.5       145.2    0.3640    -7.9539  random             2.9s
  298       278.2       118.6    0.3639    -8.6368  random             3.1s
  299       267.4       133.3    0.3638    -9.8192  random             2.7s
  [probe] gen=300 score=260.3 net=0.980 fell=1.000
  [plot] Saved fitness curve → experiments/thesis/random_variable_gravity/seed_07/fitness_curve.png
  300       272.7       149.6    0.3636    -7.1162  random             3.0s
  301       270.8       151.0    0.3634   -10.4976  random             3.0s
  302       282.6       168.9    0.3630    -8.4114  random             3.2s
  303       281.3       160.8    0.3627    -7.2651  random             3.1s
  304       243.5        98.1    0.3625   -11.7455  random             3.0s
  305       287.2       172.0    0.3622    -6.8166  random             3.2s
  306       278.9       140.2    0.3620    -9.0641  random             3.1s
  307       288.9       177.7    0.3619    -6.8798  random             3.3s
  308       274.5       167.0    0.3617    -8.6983  random             3.1s
  309       287.8       191.4    0.3616    -9.7700  random             3.4s
  [probe] gen=310 score=287.6 net=0.987 fell=1.000
  310       293.2       135.8    0.3615    -9.1992  random             3.2s
  311       273.3       124.2    0.3615   -11.9499  random             2.9s
  312       289.5       131.3    0.3614   -11.8561  random             2.8s
  313       281.7       148.0    0.3614   -11.5200  random             2.9s
  314       281.0       151.0    0.3614    -9.8022  random             3.3s
  315       274.5       159.0    0.3614    -7.1347  random             3.5s
  316       270.8       124.3    0.3613    -8.5188  random             2.7s
  317       279.8        62.1    0.3610    -7.0353  random             2.6s
  318       280.5       176.5    0.3606   -10.8089  random             3.2s
  319       281.7       183.6    0.3602   -10.8783  random             3.3s
  [probe] gen=320 score=282.7 net=0.953 fell=1.000
  320       279.0       171.4    0.3598   -11.5580  random             3.4s
  321       278.4       168.1    0.3594   -10.7746  random             3.1s
  322       284.4       191.5    0.3590    -7.5622  random             3.3s
  323       292.6       199.7    0.3587    -6.4703  random             3.3s
  324       289.9       202.8    0.3584    -7.8928  random             3.5s
  [plot] Saved fitness curve → experiments/thesis/random_variable_gravity/seed_07/fitness_curve.png
  325       295.0       164.7    0.3582    -9.3974  random             3.6s
  326       280.2       199.7    0.3579   -10.9207  random             3.3s
  327       291.9       190.6    0.3575    -9.1209  random             3.3s
  328       284.6       187.9    0.3572    -7.8357  random             3.2s
  329       279.8       204.2    0.3569    -7.7424  random             3.3s
  [probe] gen=330 score=274.3 net=0.892 fell=0.600
  330       284.3       167.3    0.3567   -10.8046  random             3.2s
  331       277.7       158.5    0.3564    -6.9469  random             2.9s
  332       282.8       172.5    0.3562    -7.9083  random             3.1s
  333       277.7       183.9    0.3560    -6.7286  random             3.4s
  334       273.8       157.0    0.3558   -10.6806  random             3.2s
  335       290.2       173.6    0.3558    -6.4293  random             3.2s
  336       293.2       170.4    0.3558    -8.9461  random             3.1s
  337       264.1       145.4    0.3558    -7.7869  random             2.9s
  338       276.6       167.1    0.3560    -9.2961  random             2.9s
  339       282.4       175.7    0.3562    -7.2567  random             3.1s
  [probe] gen=340 score=220.3 net=0.720 fell=0.900
  340       276.1       165.4    0.3563   -11.7791  random             3.1s
  341       280.9       137.9    0.3566    -8.0157  random             2.7s
  342       276.3       195.8    0.3568    -9.1288  random             3.1s
  343       295.1       173.1    0.3570   -11.7347  random             3.0s
  344       284.1       184.1    0.3572    -7.8005  random             3.1s
  345       304.5       148.0    0.3574   -10.8380  random             2.9s
  346       277.1       144.2    0.3575    -8.9723  random             2.9s
  347       265.8       171.6    0.3576    -6.6721  random             3.0s
  348       267.6       180.0    0.3577    -6.9830  random             3.1s
  349       279.1       156.9    0.3578   -10.4501  random             3.1s
  [probe] gen=350 score=246.5 net=0.964 fell=1.000
  [plot] Saved fitness curve → experiments/thesis/random_variable_gravity/seed_07/fitness_curve.png
  350       291.1       159.9    0.3578    -6.0342  random             3.2s
  351       285.8       198.1    0.3579   -10.9975  random             3.4s
  352       274.0       158.6    0.3580    -9.9319  random             3.4s
  353       284.7       179.5    0.3578    -9.8822  random             3.4s
  354       280.3       198.1    0.3579    -7.6144  random             3.4s
  355       276.7       143.0    0.3581    -8.0692  random             2.9s
  356       280.2       207.0    0.3582    -7.9548  random             3.2s
  357       279.7       191.7    0.3585    -8.5245  random             3.3s
  358       287.5       159.2    0.3589    -8.3082  random             2.9s
  359       273.6       151.4    0.3591   -10.5543  random             3.1s
  [probe] gen=360 score=216.9 net=0.658 fell=0.400
  360       283.9       193.9    0.3593    -7.4779  random             3.2s
  361       249.5       127.6    0.3595    -6.4386  random             2.7s
  362       276.6       142.6    0.3597    -6.0649  random             2.9s
  363       280.2       143.0    0.3599   -10.1225  random             2.6s
  364       282.2       153.8    0.3601   -10.4732  random             3.0s
  365       278.4       155.1    0.3602   -11.3513  random             3.1s
  366       267.2       146.7    0.3602   -11.3271  random             3.0s
  367       263.7       144.3    0.3602   -10.0841  random             3.0s
  368       275.6       178.8    0.3602    -8.4030  random             2.9s
  369       264.0       182.1    0.3603    -8.8400  random             3.0s
  [probe] gen=370 score=220.9 net=0.711 fell=0.700
  370       271.0       144.5    0.3604    -9.4056  random             2.8s
  371       279.7       146.0    0.3606    -8.1787  random             2.9s
  372       272.8       180.3    0.3608    -6.8300  random             3.2s
  373       273.2       165.8    0.3608    -7.5073  random             2.9s
  374       266.2       132.7    0.3608   -10.9431  random             2.9s
  [plot] Saved fitness curve → experiments/thesis/random_variable_gravity/seed_07/fitness_curve.png
  375       280.7       175.1    0.3609    -9.3899  random             3.1s
  376       263.4       164.0    0.3609    -9.5010  random             2.9s
  377       265.9       182.8    0.3610   -11.1531  random             3.1s
  378       261.9       101.5    0.3609   -10.8685  random             2.9s
  379       275.6       153.2    0.3608    -9.3711  random             3.1s
  [probe] gen=380 score=223.7 net=0.936 fell=1.000
  380       269.6       108.4    0.3607    -8.0558  random             2.9s
  381       267.2       141.5    0.3605    -9.9589  random             2.8s
  382       288.3       119.5    0.3604    -6.9498  random             2.8s
  383       272.4       131.3    0.3604    -9.4604  random             2.9s
  384       260.8       156.7    0.3603    -8.7562  random             2.9s
  385       272.3       188.9    0.3603    -8.5290  random             3.3s
  386       268.2       161.6    0.3602    -9.3728  random             3.0s
  387       271.0       194.2    0.3602    -9.4511  random             3.0s
  388       272.9       109.3    0.3601    -6.4547  random             2.6s
  389       283.4       186.8    0.3601    -7.1215  random             3.0s
  [probe] gen=390 score=240.0 net=0.744 fell=0.600
  390       278.5       130.5    0.3601    -9.5980  random             3.1s
  391       265.5       119.1    0.3601    -9.4337  random             2.8s
  392       287.8       127.6    0.3603    -7.5250  random             2.7s
  393       282.8       144.5    0.3604    -7.8374  random             2.8s
  394       287.1       144.5    0.3605    -9.0701  random             2.9s
  395       283.2       100.6    0.3606   -11.5238  random             2.6s
  396       268.2       148.0    0.3606   -11.0370  random             3.0s
  397       265.7       142.2    0.3606   -10.9772  random             3.1s
  398       268.3       163.1    0.3608    -6.9673  random             2.9s
  399       268.6       130.2    0.3609    -7.2602  random             2.8s
  [probe] gen=400 score=119.3 net=0.416 fell=0.600
  [plot] Saved fitness curve → experiments/thesis/random_variable_gravity/seed_07/fitness_curve.png
  400       274.4       164.1    0.3611    -7.0019  random             2.9s
  401       285.1       152.4    0.3613   -11.1719  random             3.1s
  402       281.9       161.8    0.3617    -9.0480  random             2.9s
  403       276.1       177.5    0.3619    -6.3104  random             3.2s
  404       286.5       213.2    0.3621   -10.7815  random             3.7s
  405       279.0       178.1    0.3623   -10.1207  random             3.5s
  406       274.4       139.5    0.3625    -9.2113  random             2.9s
  407       277.9       181.2    0.3627    -9.8022  random             3.4s
  408       271.9       177.8    0.3627    -7.9491  random             3.1s
  409       285.7       205.3    0.3628    -7.8593  random             3.3s
  [probe] gen=410 score=207.1 net=0.744 fell=0.900
  410       278.0       156.1    0.3628    -7.7804  random             3.1s
  411       274.1        87.0    0.3627    -8.5268  random             2.8s
  412       286.8       119.2    0.3625   -10.5622  random             3.0s
  413       276.9       196.6    0.3623    -8.9059  random             3.2s
  414       270.4       173.9    0.3622    -6.1789  random             3.0s
  415       278.6       166.3    0.3621   -11.0855  random             3.4s
  416       276.2       157.0    0.3621   -11.6005  random             3.1s
  417       273.3       131.7    0.3620   -10.1538  random             2.9s
  418       277.0       201.7    0.3620   -11.6469  random             3.5s
  419       274.6       203.5    0.3620    -8.0441  random             3.5s
  [probe] gen=420 score=259.7 net=0.846 fell=0.800
  420       283.9       168.3    0.3621    -6.3874  random             3.2s
  421       273.9       165.3    0.3622    -8.4500  random             2.8s
  422       281.2       156.5    0.3624    -8.3049  random             2.9s
  423       273.0       197.9    0.3627   -10.7761  random             3.6s
  424       278.7       218.4    0.3628    -9.7873  random             3.5s
  [plot] Saved fitness curve → experiments/thesis/random_variable_gravity/seed_07/fitness_curve.png
  425       279.2       185.5    0.3630   -10.6436  random             3.3s
  426       275.2       222.9    0.3634   -10.0536  random             3.4s
  427       275.9       194.8    0.3638    -9.4465  random             3.5s
  428       279.9       229.7    0.3643   -10.6047  random             3.6s
  429       279.6       224.3    0.3647    -8.9261  random             3.6s
  [probe] gen=430 score=256.1 net=0.919 fell=1.000
  430       269.7       216.9    0.3650   -11.4231  random             3.6s
  431       275.1       206.5    0.3652    -8.4483  random             3.3s
  432       272.4       207.3    0.3654   -10.9286  random             3.3s
  433       269.6       216.0    0.3657    -9.7168  random             3.4s
  434       279.7       213.3    0.3658   -11.4957  random             3.5s
  435       276.9       222.1    0.3658   -10.4385  random             3.4s
  436       270.2       210.0    0.3657    -8.5526  random             3.2s
  437       275.8       219.8    0.3657    -8.2706  random             3.4s
  438       278.7       219.6    0.3658   -10.2275  random             3.6s
  439       298.8       180.4    0.3658    -8.0031  random             3.2s
  [probe] gen=440 score=246.1 net=0.873 fell=0.800
  440       279.6       154.2    0.3657    -8.6324  random             3.2s
  441       271.8       187.5    0.3655    -9.1195  random             3.1s
  442       269.0       216.0    0.3653    -9.8171  random             3.5s
  443       267.4       167.0    0.3651    -8.8767  random             3.1s
  444       283.1       161.1    0.3648   -11.4079  random             3.5s
  445       278.8       174.5    0.3644    -6.4055  random             3.3s
  446       280.8       208.2    0.3640    -7.2033  random             3.2s
  447       302.1       191.4    0.3635   -11.6027  random             3.1s
  448       277.9       198.4    0.3629    -9.1157  random             3.2s
  449       288.0       205.8    0.3622    -6.9699  random             3.3s
  [probe] gen=450 score=194.0 net=1.242 fell=1.000
  [plot] Saved fitness curve → experiments/thesis/random_variable_gravity/seed_07/fitness_curve.png
  450       298.9       224.5    0.3617    -6.5021  random             3.5s
  451       280.7       153.2    0.3612    -6.8070  random             2.8s
  452       282.3       200.9    0.3605   -10.9374  random             3.4s
  453       285.3       208.6    0.3598    -8.2677  random             3.4s
  454       284.7       217.1    0.3591   -10.3437  random             3.5s
  455       277.6       219.7    0.3586    -7.1693  random             3.4s
  456       278.1       213.1    0.3580   -10.9629  random             3.3s
  457       276.0       234.7    0.3574   -10.1257  random             3.5s
  458       284.5       193.7    0.3568    -7.7315  random             3.3s
  459       283.6       229.4    0.3561    -7.5381  random             3.6s
  [probe] gen=460 score=266.7 net=0.902 fell=0.900
  460       274.3       221.9    0.3552    -9.0036  random             3.6s
  461       283.1       224.3    0.3543   -10.0400  random             3.5s
  462       288.9       227.4    0.3534    -6.0889  random             3.4s
  463       279.3       212.2    0.3524    -8.1211  random             3.4s
  464       286.3       221.0    0.3514    -8.0021  random             3.4s
  465       276.0       208.5    0.3505   -11.7695  random             3.7s
  466       284.2       224.2    0.3496    -6.0504  random             3.4s
  467       278.1       213.7    0.3488   -10.3485  random             3.3s
  468       315.6       212.8    0.3479    -6.3538  random             3.4s
  469       277.3       195.9    0.3470    -8.6669  random             3.5s
  [probe] gen=470 score=160.8 net=0.413 fell=0.200
  470       285.3       211.6    0.3461    -6.6969  random             3.5s
  471       276.3       185.7    0.3455   -11.7757  random             3.2s
  472       281.7       214.6    0.3447   -10.1809  random             3.3s
  473       284.8       212.3    0.3440    -8.7209  random             3.3s
  474       283.6       198.6    0.3432    -9.3128  random             3.4s
  [plot] Saved fitness curve → experiments/thesis/random_variable_gravity/seed_07/fitness_curve.png
  475       274.3       188.9    0.3424   -10.5549  random             3.4s
  476       280.2       206.2    0.3416    -9.1668  random             3.5s
  477       278.4       233.0    0.3409    -9.4309  random             3.4s
  478       288.9       201.4    0.3401   -10.6752  random             3.6s
  479       274.6       210.9    0.3392   -10.4545  random             3.6s
  [probe] gen=480 score=251.2 net=0.810 fell=0.700
  480       278.6       229.6    0.3382    -9.5170  random             3.5s
  481       285.0       222.3    0.3373    -8.5617  random             3.4s
  482       278.7       243.6    0.3364   -10.8212  random             3.6s
  483       281.5       213.0    0.3355    -8.9668  random             3.5s
  484       285.3       229.6    0.3346    -8.1107  random             3.5s
  485       278.2       180.0    0.3338    -7.5721  random             3.1s
  486       277.5       209.0    0.3334   -11.5886  random             3.6s
  487       281.8       176.9    0.3330    -9.0142  random             3.3s
  488       275.8       215.5    0.3326    -9.6734  random             3.5s
  489       287.5       216.2    0.3322   -11.1881  random             3.6s
  [probe] gen=490 score=131.0 net=0.285 fell=0.200
  490       290.2       202.5    0.3318    -6.0850  random             3.4s
  491       282.2       195.0    0.3314   -11.7998  random             3.3s
  492       278.9       198.2    0.3310   -10.2234  random             3.4s
  493       277.7       160.4    0.3307   -11.3045  random             3.5s
  494       292.0       197.5    0.3303    -8.5951  random             3.6s
  495       280.4       173.2    0.3301    -7.3688  random             3.4s
  496       288.1       163.7    0.3299   -10.5849  random             3.6s
  497       279.2       206.3    0.3297    -7.4111  random             3.3s
  498       304.5       167.4    0.3295    -7.4817  random             3.3s
  499       266.7       177.3    0.3292   -10.5915  random             3.5s
  [plot] Saved fitness curve → experiments/thesis/random_variable_gravity/seed_07/fitness_curve.png

Training complete. Best fitness: 315.6
Best params → experiments/thesis/random_variable_gravity/seed_07/checkpoints/best_params.npy
Fitness curve → experiments/thesis/random_variable_gravity/seed_07/fitness_curve.png
Final Earth scorecard | score=-212.7 net=-0.551 fell=0.600
Gravity sweep | gravities=5 mean_net=-0.029 worst_net=-0.550
  [exp] Wrote experiments/thesis/random_variable_gravity/seed_07/experiment.json
  [exp] Wrote experiments/thesis/random_variable_gravity/seed_07/training_log.csv
  [exp] Wrote experiments/thesis/random_variable_gravity/seed_07/earth_probe.csv
  [exp] Wrote experiments/thesis/random_variable_gravity/seed_07/gravity_sweep.csv
  [exp] Wrote experiments/thesis/random_variable_gravity/seed_07/summary.json
