Walker2d-v5 | policy=CPG  params=504
Curriculum   : StagedEvolution  -1.6 (33%) → -5.0 (33%) → -9.81 (33%)
Run context | seed=6 arm=staged_evolution run_id=staged_evolution_seed_06

Schedule | penalty_min=0.20 penalty_ramp_gen=200 corr_min=0.00 corr_max=0.50 corr_ramp_gen=200

Starting CMA-ES | pop=40 | sigma0=0.5 | max_gen=500 | workers=8 | seed=6
Checkpoints → experiments/thesis/staged_evolution/seed_06/checkpoints/

  Gen        Best        Mean     Sigma    Pen   Corr    Gravity  Phase              Time
------------------------------------------------------------------------------------
  [probe] gen=0 score=-354.8 net=-0.080 fell=1.000 [new best earth]
  [plot] Saved fitness curve → experiments/thesis/staged_evolution/seed_06/fitness_curve.png
    0       -58.0       -79.6    0.4902   0.20   0.00    -1.6000  moon               1.6s
    1       -64.9       -78.2    0.4819   0.20   0.00    -1.6000  moon               0.1s
    2       -57.7       -77.8    0.4745   0.21   0.01    -1.6000  moon               0.2s
    3        -7.0       -71.8    0.4677   0.21   0.01    -1.6000  moon               0.2s
    4       -13.6       -73.4    0.4616   0.22   0.01    -1.6000  moon               0.2s
    5       -64.7       -79.3    0.4560   0.22   0.01    -1.6000  moon               0.2s
    6       -55.5       -75.4    0.4509   0.22   0.01    -1.6000  moon               0.2s
    7       -57.8       -72.5    0.4462   0.23   0.02    -1.6000  moon               0.2s
    8       -61.4       -75.1    0.4420   0.23   0.02    -1.6000  moon               0.2s
    9       -33.5       -71.1    0.4381   0.24   0.02    -1.6000  moon               0.2s
  [probe] gen=10 score=-384.9 net=-0.113 fell=1.000
   10       -58.8       -73.7    0.4346   0.24   0.03    -1.6000  moon               0.2s
   11       -54.3       -75.1    0.4313   0.24   0.03    -1.6000  moon               0.2s
   12       -60.5       -75.3    0.4283   0.25   0.03    -1.6000  moon               0.3s
   13       -53.6       -73.7    0.4253   0.25   0.03    -1.6000  moon               0.3s
   14       -56.0       -74.9    0.4226   0.26   0.04    -1.6000  moon               0.3s
   15       -17.1       -72.9    0.4200   0.26   0.04    -1.6000  moon               0.3s
   16       -10.7       -77.5    0.4175   0.26   0.04    -1.6000  moon               0.3s
   17       -50.5       -76.0    0.4153   0.27   0.04    -1.6000  moon               0.3s
   18        -2.1       -70.2    0.4133   0.27   0.04    -1.6000  moon               0.4s
   19        -6.7       -66.4    0.4115   0.28   0.05    -1.6000  moon               0.4s
  [probe] gen=20 score=-356.3 net=-0.098 fell=1.000
   20        19.8       -65.4    0.4100   0.28   0.05    -1.6000  moon               0.4s
   21       111.1       -63.3    0.4088   0.28   0.05    -1.6000  moon               0.4s
   22        36.9       -51.0    0.4075   0.29   0.06    -1.6000  moon               0.5s
   23        72.2       -62.3    0.4063   0.29   0.06    -1.6000  moon               0.4s
   24        59.7       -57.0    0.4050   0.30   0.06    -1.6000  moon               0.5s
  [plot] Saved fitness curve → experiments/thesis/staged_evolution/seed_06/fitness_curve.png
   25        16.8       -68.4    0.4038   0.30   0.06    -1.6000  moon               0.4s
   26        68.9       -50.0    0.4027   0.30   0.07    -1.6000  moon               0.5s
   27        66.1       -67.0    0.4015   0.31   0.07    -1.6000  moon               0.4s
   28       168.3       -45.0    0.4001   0.31   0.07    -1.6000  moon               0.5s
   29        58.2       -43.4    0.3987   0.32   0.07    -1.6000  moon               0.5s
  [probe] gen=30 score=-164.8 net=0.354 fell=1.000 [new best earth]
   30        43.9       -47.1    0.3974   0.32   0.07    -1.6000  moon               0.6s
   31        68.1       -27.0    0.3961   0.32   0.08    -1.6000  moon               0.6s
   32       307.3       -38.9    0.3949   0.33   0.08    -1.6000  moon               0.6s
   33       189.3       -41.0    0.3939   0.33   0.08    -1.6000  moon               0.7s
   34        91.1       -40.1    0.3929   0.34   0.09    -1.6000  moon               0.7s
   35       109.7       -51.6    0.3921   0.34   0.09    -1.6000  moon               0.6s
   36       109.8       -47.4    0.3914   0.34   0.09    -1.6000  moon               0.7s
   37        52.1       -64.1    0.3906   0.35   0.09    -1.6000  moon               0.7s
   38       133.1       -57.7    0.3898   0.35   0.10    -1.6000  moon               0.6s
   39       109.1       -51.5    0.3891   0.36   0.10    -1.6000  moon               0.6s
  [probe] gen=40 score=-355.0 net=-0.227 fell=1.000
   40        77.5       -43.5    0.3886   0.36   0.10    -1.6000  moon               0.6s
   41       141.8       -48.6    0.3882   0.36   0.10    -1.6000  moon               0.6s
   42        74.5       -46.9    0.3878   0.37   0.10    -1.6000  moon               0.7s
   43       149.7       -48.7    0.3873   0.37   0.11    -1.6000  moon               0.6s
   44        86.0       -62.9    0.3869   0.38   0.11    -1.6000  moon               0.5s
   45       135.6       -73.8    0.3866   0.38   0.11    -1.6000  moon               0.5s
   46        92.8       -64.1    0.3863   0.38   0.12    -1.6000  moon               0.6s
   47        47.4       -54.4    0.3860   0.39   0.12    -1.6000  moon               0.7s
   48        93.7       -46.3    0.3857   0.39   0.12    -1.6000  moon               0.7s
   49        49.4       -51.5    0.3852   0.40   0.12    -1.6000  moon               0.7s
  [probe] gen=50 score=-189.9 net=0.168 fell=1.000
  [plot] Saved fitness curve → experiments/thesis/staged_evolution/seed_06/fitness_curve.png
   50        28.8       -65.5    0.3848   0.40   0.12    -1.6000  moon               0.7s
   51       118.3       -40.7    0.3845   0.40   0.13    -1.6000  moon               0.7s
   52       183.2       -52.6    0.3843   0.41   0.13    -1.6000  moon               0.7s
   53        40.7       -94.7    0.3842   0.41   0.13    -1.6000  moon               0.6s
   54       104.7       -49.0    0.3841   0.42   0.14    -1.6000  moon               0.7s
   55       133.6       -52.9    0.3839   0.42   0.14    -1.6000  moon               0.8s
   56       156.6       -41.4    0.3839   0.42   0.14    -1.6000  moon               0.8s
   57       142.4       -35.2    0.3839   0.43   0.14    -1.6000  moon               0.8s
   58       275.2       -18.4    0.3838   0.43   0.14    -1.6000  moon               1.0s
   59       354.6       -51.1    0.3838   0.44   0.15    -1.6000  moon               0.9s
  [probe] gen=60 score=-378.8 net=-0.598 fell=1.000
   60       208.7       -58.2    0.3837   0.44   0.15    -1.6000  moon               0.7s
   61       198.0       -39.8    0.3835   0.44   0.15    -1.6000  moon               0.7s
   62        93.3       -42.1    0.3833   0.45   0.15    -1.6000  moon               0.8s
   63       101.9       -70.5    0.3830   0.45   0.16    -1.6000  moon               0.9s
   64       217.4       -33.8    0.3827   0.46   0.16    -1.6000  moon               0.9s
   65       218.6       -67.1    0.3824   0.46   0.16    -1.6000  moon               0.9s
   66       117.5       -67.1    0.3821   0.46   0.17    -1.6000  moon               0.8s
   67       176.3       -64.6    0.3817   0.47   0.17    -1.6000  moon               0.8s
   68       219.2       -50.5    0.3816   0.47   0.17    -1.6000  moon               0.8s
   69       199.8       -24.5    0.3816   0.48   0.17    -1.6000  moon               0.9s
  [probe] gen=70 score=-250.2 net=-0.172 fell=1.000
   70       141.4       -10.8    0.3815   0.48   0.17    -1.6000  moon               0.8s
   71       180.7       -24.5    0.3815   0.48   0.18    -1.6000  moon               0.8s
   72       292.7       -30.2    0.3816   0.49   0.18    -1.6000  moon               1.0s
   73       439.0       -42.9    0.3817   0.49   0.18    -1.6000  moon               0.8s
   74       260.9       -12.2    0.3817   0.50   0.18    -1.6000  moon               0.9s
  [plot] Saved fitness curve → experiments/thesis/staged_evolution/seed_06/fitness_curve.png
   75       488.0       -26.3    0.3819   0.50   0.19    -1.6000  moon               0.9s
   76       204.4       -26.7    0.3821   0.50   0.19    -1.6000  moon               0.9s
   77       264.3       -10.0    0.3824   0.51   0.19    -1.6000  moon               1.0s
   78       439.7         4.9    0.3826   0.51   0.20    -1.6000  moon               0.9s
   79       430.4       -29.2    0.3827   0.52   0.20    -1.6000  moon               0.9s
  [probe] gen=80 score=-365.5 net=-0.406 fell=1.000
   80       294.7        14.1    0.3825   0.52   0.20    -1.6000  moon               1.1s
   81       277.0        11.5    0.3825   0.52   0.20    -1.6000  moon               1.0s
   82       198.6       -18.7    0.3825   0.53   0.20    -1.6000  moon               1.1s
   83       313.2        10.7    0.3826   0.53   0.21    -1.6000  moon               1.1s
   84       381.9        -6.2    0.3830   0.54   0.21    -1.6000  moon               1.0s
   85       234.2         8.0    0.3833   0.54   0.21    -1.6000  moon               1.1s
   86       498.8       -23.7    0.3836   0.54   0.21    -1.6000  moon               1.0s
   87       325.7        -1.8    0.3840   0.55   0.22    -1.6000  moon               1.1s
   88       386.0       -55.7    0.3842   0.55   0.22    -1.6000  moon               1.0s
   89       309.9       -27.5    0.3845   0.56   0.22    -1.6000  moon               0.9s
  [probe] gen=90 score=-304.8 net=-0.143 fell=1.000
   90       325.7       -19.5    0.3847   0.56   0.23    -1.6000  moon               1.1s
   91       254.3       -26.4    0.3849   0.56   0.23    -1.6000  moon               0.9s
   92       513.6       -24.4    0.3849   0.57   0.23    -1.6000  moon               0.9s
   93       392.8       -24.4    0.3849   0.57   0.23    -1.6000  moon               0.9s
   94       335.8       -50.0    0.3847   0.58   0.23    -1.6000  moon               1.0s
   95       147.8       -33.9    0.3845   0.58   0.24    -1.6000  moon               0.9s
   96       321.2       -37.8    0.3844   0.58   0.24    -1.6000  moon               0.9s
   97       136.9       -59.2    0.3843   0.59   0.24    -1.6000  moon               0.9s
   98       224.5       -15.5    0.3844   0.59   0.24    -1.6000  moon               1.0s
   99       312.0       -14.2    0.3845   0.60   0.25    -1.6000  moon               0.9s
  [probe] gen=100 score=-110.2 net=0.611 fell=1.000 [new best earth]
  [plot] Saved fitness curve → experiments/thesis/staged_evolution/seed_06/fitness_curve.png
  100       201.0       -32.5    0.3849   0.60   0.25    -1.6000  moon               0.9s
  101       203.5       -33.4    0.3854   0.60   0.25    -1.6000  moon               0.9s
  102       225.1       -24.0    0.3858   0.61   0.26    -1.6000  moon               1.0s
  103       384.6        10.1    0.3861   0.61   0.26    -1.6000  moon               1.0s
  104       335.4         9.7    0.3865   0.62   0.26    -1.6000  moon               1.1s
  105       280.7       -28.5    0.3868   0.62   0.26    -1.6000  moon               0.9s
  106       169.0       -17.4    0.3870   0.62   0.27    -1.6000  moon               1.0s
  107       189.5       -29.1    0.3872   0.63   0.27    -1.6000  moon               1.0s
  108       275.0       -47.7    0.3873   0.63   0.27    -1.6000  moon               0.9s
  109       132.0       -39.6    0.3875   0.64   0.27    -1.6000  moon               1.0s
  [probe] gen=110 score=-276.8 net=-0.117 fell=1.000
  110       223.4       -43.0    0.3878   0.64   0.28    -1.6000  moon               1.0s
  111       309.0       -26.1    0.3880   0.64   0.28    -1.6000  moon               1.0s
  112       293.5       -14.9    0.3883   0.65   0.28    -1.6000  moon               1.0s
  113       186.0       -47.9    0.3885   0.65   0.28    -1.6000  moon               0.9s
  114       200.3       -82.3    0.3886   0.66   0.28    -1.6000  moon               0.9s
  115       422.8       -31.7    0.3889   0.66   0.29    -1.6000  moon               1.0s
  116       306.6       -37.5    0.3891   0.66   0.29    -1.6000  moon               1.0s
  117       398.7       -54.7    0.3892   0.67   0.29    -1.6000  moon               0.9s
  118       160.2       -96.4    0.3893   0.67   0.29    -1.6000  moon               0.9s
  119       227.9       -54.4    0.3896   0.68   0.30    -1.6000  moon               1.0s
  [probe] gen=120 score=-190.8 net=0.254 fell=1.000
  120       195.7       -44.8    0.3899   0.68   0.30    -1.6000  moon               0.9s
  121       323.9       -94.2    0.3903   0.68   0.30    -1.6000  moon               0.8s
  122       309.4       -21.9    0.3908   0.69   0.30    -1.6000  moon               1.1s
  123       207.9       -51.2    0.3914   0.69   0.31    -1.6000  moon               0.9s
  124       232.7       -54.9    0.3918   0.70   0.31    -1.6000  moon               1.0s
  [plot] Saved fitness curve → experiments/thesis/staged_evolution/seed_06/fitness_curve.png
  125       233.4       -14.9    0.3923   0.70   0.31    -1.6000  moon               1.0s
  126       224.3       -62.3    0.3927   0.70   0.32    -1.6000  moon               0.9s
  127       437.2       -46.9    0.3931   0.71   0.32    -1.6000  moon               1.1s
  128       151.6       -73.6    0.3934   0.71   0.32    -1.6000  moon               0.9s
  129       222.7       -59.7    0.3937   0.72   0.32    -1.6000  moon               1.3s
  [probe] gen=130 score=-193.9 net=0.276 fell=1.000
  130       203.8       -58.5    0.3939   0.72   0.33    -1.6000  moon               1.1s
  131       206.3       -93.5    0.3940   0.72   0.33    -1.6000  moon               1.0s
  132       293.7       -48.4    0.3941   0.73   0.33    -1.6000  moon               1.1s
  133       109.7       -81.0    0.3940   0.73   0.33    -1.6000  moon               1.0s
  134       354.7       -30.2    0.3939   0.74   0.34    -1.6000  moon               1.0s
  135       218.9       -10.1    0.3937   0.74   0.34    -1.6000  moon               1.1s
  136       249.9       -59.4    0.3937   0.74   0.34    -1.6000  moon               1.1s
  137       414.4       -45.5    0.3938   0.75   0.34    -1.6000  moon               1.1s
  138       295.8       -64.8    0.3939   0.75   0.34    -1.6000  moon               1.0s
  139       142.3       -39.3    0.3940   0.76   0.35    -1.6000  moon               1.0s
  [probe] gen=140 score=-78.4 net=0.634 fell=1.000 [new best earth]
  140       323.0        -0.5    0.3940   0.76   0.35    -1.6000  moon               1.1s
  141       221.2       -58.4    0.3942   0.76   0.35    -1.6000  moon               1.1s
  142       248.7       -46.0    0.3945   0.77   0.35    -1.6000  moon               1.1s
  143       164.5       -58.3    0.3950   0.77   0.36    -1.6000  moon               1.1s
  144       276.6       -42.4    0.3954   0.78   0.36    -1.6000  moon               1.0s
  145       224.0       -93.6    0.3957   0.78   0.36    -1.6000  moon               1.0s
  146       127.7       -48.4    0.3958   0.78   0.36    -1.6000  moon               1.0s
  147       153.8       -71.0    0.3960   0.79   0.37    -1.6000  moon               1.0s
  148       227.0       -44.1    0.3959   0.79   0.37    -1.6000  moon               1.0s
  149       251.1       -54.6    0.3961   0.80   0.37    -1.6000  moon               0.9s
  [probe] gen=150 score=-278.3 net=-0.092 fell=1.000
  [plot] Saved fitness curve → experiments/thesis/staged_evolution/seed_06/fitness_curve.png
  150       194.0      -112.6    0.3963   0.80   0.38    -1.6000  moon               0.9s
  151       408.1       -64.9    0.3965   0.80   0.38    -1.6000  moon               0.9s
  152       117.5      -120.7    0.3966   0.81   0.38    -1.6000  moon               0.8s
  153       121.7      -105.7    0.3967   0.81   0.38    -1.6000  moon               0.9s
  154       174.2      -116.4    0.3968   0.82   0.39    -1.6000  moon               0.8s
  155       142.2       -81.5    0.3967   0.82   0.39    -1.6000  moon               1.0s
  156        97.9      -102.5    0.3969   0.82   0.39    -1.6000  moon               0.9s
  157       229.9       -81.1    0.3970   0.83   0.39    -1.6000  moon               1.0s
  158       187.6      -105.8    0.3974   0.83   0.40    -1.6000  moon               0.8s
  159       245.9       -91.8    0.3978   0.84   0.40    -1.6000  moon               1.0s
  [probe] gen=160 score=-124.0 net=0.507 fell=1.000
  160       265.7       -32.7    0.3979   0.84   0.40    -1.6000  moon               1.0s
  161       253.2       -40.6    0.3982   0.84   0.40    -1.6000  moon               1.0s
  162       278.0       -63.7    0.3983   0.85   0.41    -1.6000  moon               1.1s
  163       283.4       -80.6    0.3983   0.85   0.41    -1.6000  moon               1.0s
  164       223.7      -110.5    0.3982   0.86   0.41    -1.6000  moon               1.0s
  165       227.8       -55.8    0.3982   0.86   0.41    -1.6000  moon               1.0s
  166        94.8      -107.4    0.3983   0.86   0.41    -1.6000  moon               0.9s
  [stage] gen=167  gravity -5.00 → -5.00  ES restarted  remaining=332
  167       154.6      -158.6    0.5000   0.87   0.42    -5.0000  mid                0.7s
  168       -96.9      -276.8    0.4905   0.87   0.42    -5.0000  mid                0.3s
  169       -35.5      -245.0    0.4824   0.88   0.42    -5.0000  mid                0.4s
  [probe] gen=170 score=-234.8 net=0.183 fell=1.000
  170        45.1      -205.9    0.4751   0.88   0.42    -5.0000  mid                0.5s
  171       -46.4      -190.6    0.4686   0.88   0.43    -5.0000  mid                0.6s
  172        12.1      -178.8    0.4624   0.89   0.43    -5.0000  mid                0.6s
  173       108.4      -197.5    0.4568   0.89   0.43    -5.0000  mid                0.6s
  174       144.4      -176.6    0.4516   0.90   0.43    -5.0000  mid                0.6s
  [plot] Saved fitness curve → experiments/thesis/staged_evolution/seed_06/fitness_curve.png
  175        68.0      -191.5    0.4468   0.90   0.44    -5.0000  mid                0.5s
  176        -6.5      -207.9    0.4425   0.90   0.44    -5.0000  mid                0.4s
  177        70.6      -150.7    0.4385   0.91   0.44    -5.0000  mid                0.6s
  178        77.8      -161.6    0.4350   0.91   0.45    -5.0000  mid                0.6s
  179        15.6      -151.8    0.4317   0.92   0.45    -5.0000  mid                0.6s
  [probe] gen=180 score=-391.0 net=-0.662 fell=1.000
  180        54.7      -140.0    0.4286   0.92   0.45    -5.0000  mid                0.7s
  181        67.2      -152.0    0.4257   0.92   0.45    -5.0000  mid                0.6s
  182        75.8      -148.2    0.4232   0.93   0.46    -5.0000  mid                0.6s
  183        54.6      -160.5    0.4207   0.93   0.46    -5.0000  mid                0.6s
  184       178.0      -113.9    0.4184   0.94   0.46    -5.0000  mid                0.6s
  185       184.6      -137.1    0.4162   0.94   0.46    -5.0000  mid                0.6s
  186        71.7      -126.8    0.4141   0.94   0.47    -5.0000  mid                0.7s
  187         4.5      -142.6    0.4121   0.95   0.47    -5.0000  mid                0.6s
  188        37.5      -121.7    0.4103   0.95   0.47    -5.0000  mid                0.7s
  189        36.6      -110.1    0.4088   0.96   0.47    -5.0000  mid                0.6s
  [probe] gen=190 score=-17.0 net=0.977 fell=1.000 [new best earth]
  190       134.4      -104.4    0.4073   0.96   0.47    -5.0000  mid                0.6s
  191       246.9       -75.9    0.4059   0.96   0.48    -5.0000  mid                0.7s
  192       136.7      -127.3    0.4045   0.97   0.48    -5.0000  mid                0.6s
  193       244.0       -93.8    0.4033   0.97   0.48    -5.0000  mid                0.7s
  194       267.6       -80.5    0.4022   0.98   0.48    -5.0000  mid                0.7s
  195        81.3      -141.4    0.4011   0.98   0.49    -5.0000  mid                0.7s
  196       128.1       -94.1    0.4002   0.98   0.49    -5.0000  mid                0.7s
  197       114.5       -92.5    0.3992   0.99   0.49    -5.0000  mid                0.7s
  198       132.7       -75.7    0.3984   0.99   0.49    -5.0000  mid                0.7s
  199       144.8      -108.3    0.3975   1.00   0.50    -5.0000  mid                0.7s
  [probe] gen=200 score=-107.2 net=0.642 fell=1.000
  [plot] Saved fitness curve → experiments/thesis/staged_evolution/seed_06/fitness_curve.png
  200       132.5       -75.9    0.3966   1.00   0.50    -5.0000  mid                0.7s
  201       156.2      -104.2    0.3956   1.00   0.50    -5.0000  mid                0.6s
  202       218.9       -44.0    0.3947   1.00   0.50    -5.0000  mid                0.7s
  203       211.4       -86.9    0.3938   1.00   0.50    -5.0000  mid                0.6s
  204       172.2       -65.8    0.3929   1.00   0.50    -5.0000  mid                0.7s
  205       276.5       -97.3    0.3919   1.00   0.50    -5.0000  mid                0.6s
  206       227.3       -86.6    0.3909   1.00   0.50    -5.0000  mid                0.7s
  207       143.1      -120.8    0.3902   1.00   0.50    -5.0000  mid                0.7s
  208       213.5      -112.7    0.3898   1.00   0.50    -5.0000  mid                0.7s
  209       136.8      -108.6    0.3895   1.00   0.50    -5.0000  mid                0.7s
  [probe] gen=210 score=-51.5 net=0.726 fell=1.000
  210       301.2       -90.7    0.3891   1.00   0.50    -5.0000  mid                0.8s
  211       139.8       -75.1    0.3888   1.00   0.50    -5.0000  mid                0.6s
  212       249.7       -59.6    0.3883   1.00   0.50    -5.0000  mid                0.7s
  213       143.7      -105.0    0.3878   1.00   0.50    -5.0000  mid                0.7s
  214       224.9       -95.1    0.3873   1.00   0.50    -5.0000  mid                0.7s
  215       212.7       -84.3    0.3866   1.00   0.50    -5.0000  mid                0.7s
  216       222.5       -82.0    0.3859   1.00   0.50    -5.0000  mid                0.7s
  217       236.0       -69.5    0.3853   1.00   0.50    -5.0000  mid                0.7s
  218       480.3       -28.4    0.3849   1.00   0.50    -5.0000  mid                0.8s
  219       301.0       -70.8    0.3844   1.00   0.50    -5.0000  mid                0.8s
  [probe] gen=220 score=30.3 net=1.068 fell=1.000 [new best earth]
  220       180.8      -117.7    0.3838   1.00   0.50    -5.0000  mid                0.8s
  221       183.4       -80.1    0.3833   1.00   0.50    -5.0000  mid                0.8s
  222       283.7      -114.0    0.3826   1.00   0.50    -5.0000  mid                0.8s
  223       241.8       -84.2    0.3820   1.00   0.50    -5.0000  mid                0.8s
  224       217.8       -79.5    0.3813   1.00   0.50    -5.0000  mid                0.8s
  [plot] Saved fitness curve → experiments/thesis/staged_evolution/seed_06/fitness_curve.png
  225       284.5       -18.5    0.3809   1.00   0.50    -5.0000  mid                0.7s
  226       220.0       -44.9    0.3805   1.00   0.50    -5.0000  mid                0.8s
  227       291.8       -44.9    0.3800   1.00   0.50    -5.0000  mid                0.8s
  228       280.1       -53.0    0.3796   1.00   0.50    -5.0000  mid                0.7s
  229       231.1       -69.0    0.3794   1.00   0.50    -5.0000  mid                0.7s
  [probe] gen=230 score=-10.3 net=0.926 fell=1.000
  230       211.3       -56.5    0.3792   1.00   0.50    -5.0000  mid                0.7s
  231       427.7       -71.0    0.3791   1.00   0.50    -5.0000  mid                0.7s
  232       169.4       -62.8    0.3789   1.00   0.50    -5.0000  mid                0.8s
  233       208.7       -50.6    0.3787   1.00   0.50    -5.0000  mid                0.7s
  234       207.7       -68.6    0.3785   1.00   0.50    -5.0000  mid                0.8s
  235       284.2       -37.6    0.3783   1.00   0.50    -5.0000  mid                0.8s
  236       319.7        -5.6    0.3782   1.00   0.50    -5.0000  mid                0.8s
  237       270.6       -45.8    0.3781   1.00   0.50    -5.0000  mid                0.8s
  238       272.2       -27.7    0.3782   1.00   0.50    -5.0000  mid                0.8s
  239       342.6       -16.8    0.3782   1.00   0.50    -5.0000  mid                0.8s
  [probe] gen=240 score=-165.7 net=0.129 fell=1.000
  240       291.5       -21.5    0.3782   1.00   0.50    -5.0000  mid                0.8s
  241       294.3       -28.9    0.3784   1.00   0.50    -5.0000  mid                0.7s
  242       308.2         2.4    0.3785   1.00   0.50    -5.0000  mid                0.8s
  243       295.1       -12.6    0.3785   1.00   0.50    -5.0000  mid                0.9s
  244       373.7       -44.3    0.3784   1.00   0.50    -5.0000  mid                0.7s
  245       285.8       -45.5    0.3784   1.00   0.50    -5.0000  mid                0.7s
  246       211.7       -77.8    0.3785   1.00   0.50    -5.0000  mid                0.8s
  247       386.7        63.3    0.3786   1.00   0.50    -5.0000  mid                0.8s
  248       291.2       -63.1    0.3789   1.00   0.50    -5.0000  mid                0.7s
  249       213.2       -25.3    0.3792   1.00   0.50    -5.0000  mid                0.7s
  [probe] gen=250 score=-0.9 net=0.955 fell=1.000
  [plot] Saved fitness curve → experiments/thesis/staged_evolution/seed_06/fitness_curve.png
  250       303.7        -8.0    0.3793   1.00   0.50    -5.0000  mid                0.8s
  251       369.3       -39.1    0.3793   1.00   0.50    -5.0000  mid                0.7s
  252       330.7       -42.7    0.3792   1.00   0.50    -5.0000  mid                0.8s
  253       401.3        37.3    0.3790   1.00   0.50    -5.0000  mid                0.8s
  254       369.1        -6.4    0.3788   1.00   0.50    -5.0000  mid                0.8s
  255       320.8        -8.1    0.3786   1.00   0.50    -5.0000  mid                0.8s
  256       293.2       -12.8    0.3786   1.00   0.50    -5.0000  mid                0.7s
  257       171.2       -43.6    0.3784   1.00   0.50    -5.0000  mid                0.7s
  258       327.5        -7.2    0.3783   1.00   0.50    -5.0000  mid                0.9s
  259       320.8       -21.9    0.3781   1.00   0.50    -5.0000  mid                0.8s
  [probe] gen=260 score=-33.2 net=0.891 fell=1.000
  260       253.4         2.1    0.3780   1.00   0.50    -5.0000  mid                0.8s
  261       366.4         5.1    0.3780   1.00   0.50    -5.0000  mid                0.9s
  262       295.6       -41.4    0.3780   1.00   0.50    -5.0000  mid                0.6s
  263       363.8       -10.2    0.3777   1.00   0.50    -5.0000  mid                0.7s
  264       352.1       -54.2    0.3776   1.00   0.50    -5.0000  mid                0.7s
  265       226.0       -63.1    0.3773   1.00   0.50    -5.0000  mid                0.7s
  266       304.3       -30.1    0.3771   1.00   0.50    -5.0000  mid                0.8s
  267       318.4        -6.5    0.3770   1.00   0.50    -5.0000  mid                0.8s
  268       322.7        12.6    0.3767   1.00   0.50    -5.0000  mid                0.8s
  269       331.2       -56.1    0.3764   1.00   0.50    -5.0000  mid                0.7s
  [probe] gen=270 score=-64.8 net=0.768 fell=1.000
  270       246.5       -54.4    0.3760   1.00   0.50    -5.0000  mid                0.8s
  271       367.7        -7.3    0.3756   1.00   0.50    -5.0000  mid                0.8s
  272       242.0       -39.3    0.3753   1.00   0.50    -5.0000  mid                0.7s
  273       306.6       -26.3    0.3750   1.00   0.50    -5.0000  mid                0.7s
  274       441.4         0.6    0.3747   1.00   0.50    -5.0000  mid                0.7s
  [plot] Saved fitness curve → experiments/thesis/staged_evolution/seed_06/fitness_curve.png
  275       268.0       -38.2    0.3746   1.00   0.50    -5.0000  mid                0.7s
  276       210.6       -72.0    0.3745   1.00   0.50    -5.0000  mid                0.7s
  277       611.4       -22.8    0.3745   1.00   0.50    -5.0000  mid                0.7s
  278       214.2       -61.3    0.3745   1.00   0.50    -5.0000  mid                0.7s
  279       365.6        10.3    0.3745   1.00   0.50    -5.0000  mid                0.9s
  [probe] gen=280 score=85.0 net=1.282 fell=1.000 [new best earth]
  280       260.8       -13.7    0.3744   1.00   0.50    -5.0000  mid                0.7s
  281       234.5       -24.8    0.3743   1.00   0.50    -5.0000  mid                0.6s
  282       373.0       -16.0    0.3740   1.00   0.50    -5.0000  mid                0.8s
  283       335.5       -21.5    0.3736   1.00   0.50    -5.0000  mid                0.7s
  284       327.7        -6.2    0.3734   1.00   0.50    -5.0000  mid                0.8s
  285       214.0       -38.3    0.3730   1.00   0.50    -5.0000  mid                0.7s
  286       252.5       -15.9    0.3728   1.00   0.50    -5.0000  mid                0.8s
  287       325.3       -38.6    0.3725   1.00   0.50    -5.0000  mid                0.7s
  288       307.9       -60.9    0.3724   1.00   0.50    -5.0000  mid                0.7s
  289       329.7       -53.5    0.3722   1.00   0.50    -5.0000  mid                0.7s
  [probe] gen=290 score=-5.4 net=0.951 fell=1.000
  290       315.5       -64.5    0.3720   1.00   0.50    -5.0000  mid                0.7s
  291       289.5       -63.9    0.3718   1.00   0.50    -5.0000  mid                0.7s
  292       399.7        34.5    0.3715   1.00   0.50    -5.0000  mid                0.9s
  293       289.6       -14.5    0.3713   1.00   0.50    -5.0000  mid                0.7s
  294       278.9       -40.2    0.3711   1.00   0.50    -5.0000  mid                0.8s
  295       333.7       -26.8    0.3709   1.00   0.50    -5.0000  mid                0.7s
  296       350.3         4.0    0.3707   1.00   0.50    -5.0000  mid                0.8s
  297       233.1       -23.6    0.3703   1.00   0.50    -5.0000  mid                0.8s
  298       397.8        61.2    0.3698   1.00   0.50    -5.0000  mid                0.9s
  299       433.3        34.1    0.3691   1.00   0.50    -5.0000  mid                0.8s
  [probe] gen=300 score=-50.1 net=0.508 fell=1.000
  [plot] Saved fitness curve → experiments/thesis/staged_evolution/seed_06/fitness_curve.png
  300       295.2        -3.6    0.3686   1.00   0.50    -5.0000  mid                0.8s
  301       439.5        25.9    0.3682   1.00   0.50    -5.0000  mid                0.7s
  302       476.8       -19.1    0.3679   1.00   0.50    -5.0000  mid                0.7s
  303       335.5       -21.5    0.3676   1.00   0.50    -5.0000  mid                0.9s
  304       385.5         1.8    0.3674   1.00   0.50    -5.0000  mid                0.9s
  305       430.6        14.5    0.3674   1.00   0.50    -5.0000  mid                0.8s
  306       301.3       -23.5    0.3674   1.00   0.50    -5.0000  mid                0.8s
  307       433.2       -21.9    0.3675   1.00   0.50    -5.0000  mid                0.8s
  308       500.0       -19.5    0.3677   1.00   0.50    -5.0000  mid                0.8s
  309       370.3       -20.6    0.3679   1.00   0.50    -5.0000  mid                0.9s
  [probe] gen=310 score=203.5 net=1.860 fell=1.000 [new best earth]
  310       383.3       -18.4    0.3680   1.00   0.50    -5.0000  mid                0.8s
  311       423.3        34.5    0.3681   1.00   0.50    -5.0000  mid                0.8s
  312       457.6        -0.9    0.3681   1.00   0.50    -5.0000  mid                0.9s
  313       399.8         1.0    0.3681   1.00   0.50    -5.0000  mid                0.8s
  314       414.4        59.7    0.3682   1.00   0.50    -5.0000  mid                0.9s
  315       486.1       -10.2    0.3680   1.00   0.50    -5.0000  mid                0.9s
  316       395.6        63.7    0.3677   1.00   0.50    -5.0000  mid                0.9s
  317       514.9        29.8    0.3673   1.00   0.50    -5.0000  mid                0.9s
  318       372.0        50.2    0.3669   1.00   0.50    -5.0000  mid                0.9s
  319       357.3        28.7    0.3664   1.00   0.50    -5.0000  mid                0.9s
  [probe] gen=320 score=96.4 net=1.355 fell=1.000
  320       391.9       -23.0    0.3660   1.00   0.50    -5.0000  mid                0.8s
  321       489.1        95.0    0.3657   1.00   0.50    -5.0000  mid                0.9s
  322       368.7        43.2    0.3653   1.00   0.50    -5.0000  mid                0.8s
  323       428.6        49.7    0.3648   1.00   0.50    -5.0000  mid                0.9s
  324       423.9       113.2    0.3642   1.00   0.50    -5.0000  mid                0.9s
  [plot] Saved fitness curve → experiments/thesis/staged_evolution/seed_06/fitness_curve.png
  325       508.4        27.8    0.3638   1.00   0.50    -5.0000  mid                0.9s
  326       586.9        86.4    0.3634   1.00   0.50    -5.0000  mid                0.9s
  327       408.8        47.7    0.3630   1.00   0.50    -5.0000  mid                0.9s
  328       414.4         7.6    0.3627   1.00   0.50    -5.0000  mid                0.8s
  329       440.1         9.8    0.3625   1.00   0.50    -5.0000  mid                0.7s
  [probe] gen=330 score=-44.4 net=0.845 fell=1.000
  330       419.9        61.9    0.3622   1.00   0.50    -5.0000  mid                0.9s
  331       507.3        93.6    0.3621   1.00   0.50    -5.0000  mid                0.9s
  332       456.1        19.5    0.3620   1.00   0.50    -5.0000  mid                0.8s
  333       675.4        47.3    0.3619   1.00   0.50    -5.0000  mid                0.9s
  [stage] gen=334  gravity -9.81 → -9.81  ES restarted  remaining=165
  334       216.7       -61.7    0.5000   1.00   0.50    -9.8100  earth              0.7s
  335       196.9      -319.3    0.4905   1.00   0.50    -9.8100  earth              0.5s
  336       192.7      -277.7    0.4822   1.00   0.50    -9.8100  earth              0.6s
  337       270.0      -213.7    0.4750   1.00   0.50    -9.8100  earth              0.6s
  338       324.7      -208.1    0.4683   1.00   0.50    -9.8100  earth              0.7s
  339       256.4      -164.2    0.4622   1.00   0.50    -9.8100  earth              0.6s
  [probe] gen=340 score=222.2 net=1.878 fell=1.000 [new best earth]
  340       260.7      -161.2    0.4567   1.00   0.50    -9.8100  earth              0.5s
  341       263.3      -157.7    0.4516   1.00   0.50    -9.8100  earth              0.6s
  342       250.4      -119.9    0.4467   1.00   0.50    -9.8100  earth              0.5s
  343       226.7      -109.1    0.4424   1.00   0.50    -9.8100  earth              0.6s
  344       236.3      -113.0    0.4383   1.00   0.50    -9.8100  earth              0.5s
  345       182.5      -128.6    0.4346   1.00   0.50    -9.8100  earth              0.5s
  346       263.8      -173.1    0.4310   1.00   0.50    -9.8100  earth              0.5s
  347       201.9       -90.9    0.4277   1.00   0.50    -9.8100  earth              0.6s
  348       243.2       -90.9    0.4247   1.00   0.50    -9.8100  earth              0.6s
  349       304.7       -84.7    0.4217   1.00   0.50    -9.8100  earth              0.7s
  [probe] gen=350 score=209.3 net=1.755 fell=1.000
  [plot] Saved fitness curve → experiments/thesis/staged_evolution/seed_06/fitness_curve.png
  350       217.7      -124.6    0.4188   1.00   0.50    -9.8100  earth              0.7s
  351       190.6      -116.9    0.4163   1.00   0.50    -9.8100  earth              0.6s
  352       314.3      -136.2    0.4141   1.00   0.50    -9.8100  earth              0.6s
  353       214.2       -87.5    0.4122   1.00   0.50    -9.8100  earth              0.7s
  354       155.9      -112.7    0.4106   1.00   0.50    -9.8100  earth              0.6s
  355       259.9       -82.3    0.4091   1.00   0.50    -9.8100  earth              0.7s
  356       208.0      -226.6    0.4078   1.00   0.50    -9.8100  earth              0.6s
  357       247.6      -205.1    0.4065   1.00   0.50    -9.8100  earth              0.5s
  358       230.3       -85.0    0.4052   1.00   0.50    -9.8100  earth              0.7s
  359       269.3       -91.6    0.4042   1.00   0.50    -9.8100  earth              0.7s
  [probe] gen=360 score=190.5 net=1.659 fell=1.000
  360       201.2       -42.9    0.4031   1.00   0.50    -9.8100  earth              0.7s
  361       233.7      -167.4    0.4019   1.00   0.50    -9.8100  earth              0.6s
  362       209.5       -64.2    0.4006   1.00   0.50    -9.8100  earth              0.6s
  363       209.3       -71.6    0.3994   1.00   0.50    -9.8100  earth              0.7s
  364       259.3      -108.1    0.3984   1.00   0.50    -9.8100  earth              0.6s
  365       209.3       -83.5    0.3974   1.00   0.50    -9.8100  earth              0.7s
  366       338.6       -80.2    0.3965   1.00   0.50    -9.8100  earth              0.6s
  367       234.2      -113.8    0.3958   1.00   0.50    -9.8100  earth              0.6s
  368       160.4      -177.0    0.3949   1.00   0.50    -9.8100  earth              0.6s
  369       256.0      -131.5    0.3940   1.00   0.50    -9.8100  earth              0.6s
  [probe] gen=370 score=99.1 net=1.378 fell=1.000
  370       174.7      -161.7    0.3931   1.00   0.50    -9.8100  earth              0.6s
  371       261.3       -68.2    0.3921   1.00   0.50    -9.8100  earth              0.7s
  372       249.5      -119.4    0.3911   1.00   0.50    -9.8100  earth              0.6s
  373       234.1       -82.7    0.3901   1.00   0.50    -9.8100  earth              0.6s
  374       175.4      -115.3    0.3893   1.00   0.50    -9.8100  earth              0.6s
  [plot] Saved fitness curve → experiments/thesis/staged_evolution/seed_06/fitness_curve.png
  375       251.5       -69.2    0.3884   1.00   0.50    -9.8100  earth              0.7s
  376       244.5      -108.2    0.3874   1.00   0.50    -9.8100  earth              0.7s
  377       199.7      -106.8    0.3864   1.00   0.50    -9.8100  earth              0.6s
  378       253.0       -98.5    0.3854   1.00   0.50    -9.8100  earth              0.6s
  379       264.0      -122.7    0.3844   1.00   0.50    -9.8100  earth              0.7s
  [probe] gen=380 score=187.1 net=1.621 fell=1.000
  380       207.6       -59.1    0.3834   1.00   0.50    -9.8100  earth              0.6s
  381       277.3      -108.9    0.3823   1.00   0.50    -9.8100  earth              0.6s
  382       280.6       -26.9    0.3813   1.00   0.50    -9.8100  earth              0.6s
  383       207.0       -64.0    0.3805   1.00   0.50    -9.8100  earth              0.7s
  384       230.3      -116.3    0.3796   1.00   0.50    -9.8100  earth              0.7s
  385       257.1       -11.1    0.3788   1.00   0.50    -9.8100  earth              0.7s
  386       250.0       -35.0    0.3781   1.00   0.50    -9.8100  earth              0.6s
  387       211.1       -70.6    0.3775   1.00   0.50    -9.8100  earth              0.6s
  388       232.2       -81.9    0.3768   1.00   0.50    -9.8100  earth              0.6s
  389       232.1       -67.9    0.3763   1.00   0.50    -9.8100  earth              0.6s
  [probe] gen=390 score=217.4 net=1.687 fell=1.000
  390       281.6        -1.4    0.3758   1.00   0.50    -9.8100  earth              0.6s
  391       230.4       -23.0    0.3753   1.00   0.50    -9.8100  earth              0.6s
  392       279.5       -15.9    0.3747   1.00   0.50    -9.8100  earth              0.6s
  393       270.2        23.2    0.3742   1.00   0.50    -9.8100  earth              0.6s
  394       343.7        -2.1    0.3736   1.00   0.50    -9.8100  earth              0.6s
  395       376.7       -57.9    0.3731   1.00   0.50    -9.8100  earth              0.6s
  396       253.1         9.9    0.3728   1.00   0.50    -9.8100  earth              0.6s
  397       436.5         0.5    0.3725   1.00   0.50    -9.8100  earth              0.7s
  398       288.4       -49.0    0.3721   1.00   0.50    -9.8100  earth              0.6s
  399       192.8       -82.1    0.3717   1.00   0.50    -9.8100  earth              0.6s
  [probe] gen=400 score=239.0 net=1.942 fell=1.000 [new best earth]
  [plot] Saved fitness curve → experiments/thesis/staged_evolution/seed_06/fitness_curve.png
  400       235.3       -67.8    0.3712   1.00   0.50    -9.8100  earth              0.7s
  401       240.4       -57.7    0.3706   1.00   0.50    -9.8100  earth              0.7s
  402       251.2       -22.5    0.3700   1.00   0.50    -9.8100  earth              0.6s
  403       249.4       -27.0    0.3695   1.00   0.50    -9.8100  earth              0.6s
  404       241.4       -96.2    0.3689   1.00   0.50    -9.8100  earth              0.5s
  405       261.2       -76.8    0.3685   1.00   0.50    -9.8100  earth              0.6s
  406       320.6       -46.7    0.3682   1.00   0.50    -9.8100  earth              0.7s
  407       306.5       -33.9    0.3680   1.00   0.50    -9.8100  earth              0.6s
  408       285.7        29.7    0.3678   1.00   0.50    -9.8100  earth              0.7s
  409       230.9       -44.2    0.3677   1.00   0.50    -9.8100  earth              0.6s
  [probe] gen=410 score=6.2 net=1.017 fell=1.000
  410       292.3       -56.3    0.3675   1.00   0.50    -9.8100  earth              0.6s
  411       285.8       -57.5    0.3673   1.00   0.50    -9.8100  earth              0.6s
  412       326.1       -49.6    0.3670   1.00   0.50    -9.8100  earth              0.6s
  413       452.2       -12.5    0.3668   1.00   0.50    -9.8100  earth              0.6s
  414       267.5       -22.8    0.3668   1.00   0.50    -9.8100  earth              0.6s
  415       241.4       -44.6    0.3667   1.00   0.50    -9.8100  earth              0.6s
  416       261.3       -33.4    0.3667   1.00   0.50    -9.8100  earth              0.6s
  417       279.5       -38.7    0.3666   1.00   0.50    -9.8100  earth              0.6s
  418       211.9       -32.6    0.3667   1.00   0.50    -9.8100  earth              0.6s
  419       325.4        45.1    0.3669   1.00   0.50    -9.8100  earth              0.7s
  [probe] gen=420 score=293.7 net=2.051 fell=1.000 [new best earth]
  420       302.5        -0.8    0.3669   1.00   0.50    -9.8100  earth              0.6s
  421       267.4       -30.3    0.3668   1.00   0.50    -9.8100  earth              0.6s
  422       250.9        15.1    0.3667   1.00   0.50    -9.8100  earth              0.6s
  423       383.2        39.8    0.3669   1.00   0.50    -9.8100  earth              0.7s
  424       295.9       -20.8    0.3672   1.00   0.50    -9.8100  earth              0.7s
  [plot] Saved fitness curve → experiments/thesis/staged_evolution/seed_06/fitness_curve.png
  425       266.1         7.3    0.3675   1.00   0.50    -9.8100  earth              0.7s
  426       308.5        11.0    0.3678   1.00   0.50    -9.8100  earth              0.7s
  427       243.9       -93.9    0.3679   1.00   0.50    -9.8100  earth              0.7s
  428       261.2       -30.1    0.3679   1.00   0.50    -9.8100  earth              0.7s
  429       296.6        -5.7    0.3678   1.00   0.50    -9.8100  earth              0.8s
  [probe] gen=430 score=187.3 net=1.535 fell=1.000
  430       338.2       -10.0    0.3678   1.00   0.50    -9.8100  earth              0.7s
  431       262.3       -60.6    0.3677   1.00   0.50    -9.8100  earth              0.6s
  432       287.3       -69.3    0.3677   1.00   0.50    -9.8100  earth              0.6s
  433       303.7        -7.3    0.3678   1.00   0.50    -9.8100  earth              0.6s
  434       268.2       -29.1    0.3677   1.00   0.50    -9.8100  earth              0.7s
  435       324.4       -14.0    0.3676   1.00   0.50    -9.8100  earth              0.7s
  436       291.5       -36.4    0.3677   1.00   0.50    -9.8100  earth              0.7s
  437       292.3        -6.5    0.3678   1.00   0.50    -9.8100  earth              0.7s
  438       348.6        -1.5    0.3679   1.00   0.50    -9.8100  earth              0.6s
  439       277.5        34.5    0.3679   1.00   0.50    -9.8100  earth              0.6s
  [probe] gen=440 score=236.5 net=1.757 fell=1.000
  440       296.7        33.1    0.3678   1.00   0.50    -9.8100  earth              0.8s
  441       263.1       -24.0    0.3677   1.00   0.50    -9.8100  earth              0.6s
  442       265.3       -73.3    0.3676   1.00   0.50    -9.8100  earth              0.6s
  443       298.6       -14.6    0.3675   1.00   0.50    -9.8100  earth              0.7s
  444       307.9         3.0    0.3675   1.00   0.50    -9.8100  earth              0.7s
  445       307.9         2.1    0.3675   1.00   0.50    -9.8100  earth              0.7s
  446       302.9       -18.5    0.3676   1.00   0.50    -9.8100  earth              0.7s
  447       270.5       -70.4    0.3677   1.00   0.50    -9.8100  earth              0.6s
  448       283.9       -28.4    0.3676   1.00   0.50    -9.8100  earth              0.7s
  449       289.0        -0.2    0.3675   1.00   0.50    -9.8100  earth              0.7s
  [probe] gen=450 score=260.3 net=2.026 fell=1.000
  [plot] Saved fitness curve → experiments/thesis/staged_evolution/seed_06/fitness_curve.png
  450       253.5       -46.0    0.3674   1.00   0.50    -9.8100  earth              0.6s
  451       307.1        34.9    0.3672   1.00   0.50    -9.8100  earth              0.7s
  452       277.8       -59.1    0.3668   1.00   0.50    -9.8100  earth              0.7s
  453       280.3        42.1    0.3665   1.00   0.50    -9.8100  earth              0.7s
  454       312.9        47.3    0.3665   1.00   0.50    -9.8100  earth              0.7s
  455       277.8       -59.3    0.3663   1.00   0.50    -9.8100  earth              0.6s
  456       265.5        42.6    0.3663   1.00   0.50    -9.8100  earth              0.7s
  457       266.1         4.6    0.3662   1.00   0.50    -9.8100  earth              0.6s
  458       309.7       103.1    0.3660   1.00   0.50    -9.8100  earth              0.7s
  459       273.5       -52.8    0.3659   1.00   0.50    -9.8100  earth              0.7s
  [probe] gen=460 score=-66.6 net=0.487 fell=1.000
  460       288.9        38.7    0.3656   1.00   0.50    -9.8100  earth              0.7s
  461       324.8        -4.1    0.3654   1.00   0.50    -9.8100  earth              0.7s
  462       353.2        -3.7    0.3650   1.00   0.50    -9.8100  earth              0.7s
  463       346.5         4.5    0.3648   1.00   0.50    -9.8100  earth              0.7s
  464       240.3        -8.4    0.3649   1.00   0.50    -9.8100  earth              0.7s
  465       247.6         5.6    0.3649   1.00   0.50    -9.8100  earth              0.7s
  466       286.3        61.3    0.3649   1.00   0.50    -9.8100  earth              0.7s
  467       239.6        55.3    0.3648   1.00   0.50    -9.8100  earth              0.7s
  468       244.2        16.8    0.3648   1.00   0.50    -9.8100  earth              0.7s
  469       266.2        -1.2    0.3649   1.00   0.50    -9.8100  earth              0.6s
  [probe] gen=470 score=270.5 net=2.132 fell=1.000
  470       386.3        42.3    0.3650   1.00   0.50    -9.8100  earth              0.7s
  471       365.3       100.8    0.3652   1.00   0.50    -9.8100  earth              0.7s
  472       277.4         9.9    0.3654   1.00   0.50    -9.8100  earth              0.6s
  473       236.3        58.3    0.3655   1.00   0.50    -9.8100  earth              0.7s
  474       237.2        97.2    0.3654   1.00   0.50    -9.8100  earth              0.6s
  [plot] Saved fitness curve → experiments/thesis/staged_evolution/seed_06/fitness_curve.png
  475       246.6        88.4    0.3656   1.00   0.50    -9.8100  earth              0.7s
  476       300.4        52.1    0.3659   1.00   0.50    -9.8100  earth              0.7s
  477       284.5        78.8    0.3662   1.00   0.50    -9.8100  earth              0.7s
  478       296.3        56.9    0.3666   1.00   0.50    -9.8100  earth              0.7s
  479       411.0        37.1    0.3668   1.00   0.50    -9.8100  earth              0.7s
  [probe] gen=480 score=230.9 net=1.750 fell=1.000
  480       292.3         2.0    0.3671   1.00   0.50    -9.8100  earth              0.8s
  481       446.5         3.4    0.3674   1.00   0.50    -9.8100  earth              0.7s
  482       313.8        59.9    0.3676   1.00   0.50    -9.8100  earth              0.8s
  483       383.8       148.0    0.3678   1.00   0.50    -9.8100  earth              0.7s
  484       316.1        64.7    0.3679   1.00   0.50    -9.8100  earth              0.7s
  485       324.8        56.9    0.3682   1.00   0.50    -9.8100  earth              0.8s
  486       368.1        34.4    0.3683   1.00   0.50    -9.8100  earth              0.8s
  487       256.7        34.1    0.3683   1.00   0.50    -9.8100  earth              0.7s
  488       396.5        13.5    0.3685   1.00   0.50    -9.8100  earth              0.7s
  489       421.4        77.6    0.3688   1.00   0.50    -9.8100  earth              0.8s
  [probe] gen=490 score=326.7 net=2.241 fell=1.000 [new best earth]
  490       399.3        38.6    0.3688   1.00   0.50    -9.8100  earth              0.7s
  491       286.6        24.2    0.3689   1.00   0.50    -9.8100  earth              0.8s
  492       367.4        70.4    0.3690   1.00   0.50    -9.8100  earth              0.7s
  493       246.9        61.2    0.3692   1.00   0.50    -9.8100  earth              0.7s
  494       253.0        80.7    0.3694   1.00   0.50    -9.8100  earth              0.7s
  495       301.6        91.4    0.3695   1.00   0.50    -9.8100  earth              0.7s
  496       429.5        34.9    0.3696   1.00   0.50    -9.8100  earth              0.7s
  497       405.5        88.1    0.3696   1.00   0.50    -9.8100  earth              0.7s
  498       276.0        69.8    0.3698   1.00   0.50    -9.8100  earth              0.7s
  499       255.2        37.7    0.3699   1.00   0.50    -9.8100  earth              0.7s
  [plot] Saved fitness curve → experiments/thesis/staged_evolution/seed_06/fitness_curve.png

Training complete. Best fitness: 675.4
Best params → experiments/thesis/staged_evolution/seed_06/checkpoints/best_params.npy
Fitness curve → experiments/thesis/staged_evolution/seed_06/fitness_curve.png
Eval params  → best_earth_params (earth probe score: 326.7)
Final Earth scorecard | score=236.5 net=1.802 fell=1.000
Gravity sweep | gravities=5 mean_net=0.867 worst_net=0.292
  [exp] Wrote experiments/thesis/staged_evolution/seed_06/experiment.json
  [exp] Wrote experiments/thesis/staged_evolution/seed_06/training_log.csv
  [exp] Wrote experiments/thesis/staged_evolution/seed_06/earth_probe.csv
  [exp] Wrote experiments/thesis/staged_evolution/seed_06/gravity_sweep.csv
  [exp] Wrote experiments/thesis/staged_evolution/seed_06/summary.json
