Walker2d-v5 | policy=CPG  params=504
Curriculum   : StagedEvolution  -1.6 (33%) → -5.0 (33%) → -9.81 (33%)
Run context | seed=4 arm=staged_evolution run_id=staged_evolution_seed_04

Schedule | penalty_min=0.20 penalty_ramp_gen=200 corr_min=0.00 corr_max=0.50 corr_ramp_gen=200

Starting CMA-ES | pop=40 | sigma0=0.5 | max_gen=500 | workers=8 | seed=4
Checkpoints → experiments/thesis/staged_evolution/seed_04/checkpoints/

  Gen        Best        Mean     Sigma    Pen   Corr    Gravity  Phase              Time
------------------------------------------------------------------------------------
  [probe] gen=0 score=-385.1 net=-0.195 fell=1.000 [new best earth]
  [plot] Saved fitness curve → experiments/thesis/staged_evolution/seed_04/fitness_curve.png
    0       -60.2       -76.5    0.4904   0.20   0.00    -1.6000  moon               1.6s
    1       -46.5       -73.0    0.4820   0.20   0.00    -1.6000  moon               0.2s
    2       -54.5       -73.5    0.4746   0.21   0.01    -1.6000  moon               0.2s
    3       -49.3       -72.1    0.4681   0.21   0.01    -1.6000  moon               0.2s
    4       -52.6       -72.5    0.4624   0.22   0.01    -1.6000  moon               0.2s
    5       -50.9       -70.4    0.4569   0.22   0.01    -1.6000  moon               0.2s
    6       -53.9       -72.3    0.4520   0.22   0.01    -1.6000  moon               0.2s
    7       -50.8       -71.4    0.4474   0.23   0.02    -1.6000  moon               0.2s
    8       -48.6       -72.0    0.4432   0.23   0.02    -1.6000  moon               0.2s
    9       -46.9       -69.7    0.4394   0.24   0.02    -1.6000  moon               0.3s
  [probe] gen=10 score=-373.3 net=-0.082 fell=1.000 [new best earth]
   10       -47.2       -70.2    0.4357   0.24   0.03    -1.6000  moon               0.3s
   11       -50.9       -68.7    0.4324   0.24   0.03    -1.6000  moon               0.3s
   12       -48.9       -74.2    0.4295   0.25   0.03    -1.6000  moon               0.3s
   13       -30.3       -74.3    0.4268   0.25   0.03    -1.6000  moon               0.3s
   14       -34.8       -67.5    0.4242   0.26   0.04    -1.6000  moon               0.3s
   15       -43.3       -73.2    0.4218   0.26   0.04    -1.6000  moon               0.3s
   16        -6.1       -66.8    0.4196   0.26   0.04    -1.6000  moon               0.4s
   17         8.6       -68.0    0.4175   0.27   0.04    -1.6000  moon               0.4s
   18         5.5       -69.8    0.4155   0.27   0.04    -1.6000  moon               0.5s
   19       312.9       -51.5    0.4136   0.28   0.05    -1.6000  moon               0.5s
  [probe] gen=20 score=-355.1 net=-0.255 fell=1.000 [new best earth]
   20        43.5       -63.2    0.4120   0.28   0.05    -1.6000  moon               0.4s
   21       151.7       -57.4    0.4105   0.28   0.05    -1.6000  moon               0.5s
   22       145.6       -38.5    0.4092   0.29   0.06    -1.6000  moon               0.8s
   23       284.5         4.1    0.4080   0.29   0.06    -1.6000  moon               1.0s
   24       294.8       -13.9    0.4070   0.30   0.06    -1.6000  moon               0.9s
  [plot] Saved fitness curve → experiments/thesis/staged_evolution/seed_04/fitness_curve.png
   25       225.3       -22.2    0.4059   0.30   0.06    -1.6000  moon               1.0s
   26       292.0        44.2    0.4049   0.30   0.07    -1.6000  moon               1.1s
   27       322.4        43.8    0.4041   0.31   0.07    -1.6000  moon               1.2s
   28       300.4        59.5    0.4034   0.31   0.07    -1.6000  moon               1.3s
   29       327.9        81.3    0.4030   0.32   0.07    -1.6000  moon               1.2s
  [probe] gen=30 score=-262.8 net=-0.038 fell=1.000 [new best earth]
   30       372.6        83.7    0.4029   0.32   0.07    -1.6000  moon               1.3s
   31       361.9       103.4    0.4027   0.32   0.08    -1.6000  moon               1.4s
   32       470.8       173.7    0.4024   0.33   0.08    -1.6000  moon               1.6s
   33       356.4       118.2    0.4022   0.33   0.08    -1.6000  moon               1.5s
   34       445.2       148.7    0.4020   0.34   0.09    -1.6000  moon               1.7s
   35       317.3        86.1    0.4018   0.34   0.09    -1.6000  moon               1.6s
   36       377.1       147.6    0.4016   0.34   0.09    -1.6000  moon               1.7s
   37       385.1       102.4    0.4015   0.35   0.09    -1.6000  moon               1.7s
   38       435.2       149.1    0.4013   0.35   0.10    -1.6000  moon               2.2s
   39       401.6       102.1    0.4011   0.36   0.10    -1.6000  moon               2.1s
  [probe] gen=40 score=14.0 net=0.994 fell=1.000 [new best earth]
   40       433.7       118.8    0.4011   0.36   0.10    -1.6000  moon               1.8s
   41       331.2       135.6    0.4011   0.36   0.10    -1.6000  moon               1.8s
   42       370.7       155.9    0.4013   0.37   0.10    -1.6000  moon               1.8s
   43       384.6       114.5    0.4016   0.37   0.11    -1.6000  moon               1.7s
   44       413.7       181.3    0.4020   0.38   0.11    -1.6000  moon               1.8s
   45       390.1       172.3    0.4023   0.38   0.11    -1.6000  moon               1.9s
   46       432.7       142.1    0.4026   0.38   0.12    -1.6000  moon               2.1s
   47       298.3       115.4    0.4031   0.39   0.12    -1.6000  moon               2.0s
   48       320.4        96.2    0.4037   0.39   0.12    -1.6000  moon               1.9s
   49       380.3        78.4    0.4044   0.40   0.12    -1.6000  moon               1.8s
  [probe] gen=50 score=69.3 net=1.154 fell=1.000 [new best earth]
  [plot] Saved fitness curve → experiments/thesis/staged_evolution/seed_04/fitness_curve.png
   50       409.3       149.4    0.4052   0.40   0.12    -1.6000  moon               2.2s
   51       393.1       158.4    0.4059   0.40   0.13    -1.6000  moon               2.0s
   52       366.7       207.1    0.4065   0.41   0.13    -1.6000  moon               2.3s
   53       389.2       167.7    0.4070   0.41   0.13    -1.6000  moon               2.0s
   54       463.3       184.9    0.4076   0.42   0.14    -1.6000  moon               2.2s
   55       557.1       219.1    0.4081   0.42   0.14    -1.6000  moon               2.2s
   56       440.1       195.1    0.4087   0.42   0.14    -1.6000  moon               2.2s
   57       502.6       249.1    0.4093   0.43   0.14    -1.6000  moon               2.1s
   58       575.5       207.4    0.4098   0.43   0.14    -1.6000  moon               1.9s
   59       495.7       228.2    0.4102   0.44   0.15    -1.6000  moon               2.4s
  [probe] gen=60 score=-91.6 net=0.168 fell=0.900
   60       602.5       199.5    0.4108   0.44   0.15    -1.6000  moon               2.2s
   61       804.5       207.5    0.4113   0.44   0.15    -1.6000  moon               2.1s
   62       643.1       288.3    0.4118   0.45   0.15    -1.6000  moon               2.2s
   63       689.1       275.3    0.4123   0.45   0.16    -1.6000  moon               2.3s
   64       536.9       240.8    0.4125   0.46   0.16    -1.6000  moon               2.1s
   65       699.2       296.0    0.4127   0.46   0.16    -1.6000  moon               2.3s
   66       686.4       240.1    0.4129   0.46   0.17    -1.6000  moon               1.8s
   67       606.0       227.2    0.4132   0.47   0.17    -1.6000  moon               2.0s
   68       751.6       305.5    0.4133   0.47   0.17    -1.6000  moon               2.1s
   69       692.3       256.8    0.4134   0.48   0.17    -1.6000  moon               2.1s
  [probe] gen=70 score=78.3 net=1.114 fell=1.000 [new best earth]
   70       650.8       226.6    0.4135   0.48   0.17    -1.6000  moon               2.1s
   71      1251.3       215.2    0.4138   0.48   0.18    -1.6000  moon               2.1s
   72       713.9       332.9    0.4142   0.49   0.18    -1.6000  moon               2.2s
   73       837.2       243.4    0.4144   0.49   0.18    -1.6000  moon               2.1s
   74       823.6       249.9    0.4146   0.50   0.18    -1.6000  moon               2.3s
  [plot] Saved fitness curve → experiments/thesis/staged_evolution/seed_04/fitness_curve.png
   75       796.0       269.7    0.4149   0.50   0.19    -1.6000  moon               2.1s
   76       784.0       341.4    0.4152   0.50   0.19    -1.6000  moon               2.2s
   77       812.6       362.2    0.4157   0.51   0.19    -1.6000  moon               2.3s
   78       892.6       338.7    0.4162   0.51   0.20    -1.6000  moon               2.3s
   79       955.6       387.1    0.4165   0.52   0.20    -1.6000  moon               2.4s
  [probe] gen=80 score=-245.8 net=-0.239 fell=1.000
   80       872.3       291.4    0.4169   0.52   0.20    -1.6000  moon               2.1s
   81       871.2       331.7    0.4177   0.52   0.20    -1.6000  moon               2.3s
   82       826.6       392.8    0.4183   0.53   0.20    -1.6000  moon               2.4s
   83       810.3       252.3    0.4188   0.53   0.21    -1.6000  moon               2.1s
   84      1219.7       320.5    0.4192   0.54   0.21    -1.6000  moon               2.1s
   85       751.0       286.7    0.4196   0.54   0.21    -1.6000  moon               2.2s
   86       881.9       346.9    0.4199   0.54   0.21    -1.6000  moon               2.4s
   87      1072.4       284.0    0.4202   0.55   0.22    -1.6000  moon               2.3s
   88       993.2       266.4    0.4206   0.55   0.22    -1.6000  moon               2.1s
   89       815.6       330.9    0.4210   0.56   0.22    -1.6000  moon               2.1s
  [probe] gen=90 score=74.6 net=1.222 fell=1.000
   90       880.3       323.5    0.4213   0.56   0.23    -1.6000  moon               2.2s
   91      1159.2       386.1    0.4215   0.56   0.23    -1.6000  moon               2.2s
   92      1158.4       314.2    0.4217   0.57   0.23    -1.6000  moon               1.9s
   93      1100.6       343.7    0.4219   0.57   0.23    -1.6000  moon               2.2s
   94      1017.4       369.8    0.4222   0.58   0.23    -1.6000  moon               2.2s
   95       986.0       390.9    0.4224   0.58   0.24    -1.6000  moon               2.4s
   96      1195.6       395.5    0.4228   0.58   0.24    -1.6000  moon               2.2s
   97      1407.8       410.6    0.4231   0.59   0.24    -1.6000  moon               2.4s
   98      1256.4       436.9    0.4235   0.59   0.24    -1.6000  moon               2.3s
   99      1171.6       367.2    0.4240   0.60   0.25    -1.6000  moon               2.1s
  [probe] gen=100 score=88.6 net=1.195 fell=1.000 [new best earth]
  [plot] Saved fitness curve → experiments/thesis/staged_evolution/seed_04/fitness_curve.png
  100      1134.4       457.1    0.4245   0.60   0.25    -1.6000  moon               2.4s
  101      1141.0       449.1    0.4250   0.60   0.25    -1.6000  moon               2.3s
  102      1219.6       442.5    0.4258   0.61   0.26    -1.6000  moon               2.3s
  103       973.0       337.8    0.4265   0.61   0.26    -1.6000  moon               2.2s
  104      1215.9       425.4    0.4273   0.62   0.26    -1.6000  moon               2.3s
  105      1076.7       397.1    0.4280   0.62   0.26    -1.6000  moon               2.3s
  106      1127.5       352.8    0.4287   0.62   0.27    -1.6000  moon               2.3s
  107      1002.2       363.7    0.4293   0.63   0.27    -1.6000  moon               2.2s
  108      1186.2       335.3    0.4300   0.63   0.27    -1.6000  moon               2.3s
  109      1362.2       535.7    0.4304   0.64   0.27    -1.6000  moon               2.6s
  [probe] gen=110 score=117.3 net=1.333 fell=1.000 [new best earth]
  110      1181.7       326.4    0.4309   0.64   0.28    -1.6000  moon               2.2s
  111      1223.0       314.0    0.4315   0.64   0.28    -1.6000  moon               2.1s
  112      1190.0       344.7    0.4321   0.65   0.28    -1.6000  moon               2.4s
  113      1101.1       350.8    0.4329   0.65   0.28    -1.6000  moon               2.4s
  114      1104.3       403.5    0.4337   0.66   0.28    -1.6000  moon               2.4s
  115      1296.6       338.2    0.4343   0.66   0.29    -1.6000  moon               2.4s
  116      1327.2       427.8    0.4349   0.66   0.29    -1.6000  moon               2.3s
  117      1548.6       539.1    0.4355   0.67   0.29    -1.6000  moon               2.5s
  118      1168.3       372.1    0.4361   0.67   0.29    -1.6000  moon               2.4s
  119      1246.3       377.3    0.4369   0.68   0.30    -1.6000  moon               2.4s
  [probe] gen=120 score=94.8 net=1.278 fell=1.000
  120      1082.6       458.6    0.4377   0.68   0.30    -1.6000  moon               2.1s
  121      1255.5       451.7    0.4386   0.68   0.30    -1.6000  moon               2.3s
  122      1348.9       561.1    0.4396   0.69   0.30    -1.6000  moon               2.7s
  123      1275.9       415.3    0.4405   0.69   0.31    -1.6000  moon               2.3s
  124      1484.8       576.8    0.4411   0.70   0.31    -1.6000  moon               2.6s
  [plot] Saved fitness curve → experiments/thesis/staged_evolution/seed_04/fitness_curve.png
  125      1512.6       370.6    0.4415   0.70   0.31    -1.6000  moon               2.2s
  126      1080.0       407.4    0.4419   0.70   0.32    -1.6000  moon               2.6s
  127      1608.5       466.8    0.4423   0.71   0.32    -1.6000  moon               2.4s
  128      1702.1       495.3    0.4427   0.71   0.32    -1.6000  moon               2.3s
  129      1199.4       585.6    0.4430   0.72   0.32    -1.6000  moon               2.6s
  [probe] gen=130 score=187.9 net=1.628 fell=1.000 [new best earth]
  130      1383.3       580.0    0.4433   0.72   0.33    -1.6000  moon               2.5s
  131      1458.9       401.6    0.4436   0.72   0.33    -1.6000  moon               2.2s
  132      1064.0       320.7    0.4439   0.73   0.33    -1.6000  moon               2.1s
  133      1061.6       349.3    0.4444   0.73   0.33    -1.6000  moon               2.1s
  134      1106.8       403.6    0.4448   0.74   0.34    -1.6000  moon               2.1s
  135      1110.2       446.7    0.4452   0.74   0.34    -1.6000  moon               2.3s
  136      1234.2       392.0    0.4456   0.74   0.34    -1.6000  moon               2.2s
  137      1198.2       457.3    0.4461   0.75   0.34    -1.6000  moon               2.2s
  138      1375.0       558.4    0.4465   0.75   0.34    -1.6000  moon               2.4s
  139      1427.2       577.1    0.4468   0.76   0.35    -1.6000  moon               2.5s
  [probe] gen=140 score=189.3 net=1.595 fell=1.000 [new best earth]
  140      1362.9       532.9    0.4469   0.76   0.35    -1.6000  moon               2.4s
  141      1311.2       528.6    0.4468   0.76   0.35    -1.6000  moon               2.5s
  142      1439.9       480.3    0.4468   0.77   0.35    -1.6000  moon               2.2s
  143      1246.4       555.4    0.4466   0.77   0.36    -1.6000  moon               2.3s
  144      1355.8       561.7    0.4464   0.78   0.36    -1.6000  moon               2.3s
  145      1428.3       509.4    0.4463   0.78   0.36    -1.6000  moon               2.4s
  146      1311.0       560.7    0.4462   0.78   0.36    -1.6000  moon               2.5s
  147      1480.2       610.0    0.4460   0.79   0.37    -1.6000  moon               2.5s
  148      1158.1       529.9    0.4460   0.79   0.37    -1.6000  moon               2.2s
  149      1467.2       493.1    0.4460   0.80   0.37    -1.6000  moon               2.3s
  [probe] gen=150 score=145.9 net=1.445 fell=1.000
  [plot] Saved fitness curve → experiments/thesis/staged_evolution/seed_04/fitness_curve.png
  150      1149.4       618.0    0.4460   0.80   0.38    -1.6000  moon               2.6s
  151      1252.5       548.3    0.4460   0.80   0.38    -1.6000  moon               2.2s
  152      1174.1       515.4    0.4462   0.81   0.38    -1.6000  moon               2.3s
  153      1465.2       610.1    0.4465   0.81   0.38    -1.6000  moon               2.6s
  154      1103.3       482.2    0.4467   0.82   0.39    -1.6000  moon               2.2s
  155      1184.4       499.6    0.4468   0.82   0.39    -1.6000  moon               2.4s
  156      1565.7       686.3    0.4469   0.82   0.39    -1.6000  moon               2.6s
  157      1229.2       523.7    0.4470   0.83   0.39    -1.6000  moon               2.4s
  158      1232.3       450.7    0.4471   0.83   0.40    -1.6000  moon               2.2s
  159      1217.6       486.7    0.4474   0.84   0.40    -1.6000  moon               2.3s
  [probe] gen=160 score=174.7 net=1.594 fell=1.000
  160      1209.7       662.1    0.4475   0.84   0.40    -1.6000  moon               2.7s
  161      1507.3       626.5    0.4478   0.84   0.40    -1.6000  moon               2.4s
  162      1583.8       617.9    0.4481   0.85   0.41    -1.6000  moon               2.4s
  163      1366.0       594.8    0.4484   0.85   0.41    -1.6000  moon               2.4s
  164      1175.5       647.2    0.4487   0.86   0.41    -1.6000  moon               2.7s
  165      1355.6       753.1    0.4489   0.86   0.41    -1.6000  moon               2.8s
  166      1393.2       585.6    0.4493   0.86   0.41    -1.6000  moon               2.4s
  [stage] gen=167  gravity -5.00 → -5.00  ES restarted  remaining=332
  167      1014.3       312.3    0.5000   0.87   0.42    -5.0000  mid                1.3s
  168       421.8       112.1    0.4906   0.87   0.42    -5.0000  mid                1.1s
  169       630.7       172.4    0.4824   0.88   0.42    -5.0000  mid                1.3s
  [probe] gen=170 score=-395.6 net=-0.897 fell=1.000
  170      1011.2        92.8    0.4751   0.88   0.42    -5.0000  mid                1.0s
  171       769.8       183.6    0.4684   0.88   0.43    -5.0000  mid                1.2s
  172       769.4       121.1    0.4623   0.89   0.43    -5.0000  mid                1.3s
  173       770.0       141.7    0.4566   0.89   0.43    -5.0000  mid                1.4s
  174       857.3       269.5    0.4513   0.90   0.43    -5.0000  mid                1.4s
  [plot] Saved fitness curve → experiments/thesis/staged_evolution/seed_04/fitness_curve.png
  175      1092.6       185.2    0.4465   0.90   0.44    -5.0000  mid                1.4s
  176       974.3       204.9    0.4421   0.90   0.44    -5.0000  mid                1.4s
  177       992.1       371.8    0.4382   0.91   0.44    -5.0000  mid                1.7s
  178      1163.5       267.9    0.4345   0.91   0.45    -5.0000  mid                1.5s
  179      1131.9       268.6    0.4310   0.92   0.45    -5.0000  mid                1.7s
  [probe] gen=180 score=185.4 net=1.610 fell=1.000
  180      1344.6       310.4    0.4279   0.92   0.45    -5.0000  mid                1.6s
  181      1089.6       445.8    0.4248   0.92   0.45    -5.0000  mid                1.8s
  182      1524.2       488.0    0.4218   0.93   0.46    -5.0000  mid                1.7s
  183      1119.1       508.6    0.4189   0.93   0.46    -5.0000  mid                1.7s
  184      1294.2       488.3    0.4162   0.94   0.46    -5.0000  mid                1.8s
  185      1237.6       498.3    0.4137   0.94   0.46    -5.0000  mid                1.7s
  186      1434.5       485.2    0.4115   0.94   0.47    -5.0000  mid                2.0s
  187      1155.4       567.3    0.4094   0.95   0.47    -5.0000  mid                2.0s
  188      1600.4       528.5    0.4073   0.95   0.47    -5.0000  mid                2.0s
  189      1220.1       478.7    0.4052   0.96   0.47    -5.0000  mid                1.9s
  [probe] gen=190 score=162.4 net=1.550 fell=1.000
  190      1285.9       603.6    0.4032   0.96   0.47    -5.0000  mid                2.2s
  191      1580.5       579.5    0.4014   0.96   0.48    -5.0000  mid                2.2s
  192      1142.4       509.0    0.3998   0.97   0.48    -5.0000  mid                1.8s
  193      1243.1       645.6    0.3982   0.97   0.48    -5.0000  mid                2.2s
  194      1612.0       667.5    0.3968   0.98   0.48    -5.0000  mid                2.4s
  195      1477.4       644.2    0.3956   0.98   0.49    -5.0000  mid                2.2s
  196      1367.1       662.8    0.3946   0.98   0.49    -5.0000  mid                2.2s
  197      1544.1       609.8    0.3936   0.99   0.49    -5.0000  mid                2.0s
  198      1349.6       574.5    0.3927   0.99   0.49    -5.0000  mid                2.0s
  199      1300.4       572.2    0.3919   1.00   0.50    -5.0000  mid                1.9s
  [probe] gen=200 score=169.0 net=1.595 fell=1.000
  [plot] Saved fitness curve → experiments/thesis/staged_evolution/seed_04/fitness_curve.png
  200      1692.2       647.3    0.3910   1.00   0.50    -5.0000  mid                2.1s
  201      1711.3       634.4    0.3902   1.00   0.50    -5.0000  mid                2.1s
  202      1232.2       502.5    0.3894   1.00   0.50    -5.0000  mid                1.7s
  203      1594.0       703.0    0.3887   1.00   0.50    -5.0000  mid                2.2s
  204      1709.8       738.1    0.3882   1.00   0.50    -5.0000  mid                2.4s
  205      1772.1       766.5    0.3877   1.00   0.50    -5.0000  mid                2.5s
  206      1587.0       726.0    0.3873   1.00   0.50    -5.0000  mid                2.1s
  207      1843.3       846.1    0.3868   1.00   0.50    -5.0000  mid                2.3s
  208      1707.0       826.0    0.3862   1.00   0.50    -5.0000  mid                2.6s
  209      1744.8       703.3    0.3856   1.00   0.50    -5.0000  mid                2.2s
  [probe] gen=210 score=198.9 net=1.679 fell=1.000 [new best earth]
  210      1887.6       941.6    0.3850   1.00   0.50    -5.0000  mid                2.6s
  211      1784.0       735.2    0.3845   1.00   0.50    -5.0000  mid                2.2s
  212      1741.8       702.9    0.3841   1.00   0.50    -5.0000  mid                2.2s
  213      1506.7       933.5    0.3838   1.00   0.50    -5.0000  mid                2.6s
  214      1689.5       810.2    0.3834   1.00   0.50    -5.0000  mid                2.6s
  215      1823.0       896.1    0.3832   1.00   0.50    -5.0000  mid                2.6s
  216      1661.2       880.3    0.3830   1.00   0.50    -5.0000  mid                2.7s
  217      1579.1       909.0    0.3828   1.00   0.50    -5.0000  mid                2.5s
  218      1870.0       905.3    0.3828   1.00   0.50    -5.0000  mid                2.5s
  219      1959.3       914.4    0.3828   1.00   0.50    -5.0000  mid                2.4s
  [probe] gen=220 score=200.0 net=1.673 fell=1.000 [new best earth]
  220      1682.6       928.8    0.3827   1.00   0.50    -5.0000  mid                2.4s
  221      1919.5      1002.7    0.3827   1.00   0.50    -5.0000  mid                2.7s
  222      1972.8       923.9    0.3828   1.00   0.50    -5.0000  mid                2.4s
  223      1863.0       980.0    0.3829   1.00   0.50    -5.0000  mid                2.5s
  224      1839.2       853.8    0.3830   1.00   0.50    -5.0000  mid                2.3s
  [plot] Saved fitness curve → experiments/thesis/staged_evolution/seed_04/fitness_curve.png
  225      1720.5       941.5    0.3831   1.00   0.50    -5.0000  mid                2.7s
  226      1854.3       854.7    0.3832   1.00   0.50    -5.0000  mid                2.3s
  227      2006.8       709.3    0.3833   1.00   0.50    -5.0000  mid                2.0s
  228      1695.5       843.6    0.3834   1.00   0.50    -5.0000  mid                2.7s
  229      1835.8       889.0    0.3835   1.00   0.50    -5.0000  mid                2.7s
  [probe] gen=230 score=230.4 net=1.727 fell=1.000 [new best earth]
  230      1738.3       838.3    0.3837   1.00   0.50    -5.0000  mid                2.2s
  231      1735.3       913.1    0.3841   1.00   0.50    -5.0000  mid                2.6s
  232      1708.3       817.2    0.3844   1.00   0.50    -5.0000  mid                2.5s
  233      1962.5       899.2    0.3848   1.00   0.50    -5.0000  mid                2.6s
  234      1845.7      1041.4    0.3853   1.00   0.50    -5.0000  mid                3.0s
  235      1743.1       944.8    0.3858   1.00   0.50    -5.0000  mid                2.5s
  236      1935.9      1211.4    0.3862   1.00   0.50    -5.0000  mid                3.0s
  237      1778.3       865.9    0.3866   1.00   0.50    -5.0000  mid                2.4s
  238      1938.6       967.1    0.3871   1.00   0.50    -5.0000  mid                2.5s
  239      1941.5      1063.3    0.3876   1.00   0.50    -5.0000  mid                2.8s
  [probe] gen=240 score=146.1 net=1.471 fell=1.000
  240      2016.6       985.1    0.3879   1.00   0.50    -5.0000  mid                2.7s
  241      1980.8       728.8    0.3882   1.00   0.50    -5.0000  mid                2.1s
  242      2081.5       912.1    0.3883   1.00   0.50    -5.0000  mid                2.4s
  243      1964.0       868.3    0.3882   1.00   0.50    -5.0000  mid                2.5s
  244      1884.2       645.7    0.3882   1.00   0.50    -5.0000  mid                2.2s
  245      1901.5       775.3    0.3880   1.00   0.50    -5.0000  mid                2.4s
  246      1881.2       930.7    0.3878   1.00   0.50    -5.0000  mid                2.6s
  247      2089.0      1037.7    0.3874   1.00   0.50    -5.0000  mid                3.0s
  248      1812.7       971.5    0.3872   1.00   0.50    -5.0000  mid                2.9s
  249      1788.9       877.4    0.3869   1.00   0.50    -5.0000  mid                2.6s
  [probe] gen=250 score=149.1 net=1.538 fell=1.000
  [plot] Saved fitness curve → experiments/thesis/staged_evolution/seed_04/fitness_curve.png
  250      1919.6       955.1    0.3867   1.00   0.50    -5.0000  mid                2.6s
  251      2046.3       838.6    0.3865   1.00   0.50    -5.0000  mid                2.3s
  252      1940.1      1004.1    0.3863   1.00   0.50    -5.0000  mid                2.7s
  253      1812.2       970.5    0.3860   1.00   0.50    -5.0000  mid                2.8s
  254      1926.9      1096.1    0.3858   1.00   0.50    -5.0000  mid                3.0s
  255      1989.3      1025.3    0.3853   1.00   0.50    -5.0000  mid                2.9s
  256      2026.4       846.8    0.3849   1.00   0.50    -5.0000  mid                2.4s
  257      1732.4       870.4    0.3846   1.00   0.50    -5.0000  mid                2.5s
  258      1839.8       837.5    0.3842   1.00   0.50    -5.0000  mid                2.3s
  259      1958.4       882.8    0.3839   1.00   0.50    -5.0000  mid                2.6s
  [probe] gen=260 score=202.9 net=1.685 fell=1.000
  260      1978.4       967.3    0.3836   1.00   0.50    -5.0000  mid                2.8s
  261      2052.6      1012.2    0.3833   1.00   0.50    -5.0000  mid                2.6s
  262      1875.2       974.3    0.3830   1.00   0.50    -5.0000  mid                2.8s
  263      1842.6       949.7    0.3827   1.00   0.50    -5.0000  mid                2.6s
  264      2007.4      1054.4    0.3824   1.00   0.50    -5.0000  mid                3.0s
  265      1858.6      1173.2    0.3821   1.00   0.50    -5.0000  mid                2.8s
  266      1771.8       971.5    0.3820   1.00   0.50    -5.0000  mid                2.7s
  267      1973.9       991.8    0.3818   1.00   0.50    -5.0000  mid                2.7s
  268      1842.7      1015.3    0.3816   1.00   0.50    -5.0000  mid                2.6s
  269      1833.6       752.6    0.3814   1.00   0.50    -5.0000  mid                2.1s
  [probe] gen=270 score=191.0 net=1.630 fell=1.000
  270      2093.7      1029.5    0.3811   1.00   0.50    -5.0000  mid                2.8s
  271      1973.6       938.5    0.3809   1.00   0.50    -5.0000  mid                2.5s
  272      1869.8       946.1    0.3808   1.00   0.50    -5.0000  mid                2.5s
  273      1849.5      1095.6    0.3808   1.00   0.50    -5.0000  mid                2.9s
  274      1898.3      1033.4    0.3806   1.00   0.50    -5.0000  mid                2.8s
  [plot] Saved fitness curve → experiments/thesis/staged_evolution/seed_04/fitness_curve.png
  275      1959.0      1077.2    0.3803   1.00   0.50    -5.0000  mid                2.8s
  276      1977.0       983.8    0.3802   1.00   0.50    -5.0000  mid                2.5s
  277      1903.9      1020.6    0.3801   1.00   0.50    -5.0000  mid                2.5s
  278      1789.2       839.8    0.3801   1.00   0.50    -5.0000  mid                2.4s
  279      1963.0       921.3    0.3799   1.00   0.50    -5.0000  mid                2.6s
  [probe] gen=280 score=190.9 net=1.671 fell=1.000
  280      1973.4       814.2    0.3799   1.00   0.50    -5.0000  mid                2.3s
  281      1963.1      1011.8    0.3799   1.00   0.50    -5.0000  mid                2.7s
  282      1904.2      1028.7    0.3800   1.00   0.50    -5.0000  mid                2.7s
  283      1854.8       972.4    0.3802   1.00   0.50    -5.0000  mid                2.6s
  284      1842.8      1086.4    0.3803   1.00   0.50    -5.0000  mid                2.9s
  285      1811.7       912.9    0.3805   1.00   0.50    -5.0000  mid                2.5s
  286      2016.9       931.5    0.3806   1.00   0.50    -5.0000  mid                2.6s
  287      1991.7       930.9    0.3808   1.00   0.50    -5.0000  mid                2.6s
  288      1871.6      1138.8    0.3810   1.00   0.50    -5.0000  mid                2.7s
  289      1925.9       918.8    0.3812   1.00   0.50    -5.0000  mid                2.5s
  [probe] gen=290 score=186.8 net=1.619 fell=1.000
  290      1969.8      1175.2    0.3817   1.00   0.50    -5.0000  mid                3.0s
  291      1992.6       891.8    0.3822   1.00   0.50    -5.0000  mid                2.3s
  292      1877.4      1126.5    0.3826   1.00   0.50    -5.0000  mid                2.8s
  293      1760.9      1073.9    0.3829   1.00   0.50    -5.0000  mid                2.8s
  294      1861.5      1091.9    0.3832   1.00   0.50    -5.0000  mid                3.1s
  295      1907.9       834.1    0.3836   1.00   0.50    -5.0000  mid                2.3s
  296      1810.9       968.0    0.3840   1.00   0.50    -5.0000  mid                2.9s
  297      1937.7       889.5    0.3842   1.00   0.50    -5.0000  mid                2.5s
  298      1834.8       972.7    0.3844   1.00   0.50    -5.0000  mid                2.8s
  299      1848.7       941.2    0.3847   1.00   0.50    -5.0000  mid                2.7s
  [probe] gen=300 score=170.4 net=1.567 fell=1.000
  [plot] Saved fitness curve → experiments/thesis/staged_evolution/seed_04/fitness_curve.png
  300      1733.2       977.2    0.3849   1.00   0.50    -5.0000  mid                2.9s
  301      1886.2      1253.1    0.3850   1.00   0.50    -5.0000  mid                3.3s
  302      1862.5       990.8    0.3850   1.00   0.50    -5.0000  mid                2.5s
  303      1817.1      1030.7    0.3850   1.00   0.50    -5.0000  mid                2.8s
  304      1712.9       902.8    0.3849   1.00   0.50    -5.0000  mid                2.7s
  305      1855.2      1032.4    0.3848   1.00   0.50    -5.0000  mid                2.7s
  306      1942.0      1036.7    0.3846   1.00   0.50    -5.0000  mid                3.0s
  307      1789.9      1161.8    0.3843   1.00   0.50    -5.0000  mid                3.0s
  308      1752.0      1114.9    0.3842   1.00   0.50    -5.0000  mid                3.0s
  309      1820.3      1064.5    0.3840   1.00   0.50    -5.0000  mid                2.9s
  [probe] gen=310 score=186.6 net=1.613 fell=1.000
  310      1757.6      1126.9    0.3839   1.00   0.50    -5.0000  mid                3.0s
  311      1907.5      1120.9    0.3836   1.00   0.50    -5.0000  mid                3.0s
  312      1749.7       942.7    0.3834   1.00   0.50    -5.0000  mid                2.7s
  313      1788.8       997.6    0.3831   1.00   0.50    -5.0000  mid                2.7s
  314      1693.1       979.3    0.3826   1.00   0.50    -5.0000  mid                2.8s
  315      1993.1      1127.6    0.3821   1.00   0.50    -5.0000  mid                2.9s
  316      1843.7      1132.2    0.3817   1.00   0.50    -5.0000  mid                3.0s
  317      1850.0       868.1    0.3812   1.00   0.50    -5.0000  mid                2.7s
  318      1785.0      1142.2    0.3808   1.00   0.50    -5.0000  mid                3.0s
  319      1911.1      1130.9    0.3804   1.00   0.50    -5.0000  mid                2.9s
  [probe] gen=320 score=176.1 net=1.589 fell=1.000
  320      1969.5       894.2    0.3800   1.00   0.50    -5.0000  mid                2.4s
  321      1882.3      1113.4    0.3797   1.00   0.50    -5.0000  mid                2.8s
  322      1787.1       977.3    0.3792   1.00   0.50    -5.0000  mid                2.4s
  323      1862.8      1184.3    0.3788   1.00   0.50    -5.0000  mid                3.0s
  324      1992.1       995.4    0.3782   1.00   0.50    -5.0000  mid                2.5s
  [plot] Saved fitness curve → experiments/thesis/staged_evolution/seed_04/fitness_curve.png
  325      1858.1      1079.5    0.3777   1.00   0.50    -5.0000  mid                2.9s
  326      1693.6       899.0    0.3772   1.00   0.50    -5.0000  mid                2.5s
  327      1669.2      1007.8    0.3769   1.00   0.50    -5.0000  mid                2.9s
  328      1918.3       968.1    0.3768   1.00   0.50    -5.0000  mid                2.7s
  329      1834.5       973.7    0.3765   1.00   0.50    -5.0000  mid                2.7s
  [probe] gen=330 score=161.9 net=1.518 fell=1.000
  330      1798.4      1087.8    0.3763   1.00   0.50    -5.0000  mid                2.9s
  331      1871.5       875.1    0.3761   1.00   0.50    -5.0000  mid                2.4s
  332      1758.5      1029.3    0.3760   1.00   0.50    -5.0000  mid                2.9s
  333      1788.9       770.9    0.3758   1.00   0.50    -5.0000  mid                2.4s
  [stage] gen=334  gravity -9.81 → -9.81  ES restarted  remaining=165
  334       840.1       221.4    0.5000   1.00   0.50    -9.8100  earth              1.1s
  335       312.7        67.5    0.4903   1.00   0.50    -9.8100  earth              1.0s
  336       601.1        31.0    0.4820   1.00   0.50    -9.8100  earth              1.0s
  337       946.4        66.3    0.4745   1.00   0.50    -9.8100  earth              1.1s
  338       802.2       116.5    0.4679   1.00   0.50    -9.8100  earth              1.0s
  339       988.7       205.2    0.4619   1.00   0.50    -9.8100  earth              1.2s
  [probe] gen=340 score=963.8 net=5.153 fell=1.000 [new best earth]
  340       959.8       238.1    0.4564   1.00   0.50    -9.8100  earth              1.2s
  341       812.4       198.2    0.4514   1.00   0.50    -9.8100  earth              1.4s
  342      1028.8       292.1    0.4468   1.00   0.50    -9.8100  earth              1.4s
  343      1130.3       391.7    0.4424   1.00   0.50    -9.8100  earth              1.6s
  344       948.3       277.4    0.4382   1.00   0.50    -9.8100  earth              1.5s
  345      1028.9       298.9    0.4340   1.00   0.50    -9.8100  earth              1.5s
  346       916.7       323.8    0.4302   1.00   0.50    -9.8100  earth              1.4s
  347      1368.5       366.6    0.4268   1.00   0.50    -9.8100  earth              1.6s
  348      1510.4       444.1    0.4237   1.00   0.50    -9.8100  earth              1.6s
  349      1649.1       405.3    0.4205   1.00   0.50    -9.8100  earth              1.9s
  [probe] gen=350 score=1131.9 net=5.587 fell=0.800 [new best earth]
  [plot] Saved fitness curve → experiments/thesis/staged_evolution/seed_04/fitness_curve.png
  350      1390.5       403.1    0.4174   1.00   0.50    -9.8100  earth              1.5s
  351      1622.8       460.4    0.4144   1.00   0.50    -9.8100  earth              1.5s
  352      1410.9       429.2    0.4117   1.00   0.50    -9.8100  earth              1.4s
  353      1421.5       416.5    0.4092   1.00   0.50    -9.8100  earth              1.5s
  354      1538.1       448.0    0.4069   1.00   0.50    -9.8100  earth              1.6s
  355      1565.8       491.4    0.4046   1.00   0.50    -9.8100  earth              1.7s
  356      1633.6       565.5    0.4024   1.00   0.50    -9.8100  earth              2.2s
  357      1437.9       465.6    0.4004   1.00   0.50    -9.8100  earth              1.8s
  358      1605.3       495.9    0.3984   1.00   0.50    -9.8100  earth              1.7s
  359      1554.4       514.6    0.3967   1.00   0.50    -9.8100  earth              2.1s
  [probe] gen=360 score=964.9 net=4.884 fell=0.800
  360      1324.3       422.9    0.3948   1.00   0.50    -9.8100  earth              1.8s
  361      1521.4       582.2    0.3932   1.00   0.50    -9.8100  earth              1.8s
  362      1375.4       416.9    0.3916   1.00   0.50    -9.8100  earth              1.7s
  363      1398.0       536.4    0.3902   1.00   0.50    -9.8100  earth              1.8s
  364      1666.7       681.6    0.3888   1.00   0.50    -9.8100  earth              2.4s
  365      1384.2       573.5    0.3875   1.00   0.50    -9.8100  earth              1.9s
  366      1552.4       569.0    0.3863   1.00   0.50    -9.8100  earth              2.1s
  367      1279.8       473.5    0.3851   1.00   0.50    -9.8100  earth              1.9s
  368      1606.6       593.5    0.3838   1.00   0.50    -9.8100  earth              1.9s
  369      1256.8       483.1    0.3826   1.00   0.50    -9.8100  earth              1.7s
  [probe] gen=370 score=1330.0 net=6.453 fell=0.500 [new best earth]
  370      1443.3       545.2    0.3814   1.00   0.50    -9.8100  earth              1.8s
  371      1509.8       628.6    0.3802   1.00   0.50    -9.8100  earth              2.0s
  372      1249.5       485.9    0.3791   1.00   0.50    -9.8100  earth              1.6s
  373      1272.0       505.3    0.3781   1.00   0.50    -9.8100  earth              1.8s
  374      1536.3       545.3    0.3771   1.00   0.50    -9.8100  earth              2.0s
  [plot] Saved fitness curve → experiments/thesis/staged_evolution/seed_04/fitness_curve.png
  375      1579.1       583.3    0.3760   1.00   0.50    -9.8100  earth              2.0s
  376      1450.0       598.8    0.3750   1.00   0.50    -9.8100  earth              2.0s
  377      1339.2       626.0    0.3741   1.00   0.50    -9.8100  earth              2.5s
  378      1434.9       605.8    0.3731   1.00   0.50    -9.8100  earth              2.2s
  379      1722.9       681.1    0.3719   1.00   0.50    -9.8100  earth              2.4s
  [probe] gen=380 score=1299.7 net=6.147 fell=0.100
  380      1512.0       731.1    0.3709   1.00   0.50    -9.8100  earth              2.5s
  381      1422.9       695.7    0.3700   1.00   0.50    -9.8100  earth              2.4s
  382      1478.6       520.9    0.3690   1.00   0.50    -9.8100  earth              2.0s
  383      1659.4       724.5    0.3681   1.00   0.50    -9.8100  earth              2.2s
  384      1569.4       730.9    0.3673   1.00   0.50    -9.8100  earth              2.5s
  385      1514.2       802.1    0.3666   1.00   0.50    -9.8100  earth              2.6s
  386      1636.8       715.6    0.3658   1.00   0.50    -9.8100  earth              2.3s
  387      1771.3       755.6    0.3651   1.00   0.50    -9.8100  earth              2.4s
  388      1792.2       791.1    0.3644   1.00   0.50    -9.8100  earth              2.3s
  389      1702.0       826.2    0.3637   1.00   0.50    -9.8100  earth              2.5s
  [probe] gen=390 score=1547.6 net=7.559 fell=0.200 [new best earth]
  390      1778.0       898.1    0.3629   1.00   0.50    -9.8100  earth              2.5s
  391      1532.1       762.8    0.3619   1.00   0.50    -9.8100  earth              2.4s
  392      1606.2       915.8    0.3609   1.00   0.50    -9.8100  earth              2.6s
  393      1802.7       913.3    0.3600   1.00   0.50    -9.8100  earth              2.6s
  394      1724.0       824.0    0.3592   1.00   0.50    -9.8100  earth              2.6s
  395      1657.6       828.3    0.3584   1.00   0.50    -9.8100  earth              2.3s
  396      1832.6       855.1    0.3576   1.00   0.50    -9.8100  earth              2.4s
  397      1668.0       926.1    0.3568   1.00   0.50    -9.8100  earth              2.4s
  398      1930.5       930.2    0.3559   1.00   0.50    -9.8100  earth              2.5s
  399      1659.4       780.9    0.3551   1.00   0.50    -9.8100  earth              2.5s
  [probe] gen=400 score=1604.7 net=7.649 fell=0.100 [new best earth]
  [plot] Saved fitness curve → experiments/thesis/staged_evolution/seed_04/fitness_curve.png
  400      1698.8       722.8    0.3545   1.00   0.50    -9.8100  earth              2.2s
  401      1809.8       777.0    0.3539   1.00   0.50    -9.8100  earth              2.2s
  402      1667.6      1012.2    0.3534   1.00   0.50    -9.8100  earth              2.8s
  403      1663.0       942.5    0.3529   1.00   0.50    -9.8100  earth              2.7s
  404      1952.3      1078.6    0.3526   1.00   0.50    -9.8100  earth              3.0s
  405      1965.5       834.5    0.3521   1.00   0.50    -9.8100  earth              2.5s
  406      1927.9       818.8    0.3516   1.00   0.50    -9.8100  earth              2.2s
  407      1738.0       905.6    0.3513   1.00   0.50    -9.8100  earth              2.4s
  408      1881.2      1040.7    0.3510   1.00   0.50    -9.8100  earth              2.9s
  409      1898.9       986.5    0.3505   1.00   0.50    -9.8100  earth              2.4s
  [probe] gen=410 score=1870.8 net=9.495 fell=0.100 [new best earth]
  410      1949.2      1028.9    0.3501   1.00   0.50    -9.8100  earth              2.7s
  411      1687.0       978.2    0.3497   1.00   0.50    -9.8100  earth              2.5s
  412      1823.1      1050.7    0.3493   1.00   0.50    -9.8100  earth              2.9s
  413      1694.1       922.0    0.3489   1.00   0.50    -9.8100  earth              2.4s
  414      1786.5       993.6    0.3487   1.00   0.50    -9.8100  earth              2.6s
  415      1727.3       799.6    0.3487   1.00   0.50    -9.8100  earth              2.3s
  416      1851.7       856.8    0.3486   1.00   0.50    -9.8100  earth              2.3s
  417      1751.4       850.7    0.3485   1.00   0.50    -9.8100  earth              2.4s
  418      1955.4       974.6    0.3483   1.00   0.50    -9.8100  earth              2.5s
  419      1903.9      1031.9    0.3481   1.00   0.50    -9.8100  earth              2.7s
  [probe] gen=420 score=1651.3 net=8.163 fell=0.300
  420      1831.7      1041.4    0.3481   1.00   0.50    -9.8100  earth              2.8s
  421      1756.2      1032.2    0.3481   1.00   0.50    -9.8100  earth              2.5s
  422      1736.6       911.6    0.3480   1.00   0.50    -9.8100  earth              2.5s
  423      1649.2       898.9    0.3480   1.00   0.50    -9.8100  earth              2.6s
  424      1867.6       983.2    0.3481   1.00   0.50    -9.8100  earth              2.5s
  [plot] Saved fitness curve → experiments/thesis/staged_evolution/seed_04/fitness_curve.png
  425      1715.5       768.6    0.3482   1.00   0.50    -9.8100  earth              2.2s
  426      1690.7       857.0    0.3484   1.00   0.50    -9.8100  earth              2.0s
  427      1726.6       808.6    0.3486   1.00   0.50    -9.8100  earth              2.1s
  428      2005.6      1066.5    0.3488   1.00   0.50    -9.8100  earth              2.6s
  429      1747.7       955.5    0.3491   1.00   0.50    -9.8100  earth              2.5s
  [probe] gen=430 score=1485.8 net=7.825 fell=0.700
  430      1855.2      1025.1    0.3493   1.00   0.50    -9.8100  earth              2.5s
  431      1918.6       896.5    0.3495   1.00   0.50    -9.8100  earth              2.2s
  432      1872.0      1045.2    0.3496   1.00   0.50    -9.8100  earth              2.4s
  433      1814.7       934.2    0.3498   1.00   0.50    -9.8100  earth              2.5s
  434      1860.0      1069.7    0.3497   1.00   0.50    -9.8100  earth              2.8s
  435      1788.8       829.7    0.3498   1.00   0.50    -9.8100  earth              2.2s
  436      1909.0       923.2    0.3498   1.00   0.50    -9.8100  earth              2.3s
  437      1779.0       971.3    0.3498   1.00   0.50    -9.8100  earth              2.4s
  438      1930.0      1099.6    0.3498   1.00   0.50    -9.8100  earth              2.6s
  439      1951.3      1023.3    0.3499   1.00   0.50    -9.8100  earth              2.5s
  [probe] gen=440 score=1510.6 net=7.484 fell=0.400
  440      1826.5      1048.0    0.3497   1.00   0.50    -9.8100  earth              2.8s
  441      1868.1       903.3    0.3496   1.00   0.50    -9.8100  earth              2.4s
  442      1872.8       952.4    0.3492   1.00   0.50    -9.8100  earth              2.3s
  443      1852.8      1098.9    0.3488   1.00   0.50    -9.8100  earth              2.6s
  444      2062.2      1062.3    0.3483   1.00   0.50    -9.8100  earth              2.7s
  445      1929.4       798.4    0.3478   1.00   0.50    -9.8100  earth              2.0s
  446      1815.3      1007.2    0.3475   1.00   0.50    -9.8100  earth              2.5s
  447      1861.9      1010.2    0.3473   1.00   0.50    -9.8100  earth              2.7s
  448      1871.5       970.2    0.3471   1.00   0.50    -9.8100  earth              2.5s
  449      1700.0       966.0    0.3469   1.00   0.50    -9.8100  earth              2.5s
  [probe] gen=450 score=1618.2 net=8.581 fell=0.800
  [plot] Saved fitness curve → experiments/thesis/staged_evolution/seed_04/fitness_curve.png
  450      1769.9       958.0    0.3466   1.00   0.50    -9.8100  earth              2.4s
  451      1874.5      1068.1    0.3465   1.00   0.50    -9.8100  earth              2.4s
  452      1902.6      1103.2    0.3464   1.00   0.50    -9.8100  earth              2.7s
  453      1852.7       989.1    0.3464   1.00   0.50    -9.8100  earth              2.5s
  454      1873.6       963.4    0.3464   1.00   0.50    -9.8100  earth              2.4s
  455      1866.1       989.2    0.3463   1.00   0.50    -9.8100  earth              2.6s
  456      1735.3       840.3    0.3464   1.00   0.50    -9.8100  earth              2.0s
  457      1972.3      1033.2    0.3465   1.00   0.50    -9.8100  earth              2.4s
  458      1771.4       753.2    0.3466   1.00   0.50    -9.8100  earth              2.0s
  459      1909.0       936.9    0.3467   1.00   0.50    -9.8100  earth              2.4s
  [probe] gen=460 score=1895.9 net=9.482 fell=0.100 [new best earth]
  460      1958.6       887.5    0.3467   1.00   0.50    -9.8100  earth              2.3s
  461      1782.6       960.1    0.3467   1.00   0.50    -9.8100  earth              2.5s
  462      1942.8      1138.8    0.3469   1.00   0.50    -9.8100  earth              2.6s
  463      1827.6       959.9    0.3470   1.00   0.50    -9.8100  earth              2.6s
  464      1766.6      1067.5    0.3472   1.00   0.50    -9.8100  earth              2.6s
  465      1773.3      1105.9    0.3474   1.00   0.50    -9.8100  earth              2.7s
  466      2084.3       938.3    0.3475   1.00   0.50    -9.8100  earth              2.5s
  467      2064.6       974.8    0.3479   1.00   0.50    -9.8100  earth              2.5s
  468      1935.5       890.9    0.3482   1.00   0.50    -9.8100  earth              2.3s
  469      1830.2       863.1    0.3483   1.00   0.50    -9.8100  earth              2.0s
  [probe] gen=470 score=1423.1 net=7.732 fell=0.900
  470      1711.3       881.7    0.3483   1.00   0.50    -9.8100  earth              2.4s
  471      2003.1      1053.4    0.3483   1.00   0.50    -9.8100  earth              2.5s
  472      1894.7       941.1    0.3482   1.00   0.50    -9.8100  earth              2.4s
  473      1922.9       904.1    0.3482   1.00   0.50    -9.8100  earth              2.2s
  474      1900.7       691.7    0.3481   1.00   0.50    -9.8100  earth              2.0s
  [plot] Saved fitness curve → experiments/thesis/staged_evolution/seed_04/fitness_curve.png
  475      1892.2       865.6    0.3480   1.00   0.50    -9.8100  earth              2.2s
  476      1956.1       717.3    0.3481   1.00   0.50    -9.8100  earth              2.0s
  477      1813.5       800.8    0.3480   1.00   0.50    -9.8100  earth              2.0s
  478      1934.7       924.8    0.3481   1.00   0.50    -9.8100  earth              2.5s
  479      1874.3       865.4    0.3481   1.00   0.50    -9.8100  earth              2.4s
  [probe] gen=480 score=1617.4 net=7.856 fell=0.500
  480      1775.0       786.0    0.3481   1.00   0.50    -9.8100  earth              2.0s
  481      1901.5       976.3    0.3482   1.00   0.50    -9.8100  earth              2.4s
  482      1857.7      1174.0    0.3484   1.00   0.50    -9.8100  earth              2.9s
  483      1933.1      1019.2    0.3485   1.00   0.50    -9.8100  earth              2.7s
  484      1842.9      1074.5    0.3486   1.00   0.50    -9.8100  earth              2.8s
  485      1851.2       880.3    0.3487   1.00   0.50    -9.8100  earth              2.3s
  486      1910.8      1133.1    0.3490   1.00   0.50    -9.8100  earth              2.9s
  487      1809.9       780.4    0.3493   1.00   0.50    -9.8100  earth              2.0s
  488      1949.0       895.7    0.3495   1.00   0.50    -9.8100  earth              2.2s
  489      1879.2       954.4    0.3496   1.00   0.50    -9.8100  earth              2.3s
  [probe] gen=490 score=1660.6 net=8.284 fell=0.300
  490      1769.2       752.7    0.3498   1.00   0.50    -9.8100  earth              2.1s
  491      1853.3      1124.5    0.3502   1.00   0.50    -9.8100  earth              2.7s
  492      1928.7       899.8    0.3505   1.00   0.50    -9.8100  earth              2.1s
  493      2042.4      1107.8    0.3508   1.00   0.50    -9.8100  earth              2.4s
  494      2097.0       904.8    0.3511   1.00   0.50    -9.8100  earth              2.3s
  495      1764.6       779.3    0.3513   1.00   0.50    -9.8100  earth              2.1s
  496      1884.5       956.5    0.3514   1.00   0.50    -9.8100  earth              2.4s
  497      1887.7      1019.2    0.3516   1.00   0.50    -9.8100  earth              2.4s
  498      2041.2       940.6    0.3518   1.00   0.50    -9.8100  earth              2.5s
  499      1944.8      1072.5    0.3520   1.00   0.50    -9.8100  earth              2.7s
  [plot] Saved fitness curve → experiments/thesis/staged_evolution/seed_04/fitness_curve.png

Training complete. Best fitness: 2097.0
Best params → experiments/thesis/staged_evolution/seed_04/checkpoints/best_params.npy
Fitness curve → experiments/thesis/staged_evolution/seed_04/fitness_curve.png
Eval params  → best_earth_params (earth probe score: 1895.9)
Final Earth scorecard | score=1853.2 net=9.274 fell=0.050
Gravity sweep | gravities=5 mean_net=6.729 worst_net=4.563
  [exp] Wrote experiments/thesis/staged_evolution/seed_04/experiment.json
  [exp] Wrote experiments/thesis/staged_evolution/seed_04/training_log.csv
  [exp] Wrote experiments/thesis/staged_evolution/seed_04/earth_probe.csv
  [exp] Wrote experiments/thesis/staged_evolution/seed_04/gravity_sweep.csv
  [exp] Wrote experiments/thesis/staged_evolution/seed_04/summary.json
