Walker2d-v5 | policy=CPG  params=504
Curriculum   : StagedEvolution  -1.6 (33%) → -5.0 (33%) → -9.81 (33%)
Run context | seed=9 arm=staged_evolution run_id=staged_evolution_seed_09

Schedule | penalty_min=0.20 penalty_ramp_gen=200 corr_min=0.00 corr_max=0.50 corr_ramp_gen=200

Starting CMA-ES | pop=40 | sigma0=0.5 | max_gen=500 | workers=8 | seed=9
Checkpoints → experiments/thesis/staged_evolution/seed_09/checkpoints/

  Gen        Best        Mean     Sigma    Pen   Corr    Gravity  Phase              Time
------------------------------------------------------------------------------------
  [probe] gen=0 score=-379.9 net=-0.232 fell=1.000 [new best earth]
  [plot] Saved fitness curve → experiments/thesis/staged_evolution/seed_09/fitness_curve.png
    0       -15.3       -72.9    0.4902   0.20   0.00    -1.6000  moon               1.5s
    1       -50.0       -76.5    0.4820   0.20   0.00    -1.6000  moon               0.2s
    2       -60.3       -73.6    0.4747   0.21   0.01    -1.6000  moon               0.2s
    3       -58.4       -73.5    0.4683   0.21   0.01    -1.6000  moon               0.2s
    4       -25.9       -73.8    0.4625   0.22   0.01    -1.6000  moon               0.2s
    5       -33.9       -72.8    0.4572   0.22   0.01    -1.6000  moon               0.2s
    6       -64.2       -74.8    0.4523   0.22   0.01    -1.6000  moon               0.2s
    7       -55.0       -72.6    0.4476   0.23   0.02    -1.6000  moon               0.2s
    8       -59.0       -70.8    0.4431   0.23   0.02    -1.6000  moon               0.3s
    9       -47.2       -71.8    0.4388   0.24   0.02    -1.6000  moon               0.3s
  [probe] gen=10 score=-365.2 net=-0.145 fell=1.000 [new best earth]
   10       -55.7       -71.9    0.4347   0.24   0.03    -1.6000  moon               0.3s
   11       -37.4       -67.8    0.4310   0.24   0.03    -1.6000  moon               0.3s
   12       -32.2       -67.6    0.4277   0.25   0.03    -1.6000  moon               0.4s
   13       -24.2       -69.0    0.4247   0.25   0.03    -1.6000  moon               0.4s
   14       -32.3       -63.8    0.4221   0.26   0.04    -1.6000  moon               0.4s
   15         8.4       -66.7    0.4197   0.26   0.04    -1.6000  moon               0.4s
   16        23.0       -69.9    0.4175   0.26   0.04    -1.6000  moon               0.4s
   17        52.6       -68.1    0.4154   0.27   0.04    -1.6000  moon               0.4s
   18        18.4       -64.4    0.4135   0.27   0.04    -1.6000  moon               0.5s
   19       111.7       -61.5    0.4117   0.28   0.05    -1.6000  moon               0.5s
  [probe] gen=20 score=-352.3 net=-0.463 fell=1.000 [new best earth]
   20        63.1       -64.7    0.4100   0.28   0.05    -1.6000  moon               0.5s
   21       342.6       -45.0    0.4084   0.28   0.05    -1.6000  moon               0.5s
   22       192.2       -47.8    0.4070   0.29   0.06    -1.6000  moon               0.6s
   23       130.3       -50.4    0.4056   0.29   0.06    -1.6000  moon               0.7s
   24       138.5       -29.4    0.4043   0.30   0.06    -1.6000  moon               0.7s
  [plot] Saved fitness curve → experiments/thesis/staged_evolution/seed_09/fitness_curve.png
   25        79.1       -43.7    0.4031   0.30   0.06    -1.6000  moon               0.6s
   26       287.2       -12.1    0.4020   0.30   0.07    -1.6000  moon               0.7s
   27       197.0       -33.5    0.4010   0.31   0.07    -1.6000  moon               0.7s
   28       152.8       -21.2    0.4000   0.31   0.07    -1.6000  moon               0.8s
   29       193.5       -11.8    0.3991   0.32   0.07    -1.6000  moon               0.8s
  [probe] gen=30 score=-358.5 net=-0.277 fell=1.000
   30       113.9       -30.6    0.3980   0.32   0.07    -1.6000  moon               0.7s
   31        90.1       -28.1    0.3970   0.32   0.08    -1.6000  moon               0.6s
   32        74.8       -48.7    0.3960   0.33   0.08    -1.6000  moon               0.6s
   33        88.7       -32.1    0.3950   0.33   0.08    -1.6000  moon               0.7s
   34        80.7       -45.3    0.3938   0.34   0.09    -1.6000  moon               0.6s
   35       144.0       -52.3    0.3927   0.34   0.09    -1.6000  moon               0.5s
   36        68.4       -36.2    0.3916   0.34   0.09    -1.6000  moon               0.6s
   37        80.9       -41.5    0.3905   0.35   0.09    -1.6000  moon               0.6s
   38        70.9       -39.7    0.3896   0.35   0.10    -1.6000  moon               0.6s
   39       116.8       -47.4    0.3888   0.36   0.10    -1.6000  moon               0.6s
  [probe] gen=40 score=-431.7 net=-0.717 fell=1.000
   40       128.9       -59.0    0.3881   0.36   0.10    -1.6000  moon               0.5s
   41       199.3       -37.7    0.3876   0.36   0.10    -1.6000  moon               0.7s
   42        78.9       -59.0    0.3873   0.37   0.10    -1.6000  moon               0.6s
   43       129.8       -18.5    0.3870   0.37   0.11    -1.6000  moon               0.8s
   44       201.2       -38.0    0.3868   0.38   0.11    -1.6000  moon               0.6s
   45       151.4        -8.4    0.3868   0.38   0.11    -1.6000  moon               0.8s
   46       131.7         7.4    0.3867   0.38   0.12    -1.6000  moon               0.8s
   47       131.0       -10.0    0.3866   0.39   0.12    -1.6000  moon               0.8s
   48       106.0       -39.6    0.3866   0.39   0.12    -1.6000  moon               0.8s
   49       182.9       -19.9    0.3865   0.40   0.12    -1.6000  moon               0.9s
  [probe] gen=50 score=-477.3 net=-0.841 fell=1.000
  [plot] Saved fitness curve → experiments/thesis/staged_evolution/seed_09/fitness_curve.png
   50       143.2       -18.8    0.3865   0.40   0.12    -1.6000  moon               0.8s
   51       266.4       -29.7    0.3865   0.40   0.13    -1.6000  moon               0.8s
   52       146.2        -9.1    0.3866   0.41   0.13    -1.6000  moon               1.0s
   53       199.8        -1.3    0.3867   0.41   0.13    -1.6000  moon               0.9s
   54       221.6        -8.1    0.3869   0.42   0.14    -1.6000  moon               0.9s
   55       175.9       -34.7    0.3869   0.42   0.14    -1.6000  moon               0.9s
   56       288.5         7.7    0.3869   0.42   0.14    -1.6000  moon               0.9s
   57       187.9         5.1    0.3869   0.43   0.14    -1.6000  moon               1.1s
   58       283.4        -9.5    0.3869   0.43   0.14    -1.6000  moon               1.0s
   59       217.0       -18.9    0.3867   0.44   0.15    -1.6000  moon               1.0s
  [probe] gen=60 score=-274.0 net=-0.082 fell=1.000 [new best earth]
   60       276.2       -12.5    0.3865   0.44   0.15    -1.6000  moon               1.3s
   61       281.1        -8.2    0.3862   0.44   0.15    -1.6000  moon               1.0s
   62       234.3        -5.6    0.3860   0.45   0.15    -1.6000  moon               1.0s
   63       233.0        28.5    0.3858   0.45   0.16    -1.6000  moon               1.3s
   64       221.5        38.3    0.3857   0.46   0.16    -1.6000  moon               1.4s
   65       312.5        73.3    0.3856   0.46   0.16    -1.6000  moon               1.5s
   66       622.5        52.9    0.3855   0.46   0.17    -1.6000  moon               1.5s
   67       371.1        80.3    0.3856   0.47   0.17    -1.6000  moon               1.6s
   68       324.0        72.8    0.3857   0.47   0.17    -1.6000  moon               1.3s
   69       329.0        37.5    0.3859   0.48   0.17    -1.6000  moon               1.7s
  [probe] gen=70 score=-27.1 net=0.630 fell=1.000 [new best earth]
   70       404.6       152.9    0.3861   0.48   0.17    -1.6000  moon               1.8s
   71       497.2        90.6    0.3864   0.48   0.18    -1.6000  moon               1.7s
   72       653.7       141.2    0.3866   0.49   0.18    -1.6000  moon               2.0s
   73       435.3       107.9    0.3870   0.49   0.18    -1.6000  moon               1.7s
   74       429.4       104.9    0.3873   0.50   0.18    -1.6000  moon               1.7s
  [plot] Saved fitness curve → experiments/thesis/staged_evolution/seed_09/fitness_curve.png
   75       387.5       186.0    0.3876   0.50   0.19    -1.6000  moon               1.9s
   76       452.9        86.2    0.3880   0.50   0.19    -1.6000  moon               1.7s
   77       358.1       107.9    0.3884   0.51   0.19    -1.6000  moon               2.0s
   78       411.6       187.3    0.3887   0.51   0.20    -1.6000  moon               2.0s
   79       579.1       171.3    0.3891   0.52   0.20    -1.6000  moon               2.2s
  [probe] gen=80 score=-32.5 net=0.805 fell=1.000
   80       470.0       199.2    0.3895   0.52   0.20    -1.6000  moon               2.1s
   81       483.4       212.3    0.3898   0.52   0.20    -1.6000  moon               2.1s
   82       423.1       172.1    0.3902   0.53   0.20    -1.6000  moon               1.9s
   83       516.2       219.6    0.3906   0.53   0.21    -1.6000  moon               2.4s
   84       700.9       192.4    0.3910   0.54   0.21    -1.6000  moon               2.1s
   85       602.2       209.3    0.3913   0.54   0.21    -1.6000  moon               2.0s
   86       501.7       222.8    0.3918   0.54   0.21    -1.6000  moon               2.2s
   87       846.9       188.6    0.3923   0.55   0.22    -1.6000  moon               2.0s
   88       517.8       246.4    0.3928   0.55   0.22    -1.6000  moon               2.1s
   89       482.5       208.5    0.3932   0.56   0.22    -1.6000  moon               1.9s
  [probe] gen=90 score=148.9 net=1.408 fell=1.000 [new best earth]
   90       722.3       231.7    0.3935   0.56   0.23    -1.6000  moon               2.3s
   91       976.4       276.3    0.3939   0.56   0.23    -1.6000  moon               2.1s
   92       533.7       246.9    0.3942   0.57   0.23    -1.6000  moon               2.1s
   93       689.2       260.8    0.3947   0.57   0.23    -1.6000  moon               2.1s
   94       876.4       308.4    0.3951   0.58   0.23    -1.6000  moon               2.2s
   95       801.4       322.9    0.3957   0.58   0.24    -1.6000  moon               2.2s
   96       844.7       332.1    0.3963   0.58   0.24    -1.6000  moon               2.3s
   97       656.7       212.8    0.3969   0.59   0.24    -1.6000  moon               2.1s
   98       741.8       313.6    0.3973   0.59   0.24    -1.6000  moon               2.1s
   99       757.8       246.9    0.3976   0.60   0.25    -1.6000  moon               2.0s
  [probe] gen=100 score=161.3 net=1.421 fell=1.000 [new best earth]
  [plot] Saved fitness curve → experiments/thesis/staged_evolution/seed_09/fitness_curve.png
  100       725.4       239.3    0.3978   0.60   0.25    -1.6000  moon               2.2s
  101       933.8       225.2    0.3980   0.60   0.25    -1.6000  moon               2.0s
  102       665.8       216.3    0.3982   0.61   0.26    -1.6000  moon               2.1s
  103       725.1       181.8    0.3985   0.61   0.26    -1.6000  moon               1.7s
  104       875.9       336.7    0.3987   0.62   0.26    -1.6000  moon               2.2s
  105       729.5       279.1    0.3989   0.62   0.26    -1.6000  moon               2.1s
  106       791.7       255.2    0.3992   0.62   0.27    -1.6000  moon               2.1s
  107       836.0       365.5    0.3995   0.63   0.27    -1.6000  moon               2.4s
  108       672.1       274.6    0.3998   0.63   0.27    -1.6000  moon               2.0s
  109      1068.8       412.8    0.4001   0.64   0.27    -1.6000  moon               2.3s
  [probe] gen=110 score=219.5 net=1.657 fell=1.000 [new best earth]
  110       930.1       349.5    0.4002   0.64   0.28    -1.6000  moon               2.4s
  111       875.1       320.5    0.4003   0.64   0.28    -1.6000  moon               2.1s
  112      1034.3       403.8    0.4003   0.65   0.28    -1.6000  moon               2.2s
  113       961.9       328.7    0.4003   0.65   0.28    -1.6000  moon               2.0s
  114       732.0       276.4    0.4001   0.66   0.28    -1.6000  moon               2.1s
  115       943.7       252.8    0.4000   0.66   0.29    -1.6000  moon               1.9s
  116      1087.8       332.8    0.4001   0.66   0.29    -1.6000  moon               2.4s
  117       728.0       272.7    0.4001   0.67   0.29    -1.6000  moon               2.0s
  118       901.8       347.2    0.4001   0.67   0.29    -1.6000  moon               2.1s
  119      1080.3       328.0    0.4000   0.68   0.30    -1.6000  moon               2.1s
  [probe] gen=120 score=190.9 net=1.545 fell=1.000
  120       874.9       256.1    0.4002   0.68   0.30    -1.6000  moon               1.8s
  121      1074.4       371.8    0.4005   0.68   0.30    -1.6000  moon               2.1s
  122       899.0       395.5    0.4009   0.69   0.30    -1.6000  moon               2.1s
  123       929.5       272.4    0.4012   0.69   0.31    -1.6000  moon               2.2s
  124      1000.0       420.0    0.4013   0.70   0.31    -1.6000  moon               2.5s
  [plot] Saved fitness curve → experiments/thesis/staged_evolution/seed_09/fitness_curve.png
  125       939.0       319.2    0.4015   0.70   0.31    -1.6000  moon               2.0s
  126       844.5       279.6    0.4017   0.70   0.32    -1.6000  moon               2.1s
  127      1073.2       307.7    0.4020   0.71   0.32    -1.6000  moon               2.0s
  128      1080.0       326.1    0.4021   0.71   0.32    -1.6000  moon               2.1s
  129      1142.8       398.1    0.4021   0.72   0.32    -1.6000  moon               2.4s
  [probe] gen=130 score=181.0 net=1.497 fell=1.000
  130       879.5       250.4    0.4021   0.72   0.33    -1.6000  moon               2.0s
  131       945.1       325.0    0.4022   0.72   0.33    -1.6000  moon               2.2s
  132       896.2       355.5    0.4023   0.73   0.33    -1.6000  moon               2.2s
  133       930.0       436.5    0.4024   0.73   0.33    -1.6000  moon               2.3s
  134       888.6       424.5    0.4023   0.74   0.34    -1.6000  moon               2.3s
  135       910.1       326.6    0.4023   0.74   0.34    -1.6000  moon               2.2s
  136      1050.1       343.4    0.4022   0.74   0.34    -1.6000  moon               2.2s
  137      1240.9       475.8    0.4022   0.75   0.34    -1.6000  moon               2.4s
  138      1089.5       452.0    0.4021   0.75   0.34    -1.6000  moon               2.4s
  139      1014.9       422.5    0.4023   0.76   0.35    -1.6000  moon               2.4s
  [probe] gen=140 score=207.3 net=1.656 fell=1.000
  140       946.4       394.8    0.4024   0.76   0.35    -1.6000  moon               2.3s
  141      1188.1       472.2    0.4024   0.76   0.35    -1.6000  moon               2.3s
  142       843.0       405.5    0.4025   0.77   0.35    -1.6000  moon               2.2s
  143      1062.3       408.1    0.4029   0.77   0.36    -1.6000  moon               2.4s
  144      1041.9       415.0    0.4032   0.78   0.36    -1.6000  moon               2.3s
  145      1046.5       388.8    0.4036   0.78   0.36    -1.6000  moon               2.4s
  146      1003.9       468.3    0.4040   0.78   0.36    -1.6000  moon               2.5s
  147       926.8       393.7    0.4043   0.79   0.37    -1.6000  moon               2.5s
  148      1187.2       378.2    0.4047   0.79   0.37    -1.6000  moon               2.2s
  149      1073.9       430.1    0.4049   0.80   0.37    -1.6000  moon               2.2s
  [probe] gen=150 score=183.1 net=1.584 fell=1.000
  [plot] Saved fitness curve → experiments/thesis/staged_evolution/seed_09/fitness_curve.png
  150      1157.7       544.7    0.4049   0.80   0.38    -1.6000  moon               2.5s
  151      1222.3       543.7    0.4051   0.80   0.38    -1.6000  moon               2.4s
  152      1204.9       294.4    0.4052   0.81   0.38    -1.6000  moon               2.2s
  153       920.5       369.0    0.4053   0.81   0.38    -1.6000  moon               2.1s
  154      1084.6       427.3    0.4055   0.82   0.39    -1.6000  moon               2.2s
  155      1186.6       415.1    0.4057   0.82   0.39    -1.6000  moon               2.2s
  156       886.8       424.8    0.4056   0.82   0.39    -1.6000  moon               2.3s
  157      1024.1       362.7    0.4055   0.83   0.39    -1.6000  moon               2.2s
  158      1162.8       421.1    0.4054   0.83   0.40    -1.6000  moon               2.4s
  159      1355.0       430.3    0.4052   0.84   0.40    -1.6000  moon               2.3s
  [probe] gen=160 score=138.8 net=1.425 fell=1.000
  160      1260.4       506.0    0.4049   0.84   0.40    -1.6000  moon               2.4s
  161      1269.1       460.7    0.4045   0.84   0.40    -1.6000  moon               2.2s
  162      1174.2       451.8    0.4042   0.85   0.41    -1.6000  moon               2.3s
  163      1341.0       510.7    0.4038   0.85   0.41    -1.6000  moon               2.5s
  164      1180.7       391.0    0.4035   0.86   0.41    -1.6000  moon               2.3s
  165      1393.9       404.3    0.4033   0.86   0.41    -1.6000  moon               2.3s
  166      1030.0       521.2    0.4030   0.86   0.41    -1.6000  moon               2.4s
  [stage] gen=167  gravity -5.00 → -5.00  ES restarted  remaining=332
  167       972.6       346.7    0.5000   0.87   0.42    -5.0000  mid                1.4s
  168       954.4       237.2    0.4904   0.87   0.42    -5.0000  mid                1.3s
  169       600.6       180.0    0.4820   0.88   0.42    -5.0000  mid                1.3s
  [probe] gen=170 score=225.3 net=1.735 fell=1.000 [new best earth]
  170       645.6       114.6    0.4746   0.88   0.42    -5.0000  mid                1.3s
  171       946.2       265.1    0.4679   0.88   0.43    -5.0000  mid                1.3s
  172       633.9       178.6    0.4618   0.89   0.43    -5.0000  mid                1.3s
  173       584.6       124.6    0.4562   0.89   0.43    -5.0000  mid                1.3s
  174       812.7       116.5    0.4509   0.90   0.43    -5.0000  mid                1.5s
  [plot] Saved fitness curve → experiments/thesis/staged_evolution/seed_09/fitness_curve.png
  175      1016.7       236.8    0.4462   0.90   0.44    -5.0000  mid                1.6s
  176       828.2       239.5    0.4417   0.90   0.44    -5.0000  mid                1.6s
  177      1126.7       238.4    0.4376   0.91   0.44    -5.0000  mid                1.7s
  178       900.2       203.9    0.4338   0.91   0.45    -5.0000  mid                1.6s
  179       807.9       244.6    0.4303   0.92   0.45    -5.0000  mid                1.5s
  [probe] gen=180 score=134.9 net=1.398 fell=1.000
  180      1229.5       314.9    0.4271   0.92   0.45    -5.0000  mid                1.8s
  181       873.4       260.8    0.4241   0.92   0.45    -5.0000  mid                1.4s
  182      1159.5       314.0    0.4213   0.93   0.46    -5.0000  mid                1.8s
  183      1157.9       310.3    0.4185   0.93   0.46    -5.0000  mid                1.7s
  184      1212.3       371.2    0.4160   0.94   0.46    -5.0000  mid                2.0s
  185      1165.8       325.3    0.4135   0.94   0.46    -5.0000  mid                1.9s
  186      1159.4       244.3    0.4112   0.94   0.47    -5.0000  mid                1.4s
  187      1045.3       314.3    0.4089   0.95   0.47    -5.0000  mid                1.5s
  188      1081.4       312.3    0.4068   0.95   0.47    -5.0000  mid                1.5s
  189       920.3       309.8    0.4047   0.96   0.47    -5.0000  mid                1.8s
  [probe] gen=190 score=144.3 net=1.430 fell=1.000
  190      1032.9       339.0    0.4026   0.96   0.47    -5.0000  mid                1.6s
  191      1040.7       391.8    0.4007   0.96   0.48    -5.0000  mid                1.8s
  192       971.0       402.2    0.3989   0.97   0.48    -5.0000  mid                1.9s
  193       975.6       224.6    0.3972   0.97   0.48    -5.0000  mid                1.6s
  194      1014.6       332.5    0.3955   0.98   0.48    -5.0000  mid                1.7s
  195       896.4       293.2    0.3939   0.98   0.49    -5.0000  mid                1.5s
  196      1241.1       452.0    0.3925   0.98   0.49    -5.0000  mid                2.0s
  197      1180.7       318.9    0.3911   0.99   0.49    -5.0000  mid                1.9s
  198      1093.2       322.5    0.3899   0.99   0.49    -5.0000  mid                1.7s
  199      1118.6       362.2    0.3887   1.00   0.50    -5.0000  mid                1.9s
  [probe] gen=200 score=191.6 net=1.585 fell=1.000
  [plot] Saved fitness curve → experiments/thesis/staged_evolution/seed_09/fitness_curve.png
  200       752.7       286.3    0.3876   1.00   0.50    -5.0000  mid                1.6s
  201      1150.8       391.1    0.3867   1.00   0.50    -5.0000  mid                1.8s
  202      1011.7       300.2    0.3855   1.00   0.50    -5.0000  mid                1.9s
  203       940.8       370.3    0.3844   1.00   0.50    -5.0000  mid                1.7s
  204      1181.2       262.4    0.3833   1.00   0.50    -5.0000  mid                1.5s
  205      1086.9       400.2    0.3821   1.00   0.50    -5.0000  mid                1.7s
  206      1310.2       439.2    0.3810   1.00   0.50    -5.0000  mid                1.9s
  207      1178.4       337.4    0.3800   1.00   0.50    -5.0000  mid                1.9s
  208      1015.9       335.4    0.3791   1.00   0.50    -5.0000  mid                1.8s
  209      1209.1       371.2    0.3782   1.00   0.50    -5.0000  mid                1.9s
  [probe] gen=210 score=160.9 net=1.523 fell=1.000
  210      1364.4       376.7    0.3774   1.00   0.50    -5.0000  mid                1.9s
  211      1401.9       454.2    0.3767   1.00   0.50    -5.0000  mid                1.8s
  212      1324.0       493.2    0.3760   1.00   0.50    -5.0000  mid                1.9s
  213      1308.0       369.7    0.3752   1.00   0.50    -5.0000  mid                1.7s
  214      1164.0       423.2    0.3744   1.00   0.50    -5.0000  mid                1.9s
  215      1367.1       496.2    0.3737   1.00   0.50    -5.0000  mid                2.0s
  216      1432.2       414.3    0.3733   1.00   0.50    -5.0000  mid                1.8s
  217      1142.7       417.3    0.3728   1.00   0.50    -5.0000  mid                1.9s
  218       878.8       268.5    0.3723   1.00   0.50    -5.0000  mid                1.7s
  219       993.5       449.1    0.3718   1.00   0.50    -5.0000  mid                1.7s
  [probe] gen=220 score=161.2 net=1.543 fell=1.000
  220      1258.8       482.4    0.3714   1.00   0.50    -5.0000  mid                1.8s
  221      1103.5       353.5    0.3714   1.00   0.50    -5.0000  mid                1.7s
  222      1303.6       350.9    0.3716   1.00   0.50    -5.0000  mid                1.8s
  223      1223.5       466.4    0.3718   1.00   0.50    -5.0000  mid                1.8s
  224       937.8       315.5    0.3720   1.00   0.50    -5.0000  mid                1.5s
  [plot] Saved fitness curve → experiments/thesis/staged_evolution/seed_09/fitness_curve.png
  225      1046.5       410.5    0.3722   1.00   0.50    -5.0000  mid                2.0s
  226      1493.0       370.5    0.3725   1.00   0.50    -5.0000  mid                1.6s
  227      1246.1       424.1    0.3727   1.00   0.50    -5.0000  mid                1.8s
  228       858.8       414.3    0.3730   1.00   0.50    -5.0000  mid                1.9s
  229      1306.3       580.6    0.3732   1.00   0.50    -5.0000  mid                2.1s
  [probe] gen=230 score=192.5 net=1.588 fell=1.000
  230      1283.6       369.7    0.3733   1.00   0.50    -5.0000  mid                1.9s
  231      1350.2       393.4    0.3734   1.00   0.50    -5.0000  mid                1.7s
  232      1234.9       516.5    0.3734   1.00   0.50    -5.0000  mid                1.8s
  233      1212.0       503.0    0.3733   1.00   0.50    -5.0000  mid                1.9s
  234      1282.4       586.2    0.3732   1.00   0.50    -5.0000  mid                2.2s
  235      1200.1       483.2    0.3731   1.00   0.50    -5.0000  mid                1.9s
  236      1292.0       532.7    0.3730   1.00   0.50    -5.0000  mid                2.3s
  237      1410.4       527.3    0.3729   1.00   0.50    -5.0000  mid                1.9s
  238      1330.0       490.0    0.3729   1.00   0.50    -5.0000  mid                1.9s
  239      1267.6       559.2    0.3729   1.00   0.50    -5.0000  mid                1.9s
  [probe] gen=240 score=167.6 net=1.535 fell=1.000
  240      1039.6       524.7    0.3728   1.00   0.50    -5.0000  mid                1.9s
  241      1288.4       549.1    0.3728   1.00   0.50    -5.0000  mid                2.0s
  242      1050.8       487.5    0.3728   1.00   0.50    -5.0000  mid                1.9s
  243      1097.6       504.8    0.3729   1.00   0.50    -5.0000  mid                1.7s
  244      1419.9       464.0    0.3730   1.00   0.50    -5.0000  mid                1.6s
  245      1342.3       591.8    0.3730   1.00   0.50    -5.0000  mid                2.2s
  246      1243.8       555.4    0.3730   1.00   0.50    -5.0000  mid                1.8s
  247      1028.9       399.0    0.3729   1.00   0.50    -5.0000  mid                1.8s
  248      1431.9       638.8    0.3728   1.00   0.50    -5.0000  mid                2.1s
  249      1069.1       475.4    0.3726   1.00   0.50    -5.0000  mid                1.8s
  [probe] gen=250 score=169.4 net=1.525 fell=1.000
  [plot] Saved fitness curve → experiments/thesis/staged_evolution/seed_09/fitness_curve.png
  250      1268.7       555.9    0.3725   1.00   0.50    -5.0000  mid                2.0s
  251      1305.3       557.7    0.3725   1.00   0.50    -5.0000  mid                2.2s
  252      1102.7       413.1    0.3725   1.00   0.50    -5.0000  mid                1.8s
  253      1355.1       517.8    0.3726   1.00   0.50    -5.0000  mid                1.8s
  254      1453.4       357.5    0.3724   1.00   0.50    -5.0000  mid                1.7s
  255      1224.9       394.2    0.3722   1.00   0.50    -5.0000  mid                1.8s
  256      1278.2       376.0    0.3720   1.00   0.50    -5.0000  mid                1.9s
  257      1351.5       531.7    0.3718   1.00   0.50    -5.0000  mid                2.2s
  258      1143.1       466.1    0.3716   1.00   0.50    -5.0000  mid                1.9s
  259      1313.0       520.0    0.3713   1.00   0.50    -5.0000  mid                2.0s
  [probe] gen=260 score=195.3 net=1.668 fell=1.000
  260      1209.1       392.5    0.3711   1.00   0.50    -5.0000  mid                1.7s
  261      1214.3       496.8    0.3709   1.00   0.50    -5.0000  mid                2.1s
  262       928.3       351.7    0.3707   1.00   0.50    -5.0000  mid                1.6s
  263      1324.9       490.4    0.3704   1.00   0.50    -5.0000  mid                2.0s
  264      1108.2       474.7    0.3703   1.00   0.50    -5.0000  mid                2.0s
  265      1305.7       432.1    0.3703   1.00   0.50    -5.0000  mid                2.0s
  266      1105.4       388.9    0.3700   1.00   0.50    -5.0000  mid                1.8s
  267      1357.2       431.6    0.3697   1.00   0.50    -5.0000  mid                1.8s
  268      1041.4       450.9    0.3694   1.00   0.50    -5.0000  mid                2.0s
  269      1288.4       431.8    0.3693   1.00   0.50    -5.0000  mid                1.9s
  [probe] gen=270 score=110.7 net=1.326 fell=1.000
  270      1182.0       448.3    0.3692   1.00   0.50    -5.0000  mid                1.7s
  271      1039.0       408.4    0.3692   1.00   0.50    -5.0000  mid                1.9s
  272      1244.4       531.0    0.3690   1.00   0.50    -5.0000  mid                2.1s
  273      1213.8       494.6    0.3688   1.00   0.50    -5.0000  mid                2.1s
  274      1388.9       581.7    0.3687   1.00   0.50    -5.0000  mid                2.1s
  [plot] Saved fitness curve → experiments/thesis/staged_evolution/seed_09/fitness_curve.png
  275      1313.1       574.8    0.3686   1.00   0.50    -5.0000  mid                2.2s
  276      1279.4       489.3    0.3684   1.00   0.50    -5.0000  mid                1.8s
  277      1324.5       586.6    0.3683   1.00   0.50    -5.0000  mid                2.3s
  278      1352.6       390.0    0.3681   1.00   0.50    -5.0000  mid                1.9s
  279      1165.0       466.6    0.3680   1.00   0.50    -5.0000  mid                1.8s
  [probe] gen=280 score=195.9 net=1.658 fell=1.000
  280      1159.1       422.1    0.3679   1.00   0.50    -5.0000  mid                1.8s
  281      1276.8       470.9    0.3677   1.00   0.50    -5.0000  mid                2.1s
  282      1063.5       412.4    0.3675   1.00   0.50    -5.0000  mid                2.0s
  283      1232.9       385.3    0.3673   1.00   0.50    -5.0000  mid                2.1s
  284      1162.4       300.9    0.3671   1.00   0.50    -5.0000  mid                2.0s
  285      1178.3       401.0    0.3667   1.00   0.50    -5.0000  mid                1.9s
  286      1336.6       425.5    0.3664   1.00   0.50    -5.0000  mid                2.0s
  287      1268.8       418.5    0.3661   1.00   0.50    -5.0000  mid                1.7s
  288      1055.8       434.1    0.3659   1.00   0.50    -5.0000  mid                1.8s
  289      1336.3       504.3    0.3657   1.00   0.50    -5.0000  mid                2.0s
  [probe] gen=290 score=201.1 net=1.634 fell=1.000
  290      1061.3       389.6    0.3657   1.00   0.50    -5.0000  mid                1.8s
  291      1031.2       486.1    0.3657   1.00   0.50    -5.0000  mid                1.8s
  292      1147.7       571.2    0.3657   1.00   0.50    -5.0000  mid                2.0s
  293      1333.7       448.7    0.3656   1.00   0.50    -5.0000  mid                1.8s
  294      1157.0       407.1    0.3656   1.00   0.50    -5.0000  mid                1.8s
  295      1056.8       394.4    0.3654   1.00   0.50    -5.0000  mid                1.7s
  296      1215.3       488.6    0.3652   1.00   0.50    -5.0000  mid                2.1s
  297      1247.0       476.0    0.3652   1.00   0.50    -5.0000  mid                2.0s
  298      1241.7       530.9    0.3651   1.00   0.50    -5.0000  mid                2.1s
  299      1298.0       497.4    0.3651   1.00   0.50    -5.0000  mid                2.0s
  [probe] gen=300 score=184.2 net=1.586 fell=1.000
  [plot] Saved fitness curve → experiments/thesis/staged_evolution/seed_09/fitness_curve.png
  300      1261.2       564.0    0.3651   1.00   0.50    -5.0000  mid                2.2s
  301      1342.1       517.5    0.3650   1.00   0.50    -5.0000  mid                1.9s
  302      1143.0       516.6    0.3651   1.00   0.50    -5.0000  mid                1.9s
  303      1255.7       604.3    0.3651   1.00   0.50    -5.0000  mid                2.1s
  304      1321.7       606.6    0.3652   1.00   0.50    -5.0000  mid                2.2s
  305      1228.8       579.0    0.3651   1.00   0.50    -5.0000  mid                2.2s
  306      1259.5       522.5    0.3652   1.00   0.50    -5.0000  mid                2.2s
  307      1237.4       512.3    0.3653   1.00   0.50    -5.0000  mid                2.0s
  308      1300.9       536.6    0.3653   1.00   0.50    -5.0000  mid                2.3s
  309      1303.1       547.7    0.3653   1.00   0.50    -5.0000  mid                2.1s
  [probe] gen=310 score=144.8 net=1.454 fell=1.000
  310      1223.1       552.9    0.3654   1.00   0.50    -5.0000  mid                2.2s
  311      1404.7       393.1    0.3654   1.00   0.50    -5.0000  mid                1.9s
  312      1384.0       487.9    0.3655   1.00   0.50    -5.0000  mid                2.0s
  313      1263.3       521.6    0.3656   1.00   0.50    -5.0000  mid                2.0s
  314      1370.8       540.8    0.3656   1.00   0.50    -5.0000  mid                2.0s
  315      1335.6       597.9    0.3656   1.00   0.50    -5.0000  mid                2.1s
  316      1324.9       500.6    0.3655   1.00   0.50    -5.0000  mid                2.0s
  317      1425.8       472.8    0.3654   1.00   0.50    -5.0000  mid                2.0s
  318      1436.0       585.1    0.3654   1.00   0.50    -5.0000  mid                2.1s
  319      1532.9       533.0    0.3652   1.00   0.50    -5.0000  mid                2.0s
  [probe] gen=320 score=159.5 net=1.517 fell=1.000
  320      1363.1       517.9    0.3651   1.00   0.50    -5.0000  mid                2.0s
  321      1344.6       598.0    0.3649   1.00   0.50    -5.0000  mid                2.4s
  322      1554.5       628.0    0.3648   1.00   0.50    -5.0000  mid                2.3s
  323      1328.4       567.2    0.3648   1.00   0.50    -5.0000  mid                2.1s
  324      1498.4       702.3    0.3647   1.00   0.50    -5.0000  mid                2.4s
  [plot] Saved fitness curve → experiments/thesis/staged_evolution/seed_09/fitness_curve.png
  325      1446.1       616.2    0.3647   1.00   0.50    -5.0000  mid                2.3s
  326      1498.5       478.3    0.3645   1.00   0.50    -5.0000  mid                1.9s
  327      1380.4       484.1    0.3644   1.00   0.50    -5.0000  mid                1.9s
  328      1511.4       573.1    0.3643   1.00   0.50    -5.0000  mid                2.0s
  329      1509.5       520.8    0.3642   1.00   0.50    -5.0000  mid                1.8s
  [probe] gen=330 score=191.0 net=1.624 fell=1.000
  330      1522.8       553.2    0.3640   1.00   0.50    -5.0000  mid                2.0s
  331      1635.2       683.3    0.3638   1.00   0.50    -5.0000  mid                2.1s
  332      1285.0       442.5    0.3634   1.00   0.50    -5.0000  mid                1.8s
  333      1630.6       573.9    0.3631   1.00   0.50    -5.0000  mid                2.2s
  [stage] gen=334  gravity -9.81 → -9.81  ES restarted  remaining=165
  334       277.6       138.5    0.5000   1.00   0.50    -9.8100  earth              0.9s
  335       196.4       -22.0    0.4903   1.00   0.50    -9.8100  earth              0.8s
  336       198.4        15.1    0.4819   1.00   0.50    -9.8100  earth              0.9s
  337       212.9        67.1    0.4744   1.00   0.50    -9.8100  earth              0.9s
  338       206.2        31.9    0.4677   1.00   0.50    -9.8100  earth              0.8s
  339       216.1        27.0    0.4615   1.00   0.50    -9.8100  earth              0.9s
  [probe] gen=340 score=118.7 net=1.138 fell=1.000
  340       243.3        84.9    0.4558   1.00   0.50    -9.8100  earth              0.9s
  341       252.0        56.7    0.4504   1.00   0.50    -9.8100  earth              0.8s
  342       250.9        15.5    0.4455   1.00   0.50    -9.8100  earth              0.8s
  343       247.9        13.7    0.4408   1.00   0.50    -9.8100  earth              0.8s
  344       300.1       113.6    0.4365   1.00   0.50    -9.8100  earth              0.9s
  345       316.5        43.1    0.4327   1.00   0.50    -9.8100  earth              0.8s
  346       778.9        98.2    0.4293   1.00   0.50    -9.8100  earth              1.2s
  347       412.9       -22.2    0.4262   1.00   0.50    -9.8100  earth              1.0s
  348       412.8        94.7    0.4233   1.00   0.50    -9.8100  earth              1.1s
  349       746.6       169.5    0.4207   1.00   0.50    -9.8100  earth              1.6s
  [probe] gen=350 score=786.7 net=3.432 fell=0.100 [new best earth]
  [plot] Saved fitness curve → experiments/thesis/staged_evolution/seed_09/fitness_curve.png
  350       808.1       144.3    0.4182   1.00   0.50    -9.8100  earth              1.6s
  351       688.1        85.3    0.4160   1.00   0.50    -9.8100  earth              1.6s
  352       706.7        40.2    0.4140   1.00   0.50    -9.8100  earth              1.6s
  353       691.0       157.5    0.4122   1.00   0.50    -9.8100  earth              2.1s
  354       781.0       218.7    0.4107   1.00   0.50    -9.8100  earth              2.2s
  355       711.6       118.0    0.4092   1.00   0.50    -9.8100  earth              1.9s
  356       685.3       211.5    0.4078   1.00   0.50    -9.8100  earth              2.4s
  357       704.5       168.0    0.4066   1.00   0.50    -9.8100  earth              1.9s
  358       793.4       235.8    0.4054   1.00   0.50    -9.8100  earth              2.2s
  359       722.7       280.3    0.4043   1.00   0.50    -9.8100  earth              2.4s
  [probe] gen=360 score=655.9 net=2.629 fell=0.000
  360       655.3       236.6    0.4032   1.00   0.50    -9.8100  earth              2.3s
  361       725.2       197.8    0.4023   1.00   0.50    -9.8100  earth              2.3s
  362       723.6       152.7    0.4013   1.00   0.50    -9.8100  earth              2.4s
  363       811.2       120.2    0.4003   1.00   0.50    -9.8100  earth              1.8s
  364       787.1       119.5    0.3993   1.00   0.50    -9.8100  earth              2.0s
  365       734.8       161.3    0.3984   1.00   0.50    -9.8100  earth              1.9s
  366       759.7       172.9    0.3978   1.00   0.50    -9.8100  earth              2.0s
  367       617.2       162.3    0.3972   1.00   0.50    -9.8100  earth              2.1s
  368       786.0       184.4    0.3967   1.00   0.50    -9.8100  earth              1.9s
  369       785.8        86.0    0.3961   1.00   0.50    -9.8100  earth              1.7s
  [probe] gen=370 score=756.6 net=3.215 fell=0.100
  370       755.4       147.0    0.3956   1.00   0.50    -9.8100  earth              1.8s
  371       770.6       224.3    0.3950   1.00   0.50    -9.8100  earth              2.0s
  372       705.2       185.7    0.3944   1.00   0.50    -9.8100  earth              2.2s
  373       761.6       122.1    0.3938   1.00   0.50    -9.8100  earth              1.9s
  374       787.6       182.4    0.3933   1.00   0.50    -9.8100  earth              2.3s
  [plot] Saved fitness curve → experiments/thesis/staged_evolution/seed_09/fitness_curve.png
  375       717.7       145.6    0.3928   1.00   0.50    -9.8100  earth              2.0s
  376       770.8       326.4    0.3925   1.00   0.50    -9.8100  earth              2.6s
  377       765.6       100.5    0.3922   1.00   0.50    -9.8100  earth              2.1s
  378       749.6       229.6    0.3918   1.00   0.50    -9.8100  earth              2.2s
  379       683.3       137.8    0.3915   1.00   0.50    -9.8100  earth              1.9s
  [probe] gen=380 score=572.2 net=2.719 fell=0.700
  380       756.4       185.3    0.3913   1.00   0.50    -9.8100  earth              2.1s
  381       796.5       193.6    0.3910   1.00   0.50    -9.8100  earth              2.2s
  382       701.3       259.1    0.3908   1.00   0.50    -9.8100  earth              2.4s
  383       738.1       319.9    0.3906   1.00   0.50    -9.8100  earth              2.5s
  384       740.1        57.2    0.3905   1.00   0.50    -9.8100  earth              2.0s
  385       671.0       223.9    0.3904   1.00   0.50    -9.8100  earth              2.1s
  386       677.3       114.0    0.3904   1.00   0.50    -9.8100  earth              2.1s
  387       747.9       219.5    0.3902   1.00   0.50    -9.8100  earth              2.3s
  388       759.0       121.1    0.3901   1.00   0.50    -9.8100  earth              2.0s
  389       863.2       225.3    0.3900   1.00   0.50    -9.8100  earth              2.2s
  [probe] gen=390 score=805.6 net=3.430 fell=0.000 [new best earth]
  390       805.1       234.1    0.3899   1.00   0.50    -9.8100  earth              2.1s
  391       733.4       283.7    0.3898   1.00   0.50    -9.8100  earth              2.2s
  392       766.2       216.6    0.3897   1.00   0.50    -9.8100  earth              2.0s
  393       789.3        59.2    0.3897   1.00   0.50    -9.8100  earth              1.7s
  394       864.3       273.0    0.3897   1.00   0.50    -9.8100  earth              2.6s
  395       812.6       271.8    0.3897   1.00   0.50    -9.8100  earth              2.4s
  396       787.5       256.2    0.3897   1.00   0.50    -9.8100  earth              2.5s
  397       821.3       198.8    0.3896   1.00   0.50    -9.8100  earth              2.1s
  398       707.1       251.5    0.3896   1.00   0.50    -9.8100  earth              2.2s
  399       713.0       160.9    0.3897   1.00   0.50    -9.8100  earth              2.1s
  [probe] gen=400 score=774.9 net=3.281 fell=0.000
  [plot] Saved fitness curve → experiments/thesis/staged_evolution/seed_09/fitness_curve.png
  400       771.6       183.1    0.3897   1.00   0.50    -9.8100  earth              2.2s
  401       838.0       299.8    0.3897   1.00   0.50    -9.8100  earth              2.5s
  402       823.0       279.4    0.3899   1.00   0.50    -9.8100  earth              2.5s
  403       730.7       189.3    0.3899   1.00   0.50    -9.8100  earth              2.1s
  404       778.4       243.1    0.3901   1.00   0.50    -9.8100  earth              2.2s
  405       846.0       324.3    0.3904   1.00   0.50    -9.8100  earth              2.4s
  406       765.6       292.4    0.3906   1.00   0.50    -9.8100  earth              2.5s
  407       668.7       209.7    0.3906   1.00   0.50    -9.8100  earth              2.0s
  408       772.2       202.2    0.3907   1.00   0.50    -9.8100  earth              2.4s
  409       811.3       276.7    0.3909   1.00   0.50    -9.8100  earth              2.4s
  [probe] gen=410 score=756.4 net=3.183 fell=0.000
  410       757.1       334.7    0.3912   1.00   0.50    -9.8100  earth              2.6s
  411       800.6       350.1    0.3913   1.00   0.50    -9.8100  earth              2.8s
  412       778.9       271.5    0.3915   1.00   0.50    -9.8100  earth              2.2s
  413       802.5       267.5    0.3917   1.00   0.50    -9.8100  earth              2.2s
  414       796.2       282.2    0.3918   1.00   0.50    -9.8100  earth              2.4s
  415       837.3       260.1    0.3919   1.00   0.50    -9.8100  earth              2.4s
  416       801.8       353.1    0.3922   1.00   0.50    -9.8100  earth              2.8s
  417       745.5       297.1    0.3923   1.00   0.50    -9.8100  earth              2.3s
  418       719.3       176.8    0.3923   1.00   0.50    -9.8100  earth              2.3s
  419       810.2       308.6    0.3923   1.00   0.50    -9.8100  earth              2.6s
  [probe] gen=420 score=724.0 net=3.267 fell=0.300
  420       833.7       281.2    0.3923   1.00   0.50    -9.8100  earth              2.4s
  421       786.1       243.6    0.3921   1.00   0.50    -9.8100  earth              2.3s
  422       860.3       245.6    0.3921   1.00   0.50    -9.8100  earth              1.9s
  423       812.2       261.1    0.3920   1.00   0.50    -9.8100  earth              2.1s
  424       805.2       126.5    0.3918   1.00   0.50    -9.8100  earth              1.9s
  [plot] Saved fitness curve → experiments/thesis/staged_evolution/seed_09/fitness_curve.png
  425       809.8       137.7    0.3915   1.00   0.50    -9.8100  earth              2.0s
  426       814.7       215.3    0.3911   1.00   0.50    -9.8100  earth              2.3s
  427       818.8        82.4    0.3907   1.00   0.50    -9.8100  earth              1.5s
  428       877.4       138.0    0.3903   1.00   0.50    -9.8100  earth              1.8s
  429       805.2       210.4    0.3898   1.00   0.50    -9.8100  earth              2.1s
  [probe] gen=430 score=633.6 net=2.975 fell=0.600
  430       822.0       239.3    0.3893   1.00   0.50    -9.8100  earth              2.3s
  431       788.8       318.1    0.3889   1.00   0.50    -9.8100  earth              2.5s
  432       827.7       179.6    0.3886   1.00   0.50    -9.8100  earth              2.2s
  433       815.9       290.6    0.3884   1.00   0.50    -9.8100  earth              2.4s
  434       836.8       198.2    0.3881   1.00   0.50    -9.8100  earth              2.1s
  435       841.2       200.9    0.3879   1.00   0.50    -9.8100  earth              2.0s
  436       835.8       329.1    0.3876   1.00   0.50    -9.8100  earth              2.5s
  437       830.9       324.0    0.3873   1.00   0.50    -9.8100  earth              2.6s
  438       824.5       394.5    0.3871   1.00   0.50    -9.8100  earth              2.5s
  439       877.6       354.9    0.3867   1.00   0.50    -9.8100  earth              2.5s
  [probe] gen=440 score=814.0 net=3.478 fell=0.000 [new best earth]
  440       815.5       307.3    0.3864   1.00   0.50    -9.8100  earth              2.6s
  441       901.0       346.6    0.3861   1.00   0.50    -9.8100  earth              2.4s
  442       831.3       383.9    0.3858   1.00   0.50    -9.8100  earth              2.5s
  443       744.3       234.5    0.3854   1.00   0.50    -9.8100  earth              2.0s
  444       816.4       297.8    0.3847   1.00   0.50    -9.8100  earth              2.5s
  445       787.7       250.3    0.3841   1.00   0.50    -9.8100  earth              2.1s
  446       838.5       262.1    0.3836   1.00   0.50    -9.8100  earth              2.2s
  447       792.8       254.0    0.3831   1.00   0.50    -9.8100  earth              2.5s
  448       857.6       280.8    0.3826   1.00   0.50    -9.8100  earth              2.6s
  449       853.6       309.9    0.3819   1.00   0.50    -9.8100  earth              2.6s
  [probe] gen=450 score=857.1 net=3.730 fell=0.200 [new best earth]
  [plot] Saved fitness curve → experiments/thesis/staged_evolution/seed_09/fitness_curve.png
  450       889.6       397.9    0.3813   1.00   0.50    -9.8100  earth              2.8s
  451       824.2       224.0    0.3808   1.00   0.50    -9.8100  earth              2.3s
  452       845.4       302.7    0.3802   1.00   0.50    -9.8100  earth              2.5s
  453       860.4       240.1    0.3797   1.00   0.50    -9.8100  earth              2.6s
  454       824.5       349.8    0.3793   1.00   0.50    -9.8100  earth              2.7s
  455       910.6       452.4    0.3789   1.00   0.50    -9.8100  earth              3.2s
  456       885.9       296.6    0.3786   1.00   0.50    -9.8100  earth              2.2s
  457       866.6       339.1    0.3783   1.00   0.50    -9.8100  earth              2.6s
  458       863.1       354.5    0.3780   1.00   0.50    -9.8100  earth              2.3s
  459       857.6       270.8    0.3775   1.00   0.50    -9.8100  earth              2.0s
  [probe] gen=460 score=891.9 net=3.878 fell=0.000 [new best earth]
  460       924.7       364.6    0.3772   1.00   0.50    -9.8100  earth              2.5s
  461       853.8       270.6    0.3771   1.00   0.50    -9.8100  earth              2.2s
  462       858.8       370.7    0.3767   1.00   0.50    -9.8100  earth              2.5s
  463       856.8       276.3    0.3765   1.00   0.50    -9.8100  earth              2.4s
  464       821.9       266.4    0.3761   1.00   0.50    -9.8100  earth              2.4s
  465       910.2       177.2    0.3758   1.00   0.50    -9.8100  earth              2.1s
  466       846.2       338.1    0.3755   1.00   0.50    -9.8100  earth              2.3s
  467       897.3       383.6    0.3752   1.00   0.50    -9.8100  earth              2.5s
  468       873.7       359.5    0.3748   1.00   0.50    -9.8100  earth              2.3s
  469       853.8       311.4    0.3744   1.00   0.50    -9.8100  earth              2.2s
  [probe] gen=470 score=803.0 net=3.582 fell=0.200
  470       874.8       507.4    0.3739   1.00   0.50    -9.8100  earth              3.3s
  471       915.0       425.3    0.3735   1.00   0.50    -9.8100  earth              2.6s
  472       889.1       352.2    0.3729   1.00   0.50    -9.8100  earth              2.4s
  473       892.9       234.9    0.3724   1.00   0.50    -9.8100  earth              2.1s
  474       911.6       544.3    0.3720   1.00   0.50    -9.8100  earth              3.0s
  [plot] Saved fitness curve → experiments/thesis/staged_evolution/seed_09/fitness_curve.png
  475       902.3       454.6    0.3716   1.00   0.50    -9.8100  earth              2.6s
  476       880.4       430.3    0.3711   1.00   0.50    -9.8100  earth              2.4s
  477       955.0       262.2    0.3707   1.00   0.50    -9.8100  earth              2.2s
  478       963.4       360.4    0.3703   1.00   0.50    -9.8100  earth              2.6s
  479       864.7       524.5    0.3700   1.00   0.50    -9.8100  earth              3.1s
  [probe] gen=480 score=881.7 net=3.879 fell=0.200
  480       911.6       520.3    0.3696   1.00   0.50    -9.8100  earth              2.9s
  481       864.4       416.3    0.3693   1.00   0.50    -9.8100  earth              2.7s
  482       872.4       336.4    0.3692   1.00   0.50    -9.8100  earth              2.5s
  483       895.8       405.0    0.3689   1.00   0.50    -9.8100  earth              2.8s
  484       838.0       211.7    0.3686   1.00   0.50    -9.8100  earth              2.0s
  485       886.6       482.0    0.3682   1.00   0.50    -9.8100  earth              2.9s
  486       884.1       436.4    0.3676   1.00   0.50    -9.8100  earth              2.5s
  487       886.0       476.7    0.3671   1.00   0.50    -9.8100  earth              3.0s
  488       916.2       422.1    0.3665   1.00   0.50    -9.8100  earth              2.8s
  489       900.2       499.2    0.3661   1.00   0.50    -9.8100  earth              2.6s
  [probe] gen=490 score=676.2 net=3.220 fell=0.500
  490       975.8       433.5    0.3657   1.00   0.50    -9.8100  earth              2.5s
  491       902.2       425.1    0.3654   1.00   0.50    -9.8100  earth              2.6s
  492       928.3       420.1    0.3650   1.00   0.50    -9.8100  earth              2.4s
  493       943.3       435.1    0.3648   1.00   0.50    -9.8100  earth              2.8s
  494       874.6       392.4    0.3646   1.00   0.50    -9.8100  earth              4.2s
  495       908.0       478.9    0.3644   1.00   0.50    -9.8100  earth              3.3s
  496       884.1       526.0    0.3641   1.00   0.50    -9.8100  earth              3.0s
  497       861.9       360.5    0.3639   1.00   0.50    -9.8100  earth              2.6s
  498       891.8       351.6    0.3634   1.00   0.50    -9.8100  earth              2.9s
  499       901.8       563.0    0.3629   1.00   0.50    -9.8100  earth              3.5s
  [plot] Saved fitness curve → experiments/thesis/staged_evolution/seed_09/fitness_curve.png

Training complete. Best fitness: 1635.2
Best params → experiments/thesis/staged_evolution/seed_09/checkpoints/best_params.npy
Fitness curve → experiments/thesis/staged_evolution/seed_09/fitness_curve.png
Eval params  → best_earth_params (earth probe score: 891.9)
Final Earth scorecard | score=884.1 net=3.862 fell=0.050
Gravity sweep | gravities=5 mean_net=2.302 worst_net=0.468
  [exp] Wrote experiments/thesis/staged_evolution/seed_09/experiment.json
  [exp] Wrote experiments/thesis/staged_evolution/seed_09/training_log.csv
  [exp] Wrote experiments/thesis/staged_evolution/seed_09/earth_probe.csv
  [exp] Wrote experiments/thesis/staged_evolution/seed_09/gravity_sweep.csv
  [exp] Wrote experiments/thesis/staged_evolution/seed_09/summary.json
