Walker2d-v5 | policy=CPG  params=504
Curriculum   : AdaptiveProgression  [-1.6→-3.0→-5.0→-7.0→-9.81]  plateau=30gen  min_improve=5.0
Run context | seed=4 arm=adaptive_progression run_id=adaptive_progression_seed_04

Schedule | penalty_min=0.20 penalty_ramp_gen=200 corr_min=0.00 corr_max=0.50 corr_ramp_gen=200

Starting CMA-ES | pop=40 | sigma0=0.5 | max_gen=500 | workers=8 | seed=4
Checkpoints → experiments/thesis/adaptive_progression/seed_04/checkpoints/

  Gen        Best        Mean     Sigma    Pen   Corr    Gravity  Phase              Time
------------------------------------------------------------------------------------
  [probe] gen=0 score=-385.1 net=-0.195 fell=1.000 [new best earth]
  [plot] Saved fitness curve → experiments/thesis/adaptive_progression/seed_04/fitness_curve.png
    0       -60.2       -76.5    0.4904   0.20   0.00    -1.6000  lv0(-1.6)          1.6s
    1       -46.5       -73.0    0.4820   0.20   0.00    -1.6000  lv0(-1.6)          0.2s
    2       -54.5       -73.5    0.4746   0.21   0.01    -1.6000  lv0(-1.6)          0.2s
    3       -49.3       -72.1    0.4681   0.21   0.01    -1.6000  lv0(-1.6)          0.2s
    4       -52.6       -72.5    0.4624   0.22   0.01    -1.6000  lv0(-1.6)          0.2s
    5       -50.9       -70.4    0.4569   0.22   0.01    -1.6000  lv0(-1.6)          0.2s
    6       -53.9       -72.3    0.4520   0.22   0.01    -1.6000  lv0(-1.6)          0.2s
    7       -50.8       -71.4    0.4474   0.23   0.02    -1.6000  lv0(-1.6)          0.2s
    8       -48.6       -72.0    0.4432   0.23   0.02    -1.6000  lv0(-1.6)          0.2s
    9       -46.9       -69.7    0.4394   0.24   0.02    -1.6000  lv0(-1.6)          0.3s
  [probe] gen=10 score=-373.3 net=-0.082 fell=1.000 [new best earth]
   10       -47.2       -70.2    0.4357   0.24   0.03    -1.6000  lv0(-1.6)          0.3s
   11       -50.9       -68.7    0.4324   0.24   0.03    -1.6000  lv0(-1.6)          0.3s
   12       -48.9       -74.2    0.4295   0.25   0.03    -1.6000  lv0(-1.6)          0.3s
   13       -30.3       -74.3    0.4268   0.25   0.03    -1.6000  lv0(-1.6)          0.2s
   14       -34.8       -67.5    0.4242   0.26   0.04    -1.6000  lv0(-1.6)          0.3s
   15       -43.3       -73.2    0.4218   0.26   0.04    -1.6000  lv0(-1.6)          0.3s
   16        -6.1       -66.8    0.4196   0.26   0.04    -1.6000  lv0(-1.6)          0.4s
   17         8.6       -68.0    0.4175   0.27   0.04    -1.6000  lv0(-1.6)          0.4s
   18         5.5       -69.8    0.4155   0.27   0.04    -1.6000  lv0(-1.6)          0.5s
   19       312.9       -51.5    0.4136   0.28   0.05    -1.6000  lv0(-1.6)          0.5s
  [probe] gen=20 score=-355.1 net=-0.255 fell=1.000 [new best earth]
   20        43.5       -63.2    0.4120   0.28   0.05    -1.6000  lv0(-1.6)          0.4s
   21       151.7       -57.4    0.4105   0.28   0.05    -1.6000  lv0(-1.6)          0.5s
   22       145.6       -38.5    0.4092   0.29   0.06    -1.6000  lv0(-1.6)          0.8s
   23       284.5         4.1    0.4080   0.29   0.06    -1.6000  lv0(-1.6)          1.0s
   24       294.8       -13.9    0.4070   0.30   0.06    -1.6000  lv0(-1.6)          0.9s
  [plot] Saved fitness curve → experiments/thesis/adaptive_progression/seed_04/fitness_curve.png
   25       225.3       -22.2    0.4059   0.30   0.06    -1.6000  lv0(-1.6)          1.0s
   26       292.0        44.2    0.4049   0.30   0.07    -1.6000  lv0(-1.6)          1.1s
   27       322.4        43.8    0.4041   0.31   0.07    -1.6000  lv0(-1.6)          1.3s
   28       300.4        59.5    0.4034   0.31   0.07    -1.6000  lv0(-1.6)          1.3s
   29       327.9        81.3    0.4030   0.32   0.07    -1.6000  lv0(-1.6)          1.3s
  [probe] gen=30 score=-262.8 net=-0.038 fell=1.000 [new best earth]
   30       372.6        83.7    0.4029   0.32   0.07    -1.6000  lv0(-1.6)          1.3s
   31       361.9       103.4    0.4027   0.32   0.08    -1.6000  lv0(-1.6)          1.4s
   32       470.8       173.7    0.4024   0.33   0.08    -1.6000  lv0(-1.6)          1.6s
   33       356.4       118.2    0.4022   0.33   0.08    -1.6000  lv0(-1.6)          1.5s
   34       445.2       148.7    0.4020   0.34   0.09    -1.6000  lv0(-1.6)          1.7s
   35       317.3        86.1    0.4018   0.34   0.09    -1.6000  lv0(-1.6)          1.6s
   36       377.1       147.6    0.4016   0.34   0.09    -1.6000  lv0(-1.6)          1.7s
   37       385.1       102.4    0.4015   0.35   0.09    -1.6000  lv0(-1.6)          1.7s
   38       435.2       149.1    0.4013   0.35   0.10    -1.6000  lv0(-1.6)          2.0s
   39       401.6       102.1    0.4011   0.36   0.10    -1.6000  lv0(-1.6)          1.9s
  [probe] gen=40 score=14.0 net=0.994 fell=1.000 [new best earth]
   40       433.7       118.8    0.4011   0.36   0.10    -1.6000  lv0(-1.6)          1.7s
   41       331.2       135.6    0.4011   0.36   0.10    -1.6000  lv0(-1.6)          1.7s
   42       370.7       155.9    0.4013   0.37   0.10    -1.6000  lv0(-1.6)          1.7s
   43       384.6       114.5    0.4016   0.37   0.11    -1.6000  lv0(-1.6)          1.6s
   44       413.7       181.3    0.4020   0.38   0.11    -1.6000  lv0(-1.6)          1.8s
   45       390.1       172.3    0.4023   0.38   0.11    -1.6000  lv0(-1.6)          1.9s
   46       432.7       142.1    0.4026   0.38   0.12    -1.6000  lv0(-1.6)          2.1s
   47       298.3       115.4    0.4031   0.39   0.12    -1.6000  lv0(-1.6)          2.0s
   48       320.4        96.2    0.4037   0.39   0.12    -1.6000  lv0(-1.6)          1.9s
   49       380.3        78.4    0.4044   0.40   0.12    -1.6000  lv0(-1.6)          1.8s
  [probe] gen=50 score=69.3 net=1.154 fell=1.000 [new best earth]
  [plot] Saved fitness curve → experiments/thesis/adaptive_progression/seed_04/fitness_curve.png
   50       409.3       149.4    0.4052   0.40   0.12    -1.6000  lv0(-1.6)          2.1s
   51       393.1       158.4    0.4059   0.40   0.13    -1.6000  lv0(-1.6)          1.9s
   52       366.7       207.1    0.4065   0.41   0.13    -1.6000  lv0(-1.6)          2.2s
   53       389.2       167.7    0.4070   0.41   0.13    -1.6000  lv0(-1.6)          2.0s
   54       463.3       184.9    0.4076   0.42   0.14    -1.6000  lv0(-1.6)          2.1s
   55       557.1       219.1    0.4081   0.42   0.14    -1.6000  lv0(-1.6)          2.1s
   56       440.1       195.1    0.4087   0.42   0.14    -1.6000  lv0(-1.6)          2.1s
   57       502.6       249.1    0.4093   0.43   0.14    -1.6000  lv0(-1.6)          2.1s
   58       575.5       207.4    0.4098   0.43   0.14    -1.6000  lv0(-1.6)          1.9s
   59       495.7       228.2    0.4102   0.44   0.15    -1.6000  lv0(-1.6)          2.3s
  [probe] gen=60 score=-91.6 net=0.168 fell=0.900
   60       602.5       199.5    0.4108   0.44   0.15    -1.6000  lv0(-1.6)          2.1s
   61       804.5       207.5    0.4113   0.44   0.15    -1.6000  lv0(-1.6)          2.0s
   62       643.1       288.3    0.4118   0.45   0.15    -1.6000  lv0(-1.6)          2.1s
   63       689.1       275.3    0.4123   0.45   0.16    -1.6000  lv0(-1.6)          2.2s
   64       536.9       240.8    0.4125   0.46   0.16    -1.6000  lv0(-1.6)          2.0s
   65       699.2       296.0    0.4127   0.46   0.16    -1.6000  lv0(-1.6)          2.2s
   66       686.4       240.1    0.4129   0.46   0.17    -1.6000  lv0(-1.6)          1.8s
   67       606.0       227.2    0.4132   0.47   0.17    -1.6000  lv0(-1.6)          1.9s
   68       751.6       305.5    0.4133   0.47   0.17    -1.6000  lv0(-1.6)          2.0s
   69       692.3       256.8    0.4134   0.48   0.17    -1.6000  lv0(-1.6)          2.0s
  [probe] gen=70 score=78.3 net=1.114 fell=1.000 [new best earth]
   70       650.8       226.6    0.4135   0.48   0.17    -1.6000  lv0(-1.6)          2.0s
   71      1251.3       215.2    0.4138   0.48   0.18    -1.6000  lv0(-1.6)          2.1s
   72       713.9       332.9    0.4142   0.49   0.18    -1.6000  lv0(-1.6)          2.2s
   73       837.2       243.4    0.4144   0.49   0.18    -1.6000  lv0(-1.6)          2.0s
   74       823.6       249.9    0.4146   0.50   0.18    -1.6000  lv0(-1.6)          2.2s
  [plot] Saved fitness curve → experiments/thesis/adaptive_progression/seed_04/fitness_curve.png
   75       796.0       269.7    0.4149   0.50   0.19    -1.6000  lv0(-1.6)          2.0s
   76       784.0       341.4    0.4152   0.50   0.19    -1.6000  lv0(-1.6)          2.1s
   77       812.6       362.2    0.4157   0.51   0.19    -1.6000  lv0(-1.6)          2.3s
   78       892.6       338.7    0.4162   0.51   0.20    -1.6000  lv0(-1.6)          2.2s
   79       955.6       387.1    0.4165   0.52   0.20    -1.6000  lv0(-1.6)          2.3s
  [probe] gen=80 score=-245.8 net=-0.239 fell=1.000
   80       872.3       291.4    0.4169   0.52   0.20    -1.6000  lv0(-1.6)          2.1s
   81       871.2       331.7    0.4177   0.52   0.20    -1.6000  lv0(-1.6)          2.2s
   82       826.6       392.8    0.4183   0.53   0.20    -1.6000  lv0(-1.6)          2.4s
   83       810.3       252.3    0.4188   0.53   0.21    -1.6000  lv0(-1.6)          2.1s
   84      1219.7       320.5    0.4192   0.54   0.21    -1.6000  lv0(-1.6)          2.1s
   85       751.0       286.7    0.4196   0.54   0.21    -1.6000  lv0(-1.6)          2.2s
   86       881.9       346.9    0.4199   0.54   0.21    -1.6000  lv0(-1.6)          2.4s
   87      1072.4       284.0    0.4202   0.55   0.22    -1.6000  lv0(-1.6)          2.2s
   88       993.2       266.4    0.4206   0.55   0.22    -1.6000  lv0(-1.6)          2.1s
   89       815.6       330.9    0.4210   0.56   0.22    -1.6000  lv0(-1.6)          2.1s
  [probe] gen=90 score=74.6 net=1.222 fell=1.000
   90       880.3       323.5    0.4213   0.56   0.23    -1.6000  lv0(-1.6)          2.2s
   91      1159.2       386.1    0.4215   0.56   0.23    -1.6000  lv0(-1.6)          2.2s
   92      1158.4       314.2    0.4217   0.57   0.23    -1.6000  lv0(-1.6)          1.9s
   93      1100.6       343.7    0.4219   0.57   0.23    -1.6000  lv0(-1.6)          2.1s
   94      1017.4       369.8    0.4222   0.58   0.23    -1.6000  lv0(-1.6)          2.1s
   95       986.0       390.9    0.4224   0.58   0.24    -1.6000  lv0(-1.6)          2.3s
   96      1195.6       395.5    0.4228   0.58   0.24    -1.6000  lv0(-1.6)          2.2s
   97      1407.8       410.6    0.4231   0.59   0.24    -1.6000  lv0(-1.6)          2.4s
   98      1256.4       436.9    0.4235   0.59   0.24    -1.6000  lv0(-1.6)          2.3s
   99      1171.6       367.2    0.4240   0.60   0.25    -1.6000  lv0(-1.6)          2.1s
  [probe] gen=100 score=88.6 net=1.195 fell=1.000 [new best earth]
  [plot] Saved fitness curve → experiments/thesis/adaptive_progression/seed_04/fitness_curve.png
  100      1134.4       457.1    0.4245   0.60   0.25    -1.6000  lv0(-1.6)          2.3s
  101      1141.0       449.1    0.4250   0.60   0.25    -1.6000  lv0(-1.6)          2.2s
  102      1219.6       442.5    0.4258   0.61   0.26    -1.6000  lv0(-1.6)          2.2s
  103       973.0       337.8    0.4265   0.61   0.26    -1.6000  lv0(-1.6)          2.2s
  104      1215.9       425.4    0.4273   0.62   0.26    -1.6000  lv0(-1.6)          2.2s
  105      1076.7       397.1    0.4280   0.62   0.26    -1.6000  lv0(-1.6)          2.2s
  106      1127.5       352.8    0.4287   0.62   0.27    -1.6000  lv0(-1.6)          2.3s
  107      1002.2       363.7    0.4293   0.63   0.27    -1.6000  lv0(-1.6)          2.2s
  108      1186.2       335.3    0.4300   0.63   0.27    -1.6000  lv0(-1.6)          2.2s
  109      1362.2       535.7    0.4304   0.64   0.27    -1.6000  lv0(-1.6)          2.6s
  [probe] gen=110 score=117.3 net=1.333 fell=1.000 [new best earth]
  110      1181.7       326.4    0.4309   0.64   0.28    -1.6000  lv0(-1.6)          2.2s
  111      1223.0       314.0    0.4315   0.64   0.28    -1.6000  lv0(-1.6)          2.0s
  112      1190.0       344.7    0.4321   0.65   0.28    -1.6000  lv0(-1.6)          2.3s
  113      1101.1       350.8    0.4329   0.65   0.28    -1.6000  lv0(-1.6)          2.3s
  114      1104.3       403.5    0.4337   0.66   0.28    -1.6000  lv0(-1.6)          2.3s
  115      1296.6       338.2    0.4343   0.66   0.29    -1.6000  lv0(-1.6)          2.2s
  116      1327.2       427.8    0.4349   0.66   0.29    -1.6000  lv0(-1.6)          2.2s
  117      1548.6       539.1    0.4355   0.67   0.29    -1.6000  lv0(-1.6)          2.4s
  118      1168.3       372.1    0.4361   0.67   0.29    -1.6000  lv0(-1.6)          2.2s
  119      1246.3       377.3    0.4369   0.68   0.30    -1.6000  lv0(-1.6)          2.2s
  [probe] gen=120 score=94.8 net=1.278 fell=1.000
  120      1082.6       458.6    0.4377   0.68   0.30    -1.6000  lv0(-1.6)          2.1s
  121      1255.5       451.7    0.4386   0.68   0.30    -1.6000  lv0(-1.6)          2.2s
  122      1348.9       561.1    0.4396   0.69   0.30    -1.6000  lv0(-1.6)          2.6s
  123      1275.9       415.3    0.4405   0.69   0.31    -1.6000  lv0(-1.6)          2.2s
  124      1484.8       576.8    0.4411   0.70   0.31    -1.6000  lv0(-1.6)          2.4s
  [plot] Saved fitness curve → experiments/thesis/adaptive_progression/seed_04/fitness_curve.png
  125      1512.6       370.6    0.4415   0.70   0.31    -1.6000  lv0(-1.6)          2.1s
  126      1080.0       407.4    0.4419   0.70   0.32    -1.6000  lv0(-1.6)          2.5s
  127      1608.5       466.8    0.4423   0.71   0.32    -1.6000  lv0(-1.6)          2.3s
  128      1702.1       495.3    0.4427   0.71   0.32    -1.6000  lv0(-1.6)          2.3s
  129      1199.4       585.6    0.4430   0.72   0.32    -1.6000  lv0(-1.6)          2.5s
  [probe] gen=130 score=187.9 net=1.628 fell=1.000 [new best earth]
  130      1383.3       580.0    0.4433   0.72   0.33    -1.6000  lv0(-1.6)          2.5s
  131      1458.9       401.6    0.4436   0.72   0.33    -1.6000  lv0(-1.6)          2.2s
  132      1064.0       320.7    0.4439   0.73   0.33    -1.6000  lv0(-1.6)          2.1s
  133      1061.6       349.3    0.4444   0.73   0.33    -1.6000  lv0(-1.6)          2.1s
  134      1106.8       403.6    0.4448   0.74   0.34    -1.6000  lv0(-1.6)          2.1s
  135      1110.2       446.7    0.4452   0.74   0.34    -1.6000  lv0(-1.6)          2.2s
  136      1234.2       392.0    0.4456   0.74   0.34    -1.6000  lv0(-1.6)          2.1s
  137      1198.2       457.3    0.4461   0.75   0.34    -1.6000  lv0(-1.6)          2.3s
  138      1375.0       558.4    0.4465   0.75   0.34    -1.6000  lv0(-1.6)          2.3s
  139      1427.2       577.1    0.4468   0.76   0.35    -1.6000  lv0(-1.6)          2.5s
  [probe] gen=140 score=189.3 net=1.595 fell=1.000 [new best earth]
  140      1362.9       532.9    0.4469   0.76   0.35    -1.6000  lv0(-1.6)          2.3s
  141      1311.2       528.6    0.4468   0.76   0.35    -1.6000  lv0(-1.6)          2.4s
  142      1439.9       480.3    0.4468   0.77   0.35    -1.6000  lv0(-1.6)          2.2s
  143      1246.4       555.4    0.4466   0.77   0.36    -1.6000  lv0(-1.6)          2.3s
  144      1355.8       561.7    0.4464   0.78   0.36    -1.6000  lv0(-1.6)          2.3s
  145      1428.3       509.4    0.4463   0.78   0.36    -1.6000  lv0(-1.6)          2.3s
  146      1311.0       560.7    0.4462   0.78   0.36    -1.6000  lv0(-1.6)          2.4s
  147      1480.2       610.0    0.4460   0.79   0.37    -1.6000  lv0(-1.6)          2.5s
  148      1158.1       529.9    0.4460   0.79   0.37    -1.6000  lv0(-1.6)          2.2s
  149      1467.2       493.1    0.4460   0.80   0.37    -1.6000  lv0(-1.6)          2.2s
  [probe] gen=150 score=145.9 net=1.445 fell=1.000
  [plot] Saved fitness curve → experiments/thesis/adaptive_progression/seed_04/fitness_curve.png
  150      1149.4       618.0    0.4460   0.80   0.38    -1.6000  lv0(-1.6)          2.6s
  151      1252.5       548.3    0.4460   0.80   0.38    -1.6000  lv0(-1.6)          2.1s
  152      1174.1       515.4    0.4462   0.81   0.38    -1.6000  lv0(-1.6)          2.3s
  153      1465.2       610.1    0.4465   0.81   0.38    -1.6000  lv0(-1.6)          2.5s
  154      1103.3       482.2    0.4467   0.82   0.39    -1.6000  lv0(-1.6)          2.2s
  155      1184.4       499.6    0.4468   0.82   0.39    -1.6000  lv0(-1.6)          2.4s
  156      1565.7       686.3    0.4469   0.82   0.39    -1.6000  lv0(-1.6)          2.6s
  157      1229.2       523.7    0.4470   0.83   0.39    -1.6000  lv0(-1.6)          2.4s
  [stage] gen=158  gravity -1.60 → -3.00  ES restarted  remaining=341
  158      1232.3       450.7    0.5000   0.83   0.40    -1.6000  lv0(-1.6)          2.2s
  159      1058.1       258.3    0.4904   0.84   0.40    -3.0000  lv1(-3.0)          1.6s
  [probe] gen=160 score=215.8 net=1.711 fell=1.000 [new best earth]
  160       984.5       285.8    0.4821   0.84   0.40    -3.0000  lv1(-3.0)          1.6s
  161      1244.1       275.7    0.4746   0.84   0.40    -3.0000  lv1(-3.0)          1.7s
  162      1156.7       168.4    0.4678   0.85   0.41    -3.0000  lv1(-3.0)          1.6s
  163       729.0       246.6    0.4615   0.85   0.41    -3.0000  lv1(-3.0)          1.5s
  164      1501.0       331.5    0.4558   0.86   0.41    -3.0000  lv1(-3.0)          1.9s
  165      1266.1       363.2    0.4507   0.86   0.41    -3.0000  lv1(-3.0)          1.6s
  166      1415.1       495.1    0.4461   0.86   0.41    -3.0000  lv1(-3.0)          2.0s
  167      1187.4       402.3    0.4419   0.87   0.42    -3.0000  lv1(-3.0)          1.7s
  168      1586.5       486.2    0.4380   0.87   0.42    -3.0000  lv1(-3.0)          1.9s
  169      1309.3       453.0    0.4343   0.88   0.42    -3.0000  lv1(-3.0)          2.0s
  [probe] gen=170 score=196.6 net=1.643 fell=1.000
  170      1246.2       375.7    0.4306   0.88   0.42    -3.0000  lv1(-3.0)          1.9s
  171      1346.0       461.9    0.4273   0.88   0.43    -3.0000  lv1(-3.0)          2.0s
  172      1593.2       516.8    0.4243   0.89   0.43    -3.0000  lv1(-3.0)          2.2s
  173      1372.9       561.2    0.4213   0.89   0.43    -3.0000  lv1(-3.0)          2.0s
  174      1713.4       433.9    0.4187   0.90   0.43    -3.0000  lv1(-3.0)          2.0s
  [plot] Saved fitness curve → experiments/thesis/adaptive_progression/seed_04/fitness_curve.png
  175      1394.2       467.2    0.4164   0.90   0.44    -3.0000  lv1(-3.0)          2.0s
  176      1454.5       479.6    0.4141   0.90   0.44    -3.0000  lv1(-3.0)          2.0s
  177      1467.6       479.4    0.4120   0.91   0.44    -3.0000  lv1(-3.0)          2.0s
  178      1317.6       534.0    0.4102   0.91   0.45    -3.0000  lv1(-3.0)          2.0s
  179      1578.2       607.7    0.4086   0.92   0.45    -3.0000  lv1(-3.0)          2.0s
  [probe] gen=180 score=147.3 net=1.327 fell=1.000
  180      1261.9       439.9    0.4072   0.92   0.45    -3.0000  lv1(-3.0)          2.0s
  181      1365.8       548.0    0.4058   0.92   0.45    -3.0000  lv1(-3.0)          2.0s
  182      1416.4       582.9    0.4046   0.93   0.46    -3.0000  lv1(-3.0)          2.1s
  183      1527.8       552.1    0.4033   0.93   0.46    -3.0000  lv1(-3.0)          1.9s
  184      1440.6       561.7    0.4020   0.94   0.46    -3.0000  lv1(-3.0)          2.1s
  185      1693.6       567.1    0.4008   0.94   0.46    -3.0000  lv1(-3.0)          1.9s
  186      1317.4       545.1    0.3998   0.94   0.47    -3.0000  lv1(-3.0)          2.0s
  187      1553.6       597.1    0.3989   0.95   0.47    -3.0000  lv1(-3.0)          2.2s
  188      1443.3       656.7    0.3981   0.95   0.47    -3.0000  lv1(-3.0)          2.2s
  189      1628.1       667.0    0.3975   0.96   0.47    -3.0000  lv1(-3.0)          2.5s
  [probe] gen=190 score=197.3 net=1.651 fell=1.000
  190      1485.2       677.5    0.3971   0.96   0.47    -3.0000  lv1(-3.0)          2.4s
  191      1635.5       675.7    0.3967   0.96   0.48    -3.0000  lv1(-3.0)          2.4s
  192      1682.2       716.0    0.3963   0.97   0.48    -3.0000  lv1(-3.0)          2.3s
  193      1371.4       557.3    0.3958   0.97   0.48    -3.0000  lv1(-3.0)          2.2s
  194      1755.3       766.3    0.3952   0.98   0.48    -3.0000  lv1(-3.0)          2.5s
  195      1736.8       539.1    0.3947   0.98   0.49    -3.0000  lv1(-3.0)          2.2s
  196      1857.9       612.2    0.3943   0.98   0.49    -3.0000  lv1(-3.0)          2.3s
  197      1666.7       681.8    0.3938   0.99   0.49    -3.0000  lv1(-3.0)          2.3s
  198      1161.6       581.1    0.3936   0.99   0.49    -3.0000  lv1(-3.0)          2.2s
  199      1669.0       717.9    0.3933   1.00   0.50    -3.0000  lv1(-3.0)          2.3s
  [probe] gen=200 score=-92.1 net=0.288 fell=1.000
  [plot] Saved fitness curve → experiments/thesis/adaptive_progression/seed_04/fitness_curve.png
  200      1414.9       672.4    0.3931   1.00   0.50    -3.0000  lv1(-3.0)          2.2s
  201      1377.0       690.4    0.3927   1.00   0.50    -3.0000  lv1(-3.0)          2.2s
  202      1526.1       624.1    0.3922   1.00   0.50    -3.0000  lv1(-3.0)          2.2s
  203      1814.5       701.7    0.3917   1.00   0.50    -3.0000  lv1(-3.0)          2.3s
  204      1897.8       693.0    0.3913   1.00   0.50    -3.0000  lv1(-3.0)          2.4s
  205      1605.6       624.2    0.3910   1.00   0.50    -3.0000  lv1(-3.0)          2.2s
  206      1420.1       627.8    0.3907   1.00   0.50    -3.0000  lv1(-3.0)          2.2s
  207      1718.1       816.7    0.3904   1.00   0.50    -3.0000  lv1(-3.0)          2.4s
  208      1605.1       814.9    0.3901   1.00   0.50    -3.0000  lv1(-3.0)          2.5s
  209      1582.2       777.4    0.3898   1.00   0.50    -3.0000  lv1(-3.0)          2.2s
  [probe] gen=210 score=187.5 net=1.613 fell=1.000
  210      1375.8       623.0    0.3894   1.00   0.50    -3.0000  lv1(-3.0)          2.2s
  211      1481.6       720.6    0.3892   1.00   0.50    -3.0000  lv1(-3.0)          2.2s
  212      1456.9       692.7    0.3890   1.00   0.50    -3.0000  lv1(-3.0)          2.2s
  213      1589.7       804.2    0.3889   1.00   0.50    -3.0000  lv1(-3.0)          2.5s
  214      1700.1       797.7    0.3888   1.00   0.50    -3.0000  lv1(-3.0)          2.5s
  215      1907.3       749.8    0.3887   1.00   0.50    -3.0000  lv1(-3.0)          2.5s
  216      1585.5       689.5    0.3886   1.00   0.50    -3.0000  lv1(-3.0)          2.3s
  217      1928.3       808.8    0.3888   1.00   0.50    -3.0000  lv1(-3.0)          2.5s
  218      1687.7       707.2    0.3890   1.00   0.50    -3.0000  lv1(-3.0)          2.3s
  219      1721.7       672.7    0.3891   1.00   0.50    -3.0000  lv1(-3.0)          2.4s
  [probe] gen=220 score=147.4 net=1.417 fell=1.000
  220      1607.5       839.2    0.3891   1.00   0.50    -3.0000  lv1(-3.0)          2.6s
  221      1774.7       727.5    0.3892   1.00   0.50    -3.0000  lv1(-3.0)          2.3s
  222      1604.4       722.6    0.3894   1.00   0.50    -3.0000  lv1(-3.0)          2.2s
  223      1821.4       768.4    0.3894   1.00   0.50    -3.0000  lv1(-3.0)          2.4s
  224      1663.3       736.1    0.3895   1.00   0.50    -3.0000  lv1(-3.0)          2.3s
  [plot] Saved fitness curve → experiments/thesis/adaptive_progression/seed_04/fitness_curve.png
  225      1738.7       778.8    0.3895   1.00   0.50    -3.0000  lv1(-3.0)          2.6s
  226      1932.2       709.6    0.3896   1.00   0.50    -3.0000  lv1(-3.0)          2.3s
  227      1676.1       866.9    0.3897   1.00   0.50    -3.0000  lv1(-3.0)          2.5s
  228      1619.4       855.6    0.3898   1.00   0.50    -3.0000  lv1(-3.0)          2.5s
  229      1744.1       710.6    0.3899   1.00   0.50    -3.0000  lv1(-3.0)          2.1s
  [probe] gen=230 score=198.2 net=1.685 fell=1.000
  230      1729.6       875.9    0.3899   1.00   0.50    -3.0000  lv1(-3.0)          2.5s
  231      1825.0       868.4    0.3900   1.00   0.50    -3.0000  lv1(-3.0)          2.5s
  232      2007.4       802.4    0.3900   1.00   0.50    -3.0000  lv1(-3.0)          2.4s
  233      1905.7       969.8    0.3901   1.00   0.50    -3.0000  lv1(-3.0)          2.7s
  234      1550.5       805.7    0.3899   1.00   0.50    -3.0000  lv1(-3.0)          2.3s
  235      1745.5       841.4    0.3896   1.00   0.50    -3.0000  lv1(-3.0)          2.4s
  236      1723.6       884.3    0.3894   1.00   0.50    -3.0000  lv1(-3.0)          2.5s
  237      1944.8       816.7    0.3891   1.00   0.50    -3.0000  lv1(-3.0)          2.3s
  238      1919.4       906.2    0.3888   1.00   0.50    -3.0000  lv1(-3.0)          2.5s
  239      2084.0       975.9    0.3885   1.00   0.50    -3.0000  lv1(-3.0)          2.6s
  [probe] gen=240 score=122.9 net=1.410 fell=1.000
  240      1851.2       969.9    0.3881   1.00   0.50    -3.0000  lv1(-3.0)          2.7s
  241      1918.0      1094.2    0.3877   1.00   0.50    -3.0000  lv1(-3.0)          2.7s
  242      1827.9      1079.7    0.3874   1.00   0.50    -3.0000  lv1(-3.0)          2.7s
  243      1779.8       897.8    0.3871   1.00   0.50    -3.0000  lv1(-3.0)          2.4s
  244      1719.9       890.0    0.3866   1.00   0.50    -3.0000  lv1(-3.0)          2.7s
  245      1851.1      1007.4    0.3861   1.00   0.50    -3.0000  lv1(-3.0)          2.6s
  246      1656.2       892.3    0.3856   1.00   0.50    -3.0000  lv1(-3.0)          2.4s
  247      1773.4       729.7    0.3852   1.00   0.50    -3.0000  lv1(-3.0)          2.3s
  248      1718.3       950.8    0.3847   1.00   0.50    -3.0000  lv1(-3.0)          2.7s
  249      1566.1       785.2    0.3843   1.00   0.50    -3.0000  lv1(-3.0)          2.5s
  [probe] gen=250 score=115.7 net=1.257 fell=1.000
  [plot] Saved fitness curve → experiments/thesis/adaptive_progression/seed_04/fitness_curve.png
  250      1734.6       865.8    0.3839   1.00   0.50    -3.0000  lv1(-3.0)          2.6s
  251      1680.0       800.0    0.3835   1.00   0.50    -3.0000  lv1(-3.0)          2.6s
  252      1765.8       955.9    0.3830   1.00   0.50    -3.0000  lv1(-3.0)          2.7s
  253      1773.9       950.0    0.3826   1.00   0.50    -3.0000  lv1(-3.0)          2.6s
  254      1655.4       813.5    0.3820   1.00   0.50    -3.0000  lv1(-3.0)          2.4s
  255      1818.3       799.5    0.3816   1.00   0.50    -3.0000  lv1(-3.0)          2.4s
  256      1896.0       778.2    0.3813   1.00   0.50    -3.0000  lv1(-3.0)          2.3s
  257      1642.4       698.1    0.3809   1.00   0.50    -3.0000  lv1(-3.0)          2.7s
  258      1643.6       711.8    0.3806   1.00   0.50    -3.0000  lv1(-3.0)          2.6s
  259      1881.4       850.8    0.3803   1.00   0.50    -3.0000  lv1(-3.0)          2.3s
  [probe] gen=260 score=192.3 net=1.643 fell=1.000
  260      1774.3       887.6    0.3799   1.00   0.50    -3.0000  lv1(-3.0)          2.7s
  261      1895.3       954.0    0.3796   1.00   0.50    -3.0000  lv1(-3.0)          2.5s
  262      1713.7       815.2    0.3791   1.00   0.50    -3.0000  lv1(-3.0)          2.3s
  263      1944.2       866.7    0.3786   1.00   0.50    -3.0000  lv1(-3.0)          2.4s
  264      2006.6       943.5    0.3780   1.00   0.50    -3.0000  lv1(-3.0)          2.5s
  265      2081.8       946.6    0.3774   1.00   0.50    -3.0000  lv1(-3.0)          2.8s
  266      1893.5      1093.2    0.3767   1.00   0.50    -3.0000  lv1(-3.0)          2.8s
  267      2163.8       954.1    0.3762   1.00   0.50    -3.0000  lv1(-3.0)          2.8s
  268      2012.3      1044.5    0.3756   1.00   0.50    -3.0000  lv1(-3.0)          2.8s
  269      2200.3       870.6    0.3751   1.00   0.50    -3.0000  lv1(-3.0)          2.5s
  [probe] gen=270 score=160.4 net=1.561 fell=1.000
  270      2079.2      1029.4    0.3746   1.00   0.50    -3.0000  lv1(-3.0)          2.7s
  271      1999.5       902.0    0.3738   1.00   0.50    -3.0000  lv1(-3.0)          2.6s
  272      2026.8      1010.1    0.3731   1.00   0.50    -3.0000  lv1(-3.0)          2.7s
  273      2270.6      1204.7    0.3724   1.00   0.50    -3.0000  lv1(-3.0)          2.9s
  274      2171.1      1109.8    0.3719   1.00   0.50    -3.0000  lv1(-3.0)          2.9s
  [plot] Saved fitness curve → experiments/thesis/adaptive_progression/seed_04/fitness_curve.png
  275      2047.3       976.0    0.3713   1.00   0.50    -3.0000  lv1(-3.0)          2.4s
  276      2146.3      1195.0    0.3707   1.00   0.50    -3.0000  lv1(-3.0)          2.8s
  277      2257.3       921.6    0.3702   1.00   0.50    -3.0000  lv1(-3.0)          2.6s
  278      1936.2       998.3    0.3698   1.00   0.50    -3.0000  lv1(-3.0)          2.6s
  279      2050.0      1210.8    0.3695   1.00   0.50    -3.0000  lv1(-3.0)          2.9s
  [probe] gen=280 score=99.7 net=1.308 fell=1.000
  280      1925.3      1081.9    0.3693   1.00   0.50    -3.0000  lv1(-3.0)          2.7s
  281      2230.8       952.7    0.3690   1.00   0.50    -3.0000  lv1(-3.0)          2.3s
  282      1930.7      1037.4    0.3687   1.00   0.50    -3.0000  lv1(-3.0)          2.5s
  283      2043.3      1024.5    0.3683   1.00   0.50    -3.0000  lv1(-3.0)          2.5s
  284      2212.5      1184.9    0.3678   1.00   0.50    -3.0000  lv1(-3.0)          2.7s
  285      1977.6      1086.8    0.3675   1.00   0.50    -3.0000  lv1(-3.0)          2.6s
  286      2320.6      1052.5    0.3673   1.00   0.50    -3.0000  lv1(-3.0)          2.5s
  287      2077.5      1204.5    0.3673   1.00   0.50    -3.0000  lv1(-3.0)          2.8s
  288      2100.9      1201.7    0.3673   1.00   0.50    -3.0000  lv1(-3.0)          2.7s
  289      2001.9      1185.1    0.3670   1.00   0.50    -3.0000  lv1(-3.0)          2.8s
  [probe] gen=290 score=101.4 net=1.316 fell=1.000
  290      2063.3      1104.4    0.3668   1.00   0.50    -3.0000  lv1(-3.0)          2.6s
  291      2096.4      1082.3    0.3667   1.00   0.50    -3.0000  lv1(-3.0)          2.6s
  292      1972.1      1225.6    0.3665   1.00   0.50    -3.0000  lv1(-3.0)          2.8s
  293      2092.0      1098.2    0.3664   1.00   0.50    -3.0000  lv1(-3.0)          2.7s
  294      1952.7      1109.6    0.3663   1.00   0.50    -3.0000  lv1(-3.0)          2.6s
  295      2067.0      1211.9    0.3662   1.00   0.50    -3.0000  lv1(-3.0)          2.8s
  296      2216.5      1038.2    0.3661   1.00   0.50    -3.0000  lv1(-3.0)          2.4s
  297      2188.3      1014.1    0.3657   1.00   0.50    -3.0000  lv1(-3.0)          2.7s
  298      1980.9      1066.2    0.3653   1.00   0.50    -3.0000  lv1(-3.0)          2.7s
  299      1914.4      1279.7    0.3651   1.00   0.50    -3.0000  lv1(-3.0)          3.0s
  [probe] gen=300 score=118.3 net=1.383 fell=1.000
  [plot] Saved fitness curve → experiments/thesis/adaptive_progression/seed_04/fitness_curve.png
  300      2219.0      1265.5    0.3649   1.00   0.50    -3.0000  lv1(-3.0)          2.9s
  301      2115.5      1295.7    0.3648   1.00   0.50    -3.0000  lv1(-3.0)          2.8s
  302      2088.0      1287.6    0.3646   1.00   0.50    -3.0000  lv1(-3.0)          2.8s
  303      2065.1      1054.3    0.3644   1.00   0.50    -3.0000  lv1(-3.0)          2.4s
  304      2187.3       869.0    0.3642   1.00   0.50    -3.0000  lv1(-3.0)          2.3s
  305      1980.3      1058.5    0.3640   1.00   0.50    -3.0000  lv1(-3.0)          2.7s
  306      2118.1      1061.0    0.3637   1.00   0.50    -3.0000  lv1(-3.0)          2.5s
  307      2196.5      1064.5    0.3635   1.00   0.50    -3.0000  lv1(-3.0)          2.8s
  308      2051.1      1130.3    0.3633   1.00   0.50    -3.0000  lv1(-3.0)          2.6s
  309      1985.2      1219.3    0.3631   1.00   0.50    -3.0000  lv1(-3.0)          2.8s
  [probe] gen=310 score=88.6 net=1.280 fell=1.000
  310      2177.8      1281.7    0.3630   1.00   0.50    -3.0000  lv1(-3.0)          3.0s
  311      2090.8      1072.9    0.3629   1.00   0.50    -3.0000  lv1(-3.0)          2.5s
  312      2058.6      1278.0    0.3627   1.00   0.50    -3.0000  lv1(-3.0)          2.8s
  313      2168.5      1185.6    0.3625   1.00   0.50    -3.0000  lv1(-3.0)          2.8s
  314      1978.0      1121.1    0.3622   1.00   0.50    -3.0000  lv1(-3.0)          2.7s
  315      2136.3      1310.6    0.3619   1.00   0.50    -3.0000  lv1(-3.0)          3.0s
  [stage] gen=316  gravity -3.00 → -5.00  ES restarted  remaining=183
  316      2055.9      1128.4    0.5000   1.00   0.50    -3.0000  lv1(-3.0)          2.8s
  317      1990.0       288.5    0.4904   1.00   0.50    -5.0000  lv2(-5.0)          1.2s
  318      1700.6       490.0    0.4819   1.00   0.50    -5.0000  lv2(-5.0)          1.7s
  319      1542.8       598.0    0.4742   1.00   0.50    -5.0000  lv2(-5.0)          1.7s
  [probe] gen=320 score=116.8 net=1.338 fell=1.000
  320      2085.2       752.3    0.4673   1.00   0.50    -5.0000  lv2(-5.0)          2.2s
  321      1578.9       682.1    0.4610   1.00   0.50    -5.0000  lv2(-5.0)          1.8s
  322      1902.0       659.8    0.4554   1.00   0.50    -5.0000  lv2(-5.0)          2.1s
  323      1701.2       657.4    0.4501   1.00   0.50    -5.0000  lv2(-5.0)          2.2s
  324      1760.4       810.3    0.4452   1.00   0.50    -5.0000  lv2(-5.0)          2.4s
  [plot] Saved fitness curve → experiments/thesis/adaptive_progression/seed_04/fitness_curve.png
  325      1858.9       734.6    0.4408   1.00   0.50    -5.0000  lv2(-5.0)          2.2s
  326      1758.5       704.4    0.4368   1.00   0.50    -5.0000  lv2(-5.0)          2.4s
  327      1607.8       724.4    0.4332   1.00   0.50    -5.0000  lv2(-5.0)          2.1s
  328      1758.1       889.9    0.4297   1.00   0.50    -5.0000  lv2(-5.0)          2.5s
  329      1959.6       766.3    0.4263   1.00   0.50    -5.0000  lv2(-5.0)          2.3s
  [probe] gen=330 score=189.9 net=1.601 fell=1.000
  330      1779.9      1002.0    0.4232   1.00   0.50    -5.0000  lv2(-5.0)          2.7s
  331      1856.2       909.2    0.4202   1.00   0.50    -5.0000  lv2(-5.0)          2.6s
  332      1758.6       958.8    0.4175   1.00   0.50    -5.0000  lv2(-5.0)          2.5s
  333      1719.6       961.1    0.4148   1.00   0.50    -5.0000  lv2(-5.0)          2.6s
  334      1811.0       873.8    0.4122   1.00   0.50    -5.0000  lv2(-5.0)          2.5s
  335      1902.4       809.2    0.4099   1.00   0.50    -5.0000  lv2(-5.0)          2.4s
  336      1778.0       909.3    0.4079   1.00   0.50    -5.0000  lv2(-5.0)          2.6s
  337      1828.3       694.3    0.4059   1.00   0.50    -5.0000  lv2(-5.0)          2.2s
  338      1916.8       959.5    0.4041   1.00   0.50    -5.0000  lv2(-5.0)          2.7s
  339      1888.7       875.3    0.4022   1.00   0.50    -5.0000  lv2(-5.0)          2.4s
  [probe] gen=340 score=167.9 net=1.554 fell=1.000
  340      1912.1       928.7    0.4005   1.00   0.50    -5.0000  lv2(-5.0)          2.7s
  341      1923.6       895.3    0.3989   1.00   0.50    -5.0000  lv2(-5.0)          2.6s
  342      1722.6       854.9    0.3973   1.00   0.50    -5.0000  lv2(-5.0)          2.4s
  343      1967.5       990.5    0.3960   1.00   0.50    -5.0000  lv2(-5.0)          2.6s
  344      1912.0      1050.0    0.3949   1.00   0.50    -5.0000  lv2(-5.0)          2.8s
  345      1952.9      1102.3    0.3938   1.00   0.50    -5.0000  lv2(-5.0)          2.9s
  346      1985.7      1202.5    0.3925   1.00   0.50    -5.0000  lv2(-5.0)          2.8s
  [stage] gen=347  gravity -5.00 → -7.00  ES restarted  remaining=152
  347      1981.9      1041.9    0.5000   1.00   0.50    -5.0000  lv2(-5.0)          2.5s
  348      1026.6       201.1    0.4904   1.00   0.50    -7.0000  lv3(-7.0)          1.0s
  349       514.2       211.8    0.4822   1.00   0.50    -7.0000  lv3(-7.0)          1.0s
  [probe] gen=350 score=226.5 net=1.765 fell=1.000 [new best earth]
  [plot] Saved fitness curve → experiments/thesis/adaptive_progression/seed_04/fitness_curve.png
  350      1331.3       308.0    0.4749   1.00   0.50    -7.0000  lv3(-7.0)          1.3s
  351       974.1       288.0    0.4683   1.00   0.50    -7.0000  lv3(-7.0)          1.3s
  352      1223.2       386.1    0.4624   1.00   0.50    -7.0000  lv3(-7.0)          1.3s
  353      1588.2       398.0    0.4571   1.00   0.50    -7.0000  lv3(-7.0)          1.7s
  354      1714.1       441.1    0.4522   1.00   0.50    -7.0000  lv3(-7.0)          1.8s
  355      1528.6       439.8    0.4478   1.00   0.50    -7.0000  lv3(-7.0)          1.9s
  356      1592.3       383.8    0.4439   1.00   0.50    -7.0000  lv3(-7.0)          1.8s
  357      1222.5       477.6    0.4402   1.00   0.50    -7.0000  lv3(-7.0)          2.1s
  358      1431.1       392.6    0.4370   1.00   0.50    -7.0000  lv3(-7.0)          1.6s
  359      1121.8       346.7    0.4339   1.00   0.50    -7.0000  lv3(-7.0)          1.5s
  [probe] gen=360 score=229.2 net=1.741 fell=1.000 [new best earth]
  360      1504.3       521.5    0.4308   1.00   0.50    -7.0000  lv3(-7.0)          1.9s
  361      1353.0       567.3    0.4279   1.00   0.50    -7.0000  lv3(-7.0)          2.0s
  362      1389.3       611.9    0.4250   1.00   0.50    -7.0000  lv3(-7.0)          2.2s
  363      1236.5       583.5    0.4222   1.00   0.50    -7.0000  lv3(-7.0)          2.1s
  364      1221.7       550.1    0.4199   1.00   0.50    -7.0000  lv3(-7.0)          1.9s
  365      1356.6       552.1    0.4178   1.00   0.50    -7.0000  lv3(-7.0)          2.2s
  366      1395.1       607.7    0.4156   1.00   0.50    -7.0000  lv3(-7.0)          2.2s
  367      1681.4       518.9    0.4135   1.00   0.50    -7.0000  lv3(-7.0)          1.8s
  368      1196.6       392.6    0.4115   1.00   0.50    -7.0000  lv3(-7.0)          1.8s
  369      1716.5       510.2    0.4096   1.00   0.50    -7.0000  lv3(-7.0)          2.2s
  [probe] gen=370 score=420.9 net=2.664 fell=1.000 [new best earth]
  370      1526.1       580.1    0.4078   1.00   0.50    -7.0000  lv3(-7.0)          2.0s
  371      1527.9       546.1    0.4062   1.00   0.50    -7.0000  lv3(-7.0)          2.0s
  372      1466.6       545.6    0.4047   1.00   0.50    -7.0000  lv3(-7.0)          2.2s
  373      1705.4       527.1    0.4032   1.00   0.50    -7.0000  lv3(-7.0)          1.8s
  374      1227.4       399.3    0.4017   1.00   0.50    -7.0000  lv3(-7.0)          1.6s
  [plot] Saved fitness curve → experiments/thesis/adaptive_progression/seed_04/fitness_curve.png
  375      1793.8       660.5    0.4004   1.00   0.50    -7.0000  lv3(-7.0)          2.2s
  376      1386.8       436.0    0.3990   1.00   0.50    -7.0000  lv3(-7.0)          1.7s
  377      1705.9       549.7    0.3976   1.00   0.50    -7.0000  lv3(-7.0)          1.9s
  [stage] gen=378  gravity -7.00 → -9.81  ES restarted  remaining=121
  378      1860.2       589.7    0.5000   1.00   0.50    -7.0000  lv3(-7.0)          1.9s
  379       215.0       101.1    0.4904   1.00   0.50    -9.8100  lv4(-9.8)          0.7s
  [probe] gen=380 score=186.0 net=1.543 fell=1.000
  380       278.4       123.3    0.4822   1.00   0.50    -9.8100  lv4(-9.8)          0.8s
  381       345.1       150.6    0.4751   1.00   0.50    -9.8100  lv4(-9.8)          0.9s
  382       282.2       169.4    0.4685   1.00   0.50    -9.8100  lv4(-9.8)          0.9s
  383       354.0       193.5    0.4626   1.00   0.50    -9.8100  lv4(-9.8)          0.9s
  384       366.9       122.2    0.4572   1.00   0.50    -9.8100  lv4(-9.8)          0.9s
  385       399.2       144.8    0.4521   1.00   0.50    -9.8100  lv4(-9.8)          1.0s
  386       412.1       124.9    0.4473   1.00   0.50    -9.8100  lv4(-9.8)          1.0s
  387      1004.9       170.9    0.4429   1.00   0.50    -9.8100  lv4(-9.8)          1.1s
  388       450.8       162.3    0.4389   1.00   0.50    -9.8100  lv4(-9.8)          1.0s
  389       805.2       136.3    0.4351   1.00   0.50    -9.8100  lv4(-9.8)          1.0s
  [probe] gen=390 score=465.7 net=2.782 fell=1.000 [new best earth]
  390       466.4       178.7    0.4316   1.00   0.50    -9.8100  lv4(-9.8)          1.0s
  391       514.0       216.5    0.4283   1.00   0.50    -9.8100  lv4(-9.8)          1.2s
  392       749.8       208.9    0.4254   1.00   0.50    -9.8100  lv4(-9.8)          1.1s
  393       833.2       241.8    0.4226   1.00   0.50    -9.8100  lv4(-9.8)          1.1s
  394       790.1       210.7    0.4199   1.00   0.50    -9.8100  lv4(-9.8)          1.1s
  395       785.3       228.8    0.4174   1.00   0.50    -9.8100  lv4(-9.8)          1.3s
  396       714.9       299.5    0.4152   1.00   0.50    -9.8100  lv4(-9.8)          1.5s
  397       698.5       303.6    0.4132   1.00   0.50    -9.8100  lv4(-9.8)          1.4s
  398       776.0       261.0    0.4113   1.00   0.50    -9.8100  lv4(-9.8)          1.5s
  399       677.4       215.5    0.4095   1.00   0.50    -9.8100  lv4(-9.8)          1.5s
  [probe] gen=400 score=622.2 net=3.189 fell=0.900 [new best earth]
  [plot] Saved fitness curve → experiments/thesis/adaptive_progression/seed_04/fitness_curve.png
  400      1109.9       201.4    0.4078   1.00   0.50    -9.8100  lv4(-9.8)          1.9s
  401       979.2       385.5    0.4064   1.00   0.50    -9.8100  lv4(-9.8)          1.8s
  402       675.1       339.1    0.4049   1.00   0.50    -9.8100  lv4(-9.8)          1.6s
  403       831.6       385.9    0.4035   1.00   0.50    -9.8100  lv4(-9.8)          1.7s
  404       736.4       363.5    0.4023   1.00   0.50    -9.8100  lv4(-9.8)          1.6s
  405      1234.9       356.1    0.4013   1.00   0.50    -9.8100  lv4(-9.8)          1.9s
  406      1034.0       337.6    0.4002   1.00   0.50    -9.8100  lv4(-9.8)          2.0s
  407       913.9       423.9    0.3994   1.00   0.50    -9.8100  lv4(-9.8)          1.9s
  408       917.6       399.2    0.3985   1.00   0.50    -9.8100  lv4(-9.8)          1.8s
  409       895.4       374.6    0.3976   1.00   0.50    -9.8100  lv4(-9.8)          2.2s
  [probe] gen=410 score=163.7 net=1.290 fell=0.800
  410      1060.9       390.5    0.3967   1.00   0.50    -9.8100  lv4(-9.8)          1.8s
  411       823.7       379.8    0.3958   1.00   0.50    -9.8100  lv4(-9.8)          1.7s
  412       875.8       366.7    0.3950   1.00   0.50    -9.8100  lv4(-9.8)          1.8s
  413       937.3       366.2    0.3943   1.00   0.50    -9.8100  lv4(-9.8)          1.7s
  414       790.6       410.9    0.3936   1.00   0.50    -9.8100  lv4(-9.8)          1.7s
  415      1091.5       431.9    0.3930   1.00   0.50    -9.8100  lv4(-9.8)          1.7s
  416      1062.9       375.6    0.3923   1.00   0.50    -9.8100  lv4(-9.8)          1.8s
  417       905.0       383.7    0.3915   1.00   0.50    -9.8100  lv4(-9.8)          1.8s
  418      1160.3       481.4    0.3907   1.00   0.50    -9.8100  lv4(-9.8)          1.8s
  419      1114.9       420.1    0.3899   1.00   0.50    -9.8100  lv4(-9.8)          2.1s
  [probe] gen=420 score=648.6 net=3.460 fell=1.000 [new best earth]
  420       896.8       451.7    0.3889   1.00   0.50    -9.8100  lv4(-9.8)          1.9s
  421      1323.2       531.4    0.3881   1.00   0.50    -9.8100  lv4(-9.8)          2.2s
  422      1236.1       416.0    0.3874   1.00   0.50    -9.8100  lv4(-9.8)          1.6s
  423      1297.9       353.8    0.3868   1.00   0.50    -9.8100  lv4(-9.8)          1.8s
  424      1093.4       383.2    0.3863   1.00   0.50    -9.8100  lv4(-9.8)          1.9s
  [plot] Saved fitness curve → experiments/thesis/adaptive_progression/seed_04/fitness_curve.png
  425      1102.0       484.9    0.3858   1.00   0.50    -9.8100  lv4(-9.8)          2.0s
  426       961.6       395.4    0.3853   1.00   0.50    -9.8100  lv4(-9.8)          1.9s
  427      1051.6       472.8    0.3848   1.00   0.50    -9.8100  lv4(-9.8)          1.9s
  428      1323.8       426.8    0.3844   1.00   0.50    -9.8100  lv4(-9.8)          2.0s
  429      1222.7       467.3    0.3842   1.00   0.50    -9.8100  lv4(-9.8)          1.9s
  [probe] gen=430 score=799.3 net=4.171 fell=1.000 [new best earth]
  430      1143.8       497.7    0.3839   1.00   0.50    -9.8100  lv4(-9.8)          2.0s
  431      1090.3       412.4    0.3836   1.00   0.50    -9.8100  lv4(-9.8)          1.7s
  432      1264.0       519.4    0.3832   1.00   0.50    -9.8100  lv4(-9.8)          1.8s
  433      1035.7       449.7    0.3828   1.00   0.50    -9.8100  lv4(-9.8)          1.7s
  434      1213.2       439.6    0.3822   1.00   0.50    -9.8100  lv4(-9.8)          1.9s
  435      1245.5       495.6    0.3818   1.00   0.50    -9.8100  lv4(-9.8)          1.9s
  436       991.3       434.9    0.3814   1.00   0.50    -9.8100  lv4(-9.8)          2.2s
  437      1382.3       443.6    0.3809   1.00   0.50    -9.8100  lv4(-9.8)          2.0s
  438      1101.7       474.8    0.3807   1.00   0.50    -9.8100  lv4(-9.8)          1.9s
  439       968.6       371.1    0.3802   1.00   0.50    -9.8100  lv4(-9.8)          1.5s
  [probe] gen=440 score=1076.4 net=5.314 fell=0.500 [new best earth]
  440      1080.0       558.3    0.3796   1.00   0.50    -9.8100  lv4(-9.8)          1.8s
  441      1129.9       501.9    0.3795   1.00   0.50    -9.8100  lv4(-9.8)          1.8s
  442      1260.8       538.4    0.3795   1.00   0.50    -9.8100  lv4(-9.8)          1.6s
  443      1405.3       400.7    0.3796   1.00   0.50    -9.8100  lv4(-9.8)          1.8s
  444      1130.5       548.4    0.3795   1.00   0.50    -9.8100  lv4(-9.8)          1.9s
  445      1154.2       531.8    0.3796   1.00   0.50    -9.8100  lv4(-9.8)          2.1s
  446      1409.1       527.8    0.3799   1.00   0.50    -9.8100  lv4(-9.8)          2.2s
  447      1209.6       564.6    0.3802   1.00   0.50    -9.8100  lv4(-9.8)          2.0s
  448      1608.4       641.0    0.3806   1.00   0.50    -9.8100  lv4(-9.8)          2.0s
  449      1248.0       677.8    0.3809   1.00   0.50    -9.8100  lv4(-9.8)          2.0s
  [probe] gen=450 score=1146.7 net=5.467 fell=0.400 [new best earth]
  [plot] Saved fitness curve → experiments/thesis/adaptive_progression/seed_04/fitness_curve.png
  450      1153.7       550.0    0.3812   1.00   0.50    -9.8100  lv4(-9.8)          1.9s
  451      1288.1       556.3    0.3816   1.00   0.50    -9.8100  lv4(-9.8)          1.9s
  452      1547.0       521.1    0.3820   1.00   0.50    -9.8100  lv4(-9.8)          1.7s
  453      1518.9       687.5    0.3822   1.00   0.50    -9.8100  lv4(-9.8)          2.0s
  454      1438.9       557.5    0.3824   1.00   0.50    -9.8100  lv4(-9.8)          2.0s
  455      1365.5       568.4    0.3825   1.00   0.50    -9.8100  lv4(-9.8)          1.7s
  456      1386.5       574.0    0.3827   1.00   0.50    -9.8100  lv4(-9.8)          2.3s
  457      1537.6       542.6    0.3829   1.00   0.50    -9.8100  lv4(-9.8)          2.3s
  458      1274.1       585.4    0.3832   1.00   0.50    -9.8100  lv4(-9.8)          2.0s
  459      1471.9       698.5    0.3837   1.00   0.50    -9.8100  lv4(-9.8)          2.2s
  [probe] gen=460 score=1328.6 net=6.633 fell=0.700 [new best earth]
  460      1566.0       635.5    0.3842   1.00   0.50    -9.8100  lv4(-9.8)          2.3s
  461      1238.8       589.7    0.3846   1.00   0.50    -9.8100  lv4(-9.8)          1.8s
  462      1547.6       589.5    0.3851   1.00   0.50    -9.8100  lv4(-9.8)          2.2s
  463      1418.2       499.8    0.3856   1.00   0.50    -9.8100  lv4(-9.8)          1.8s
  464      1000.7       438.3    0.3863   1.00   0.50    -9.8100  lv4(-9.8)          1.7s
  465      1223.7       452.1    0.3868   1.00   0.50    -9.8100  lv4(-9.8)          2.0s
  466      1195.6       580.6    0.3874   1.00   0.50    -9.8100  lv4(-9.8)          2.2s
  467      1522.0       513.3    0.3880   1.00   0.50    -9.8100  lv4(-9.8)          2.0s
  468      1253.1       513.5    0.3884   1.00   0.50    -9.8100  lv4(-9.8)          1.8s
  469      1608.7       531.5    0.3890   1.00   0.50    -9.8100  lv4(-9.8)          2.1s
  [probe] gen=470 score=842.9 net=4.200 fell=0.700
  470      1328.4       550.7    0.3896   1.00   0.50    -9.8100  lv4(-9.8)          1.9s
  471      1252.8       612.0    0.3902   1.00   0.50    -9.8100  lv4(-9.8)          2.5s
  472      1331.1       563.6    0.3906   1.00   0.50    -9.8100  lv4(-9.8)          2.2s
  473      1629.0       563.2    0.3910   1.00   0.50    -9.8100  lv4(-9.8)          2.4s
  474      1220.9       581.1    0.3914   1.00   0.50    -9.8100  lv4(-9.8)          2.6s
  [plot] Saved fitness curve → experiments/thesis/adaptive_progression/seed_04/fitness_curve.png
  475      1299.7       598.3    0.3918   1.00   0.50    -9.8100  lv4(-9.8)          2.3s
  476      1464.8       531.0    0.3924   1.00   0.50    -9.8100  lv4(-9.8)          2.3s
  477      1272.0       607.8    0.3928   1.00   0.50    -9.8100  lv4(-9.8)          2.4s
  478      1314.7       515.1    0.3932   1.00   0.50    -9.8100  lv4(-9.8)          2.0s
  479      1247.0       528.1    0.3936   1.00   0.50    -9.8100  lv4(-9.8)          2.0s
  [probe] gen=480 score=1044.2 net=5.147 fell=0.600
  480      1253.3       586.4    0.3940   1.00   0.50    -9.8100  lv4(-9.8)          2.2s
  481      1330.3       581.6    0.3943   1.00   0.50    -9.8100  lv4(-9.8)          2.1s
  482      1334.0       563.3    0.3947   1.00   0.50    -9.8100  lv4(-9.8)          2.3s
  483      1232.4       579.7    0.3948   1.00   0.50    -9.8100  lv4(-9.8)          2.3s
  484      1343.1       606.1    0.3950   1.00   0.50    -9.8100  lv4(-9.8)          2.9s
  485      1318.3       571.9    0.3951   1.00   0.50    -9.8100  lv4(-9.8)          2.5s
  486      1289.1       574.3    0.3952   1.00   0.50    -9.8100  lv4(-9.8)          2.3s
  487      1253.5       721.1    0.3952   1.00   0.50    -9.8100  lv4(-9.8)          2.6s
  488      1355.5       708.1    0.3951   1.00   0.50    -9.8100  lv4(-9.8)          2.4s
  489      1633.7       578.0    0.3951   1.00   0.50    -9.8100  lv4(-9.8)          2.2s
  [probe] gen=490 score=1057.7 net=5.100 fell=0.500
  490      1283.4       651.6    0.3951   1.00   0.50    -9.8100  lv4(-9.8)          2.3s
  491      1773.5       892.1    0.3950   1.00   0.50    -9.8100  lv4(-9.8)          2.8s
  492      1228.4       701.6    0.3950   1.00   0.50    -9.8100  lv4(-9.8)          2.3s
  493      1608.5       734.1    0.3949   1.00   0.50    -9.8100  lv4(-9.8)          2.5s
  494      1362.8       631.1    0.3947   1.00   0.50    -9.8100  lv4(-9.8)          2.3s
  495      1720.6       673.0    0.3944   1.00   0.50    -9.8100  lv4(-9.8)          2.5s
  496      1479.4       764.8    0.3943   1.00   0.50    -9.8100  lv4(-9.8)          2.5s
  497      1335.1       703.1    0.3941   1.00   0.50    -9.8100  lv4(-9.8)          2.3s
  498      1046.9       631.0    0.3940   1.00   0.50    -9.8100  lv4(-9.8)          1.9s
  499      1394.5       663.2    0.3937   1.00   0.50    -9.8100  lv4(-9.8)          2.1s
  [plot] Saved fitness curve → experiments/thesis/adaptive_progression/seed_04/fitness_curve.png

Training complete. Best fitness: 2320.6
Best params → experiments/thesis/adaptive_progression/seed_04/checkpoints/best_params.npy
Fitness curve → experiments/thesis/adaptive_progression/seed_04/fitness_curve.png
Eval params  → best_earth_params (earth probe score: 1328.6)
Final Earth scorecard | score=1407.2 net=6.828 fell=0.250
Gravity sweep | gravities=5 mean_net=2.714 worst_net=0.752
  [exp] Wrote experiments/thesis/adaptive_progression/seed_04/experiment.json
  [exp] Wrote experiments/thesis/adaptive_progression/seed_04/training_log.csv
  [exp] Wrote experiments/thesis/adaptive_progression/seed_04/earth_probe.csv
  [exp] Wrote experiments/thesis/adaptive_progression/seed_04/gravity_sweep.csv
  [exp] Wrote experiments/thesis/adaptive_progression/seed_04/summary.json
