Walker2d-v5 | policy=CPG  params=504
Curriculum   : RandomUniform  gravity U[-12.0, -6.0]  seed=1
Run context | seed=1 arm=random_variable_gravity run_id=random_variable_gravity_seed_01


Starting CMA-ES | pop=40 | sigma0=0.5 | max_gen=500 | workers=8 | seed=1
Checkpoints → experiments/thesis/random_variable_gravity/seed_01/checkpoints/

  Gen        Best        Mean     Sigma    Gravity  Phase              Time
------------------------------------------------------------------------
  [probe] gen=0 score=-317.9 net=-0.084 fell=1.000
  [plot] Saved fitness curve → experiments/thesis/random_variable_gravity/seed_01/fitness_curve.png
    0      -315.8      -401.0    0.4905    -8.9291  random             1.5s
    1      -325.3      -386.1    0.4822   -11.8788  random             0.1s
    2      -271.5      -364.2    0.4748    -8.0607  random             0.1s
    3      -178.2      -371.3    0.4683    -7.4809  random             0.2s
    4      -304.3      -369.0    0.4623    -6.8284  random             0.1s
    5      -300.0      -353.6    0.4568    -6.8870  random             0.2s
    6      -287.6      -345.7    0.4518    -8.6809  random             0.2s
    7      -272.9      -329.3    0.4473   -10.8729  random             0.2s
    8      -270.3      -337.8    0.4431    -9.0952  random             0.2s
    9      -271.5      -332.8    0.4392    -9.5245  random             0.2s
  [probe] gen=10 score=-237.6 net=0.086 fell=1.000
   10      -260.5      -322.9    0.4357    -6.1407  random             0.2s
   11        32.0      -300.3    0.4326   -11.8432  random             0.3s
   12      -165.0      -308.3    0.4296    -7.7423  random             0.3s
   13       -25.7      -279.3    0.4269    -8.0301  random             0.3s
   14        29.2      -267.1    0.4243    -6.6241  random             0.4s
   15        10.6      -280.6    0.4220    -6.5551  random             0.4s
   16        48.2      -252.5    0.4198    -9.4255  random             0.4s
   17        30.4      -255.8    0.4176    -9.0927  random             0.4s
   18        30.6      -147.8    0.4157   -10.8517  random             0.5s
   19        73.2      -234.5    0.4139    -7.8717  random             0.5s
  [probe] gen=20 score=31.4 net=0.983 fell=1.000
   20        44.4      -201.9    0.4121    -6.1872  random             0.6s
   21       150.4      -152.8    0.4102    -6.5584  random             0.6s
   22       182.1       -80.4    0.4083    -9.4702  random             0.7s
   23       159.7       -69.8    0.4066   -10.4822  random             0.6s
   24        48.6       -71.0    0.4050   -11.5669  random             0.6s
  [plot] Saved fitness curve → experiments/thesis/random_variable_gravity/seed_01/fitness_curve.png
   25       146.2       -98.8    0.4036    -7.8088  random             0.8s
   26       101.6       -72.7    0.4022    -9.5420  random             0.8s
   27        99.3       -43.1    0.4007   -11.7140  random             0.6s
   28       118.6       -81.0    0.3993    -8.1688  random             0.8s
   29       198.7       -48.0    0.3979    -8.5607  random             0.8s
  [probe] gen=30 score=8.0 net=1.001 fell=1.000
   30       125.4      -106.1    0.3965    -7.9746  random             1.0s
   31       209.8       -63.5    0.3953    -7.3531  random             1.0s
   32       154.3       -26.3    0.3942    -8.4858  random             0.9s
   33       164.8       -44.8    0.3931    -8.7061  random             0.8s
   34       157.3       -69.3    0.3920    -9.1236  random             0.8s
   35       100.9       -46.9    0.3911    -9.9412  random             0.8s
   36       174.0       -51.1    0.3905   -10.2258  random             0.9s
   37       124.9       -79.7    0.3899    -9.1702  random             0.9s
   38       147.7      -101.2    0.3894    -7.7611  random             1.0s
   39       166.6       -96.6    0.3890    -8.2081  random             0.9s
  [probe] gen=40 score=-165.1 net=-0.373 fell=0.700
   40       382.2       -10.8    0.3885    -6.1643  random             1.2s
   41       154.2         9.3    0.3880    -9.4957  random             0.8s
   42       180.6       -66.8    0.3873    -8.5670  random             0.9s
   43       196.6        11.9    0.3867    -8.6573  random             0.9s
   44       202.1       -59.0    0.3860    -9.5114  random             0.9s
   45       228.4       -33.5    0.3853    -7.6287  random             1.1s
   46       190.5       -25.9    0.3846    -9.6511  random             0.9s
   47       234.4       -28.7    0.3839   -11.4899  random             0.8s
   48       221.5         3.3    0.3833    -7.6703  random             1.3s
   49       322.0       -21.6    0.3827   -10.0851  random             1.0s
  [probe] gen=50 score=102.6 net=0.366 fell=0.200
  [plot] Saved fitness curve → experiments/thesis/random_variable_gravity/seed_01/fitness_curve.png
   50       383.6        36.2    0.3822    -8.2313  random             1.3s
   51       276.9       -60.9    0.3819    -8.5733  random             1.1s
   52       293.5        44.7    0.3816    -9.4066  random             1.1s
   53       276.9        62.9    0.3813    -8.0956  random             1.2s
   54       259.5        72.4    0.3810   -10.1536  random             1.1s
   55       336.9        32.4    0.3806    -7.8805  random             1.5s
   56       325.6        -6.1    0.3804    -6.0166  random             1.6s
   57       274.6       -83.1    0.3799   -10.4107  random             1.4s
   58       330.9         8.7    0.3794    -7.2029  random             1.9s
   59       303.6        16.5    0.3790    -7.1293  random             1.5s
  [probe] gen=60 score=191.0 net=1.348 fell=1.000
   60       220.0        45.0    0.3784   -10.6851  random             1.5s
   61       284.1        58.2    0.3781    -9.4044  random             1.3s
   62       268.8         2.9    0.3778   -10.7800  random             1.4s
   63       314.4        21.6    0.3774    -8.9150  random             1.4s
   64       402.7       -88.7    0.3770    -6.8242  random             1.5s
   65       319.7       -24.5    0.3766   -11.2017  random             1.3s
   66       297.3       -65.4    0.3763   -10.1381  random             1.3s
   67       349.6        31.7    0.3760    -8.1180  random             1.6s
   68       276.8        40.0    0.3758   -10.0579  random             1.9s
   69       395.4        46.2    0.3755    -6.1999  random             1.6s
  [probe] gen=70 score=329.9 net=1.473 fell=1.000
   70       331.9         5.5    0.3751    -6.4453  random             1.7s
   71       335.0        80.2    0.3749    -8.4582  random             1.8s
   72       345.4        56.7    0.3745    -7.8995  random             1.6s
   73       282.2        46.8    0.3742   -11.6273  random             1.6s
   74       366.1        56.8    0.3739    -7.2822  random             2.0s
  [plot] Saved fitness curve → experiments/thesis/random_variable_gravity/seed_01/fitness_curve.png
   75       303.2        28.3    0.3737    -6.5620  random             2.0s
   76       314.6       101.1    0.3735    -6.2692  random             2.3s
   77       298.8         7.9    0.3732    -7.3815  random             2.0s
   78       369.2        49.7    0.3730    -9.9377  random             1.9s
   79       345.6        56.6    0.3727    -6.8080  random             1.8s
  [probe] gen=80 score=-39.4 net=0.022 fell=1.000
   80       380.6        53.3    0.3725    -8.1046  random             2.2s
   81       355.5        15.6    0.3723   -11.4565  random             2.0s
   82       358.6       -22.3    0.3718   -10.3569  random             1.8s
   83       335.7        40.6    0.3714    -8.6863  random             1.7s
   84       241.3       -10.7    0.3707   -11.8566  random             1.4s
   85       354.7        18.1    0.3702    -8.9078  random             1.9s
   86       367.2        41.7    0.3696    -6.6982  random             2.3s
   87       367.5        20.9    0.3691    -8.8945  random             2.0s
   88       330.1        51.3    0.3687    -9.4424  random             2.1s
   89       393.7       113.6    0.3683   -10.5750  random             1.9s
  [probe] gen=90 score=127.1 net=0.340 fell=0.000
   90       371.1        12.7    0.3681   -11.1124  random             2.0s
   91       238.2       -18.5    0.3678   -11.9618  random             1.6s
   92       462.3        30.1    0.3674    -7.5649  random             2.0s
   93       338.8       -13.1    0.3669    -6.2885  random             1.7s
   94       320.6        53.9    0.3663   -10.4252  random             1.3s
   95       313.5        44.1    0.3659   -11.2146  random             1.6s
   96       356.4       -81.8    0.3654    -6.6628  random             1.7s
   97       331.5        66.1    0.3650   -10.8908  random             1.6s
   98       330.3       -79.6    0.3647   -10.0540  random             1.6s
   99       324.1        37.3    0.3645    -9.8392  random             1.8s
  [probe] gen=100 score=-436.3 net=-0.985 fell=1.000
  [plot] Saved fitness curve → experiments/thesis/random_variable_gravity/seed_01/fitness_curve.png
  100       336.1         3.6    0.3644   -10.3868  random             1.5s
  101       327.0        39.0    0.3643    -7.1245  random             1.9s
  102       329.0       -37.4    0.3643    -9.9092  random             1.7s
  103       371.2       132.0    0.3642   -10.5686  random             1.5s
  104       356.3        -0.3    0.3641   -11.4829  random             1.7s
  105       302.2         7.4    0.3638    -9.3384  random             2.0s
  106       361.5        74.9    0.3635   -11.4120  random             1.9s
  107       305.8       -59.8    0.3633    -9.6708  random             1.8s
  108       304.3        70.5    0.3631   -11.5933  random             1.6s
  109       293.4        64.8    0.3628   -11.6598  random             1.8s
  [probe] gen=110 score=173.2 net=0.564 fell=0.000
  110       377.0        74.8    0.3625   -10.4471  random             2.2s
  111       362.8        88.2    0.3621   -10.6573  random             1.9s
  112       337.9       105.4    0.3617   -10.7100  random             2.0s
  113       369.2         0.9    0.3614    -6.6592  random             2.4s
  114       386.2        93.3    0.3611    -6.7885  random             2.3s
  115       334.3       116.3    0.3608    -8.2631  random             2.1s
  116       339.0        71.6    0.3606   -10.1073  random             1.9s
  117       312.0        80.3    0.3606   -11.8224  random             2.4s
  118       312.1        79.0    0.3606    -9.1199  random             2.3s
  119       336.9        90.4    0.3607    -9.6266  random             2.4s
  [probe] gen=120 score=35.2 net=0.439 fell=1.000
  120       378.4        61.6    0.3607    -7.5501  random             2.3s
  121       311.0        51.0    0.3607    -9.2029  random             2.1s
  122       340.9        85.4    0.3609   -11.3260  random             1.9s
  123       359.1       183.0    0.3609    -9.0087  random             2.3s
  124       289.0        67.2    0.3609   -10.5857  random             2.3s
  [plot] Saved fitness curve → experiments/thesis/random_variable_gravity/seed_01/fitness_curve.png
  125       253.2        73.5    0.3608   -11.8317  random             2.0s
  126       380.3       187.5    0.3608    -9.2488  random             2.4s
  127       358.9       137.9    0.3609    -7.2446  random             2.5s
  128       316.4        81.7    0.3609   -10.9202  random             2.0s
  129       370.5       181.1    0.3611    -7.6747  random             2.3s
  [probe] gen=130 score=264.5 net=1.258 fell=1.000
  130       302.3       152.9    0.3613   -10.1136  random             2.4s
  131       349.9       121.0    0.3616    -7.3622  random             2.2s
  132       349.6       109.4    0.3620    -8.6587  random             2.4s
  133       361.0        93.8    0.3622    -7.2408  random             2.3s
  134       274.1       -33.3    0.3625    -9.7772  random             1.7s
  135       357.6       160.7    0.3627    -8.6362  random             2.3s
  136       373.7       120.3    0.3632    -8.2784  random             2.2s
  137       375.1       105.9    0.3637    -6.9564  random             2.8s
  138       318.5        97.7    0.3643    -9.9800  random             1.9s
  139       422.6         1.0    0.3650    -7.4113  random             1.8s
  [probe] gen=140 score=119.0 net=0.815 fell=1.000
  140       352.8        -0.9    0.3658   -10.0074  random             1.7s
  141       265.0       -10.5    0.3666   -11.8522  random             1.8s
  142       364.9       -36.3    0.3672   -10.7841  random             1.7s
  143       350.3        78.0    0.3677    -8.3748  random             2.0s
  144       303.1         4.4    0.3682   -11.0977  random             1.7s
  145       399.2        87.4    0.3688    -7.2778  random             2.4s
  146       322.3        38.5    0.3693   -11.4772  random             1.8s
  147       410.2        76.9    0.3697    -8.4554  random             1.8s
  148       300.7        24.1    0.3702    -8.4344  random             1.9s
  149       362.2        80.5    0.3707    -9.6722  random             2.0s
  [probe] gen=150 score=151.4 net=1.414 fell=1.000
  [plot] Saved fitness curve → experiments/thesis/random_variable_gravity/seed_01/fitness_curve.png
  150       275.4        89.8    0.3712    -7.1571  random             1.9s
  151       302.0       115.7    0.3716    -7.9654  random             1.7s
  152       353.0       182.0    0.3720    -7.6213  random             2.0s
  153       489.1       130.0    0.3722    -6.5258  random             2.2s
  154       546.4        96.0    0.3722    -6.1068  random             2.5s
  155       369.9        94.2    0.3724   -10.1574  random             2.1s
  156       338.3        76.4    0.3724   -10.5848  random             2.0s
  157       369.4       102.6    0.3726   -10.5152  random             2.0s
  158       359.2       134.2    0.3727    -7.8311  random             2.5s
  159       383.7        99.1    0.3730   -10.7021  random             2.0s
  [probe] gen=160 score=61.4 net=0.603 fell=1.000
  160       386.7       169.3    0.3733    -7.3170  random             2.8s
  161       432.9       128.4    0.3735    -8.4160  random             2.2s
  162       414.3        31.3    0.3736    -8.3767  random             2.0s
  163       371.8       160.6    0.3738    -8.2092  random             2.3s
  164       398.9       113.7    0.3740    -8.1029  random             2.3s
  165       397.1       137.0    0.3741    -9.0163  random             2.2s
  166       518.8       226.1    0.3742    -6.9911  random             2.6s
  167       394.3        89.4    0.3741    -6.6301  random             2.5s
  168       412.1       165.5    0.3740   -10.0706  random             2.4s
  169       311.2        38.2    0.3738   -10.6448  random             1.8s
  [probe] gen=170 score=286.6 net=1.616 fell=1.000
  170       495.6       135.7    0.3737    -6.2405  random             2.4s
  171       333.5       132.3    0.3734   -11.3091  random             1.9s
  172       423.2       160.2    0.3732    -7.9752  random             2.3s
  173       399.8        42.9    0.3729    -9.5539  random             1.8s
  174       525.7       162.3    0.3727    -6.4111  random             2.4s
  [plot] Saved fitness curve → experiments/thesis/random_variable_gravity/seed_01/fitness_curve.png
  175       542.4       110.2    0.3725    -7.3327  random             2.0s
  176       507.7       170.9    0.3723    -7.7209  random             2.1s
  177       440.2        96.5    0.3721    -7.2852  random             1.9s
  178       359.5       190.9    0.3718   -10.2501  random             1.8s
  179       432.5       121.4    0.3716   -10.1143  random             2.1s
  [probe] gen=180 score=322.1 net=1.951 fell=1.000
  180       425.2        79.9    0.3713    -8.1508  random             2.2s
  181       473.2        49.6    0.3711    -6.4114  random             2.3s
  182       439.7       126.3    0.3710    -9.9383  random             1.9s
  183       360.2        -7.7    0.3707   -11.7079  random             1.8s
  184       398.8       112.0    0.3706    -8.0363  random             2.5s
  185       312.7       -58.7    0.3703    -9.7844  random             2.2s
  186       458.5        24.7    0.3701    -7.8322  random             2.0s
  187       404.3       122.0    0.3699    -9.1892  random             2.0s
  188       373.2       129.3    0.3697    -9.3221  random             2.2s
  189       508.8       119.2    0.3698    -7.5907  random             2.5s
  [probe] gen=190 score=308.4 net=1.666 fell=1.000
  190       530.8       219.7    0.3697    -7.0179  random             2.3s
  191       491.4       141.2    0.3698    -9.9760  random             1.8s
  192       426.3        46.0    0.3699    -9.8261  random             1.7s
  193       399.0       102.6    0.3698   -10.4499  random             1.8s
  194       414.8       141.2    0.3697    -8.0186  random             2.2s
  195       438.6       109.1    0.3697    -7.6959  random             2.5s
  196       460.3       181.9    0.3694    -7.7090  random             2.3s
  197       625.3       250.3    0.3692    -6.1588  random             2.7s
  198       584.5       190.3    0.3690    -7.1349  random             2.3s
  199       455.6       175.7    0.3690    -8.2505  random             2.4s
  [probe] gen=200 score=462.2 net=2.143 fell=0.800
  [plot] Saved fitness curve → experiments/thesis/random_variable_gravity/seed_01/fitness_curve.png
  200       432.1       138.2    0.3689    -9.5125  random             2.1s
  201       394.6       152.8    0.3689   -11.5003  random             1.6s
  202       634.0       154.9    0.3688    -6.6688  random             2.5s
  203       469.4       188.9    0.3687    -9.7422  random             1.7s
  204       542.2       171.1    0.3683    -7.7251  random             2.3s
  205       550.6       207.5    0.3681   -10.1242  random             1.8s
  206       593.2       251.9    0.3677    -6.9273  random             2.6s
  207       645.2       161.1    0.3674   -10.4196  random             1.7s
  208       506.1       240.2    0.3672    -8.8512  random             2.0s
  209       425.0       138.0    0.3670   -11.0518  random             1.4s
  [probe] gen=210 score=387.4 net=1.681 fell=0.400
  210       469.0       125.8    0.3668    -9.7102  random             1.7s
  211       639.0       189.2    0.3667   -11.9847  random             1.5s
  212       648.2       107.2    0.3668    -6.3138  random             2.1s
  213       631.1       197.8    0.3668    -8.8301  random             1.9s
  214       551.3       127.8    0.3668    -8.7191  random             1.8s
  215       653.4       164.6    0.3668    -9.2175  random             1.5s
  216       664.2       156.9    0.3669    -9.8769  random             1.6s
  217       456.6       135.5    0.3670   -11.9297  random             1.2s
  218       834.2       102.3    0.3671    -6.2583  random             2.1s
  219       844.5       314.2    0.3672    -6.1826  random             2.1s
  [probe] gen=220 score=586.0 net=2.665 fell=0.600
  220       541.0       256.0    0.3673   -11.0052  random             1.3s
  221       818.3       318.6    0.3676   -10.0415  random             1.5s
  222      1089.4       368.3    0.3679    -6.9389  random             2.5s
  223       865.2       339.2    0.3682    -8.7353  random             1.9s
  224      1118.5       416.2    0.3685    -9.1991  random             1.9s
  [plot] Saved fitness curve → experiments/thesis/random_variable_gravity/seed_01/fitness_curve.png
  225       949.2       434.0    0.3688    -8.4014  random             2.4s
  226       902.0       360.3    0.3689   -10.3308  random             1.7s
  227      1137.1       388.9    0.3690    -9.7631  random             2.0s
  228      1090.5       269.8    0.3693    -7.8733  random             2.1s
  229       860.8       287.6    0.3695    -8.5992  random             2.0s
  [probe] gen=230 score=648.0 net=2.934 fell=0.400
  230       870.0       348.9    0.3697   -11.6842  random             1.6s
  231      1156.6       350.6    0.3699    -9.8090  random             2.3s
  232      1038.2       306.3    0.3700    -6.8312  random             2.3s
  233      1120.1       360.1    0.3701    -6.9924  random             2.3s
  234      1013.5       435.5    0.3703    -6.0742  random             2.6s
  235       758.6       245.0    0.3706   -11.0483  random             1.3s
  236       700.4       322.8    0.3709    -9.4145  random             1.7s
  237       890.9       274.9    0.3711    -6.4127  random             2.1s
  238      1228.4       247.7    0.3714   -11.8570  random             1.4s
  239       935.1       400.6    0.3716    -8.8485  random             2.4s
  [probe] gen=240 score=845.4 net=4.050 fell=0.700
  240       895.0       448.7    0.3719    -9.3591  random             2.3s
  241       888.2       232.0    0.3723   -10.0728  random             1.6s
  242       952.5       289.4    0.3726    -8.3011  random             2.2s
  243       853.2       208.5    0.3727   -11.2406  random             1.7s
  244      1054.0       333.3    0.3726    -9.0354  random             1.7s
  245       863.1       254.6    0.3726    -6.0353  random             2.1s
  246       954.0       383.1    0.3727    -8.1316  random             1.9s
  247       992.5       290.8    0.3728    -8.8537  random             2.1s
  248       993.1       439.3    0.3728    -7.7744  random             2.3s
  249      1119.4       282.4    0.3729   -10.7507  random             1.6s
  [probe] gen=250 score=519.0 net=2.707 fell=0.900
  [plot] Saved fitness curve → experiments/thesis/random_variable_gravity/seed_01/fitness_curve.png
  250      1071.1       311.0    0.3731    -8.9457  random             1.6s
  251       837.0       255.0    0.3732   -10.1749  random             1.5s
  252       787.2       260.4    0.3734   -10.7928  random             1.5s
  253      1198.6       305.3    0.3733    -6.4966  random             2.5s
  254      1153.4       383.7    0.3733    -8.5521  random             1.8s
  255       904.1       340.7    0.3734   -10.1911  random             1.9s
  256       887.3       342.8    0.3734    -8.8209  random             2.2s
  257       826.9       366.6    0.3736    -8.5323  random             2.3s
  258      1035.7       393.6    0.3739    -9.2731  random             2.1s
  259       984.7       280.9    0.3742   -10.9913  random             1.6s
  [probe] gen=260 score=840.2 net=3.942 fell=0.500
  260      1002.0       290.3    0.3745   -10.6084  random             1.9s
  261      1079.7       331.9    0.3747    -9.3939  random             2.2s
  262       883.6       164.4    0.3750   -10.8452  random             1.5s
  263       782.4       157.8    0.3753   -11.7251  random             1.4s
  264       879.5       226.1    0.3756   -11.3579  random             1.5s
  265       958.7       317.1    0.3757   -10.7482  random             2.0s
  266       837.8       370.0    0.3760    -8.8203  random             2.1s
  267      1071.8       486.2    0.3764    -8.6178  random             2.7s
  268      1073.5       357.4    0.3768   -10.7882  random             2.0s
  269       841.2       312.3    0.3772   -11.5578  random             1.6s
  [probe] gen=270 score=870.1 net=4.369 fell=0.800
  270       916.1       295.3    0.3776    -6.7375  random             2.7s
  271       968.1       360.0    0.3782    -7.0123  random             2.4s
  272      1306.7       404.6    0.3787   -10.2497  random             1.7s
  273      1072.0       445.8    0.3792    -7.6326  random             2.5s
  274      1232.0       362.8    0.3797    -9.2424  random             1.9s
  [plot] Saved fitness curve → experiments/thesis/random_variable_gravity/seed_01/fitness_curve.png
  275       867.3       331.7    0.3801    -8.5011  random             2.2s
  276      1057.1       321.8    0.3803   -10.8226  random             1.8s
  277      1083.3       363.5    0.3804    -7.7795  random             2.8s
  278      1073.9       279.6    0.3803   -11.6123  random             1.6s
  279       801.3       278.2    0.3802   -11.6102  random             1.7s
  [probe] gen=280 score=796.8 net=3.846 fell=0.700
  280       902.8       231.2    0.3801   -10.0285  random             2.1s
  281      1005.6       315.6    0.3800    -6.9052  random             2.6s
  282      1095.5       374.9    0.3798   -10.2473  random             1.5s
  283      1063.5       326.4    0.3796   -11.0891  random             1.7s
  284      1182.9       303.1    0.3794   -10.4925  random             2.0s
  285      1067.1       352.0    0.3790    -9.2734  random             2.2s
  286      1025.7       393.1    0.3788    -9.8753  random             1.8s
  287       922.6       457.8    0.3783    -7.8273  random             2.4s
  288       806.3       318.6    0.3778    -9.3138  random             1.9s
  289      1011.2       472.4    0.3775    -6.3989  random             2.7s
  [probe] gen=290 score=645.7 net=3.483 fell=1.000
  290      1087.5       471.6    0.3772    -6.2844  random             2.2s
  291       892.7       378.0    0.3770    -8.3989  random             1.6s
  292       691.5       253.1    0.3768   -10.7728  random             1.5s
  293       926.0       348.2    0.3767    -9.8532  random             2.2s
  294      1016.4       462.5    0.3766    -7.0511  random             3.1s
  295      1188.2       576.5    0.3764    -7.7646  random             2.6s
  296       980.4       476.4    0.3761    -8.2551  random             2.7s
  297       949.0       337.0    0.3761   -11.8475  random             1.6s
  298       956.4       345.9    0.3760    -6.9847  random             2.6s
  299      1035.1       485.4    0.3758    -7.4160  random             2.4s
  [probe] gen=300 score=926.0 net=4.977 fell=0.700
  [plot] Saved fitness curve → experiments/thesis/random_variable_gravity/seed_01/fitness_curve.png
  300      1247.9       420.5    0.3755    -9.0296  random             2.2s
  301      1161.4       525.6    0.3752    -6.4192  random             2.5s
  302      1265.1       549.5    0.3750    -6.8711  random             2.5s
  303      1211.1       552.4    0.3749    -6.2199  random             2.8s
  304       789.2       341.9    0.3746   -11.7346  random             1.4s
  305       929.4       371.4    0.3744   -11.5942  random             2.1s
  306       985.0       428.4    0.3740   -11.3353  random             2.2s
  307      1165.3       470.2    0.3738    -6.4695  random             2.9s
  308       822.0       358.8    0.3736    -8.5732  random             1.8s
  309       797.4       342.4    0.3735   -10.3497  random             1.9s
  [probe] gen=310 score=842.4 net=3.755 fell=0.300
  310       843.0       407.9    0.3732   -10.2179  random             2.0s
  311       977.4       529.8    0.3729    -8.4420  random             2.6s
  312      1037.1       617.5    0.3725    -6.9032  random             2.7s
  313       823.8       408.8    0.3721    -9.3992  random             1.9s
  314       888.4       441.9    0.3717    -7.3529  random             2.5s
  315       976.8       593.9    0.3711    -8.1129  random             2.5s
  316      1016.3       551.9    0.3708    -9.2009  random             2.4s
  317      1099.4       435.8    0.3705   -11.0609  random             1.7s
  318      1024.1       419.7    0.3701   -11.0384  random             2.0s
  319      1008.9       474.7    0.3698    -7.7594  random             3.3s
  [probe] gen=320 score=780.8 net=3.777 fell=0.500
  320      1411.9       429.3    0.3695   -11.5592  random             2.0s
  321       886.3       500.3    0.3691    -9.4871  random             2.7s
  322      1076.4       458.5    0.3688    -8.5909  random             2.8s
  323      1046.4       454.6    0.3685   -10.4268  random             2.1s
  324      1192.4       352.1    0.3681    -6.3439  random             2.9s
  [plot] Saved fitness curve → experiments/thesis/random_variable_gravity/seed_01/fitness_curve.png
  325      1015.3       473.7    0.3679    -9.6731  random             2.4s
  326      1049.6       369.8    0.3676   -11.9845  random             2.0s
  327      1081.4       503.5    0.3674    -9.4869  random             2.6s
  328      1221.2       445.2    0.3672    -8.7122  random             2.2s
  329      1238.3       517.9    0.3669    -9.9039  random             2.3s
  [probe] gen=330 score=850.9 net=3.631 fell=0.200
  330      1063.3       438.3    0.3667    -9.1128  random             2.4s
  331      1071.1       432.8    0.3666   -11.4159  random             2.0s
  332      1150.8       325.6    0.3664    -6.3071  random             2.6s
  333      1050.5       372.2    0.3663   -10.5852  random             1.9s
  334       983.5       434.1    0.3661   -11.0896  random             1.9s
  335      1264.7       555.4    0.3660    -8.9987  random             2.9s
  336      1098.2       502.8    0.3659   -10.2536  random             2.5s
  337      1085.1       463.7    0.3659    -8.1883  random             2.7s
  338      1086.8       495.9    0.3656   -11.1393  random             2.0s
  339      1105.6       397.3    0.3653   -11.7266  random             2.3s
  [probe] gen=340 score=1025.2 net=5.085 fell=0.700
  340       967.0       386.1    0.3648    -7.6733  random             2.8s
  341      1144.8       416.7    0.3644   -10.1625  random             2.1s
  342      1156.6       622.9    0.3640    -8.8299  random             2.6s
  343      1216.7       458.0    0.3635   -11.0582  random             1.8s
  344      1206.8       576.1    0.3630    -6.7242  random             2.7s
  345      1244.9       480.7    0.3625   -11.1238  random             1.7s
  346      1179.1       461.1    0.3620   -11.7774  random             1.8s
  347      1314.3       544.2    0.3616    -7.2895  random             2.8s
  348      1273.9       474.9    0.3611   -11.6388  random             1.9s
  349      1283.6       486.7    0.3609    -8.6391  random             2.6s
  [probe] gen=350 score=979.4 net=5.409 fell=0.700
  [plot] Saved fitness curve → experiments/thesis/random_variable_gravity/seed_01/fitness_curve.png
  350      1137.9       491.0    0.3606    -7.3522  random             2.4s
  351      1326.2       616.3    0.3604    -7.9630  random             2.3s
  352      1193.8       466.3    0.3601    -9.8989  random             1.7s
  353      1342.3       599.6    0.3597   -10.5858  random             2.0s
  354      1564.5       567.0    0.3592   -10.5886  random             2.3s
  355      1201.1       596.5    0.3589    -6.0942  random             3.0s
  356      1033.8       432.8    0.3585   -10.1628  random             1.6s
  357      1239.0       509.6    0.3583    -6.1039  random             2.7s
  358      1247.5       596.5    0.3581    -7.3435  random             2.3s
  359      1075.6       360.6    0.3579    -9.7802  random             1.6s
  [probe] gen=360 score=371.2 net=2.415 fell=1.000
  360      1237.2       640.1    0.3576    -6.1421  random             2.7s
  361      1154.4       615.4    0.3573    -8.2995  random             2.4s
  362      1359.4       365.5    0.3570   -11.3670  random             1.4s
  363       976.4       415.2    0.3567   -11.3634  random             1.8s
  364      1299.1       644.4    0.3565    -6.3118  random             3.2s
  365       926.9       407.4    0.3564   -10.9356  random             1.9s
  366      1323.2       448.7    0.3561    -8.4357  random             2.4s
  367      1119.9       617.1    0.3557    -8.7871  random             2.5s
  368      1290.2       667.2    0.3553    -9.0727  random             2.5s
  369      1247.1       472.2    0.3547   -11.4417  random             1.8s
  [probe] gen=370 score=1066.7 net=5.305 fell=0.600
  370      1266.0       517.1    0.3542    -9.6998  random             2.9s
  371      1191.3       576.4    0.3537    -7.5422  random             2.7s
  372      1198.4       449.7    0.3533   -10.2653  random             1.7s
  373      1040.8       375.4    0.3529   -11.4904  random             1.7s
  374      1423.4       648.9    0.3525    -8.3409  random             2.9s
  [plot] Saved fitness curve → experiments/thesis/random_variable_gravity/seed_01/fitness_curve.png
  375      1087.7       507.2    0.3521    -9.4859  random             2.3s
  376      1318.5       621.2    0.3516    -8.9835  random             2.6s
  377      1277.4       565.4    0.3512   -10.2337  random             2.2s
  378      1239.5       620.7    0.3510    -9.0273  random             2.8s
  379      1282.8       584.0    0.3506    -8.2829  random             2.4s
  [probe] gen=380 score=551.4 net=3.320 fell=1.000
  380      1480.5       628.0    0.3502    -8.3135  random             2.4s
  381      1393.5       709.9    0.3500    -8.7611  random             2.4s
  382      1233.7       683.3    0.3499    -7.6911  random             2.7s
  383      1211.3       429.0    0.3497   -11.6849  random             1.7s
  384      1145.9       675.6    0.3495    -9.0305  random             3.1s
  385      1299.7       700.6    0.3493    -8.6052  random             3.1s
  386      1371.9       810.2    0.3491    -8.7213  random             2.8s
  387      1365.2       734.7    0.3490    -8.8750  random             2.7s
  388      1512.0       610.6    0.3488   -10.2098  random             2.2s
  389      1268.9       786.0    0.3486    -9.1968  random             2.8s
  [probe] gen=390 score=1175.8 net=5.594 fell=0.300
  390      1421.7       575.9    0.3485   -10.0659  random             2.4s
  391      1379.6       582.3    0.3483    -9.6474  random             2.4s
  392      1308.3       766.6    0.3481    -6.1569  random             3.4s
  393      1107.5       571.0    0.3479    -9.2354  random             2.1s
  394      1537.6       782.5    0.3477    -6.9583  random             2.9s
  395      1595.8       812.0    0.3475    -6.0050  random             2.8s
  396      1341.9       367.4    0.3474   -11.1718  random             1.6s
  397      1372.2       854.5    0.3472    -7.0515  random             3.2s
  398      1316.6       785.5    0.3471    -7.9148  random             2.7s
  399      1280.7       624.5    0.3471    -9.3165  random             2.5s
  [probe] gen=400 score=591.5 net=3.523 fell=0.900
  [plot] Saved fitness curve → experiments/thesis/random_variable_gravity/seed_01/fitness_curve.png
  400      1596.5       643.8    0.3471    -7.9261  random             2.5s
  401      1280.9       618.5    0.3472    -9.2741  random             2.3s
  402      1300.7       728.3    0.3475    -7.3095  random             3.0s
  403      1455.0       528.5    0.3477    -9.9727  random             2.1s
  404      1264.6       625.1    0.3478    -6.1266  random             3.1s
  405      1216.6       691.9    0.3479    -6.2159  random             3.1s
  406      1330.6       706.8    0.3479    -6.5338  random             2.7s
  407      1470.3       773.8    0.3480    -7.2571  random             2.7s
  408      1349.1       480.5    0.3480   -10.8914  random             1.9s
  409      1172.9       689.3    0.3479    -7.7281  random             2.7s
  [probe] gen=410 score=768.7 net=4.451 fell=1.000
  410      1466.6       675.6    0.3479    -9.4163  random             2.3s
  411      1383.7       634.1    0.3478    -9.9942  random             2.4s
  412      1333.0       703.6    0.3477    -8.3451  random             2.9s
  413      1212.1       673.1    0.3477    -9.7085  random             2.3s
  414      1291.3       652.4    0.3475   -10.1636  random             2.4s
  415      1285.6       646.0    0.3474    -8.2247  random             2.6s
  416      1342.4       688.2    0.3470    -7.8736  random             2.4s
  417      1306.4       674.0    0.3468    -6.6378  random             2.9s
  418       818.8       341.6    0.3466   -10.8452  random             1.3s
  419      1364.8       348.6    0.3465   -11.6260  random             1.4s
  [probe] gen=420 score=1028.4 net=4.948 fell=0.500
  420      1303.6       346.4    0.3466   -11.4506  random             1.5s
  421      1205.7       468.2    0.3466   -10.1907  random             2.1s
  422      1013.5       495.7    0.3466   -10.9645  random             2.1s
  423      1178.8       557.1    0.3467    -9.6808  random             2.4s
  424      1220.5       586.0    0.3466    -7.8355  random             3.1s
  [plot] Saved fitness curve → experiments/thesis/random_variable_gravity/seed_01/fitness_curve.png
  425      1196.7       513.6    0.3466   -10.5772  random             2.0s
  426      1156.5       453.0    0.3465   -11.5049  random             1.8s
  427      1214.4       563.6    0.3463   -11.2087  random             2.2s
  428      1082.8       451.3    0.3462    -9.7698  random             2.1s
  429      1243.6       467.2    0.3462    -6.6876  random             2.7s
  [probe] gen=430 score=846.5 net=4.010 fell=0.500
  430      1045.4       404.5    0.3460   -11.5368  random             1.8s
  431      1088.9       616.8    0.3458    -9.5669  random             2.6s
  432      1482.8       427.2    0.3456   -11.8592  random             1.6s
  433      1449.9       577.3    0.3453    -7.0020  random             3.1s
  434      1428.8       599.2    0.3449   -11.2591  random             2.2s
  435      1452.5       623.2    0.3446   -10.2983  random             2.5s
  436      1146.2       598.1    0.3443    -9.1433  random             2.6s
  437      1293.7       348.3    0.3439   -11.9893  random             1.5s
  438      1157.7       560.4    0.3435   -10.2114  random             2.5s
  439      1066.7       383.4    0.3432   -11.5765  random             1.8s
  [probe] gen=440 score=1150.7 net=5.477 fell=0.200
  440      1300.7       509.2    0.3429   -10.3190  random             2.6s
  441      1211.8       670.9    0.3425    -9.2588  random             2.8s
  442      1247.6       573.2    0.3421    -8.8938  random             2.4s
  443      1463.0       463.9    0.3418   -11.0388  random             2.0s
  444      1449.2       554.1    0.3417   -10.1620  random             2.4s
  445      1152.2       516.3    0.3416   -11.8323  random             2.4s
  446      1309.5       398.9    0.3415    -9.8999  random             2.5s
  447      1476.5       301.2    0.3414    -9.0539  random             2.3s
  448      1247.5       299.7    0.3413    -8.8636  random             2.2s
  449      1245.8       558.4    0.3412    -8.0236  random             2.8s
  [probe] gen=450 score=1188.8 net=5.573 fell=0.300
  [plot] Saved fitness curve → experiments/thesis/random_variable_gravity/seed_01/fitness_curve.png
  450      1317.0       420.7    0.3412   -11.8764  random             1.8s
  451      1585.5       573.8    0.3411    -8.7468  random             2.7s
  452      1252.1       523.0    0.3408    -7.3789  random             3.0s
  453      1285.3       515.4    0.3406    -9.1227  random             2.2s
  454      1267.4       538.4    0.3404    -6.1541  random             3.2s
  455      1260.8       718.8    0.3402    -6.7172  random             3.0s
  456      1267.1       798.6    0.3401    -6.9371  random             3.0s
  457      1402.4       638.2    0.3400    -6.4605  random             2.6s
  458      1417.5       435.0    0.3399   -10.2444  random             1.6s
  459      1190.8       399.4    0.3398   -11.3869  random             1.8s
  [probe] gen=460 score=658.8 net=3.631 fell=0.900
  460      1172.8       412.1    0.3399    -8.0120  random             2.6s
  461      1505.9       517.8    0.3399    -9.1534  random             2.0s
  462      1280.0       680.1    0.3399    -6.8269  random             3.2s
  463      1372.6       606.2    0.3401    -8.9085  random             2.2s
  464      1468.6       738.7    0.3404    -7.0386  random             2.6s
  465      1346.7       437.2    0.3407   -11.0553  random             1.6s
  466      1165.3       401.3    0.3409   -11.4542  random             1.4s
  467      1383.1       551.4    0.3411    -8.3882  random             2.6s
  468      1355.2       555.8    0.3413    -9.3155  random             2.1s
  469      1498.8       718.2    0.3417    -8.0434  random             2.4s
  [probe] gen=470 score=480.2 net=2.989 fell=1.000
  470      1648.0       711.6    0.3420    -6.8871  random             2.7s
  471      1412.9       378.7    0.3423   -10.3022  random             1.5s
  472      1263.6       351.1    0.3426   -11.5762  random             1.4s
  473      1443.9       593.9    0.3429    -9.4155  random             2.3s
  474      1378.8       620.2    0.3431    -8.8610  random             2.6s
  [plot] Saved fitness curve → experiments/thesis/random_variable_gravity/seed_01/fitness_curve.png
  475      1446.4       562.3    0.3434    -9.2927  random             2.3s
  476      1403.9       694.4    0.3437    -8.1859  random             2.5s
  477      1495.1       692.9    0.3440    -8.1815  random             2.4s
  478      1270.4       416.8    0.3443   -10.5211  random             1.7s
  479      1147.8       368.5    0.3447    -6.7002  random             2.4s
  [probe] gen=480 score=1140.5 net=5.476 fell=0.500
  480      1486.1       377.6    0.3450   -11.0984  random             1.6s
  481      1180.4       485.7    0.3453    -9.7186  random             2.1s
  482      1255.6       420.1    0.3455    -6.3787  random             2.5s
  483      1310.1       631.6    0.3457    -6.9820  random             2.4s
  484      1199.3       448.2    0.3460   -10.9562  random             1.6s
  485      1244.4       414.9    0.3462   -10.7254  random             1.7s
  486      1170.6       339.9    0.3463   -11.6842  random             1.5s
  487      1277.1       433.6    0.3464    -8.9918  random             1.9s
  488      1499.2       684.5    0.3464    -8.3770  random             2.4s
  489      1472.1       673.4    0.3463    -6.6861  random             2.8s
  [probe] gen=490 score=935.9 net=4.597 fell=0.500
  490      1476.2       850.1    0.3461    -7.8939  random             2.7s
  491      1299.6       729.6    0.3461    -6.8968  random             2.4s
  492      1027.7       274.7    0.3459   -11.7434  random             1.4s
  493      1299.9       468.9    0.3458   -10.2944  random             1.8s
  494      1307.1       526.7    0.3455   -11.2971  random             2.0s
  495      1307.5       572.8    0.3453   -10.9844  random             1.9s
  496      1692.3       678.3    0.3451    -8.7923  random             2.5s
  497      1519.0       627.6    0.3450    -9.4601  random             2.4s
  498      1425.0       704.1    0.3448    -9.7488  random             2.6s
  499      1580.6       680.0    0.3445   -10.1105  random             2.4s
  [plot] Saved fitness curve → experiments/thesis/random_variable_gravity/seed_01/fitness_curve.png

Training complete. Best fitness: 1692.3
Best params → experiments/thesis/random_variable_gravity/seed_01/checkpoints/best_params.npy
Fitness curve → experiments/thesis/random_variable_gravity/seed_01/fitness_curve.png
Final Earth scorecard | score=1233.6 net=6.546 fell=0.650
Gravity sweep | gravities=5 mean_net=5.624 worst_net=4.209
  [exp] Wrote experiments/thesis/random_variable_gravity/seed_01/experiment.json
  [exp] Wrote experiments/thesis/random_variable_gravity/seed_01/training_log.csv
  [exp] Wrote experiments/thesis/random_variable_gravity/seed_01/earth_probe.csv
  [exp] Wrote experiments/thesis/random_variable_gravity/seed_01/gravity_sweep.csv
  [exp] Wrote experiments/thesis/random_variable_gravity/seed_01/summary.json
