Walker2d-v5 | policy=CPG  params=504
Curriculum   : RandomUniform  gravity U[-12.0, -6.0]  seed=5
Run context | seed=5 arm=random_variable_gravity run_id=random_variable_gravity_seed_05


Starting CMA-ES | pop=40 | sigma0=0.5 | max_gen=500 | workers=8 | seed=5
Checkpoints → experiments/thesis/random_variable_gravity/seed_05/checkpoints/

  Gen        Best        Mean     Sigma    Gravity  Phase              Time
------------------------------------------------------------------------
  [probe] gen=0 score=-322.8 net=-0.105 fell=1.000
  [plot] Saved fitness curve → experiments/thesis/random_variable_gravity/seed_05/fitness_curve.png
    0      -323.9      -389.1    0.4904    -7.1700  random             1.5s
    1      -313.3      -378.5    0.4818    -6.1478  random             0.1s
    2      -316.0      -372.7    0.4740    -7.8841  random             0.1s
    3      -309.7      -369.8    0.4671   -10.4271  random             0.2s
    4      -293.0      -353.2    0.4609    -9.2726  random             0.1s
    5      -257.2      -356.9    0.4555    -7.5343  random             0.2s
    6      -274.1      -348.8    0.4505   -11.3733  random             0.2s
    7      -284.4      -336.8    0.4459    -7.5446  random             0.2s
    8      -283.0      -325.9    0.4418    -8.2563  random             0.2s
    9       -70.7      -317.9    0.4380    -9.1503  random             0.3s
  [probe] gen=10 score=-229.8 net=0.096 fell=1.000
   10      -240.3      -316.6    0.4343    -8.9993  random             0.2s
   11      -199.1      -309.4    0.4309    -8.9239  random             0.2s
   12      -237.4      -322.3    0.4279    -6.9377  random             0.3s
   13      -201.4      -319.8    0.4251    -9.8741  random             0.3s
   14      -193.0      -315.5    0.4225    -9.6163  random             0.3s
   15        25.0      -284.5    0.4201    -9.7491  random             0.4s
   16       -91.0      -296.5    0.4178    -8.9503  random             0.3s
   17       -57.2      -290.8    0.4156    -7.7045  random             0.4s
   18       -64.2      -240.3    0.4135   -11.8296  random             0.4s
   19       -77.1      -259.1    0.4116    -9.7933  random             0.4s
  [probe] gen=20 score=-44.6 net=0.721 fell=1.000
   20        58.9      -276.6    0.4098    -7.2463  random             0.4s
   21       -15.1      -245.1    0.4082    -7.0661  random             0.5s
   22        17.0      -167.3    0.4069   -10.6390  random             0.5s
   23        46.3      -194.4    0.4055    -7.2755  random             0.6s
   24        -3.2      -169.5    0.4042   -11.0903  random             0.5s
  [plot] Saved fitness curve → experiments/thesis/random_variable_gravity/seed_05/fitness_curve.png
   25        40.3      -172.4    0.4030   -10.2558  random             0.5s
   26        19.7      -204.1    0.4020    -6.8602  random             0.6s
   27        21.4      -103.6    0.4012   -11.0113  random             0.7s
   28        56.7       -75.4    0.4003   -11.8185  random             0.6s
   29        33.7      -126.4    0.3996   -10.7290  random             0.6s
  [probe] gen=30 score=13.8 net=0.988 fell=1.000
   30        37.6      -168.1    0.3989    -6.4880  random             0.8s
   31        86.4       -96.8    0.3984    -9.6855  random             0.7s
   32        71.8       -70.9    0.3977   -10.1921  random             0.7s
   33        81.4      -101.5    0.3972    -6.8949  random             0.7s
   34       147.2       -68.0    0.3968   -11.4422  random             0.7s
   35        48.4       -65.3    0.3963    -8.8564  random             0.7s
   36       106.8      -111.8    0.3958    -7.0261  random             0.8s
   37       179.2      -113.5    0.3953    -6.8278  random             0.8s
   38       276.9      -108.2    0.3948    -8.0217  random             0.8s
   39        94.9       -92.3    0.3943   -10.8518  random             0.7s
  [probe] gen=40 score=70.2 net=1.150 fell=1.000
   40        92.4       -16.5    0.3937   -11.4287  random             0.7s
   41       294.2       -58.6    0.3932   -11.7826  random             0.8s
   42       200.1      -104.7    0.3928    -7.2429  random             0.8s
   43       152.1       -67.6    0.3925    -8.7803  random             0.7s
   44       112.4       -61.2    0.3923   -10.7075  random             0.7s
   45       211.3       -96.1    0.3920    -7.1081  random             0.9s
   46       188.7       -80.3    0.3918    -7.5430  random             0.9s
   47       167.2       -17.8    0.3914    -7.6052  random             0.9s
   48       244.8       -22.7    0.3912    -6.9947  random             1.0s
   49       221.6       -59.0    0.3910    -9.4845  random             0.9s
  [probe] gen=50 score=181.4 net=1.606 fell=1.000
  [plot] Saved fitness curve → experiments/thesis/random_variable_gravity/seed_05/fitness_curve.png
   50       190.9       -37.3    0.3908   -10.0674  random             0.8s
   51       239.1       -50.0    0.3906   -11.0921  random             0.7s
   52       250.1      -165.8    0.3904    -6.2151  random             0.9s
   53       208.6       -14.1    0.3900   -11.0863  random             0.8s
   54       384.6       -68.9    0.3895    -7.2079  random             0.8s
   55       233.1       -28.7    0.3890   -11.0568  random             0.7s
   56       198.6       -46.0    0.3884   -11.4922  random             0.7s
   57       205.2       -82.1    0.3879    -8.6848  random             0.8s
   58       154.6      -164.6    0.3873    -8.8191  random             0.8s
   59       154.5      -139.6    0.3867    -6.0788  random             0.9s
  [probe] gen=60 score=44.5 net=0.905 fell=1.000
   60       158.1      -109.9    0.3861    -8.9067  random             0.9s
   61       210.0       -57.5    0.3853    -8.5867  random             0.8s
   62       272.7       -54.2    0.3847   -10.1725  random             0.8s
   63       134.3      -172.7    0.3840    -6.3390  random             1.0s
   64       245.9       -58.5    0.3831    -7.8699  random             0.9s
   65       176.7       -44.9    0.3822    -6.7057  random             0.9s
   66       188.8       -56.1    0.3812    -9.5958  random             0.8s
   67       235.9       -13.9    0.3803    -7.2448  random             1.0s
   68       249.7        -5.9    0.3797    -8.5825  random             0.9s
   69       276.9       -27.3    0.3792   -10.0251  random             0.9s
  [probe] gen=70 score=160.7 net=1.557 fell=1.000
   70       228.5      -105.7    0.3788    -7.6404  random             0.9s
   71       240.3       -44.8    0.3782   -10.8901  random             0.8s
   72       250.8       -98.1    0.3776    -7.1832  random             0.9s
   73       299.4       -24.5    0.3771    -8.3346  random             0.8s
   74       161.4       -17.1    0.3767    -9.8447  random             0.8s
  [plot] Saved fitness curve → experiments/thesis/random_variable_gravity/seed_05/fitness_curve.png
   75       198.5       -73.6    0.3762    -8.3348  random             0.8s
   76       228.1       -36.7    0.3757    -7.9654  random             0.9s
   77       333.4        -8.1    0.3752    -7.1554  random             0.9s
   78       135.7       -33.8    0.3748   -10.1352  random             0.7s
   79       170.5       -51.5    0.3744    -9.7871  random             0.8s
  [probe] gen=80 score=101.0 net=1.205 fell=1.000
   80       219.4       -36.4    0.3741    -9.3837  random             0.9s
   81       193.6       -80.8    0.3738    -8.4475  random             0.9s
   82       249.1       -60.0    0.3736    -6.8222  random             1.0s
   83       205.9        18.7    0.3736   -11.3271  random             0.7s
   84       249.8       -41.9    0.3734    -7.3824  random             1.0s
   85       200.0        -8.4    0.3735    -8.4512  random             0.9s
   86       311.0        48.1    0.3736    -9.4991  random             0.9s
   87       270.9       -21.2    0.3737    -9.6990  random             0.9s
   88       311.8       -47.4    0.3739    -8.0221  random             0.9s
   89       218.3       -37.7    0.3739   -10.7339  random             0.8s
  [probe] gen=90 score=271.8 net=1.921 fell=1.000
   90       261.5       -57.5    0.3741    -9.1523  random             0.9s
   91       245.0         0.4    0.3742    -9.7745  random             0.9s
   92       239.6         3.7    0.3745    -8.0343  random             0.9s
   93       247.6        -8.2    0.3747   -10.3654  random             0.8s
   94       215.5       -24.4    0.3749    -9.4334  random             0.9s
   95       229.4        28.0    0.3750   -11.0840  random             0.8s
   96       172.7       -78.5    0.3751   -10.8347  random             0.9s
   97       171.2      -102.6    0.3753   -10.2182  random             0.8s
   98       280.5       -50.8    0.3754    -6.8861  random             0.9s
   99       234.6        -5.8    0.3754    -6.0792  random             1.1s
  [probe] gen=100 score=159.4 net=1.489 fell=1.000
  [plot] Saved fitness curve → experiments/thesis/random_variable_gravity/seed_05/fitness_curve.png
  100       180.3        -3.4    0.3754   -10.8352  random             0.8s
  101       223.4        12.1    0.3756   -10.7759  random             0.8s
  102       253.0      -132.9    0.3759    -7.1028  random             1.0s
  103       255.3       -24.1    0.3762   -10.4456  random             0.9s
  104       193.4         9.4    0.3767   -11.6031  random             0.8s
  105       249.4        20.6    0.3771    -7.8939  random             1.0s
  106       219.4       -72.3    0.3774    -7.4914  random             1.0s
  107       226.9         5.4    0.3778   -10.6519  random             0.8s
  108       260.2        -6.7    0.3782   -10.7406  random             0.9s
  109       252.6      -152.4    0.3784    -6.1197  random             1.1s
  [probe] gen=110 score=237.1 net=1.917 fell=1.000
  110       238.7       -48.3    0.3787    -6.0032  random             1.2s
  111       230.9        79.4    0.3789    -8.5659  random             0.9s
  112       212.0        -8.0    0.3792   -11.9362  random             0.8s
  113       280.6         7.5    0.3794    -8.9267  random             0.9s
  114       260.9        41.2    0.3796    -9.0881  random             0.9s
  115       294.4        14.4    0.3799    -7.3938  random             1.0s
  116       188.6        39.8    0.3800   -11.9904  random             0.7s
  117       217.6        28.4    0.3800    -9.3563  random             0.9s
  118       306.7       -25.4    0.3798    -7.9309  random             0.9s
  119       220.9        77.0    0.3796    -9.9478  random             0.8s
  [probe] gen=120 score=260.3 net=1.832 fell=1.000
  120       238.7        10.1    0.3793   -10.7812  random             0.9s
  121       284.6         6.4    0.3790    -9.3453  random             1.0s
  122       227.7        59.8    0.3788    -9.5564  random             0.9s
  123       226.8       -18.4    0.3787    -8.6210  random             0.9s
  124       242.2         0.0    0.3786   -11.0973  random             0.8s
  [plot] Saved fitness curve → experiments/thesis/random_variable_gravity/seed_05/fitness_curve.png
  125       248.3        40.1    0.3785   -10.1258  random             0.8s
  126       269.1       -17.4    0.3786    -9.4281  random             0.9s
  127       257.8       -31.0    0.3784    -7.7832  random             1.0s
  128       265.9       -15.2    0.3783    -7.4501  random             1.0s
  129       287.7        19.3    0.3782    -9.4059  random             0.9s
  [probe] gen=130 score=187.4 net=1.525 fell=1.000
  130       422.9         8.0    0.3781    -6.9564  random             1.2s
  131       279.4        68.1    0.3778    -9.5944  random             0.8s
  132       311.4        51.6    0.3776    -7.7488  random             1.1s
  133       205.9        14.1    0.3774   -11.1440  random             0.9s
  134       310.2       -12.6    0.3773    -7.5261  random             1.0s
  135       254.9        27.4    0.3772    -9.9811  random             0.9s
  136       289.4        18.3    0.3772   -11.0541  random             1.0s
  137       307.9       -40.3    0.3772    -9.4476  random             0.9s
  138       254.1        50.0    0.3773   -10.1315  random             0.9s
  139       353.1        37.4    0.3776    -8.3037  random             1.0s
  [probe] gen=140 score=229.6 net=1.866 fell=1.000
  140       376.5         7.5    0.3779    -7.3468  random             0.9s
  141       313.6        32.5    0.3783    -8.8307  random             0.8s
  142       289.9        89.3    0.3786    -9.0668  random             0.9s
  143       301.4        46.4    0.3788    -9.0905  random             0.8s
  144       351.4        26.1    0.3790    -9.0892  random             0.9s
  145       343.0         8.4    0.3791    -7.8031  random             1.1s
  146       344.7        66.3    0.3794    -8.7732  random             1.0s
  147       391.1        59.2    0.3795    -9.1760  random             1.0s
  148       331.3        17.5    0.3797    -7.9860  random             1.0s
  149       227.0        49.2    0.3799   -11.5504  random             0.8s
  [probe] gen=150 score=196.2 net=1.709 fell=1.000
  [plot] Saved fitness curve → experiments/thesis/random_variable_gravity/seed_05/fitness_curve.png
  150       397.6        78.0    0.3801    -8.0464  random             1.0s
  151       468.3        66.4    0.3802    -7.4076  random             1.0s
  152       371.2        86.6    0.3804    -7.1453  random             1.1s
  153       251.6        32.1    0.3807   -11.0413  random             0.9s
  154       243.0        70.3    0.3809   -10.5604  random             0.9s
  155       259.5        52.1    0.3811   -11.3738  random             0.9s
  156       286.3        88.1    0.3812   -10.8406  random             0.9s
  157       222.2        36.1    0.3813   -11.2486  random             0.8s
  158       377.5        35.0    0.3814    -7.7225  random             1.0s
  159       273.0        73.5    0.3815   -10.9891  random             0.8s
  [probe] gen=160 score=284.5 net=1.834 fell=1.000
  160       260.5       103.6    0.3817   -11.5745  random             0.8s
  161       318.0        36.9    0.3818    -8.6680  random             0.9s
  162       505.4        59.9    0.3818    -6.1218  random             1.2s
  163       401.7       112.1    0.3818    -7.3969  random             1.2s
  164       422.3       129.9    0.3818    -6.7880  random             1.1s
  165       336.1       137.0    0.3819    -8.1686  random             1.1s
  166       315.3        57.1    0.3819   -10.4738  random             0.9s
  167       381.0       112.1    0.3819    -7.3379  random             1.1s
  168       316.5        52.8    0.3819    -8.4542  random             1.1s
  169       313.6        89.6    0.3819    -8.3941  random             1.0s
  [probe] gen=170 score=298.2 net=2.012 fell=1.000
  170       297.2        43.3    0.3820    -9.7418  random             1.0s
  171       397.6       125.3    0.3822    -8.1046  random             1.0s
  172       359.7       130.1    0.3825    -8.3914  random             1.1s
  173       299.5       130.2    0.3827    -9.8181  random             1.0s
  174       250.3        68.7    0.3830   -11.7596  random             0.8s
  [plot] Saved fitness curve → experiments/thesis/random_variable_gravity/seed_05/fitness_curve.png
  175       248.2        75.8    0.3831   -11.8923  random             0.9s
  176       398.9        17.3    0.3831    -7.9474  random             1.0s
  177       291.4        61.9    0.3830    -9.1851  random             1.0s
  178       399.0        78.8    0.3830    -7.3324  random             1.2s
  179       306.3        82.3    0.3831    -9.9363  random             0.9s
  [probe] gen=180 score=210.1 net=1.734 fell=1.000
  180       274.4       106.1    0.3832    -9.9383  random             1.0s
  181       263.6        50.4    0.3833   -11.4412  random             0.9s
  182       270.8        60.1    0.3833   -11.1272  random             0.9s
  183       369.2       104.6    0.3834    -7.5936  random             1.1s
  184       443.8       181.1    0.3836    -8.0284  random             1.2s
  185       268.7       132.6    0.3837   -10.6386  random             1.0s
  186       293.5        17.6    0.3839   -10.1684  random             1.0s
  187       505.6       115.0    0.3839    -8.6566  random             1.1s
  188       270.1        61.5    0.3840   -11.8709  random             1.0s
  189       371.4        84.8    0.3839    -9.6314  random             1.1s
  [probe] gen=190 score=222.2 net=1.699 fell=1.000
  190       279.6        71.1    0.3837   -11.1921  random             1.0s
  191       430.3        56.6    0.3836    -8.0868  random             1.2s
  192       333.5        58.6    0.3835    -8.9351  random             1.2s
  193       376.9        48.3    0.3835    -7.5547  random             1.1s
  194       257.8         4.5    0.3833   -11.8621  random             1.1s
  195       359.5        72.4    0.3831    -9.0950  random             2.3s
  196       358.1       118.3    0.3829    -8.0781  random             3.6s
  197       299.5        51.7    0.3827   -11.6318  random             1.5s
  198       283.7        81.6    0.3825    -9.9502  random             1.1s
  199       456.4       122.9    0.3824    -6.9224  random             1.6s
  [probe] gen=200 score=62.7 net=1.145 fell=1.000
  [plot] Saved fitness curve → experiments/thesis/random_variable_gravity/seed_05/fitness_curve.png
  200       417.3       142.2    0.3822    -6.4380  random             2.8s
  201       342.2       110.1    0.3821    -8.5071  random             2.6s
  202       420.3       110.7    0.3819    -7.0474  random             2.1s
  203       330.7        75.9    0.3818   -10.3986  random             1.3s
  204       254.3        -6.0    0.3816   -11.7955  random             1.1s
  205       627.7       104.3    0.3814    -6.9993  random             1.4s
  206       257.8        13.5    0.3811   -11.8583  random             1.1s
  207       312.4        67.2    0.3808   -10.0781  random             1.3s
  208       424.9       142.1    0.3806    -6.5053  random             1.5s
  209       424.4       188.0    0.3803    -8.7832  random             1.5s
  [probe] gen=210 score=319.9 net=2.211 fell=1.000
  210       377.4       162.5    0.3799    -8.7144  random             1.3s
  211       355.8       143.2    0.3795    -9.2334  random             1.1s
  212       465.4       122.2    0.3793    -7.1460  random             1.3s
  213       388.5        32.9    0.3791    -8.5436  random             1.1s
  214       297.7        55.9    0.3791    -9.9811  random             1.0s
  215       377.6       120.7    0.3791    -8.2893  random             1.1s
  216       622.6       167.7    0.3791    -6.2469  random             1.4s
  217       320.2        47.1    0.3792   -10.7274  random             1.0s
  218       289.3        85.8    0.3793   -11.0611  random             1.1s
  219       445.7       145.1    0.3793    -6.7150  random             1.3s
  [probe] gen=220 score=318.9 net=2.145 fell=1.000
  220       295.7        83.8    0.3794   -10.5326  random             1.0s
  221       401.7       137.0    0.3794   -10.9070  random             1.0s
  222       319.4        79.9    0.3793   -11.1376  random             1.0s
  223       333.3        72.3    0.3793   -11.9932  random             1.1s
  224       540.0        24.6    0.3792    -8.0106  random             1.2s
  [plot] Saved fitness curve → experiments/thesis/random_variable_gravity/seed_05/fitness_curve.png
  225       507.3       111.6    0.3793    -7.3251  random             1.4s
  226       531.2       122.5    0.3793    -6.5787  random             1.3s
  227       313.4       125.8    0.3794   -10.4710  random             1.0s
  228       420.9       106.4    0.3794    -8.8153  random             1.1s
  229       279.2        37.6    0.3795   -11.9487  random             0.9s
  [probe] gen=230 score=375.9 net=2.518 fell=1.000
  230       330.3        73.4    0.3797    -9.9824  random             1.1s
  231       603.6       147.0    0.3799    -6.4172  random             1.3s
  232       598.0       191.5    0.3799    -6.5995  random             1.3s
  233       353.2       137.2    0.3799    -9.6876  random             1.0s
  234       514.2       180.8    0.3799    -6.8110  random             1.3s
  235       451.9       175.7    0.3798    -7.8169  random             1.2s
  236       319.7       106.9    0.3796   -10.6303  random             1.0s
  237       636.0        75.1    0.3792    -6.0861  random             1.4s
  238       326.6       108.5    0.3790   -10.9446  random             1.0s
  239       421.6        55.8    0.3787   -10.4674  random             1.0s
  [probe] gen=240 score=300.2 net=2.006 fell=1.000
  240       361.9        90.6    0.3785    -8.9069  random             1.1s
  241       628.3       198.1    0.3781    -6.4515  random             1.4s
  242       327.2       131.6    0.3777    -9.7937  random             1.2s
  243       295.6        93.9    0.3773   -11.2933  random             1.0s
  244       537.2       137.4    0.3768    -7.1042  random             1.2s
  245       294.2        61.3    0.3763   -11.8096  random             1.0s
  246       498.4       100.6    0.3758    -8.2946  random             1.3s
  247       659.6       192.5    0.3752    -6.5301  random             1.4s
  248       313.2       101.7    0.3747    -9.9481  random             1.1s
  249       434.7       109.8    0.3741    -7.7464  random             1.3s
  [probe] gen=250 score=189.6 net=1.488 fell=1.000
  [plot] Saved fitness curve → experiments/thesis/random_variable_gravity/seed_05/fitness_curve.png
  250       372.1       114.3    0.3737    -9.3101  random             1.2s
  251       499.8       182.2    0.3731    -6.7474  random             1.3s
  252       309.2       116.6    0.3726   -11.8155  random             1.0s
  253       543.4        84.0    0.3721    -6.6542  random             1.3s
  254       327.0       114.4    0.3717   -11.5610  random             1.1s
  255       490.9       152.1    0.3714    -8.6829  random             1.2s
  256       513.8       170.6    0.3713    -7.5890  random             1.3s
  257       373.4       133.2    0.3711    -9.6661  random             1.1s
  258       326.2        25.4    0.3710   -10.0877  random             1.2s
  259       620.0       185.4    0.3710    -8.2412  random             1.3s
  [probe] gen=260 score=329.6 net=2.218 fell=1.000
  260       343.8        61.2    0.3712    -9.8406  random             1.1s
  261       503.2       182.9    0.3714    -6.6017  random             1.3s
  262       373.8       136.6    0.3716   -10.1139  random             1.0s
  263       558.1        59.7    0.3719    -6.8251  random             1.3s
  264       343.2       188.7    0.3721   -10.3857  random             1.0s
  265       516.7        70.9    0.3723    -7.7106  random             1.1s
  266       565.4       147.8    0.3725    -6.2482  random             1.4s
  267       403.7       134.5    0.3727    -8.0160  random             1.1s
  268       480.8        99.5    0.3731    -8.1068  random             1.1s
  269       485.9       -32.1    0.3734    -8.5494  random             1.0s
  [probe] gen=270 score=280.3 net=2.014 fell=1.000
  270       418.4        48.9    0.3737    -8.4793  random             1.2s
  271       380.0        68.6    0.3739   -11.1122  random             1.0s
  272       322.2        54.1    0.3742   -10.7992  random             1.0s
  273       359.3        87.2    0.3744   -10.5399  random             1.1s
  274       333.5       -23.0    0.3746   -11.9091  random             1.0s
  [plot] Saved fitness curve → experiments/thesis/random_variable_gravity/seed_05/fitness_curve.png
  275       436.1        93.2    0.3748   -10.0462  random             1.1s
  276       387.7        81.4    0.3749   -10.3312  random             1.0s
  277       527.3        68.8    0.3749    -7.2974  random             1.2s
  278       542.9        57.1    0.3749    -6.6829  random             1.2s
  279       344.4        91.7    0.3751   -11.1150  random             0.9s
  [probe] gen=280 score=278.4 net=1.981 fell=1.000
  280       511.7       100.6    0.3752    -6.1320  random             1.2s
  281       358.0        85.8    0.3753    -8.9272  random             1.1s
  282       313.3        58.3    0.3755   -11.2018  random             0.9s
  283       299.2        96.4    0.3757   -11.9140  random             0.9s
  284       306.7        44.1    0.3758   -11.2871  random             1.0s
  285       316.3       114.9    0.3761   -11.1193  random             1.0s
  286       453.5       101.0    0.3763    -9.4206  random             1.0s
  287       311.7         4.2    0.3765   -10.6433  random             1.0s
  288       517.1       155.1    0.3765    -8.7293  random             1.3s
  289       502.5       175.2    0.3764    -7.1838  random             1.3s
  [probe] gen=290 score=297.0 net=2.074 fell=1.000
  290       467.2       148.8    0.3764    -8.2563  random             1.2s
  291       468.8        84.3    0.3763    -9.4223  random             1.1s
  292       604.4       114.5    0.3763    -7.8887  random             1.2s
  293       392.0        20.3    0.3765    -8.8881  random             0.9s
  294       384.5        81.4    0.3767   -11.4844  random             1.0s
  295       425.2       117.9    0.3768    -8.1806  random             1.1s
  296       315.5       -59.9    0.3767   -11.9478  random             0.8s
  297       359.0        85.3    0.3766   -10.8180  random             1.1s
  298       286.8        12.7    0.3764   -10.6997  random             1.1s
  299       808.2       185.7    0.3761    -6.7774  random             1.4s
  [probe] gen=300 score=110.9 net=1.302 fell=1.000
  [plot] Saved fitness curve → experiments/thesis/random_variable_gravity/seed_05/fitness_curve.png
  300       582.4       225.3    0.3757    -6.0107  random             1.4s
  301       337.9        79.2    0.3753   -11.1470  random             0.9s
  302       409.1       122.9    0.3749    -9.2248  random             1.3s
  303       434.7        78.8    0.3745    -9.0172  random             1.2s
  304       536.1       115.7    0.3741    -7.4208  random             1.4s
  305       532.1        93.3    0.3738    -6.5857  random             1.3s
  306       332.6       121.7    0.3735   -10.0787  random             1.1s
  307       532.9       204.7    0.3731    -6.8443  random             1.3s
  308       309.8       116.9    0.3726   -11.3881  random             1.0s
  309       405.6       161.2    0.3722   -11.7611  random             1.2s
  [probe] gen=310 score=282.7 net=2.055 fell=1.000
  310       600.3       223.4    0.3716    -6.2896  random             1.3s
  311       415.0       155.4    0.3713   -10.9362  random             1.0s
  312       585.1       259.3    0.3710    -7.8738  random             1.2s
  313       539.5       233.1    0.3708    -7.1816  random             1.3s
  314       462.6       145.1    0.3705   -10.5208  random             1.0s
  315       422.0        80.7    0.3702    -9.9965  random             1.1s
  316       549.4       171.2    0.3699    -6.1636  random             1.3s
  317       675.2       225.3    0.3695    -6.6920  random             1.4s
  318       442.4       154.3    0.3692   -10.1009  random             1.1s
  319       516.5        82.6    0.3690    -7.6809  random             1.2s
  [probe] gen=320 score=263.0 net=1.906 fell=1.000
  320       771.1       281.4    0.3686    -6.1619  random             1.4s
  321       409.9       177.4    0.3683    -9.4254  random             1.1s
  322       562.4       266.8    0.3681    -6.7814  random             1.4s
  323       401.8       194.7    0.3677   -11.3760  random             1.0s
  324       424.3        80.3    0.3673    -9.6336  random             1.1s
  [plot] Saved fitness curve → experiments/thesis/random_variable_gravity/seed_05/fitness_curve.png
  325       489.9        81.2    0.3670    -8.1490  random             1.3s
  326       447.7        94.5    0.3665   -10.2195  random             1.0s
  327       489.5        55.6    0.3661    -6.6439  random             1.2s
  328       588.0       117.5    0.3656    -6.1153  random             1.5s
  329       458.9       182.3    0.3652    -8.3562  random             1.3s
  [probe] gen=330 score=362.3 net=2.435 fell=1.000
  330       628.6       185.6    0.3649    -6.9899  random             1.3s
  331       474.9       107.2    0.3645    -9.7244  random             1.0s
  332       510.2       120.1    0.3641    -7.6833  random             1.3s
  333       343.3        86.6    0.3638   -11.8058  random             1.0s
  334       366.3        55.6    0.3634   -11.3752  random             0.9s
  335       376.4       125.9    0.3630   -11.5015  random             0.9s
  336       414.8       139.1    0.3627   -11.3636  random             1.1s
  337       432.4        65.2    0.3623   -10.3919  random             1.0s
  338       479.6        73.4    0.3619   -10.6335  random             1.0s
  339       548.1       125.3    0.3616    -7.5635  random             1.3s
  [probe] gen=340 score=254.2 net=1.919 fell=1.000
  340       569.8       180.7    0.3614    -8.1462  random             1.2s
  341       612.1       176.2    0.3610    -7.3832  random             1.3s
  342       561.1       132.7    0.3604    -8.1087  random             1.2s
  343       502.2       137.0    0.3599    -9.6904  random             1.1s
  344       517.0       171.7    0.3595    -8.0598  random             1.2s
  345       858.0       225.9    0.3591    -6.8689  random             1.4s
  346       813.0       202.2    0.3588    -6.7307  random             1.3s
  347       563.1       256.8    0.3586    -7.8552  random             1.3s
  348       550.9       220.1    0.3584    -8.7541  random             1.2s
  349       416.9       122.5    0.3583   -11.6929  random             1.0s
  [probe] gen=350 score=440.3 net=2.889 fell=1.000
  [plot] Saved fitness curve → experiments/thesis/random_variable_gravity/seed_05/fitness_curve.png
  350       543.2       238.9    0.3581    -9.4016  random             1.2s
  351       503.0       217.8    0.3579    -8.8903  random             1.2s
  352       448.2       136.5    0.3577   -10.0897  random             1.0s
  353       311.2       119.4    0.3576   -11.1047  random             1.0s
  354       556.8       253.3    0.3573    -8.1586  random             1.2s
  355       394.2       135.0    0.3571   -11.1716  random             0.9s
  356       546.1       152.2    0.3570    -8.6736  random             1.1s
  357       690.7       203.5    0.3568    -6.4089  random             1.4s
  358       645.6       273.3    0.3567    -6.8278  random             1.4s
  359       412.6       159.5    0.3565    -9.7211  random             1.1s
  [probe] gen=360 score=448.8 net=2.925 fell=1.000
  360       354.3       168.4    0.3564   -11.1827  random             1.0s
  361       410.1       190.9    0.3564    -9.1249  random             1.0s
  362       379.9       148.3    0.3563   -10.5473  random             1.0s
  363       724.5       255.8    0.3563    -6.0419  random             1.4s
  364       548.0       145.8    0.3563    -6.8447  random             1.2s
  365       316.8       148.8    0.3563   -11.1406  random             0.9s
  366       550.2       127.8    0.3563    -7.1262  random             1.3s
  367       467.8       216.1    0.3563    -8.8223  random             1.2s
  368       419.3       181.8    0.3561   -10.6687  random             1.0s
  369       700.2       257.8    0.3560    -7.4175  random             1.3s
  [probe] gen=370 score=436.6 net=2.674 fell=1.000
  370       423.0       164.9    0.3560   -10.4281  random             1.1s
  371       404.5       132.2    0.3559   -11.8391  random             1.0s
  372       366.1       148.6    0.3557   -11.3279  random             1.1s
  373       512.6       208.8    0.3555    -9.5186  random             1.0s
  374       475.6       190.6    0.3552    -8.4413  random             1.2s
  [plot] Saved fitness curve → experiments/thesis/random_variable_gravity/seed_05/fitness_curve.png
  375       640.5       280.9    0.3550    -7.6631  random             1.4s
  376       281.7       120.9    0.3548   -11.7961  random             0.9s
  377       504.6       223.2    0.3545    -7.3910  random             1.4s
  378       488.4       177.2    0.3543   -10.3943  random             1.1s
  379       516.3       227.6    0.3540    -8.6452  random             1.4s
  [probe] gen=380 score=272.0 net=2.005 fell=1.000
  380       596.2       314.0    0.3537    -7.1870  random             1.4s
  381       476.9       197.5    0.3535    -9.8801  random             1.1s
  382       595.5       191.9    0.3533    -6.4037  random             1.4s
  383       502.3        83.9    0.3530    -9.6127  random             1.1s
  384       451.2       129.8    0.3528   -10.7364  random             1.0s
  385       409.8       163.1    0.3526   -10.9819  random             1.0s
  386       562.2       237.2    0.3524    -7.3321  random             1.5s
  387       376.0       179.9    0.3521   -11.1825  random             1.0s
  388       382.9       148.8    0.3519   -11.4451  random             1.0s
  389       419.8       168.0    0.3516    -9.8527  random             1.1s
  [probe] gen=390 score=135.5 net=1.450 fell=1.000
  390       643.8       230.8    0.3513    -6.8876  random             1.4s
  391       418.8       150.2    0.3511   -10.9089  random             1.0s
  392       531.0       178.3    0.3509    -9.8380  random             1.0s
  393       613.1       271.4    0.3509    -7.4270  random             1.2s
  394       619.3       214.1    0.3509    -7.4011  random             1.3s
  395       644.8       276.5    0.3509    -8.0413  random             1.4s
  396       362.0       118.0    0.3510   -10.3803  random             1.0s
  397       557.1       139.6    0.3511    -9.0850  random             1.2s
  398       442.7       128.1    0.3513   -11.1054  random             1.0s
  399       661.4       200.0    0.3515    -8.0222  random             1.3s
  [probe] gen=400 score=483.6 net=3.044 fell=1.000
  [plot] Saved fitness curve → experiments/thesis/random_variable_gravity/seed_05/fitness_curve.png
  400       638.5       323.5    0.3516    -7.1492  random             1.5s
  401       736.7       331.7    0.3519    -7.1940  random             1.4s
  402       419.3       102.9    0.3521   -10.4222  random             1.1s
  403       420.8        71.4    0.3522   -11.5559  random             1.2s
  404       414.1       100.1    0.3522    -9.4784  random             1.1s
  405       430.3       123.8    0.3522   -11.4782  random             1.1s
  406       586.4       220.5    0.3521    -6.1405  random             1.3s
  407       648.1       122.9    0.3520    -8.3784  random             1.1s
  408       777.6       302.2    0.3519    -7.9498  random             1.3s
  409       713.1       188.6    0.3518    -7.0298  random             1.4s
  [probe] gen=410 score=180.2 net=1.592 fell=1.000
  410       679.0       196.0    0.3517    -6.1852  random             1.3s
  411       676.8       225.5    0.3516    -6.5988  random             1.4s
  412       489.4        33.1    0.3517   -11.2732  random             1.0s
  413       663.0       196.4    0.3516    -7.0168  random             1.2s
  414       634.1       247.8    0.3516    -8.1456  random             1.2s
  415       407.8       114.8    0.3517   -11.1530  random             1.0s
  416       417.0       106.8    0.3519   -11.0726  random             1.0s
  417       651.6        70.3    0.3523    -6.1743  random             1.2s
  418       375.9        30.4    0.3528   -10.5656  random             0.9s
  419       819.3       173.9    0.3533    -6.0345  random             1.3s
  [probe] gen=420 score=264.1 net=1.941 fell=1.000
  420       717.6       127.7    0.3535    -6.0837  random             1.2s
  421       346.7        55.9    0.3537   -10.1703  random             0.9s
  422       514.4        58.4    0.3539    -6.7336  random             1.1s
  423       690.9        97.0    0.3539    -6.6513  random             1.3s
  424       343.4        -0.2    0.3539   -10.5399  random             1.0s
  [plot] Saved fitness curve → experiments/thesis/random_variable_gravity/seed_05/fitness_curve.png
  425       539.5        99.8    0.3539    -7.7201  random             1.2s
  426       525.0       190.9    0.3539    -8.0843  random             1.2s
  427       587.4       145.2    0.3538    -6.2016  random             1.3s
  428       571.2       188.2    0.3538    -7.9200  random             1.1s
  429       272.3        28.0    0.3539   -11.5129  random             0.9s
  [probe] gen=430 score=393.1 net=2.683 fell=1.000
  430       323.4        76.9    0.3539   -11.6362  random             1.1s
  431       473.5        68.0    0.3539    -9.6408  random             0.9s
  432       662.0        43.3    0.3538    -7.2645  random             1.1s
  433       588.5       120.1    0.3539    -7.5685  random             1.1s
  434       460.5        94.1    0.3542    -7.5596  random             1.2s
  435       590.9         5.0    0.3546    -6.8259  random             1.1s
  436       359.9        51.2    0.3550   -10.4221  random             1.0s
  437       344.2        86.7    0.3553   -10.4275  random             1.1s
  438       324.7        29.7    0.3556   -10.6051  random             1.0s
  439       420.3       102.3    0.3560    -9.9413  random             1.1s
  [probe] gen=440 score=141.6 net=1.445 fell=1.000
  440       422.6        72.4    0.3562   -11.0045  random             1.2s
  441       443.1       137.0    0.3565    -7.4924  random             1.2s
  442       297.9        69.3    0.3566   -11.5900  random             1.0s
  443       629.8       198.2    0.3568    -7.1328  random             1.2s
  444       522.8       117.0    0.3570    -7.8959  random             1.2s
  445       337.9        94.8    0.3571   -10.1614  random             1.1s
  446       329.4        54.9    0.3573   -11.8506  random             1.0s
  447       463.3        85.3    0.3576    -8.5643  random             1.1s
  448       596.3       173.6    0.3578    -7.9138  random             1.2s
  449       457.9       123.5    0.3581    -9.0682  random             1.1s
  [probe] gen=450 score=332.9 net=2.266 fell=1.000
  [plot] Saved fitness curve → experiments/thesis/random_variable_gravity/seed_05/fitness_curve.png
  450       427.4       170.0    0.3584    -8.1390  random             1.2s
  451       424.8       148.5    0.3587    -8.0656  random             1.0s
  452       564.3       191.6    0.3587    -6.7276  random             1.3s
  453       538.3       138.0    0.3587    -6.5117  random             1.2s
  454       468.2       126.3    0.3587    -9.2297  random             1.1s
  455       693.7       153.9    0.3585    -6.7127  random             1.3s
  456       666.6       270.3    0.3584    -7.2957  random             1.3s
  457       718.0       195.0    0.3583    -6.5839  random             1.3s
  458       638.6       154.1    0.3580    -8.0534  random             1.2s
  459       512.4       159.9    0.3578    -9.0712  random             1.1s
  [probe] gen=460 score=442.4 net=2.818 fell=1.000
  460       514.2       149.2    0.3577    -9.2449  random             1.1s
  461       487.4       160.9    0.3578    -8.7378  random             1.0s
  462       355.3       156.0    0.3577   -11.1713  random             1.0s
  463       426.5        87.2    0.3578    -9.7807  random             1.0s
  464       553.1       135.0    0.3580    -6.8506  random             1.2s
  465       460.3       160.9    0.3581    -8.0245  random             1.3s
  466       486.4       178.2    0.3584    -6.8061  random             1.3s
  467       435.4       116.1    0.3585    -9.7937  random             1.1s
  468       588.0       126.2    0.3587    -6.8432  random             1.4s
  469       438.3       182.5    0.3589    -8.8214  random             1.1s
  [probe] gen=470 score=368.6 net=2.247 fell=1.000
  470       502.7       112.5    0.3592    -9.6436  random             1.0s
  471       466.1       112.2    0.3595    -8.3554  random             1.2s
  472       404.2        88.9    0.3599   -10.6095  random             0.9s
  473       379.8        46.5    0.3602    -9.4079  random             1.0s
  474       401.2       124.1    0.3605    -9.8897  random             1.1s
  [plot] Saved fitness curve → experiments/thesis/random_variable_gravity/seed_05/fitness_curve.png
  475       492.4       170.9    0.3608    -8.6458  random             1.2s
  476       605.4       193.0    0.3610    -6.6442  random             1.3s
  477       332.7       111.7    0.3612   -10.4443  random             1.1s
  478       338.7        77.8    0.3614   -10.0736  random             0.9s
  479       346.0        50.8    0.3615   -10.5517  random             1.0s
  [probe] gen=480 score=366.7 net=2.413 fell=1.000
  480       396.3       103.0    0.3616    -9.2495  random             1.1s
  481       440.4       148.0    0.3616    -8.7644  random             1.0s
  482       312.3        67.8    0.3615   -11.4206  random             1.1s
  483       466.3       131.0    0.3614    -8.7537  random             1.1s
  484       589.8       211.6    0.3614    -6.5234  random             1.3s
  485       531.6       161.7    0.3614    -8.9303  random             1.2s
  486       394.4       115.4    0.3615   -11.6652  random             1.0s
  487       575.6       190.7    0.3616    -6.0281  random             1.3s
  488       704.6       253.1    0.3617    -7.2598  random             1.2s
  489       427.5       161.4    0.3619    -9.6163  random             1.1s
  [probe] gen=490 score=348.1 net=2.333 fell=1.000
  490       536.6       253.5    0.3619    -7.5305  random             1.2s
  491       517.6       187.7    0.3621    -7.2352  random             1.3s
  492       404.0       184.9    0.3622   -10.4570  random             1.1s
  493       348.0       124.7    0.3622   -11.7437  random             0.9s
  494       492.1       221.7    0.3623    -8.5737  random             1.1s
  495       548.0       253.6    0.3625    -6.6465  random             1.4s
  496       523.1       148.5    0.3626    -7.7962  random             1.2s
  497       589.4       233.3    0.3628    -7.3477  random             1.4s
  498       512.1       146.3    0.3628    -9.0715  random             1.2s
  499       640.0       193.7    0.3628    -7.7546  random             1.3s
  [plot] Saved fitness curve → experiments/thesis/random_variable_gravity/seed_05/fitness_curve.png

Training complete. Best fitness: 858.0
Best params → experiments/thesis/random_variable_gravity/seed_05/checkpoints/best_params.npy
Fitness curve → experiments/thesis/random_variable_gravity/seed_05/fitness_curve.png
Final Earth scorecard | score=417.4 net=2.734 fell=1.000
Gravity sweep | gravities=5 mean_net=2.598 worst_net=1.676
  [exp] Wrote experiments/thesis/random_variable_gravity/seed_05/experiment.json
  [exp] Wrote experiments/thesis/random_variable_gravity/seed_05/training_log.csv
  [exp] Wrote experiments/thesis/random_variable_gravity/seed_05/earth_probe.csv
  [exp] Wrote experiments/thesis/random_variable_gravity/seed_05/gravity_sweep.csv
  [exp] Wrote experiments/thesis/random_variable_gravity/seed_05/summary.json
