Walker2d-v5 | policy=CPG  params=504
Curriculum   : ArchiveBased  [-1.6→-3.0→-5.0→-7.0→-9.81]  plateau=30gen  archive_size=5
Run context | seed=5 arm=archive_based run_id=archive_based_seed_05

Schedule | penalty_min=0.20 penalty_ramp_gen=200 corr_min=0.00 corr_max=0.50 corr_ramp_gen=200

Starting CMA-ES | pop=40 | sigma0=0.5 | max_gen=500 | workers=8 | seed=5
Checkpoints → experiments/thesis/archive_based/seed_05/checkpoints/

  Gen        Best        Mean     Sigma    Pen   Corr    Gravity  Phase              Time
------------------------------------------------------------------------------------
  [probe] gen=0 score=-367.2 net=-0.116 fell=1.000 [new best earth]
  [plot] Saved fitness curve → experiments/thesis/archive_based/seed_05/fitness_curve.png
    0       -48.1       -74.3    0.4903   0.20   0.00    -1.6000  lv0(a=0)           1.7s
    1       -57.0       -74.4    0.4820   0.20   0.00    -1.6000  lv0(a=1)           0.2s
    2       -47.2       -71.5    0.4745   0.21   0.01    -1.6000  lv0(a=2)           0.2s
    3       -28.2       -66.8    0.4680   0.21   0.01    -1.6000  lv0(a=3)           0.3s
    4        56.8       -65.1    0.4622   0.22   0.01    -1.6000  lv0(a=4)           0.3s
    5       -34.1       -70.3    0.4570   0.22   0.01    -1.6000  lv0(a=5)           0.3s
    6        34.8       -70.3    0.4522   0.22   0.01    -1.6000  lv0(a=5)           0.3s
    7       -34.6       -71.9    0.4477   0.23   0.02    -1.6000  lv0(a=5)           0.3s
    8        13.1       -69.2    0.4434   0.23   0.02    -1.6000  lv0(a=5)           0.3s
    9       -51.9       -68.5    0.4395   0.24   0.02    -1.6000  lv0(a=5)           0.4s
  [probe] gen=10 score=-387.2 net=-0.085 fell=1.000
   10       -40.6       -75.9    0.4357   0.24   0.03    -1.6000  lv0(a=5)           0.3s
   11       -39.6       -75.8    0.4324   0.24   0.03    -1.6000  lv0(a=5)           0.3s
   12       -21.5       -76.1    0.4293   0.25   0.03    -1.6000  lv0(a=5)           0.3s
   13       -16.0       -78.2    0.4264   0.25   0.03    -1.6000  lv0(a=5)           0.3s
   14        -5.4       -73.0    0.4236   0.26   0.04    -1.6000  lv0(a=5)           0.3s
   15        18.6       -71.2    0.4212   0.26   0.04    -1.6000  lv0(a=5)           0.4s
   16       -32.7       -78.7    0.4187   0.26   0.04    -1.6000  lv0(a=5)           0.3s
   17       -10.4       -76.6    0.4164   0.27   0.04    -1.6000  lv0(a=5)           0.3s
   18        34.1       -75.9    0.4142   0.27   0.04    -1.6000  lv0(a=5)           0.3s
   19        -0.7       -70.8    0.4123   0.28   0.05    -1.6000  lv0(a=5)           0.4s
  [probe] gen=20 score=-381.1 net=-0.255 fell=1.000
   20        -2.7       -74.4    0.4105   0.28   0.05    -1.6000  lv0(a=5)           0.4s
   21        -8.5       -83.2    0.4089   0.28   0.05    -1.6000  lv0(a=5)           0.3s
   22        46.4       -75.8    0.4074   0.29   0.06    -1.6000  lv0(a=5)           0.4s
   23         9.3       -70.6    0.4061   0.29   0.06    -1.6000  lv0(a=5)           0.4s
   24        62.4       -59.6    0.4050   0.30   0.06    -1.6000  lv0(a=5)           0.5s
  [plot] Saved fitness curve → experiments/thesis/archive_based/seed_05/fitness_curve.png
   25        26.1       -73.5    0.4038   0.30   0.06    -1.6000  lv0(a=5)           0.4s
   26        54.5       -55.7    0.4026   0.30   0.07    -1.6000  lv0(a=5)           0.5s
   27        90.7       -65.1    0.4017   0.31   0.07    -1.6000  lv0(a=5)           0.5s
   28        27.3       -75.5    0.4010   0.31   0.07    -1.6000  lv0(a=5)           0.4s
   29        70.3       -56.6    0.4005   0.32   0.07    -1.6000  lv0(a=5)           0.5s
  [probe] gen=30 score=-220.8 net=0.009 fell=1.000 [new best earth]
   30        47.5       -54.8    0.4003   0.32   0.07    -1.6000  lv0(a=5)           0.5s
   31       164.3       -33.7    0.4003   0.32   0.08    -1.6000  lv0(a=5)           0.6s
   32        33.1       -61.8    0.4004   0.33   0.08    -1.6000  lv0(a=5)           0.5s
   33        28.8       -48.1    0.4007   0.33   0.08    -1.6000  lv0(a=5)           0.6s
   34       102.7       -51.0    0.4011   0.34   0.09    -1.6000  lv0(a=5)           0.5s
   35        52.8       -56.4    0.4014   0.34   0.09    -1.6000  lv0(a=5)           0.5s
   36       100.7       -30.5    0.4016   0.34   0.09    -1.6000  lv0(a=5)           0.6s
   37        69.1       -26.8    0.4020   0.35   0.09    -1.6000  lv0(a=5)           0.6s
   38        82.1       -21.9    0.4023   0.35   0.10    -1.6000  lv0(a=5)           0.6s
   39        56.3       -30.9    0.4026   0.36   0.10    -1.6000  lv0(a=5)           0.6s
  [probe] gen=40 score=-141.6 net=0.462 fell=1.000 [new best earth]
   40       145.7       -35.3    0.4029   0.36   0.10    -1.6000  lv0(a=5)           0.6s
   41        48.3       -33.6    0.4032   0.36   0.10    -1.6000  lv0(a=5)           0.7s
   42       187.4       -12.1    0.4035   0.37   0.10    -1.6000  lv0(a=5)           0.8s
   43       127.1       -53.9    0.4036   0.37   0.11    -1.6000  lv0(a=5)           0.5s
   44       215.9         2.1    0.4037   0.38   0.11    -1.6000  lv0(a=5)           0.9s
   45       181.3        -9.8    0.4039   0.38   0.11    -1.6000  lv0(a=5)           0.8s
   46       249.5        15.7    0.4043   0.38   0.12    -1.6000  lv0(a=5)           0.9s
   47       244.6        12.2    0.4047   0.39   0.12    -1.6000  lv0(a=5)           1.1s
   48       242.8        34.6    0.4052   0.39   0.12    -1.6000  lv0(a=5)           1.4s
   49       338.5       107.4    0.4056   0.40   0.12    -1.6000  lv0(a=5)           1.6s
  [probe] gen=50 score=8.3 net=0.969 fell=1.000 [new best earth]
  [plot] Saved fitness curve → experiments/thesis/archive_based/seed_05/fitness_curve.png
   50       286.1        91.9    0.4060   0.40   0.12    -1.6000  lv0(a=5)           1.5s
   51       312.9       112.0    0.4064   0.40   0.13    -1.6000  lv0(a=5)           1.8s
   52       294.6       114.8    0.4069   0.41   0.13    -1.6000  lv0(a=5)           2.0s
   53       298.5        95.5    0.4075   0.41   0.13    -1.6000  lv0(a=5)           2.2s
   54       299.9       121.9    0.4083   0.42   0.14    -1.6000  lv0(a=5)           1.9s
   55       327.4       145.4    0.4090   0.42   0.14    -1.6000  lv0(a=5)           2.1s
   56       336.3        94.6    0.4097   0.42   0.14    -1.6000  lv0(a=5)           2.0s
   57       317.2       145.2    0.4106   0.43   0.14    -1.6000  lv0(a=5)           2.3s
   58       308.6       160.9    0.4114   0.43   0.14    -1.6000  lv0(a=5)           2.3s
   59       312.5       166.2    0.4120   0.44   0.15    -1.6000  lv0(a=5)           2.2s
  [probe] gen=60 score=-113.5 net=0.236 fell=1.000
   60       328.6       118.6    0.4127   0.44   0.15    -1.6000  lv0(a=5)           2.6s
   61       351.8       170.2    0.4134   0.44   0.15    -1.6000  lv0(a=5)           2.5s
   62       338.3       146.5    0.4140   0.45   0.15    -1.6000  lv0(a=5)           3.2s
   63       310.8       128.5    0.4146   0.45   0.16    -1.6000  lv0(a=5)           2.8s
   64       327.0       193.2    0.4151   0.46   0.16    -1.6000  lv0(a=5)           2.7s
   65       344.6       144.4    0.4156   0.46   0.16    -1.6000  lv0(a=5)           2.5s
   66       341.5       126.0    0.4160   0.46   0.17    -1.6000  lv0(a=5)           2.9s
   67       379.6       163.8    0.4165   0.47   0.17    -1.6000  lv0(a=5)           2.5s
   68       347.7       155.4    0.4172   0.47   0.17    -1.6000  lv0(a=5)           2.9s
   69       370.3       159.5    0.4177   0.48   0.17    -1.6000  lv0(a=5)           2.8s
  [probe] gen=70 score=-173.4 net=-0.190 fell=1.000
   70       399.4       215.7    0.4183   0.48   0.17    -1.6000  lv0(a=5)           3.0s
   71       366.8       113.7    0.4189   0.48   0.18    -1.6000  lv0(a=5)           2.5s
   72       338.7       185.6    0.4195   0.49   0.18    -1.6000  lv0(a=5)           2.8s
   73       319.2       133.1    0.4199   0.49   0.18    -1.6000  lv0(a=5)           2.7s
   74       325.5       157.8    0.4204   0.50   0.18    -1.6000  lv0(a=5)           2.9s
  [plot] Saved fitness curve → experiments/thesis/archive_based/seed_05/fitness_curve.png
   75       327.3       181.3    0.4209   0.50   0.19    -1.6000  lv0(a=5)           3.4s
   76       335.7       146.6    0.4213   0.50   0.19    -1.6000  lv0(a=5)           2.9s
   77       326.1       161.1    0.4217   0.51   0.19    -1.6000  lv0(a=5)           2.7s
   78       458.1       206.5    0.4220   0.51   0.20    -1.6000  lv0(a=5)           2.8s
   79       353.5       180.6    0.4223   0.52   0.20    -1.6000  lv0(a=5)           2.9s
  [probe] gen=80 score=144.8 net=1.063 fell=1.000 [new best earth]
   80       388.5       137.1    0.4227   0.52   0.20    -1.6000  lv0(a=5)           2.6s
   81       382.7       174.8    0.4230   0.52   0.20    -1.6000  lv0(a=5)           2.6s
   82       462.0       155.6    0.4231   0.53   0.20    -1.6000  lv0(a=5)           2.4s
   83       743.3       241.9    0.4231   0.53   0.21    -1.6000  lv0(a=5)           2.8s
   84       531.3       202.8    0.4232   0.54   0.21    -1.6000  lv0(a=5)           2.7s
   85       634.4       174.4    0.4231   0.54   0.21    -1.6000  lv0(a=5)           2.6s
   86       810.4       212.8    0.4230   0.54   0.21    -1.6000  lv0(a=5)           3.0s
   87       475.5       195.8    0.4230   0.55   0.22    -1.6000  lv0(a=5)           2.6s
   88       460.8       142.4    0.4230   0.55   0.22    -1.6000  lv0(a=5)           2.9s
   89       595.2       163.6    0.4232   0.56   0.22    -1.6000  lv0(a=5)           2.8s
  [probe] gen=90 score=158.2 net=0.895 fell=0.900 [new best earth]
   90       601.9       235.4    0.4233   0.56   0.23    -1.6000  lv0(a=5)           2.9s
   91       556.9       239.4    0.4234   0.56   0.23    -1.6000  lv0(a=5)           2.8s
   92       568.6       168.3    0.4235   0.57   0.23    -1.6000  lv0(a=5)           2.6s
   93       665.6       186.2    0.4238   0.57   0.23    -1.6000  lv0(a=5)           2.5s
   94       670.5       203.9    0.4239   0.58   0.23    -1.6000  lv0(a=5)           2.9s
   95       744.2       249.5    0.4241   0.58   0.24    -1.6000  lv0(a=5)           2.7s
   96       713.7       238.2    0.4241   0.58   0.24    -1.6000  lv0(a=5)           2.8s
   97       731.4       217.4    0.4241   0.59   0.24    -1.6000  lv0(a=5)           2.6s
   98       894.0       305.8    0.4239   0.59   0.24    -1.6000  lv0(a=5)           2.8s
   99       932.3       315.0    0.4237   0.60   0.25    -1.6000  lv0(a=5)           2.7s
  [probe] gen=100 score=214.6 net=1.380 fell=0.800 [new best earth]
  [plot] Saved fitness curve → experiments/thesis/archive_based/seed_05/fitness_curve.png
  100      1084.9       264.2    0.4234   0.60   0.25    -1.6000  lv0(a=5)           2.7s
  101       906.7       327.2    0.4233   0.60   0.25    -1.6000  lv0(a=5)           2.5s
  102       809.6       370.0    0.4231   0.61   0.26    -1.6000  lv0(a=5)           2.5s
  103       778.2       285.9    0.4230   0.61   0.26    -1.6000  lv0(a=5)           2.5s
  104      1188.3       379.1    0.4232   0.62   0.26    -1.6000  lv0(a=5)           2.8s
  105      1095.4       392.3    0.4235   0.62   0.26    -1.6000  lv0(a=5)           2.7s
  106       885.9       392.9    0.4238   0.62   0.27    -1.6000  lv0(a=5)           2.7s
  107       991.6       481.4    0.4242   0.63   0.27    -1.6000  lv0(a=5)           2.8s
  108      1108.3       360.8    0.4244   0.63   0.27    -1.6000  lv0(a=5)           2.4s
  109      1120.9       417.5    0.4245   0.64   0.27    -1.6000  lv0(a=5)           2.6s
  [probe] gen=110 score=146.0 net=1.469 fell=1.000
  110       992.2       399.1    0.4246   0.64   0.28    -1.6000  lv0(a=5)           2.3s
  111      1077.0       470.4    0.4247   0.64   0.28    -1.6000  lv0(a=5)           2.6s
  112      1017.0       343.9    0.4249   0.65   0.28    -1.6000  lv0(a=5)           2.3s
  113      1077.1       409.1    0.4251   0.65   0.28    -1.6000  lv0(a=5)           2.5s
  114      1036.1       475.3    0.4253   0.66   0.28    -1.6000  lv0(a=5)           2.5s
  115      1126.8       385.9    0.4253   0.66   0.29    -1.6000  lv0(a=5)           2.5s
  116      1237.8       404.5    0.4255   0.66   0.29    -1.6000  lv0(a=5)           2.5s
  117      1106.2       364.1    0.4256   0.67   0.29    -1.6000  lv0(a=5)           2.3s
  118      1188.3       619.6    0.4258   0.67   0.29    -1.6000  lv0(a=5)           2.9s
  119      1051.7       434.4    0.4262   0.68   0.30    -1.6000  lv0(a=5)           2.6s
  [probe] gen=120 score=111.3 net=1.005 fell=1.000
  120      1128.3       498.8    0.4266   0.68   0.30    -1.6000  lv0(a=5)           2.7s
  121      1115.6       476.2    0.4268   0.68   0.30    -1.6000  lv0(a=5)           2.4s
  122      1070.5       375.9    0.4269   0.69   0.30    -1.6000  lv0(a=5)           2.3s
  123       956.1       354.1    0.4271   0.69   0.31    -1.6000  lv0(a=5)           2.3s
  124       886.7       359.1    0.4273   0.70   0.31    -1.6000  lv0(a=5)           2.4s
  [plot] Saved fitness curve → experiments/thesis/archive_based/seed_05/fitness_curve.png
  125      1101.3       509.4    0.4274   0.70   0.31    -1.6000  lv0(a=5)           2.6s
  126      1204.3       437.9    0.4274   0.70   0.32    -1.6000  lv0(a=5)           2.5s
  127      1038.6       317.2    0.4275   0.71   0.32    -1.6000  lv0(a=5)           2.4s
  128      1241.5       469.6    0.4276   0.71   0.32    -1.6000  lv0(a=5)           2.6s
  129      1091.6       406.2    0.4277   0.72   0.32    -1.6000  lv0(a=5)           2.6s
  [probe] gen=130 score=485.1 net=2.218 fell=1.000 [new best earth]
  130      1289.9       440.9    0.4278   0.72   0.33    -1.6000  lv0(a=5)           2.7s
  131      1116.8       411.2    0.4278   0.72   0.33    -1.6000  lv0(a=5)           2.4s
  132      1032.1       282.3    0.4278   0.73   0.33    -1.6000  lv0(a=5)           2.2s
  133      1084.4       489.8    0.4278   0.73   0.33    -1.6000  lv0(a=5)           2.6s
  134      1046.2       435.7    0.4281   0.74   0.34    -1.6000  lv0(a=5)           2.5s
  135      1193.4       484.7    0.4285   0.74   0.34    -1.6000  lv0(a=5)           2.5s
  136      1431.3       403.4    0.4289   0.74   0.34    -1.6000  lv0(a=5)           2.3s
  137      1082.4       425.0    0.4293   0.75   0.34    -1.6000  lv0(a=5)           2.2s
  138      1115.3       384.4    0.4298   0.75   0.34    -1.6000  lv0(a=5)           2.3s
  139      1069.2       403.3    0.4303   0.76   0.35    -1.6000  lv0(a=5)           2.3s
  [probe] gen=140 score=322.3 net=1.964 fell=1.000
  140      1429.2       470.1    0.4309   0.76   0.35    -1.6000  lv0(a=5)           2.6s
  141      1240.8       373.6    0.4315   0.76   0.35    -1.6000  lv0(a=5)           2.2s
  142      1209.3       366.7    0.4321   0.77   0.35    -1.6000  lv0(a=5)           2.2s
  143      1098.6       228.0    0.4327   0.77   0.36    -1.6000  lv0(a=5)           2.1s
  144      1184.4       380.0    0.4334   0.78   0.36    -1.6000  lv0(a=5)           2.1s
  145      1258.7       412.3    0.4339   0.78   0.36    -1.6000  lv0(a=5)           2.3s
  146      1083.7       303.5    0.4344   0.78   0.36    -1.6000  lv0(a=5)           2.1s
  147       961.2       328.7    0.4346   0.79   0.37    -1.6000  lv0(a=5)           2.2s
  148      1188.6       259.4    0.4347   0.79   0.37    -1.6000  lv0(a=5)           2.1s
  149      1112.1       435.7    0.4348   0.80   0.37    -1.6000  lv0(a=5)           2.2s
  [probe] gen=150 score=644.2 net=3.370 fell=1.000 [new best earth]
  [plot] Saved fitness curve → experiments/thesis/archive_based/seed_05/fitness_curve.png
  150      1098.2       360.5    0.4347   0.80   0.38    -1.6000  lv0(a=5)           2.2s
  151      1327.0       451.7    0.4348   0.80   0.38    -1.6000  lv0(a=5)           2.2s
  152      1062.2       474.8    0.4347   0.81   0.38    -1.6000  lv0(a=5)           2.2s
  153      1333.7       457.1    0.4347   0.81   0.38    -1.6000  lv0(a=5)           2.4s
  154      1046.2       425.1    0.4347   0.82   0.39    -1.6000  lv0(a=5)           2.2s
  155      1254.2       402.5    0.4347   0.82   0.39    -1.6000  lv0(a=5)           2.3s
  156      1337.0       385.3    0.4348   0.82   0.39    -1.6000  lv0(a=5)           2.2s
  157      1321.5       642.0    0.4350   0.83   0.39    -1.6000  lv0(a=5)           2.4s
  158      1162.6       443.2    0.4352   0.83   0.40    -1.6000  lv0(a=5)           2.4s
  159      1389.3       422.0    0.4354   0.84   0.40    -1.6000  lv0(a=5)           2.2s
  [probe] gen=160 score=308.8 net=2.307 fell=1.000
  160      1283.0       455.8    0.4354   0.84   0.40    -1.6000  lv0(a=5)           2.4s
  161      1323.4       610.3    0.4354   0.84   0.40    -1.6000  lv0(a=5)           2.5s
  162      1360.9       599.5    0.4354   0.85   0.41    -1.6000  lv0(a=5)           2.6s
  163      1212.0       630.2    0.4353   0.85   0.41    -1.6000  lv0(a=5)           3.0s
  164      1355.5       404.1    0.4352   0.86   0.41    -1.6000  lv0(a=5)           2.3s
  165      1097.7       547.2    0.4352   0.86   0.41    -1.6000  lv0(a=5)           2.4s
  [stage] gen=166  gravity -1.60 → -3.00  ES restarted  remaining=333
  166      1059.1       486.4    0.5000   0.86   0.41    -1.6000  lv0(a=5)           2.9s
  167       752.1       147.2    0.4903   0.87   0.42    -3.0000  lv1(a=0)           1.9s
  168      1290.9       226.7    0.4820   0.87   0.42    -3.0000  lv1(a=1)           2.1s
  169       603.9       142.0    0.4746   0.88   0.42    -3.0000  lv1(a=2)           1.6s
  [probe] gen=170 score=378.4 net=2.539 fell=1.000
  170      1034.7       362.2    0.4679   0.88   0.42    -3.0000  lv1(a=3)           1.9s
  171       913.7       321.7    0.4619   0.88   0.43    -3.0000  lv1(a=4)           1.7s
  172      1126.3       375.1    0.4564   0.89   0.43    -3.0000  lv1(a=5)           1.9s
  173       694.4       307.0    0.4514   0.89   0.43    -3.0000  lv1(a=5)           1.9s
  174       914.3       347.7    0.4467   0.90   0.43    -3.0000  lv1(a=5)           1.8s
  [plot] Saved fitness curve → experiments/thesis/archive_based/seed_05/fitness_curve.png
  175      1077.2       414.4    0.4423   0.90   0.44    -3.0000  lv1(a=5)           2.1s
  176       883.9       360.2    0.4384   0.90   0.44    -3.0000  lv1(a=5)           2.0s
  177       939.9       390.6    0.4346   0.91   0.44    -3.0000  lv1(a=5)           2.0s
  178      1363.9       391.5    0.4310   0.91   0.45    -3.0000  lv1(a=5)           1.9s
  179      1015.1       379.0    0.4277   0.92   0.45    -3.0000  lv1(a=5)           1.9s
  [probe] gen=180 score=218.7 net=1.737 fell=1.000
  180      1309.5       444.6    0.4246   0.92   0.45    -3.0000  lv1(a=5)           2.1s
  181      1131.2       351.7    0.4217   0.92   0.45    -3.0000  lv1(a=5)           2.1s
  182      1299.6       475.8    0.4191   0.93   0.46    -3.0000  lv1(a=5)           2.8s
  183      1298.3       405.3    0.4167   0.93   0.46    -3.0000  lv1(a=5)           2.3s
  184      1358.2       409.7    0.4144   0.94   0.46    -3.0000  lv1(a=5)           2.0s
  185      1199.5       459.0    0.4122   0.94   0.46    -3.0000  lv1(a=5)           2.2s
  186      1638.8       483.1    0.4102   0.94   0.47    -3.0000  lv1(a=5)           2.2s
  187      1434.3       504.9    0.4083   0.95   0.47    -3.0000  lv1(a=5)           2.2s
  188      1271.7       519.3    0.4068   0.95   0.47    -3.0000  lv1(a=5)           2.3s
  189      1268.9       608.6    0.4053   0.96   0.47    -3.0000  lv1(a=5)           2.3s
  [probe] gen=190 score=315.0 net=2.230 fell=1.000
  190      1207.7       461.6    0.4040   0.96   0.47    -3.0000  lv1(a=5)           2.2s
  191      1259.8       450.8    0.4027   0.96   0.48    -3.0000  lv1(a=5)           2.2s
  192      1126.3       461.5    0.4015   0.97   0.48    -3.0000  lv1(a=5)           2.0s
  193      1230.9       484.5    0.4002   0.97   0.48    -3.0000  lv1(a=5)           2.1s
  194      1103.9       465.2    0.3992   0.98   0.48    -3.0000  lv1(a=5)           2.0s
  195      1419.6       459.6    0.3982   0.98   0.49    -3.0000  lv1(a=5)           2.1s
  196      1113.9       332.9    0.3973   0.98   0.49    -3.0000  lv1(a=5)           1.9s
  197      1656.4       557.7    0.3963   0.99   0.49    -3.0000  lv1(a=5)           2.2s
  198      1188.2       385.6    0.3955   0.99   0.49    -3.0000  lv1(a=5)           2.0s
  199      1516.8       436.8    0.3947   1.00   0.50    -3.0000  lv1(a=5)           2.0s
  [probe] gen=200 score=605.6 net=3.594 fell=1.000
  [plot] Saved fitness curve → experiments/thesis/archive_based/seed_05/fitness_curve.png
  200      1341.4       512.2    0.3941   1.00   0.50    -3.0000  lv1(a=5)           2.3s
  201      1064.7       381.3    0.3936   1.00   0.50    -3.0000  lv1(a=5)           2.1s
  202      1399.9       503.6    0.3931   1.00   0.50    -3.0000  lv1(a=5)           2.3s
  203      1507.5       559.8    0.3928   1.00   0.50    -3.0000  lv1(a=5)           2.3s
  204      1354.2       490.7    0.3927   1.00   0.50    -3.0000  lv1(a=5)           2.1s
  205      1175.7       569.3    0.3926   1.00   0.50    -3.0000  lv1(a=5)           2.3s
  206      1129.7       451.8    0.3925   1.00   0.50    -3.0000  lv1(a=5)           2.2s
  207      1109.6       402.2    0.3925   1.00   0.50    -3.0000  lv1(a=5)           2.0s
  208      1256.6       632.9    0.3924   1.00   0.50    -3.0000  lv1(a=5)           2.5s
  209      1287.8       487.6    0.3923   1.00   0.50    -3.0000  lv1(a=5)           2.1s
  [probe] gen=210 score=311.5 net=2.115 fell=1.000
  210      1377.9       587.9    0.3922   1.00   0.50    -3.0000  lv1(a=5)           2.4s
  211      1241.4       501.6    0.3921   1.00   0.50    -3.0000  lv1(a=5)           2.2s
  212      1397.4       554.6    0.3922   1.00   0.50    -3.0000  lv1(a=5)           2.2s
  213      1165.1       536.0    0.3923   1.00   0.50    -3.0000  lv1(a=5)           2.1s
  214      1179.2       466.4    0.3925   1.00   0.50    -3.0000  lv1(a=5)           2.3s
  215      1127.9       467.3    0.3925   1.00   0.50    -3.0000  lv1(a=5)           2.4s
  216      1596.7       440.0    0.3926   1.00   0.50    -3.0000  lv1(a=5)           2.2s
  217      1017.5       403.6    0.3928   1.00   0.50    -3.0000  lv1(a=5)           2.5s
  218      1257.7       557.5    0.3930   1.00   0.50    -3.0000  lv1(a=5)           2.6s
  219      1207.6       470.2    0.3932   1.00   0.50    -3.0000  lv1(a=5)           2.3s
  [probe] gen=220 score=556.1 net=3.159 fell=1.000
  220      1255.4       449.3    0.3934   1.00   0.50    -3.0000  lv1(a=5)           2.2s
  221      1145.2       361.3    0.3937   1.00   0.50    -3.0000  lv1(a=5)           2.2s
  222       924.1       263.5    0.3938   1.00   0.50    -3.0000  lv1(a=5)           2.0s
  223      1250.1       326.5    0.3939   1.00   0.50    -3.0000  lv1(a=5)           2.0s
  224      1084.2       405.2    0.3939   1.00   0.50    -3.0000  lv1(a=5)           2.0s
  [plot] Saved fitness curve → experiments/thesis/archive_based/seed_05/fitness_curve.png
  225      1226.7       363.1    0.3941   1.00   0.50    -3.0000  lv1(a=5)           1.9s
  226       952.4       424.4    0.3941   1.00   0.50    -3.0000  lv1(a=5)           2.0s
  [stage] gen=227  gravity -3.00 → -5.00  ES restarted  remaining=272
  227      1158.8       475.8    0.5000   1.00   0.50    -3.0000  lv1(a=5)           2.1s
  228       902.8       157.7    0.4904   1.00   0.50    -5.0000  lv2(a=0)           1.4s
  229      1020.9       266.1    0.4819   1.00   0.50    -5.0000  lv2(a=1)           1.7s
  [probe] gen=230 score=281.9 net=2.084 fell=1.000
  230      1089.1       239.4    0.4745   1.00   0.50    -5.0000  lv2(a=2)           1.9s
  231       899.7       267.1    0.4678   1.00   0.50    -5.0000  lv2(a=3)           1.7s
  232      1699.2       280.9    0.4617   1.00   0.50    -5.0000  lv2(a=4)           1.7s
  233      1017.5       397.7    0.4562   1.00   0.50    -5.0000  lv2(a=5)           2.1s
  234      1100.8       397.7    0.4512   1.00   0.50    -5.0000  lv2(a=5)           2.1s
  235      1058.9       417.3    0.4465   1.00   0.50    -5.0000  lv2(a=5)           2.1s
  236       928.6       285.2    0.4422   1.00   0.50    -5.0000  lv2(a=5)           2.2s
  237       963.2       339.8    0.4382   1.00   0.50    -5.0000  lv2(a=5)           2.1s
  238       946.5       371.5    0.4344   1.00   0.50    -5.0000  lv2(a=5)           1.9s
  239      1204.1       440.0    0.4310   1.00   0.50    -5.0000  lv2(a=5)           2.1s
  [probe] gen=240 score=583.8 net=3.324 fell=0.900
  240      1203.8       426.3    0.4280   1.00   0.50    -5.0000  lv2(a=5)           2.1s
  241       996.3       474.6    0.4253   1.00   0.50    -5.0000  lv2(a=5)           2.4s
  242      1072.1       342.4    0.4228   1.00   0.50    -5.0000  lv2(a=5)           2.1s
  243       972.3       414.3    0.4205   1.00   0.50    -5.0000  lv2(a=5)           2.3s
  244      1334.7       350.4    0.4183   1.00   0.50    -5.0000  lv2(a=5)           2.1s
  245       897.6       450.1    0.4165   1.00   0.50    -5.0000  lv2(a=5)           2.1s
  246      1192.8       494.6    0.4148   1.00   0.50    -5.0000  lv2(a=5)           2.7s
  247      1587.6       461.9    0.4132   1.00   0.50    -5.0000  lv2(a=5)           2.4s
  248      1333.6       522.4    0.4116   1.00   0.50    -5.0000  lv2(a=5)           2.5s
  249      1296.8       536.0    0.4100   1.00   0.50    -5.0000  lv2(a=5)           2.5s
  [probe] gen=250 score=487.0 net=2.975 fell=1.000
  [plot] Saved fitness curve → experiments/thesis/archive_based/seed_05/fitness_curve.png
  250      1286.5       526.3    0.4085   1.00   0.50    -5.0000  lv2(a=5)           2.8s
  251      1245.4       541.3    0.4070   1.00   0.50    -5.0000  lv2(a=5)           2.7s
  252      1145.9       507.7    0.4058   1.00   0.50    -5.0000  lv2(a=5)           3.0s
  253       958.4       479.8    0.4045   1.00   0.50    -5.0000  lv2(a=5)           2.8s
  254      1269.9       479.3    0.4032   1.00   0.50    -5.0000  lv2(a=5)           3.0s
  255      1168.8       516.0    0.4019   1.00   0.50    -5.0000  lv2(a=5)           2.7s
  256      1027.5       479.8    0.4008   1.00   0.50    -5.0000  lv2(a=5)           2.6s
  257      1173.4       470.6    0.3998   1.00   0.50    -5.0000  lv2(a=5)           2.4s
  258      1045.3       549.3    0.3987   1.00   0.50    -5.0000  lv2(a=5)           2.7s
  259      1155.4       535.1    0.3977   1.00   0.50    -5.0000  lv2(a=5)           3.3s
  [probe] gen=260 score=627.9 net=3.375 fell=1.000
  260      1071.3       487.8    0.3968   1.00   0.50    -5.0000  lv2(a=5)           2.9s
  261      1147.7       556.8    0.3958   1.00   0.50    -5.0000  lv2(a=5)           3.0s
  [stage] gen=262  gravity -5.00 → -7.00  ES restarted  remaining=237
  262      1144.6       537.7    0.5000   1.00   0.50    -5.0000  lv2(a=5)           2.6s
  263      1679.8       309.3    0.4903   1.00   0.50    -7.0000  lv3(a=0)           1.9s
  264       976.9       229.9    0.4818   1.00   0.50    -7.0000  lv3(a=1)           1.9s
  265       804.8       183.9    0.4743   1.00   0.50    -7.0000  lv3(a=2)           1.8s
  266      1083.7       211.0    0.4676   1.00   0.50    -7.0000  lv3(a=3)           1.9s
  267       868.8       289.6    0.4615   1.00   0.50    -7.0000  lv3(a=4)           1.9s
  268       905.2       356.4    0.4557   1.00   0.50    -7.0000  lv3(a=5)           2.2s
  269       931.3       298.9    0.4502   1.00   0.50    -7.0000  lv3(a=5)           1.7s
  [probe] gen=270 score=422.6 net=2.799 fell=1.000
  270      1158.2       338.7    0.4451   1.00   0.50    -7.0000  lv3(a=5)           1.8s
  271       989.6       365.0    0.4405   1.00   0.50    -7.0000  lv3(a=5)           2.0s
  272       868.3       408.8    0.4363   1.00   0.50    -7.0000  lv3(a=5)           2.1s
  273      1195.8       416.6    0.4324   1.00   0.50    -7.0000  lv3(a=5)           2.1s
  274      1158.4       263.4    0.4288   1.00   0.50    -7.0000  lv3(a=5)           1.7s
  [plot] Saved fitness curve → experiments/thesis/archive_based/seed_05/fitness_curve.png
  275      1146.4       426.3    0.4256   1.00   0.50    -7.0000  lv3(a=5)           1.8s
  276       794.3       280.8    0.4225   1.00   0.50    -7.0000  lv3(a=5)           1.5s
  277       965.9       436.6    0.4197   1.00   0.50    -7.0000  lv3(a=5)           2.0s
  278      1449.6       371.5    0.4169   1.00   0.50    -7.0000  lv3(a=5)           2.2s
  279      1060.6       388.0    0.4143   1.00   0.50    -7.0000  lv3(a=5)           2.0s
  [probe] gen=280 score=822.0 net=4.844 fell=1.000 [new best earth]
  280      1214.2       460.8    0.4121   1.00   0.50    -7.0000  lv3(a=5)           2.1s
  281      1307.8       452.8    0.4100   1.00   0.50    -7.0000  lv3(a=5)           2.1s
  282      1162.3       421.8    0.4081   1.00   0.50    -7.0000  lv3(a=5)           2.0s
  283      1353.0       448.4    0.4062   1.00   0.50    -7.0000  lv3(a=5)           2.1s
  284      1283.7       395.9    0.4045   1.00   0.50    -7.0000  lv3(a=5)           2.2s
  285      1068.1       515.6    0.4029   1.00   0.50    -7.0000  lv3(a=5)           2.0s
  286      1321.3       624.4    0.4013   1.00   0.50    -7.0000  lv3(a=5)           2.4s
  287      1091.4       478.0    0.3998   1.00   0.50    -7.0000  lv3(a=5)           2.1s
  288      1217.5       511.2    0.3983   1.00   0.50    -7.0000  lv3(a=5)           2.2s
  289      1456.0       574.1    0.3970   1.00   0.50    -7.0000  lv3(a=5)           2.2s
  [probe] gen=290 score=1076.3 net=5.765 fell=0.900 [new best earth]
  290      1412.3       547.3    0.3956   1.00   0.50    -7.0000  lv3(a=5)           2.1s
  291      1248.9       588.8    0.3943   1.00   0.50    -7.0000  lv3(a=5)           2.2s
  292      1349.9       610.4    0.3932   1.00   0.50    -7.0000  lv3(a=5)           2.0s
  [stage] gen=293  gravity -7.00 → -9.81  ES restarted  remaining=206
  293      1688.5       588.2    0.5000   1.00   0.50    -7.0000  lv3(a=5)           2.1s
  294       626.3       136.5    0.4904   1.00   0.50    -9.8100  lv4(a=0)           1.2s
  295       844.0       164.7    0.4822   1.00   0.50    -9.8100  lv4(a=1)           1.4s
  296       813.3       165.1    0.4750   1.00   0.50    -9.8100  lv4(a=2)           1.3s
  297      1282.4       284.9    0.4686   1.00   0.50    -9.8100  lv4(a=3)           1.7s
  298      1155.2       291.4    0.4627   1.00   0.50    -9.8100  lv4(a=4)           1.8s
  299       947.0       300.4    0.4572   1.00   0.50    -9.8100  lv4(a=5)           1.7s
  [probe] gen=300 score=728.1 net=2.901 fell=0.000
  [plot] Saved fitness curve → experiments/thesis/archive_based/seed_05/fitness_curve.png
  300       913.0       300.4    0.4521   1.00   0.50    -9.8100  lv4(a=5)           1.8s
  301       933.3       362.4    0.4474   1.00   0.50    -9.8100  lv4(a=5)           1.9s
  302      1150.4       312.2    0.4430   1.00   0.50    -9.8100  lv4(a=5)           1.9s
  303       997.4       270.5    0.4390   1.00   0.50    -9.8100  lv4(a=5)           1.8s
  304      1266.5       265.3    0.4352   1.00   0.50    -9.8100  lv4(a=5)           1.7s
  305      1630.9       386.8    0.4318   1.00   0.50    -9.8100  lv4(a=5)           2.1s
  306      1084.0       313.2    0.4286   1.00   0.50    -9.8100  lv4(a=5)           1.8s
  307      1353.2       356.8    0.4257   1.00   0.50    -9.8100  lv4(a=5)           1.9s
  308      1042.4       450.8    0.4229   1.00   0.50    -9.8100  lv4(a=5)           1.9s
  309      1059.1       429.7    0.4206   1.00   0.50    -9.8100  lv4(a=5)           2.1s
  [probe] gen=310 score=600.4 net=3.581 fell=1.000
  310      1410.1       423.0    0.4184   1.00   0.50    -9.8100  lv4(a=5)           2.0s
  311      1339.7       364.1    0.4164   1.00   0.50    -9.8100  lv4(a=5)           1.5s
  312      1053.0       445.9    0.4146   1.00   0.50    -9.8100  lv4(a=5)           1.8s
  313      1357.1       388.2    0.4130   1.00   0.50    -9.8100  lv4(a=5)           1.9s
  314       969.5       403.5    0.4115   1.00   0.50    -9.8100  lv4(a=5)           1.9s
  315      1510.9       476.2    0.4100   1.00   0.50    -9.8100  lv4(a=5)           2.1s
  316      1510.5       502.8    0.4087   1.00   0.50    -9.8100  lv4(a=5)           2.0s
  317      1492.4       553.6    0.4073   1.00   0.50    -9.8100  lv4(a=5)           2.4s
  318      1352.8       537.4    0.4061   1.00   0.50    -9.8100  lv4(a=5)           2.1s
  319      1567.0       486.4    0.4050   1.00   0.50    -9.8100  lv4(a=5)           2.1s
  [probe] gen=320 score=1100.5 net=5.203 fell=0.400 [new best earth]
  320      1235.1       565.0    0.4040   1.00   0.50    -9.8100  lv4(a=5)           2.3s
  321      1283.5       468.1    0.4031   1.00   0.50    -9.8100  lv4(a=5)           1.9s
  322      1245.2       518.2    0.4023   1.00   0.50    -9.8100  lv4(a=5)           2.4s
  323      1405.2       461.6    0.4015   1.00   0.50    -9.8100  lv4(a=5)           2.3s
  324      1316.1       593.4    0.4007   1.00   0.50    -9.8100  lv4(a=5)           2.6s
  [plot] Saved fitness curve → experiments/thesis/archive_based/seed_05/fitness_curve.png
  325      1366.3       572.5    0.4001   1.00   0.50    -9.8100  lv4(a=5)           2.6s
  326      1163.3       429.8    0.3994   1.00   0.50    -9.8100  lv4(a=5)           2.0s
  327      1348.8       455.1    0.3985   1.00   0.50    -9.8100  lv4(a=5)           2.2s
  328      1580.2       515.2    0.3980   1.00   0.50    -9.8100  lv4(a=5)           2.2s
  329      1194.4       375.0    0.3974   1.00   0.50    -9.8100  lv4(a=5)           1.7s
  [probe] gen=330 score=1684.3 net=8.417 fell=0.200 [new best earth]
  330      1769.9       639.5    0.3970   1.00   0.50    -9.8100  lv4(a=5)           2.4s
  331      1713.3       627.5    0.3965   1.00   0.50    -9.8100  lv4(a=5)           2.1s
  332      1493.6       501.3    0.3961   1.00   0.50    -9.8100  lv4(a=5)           1.9s
  333      1486.7       560.0    0.3957   1.00   0.50    -9.8100  lv4(a=5)           2.5s
  334      1294.7       579.5    0.3953   1.00   0.50    -9.8100  lv4(a=5)           2.0s
  335      1685.2       771.8    0.3951   1.00   0.50    -9.8100  lv4(a=5)           2.7s
  336      1653.7       632.4    0.3948   1.00   0.50    -9.8100  lv4(a=5)           2.1s
  337      1782.5       617.2    0.3945   1.00   0.50    -9.8100  lv4(a=5)           2.1s
  338      1475.4       631.1    0.3943   1.00   0.50    -9.8100  lv4(a=5)           2.1s
  339      1681.4       662.4    0.3940   1.00   0.50    -9.8100  lv4(a=5)           2.5s
  [probe] gen=340 score=1271.8 net=6.489 fell=0.400
  340      1748.9       717.5    0.3938   1.00   0.50    -9.8100  lv4(a=5)           2.1s
  341      1603.7       688.3    0.3935   1.00   0.50    -9.8100  lv4(a=5)           2.0s
  342      1604.7       632.1    0.3932   1.00   0.50    -9.8100  lv4(a=5)           2.2s
  343      1624.0       816.5    0.3929   1.00   0.50    -9.8100  lv4(a=5)           2.5s
  344      1516.3       528.8    0.3928   1.00   0.50    -9.8100  lv4(a=5)           2.1s
  345      1863.5       751.7    0.3927   1.00   0.50    -9.8100  lv4(a=5)           2.7s
  346      1268.6       551.2    0.3926   1.00   0.50    -9.8100  lv4(a=5)           1.9s
  347      1504.1       715.8    0.3924   1.00   0.50    -9.8100  lv4(a=5)           2.4s
  348      1823.9       588.4    0.3923   1.00   0.50    -9.8100  lv4(a=5)           2.0s
  349      1680.2       662.5    0.3921   1.00   0.50    -9.8100  lv4(a=5)           2.5s
  [probe] gen=350 score=1464.6 net=7.222 fell=0.200
  [plot] Saved fitness curve → experiments/thesis/archive_based/seed_05/fitness_curve.png
  350      1700.4       743.1    0.3920   1.00   0.50    -9.8100  lv4(a=5)           2.4s
  351      1827.4       719.8    0.3920   1.00   0.50    -9.8100  lv4(a=5)           2.6s
  352      1682.8       705.5    0.3920   1.00   0.50    -9.8100  lv4(a=5)           2.3s
  353      1822.5       760.2    0.3922   1.00   0.50    -9.8100  lv4(a=5)           2.3s
  354      1766.5       761.9    0.3925   1.00   0.50    -9.8100  lv4(a=5)           2.3s
  355      1581.8       585.7    0.3927   1.00   0.50    -9.8100  lv4(a=5)           1.9s
  356      1539.3       715.2    0.3929   1.00   0.50    -9.8100  lv4(a=5)           2.4s
  357      1470.3       702.2    0.3929   1.00   0.50    -9.8100  lv4(a=5)           2.4s
  358      1665.2       683.6    0.3930   1.00   0.50    -9.8100  lv4(a=5)           2.2s
  359      1674.5       576.0    0.3932   1.00   0.50    -9.8100  lv4(a=5)           2.1s
  [probe] gen=360 score=1381.5 net=6.769 fell=0.300
  360      1574.6       822.5    0.3935   1.00   0.50    -9.8100  lv4(a=5)           2.5s
  361      1812.6       873.4    0.3937   1.00   0.50    -9.8100  lv4(a=5)           2.4s
  362      1668.6       710.6    0.3938   1.00   0.50    -9.8100  lv4(a=5)           2.1s
  363      1660.9       650.1    0.3940   1.00   0.50    -9.8100  lv4(a=5)           2.2s
  364      1817.3       767.9    0.3942   1.00   0.50    -9.8100  lv4(a=5)           2.5s
  365      1886.4       753.8    0.3945   1.00   0.50    -9.8100  lv4(a=5)           2.4s
  366      1778.4       849.4    0.3947   1.00   0.50    -9.8100  lv4(a=5)           2.7s
  367      1840.8       689.9    0.3952   1.00   0.50    -9.8100  lv4(a=5)           2.4s
  368      1738.5       687.5    0.3955   1.00   0.50    -9.8100  lv4(a=5)           2.1s
  369      1683.9       919.2    0.3959   1.00   0.50    -9.8100  lv4(a=5)           2.6s
  [probe] gen=370 score=1599.6 net=8.281 fell=0.600
  370      1664.5       898.4    0.3963   1.00   0.50    -9.8100  lv4(a=5)           2.8s
  371      1676.4       738.4    0.3967   1.00   0.50    -9.8100  lv4(a=5)           2.3s
  372      1769.6       842.1    0.3970   1.00   0.50    -9.8100  lv4(a=5)           2.7s
  373      1623.1       807.5    0.3973   1.00   0.50    -9.8100  lv4(a=5)           2.4s
  374      1650.3       809.0    0.3975   1.00   0.50    -9.8100  lv4(a=5)           2.4s
  [plot] Saved fitness curve → experiments/thesis/archive_based/seed_05/fitness_curve.png
  375      1820.0       814.6    0.3976   1.00   0.50    -9.8100  lv4(a=5)           2.3s
  376      1785.4       774.2    0.3978   1.00   0.50    -9.8100  lv4(a=5)           2.5s
  377      1791.7       701.8    0.3982   1.00   0.50    -9.8100  lv4(a=5)           2.1s
  378      1575.8       739.4    0.3984   1.00   0.50    -9.8100  lv4(a=5)           2.1s
  379      1675.0       712.8    0.3984   1.00   0.50    -9.8100  lv4(a=5)           2.2s
  [probe] gen=380 score=1808.9 net=9.098 fell=0.100 [new best earth]
  380      1752.1       699.9    0.3986   1.00   0.50    -9.8100  lv4(a=5)           2.1s
  381      1713.4       780.6    0.3988   1.00   0.50    -9.8100  lv4(a=5)           2.1s
  382      1566.4       671.1    0.3991   1.00   0.50    -9.8100  lv4(a=5)           2.1s
  383      1901.0       788.4    0.3994   1.00   0.50    -9.8100  lv4(a=5)           2.5s
  384      1669.9       643.0    0.3997   1.00   0.50    -9.8100  lv4(a=5)           2.2s
  385      1657.3       652.0    0.4000   1.00   0.50    -9.8100  lv4(a=5)           2.2s
  386      1496.2       730.8    0.4004   1.00   0.50    -9.8100  lv4(a=5)           2.4s
  387      1711.2       823.3    0.4008   1.00   0.50    -9.8100  lv4(a=5)           2.6s
  388      1673.9       921.6    0.4012   1.00   0.50    -9.8100  lv4(a=5)           2.5s
  389      1769.1       746.9    0.4015   1.00   0.50    -9.8100  lv4(a=5)           2.3s
  [probe] gen=390 score=1431.7 net=7.296 fell=0.600
  390      1523.5       704.9    0.4019   1.00   0.50    -9.8100  lv4(a=5)           2.3s
  391      1681.4       766.1    0.4023   1.00   0.50    -9.8100  lv4(a=5)           2.4s
  392      1782.9       495.4    0.4028   1.00   0.50    -9.8100  lv4(a=5)           1.8s
  393      1651.3       863.6    0.4031   1.00   0.50    -9.8100  lv4(a=5)           2.5s
  394      1420.7       574.1    0.4037   1.00   0.50    -9.8100  lv4(a=5)           2.1s
  395      1158.0       529.1    0.4041   1.00   0.50    -9.8100  lv4(a=5)           2.0s
  396      1359.5       672.4    0.4045   1.00   0.50    -9.8100  lv4(a=5)           2.4s
  397      1451.4       591.6    0.4049   1.00   0.50    -9.8100  lv4(a=5)           2.2s
  398      1304.0       528.3    0.4053   1.00   0.50    -9.8100  lv4(a=5)           2.0s
  399      1617.2       621.3    0.4057   1.00   0.50    -9.8100  lv4(a=5)           2.2s
  [probe] gen=400 score=1416.3 net=6.886 fell=0.300
  [plot] Saved fitness curve → experiments/thesis/archive_based/seed_05/fitness_curve.png
  400      1544.0       644.4    0.4058   1.00   0.50    -9.8100  lv4(a=5)           2.6s
  401      1599.7       695.2    0.4061   1.00   0.50    -9.8100  lv4(a=5)           2.2s
  402      1704.1       654.1    0.4065   1.00   0.50    -9.8100  lv4(a=5)           2.3s
  403      1565.0       688.0    0.4070   1.00   0.50    -9.8100  lv4(a=5)           2.6s
  404      1501.5       630.2    0.4076   1.00   0.50    -9.8100  lv4(a=5)           2.5s
  405      1532.6       603.2    0.4082   1.00   0.50    -9.8100  lv4(a=5)           2.3s
  406      1479.3       607.0    0.4087   1.00   0.50    -9.8100  lv4(a=5)           2.3s
  407      1516.1       622.7    0.4092   1.00   0.50    -9.8100  lv4(a=5)           2.4s
  408      1630.8       734.1    0.4095   1.00   0.50    -9.8100  lv4(a=5)           2.5s
  409      1772.0       729.0    0.4100   1.00   0.50    -9.8100  lv4(a=5)           2.1s
  [probe] gen=410 score=1303.3 net=6.195 fell=0.200
  410      1557.4       680.9    0.4104   1.00   0.50    -9.8100  lv4(a=5)           2.2s
  411      1496.4       544.5    0.4110   1.00   0.50    -9.8100  lv4(a=5)           2.2s
  412      1619.1       496.7    0.4114   1.00   0.50    -9.8100  lv4(a=5)           2.2s
  413      1547.3       668.9    0.4115   1.00   0.50    -9.8100  lv4(a=5)           2.4s
  414      1616.2       670.0    0.4118   1.00   0.50    -9.8100  lv4(a=5)           2.5s
  415      1508.1       683.6    0.4122   1.00   0.50    -9.8100  lv4(a=5)           2.3s
  416      1514.8       611.2    0.4124   1.00   0.50    -9.8100  lv4(a=5)           2.2s
  417      1668.4       599.1    0.4128   1.00   0.50    -9.8100  lv4(a=5)           2.2s
  418      1575.6       676.3    0.4132   1.00   0.50    -9.8100  lv4(a=5)           2.5s
  419      1660.5       560.7    0.4137   1.00   0.50    -9.8100  lv4(a=5)           2.1s
  [probe] gen=420 score=1229.8 net=6.455 fell=0.400
  420      1622.2       760.2    0.4143   1.00   0.50    -9.8100  lv4(a=5)           2.3s
  421      1718.9       639.3    0.4149   1.00   0.50    -9.8100  lv4(a=5)           2.4s
  422      1515.7       480.9    0.4155   1.00   0.50    -9.8100  lv4(a=5)           2.1s
  423      1576.3       657.5    0.4161   1.00   0.50    -9.8100  lv4(a=5)           2.4s
  424      1310.2       424.4    0.4164   1.00   0.50    -9.8100  lv4(a=5)           1.9s
  [plot] Saved fitness curve → experiments/thesis/archive_based/seed_05/fitness_curve.png
  425      1694.8       651.7    0.4166   1.00   0.50    -9.8100  lv4(a=5)           2.5s
  426      1519.5       560.0    0.4167   1.00   0.50    -9.8100  lv4(a=5)           2.1s
  427      1782.3       733.5    0.4168   1.00   0.50    -9.8100  lv4(a=5)           2.2s
  428      1716.4       843.5    0.4168   1.00   0.50    -9.8100  lv4(a=5)           2.7s
  429      1668.8       707.8    0.4168   1.00   0.50    -9.8100  lv4(a=5)           2.1s
  [probe] gen=430 score=1567.2 net=7.807 fell=0.100
  430      1749.4       675.8    0.4169   1.00   0.50    -9.8100  lv4(a=5)           2.3s
  431      1682.0       708.9    0.4168   1.00   0.50    -9.8100  lv4(a=5)           2.3s
  432      1588.1       708.0    0.4168   1.00   0.50    -9.8100  lv4(a=5)           2.1s
  433      1437.0       480.2    0.4169   1.00   0.50    -9.8100  lv4(a=5)           2.1s
  434      1545.3       650.4    0.4170   1.00   0.50    -9.8100  lv4(a=5)           2.3s
  435      1722.3       622.4    0.4172   1.00   0.50    -9.8100  lv4(a=5)           2.4s
  436      1580.9       716.9    0.4173   1.00   0.50    -9.8100  lv4(a=5)           2.4s
  437      1512.7       732.0    0.4173   1.00   0.50    -9.8100  lv4(a=5)           2.2s
  438      1797.3       682.7    0.4173   1.00   0.50    -9.8100  lv4(a=5)           2.3s
  439      1536.1       666.9    0.4171   1.00   0.50    -9.8100  lv4(a=5)           2.4s
  [probe] gen=440 score=1536.6 net=7.731 fell=0.300
  440      1646.8       617.6    0.4167   1.00   0.50    -9.8100  lv4(a=5)           2.1s
  441      1613.3       667.4    0.4164   1.00   0.50    -9.8100  lv4(a=5)           2.0s
  442      1674.8       690.0    0.4161   1.00   0.50    -9.8100  lv4(a=5)           2.3s
  443      1483.0       623.1    0.4156   1.00   0.50    -9.8100  lv4(a=5)           2.2s
  444      1675.7       614.0    0.4151   1.00   0.50    -9.8100  lv4(a=5)           2.3s
  445      1632.7       716.5    0.4147   1.00   0.50    -9.8100  lv4(a=5)           2.7s
  446      1519.3       791.6    0.4146   1.00   0.50    -9.8100  lv4(a=5)           2.5s
  447      1659.2       784.1    0.4146   1.00   0.50    -9.8100  lv4(a=5)           2.4s
  448      1545.3       646.0    0.4147   1.00   0.50    -9.8100  lv4(a=5)           2.1s
  449      1596.6       708.7    0.4149   1.00   0.50    -9.8100  lv4(a=5)           2.4s
  [probe] gen=450 score=1395.4 net=6.865 fell=0.400
  [plot] Saved fitness curve → experiments/thesis/archive_based/seed_05/fitness_curve.png
  450      1740.6       751.3    0.4149   1.00   0.50    -9.8100  lv4(a=5)           2.4s
  451      1644.5       801.3    0.4150   1.00   0.50    -9.8100  lv4(a=5)           2.5s
  452      1407.5       726.0    0.4149   1.00   0.50    -9.8100  lv4(a=5)           2.1s
  453      1608.2       659.5    0.4148   1.00   0.50    -9.8100  lv4(a=5)           2.0s
  454      1598.6       742.5    0.4144   1.00   0.50    -9.8100  lv4(a=5)           2.3s
  455      1551.7       653.7    0.4141   1.00   0.50    -9.8100  lv4(a=5)           2.4s
  456      1575.8       732.1    0.4138   1.00   0.50    -9.8100  lv4(a=5)           2.4s
  457      1670.3       782.6    0.4136   1.00   0.50    -9.8100  lv4(a=5)           2.3s
  458      1685.1       866.6    0.4134   1.00   0.50    -9.8100  lv4(a=5)           2.7s
  459      1501.0       746.3    0.4132   1.00   0.50    -9.8100  lv4(a=5)           2.3s
  [probe] gen=460 score=1706.5 net=8.315 fell=0.100
  460      1767.2       715.9    0.4129   1.00   0.50    -9.8100  lv4(a=5)           2.4s
  461      1605.2       731.2    0.4125   1.00   0.50    -9.8100  lv4(a=5)           2.1s
  462      1606.1       548.4    0.4120   1.00   0.50    -9.8100  lv4(a=5)           1.8s
  463      1859.4       789.8    0.4116   1.00   0.50    -9.8100  lv4(a=5)           2.3s
  464      1748.7       709.6    0.4114   1.00   0.50    -9.8100  lv4(a=5)           2.4s
  465      1761.2       687.2    0.4113   1.00   0.50    -9.8100  lv4(a=5)           2.4s
  466      1434.5       500.8    0.4112   1.00   0.50    -9.8100  lv4(a=5)           1.9s
  467      1430.2       558.8    0.4112   1.00   0.50    -9.8100  lv4(a=5)           2.3s
  468      1609.6       509.4    0.4110   1.00   0.50    -9.8100  lv4(a=5)           2.1s
  469      1660.9       607.9    0.4109   1.00   0.50    -9.8100  lv4(a=5)           2.1s
  [probe] gen=470 score=1419.0 net=7.315 fell=0.500
  470      1419.5       574.0    0.4107   1.00   0.50    -9.8100  lv4(a=5)           2.1s
  471      1445.6       496.3    0.4108   1.00   0.50    -9.8100  lv4(a=5)           2.0s
  472      1526.5       594.0    0.4107   1.00   0.50    -9.8100  lv4(a=5)           2.0s
  473      1643.7       700.2    0.4107   1.00   0.50    -9.8100  lv4(a=5)           2.4s
  474      1572.1       652.4    0.4107   1.00   0.50    -9.8100  lv4(a=5)           2.3s
  [plot] Saved fitness curve → experiments/thesis/archive_based/seed_05/fitness_curve.png
  475      1443.0       623.6    0.4107   1.00   0.50    -9.8100  lv4(a=5)           2.1s
  476      1392.9       630.4    0.4109   1.00   0.50    -9.8100  lv4(a=5)           2.2s
  477      1620.7       609.3    0.4110   1.00   0.50    -9.8100  lv4(a=5)           2.4s
  478      1613.2       636.7    0.4110   1.00   0.50    -9.8100  lv4(a=5)           2.4s
  479      1419.3       671.3    0.4110   1.00   0.50    -9.8100  lv4(a=5)           2.3s
  [probe] gen=480 score=1669.0 net=7.990 fell=0.000
  480      1698.2       733.2    0.4109   1.00   0.50    -9.8100  lv4(a=5)           2.5s
  481      1629.5       746.7    0.4110   1.00   0.50    -9.8100  lv4(a=5)           2.3s
  482      1522.7       751.0    0.4108   1.00   0.50    -9.8100  lv4(a=5)           2.2s
  483      1608.8       764.3    0.4107   1.00   0.50    -9.8100  lv4(a=5)           2.5s
  484      1606.9       883.8    0.4106   1.00   0.50    -9.8100  lv4(a=5)           2.8s
  485      1710.6       770.8    0.4104   1.00   0.50    -9.8100  lv4(a=5)           2.5s
  486      1559.8       847.9    0.4103   1.00   0.50    -9.8100  lv4(a=5)           2.7s
  487      1589.7       787.9    0.4101   1.00   0.50    -9.8100  lv4(a=5)           2.2s
  488      1681.2       804.5    0.4100   1.00   0.50    -9.8100  lv4(a=5)           2.5s
  489      2002.6       859.1    0.4100   1.00   0.50    -9.8100  lv4(a=5)           2.8s
  [probe] gen=490 score=1768.3 net=8.729 fell=0.100
  490      1728.9       798.7    0.4101   1.00   0.50    -9.8100  lv4(a=5)           2.3s
  491      1619.4       732.5    0.4100   1.00   0.50    -9.8100  lv4(a=5)           2.3s
  492      1688.2       878.8    0.4100   1.00   0.50    -9.8100  lv4(a=5)           2.6s
  493      1748.2       922.9    0.4101   1.00   0.50    -9.8100  lv4(a=5)           2.8s
  494      1823.1      1037.5    0.4102   1.00   0.50    -9.8100  lv4(a=5)           2.9s
  495      1736.5       838.8    0.4105   1.00   0.50    -9.8100  lv4(a=5)           2.6s
  496      1646.8       855.5    0.4107   1.00   0.50    -9.8100  lv4(a=5)           2.9s
  497      1917.7       881.4    0.4109   1.00   0.50    -9.8100  lv4(a=5)           2.8s
  498      1781.2       775.5    0.4113   1.00   0.50    -9.8100  lv4(a=5)           2.3s
  499      1663.4       699.3    0.4117   1.00   0.50    -9.8100  lv4(a=5)           2.5s
  [plot] Saved fitness curve → experiments/thesis/archive_based/seed_05/fitness_curve.png

Training complete. Best fitness: 2002.6
Best params → experiments/thesis/archive_based/seed_05/checkpoints/best_params.npy
Fitness curve → experiments/thesis/archive_based/seed_05/fitness_curve.png
Eval params  → best_earth_params (earth probe score: 1808.9)
Final Earth scorecard | score=1702.0 net=8.383 fell=0.050
Gravity sweep | gravities=5 mean_net=7.777 worst_net=6.970
  [exp] Wrote experiments/thesis/archive_based/seed_05/experiment.json
  [exp] Wrote experiments/thesis/archive_based/seed_05/training_log.csv
  [exp] Wrote experiments/thesis/archive_based/seed_05/earth_probe.csv
  [exp] Wrote experiments/thesis/archive_based/seed_05/gravity_sweep.csv
  [exp] Wrote experiments/thesis/archive_based/seed_05/summary.json
