Walker2d-v5 | policy=CPG  params=504
Curriculum   : ArchiveBased  [-1.6→-3.0→-5.0→-7.0→-9.81]  plateau=30gen  archive_size=5
Run context | seed=2 arm=archive_based run_id=archive_based_seed_02

Schedule | penalty_min=0.20 penalty_ramp_gen=200 corr_min=0.00 corr_max=0.50 corr_ramp_gen=200

Starting CMA-ES | pop=40 | sigma0=0.5 | max_gen=500 | workers=8 | seed=2
Checkpoints → experiments/thesis/archive_based/seed_02/checkpoints/

  Gen        Best        Mean     Sigma    Pen   Corr    Gravity  Phase              Time
------------------------------------------------------------------------------------
  [probe] gen=0 score=-394.2 net=-0.197 fell=1.000 [new best earth]
  [plot] Saved fitness curve → experiments/thesis/archive_based/seed_02/fitness_curve.png
    0       -49.5       -75.9    0.4905   0.20   0.00    -1.6000  lv0(a=0)           1.6s
    1       -59.4       -75.3    0.4820   0.20   0.00    -1.6000  lv0(a=1)           0.2s
    2       -60.7       -76.6    0.4745   0.21   0.01    -1.6000  lv0(a=2)           0.2s
    3       -59.8       -79.1    0.4678   0.21   0.01    -1.6000  lv0(a=3)           0.2s
    4       -56.8       -76.1    0.4619   0.22   0.01    -1.6000  lv0(a=4)           0.2s
    5       -59.1       -77.5    0.4565   0.22   0.01    -1.6000  lv0(a=5)           0.2s
    6       -57.9       -75.2    0.4516   0.22   0.01    -1.6000  lv0(a=5)           0.3s
    7       -56.0       -71.9    0.4471   0.23   0.02    -1.6000  lv0(a=5)           0.2s
    8       -56.4       -71.4    0.4428   0.23   0.02    -1.6000  lv0(a=5)           0.3s
    9       -53.2       -69.6    0.4388   0.24   0.02    -1.6000  lv0(a=5)           0.3s
  [probe] gen=10 score=-388.2 net=-0.115 fell=1.000 [new best earth]
   10       -35.1       -67.8    0.4350   0.24   0.03    -1.6000  lv0(a=5)           0.3s
   11       -35.7       -64.7    0.4317   0.24   0.03    -1.6000  lv0(a=5)           0.4s
   12       -39.4       -60.6    0.4285   0.25   0.03    -1.6000  lv0(a=5)           0.5s
   13       -17.1       -52.5    0.4254   0.25   0.03    -1.6000  lv0(a=5)           0.5s
   14       -16.8       -50.9    0.4224   0.26   0.04    -1.6000  lv0(a=5)           0.6s
   15         5.7       -44.5    0.4199   0.26   0.04    -1.6000  lv0(a=5)           0.7s
   16       115.3       -23.5    0.4175   0.26   0.04    -1.6000  lv0(a=5)           0.8s
   17       204.9        -8.0    0.4153   0.27   0.04    -1.6000  lv0(a=5)           1.2s
   18       299.5        -9.3    0.4133   0.27   0.04    -1.6000  lv0(a=5)           1.1s
   19       259.5        12.5    0.4114   0.28   0.05    -1.6000  lv0(a=5)           1.2s
  [probe] gen=20 score=-377.7 net=-0.310 fell=1.000 [new best earth]
   20       213.6        65.3    0.4097   0.28   0.05    -1.6000  lv0(a=5)           1.3s
   21       210.3       112.9    0.4084   0.28   0.05    -1.6000  lv0(a=5)           1.4s
   22       351.4       134.5    0.4072   0.29   0.06    -1.6000  lv0(a=5)           1.5s
   23       323.8       138.2    0.4064   0.29   0.06    -1.6000  lv0(a=5)           2.0s
   24       244.9       134.2    0.4056   0.30   0.06    -1.6000  lv0(a=5)           1.8s
  [plot] Saved fitness curve → experiments/thesis/archive_based/seed_02/fitness_curve.png
   25       301.8       112.0    0.4048   0.30   0.06    -1.6000  lv0(a=5)           2.1s
   26       389.0        94.6    0.4041   0.30   0.07    -1.6000  lv0(a=5)           2.0s
   27       449.4       156.2    0.4034   0.31   0.07    -1.6000  lv0(a=5)           2.0s
   28       301.2        97.3    0.4028   0.31   0.07    -1.6000  lv0(a=5)           2.1s
   29       320.7        95.5    0.4021   0.32   0.07    -1.6000  lv0(a=5)           2.1s
  [probe] gen=30 score=-358.5 net=-0.181 fell=1.000 [new best earth]
   30       451.1       118.8    0.4014   0.32   0.07    -1.6000  lv0(a=5)           2.0s
   31       347.6       120.1    0.4008   0.32   0.08    -1.6000  lv0(a=5)           2.2s
   32       353.9        78.8    0.4003   0.33   0.08    -1.6000  lv0(a=5)           1.9s
   33       361.7       126.2    0.3998   0.33   0.08    -1.6000  lv0(a=5)           1.9s
   34       443.0       181.3    0.3991   0.34   0.09    -1.6000  lv0(a=5)           1.8s
   35       527.9       137.1    0.3984   0.34   0.09    -1.6000  lv0(a=5)           2.1s
   36       476.4       163.7    0.3977   0.34   0.09    -1.6000  lv0(a=5)           2.3s
   37       467.9       167.8    0.3970   0.35   0.09    -1.6000  lv0(a=5)           2.0s
   38       460.2       179.5    0.3963   0.35   0.10    -1.6000  lv0(a=5)           2.0s
   39       416.7       169.7    0.3958   0.36   0.10    -1.6000  lv0(a=5)           2.1s
  [probe] gen=40 score=64.8 net=1.181 fell=1.000 [new best earth]
   40       517.9       179.4    0.3954   0.36   0.10    -1.6000  lv0(a=5)           1.7s
   41       558.5       199.1    0.3950   0.36   0.10    -1.6000  lv0(a=5)           1.8s
   42       608.1       184.2    0.3946   0.37   0.10    -1.6000  lv0(a=5)           2.0s
   43       474.3       212.0    0.3943   0.37   0.11    -1.6000  lv0(a=5)           1.8s
   44       440.3       159.2    0.3940   0.38   0.11    -1.6000  lv0(a=5)           2.2s
   45       468.5       151.4    0.3938   0.38   0.11    -1.6000  lv0(a=5)           2.0s
   46       450.1       167.7    0.3935   0.38   0.12    -1.6000  lv0(a=5)           2.1s
   47       533.0       130.2    0.3932   0.39   0.12    -1.6000  lv0(a=5)           2.1s
   48       606.7       209.2    0.3927   0.39   0.12    -1.6000  lv0(a=5)           2.1s
   49       510.2       167.3    0.3922   0.40   0.12    -1.6000  lv0(a=5)           1.9s
  [probe] gen=50 score=-452.0 net=-0.935 fell=1.000
  [plot] Saved fitness curve → experiments/thesis/archive_based/seed_02/fitness_curve.png
   50       579.1       202.8    0.3916   0.40   0.12    -1.6000  lv0(a=5)           2.0s
   51       546.6       172.1    0.3910   0.40   0.13    -1.6000  lv0(a=5)           1.9s
   52       640.6       257.0    0.3904   0.41   0.13    -1.6000  lv0(a=5)           1.8s
   53       723.2       245.3    0.3901   0.41   0.13    -1.6000  lv0(a=5)           2.0s
   54       588.7       245.5    0.3897   0.42   0.14    -1.6000  lv0(a=5)           2.0s
   55       757.8       243.7    0.3893   0.42   0.14    -1.6000  lv0(a=5)           1.9s
   56       570.2       191.4    0.3889   0.42   0.14    -1.6000  lv0(a=5)           1.9s
   57       607.4       264.0    0.3884   0.43   0.14    -1.6000  lv0(a=5)           2.1s
   58       630.0       238.7    0.3880   0.43   0.14    -1.6000  lv0(a=5)           1.9s
   59       646.0       301.7    0.3877   0.44   0.15    -1.6000  lv0(a=5)           2.1s
  [probe] gen=60 score=222.8 net=1.791 fell=1.000 [new best earth]
   60       852.1       259.6    0.3873   0.44   0.15    -1.6000  lv0(a=5)           2.5s
   61       895.5       340.0    0.3869   0.44   0.15    -1.6000  lv0(a=5)           2.4s
   62       756.6       292.6    0.3865   0.45   0.15    -1.6000  lv0(a=5)           2.4s
   63       804.9       235.7    0.3859   0.45   0.16    -1.6000  lv0(a=5)           2.2s
   64       718.3       239.2    0.3855   0.46   0.16    -1.6000  lv0(a=5)           2.1s
   65       596.2       243.4    0.3850   0.46   0.16    -1.6000  lv0(a=5)           2.1s
   66      1033.5       267.9    0.3845   0.46   0.17    -1.6000  lv0(a=5)           2.3s
   67       825.2       252.1    0.3839   0.47   0.17    -1.6000  lv0(a=5)           2.0s
   68       775.0       268.5    0.3833   0.47   0.17    -1.6000  lv0(a=5)           2.0s
   69      1022.0       319.7    0.3828   0.48   0.17    -1.6000  lv0(a=5)           2.2s
  [probe] gen=70 score=-450.7 net=-0.901 fell=1.000
   70       807.1       184.6    0.3823   0.48   0.17    -1.6000  lv0(a=5)           2.1s
   71       764.5       227.2    0.3819   0.48   0.18    -1.6000  lv0(a=5)           1.9s
   72       799.6       251.8    0.3815   0.49   0.18    -1.6000  lv0(a=5)           2.2s
   73       800.6       334.7    0.3810   0.49   0.18    -1.6000  lv0(a=5)           2.5s
   74       904.5       293.6    0.3805   0.50   0.18    -1.6000  lv0(a=5)           2.1s
  [plot] Saved fitness curve → experiments/thesis/archive_based/seed_02/fitness_curve.png
   75       943.9       282.6    0.3800   0.50   0.19    -1.6000  lv0(a=5)           2.3s
   76       759.7       202.4    0.3797   0.50   0.19    -1.6000  lv0(a=5)           2.4s
   77       771.5       294.6    0.3792   0.51   0.19    -1.6000  lv0(a=5)           2.1s
   78       824.4       317.0    0.3788   0.51   0.20    -1.6000  lv0(a=5)           2.3s
   79       786.1       278.3    0.3782   0.52   0.20    -1.6000  lv0(a=5)           2.0s
  [probe] gen=80 score=143.3 net=1.493 fell=1.000
   80      1044.7       393.7    0.3777   0.52   0.20    -1.6000  lv0(a=5)           2.2s
   81      1012.0       343.2    0.3772   0.52   0.20    -1.6000  lv0(a=5)           2.2s
   82       964.7       377.5    0.3767   0.53   0.20    -1.6000  lv0(a=5)           2.0s
   83       944.9       323.3    0.3763   0.53   0.21    -1.6000  lv0(a=5)           2.2s
   84       749.3       343.7    0.3759   0.54   0.21    -1.6000  lv0(a=5)           1.9s
   85       788.5       352.9    0.3756   0.54   0.21    -1.6000  lv0(a=5)           2.1s
   86      1067.5       355.5    0.3752   0.54   0.21    -1.6000  lv0(a=5)           2.2s
   87       906.7       402.2    0.3748   0.55   0.22    -1.6000  lv0(a=5)           2.3s
   88       837.6       459.4    0.3746   0.55   0.22    -1.6000  lv0(a=5)           2.5s
   89       965.3       291.4    0.3743   0.56   0.22    -1.6000  lv0(a=5)           2.0s
  [probe] gen=90 score=9.4 net=0.729 fell=1.000
   90      1084.3       429.5    0.3743   0.56   0.23    -1.6000  lv0(a=5)           2.3s
   91      1004.0       397.4    0.3741   0.56   0.23    -1.6000  lv0(a=5)           2.2s
   92      1199.4       426.9    0.3742   0.57   0.23    -1.6000  lv0(a=5)           2.1s
   93       966.5       342.9    0.3741   0.57   0.23    -1.6000  lv0(a=5)           2.1s
   94       846.6       301.2    0.3738   0.58   0.23    -1.6000  lv0(a=5)           2.0s
   95       980.7       358.4    0.3735   0.58   0.24    -1.6000  lv0(a=5)           2.2s
   96      1099.6       365.2    0.3731   0.58   0.24    -1.6000  lv0(a=5)           2.3s
   97       916.0       362.6    0.3727   0.59   0.24    -1.6000  lv0(a=5)           2.0s
   98      1173.1       490.3    0.3725   0.59   0.24    -1.6000  lv0(a=5)           2.2s
   99      1155.9       433.2    0.3721   0.60   0.25    -1.6000  lv0(a=5)           2.1s
  [probe] gen=100 score=-175.0 net=0.041 fell=1.000
  [plot] Saved fitness curve → experiments/thesis/archive_based/seed_02/fitness_curve.png
  100      1274.9       387.7    0.3718   0.60   0.25    -1.6000  lv0(a=5)           2.1s
  101      1147.3       372.8    0.3713   0.60   0.25    -1.6000  lv0(a=5)           1.9s
  102       972.9       347.7    0.3711   0.61   0.26    -1.6000  lv0(a=5)           2.0s
  103      1043.5       245.7    0.3709   0.61   0.26    -1.6000  lv0(a=5)           1.9s
  104      1145.2       393.1    0.3707   0.62   0.26    -1.6000  lv0(a=5)           2.3s
  105      1101.7       379.6    0.3703   0.62   0.26    -1.6000  lv0(a=5)           2.0s
  106      1044.4       444.1    0.3700   0.62   0.27    -1.6000  lv0(a=5)           2.2s
  107       966.9       243.1    0.3697   0.63   0.27    -1.6000  lv0(a=5)           1.7s
  108      1032.6       320.1    0.3695   0.63   0.27    -1.6000  lv0(a=5)           1.9s
  109      1088.9       275.0    0.3693   0.64   0.27    -1.6000  lv0(a=5)           2.0s
  [probe] gen=110 score=198.0 net=1.737 fell=1.000
  110       989.6       307.1    0.3691   0.64   0.28    -1.6000  lv0(a=5)           1.9s
  111      1102.8       351.6    0.3688   0.64   0.28    -1.6000  lv0(a=5)           2.0s
  112      1083.8       428.7    0.3685   0.65   0.28    -1.6000  lv0(a=5)           2.1s
  113       922.4       384.3    0.3683   0.65   0.28    -1.6000  lv0(a=5)           2.0s
  114      1199.2       514.7    0.3682   0.66   0.28    -1.6000  lv0(a=5)           2.2s
  115      1151.4       436.8    0.3680   0.66   0.29    -1.6000  lv0(a=5)           2.3s
  116      1082.1       341.2    0.3678   0.66   0.29    -1.6000  lv0(a=5)           2.3s
  117      1241.7       439.5    0.3676   0.67   0.29    -1.6000  lv0(a=5)           2.2s
  118      1020.0       332.4    0.3673   0.67   0.29    -1.6000  lv0(a=5)           1.9s
  119      1092.4       325.0    0.3670   0.68   0.30    -1.6000  lv0(a=5)           2.0s
  [probe] gen=120 score=364.2 net=2.440 fell=1.000 [new best earth]
  120      1427.9       446.2    0.3668   0.68   0.30    -1.6000  lv0(a=5)           2.1s
  121      1323.6       393.1    0.3667   0.68   0.30    -1.6000  lv0(a=5)           2.0s
  122      1298.3       462.3    0.3665   0.69   0.30    -1.6000  lv0(a=5)           2.2s
  123      1369.2       507.9    0.3662   0.69   0.31    -1.6000  lv0(a=5)           2.3s
  124      1250.7       369.7    0.3659   0.70   0.31    -1.6000  lv0(a=5)           2.2s
  [plot] Saved fitness curve → experiments/thesis/archive_based/seed_02/fitness_curve.png
  125       968.2       449.1    0.3656   0.70   0.31    -1.6000  lv0(a=5)           2.3s
  126      1265.3       347.2    0.3653   0.70   0.32    -1.6000  lv0(a=5)           2.0s
  127      1353.5       454.2    0.3651   0.71   0.32    -1.6000  lv0(a=5)           2.4s
  128      1471.8       489.3    0.3651   0.71   0.32    -1.6000  lv0(a=5)           2.2s
  129      1501.2       450.0    0.3650   0.72   0.32    -1.6000  lv0(a=5)           2.3s
  [probe] gen=130 score=225.3 net=1.779 fell=1.000
  130      1630.5       598.5    0.3648   0.72   0.33    -1.6000  lv0(a=5)           2.3s
  131      1256.1       602.8    0.3646   0.72   0.33    -1.6000  lv0(a=5)           2.3s
  132      1435.0       508.0    0.3647   0.73   0.33    -1.6000  lv0(a=5)           2.2s
  133      1086.0       612.0    0.3647   0.73   0.33    -1.6000  lv0(a=5)           2.4s
  134      1139.7       454.7    0.3648   0.74   0.34    -1.6000  lv0(a=5)           2.2s
  135      1068.9       497.1    0.3648   0.74   0.34    -1.6000  lv0(a=5)           2.2s
  136      1324.8       465.0    0.3651   0.74   0.34    -1.6000  lv0(a=5)           2.2s
  137      1391.3       517.5    0.3652   0.75   0.34    -1.6000  lv0(a=5)           2.3s
  138      1100.3       534.0    0.3655   0.75   0.34    -1.6000  lv0(a=5)           2.4s
  139      1246.7       371.9    0.3657   0.76   0.35    -1.6000  lv0(a=5)           2.2s
  [probe] gen=140 score=226.1 net=1.833 fell=1.000
  140      1157.4       473.8    0.3658   0.76   0.35    -1.6000  lv0(a=5)           2.3s
  141      1170.0       474.9    0.3660   0.76   0.35    -1.6000  lv0(a=5)           2.1s
  142      1221.6       485.0    0.3661   0.77   0.35    -1.6000  lv0(a=5)           2.2s
  143      1078.3       439.1    0.3663   0.77   0.36    -1.6000  lv0(a=5)           2.2s
  144      1278.6       464.6    0.3664   0.78   0.36    -1.6000  lv0(a=5)           2.3s
  145      1099.9       413.0    0.3665   0.78   0.36    -1.6000  lv0(a=5)           2.2s
  146      1101.7       522.2    0.3666   0.78   0.36    -1.6000  lv0(a=5)           2.4s
  147      1013.0       384.2    0.3667   0.79   0.37    -1.6000  lv0(a=5)           2.3s
  148      1445.0       481.3    0.3668   0.79   0.37    -1.6000  lv0(a=5)           2.1s
  149      1234.9       492.6    0.3669   0.80   0.37    -1.6000  lv0(a=5)           2.5s
  [probe] gen=150 score=341.1 net=2.336 fell=1.000
  [plot] Saved fitness curve → experiments/thesis/archive_based/seed_02/fitness_curve.png
  150      1238.0       368.0    0.3671   0.80   0.38    -1.6000  lv0(a=5)           2.4s
  151      1403.9       504.3    0.3672   0.80   0.38    -1.6000  lv0(a=5)           2.3s
  152      1458.0       608.1    0.3674   0.81   0.38    -1.6000  lv0(a=5)           2.4s
  153      1301.7       506.1    0.3674   0.81   0.38    -1.6000  lv0(a=5)           2.3s
  154      1401.4       581.9    0.3674   0.82   0.39    -1.6000  lv0(a=5)           2.6s
  155      1310.8       520.3    0.3675   0.82   0.39    -1.6000  lv0(a=5)           2.4s
  156      1299.1       416.2    0.3677   0.82   0.39    -1.6000  lv0(a=5)           2.2s
  157      1258.0       629.8    0.3678   0.83   0.39    -1.6000  lv0(a=5)           2.8s
  158      1586.7       692.7    0.3679   0.83   0.40    -1.6000  lv0(a=5)           2.5s
  159      1436.4       438.8    0.3680   0.84   0.40    -1.6000  lv0(a=5)           2.3s
  [probe] gen=160 score=253.9 net=1.915 fell=1.000
  [stage] gen=160  gravity -1.60 → -3.00  ES restarted  remaining=339
  160      1256.9       529.9    0.5000   0.84   0.40    -1.6000  lv0(a=5)           2.3s
  161       883.3       176.1    0.4903   0.84   0.40    -3.0000  lv1(a=0)           1.5s
  162       752.2       206.7    0.4818   0.85   0.41    -3.0000  lv1(a=1)           1.5s
  163      1448.6       141.3    0.4743   0.85   0.41    -3.0000  lv1(a=2)           1.5s
  164      1068.2       204.3    0.4674   0.86   0.41    -3.0000  lv1(a=3)           1.6s
  165       950.3       175.5    0.4612   0.86   0.41    -3.0000  lv1(a=4)           1.6s
  166       785.0        97.7    0.4555   0.86   0.41    -3.0000  lv1(a=5)           1.4s
  167      1091.6       155.1    0.4502   0.87   0.42    -3.0000  lv1(a=5)           1.5s
  168      1532.6       208.8    0.4454   0.87   0.42    -3.0000  lv1(a=5)           1.8s
  169      1414.6       372.6    0.4409   0.88   0.42    -3.0000  lv1(a=5)           1.7s
  [probe] gen=170 score=573.2 net=3.596 fell=1.000 [new best earth]
  170      1388.6       220.8    0.4368   0.88   0.42    -3.0000  lv1(a=5)           1.8s
  171      1387.5       327.0    0.4330   0.88   0.43    -3.0000  lv1(a=5)           1.7s
  172      1869.0       468.1    0.4293   0.89   0.43    -3.0000  lv1(a=5)           1.9s
  173      1062.7       409.3    0.4260   0.89   0.43    -3.0000  lv1(a=5)           1.9s
  174      1606.0       398.2    0.4227   0.90   0.43    -3.0000  lv1(a=5)           2.0s
  [plot] Saved fitness curve → experiments/thesis/archive_based/seed_02/fitness_curve.png
  175      1307.6       465.2    0.4197   0.90   0.44    -3.0000  lv1(a=5)           2.0s
  176      1676.0       521.1    0.4170   0.90   0.44    -3.0000  lv1(a=5)           2.1s
  177      1312.4       580.7    0.4146   0.91   0.44    -3.0000  lv1(a=5)           2.3s
  178      1351.5       430.1    0.4123   0.91   0.45    -3.0000  lv1(a=5)           2.0s
  179      1245.0       473.6    0.4102   0.92   0.45    -3.0000  lv1(a=5)           1.9s
  [probe] gen=180 score=414.8 net=2.808 fell=1.000
  180      1481.7       394.8    0.4081   0.92   0.45    -3.0000  lv1(a=5)           1.8s
  181      1278.4       439.7    0.4063   0.92   0.45    -3.0000  lv1(a=5)           1.9s
  182      1586.5       506.7    0.4045   0.93   0.46    -3.0000  lv1(a=5)           2.1s
  183      1245.6       536.2    0.4028   0.93   0.46    -3.0000  lv1(a=5)           2.0s
  184      1515.2       391.6    0.4014   0.94   0.46    -3.0000  lv1(a=5)           1.8s
  185      1189.8       412.9    0.4000   0.94   0.46    -3.0000  lv1(a=5)           1.9s
  186      1230.2       413.1    0.3984   0.94   0.47    -3.0000  lv1(a=5)           1.9s
  187       995.4       474.7    0.3969   0.95   0.47    -3.0000  lv1(a=5)           2.1s
  188      1618.6       509.4    0.3953   0.95   0.47    -3.0000  lv1(a=5)           2.0s
  189      1611.6       499.5    0.3938   0.96   0.47    -3.0000  lv1(a=5)           1.9s
  [probe] gen=190 score=473.3 net=2.879 fell=1.000
  190      1302.4       418.4    0.3924   0.96   0.47    -3.0000  lv1(a=5)           1.8s
  191      1448.0       506.3    0.3910   0.96   0.48    -3.0000  lv1(a=5)           1.9s
  192      1783.2       471.6    0.3896   0.97   0.48    -3.0000  lv1(a=5)           1.8s
  193      1705.5       595.5    0.3883   0.97   0.48    -3.0000  lv1(a=5)           2.2s
  194      1181.3       458.0    0.3870   0.98   0.48    -3.0000  lv1(a=5)           2.0s
  195      1412.0       632.5    0.3859   0.98   0.49    -3.0000  lv1(a=5)           2.1s
  196      1211.2       565.1    0.3849   0.98   0.49    -3.0000  lv1(a=5)           2.1s
  197      1243.7       575.5    0.3838   0.99   0.49    -3.0000  lv1(a=5)           2.0s
  198      1262.9       570.9    0.3829   0.99   0.49    -3.0000  lv1(a=5)           2.0s
  199      1508.2       570.5    0.3820   1.00   0.50    -3.0000  lv1(a=5)           2.0s
  [probe] gen=200 score=340.8 net=2.384 fell=1.000
  [plot] Saved fitness curve → experiments/thesis/archive_based/seed_02/fitness_curve.png
  200      1587.2       497.1    0.3812   1.00   0.50    -3.0000  lv1(a=5)           2.2s
  201      1377.9       516.7    0.3805   1.00   0.50    -3.0000  lv1(a=5)           1.9s
  [stage] gen=202  gravity -3.00 → -5.00  ES restarted  remaining=297
  202      1183.4       433.0    0.5000   1.00   0.50    -3.0000  lv1(a=5)           1.8s
  203      1161.3       115.5    0.4905   1.00   0.50    -5.0000  lv2(a=0)           1.4s
  204       912.4       125.0    0.4824   1.00   0.50    -5.0000  lv2(a=1)           1.5s
  205       797.1       194.1    0.4751   1.00   0.50    -5.0000  lv2(a=2)           1.5s
  206      1409.2       174.7    0.4685   1.00   0.50    -5.0000  lv2(a=3)           1.5s
  207      1583.1       253.4    0.4627   1.00   0.50    -5.0000  lv2(a=4)           1.7s
  208      1237.7       207.8    0.4574   1.00   0.50    -5.0000  lv2(a=5)           1.5s
  209       853.7       295.6    0.4525   1.00   0.50    -5.0000  lv2(a=5)           1.6s
  [probe] gen=210 score=372.0 net=2.520 fell=1.000
  210      1595.7       206.7    0.4478   1.00   0.50    -5.0000  lv2(a=5)           1.5s
  211      1225.5       275.5    0.4435   1.00   0.50    -5.0000  lv2(a=5)           1.3s
  212      1254.3       381.3    0.4395   1.00   0.50    -5.0000  lv2(a=5)           1.6s
  213      1922.0       312.8    0.4359   1.00   0.50    -5.0000  lv2(a=5)           1.5s
  214      1115.9       263.6    0.4325   1.00   0.50    -5.0000  lv2(a=5)           1.4s
  215      1796.6       364.6    0.4292   1.00   0.50    -5.0000  lv2(a=5)           1.7s
  216      2001.6       198.6    0.4261   1.00   0.50    -5.0000  lv2(a=5)           1.5s
  217       777.1       283.1    0.4234   1.00   0.50    -5.0000  lv2(a=5)           1.3s
  218      1486.6       384.2    0.4207   1.00   0.50    -5.0000  lv2(a=5)           1.8s
  219      1683.5       322.6    0.4179   1.00   0.50    -5.0000  lv2(a=5)           1.7s
  [probe] gen=220 score=311.2 net=2.240 fell=1.000
  220      1806.1       311.6    0.4154   1.00   0.50    -5.0000  lv2(a=5)           1.5s
  221      1510.1       453.9    0.4131   1.00   0.50    -5.0000  lv2(a=5)           1.8s
  222      1596.8       410.0    0.4109   1.00   0.50    -5.0000  lv2(a=5)           1.7s
  223      1704.1       335.6    0.4086   1.00   0.50    -5.0000  lv2(a=5)           1.7s
  224      1877.6       396.7    0.4063   1.00   0.50    -5.0000  lv2(a=5)           1.7s
  [plot] Saved fitness curve → experiments/thesis/archive_based/seed_02/fitness_curve.png
  225      1359.5       424.8    0.4040   1.00   0.50    -5.0000  lv2(a=5)           1.8s
  226      1564.4       446.9    0.4017   1.00   0.50    -5.0000  lv2(a=5)           1.9s
  227      1362.2       272.0    0.3997   1.00   0.50    -5.0000  lv2(a=5)           1.5s
  228      1593.8       419.5    0.3978   1.00   0.50    -5.0000  lv2(a=5)           1.9s
  229      1316.7       416.4    0.3959   1.00   0.50    -5.0000  lv2(a=5)           1.7s
  [probe] gen=230 score=460.9 net=3.001 fell=1.000
  230      1740.8       464.8    0.3943   1.00   0.50    -5.0000  lv2(a=5)           1.9s
  231      1361.4       483.8    0.3928   1.00   0.50    -5.0000  lv2(a=5)           1.8s
  232      1815.5       421.7    0.3912   1.00   0.50    -5.0000  lv2(a=5)           1.7s
  233      1587.9       503.3    0.3896   1.00   0.50    -5.0000  lv2(a=5)           1.9s
  234      1725.5       506.4    0.3880   1.00   0.50    -5.0000  lv2(a=5)           1.9s
  235      1517.6       451.8    0.3865   1.00   0.50    -5.0000  lv2(a=5)           2.0s
  236      1810.4       561.1    0.3851   1.00   0.50    -5.0000  lv2(a=5)           2.4s
  237      1335.1       460.7    0.3839   1.00   0.50    -5.0000  lv2(a=5)           2.1s
  238      1446.3       492.9    0.3827   1.00   0.50    -5.0000  lv2(a=5)           2.1s
  239      1685.1       470.8    0.3815   1.00   0.50    -5.0000  lv2(a=5)           2.2s
  [probe] gen=240 score=277.9 net=2.004 fell=1.000
  240      1177.4       503.8    0.3804   1.00   0.50    -5.0000  lv2(a=5)           2.0s
  241      1637.7       283.8    0.3793   1.00   0.50    -5.0000  lv2(a=5)           1.8s
  242      1946.6       415.7    0.3784   1.00   0.50    -5.0000  lv2(a=5)           1.9s
  243      1735.0       485.7    0.3776   1.00   0.50    -5.0000  lv2(a=5)           1.8s
  244      1409.4       528.6    0.3767   1.00   0.50    -5.0000  lv2(a=5)           2.0s
  245      1342.8       419.9    0.3761   1.00   0.50    -5.0000  lv2(a=5)           1.9s
  [stage] gen=246  gravity -5.00 → -7.00  ES restarted  remaining=253
  246      1303.3       434.8    0.5000   1.00   0.50    -5.0000  lv2(a=5)           1.9s
  247       869.7        95.5    0.4904   1.00   0.50    -7.0000  lv3(a=0)           1.1s
  248       801.2       163.5    0.4820   1.00   0.50    -7.0000  lv3(a=1)           1.3s
  249       790.0       169.6    0.4746   1.00   0.50    -7.0000  lv3(a=2)           1.2s
  [probe] gen=250 score=148.8 net=1.408 fell=1.000
  [plot] Saved fitness curve → experiments/thesis/archive_based/seed_02/fitness_curve.png
  250       606.3       170.9    0.4680   1.00   0.50    -7.0000  lv3(a=3)           1.2s
  251       947.3       164.8    0.4620   1.00   0.50    -7.0000  lv3(a=4)           1.4s
  252       944.6       179.0    0.4565   1.00   0.50    -7.0000  lv3(a=5)           1.3s
  253       979.4       120.8    0.4515   1.00   0.50    -7.0000  lv3(a=5)           1.2s
  254      1139.9       305.9    0.4468   1.00   0.50    -7.0000  lv3(a=5)           1.6s
  255      1666.1       295.1    0.4426   1.00   0.50    -7.0000  lv3(a=5)           1.8s
  256      1084.9       253.0    0.4387   1.00   0.50    -7.0000  lv3(a=5)           1.5s
  257      1304.3       228.8    0.4352   1.00   0.50    -7.0000  lv3(a=5)           1.5s
  258      1089.8       315.0    0.4318   1.00   0.50    -7.0000  lv3(a=5)           1.6s
  259      1250.6       290.1    0.4288   1.00   0.50    -7.0000  lv3(a=5)           1.5s
  [probe] gen=260 score=35.6 net=1.097 fell=1.000
  260      1117.6       288.4    0.4261   1.00   0.50    -7.0000  lv3(a=5)           1.5s
  261      1050.8       302.0    0.4234   1.00   0.50    -7.0000  lv3(a=5)           1.5s
  262       843.4       286.7    0.4209   1.00   0.50    -7.0000  lv3(a=5)           1.4s
  263      1045.9       255.1    0.4186   1.00   0.50    -7.0000  lv3(a=5)           1.6s
  264      1404.7       222.9    0.4165   1.00   0.50    -7.0000  lv3(a=5)           1.6s
  265       740.9       207.7    0.4144   1.00   0.50    -7.0000  lv3(a=5)           1.5s
  266      1485.7       294.7    0.4124   1.00   0.50    -7.0000  lv3(a=5)           1.6s
  267      1090.7       305.9    0.4104   1.00   0.50    -7.0000  lv3(a=5)           1.6s
  268      1475.0       344.3    0.4083   1.00   0.50    -7.0000  lv3(a=5)           1.7s
  269      1413.8       395.8    0.4064   1.00   0.50    -7.0000  lv3(a=5)           1.5s
  [probe] gen=270 score=254.2 net=1.935 fell=1.000
  270       808.4       192.9    0.4045   1.00   0.50    -7.0000  lv3(a=5)           1.4s
  271      1238.9       267.7    0.4027   1.00   0.50    -7.0000  lv3(a=5)           1.4s
  272      1888.4       376.1    0.4011   1.00   0.50    -7.0000  lv3(a=5)           1.7s
  273       827.2       258.0    0.3996   1.00   0.50    -7.0000  lv3(a=5)           1.5s
  274      1002.0        94.5    0.3982   1.00   0.50    -7.0000  lv3(a=5)           1.5s
  [plot] Saved fitness curve → experiments/thesis/archive_based/seed_02/fitness_curve.png
  275      1340.8       322.1    0.3967   1.00   0.50    -7.0000  lv3(a=5)           1.5s
  276      1070.6       258.3    0.3955   1.00   0.50    -7.0000  lv3(a=5)           1.9s
  [stage] gen=277  gravity -7.00 → -9.81  ES restarted  remaining=222
  277      1358.8       322.1    0.5000   1.00   0.50    -7.0000  lv3(a=5)           1.9s
  278      1096.0        14.3    0.4905   1.00   0.50    -9.8100  lv4(a=0)           1.1s
  279      1338.2       120.7    0.4821   1.00   0.50    -9.8100  lv4(a=1)           1.6s
  [probe] gen=280 score=370.8 net=2.127 fell=1.000
  280       645.8        58.1    0.4745   1.00   0.50    -9.8100  lv4(a=2)           1.1s
  281      1041.9       152.1    0.4678   1.00   0.50    -9.8100  lv4(a=3)           1.2s
  282       419.6       111.1    0.4618   1.00   0.50    -9.8100  lv4(a=4)           1.1s
  283       728.4       136.6    0.4562   1.00   0.50    -9.8100  lv4(a=5)           1.1s
  284       683.8       178.6    0.4510   1.00   0.50    -9.8100  lv4(a=5)           1.1s
  285       907.5       248.8    0.4462   1.00   0.50    -9.8100  lv4(a=5)           1.3s
  286       625.5       101.9    0.4418   1.00   0.50    -9.8100  lv4(a=5)           1.1s
  287      1187.5       260.0    0.4375   1.00   0.50    -9.8100  lv4(a=5)           1.3s
  288       686.3       165.6    0.4336   1.00   0.50    -9.8100  lv4(a=5)           1.3s
  289      1680.9       229.7    0.4299   1.00   0.50    -9.8100  lv4(a=5)           1.4s
  [probe] gen=290 score=1183.4 net=6.274 fell=0.800 [new best earth]
  290      1157.6       196.3    0.4267   1.00   0.50    -9.8100  lv4(a=5)           1.4s
  291      1390.2       331.4    0.4237   1.00   0.50    -9.8100  lv4(a=5)           1.6s
  292       677.9       223.4    0.4209   1.00   0.50    -9.8100  lv4(a=5)           1.2s
  293      1208.2       251.3    0.4184   1.00   0.50    -9.8100  lv4(a=5)           1.6s
  294      1530.4       269.2    0.4161   1.00   0.50    -9.8100  lv4(a=5)           1.4s
  295      1331.4       370.0    0.4139   1.00   0.50    -9.8100  lv4(a=5)           1.6s
  296       809.9       241.8    0.4118   1.00   0.50    -9.8100  lv4(a=5)           1.4s
  297      1843.5       265.6    0.4101   1.00   0.50    -9.8100  lv4(a=5)           1.5s
  298      1539.8       336.9    0.4085   1.00   0.50    -9.8100  lv4(a=5)           1.6s
  299      1280.7       287.3    0.4070   1.00   0.50    -9.8100  lv4(a=5)           1.3s
  [probe] gen=300 score=1189.7 net=6.161 fell=0.600 [new best earth]
  [plot] Saved fitness curve → experiments/thesis/archive_based/seed_02/fitness_curve.png
  300      1798.0       224.4    0.4057   1.00   0.50    -9.8100  lv4(a=5)           1.3s
  301      1166.5       196.2    0.4044   1.00   0.50    -9.8100  lv4(a=5)           1.3s
  302      1205.7       313.3    0.4030   1.00   0.50    -9.8100  lv4(a=5)           1.4s
  303      1585.1       401.9    0.4017   1.00   0.50    -9.8100  lv4(a=5)           1.6s
  304      1337.8       307.0    0.4004   1.00   0.50    -9.8100  lv4(a=5)           1.5s
  305      1254.4       384.2    0.3990   1.00   0.50    -9.8100  lv4(a=5)           1.6s
  306      1418.9       198.9    0.3979   1.00   0.50    -9.8100  lv4(a=5)           1.2s
  307      1436.2       351.9    0.3965   1.00   0.50    -9.8100  lv4(a=5)           1.6s
  308      1487.7       309.5    0.3951   1.00   0.50    -9.8100  lv4(a=5)           1.6s
  309      1309.1       375.1    0.3939   1.00   0.50    -9.8100  lv4(a=5)           1.7s
  [probe] gen=310 score=1430.7 net=6.899 fell=0.200 [new best earth]
  310      1647.8       357.3    0.3927   1.00   0.50    -9.8100  lv4(a=5)           1.7s
  311       918.5       275.9    0.3914   1.00   0.50    -9.8100  lv4(a=5)           1.4s
  312      1298.9       353.5    0.3901   1.00   0.50    -9.8100  lv4(a=5)           1.4s
  313      1526.8       366.0    0.3889   1.00   0.50    -9.8100  lv4(a=5)           1.4s
  314      1397.4       395.5    0.3878   1.00   0.50    -9.8100  lv4(a=5)           1.7s
  315      1422.6       424.6    0.3869   1.00   0.50    -9.8100  lv4(a=5)           1.7s
  316      1559.3       402.3    0.3860   1.00   0.50    -9.8100  lv4(a=5)           1.9s
  317      1206.6       355.9    0.3850   1.00   0.50    -9.8100  lv4(a=5)           1.5s
  318      1051.6       331.3    0.3842   1.00   0.50    -9.8100  lv4(a=5)           1.4s
  319      1664.1       409.7    0.3834   1.00   0.50    -9.8100  lv4(a=5)           2.0s
  [probe] gen=320 score=1080.8 net=6.187 fell=0.800
  320      1565.9       290.4    0.3827   1.00   0.50    -9.8100  lv4(a=5)           1.6s
  321      1630.4       555.4    0.3820   1.00   0.50    -9.8100  lv4(a=5)           1.7s
  322      1763.1       329.3    0.3814   1.00   0.50    -9.8100  lv4(a=5)           1.6s
  323      1253.7       355.7    0.3807   1.00   0.50    -9.8100  lv4(a=5)           1.9s
  324      1613.9       393.3    0.3800   1.00   0.50    -9.8100  lv4(a=5)           1.7s
  [plot] Saved fitness curve → experiments/thesis/archive_based/seed_02/fitness_curve.png
  325      1601.3       426.5    0.3794   1.00   0.50    -9.8100  lv4(a=5)           1.5s
  326      1534.6       504.8    0.3787   1.00   0.50    -9.8100  lv4(a=5)           1.8s
  327      1817.3       343.6    0.3781   1.00   0.50    -9.8100  lv4(a=5)           1.7s
  328      1673.1       447.3    0.3776   1.00   0.50    -9.8100  lv4(a=5)           1.7s
  329      1764.5       498.6    0.3769   1.00   0.50    -9.8100  lv4(a=5)           1.9s
  [probe] gen=330 score=1171.5 net=6.070 fell=0.700
  330      1638.9       566.6    0.3764   1.00   0.50    -9.8100  lv4(a=5)           2.1s
  331      1459.7       472.8    0.3758   1.00   0.50    -9.8100  lv4(a=5)           1.5s
  332      1163.4       410.3    0.3753   1.00   0.50    -9.8100  lv4(a=5)           1.6s
  333      1700.2       539.8    0.3746   1.00   0.50    -9.8100  lv4(a=5)           1.8s
  334      1760.0       548.8    0.3740   1.00   0.50    -9.8100  lv4(a=5)           2.0s
  335      1422.9       503.6    0.3733   1.00   0.50    -9.8100  lv4(a=5)           1.8s
  336      1607.2       619.2    0.3727   1.00   0.50    -9.8100  lv4(a=5)           2.0s
  337      1663.3       577.9    0.3721   1.00   0.50    -9.8100  lv4(a=5)           1.9s
  338      1861.9       467.4    0.3718   1.00   0.50    -9.8100  lv4(a=5)           1.8s
  339      1765.1       514.9    0.3715   1.00   0.50    -9.8100  lv4(a=5)           1.8s
  [probe] gen=340 score=1426.3 net=6.921 fell=0.300
  340      1678.9       572.2    0.3712   1.00   0.50    -9.8100  lv4(a=5)           2.0s
  341      1647.6       600.8    0.3710   1.00   0.50    -9.8100  lv4(a=5)           1.9s
  342      1946.6       608.6    0.3708   1.00   0.50    -9.8100  lv4(a=5)           2.0s
  343      1681.4       534.8    0.3706   1.00   0.50    -9.8100  lv4(a=5)           1.7s
  344      1537.9       554.8    0.3704   1.00   0.50    -9.8100  lv4(a=5)           2.0s
  345      1559.9       530.1    0.3702   1.00   0.50    -9.8100  lv4(a=5)           2.0s
  346      1712.2       554.2    0.3699   1.00   0.50    -9.8100  lv4(a=5)           1.9s
  347      1839.4       677.9    0.3697   1.00   0.50    -9.8100  lv4(a=5)           2.2s
  348      1946.5       544.2    0.3696   1.00   0.50    -9.8100  lv4(a=5)           2.1s
  349      1886.1       632.3    0.3696   1.00   0.50    -9.8100  lv4(a=5)           2.0s
  [probe] gen=350 score=1591.8 net=8.023 fell=0.600 [new best earth]
  [plot] Saved fitness curve → experiments/thesis/archive_based/seed_02/fitness_curve.png
  350      1936.6       744.4    0.3696   1.00   0.50    -9.8100  lv4(a=5)           2.0s
  351      1815.3       803.4    0.3699   1.00   0.50    -9.8100  lv4(a=5)           2.0s
  352      1696.1       746.6    0.3700   1.00   0.50    -9.8100  lv4(a=5)           2.1s
  353      2001.4       725.3    0.3702   1.00   0.50    -9.8100  lv4(a=5)           2.0s
  354      1760.7       745.4    0.3703   1.00   0.50    -9.8100  lv4(a=5)           2.1s
  355      1850.9       688.4    0.3703   1.00   0.50    -9.8100  lv4(a=5)           2.0s
  356      1819.7       817.3    0.3702   1.00   0.50    -9.8100  lv4(a=5)           2.5s
  357      1859.5       884.5    0.3702   1.00   0.50    -9.8100  lv4(a=5)           2.4s
  358      1940.4       837.2    0.3701   1.00   0.50    -9.8100  lv4(a=5)           2.2s
  359      2000.0       944.7    0.3700   1.00   0.50    -9.8100  lv4(a=5)           2.4s
  [probe] gen=360 score=1692.9 net=8.630 fell=0.300 [new best earth]
  360      1962.3       774.9    0.3699   1.00   0.50    -9.8100  lv4(a=5)           2.1s
  361      1775.3       770.0    0.3698   1.00   0.50    -9.8100  lv4(a=5)           2.0s
  362      1860.7       785.6    0.3699   1.00   0.50    -9.8100  lv4(a=5)           2.1s
  363      1813.0       842.4    0.3700   1.00   0.50    -9.8100  lv4(a=5)           2.3s
  364      1895.6      1017.3    0.3700   1.00   0.50    -9.8100  lv4(a=5)           2.6s
  365      1878.9       918.2    0.3699   1.00   0.50    -9.8100  lv4(a=5)           2.5s
  366      1781.2       716.7    0.3698   1.00   0.50    -9.8100  lv4(a=5)           2.1s
  367      1958.2       966.7    0.3696   1.00   0.50    -9.8100  lv4(a=5)           2.6s
  368      1965.1       815.4    0.3692   1.00   0.50    -9.8100  lv4(a=5)           2.2s
  369      1926.8       873.3    0.3687   1.00   0.50    -9.8100  lv4(a=5)           2.4s
  [probe] gen=370 score=1778.9 net=9.027 fell=0.300 [new best earth]
  370      1909.0       873.8    0.3681   1.00   0.50    -9.8100  lv4(a=5)           2.2s
  371      1884.0       931.7    0.3675   1.00   0.50    -9.8100  lv4(a=5)           2.3s
  372      1828.7       882.6    0.3670   1.00   0.50    -9.8100  lv4(a=5)           2.4s
  373      2087.4       739.0    0.3664   1.00   0.50    -9.8100  lv4(a=5)           2.2s
  374      1850.4       745.9    0.3659   1.00   0.50    -9.8100  lv4(a=5)           2.3s
  [plot] Saved fitness curve → experiments/thesis/archive_based/seed_02/fitness_curve.png
  375      1931.2       797.0    0.3655   1.00   0.50    -9.8100  lv4(a=5)           2.4s
  376      1913.2       920.8    0.3649   1.00   0.50    -9.8100  lv4(a=5)           2.5s
  377      1935.5       863.7    0.3642   1.00   0.50    -9.8100  lv4(a=5)           2.2s
  378      1925.6       786.6    0.3637   1.00   0.50    -9.8100  lv4(a=5)           2.3s
  379      2135.6       936.8    0.3632   1.00   0.50    -9.8100  lv4(a=5)           2.4s
  [probe] gen=380 score=1987.6 net=10.612 fell=0.500 [new best earth]
  380      1957.8       882.6    0.3629   1.00   0.50    -9.8100  lv4(a=5)           2.3s
  381      1812.8       785.0    0.3626   1.00   0.50    -9.8100  lv4(a=5)           1.9s
  382      1913.4       808.5    0.3622   1.00   0.50    -9.8100  lv4(a=5)           2.4s
  383      1937.8       787.0    0.3619   1.00   0.50    -9.8100  lv4(a=5)           2.3s
  384      2016.1       984.9    0.3615   1.00   0.50    -9.8100  lv4(a=5)           2.6s
  385      2005.0       893.4    0.3611   1.00   0.50    -9.8100  lv4(a=5)           2.3s
  386      1992.5       894.7    0.3607   1.00   0.50    -9.8100  lv4(a=5)           2.2s
  387      1795.4       757.6    0.3604   1.00   0.50    -9.8100  lv4(a=5)           2.0s
  388      1878.7       851.7    0.3601   1.00   0.50    -9.8100  lv4(a=5)           2.7s
  389      2063.3       890.8    0.3598   1.00   0.50    -9.8100  lv4(a=5)           2.3s
  [probe] gen=390 score=1929.6 net=10.153 fell=0.500
  390      1971.8       797.1    0.3594   1.00   0.50    -9.8100  lv4(a=5)           2.0s
  391      1722.4       749.8    0.3588   1.00   0.50    -9.8100  lv4(a=5)           2.0s
  392      1914.8       794.4    0.3582   1.00   0.50    -9.8100  lv4(a=5)           2.4s
  393      1902.3       889.9    0.3574   1.00   0.50    -9.8100  lv4(a=5)           2.5s
  394      1984.5       744.0    0.3567   1.00   0.50    -9.8100  lv4(a=5)           2.5s
  395      1910.5       660.5    0.3560   1.00   0.50    -9.8100  lv4(a=5)           2.1s
  396      1644.5       633.0    0.3555   1.00   0.50    -9.8100  lv4(a=5)           2.2s
  397      1982.1       849.4    0.3549   1.00   0.50    -9.8100  lv4(a=5)           2.4s
  398      1985.1       760.7    0.3543   1.00   0.50    -9.8100  lv4(a=5)           2.1s
  399      1921.1       930.7    0.3536   1.00   0.50    -9.8100  lv4(a=5)           2.4s
  [probe] gen=400 score=1576.7 net=8.382 fell=0.400
  [plot] Saved fitness curve → experiments/thesis/archive_based/seed_02/fitness_curve.png
  400      1929.6       870.0    0.3531   1.00   0.50    -9.8100  lv4(a=5)           2.4s
  401      2010.0       823.8    0.3525   1.00   0.50    -9.8100  lv4(a=5)           2.2s
  402      1912.1       865.1    0.3520   1.00   0.50    -9.8100  lv4(a=5)           2.5s
  403      1930.0       953.6    0.3515   1.00   0.50    -9.8100  lv4(a=5)           2.7s
  404      1941.2       823.1    0.3509   1.00   0.50    -9.8100  lv4(a=5)           2.7s
  405      1932.7       836.7    0.3503   1.00   0.50    -9.8100  lv4(a=5)           2.2s
  406      1917.4       874.0    0.3499   1.00   0.50    -9.8100  lv4(a=5)           2.2s
  407      2000.1       949.7    0.3495   1.00   0.50    -9.8100  lv4(a=5)           2.4s
  408      1894.3       803.2    0.3492   1.00   0.50    -9.8100  lv4(a=5)           2.2s
  409      1931.0       773.0    0.3489   1.00   0.50    -9.8100  lv4(a=5)           2.1s
  [probe] gen=410 score=1640.9 net=8.827 fell=0.500
  410      1837.0       826.3    0.3485   1.00   0.50    -9.8100  lv4(a=5)           2.2s
  411      1858.7       850.2    0.3481   1.00   0.50    -9.8100  lv4(a=5)           2.3s
  412      1898.3       871.4    0.3476   1.00   0.50    -9.8100  lv4(a=5)           2.2s
  413      1997.4       885.7    0.3472   1.00   0.50    -9.8100  lv4(a=5)           2.4s
  414      1975.5      1001.5    0.3467   1.00   0.50    -9.8100  lv4(a=5)           2.5s
  415      1973.8       928.1    0.3462   1.00   0.50    -9.8100  lv4(a=5)           2.5s
  416      1844.7       903.6    0.3457   1.00   0.50    -9.8100  lv4(a=5)           2.3s
  417      1780.8       865.4    0.3452   1.00   0.50    -9.8100  lv4(a=5)           2.3s
  418      2047.9       873.5    0.3447   1.00   0.50    -9.8100  lv4(a=5)           2.2s
  419      1900.7       823.1    0.3441   1.00   0.50    -9.8100  lv4(a=5)           2.2s
  [probe] gen=420 score=1930.9 net=9.957 fell=0.200
  420      2064.7       760.3    0.3435   1.00   0.50    -9.8100  lv4(a=5)           2.3s
  421      1903.2       874.7    0.3428   1.00   0.50    -9.8100  lv4(a=5)           2.1s
  422      1871.8       626.3    0.3420   1.00   0.50    -9.8100  lv4(a=5)           1.8s
  423      1836.5       891.4    0.3412   1.00   0.50    -9.8100  lv4(a=5)           2.5s
  424      1851.3       790.7    0.3403   1.00   0.50    -9.8100  lv4(a=5)           2.4s
  [plot] Saved fitness curve → experiments/thesis/archive_based/seed_02/fitness_curve.png
  425      2099.7       949.3    0.3393   1.00   0.50    -9.8100  lv4(a=5)           2.7s
  426      1976.0       870.1    0.3383   1.00   0.50    -9.8100  lv4(a=5)           2.6s
  427      1848.1       745.9    0.3374   1.00   0.50    -9.8100  lv4(a=5)           2.4s
  428      1852.7       909.0    0.3364   1.00   0.50    -9.8100  lv4(a=5)           2.6s
  429      1966.7       945.5    0.3354   1.00   0.50    -9.8100  lv4(a=5)           2.7s
  [probe] gen=430 score=1601.4 net=8.132 fell=0.400
  430      1816.2       815.8    0.3343   1.00   0.50    -9.8100  lv4(a=5)           2.3s
  431      2066.0       986.3    0.3334   1.00   0.50    -9.8100  lv4(a=5)           2.4s
  432      2156.0       958.8    0.3326   1.00   0.50    -9.8100  lv4(a=5)           2.2s
  433      1982.1       820.7    0.3320   1.00   0.50    -9.8100  lv4(a=5)           2.2s
  434      1857.9      1082.7    0.3315   1.00   0.50    -9.8100  lv4(a=5)           3.0s
  435      1647.3       683.6    0.3311   1.00   0.50    -9.8100  lv4(a=5)           2.1s
  436      1747.6       914.1    0.3306   1.00   0.50    -9.8100  lv4(a=5)           2.5s
  437      2127.7       962.5    0.3301   1.00   0.50    -9.8100  lv4(a=5)           2.6s
  438      1960.6       949.1    0.3297   1.00   0.50    -9.8100  lv4(a=5)           2.5s
  439      2046.9      1006.3    0.3294   1.00   0.50    -9.8100  lv4(a=5)           2.6s
  [probe] gen=440 score=1356.8 net=7.850 fell=0.900
  440      1868.4       757.7    0.3292   1.00   0.50    -9.8100  lv4(a=5)           2.3s
  441      1847.9      1003.6    0.3289   1.00   0.50    -9.8100  lv4(a=5)           2.3s
  442      1852.6       918.8    0.3286   1.00   0.50    -9.8100  lv4(a=5)           2.3s
  443      1842.0       910.3    0.3283   1.00   0.50    -9.8100  lv4(a=5)           2.4s
  444      2059.9       980.3    0.3279   1.00   0.50    -9.8100  lv4(a=5)           2.8s
  445      2115.6      1006.6    0.3275   1.00   0.50    -9.8100  lv4(a=5)           2.4s
  446      2181.3      1059.0    0.3271   1.00   0.50    -9.8100  lv4(a=5)           2.6s
  447      1940.4      1060.5    0.3267   1.00   0.50    -9.8100  lv4(a=5)           2.5s
  448      2146.1       905.0    0.3262   1.00   0.50    -9.8100  lv4(a=5)           2.4s
  449      1907.5      1092.1    0.3257   1.00   0.50    -9.8100  lv4(a=5)           3.0s
  [probe] gen=450 score=1861.1 net=9.392 fell=0.100
  [plot] Saved fitness curve → experiments/thesis/archive_based/seed_02/fitness_curve.png
  450      2003.4       942.7    0.3252   1.00   0.50    -9.8100  lv4(a=5)           2.5s
  451      2083.7      1190.8    0.3249   1.00   0.50    -9.8100  lv4(a=5)           2.7s
  452      1877.3      1078.0    0.3245   1.00   0.50    -9.8100  lv4(a=5)           2.8s
  453      1917.2      1057.9    0.3241   1.00   0.50    -9.8100  lv4(a=5)           2.7s
  454      2021.5      1104.5    0.3238   1.00   0.50    -9.8100  lv4(a=5)           2.7s
  455      2025.7       998.9    0.3235   1.00   0.50    -9.8100  lv4(a=5)           2.6s
  456      2179.2      1179.2    0.3234   1.00   0.50    -9.8100  lv4(a=5)           2.9s
  457      1930.4       962.9    0.3231   1.00   0.50    -9.8100  lv4(a=5)           2.2s
  458      1979.7      1037.8    0.3228   1.00   0.50    -9.8100  lv4(a=5)           2.6s
  459      1901.0       910.0    0.3226   1.00   0.50    -9.8100  lv4(a=5)           2.5s
  [probe] gen=460 score=1827.4 net=9.292 fell=0.200
  460      2019.3       969.1    0.3223   1.00   0.50    -9.8100  lv4(a=5)           2.5s
  461      1943.3      1009.2    0.3218   1.00   0.50    -9.8100  lv4(a=5)           2.6s
  462      1972.0      1143.4    0.3213   1.00   0.50    -9.8100  lv4(a=5)           2.7s
  463      2055.2       802.9    0.3207   1.00   0.50    -9.8100  lv4(a=5)           2.3s
  464      2066.2      1026.9    0.3202   1.00   0.50    -9.8100  lv4(a=5)           2.6s
  465      1996.0      1097.2    0.3198   1.00   0.50    -9.8100  lv4(a=5)           2.5s
  466      1985.6      1056.4    0.3193   1.00   0.50    -9.8100  lv4(a=5)           2.5s
  467      2009.1      1171.9    0.3188   1.00   0.50    -9.8100  lv4(a=5)           2.8s
  468      2083.6       992.2    0.3183   1.00   0.50    -9.8100  lv4(a=5)           2.6s
  469      1907.3      1015.0    0.3177   1.00   0.50    -9.8100  lv4(a=5)           2.5s
  [probe] gen=470 score=1932.7 net=9.898 fell=0.100
  470      2042.7      1206.0    0.3169   1.00   0.50    -9.8100  lv4(a=5)           2.8s
  471      2051.5      1221.4    0.3163   1.00   0.50    -9.8100  lv4(a=5)           2.7s
  472      2115.0      1107.8    0.3157   1.00   0.50    -9.8100  lv4(a=5)           2.7s
  473      2001.2       940.1    0.3152   1.00   0.50    -9.8100  lv4(a=5)           2.3s
  474      2015.1      1137.7    0.3147   1.00   0.50    -9.8100  lv4(a=5)           2.6s
  [plot] Saved fitness curve → experiments/thesis/archive_based/seed_02/fitness_curve.png
  475      1842.6       815.6    0.3142   1.00   0.50    -9.8100  lv4(a=5)           2.3s
  476      2144.3      1054.2    0.3137   1.00   0.50    -9.8100  lv4(a=5)           2.5s
  477      1976.0      1079.5    0.3132   1.00   0.50    -9.8100  lv4(a=5)           2.6s
  478      1969.3      1005.7    0.3127   1.00   0.50    -9.8100  lv4(a=5)           2.5s
  479      2062.6      1076.5    0.3123   1.00   0.50    -9.8100  lv4(a=5)           2.3s
  [probe] gen=480 score=1658.8 net=8.732 fell=0.300
  480      2159.0       952.6    0.3119   1.00   0.50    -9.8100  lv4(a=5)           2.2s
  481      2018.9      1019.8    0.3113   1.00   0.50    -9.8100  lv4(a=5)           2.4s
  482      1903.7      1173.2    0.3108   1.00   0.50    -9.8100  lv4(a=5)           3.0s
  483      1959.6      1034.2    0.3103   1.00   0.50    -9.8100  lv4(a=5)           2.7s
  484      1958.2      1009.0    0.3099   1.00   0.50    -9.8100  lv4(a=5)           2.5s
  485      1852.8      1103.1    0.3095   1.00   0.50    -9.8100  lv4(a=5)           2.6s
  486      1970.5      1008.8    0.3091   1.00   0.50    -9.8100  lv4(a=5)           2.5s
  487      1865.9       952.4    0.3086   1.00   0.50    -9.8100  lv4(a=5)           2.6s
  488      2122.4      1195.4    0.3083   1.00   0.50    -9.8100  lv4(a=5)           2.8s
  489      2101.7      1144.6    0.3080   1.00   0.50    -9.8100  lv4(a=5)           2.9s
  [probe] gen=490 score=1782.9 net=9.228 fell=0.400
  490      1997.4      1134.0    0.3076   1.00   0.50    -9.8100  lv4(a=5)           2.5s
  491      2114.7      1136.5    0.3073   1.00   0.50    -9.8100  lv4(a=5)           2.7s
  492      2061.4      1115.2    0.3070   1.00   0.50    -9.8100  lv4(a=5)           2.5s
  493      1995.4      1348.8    0.3068   1.00   0.50    -9.8100  lv4(a=5)           3.3s
  494      2062.6      1372.5    0.3067   1.00   0.50    -9.8100  lv4(a=5)           3.5s
  495      2018.4      1086.9    0.3066   1.00   0.50    -9.8100  lv4(a=5)           2.4s
  496      2056.5      1000.8    0.3065   1.00   0.50    -9.8100  lv4(a=5)           2.5s
  497      2033.7      1065.2    0.3066   1.00   0.50    -9.8100  lv4(a=5)           2.6s
  498      2012.0      1099.7    0.3066   1.00   0.50    -9.8100  lv4(a=5)           2.7s
  499      2158.8      1233.8    0.3065   1.00   0.50    -9.8100  lv4(a=5)           2.9s
  [plot] Saved fitness curve → experiments/thesis/archive_based/seed_02/fitness_curve.png

Training complete. Best fitness: 2181.3
Best params → experiments/thesis/archive_based/seed_02/checkpoints/best_params.npy
Fitness curve → experiments/thesis/archive_based/seed_02/fitness_curve.png
Eval params  → best_earth_params (earth probe score: 1987.6)
Final Earth scorecard | score=2022.1 net=10.594 fell=0.100
Gravity sweep | gravities=5 mean_net=7.683 worst_net=3.864
  [exp] Wrote experiments/thesis/archive_based/seed_02/experiment.json
  [exp] Wrote experiments/thesis/archive_based/seed_02/training_log.csv
  [exp] Wrote experiments/thesis/archive_based/seed_02/earth_probe.csv
  [exp] Wrote experiments/thesis/archive_based/seed_02/gravity_sweep.csv
  [exp] Wrote experiments/thesis/archive_based/seed_02/summary.json
