Walker2d-v5 | policy=CPG  params=504
Curriculum   : AdaptiveProgression  [-1.6→-3.0→-5.0→-7.0→-9.81]  plateau=30gen  min_improve=5.0
Run context | seed=8 arm=adaptive_progression run_id=adaptive_progression_seed_08

Schedule | penalty_min=0.20 penalty_ramp_gen=200 corr_min=0.00 corr_max=0.50 corr_ramp_gen=200

Starting CMA-ES | pop=40 | sigma0=0.5 | max_gen=500 | workers=8 | seed=8
Checkpoints → experiments/thesis/adaptive_progression/seed_08/checkpoints/

  Gen        Best        Mean     Sigma    Pen   Corr    Gravity  Phase              Time
------------------------------------------------------------------------------------
  [probe] gen=0 score=-387.7 net=-0.165 fell=1.000 [new best earth]
  [plot] Saved fitness curve → experiments/thesis/adaptive_progression/seed_08/fitness_curve.png
    0       -56.7       -76.8    0.4904   0.20   0.00    -1.6000  lv0(-1.6)          1.5s
    1       -59.4       -74.8    0.4821   0.20   0.00    -1.6000  lv0(-1.6)          0.2s
    2       -58.7       -74.4    0.4748   0.21   0.01    -1.6000  lv0(-1.6)          0.2s
    3       -33.6       -72.6    0.4683   0.21   0.01    -1.6000  lv0(-1.6)          0.2s
    4       -55.8       -69.2    0.4624   0.22   0.01    -1.6000  lv0(-1.6)          0.2s
    5       -45.6       -71.2    0.4569   0.22   0.01    -1.6000  lv0(-1.6)          0.2s
    6       -57.1       -73.7    0.4518   0.22   0.01    -1.6000  lv0(-1.6)          0.3s
    7       -51.2       -69.4    0.4472   0.23   0.02    -1.6000  lv0(-1.6)          0.3s
    8       -57.9       -72.1    0.4431   0.23   0.02    -1.6000  lv0(-1.6)          0.3s
    9       -52.3       -71.3    0.4393   0.24   0.02    -1.6000  lv0(-1.6)          0.3s
  [probe] gen=10 score=-432.6 net=-0.625 fell=1.000
   10       -46.1       -69.8    0.4358   0.24   0.03    -1.6000  lv0(-1.6)          0.3s
   11       -23.1       -68.3    0.4329   0.24   0.03    -1.6000  lv0(-1.6)          0.3s
   12       -39.0       -68.3    0.4301   0.25   0.03    -1.6000  lv0(-1.6)          0.4s
   13       -41.7       -69.2    0.4275   0.25   0.03    -1.6000  lv0(-1.6)          0.4s
   14       -34.1       -72.9    0.4249   0.26   0.04    -1.6000  lv0(-1.6)          0.4s
   15       -56.8       -75.8    0.4225   0.26   0.04    -1.6000  lv0(-1.6)          0.4s
   16       -22.5       -68.9    0.4202   0.26   0.04    -1.6000  lv0(-1.6)          0.4s
   17       -32.2       -69.0    0.4182   0.27   0.04    -1.6000  lv0(-1.6)          0.5s
   18       -33.6       -71.5    0.4163   0.27   0.04    -1.6000  lv0(-1.6)          0.4s
   19       -14.5       -66.7    0.4146   0.28   0.05    -1.6000  lv0(-1.6)          0.5s
  [probe] gen=20 score=-442.9 net=-0.660 fell=1.000
   20        -2.1       -67.1    0.4133   0.28   0.05    -1.6000  lv0(-1.6)          0.5s
   21       135.9       -57.1    0.4121   0.28   0.05    -1.6000  lv0(-1.6)          0.7s
   22       135.9       -61.8    0.4109   0.29   0.06    -1.6000  lv0(-1.6)          0.7s
   23       152.0       -58.8    0.4098   0.29   0.06    -1.6000  lv0(-1.6)          0.7s
   24       164.5       -48.9    0.4089   0.30   0.06    -1.6000  lv0(-1.6)          0.7s
  [plot] Saved fitness curve → experiments/thesis/adaptive_progression/seed_08/fitness_curve.png
   25       203.6       -22.5    0.4082   0.30   0.06    -1.6000  lv0(-1.6)          0.8s
   26       280.4        -6.6    0.4075   0.30   0.07    -1.6000  lv0(-1.6)          0.9s
   27       214.5         6.6    0.4068   0.31   0.07    -1.6000  lv0(-1.6)          1.0s
   28       217.4        61.2    0.4062   0.31   0.07    -1.6000  lv0(-1.6)          1.3s
   29       371.7        96.0    0.4057   0.32   0.07    -1.6000  lv0(-1.6)          1.5s
  [probe] gen=30 score=-343.7 net=-0.102 fell=1.000 [new best earth]
   30       233.1        16.2    0.4052   0.32   0.07    -1.6000  lv0(-1.6)          1.1s
   31       347.9        96.8    0.4048   0.32   0.08    -1.6000  lv0(-1.6)          1.5s
   32       366.7        75.8    0.4044   0.33   0.08    -1.6000  lv0(-1.6)          1.3s
   33       382.6       117.0    0.4040   0.33   0.08    -1.6000  lv0(-1.6)          1.6s
   34       258.7        59.1    0.4035   0.34   0.09    -1.6000  lv0(-1.6)          1.4s
   35       323.4        49.3    0.4032   0.34   0.09    -1.6000  lv0(-1.6)          1.5s
   36       391.5        96.1    0.4031   0.34   0.09    -1.6000  lv0(-1.6)          1.8s
   37       499.6       108.2    0.4029   0.35   0.09    -1.6000  lv0(-1.6)          1.8s
   38       361.6       100.3    0.4027   0.35   0.10    -1.6000  lv0(-1.6)          1.7s
   39       437.1       137.0    0.4024   0.36   0.10    -1.6000  lv0(-1.6)          1.8s
  [probe] gen=40 score=6.2 net=0.932 fell=1.000 [new best earth]
   40       413.1       111.8    0.4021   0.36   0.10    -1.6000  lv0(-1.6)          1.9s
   41       326.9       115.1    0.4019   0.36   0.10    -1.6000  lv0(-1.6)          1.7s
   42       462.3       127.5    0.4014   0.37   0.10    -1.6000  lv0(-1.6)          1.8s
   43       583.6        79.0    0.4011   0.37   0.11    -1.6000  lv0(-1.6)          1.7s
   44       445.9        78.0    0.4008   0.38   0.11    -1.6000  lv0(-1.6)          1.8s
   45       311.4       148.9    0.4006   0.38   0.11    -1.6000  lv0(-1.6)          2.0s
   46       261.1        55.6    0.4003   0.38   0.12    -1.6000  lv0(-1.6)          1.9s
   47       264.7        76.8    0.4002   0.39   0.12    -1.6000  lv0(-1.6)          2.1s
   48       287.1       101.8    0.4002   0.39   0.12    -1.6000  lv0(-1.6)          1.8s
   49       256.0        95.9    0.4001   0.40   0.12    -1.6000  lv0(-1.6)          1.9s
  [probe] gen=50 score=-195.4 net=0.065 fell=1.000
  [plot] Saved fitness curve → experiments/thesis/adaptive_progression/seed_08/fitness_curve.png
   50       248.4        84.3    0.4000   0.40   0.12    -1.6000  lv0(-1.6)          1.6s
   51       264.2       116.0    0.4000   0.40   0.13    -1.6000  lv0(-1.6)          1.8s
   52       469.6        86.8    0.3999   0.41   0.13    -1.6000  lv0(-1.6)          2.0s
   53       334.9        93.7    0.3999   0.41   0.13    -1.6000  lv0(-1.6)          1.7s
   54       388.0       108.4    0.4000   0.42   0.14    -1.6000  lv0(-1.6)          2.2s
   55       281.9        87.6    0.3999   0.42   0.14    -1.6000  lv0(-1.6)          2.0s
   56       417.8       106.7    0.3998   0.42   0.14    -1.6000  lv0(-1.6)          2.2s
   57       474.8       156.4    0.3998   0.43   0.14    -1.6000  lv0(-1.6)          2.4s
   58       333.8       120.6    0.3998   0.43   0.14    -1.6000  lv0(-1.6)          2.2s
   59       325.8       116.7    0.3997   0.44   0.15    -1.6000  lv0(-1.6)          2.3s
  [probe] gen=60 score=-437.1 net=-0.983 fell=1.000
   60       305.7       171.6    0.3998   0.44   0.15    -1.6000  lv0(-1.6)          2.2s
   61       414.1       115.0    0.3997   0.44   0.15    -1.6000  lv0(-1.6)          2.0s
   62       415.6       165.0    0.3997   0.45   0.15    -1.6000  lv0(-1.6)          2.2s
   63       351.1       135.4    0.3996   0.45   0.16    -1.6000  lv0(-1.6)          2.2s
   64       363.0       121.9    0.3996   0.46   0.16    -1.6000  lv0(-1.6)          2.2s
   65       442.2        90.0    0.3997   0.46   0.16    -1.6000  lv0(-1.6)          2.1s
   66       404.3       161.2    0.3999   0.46   0.17    -1.6000  lv0(-1.6)          2.6s
   67       470.8       153.2    0.4000   0.47   0.17    -1.6000  lv0(-1.6)          2.9s
   68       370.8       179.6    0.4002   0.47   0.17    -1.6000  lv0(-1.6)          2.5s
   69       397.3       179.4    0.4003   0.48   0.17    -1.6000  lv0(-1.6)          2.6s
  [probe] gen=70 score=-483.1 net=-0.906 fell=1.000
   70       545.3       130.1    0.4003   0.48   0.17    -1.6000  lv0(-1.6)          2.3s
   71       388.7       144.8    0.4001   0.48   0.18    -1.6000  lv0(-1.6)          2.7s
   72       656.0       207.2    0.3999   0.49   0.18    -1.6000  lv0(-1.6)          2.7s
   73       673.2       209.6    0.3996   0.49   0.18    -1.6000  lv0(-1.6)          2.8s
   74       965.5       230.3    0.3994   0.50   0.18    -1.6000  lv0(-1.6)          2.7s
  [plot] Saved fitness curve → experiments/thesis/adaptive_progression/seed_08/fitness_curve.png
   75       853.1       148.8    0.3991   0.50   0.19    -1.6000  lv0(-1.6)          2.6s
   76       548.1       132.1    0.3987   0.50   0.19    -1.6000  lv0(-1.6)          2.4s
   77       644.9       203.0    0.3985   0.51   0.19    -1.6000  lv0(-1.6)          2.4s
   78       690.2       145.1    0.3981   0.51   0.20    -1.6000  lv0(-1.6)          2.4s
   79       677.3       158.3    0.3978   0.52   0.20    -1.6000  lv0(-1.6)          2.8s
  [probe] gen=80 score=-430.9 net=-0.920 fell=1.000
   80       730.9       218.0    0.3974   0.52   0.20    -1.6000  lv0(-1.6)          3.2s
   81       639.2       125.8    0.3972   0.52   0.20    -1.6000  lv0(-1.6)          2.3s
   82       930.1       199.8    0.3968   0.53   0.20    -1.6000  lv0(-1.6)          2.4s
   83       618.3        93.8    0.3966   0.53   0.21    -1.6000  lv0(-1.6)          2.1s
   84       688.0       215.8    0.3963   0.54   0.21    -1.6000  lv0(-1.6)          2.3s
   85       939.7       279.8    0.3960   0.54   0.21    -1.6000  lv0(-1.6)          2.7s
   86       608.2       182.8    0.3957   0.54   0.21    -1.6000  lv0(-1.6)          2.3s
   87      1068.3       189.6    0.3956   0.55   0.22    -1.6000  lv0(-1.6)          2.4s
   88       830.0       245.4    0.3955   0.55   0.22    -1.6000  lv0(-1.6)          2.4s
   89       731.9       262.0    0.3954   0.56   0.22    -1.6000  lv0(-1.6)          2.6s
  [probe] gen=90 score=32.6 net=1.047 fell=1.000 [new best earth]
   90       883.7       265.7    0.3953   0.56   0.23    -1.6000  lv0(-1.6)          2.5s
   91      1029.6       316.8    0.3950   0.56   0.23    -1.6000  lv0(-1.6)          2.6s
   92      1183.7       320.9    0.3947   0.57   0.23    -1.6000  lv0(-1.6)          2.4s
   93       817.5       398.3    0.3944   0.57   0.23    -1.6000  lv0(-1.6)          3.0s
   94      1074.5       338.1    0.3939   0.58   0.23    -1.6000  lv0(-1.6)          2.9s
   95      1012.7       362.3    0.3932   0.58   0.24    -1.6000  lv0(-1.6)          2.5s
   96       963.7       355.4    0.3925   0.58   0.24    -1.6000  lv0(-1.6)          2.6s
   97      1292.4       385.0    0.3920   0.59   0.24    -1.6000  lv0(-1.6)          2.6s
   98      1185.6       403.9    0.3913   0.59   0.24    -1.6000  lv0(-1.6)          2.3s
   99      1056.0       406.1    0.3907   0.60   0.25    -1.6000  lv0(-1.6)          2.5s
  [probe] gen=100 score=-4.4 net=0.860 fell=1.000
  [plot] Saved fitness curve → experiments/thesis/adaptive_progression/seed_08/fitness_curve.png
  100       957.6       317.4    0.3900   0.60   0.25    -1.6000  lv0(-1.6)          2.3s
  101      1205.7       539.0    0.3894   0.60   0.25    -1.6000  lv0(-1.6)          2.5s
  102      1151.5       416.4    0.3887   0.61   0.26    -1.6000  lv0(-1.6)          2.3s
  103      1128.3       424.8    0.3882   0.61   0.26    -1.6000  lv0(-1.6)          2.3s
  104      1338.5       476.6    0.3878   0.62   0.26    -1.6000  lv0(-1.6)          2.4s
  105      1111.2       512.0    0.3876   0.62   0.26    -1.6000  lv0(-1.6)          2.4s
  106      1101.1       410.1    0.3873   0.62   0.27    -1.6000  lv0(-1.6)          2.3s
  107      1124.4       423.5    0.3870   0.63   0.27    -1.6000  lv0(-1.6)          2.3s
  108       971.1       392.6    0.3867   0.63   0.27    -1.6000  lv0(-1.6)          2.5s
  109      1136.9       504.1    0.3863   0.64   0.27    -1.6000  lv0(-1.6)          2.5s
  [probe] gen=110 score=38.4 net=1.070 fell=1.000 [new best earth]
  110       963.7       436.9    0.3860   0.64   0.28    -1.6000  lv0(-1.6)          2.3s
  111      1203.4       494.5    0.3856   0.64   0.28    -1.6000  lv0(-1.6)          2.3s
  112      1099.4       440.5    0.3852   0.65   0.28    -1.6000  lv0(-1.6)          2.3s
  113      1118.8       385.7    0.3848   0.65   0.28    -1.6000  lv0(-1.6)          2.2s
  114       978.9       346.3    0.3845   0.66   0.28    -1.6000  lv0(-1.6)          2.3s
  115      1173.2       410.3    0.3842   0.66   0.29    -1.6000  lv0(-1.6)          2.4s
  116       951.2       480.2    0.3840   0.66   0.29    -1.6000  lv0(-1.6)          2.5s
  117      1218.8       519.4    0.3838   0.67   0.29    -1.6000  lv0(-1.6)          2.4s
  118      1176.2       313.0    0.3834   0.67   0.29    -1.6000  lv0(-1.6)          2.2s
  119       842.3       374.5    0.3829   0.68   0.30    -1.6000  lv0(-1.6)          2.3s
  [probe] gen=120 score=29.3 net=1.045 fell=1.000
  120      1089.4       449.1    0.3825   0.68   0.30    -1.6000  lv0(-1.6)          2.5s
  121      1044.0       435.1    0.3823   0.68   0.30    -1.6000  lv0(-1.6)          2.3s
  122      1107.9       285.4    0.3823   0.69   0.30    -1.6000  lv0(-1.6)          2.1s
  123      1003.0       427.0    0.3820   0.69   0.31    -1.6000  lv0(-1.6)          2.3s
  124       949.3       438.0    0.3818   0.70   0.31    -1.6000  lv0(-1.6)          2.3s
  [plot] Saved fitness curve → experiments/thesis/adaptive_progression/seed_08/fitness_curve.png
  125      1037.9       373.9    0.3816   0.70   0.31    -1.6000  lv0(-1.6)          2.2s
  126      1084.9       468.8    0.3815   0.70   0.32    -1.6000  lv0(-1.6)          2.3s
  127      1134.5       498.9    0.3813   0.71   0.32    -1.6000  lv0(-1.6)          2.2s
  128      1003.5       410.7    0.3814   0.71   0.32    -1.6000  lv0(-1.6)          2.2s
  129      1087.6       347.4    0.3815   0.72   0.32    -1.6000  lv0(-1.6)          2.2s
  [probe] gen=130 score=39.3 net=1.063 fell=1.000 [new best earth]
  130      1178.6       509.6    0.3816   0.72   0.33    -1.6000  lv0(-1.6)          2.3s
  131      1126.8       594.8    0.3819   0.72   0.33    -1.6000  lv0(-1.6)          2.4s
  132      1119.7       458.0    0.3821   0.73   0.33    -1.6000  lv0(-1.6)          2.2s
  133      1048.7       404.8    0.3823   0.73   0.33    -1.6000  lv0(-1.6)          2.3s
  [stage] gen=134  gravity -1.60 → -3.00  ES restarted  remaining=365
  134      1120.2       460.1    0.5000   0.74   0.34    -1.6000  lv0(-1.6)          2.3s
  135       634.6       143.2    0.4902   0.74   0.34    -3.0000  lv1(-3.0)          1.3s
  136       972.2       177.5    0.4820   0.74   0.34    -3.0000  lv1(-3.0)          1.4s
  137      1073.3       180.4    0.4746   0.75   0.34    -3.0000  lv1(-3.0)          1.5s
  138       788.7       191.2    0.4680   0.75   0.34    -3.0000  lv1(-3.0)          1.5s
  139      1083.1       260.0    0.4619   0.76   0.35    -3.0000  lv1(-3.0)          1.5s
  [probe] gen=140 score=212.9 net=1.744 fell=1.000 [new best earth]
  140      1143.0       234.5    0.4564   0.76   0.35    -3.0000  lv1(-3.0)          1.6s
  141       778.7       306.9    0.4514   0.76   0.35    -3.0000  lv1(-3.0)          1.6s
  142       847.7       268.5    0.4466   0.77   0.35    -3.0000  lv1(-3.0)          1.6s
  143       896.1       358.7    0.4421   0.77   0.36    -3.0000  lv1(-3.0)          1.6s
  144       840.9       316.4    0.4379   0.78   0.36    -3.0000  lv1(-3.0)          1.5s
  145      1021.4       324.2    0.4341   0.78   0.36    -3.0000  lv1(-3.0)          1.7s
  146       884.1       280.1    0.4306   0.78   0.36    -3.0000  lv1(-3.0)          1.6s
  147      1122.0       341.9    0.4273   0.79   0.37    -3.0000  lv1(-3.0)          1.7s
  148       807.2       409.1    0.4244   0.79   0.37    -3.0000  lv1(-3.0)          1.8s
  149      1322.1       465.8    0.4215   0.80   0.37    -3.0000  lv1(-3.0)          1.9s
  [probe] gen=150 score=235.9 net=1.837 fell=1.000 [new best earth]
  [plot] Saved fitness curve → experiments/thesis/adaptive_progression/seed_08/fitness_curve.png
  150      1245.4       422.7    0.4191   0.80   0.38    -3.0000  lv1(-3.0)          1.8s
  151      1174.2       486.0    0.4169   0.80   0.38    -3.0000  lv1(-3.0)          1.7s
  152      1256.0       497.5    0.4147   0.81   0.38    -3.0000  lv1(-3.0)          1.8s
  153       922.2       439.7    0.4124   0.81   0.38    -3.0000  lv1(-3.0)          1.7s
  154       970.4       505.9    0.4105   0.82   0.39    -3.0000  lv1(-3.0)          1.8s
  155      1333.3       557.8    0.4085   0.82   0.39    -3.0000  lv1(-3.0)          2.1s
  156      1298.9       604.0    0.4066   0.82   0.39    -3.0000  lv1(-3.0)          2.3s
  157      1512.7       511.8    0.4048   0.83   0.39    -3.0000  lv1(-3.0)          1.9s
  158      1397.4       563.0    0.4030   0.83   0.40    -3.0000  lv1(-3.0)          2.0s
  159      1196.5       488.7    0.4013   0.84   0.40    -3.0000  lv1(-3.0)          1.9s
  [probe] gen=160 score=79.9 net=1.216 fell=1.000
  160      1102.2       518.1    0.3997   0.84   0.40    -3.0000  lv1(-3.0)          1.9s
  161       962.1       481.6    0.3982   0.84   0.40    -3.0000  lv1(-3.0)          1.9s
  162      1155.1       582.7    0.3969   0.85   0.41    -3.0000  lv1(-3.0)          2.0s
  163      1175.3       512.5    0.3960   0.85   0.41    -3.0000  lv1(-3.0)          1.9s
  164       889.4       468.1    0.3951   0.86   0.41    -3.0000  lv1(-3.0)          2.0s
  165      1076.5       593.9    0.3942   0.86   0.41    -3.0000  lv1(-3.0)          2.1s
  166       954.1       505.5    0.3934   0.86   0.41    -3.0000  lv1(-3.0)          2.0s
  167      1376.2       589.2    0.3925   0.87   0.42    -3.0000  lv1(-3.0)          2.2s
  168      1231.8       549.0    0.3918   0.87   0.42    -3.0000  lv1(-3.0)          2.0s
  169      1481.6       622.4    0.3912   0.88   0.42    -3.0000  lv1(-3.0)          2.2s
  [probe] gen=170 score=209.9 net=1.736 fell=1.000
  170      1602.1       662.2    0.3907   0.88   0.42    -3.0000  lv1(-3.0)          2.4s
  171      1600.5       536.2    0.3903   0.88   0.43    -3.0000  lv1(-3.0)          2.2s
  172      1597.8       605.5    0.3899   0.89   0.43    -3.0000  lv1(-3.0)          2.6s
  173      1373.9       572.1    0.3894   0.89   0.43    -3.0000  lv1(-3.0)          2.3s
  174      1250.1       549.4    0.3889   0.90   0.43    -3.0000  lv1(-3.0)          2.2s
  [plot] Saved fitness curve → experiments/thesis/adaptive_progression/seed_08/fitness_curve.png
  175      1395.9       663.3    0.3885   0.90   0.44    -3.0000  lv1(-3.0)          2.5s
  176      1520.8       639.1    0.3881   0.90   0.44    -3.0000  lv1(-3.0)          2.6s
  177      1257.5       553.5    0.3879   0.91   0.44    -3.0000  lv1(-3.0)          2.4s
  178      1467.1       617.2    0.3875   0.91   0.45    -3.0000  lv1(-3.0)          2.5s
  179      1584.7       678.6    0.3872   0.92   0.45    -3.0000  lv1(-3.0)          2.2s
  [probe] gen=180 score=185.8 net=1.631 fell=1.000
  180      1585.5       638.7    0.3868   0.92   0.45    -3.0000  lv1(-3.0)          2.2s
  181      1685.3       702.6    0.3865   0.92   0.45    -3.0000  lv1(-3.0)          2.4s
  182      1649.5       618.4    0.3861   0.93   0.46    -3.0000  lv1(-3.0)          2.5s
  183      1565.5       615.5    0.3856   0.93   0.46    -3.0000  lv1(-3.0)          2.8s
  184      1482.2       685.0    0.3849   0.94   0.46    -3.0000  lv1(-3.0)          2.7s
  185      1353.1       619.4    0.3844   0.94   0.46    -3.0000  lv1(-3.0)          2.3s
  186      1495.5       727.3    0.3838   0.94   0.47    -3.0000  lv1(-3.0)          2.4s
  187      1510.9       681.6    0.3832   0.95   0.47    -3.0000  lv1(-3.0)          2.4s
  188      1570.2       658.5    0.3827   0.95   0.47    -3.0000  lv1(-3.0)          2.3s
  189      1360.8       551.4    0.3825   0.96   0.47    -3.0000  lv1(-3.0)          2.3s
  [probe] gen=190 score=199.0 net=1.687 fell=1.000
  190      1837.5       581.3    0.3824   0.96   0.47    -3.0000  lv1(-3.0)          2.3s
  191      1355.2       703.2    0.3824   0.96   0.48    -3.0000  lv1(-3.0)          2.5s
  192      1741.4       628.9    0.3823   0.97   0.48    -3.0000  lv1(-3.0)          2.1s
  193      1712.4       753.6    0.3823   0.97   0.48    -3.0000  lv1(-3.0)          2.4s
  194      1563.6       583.9    0.3822   0.98   0.48    -3.0000  lv1(-3.0)          2.2s
  195      1623.0       654.7    0.3823   0.98   0.49    -3.0000  lv1(-3.0)          2.2s
  196      1465.9       617.8    0.3825   0.98   0.49    -3.0000  lv1(-3.0)          2.3s
  197      1480.8       642.2    0.3825   0.99   0.49    -3.0000  lv1(-3.0)          2.2s
  198      1622.5       715.6    0.3827   0.99   0.49    -3.0000  lv1(-3.0)          2.4s
  199      1687.4       755.1    0.3828   1.00   0.50    -3.0000  lv1(-3.0)          2.4s
  [probe] gen=200 score=-73.3 net=0.386 fell=1.000
  [plot] Saved fitness curve → experiments/thesis/adaptive_progression/seed_08/fitness_curve.png
  200      1556.7       652.5    0.3828   1.00   0.50    -3.0000  lv1(-3.0)          2.2s
  201      1420.3       730.6    0.3830   1.00   0.50    -3.0000  lv1(-3.0)          2.2s
  202      1717.2       783.5    0.3831   1.00   0.50    -3.0000  lv1(-3.0)          2.6s
  203      1664.5       685.8    0.3830   1.00   0.50    -3.0000  lv1(-3.0)          2.2s
  204      1704.8       707.0    0.3828   1.00   0.50    -3.0000  lv1(-3.0)          2.2s
  205      1842.0       780.6    0.3828   1.00   0.50    -3.0000  lv1(-3.0)          2.4s
  206      1739.1       736.8    0.3827   1.00   0.50    -3.0000  lv1(-3.0)          2.4s
  207      1416.6       714.9    0.3827   1.00   0.50    -3.0000  lv1(-3.0)          2.3s
  208      1889.4       760.3    0.3825   1.00   0.50    -3.0000  lv1(-3.0)          2.3s
  209      1604.7       643.5    0.3824   1.00   0.50    -3.0000  lv1(-3.0)          2.4s
  [probe] gen=210 score=321.2 net=2.152 fell=1.000 [new best earth]
  210      1838.7       800.6    0.3820   1.00   0.50    -3.0000  lv1(-3.0)          2.5s
  211      1680.8       641.5    0.3816   1.00   0.50    -3.0000  lv1(-3.0)          2.3s
  212      1745.9       627.3    0.3811   1.00   0.50    -3.0000  lv1(-3.0)          2.2s
  213      1835.8       596.7    0.3808   1.00   0.50    -3.0000  lv1(-3.0)          2.2s
  214      1694.7       773.1    0.3805   1.00   0.50    -3.0000  lv1(-3.0)          2.3s
  215      1568.7       712.0    0.3803   1.00   0.50    -3.0000  lv1(-3.0)          2.4s
  216      1749.8       808.1    0.3801   1.00   0.50    -3.0000  lv1(-3.0)          2.5s
  217      1417.6       738.3    0.3802   1.00   0.50    -3.0000  lv1(-3.0)          2.5s
  218      1836.9       801.4    0.3802   1.00   0.50    -3.0000  lv1(-3.0)          2.5s
  219      1650.0       827.5    0.3802   1.00   0.50    -3.0000  lv1(-3.0)          2.6s
  [probe] gen=220 score=242.5 net=1.768 fell=1.000
  220      1632.2       752.9    0.3802   1.00   0.50    -3.0000  lv1(-3.0)          2.3s
  221      1839.8       815.0    0.3801   1.00   0.50    -3.0000  lv1(-3.0)          2.4s
  222      1669.9       786.7    0.3801   1.00   0.50    -3.0000  lv1(-3.0)          2.5s
  223      1719.8       769.3    0.3802   1.00   0.50    -3.0000  lv1(-3.0)          2.5s
  224      1723.7       699.1    0.3803   1.00   0.50    -3.0000  lv1(-3.0)          2.5s
  [plot] Saved fitness curve → experiments/thesis/adaptive_progression/seed_08/fitness_curve.png
  225      1715.0       789.7    0.3802   1.00   0.50    -3.0000  lv1(-3.0)          2.5s
  226      1750.9       631.2    0.3802   1.00   0.50    -3.0000  lv1(-3.0)          2.6s
  227      1730.3       635.5    0.3803   1.00   0.50    -3.0000  lv1(-3.0)          2.3s
  228      1592.5       592.6    0.3804   1.00   0.50    -3.0000  lv1(-3.0)          2.2s
  229      1446.3       686.2    0.3805   1.00   0.50    -3.0000  lv1(-3.0)          2.3s
  [probe] gen=230 score=263.2 net=1.946 fell=1.000
  230      1478.0       801.3    0.3807   1.00   0.50    -3.0000  lv1(-3.0)          2.5s
  231      1683.9       797.6    0.3808   1.00   0.50    -3.0000  lv1(-3.0)          2.4s
  232      1589.8       654.7    0.3809   1.00   0.50    -3.0000  lv1(-3.0)          2.2s
  233      1647.5       733.5    0.3809   1.00   0.50    -3.0000  lv1(-3.0)          2.6s
  234      1858.5       722.5    0.3809   1.00   0.50    -3.0000  lv1(-3.0)          2.5s
  235      1753.5       729.5    0.3809   1.00   0.50    -3.0000  lv1(-3.0)          2.5s
  236      1605.8       679.6    0.3810   1.00   0.50    -3.0000  lv1(-3.0)          2.2s
  237      1598.5       781.1    0.3813   1.00   0.50    -3.0000  lv1(-3.0)          2.6s
  [stage] gen=238  gravity -3.00 → -5.00  ES restarted  remaining=261
  238      1653.1       625.0    0.5000   1.00   0.50    -3.0000  lv1(-3.0)          2.5s
  239      1188.9       328.7    0.4903   1.00   0.50    -5.0000  lv2(-5.0)          1.4s
  [probe] gen=240 score=50.6 net=0.908 fell=1.000
  240       997.3       357.1    0.4820   1.00   0.50    -5.0000  lv2(-5.0)          1.6s
  241      1373.8       318.3    0.4744   1.00   0.50    -5.0000  lv2(-5.0)          1.6s
  242       948.6       315.9    0.4678   1.00   0.50    -5.0000  lv2(-5.0)          1.5s
  243       806.3       275.8    0.4619   1.00   0.50    -5.0000  lv2(-5.0)          1.5s
  244       943.0       230.1    0.4565   1.00   0.50    -5.0000  lv2(-5.0)          1.5s
  245      1211.6       256.1    0.4514   1.00   0.50    -5.0000  lv2(-5.0)          1.7s
  246      1251.2       369.2    0.4466   1.00   0.50    -5.0000  lv2(-5.0)          1.8s
  247      1208.8       364.7    0.4422   1.00   0.50    -5.0000  lv2(-5.0)          1.7s
  248      1184.7       363.6    0.4382   1.00   0.50    -5.0000  lv2(-5.0)          1.6s
  249      1175.2       457.3    0.4344   1.00   0.50    -5.0000  lv2(-5.0)          2.0s
  [probe] gen=250 score=228.8 net=1.825 fell=1.000
  [plot] Saved fitness curve → experiments/thesis/adaptive_progression/seed_08/fitness_curve.png
  250      1594.2       439.0    0.4310   1.00   0.50    -5.0000  lv2(-5.0)          2.0s
  251      1529.7       459.8    0.4278   1.00   0.50    -5.0000  lv2(-5.0)          1.8s
  252      1580.0       578.1    0.4249   1.00   0.50    -5.0000  lv2(-5.0)          2.0s
  253      1304.1       515.0    0.4221   1.00   0.50    -5.0000  lv2(-5.0)          1.9s
  254      1371.1       515.2    0.4196   1.00   0.50    -5.0000  lv2(-5.0)          2.2s
  255      1548.4       535.0    0.4172   1.00   0.50    -5.0000  lv2(-5.0)          2.1s
  256      1405.7       566.2    0.4149   1.00   0.50    -5.0000  lv2(-5.0)          2.1s
  257      1268.0       593.7    0.4126   1.00   0.50    -5.0000  lv2(-5.0)          2.1s
  258      1626.5       615.4    0.4105   1.00   0.50    -5.0000  lv2(-5.0)          2.2s
  259      1357.3       560.6    0.4085   1.00   0.50    -5.0000  lv2(-5.0)          2.0s
  [probe] gen=260 score=191.5 net=1.582 fell=1.000
  260      1779.1       639.4    0.4066   1.00   0.50    -5.0000  lv2(-5.0)          2.2s
  261      1586.2       571.0    0.4048   1.00   0.50    -5.0000  lv2(-5.0)          2.1s
  262      1860.9       636.8    0.4028   1.00   0.50    -5.0000  lv2(-5.0)          2.1s
  263      1570.6       661.5    0.4013   1.00   0.50    -5.0000  lv2(-5.0)          2.4s
  264      1605.7       684.0    0.3998   1.00   0.50    -5.0000  lv2(-5.0)          2.3s
  265      1241.7       582.4    0.3984   1.00   0.50    -5.0000  lv2(-5.0)          2.2s
  266      1289.8       557.7    0.3971   1.00   0.50    -5.0000  lv2(-5.0)          2.0s
  267      1525.6       596.3    0.3958   1.00   0.50    -5.0000  lv2(-5.0)          2.3s
  268      1700.2       648.5    0.3946   1.00   0.50    -5.0000  lv2(-5.0)          2.3s
  [stage] gen=269  gravity -5.00 → -7.00  ES restarted  remaining=230
  269      1796.0       714.6    0.5000   1.00   0.50    -5.0000  lv2(-5.0)          2.2s
  [probe] gen=270 score=95.8 net=1.127 fell=1.000
  270       445.8       144.0    0.4903   1.00   0.50    -7.0000  lv3(-7.0)          1.1s
  271       747.3       186.3    0.4820   1.00   0.50    -7.0000  lv3(-7.0)          1.1s
  272       741.9       142.2    0.4745   1.00   0.50    -7.0000  lv3(-7.0)          1.2s
  273       745.2       214.0    0.4681   1.00   0.50    -7.0000  lv3(-7.0)          1.3s
  274       901.4       184.5    0.4622   1.00   0.50    -7.0000  lv3(-7.0)          1.3s
  [plot] Saved fitness curve → experiments/thesis/adaptive_progression/seed_08/fitness_curve.png
  275      1159.7       315.0    0.4569   1.00   0.50    -7.0000  lv3(-7.0)          1.4s
  276       783.5       255.3    0.4520   1.00   0.50    -7.0000  lv3(-7.0)          1.5s
  277      1256.2       373.8    0.4474   1.00   0.50    -7.0000  lv3(-7.0)          1.5s
  278      1440.1       334.9    0.4430   1.00   0.50    -7.0000  lv3(-7.0)          1.5s
  279      1238.7       399.3    0.4391   1.00   0.50    -7.0000  lv3(-7.0)          1.6s
  [probe] gen=280 score=189.2 net=1.686 fell=1.000
  280      1122.4       450.7    0.4355   1.00   0.50    -7.0000  lv3(-7.0)          1.6s
  281      1217.7       447.1    0.4322   1.00   0.50    -7.0000  lv3(-7.0)          1.7s
  282      1103.7       412.5    0.4291   1.00   0.50    -7.0000  lv3(-7.0)          1.6s
  283      1460.0       480.5    0.4262   1.00   0.50    -7.0000  lv3(-7.0)          1.7s
  284       879.2       401.6    0.4234   1.00   0.50    -7.0000  lv3(-7.0)          1.6s
  285       981.2       436.2    0.4210   1.00   0.50    -7.0000  lv3(-7.0)          1.6s
  286      1119.6       463.3    0.4188   1.00   0.50    -7.0000  lv3(-7.0)          1.6s
  287       886.7       370.6    0.4168   1.00   0.50    -7.0000  lv3(-7.0)          1.6s
  288       854.6       406.6    0.4148   1.00   0.50    -7.0000  lv3(-7.0)          1.6s
  289      1009.7       490.6    0.4130   1.00   0.50    -7.0000  lv3(-7.0)          1.6s
  [probe] gen=290 score=605.6 net=3.702 fell=1.000 [new best earth]
  290       867.1       395.1    0.4113   1.00   0.50    -7.0000  lv3(-7.0)          1.5s
  291       970.8       457.0    0.4098   1.00   0.50    -7.0000  lv3(-7.0)          1.6s
  292       767.2       432.5    0.4085   1.00   0.50    -7.0000  lv3(-7.0)          1.5s
  293       912.4       442.6    0.4072   1.00   0.50    -7.0000  lv3(-7.0)          1.4s
  294       830.3       432.0    0.4060   1.00   0.50    -7.0000  lv3(-7.0)          1.6s
  295      1167.6       354.6    0.4048   1.00   0.50    -7.0000  lv3(-7.0)          1.5s
  296       949.9       392.0    0.4036   1.00   0.50    -7.0000  lv3(-7.0)          1.4s
  297       818.0       308.3    0.4025   1.00   0.50    -7.0000  lv3(-7.0)          1.5s
  298       942.3       392.3    0.4014   1.00   0.50    -7.0000  lv3(-7.0)          1.5s
  299      1159.9       500.7    0.4005   1.00   0.50    -7.0000  lv3(-7.0)          1.6s
  [probe] gen=300 score=397.6 net=2.687 fell=1.000
  [plot] Saved fitness curve → experiments/thesis/adaptive_progression/seed_08/fitness_curve.png
  [stage] gen=300  gravity -7.00 → -9.81  ES restarted  remaining=199
  300       968.5       448.7    0.5000   1.00   0.50    -7.0000  lv3(-7.0)          1.6s
  301       265.8        40.6    0.4906   1.00   0.50    -9.8100  lv4(-9.8)          0.9s
  302       348.0       106.9    0.4823   1.00   0.50    -9.8100  lv4(-9.8)          1.0s
  303       430.8       102.0    0.4749   1.00   0.50    -9.8100  lv4(-9.8)          1.0s
  304       469.4        93.5    0.4682   1.00   0.50    -9.8100  lv4(-9.8)          1.1s
  305       459.7        79.0    0.4621   1.00   0.50    -9.8100  lv4(-9.8)          1.0s
  306       543.7       151.1    0.4565   1.00   0.50    -9.8100  lv4(-9.8)          1.0s
  307       675.5       217.9    0.4514   1.00   0.50    -9.8100  lv4(-9.8)          1.1s
  308       465.5       186.5    0.4469   1.00   0.50    -9.8100  lv4(-9.8)          1.1s
  309       541.4       215.6    0.4426   1.00   0.50    -9.8100  lv4(-9.8)          1.2s
  [probe] gen=310 score=542.2 net=3.238 fell=1.000
  310       604.3       246.4    0.4387   1.00   0.50    -9.8100  lv4(-9.8)          1.1s
  311       652.4       181.9    0.4349   1.00   0.50    -9.8100  lv4(-9.8)          1.1s
  312       768.3       263.4    0.4314   1.00   0.50    -9.8100  lv4(-9.8)          1.1s
  313       808.7       231.1    0.4279   1.00   0.50    -9.8100  lv4(-9.8)          1.2s
  314       894.0       269.1    0.4248   1.00   0.50    -9.8100  lv4(-9.8)          1.2s
  315      1383.8       304.5    0.4216   1.00   0.50    -9.8100  lv4(-9.8)          1.5s
  316       646.6       256.2    0.4188   1.00   0.50    -9.8100  lv4(-9.8)          1.2s
  317      1065.1       294.2    0.4163   1.00   0.50    -9.8100  lv4(-9.8)          1.4s
  318       697.8       299.4    0.4140   1.00   0.50    -9.8100  lv4(-9.8)          1.5s
  319      1093.9       271.9    0.4119   1.00   0.50    -9.8100  lv4(-9.8)          1.4s
  [probe] gen=320 score=652.5 net=2.906 fell=0.500 [new best earth]
  320       697.3       272.2    0.4100   1.00   0.50    -9.8100  lv4(-9.8)          1.3s
  321       732.8       314.2    0.4082   1.00   0.50    -9.8100  lv4(-9.8)          1.6s
  322       764.7       352.4    0.4067   1.00   0.50    -9.8100  lv4(-9.8)          1.7s
  323       831.6       350.1    0.4053   1.00   0.50    -9.8100  lv4(-9.8)          1.5s
  324       815.6       396.1    0.4041   1.00   0.50    -9.8100  lv4(-9.8)          1.5s
  [plot] Saved fitness curve → experiments/thesis/adaptive_progression/seed_08/fitness_curve.png
  325       558.5       297.8    0.4028   1.00   0.50    -9.8100  lv4(-9.8)          1.5s
  326       770.3       316.6    0.4015   1.00   0.50    -9.8100  lv4(-9.8)          1.4s
  327       957.4       340.8    0.4002   1.00   0.50    -9.8100  lv4(-9.8)          1.5s
  328       752.6       296.0    0.3992   1.00   0.50    -9.8100  lv4(-9.8)          1.4s
  329       869.2       311.0    0.3981   1.00   0.50    -9.8100  lv4(-9.8)          1.5s
  [probe] gen=330 score=725.1 net=4.048 fell=1.000 [new best earth]
  330       776.5       299.8    0.3971   1.00   0.50    -9.8100  lv4(-9.8)          1.3s
  331       787.0       324.7    0.3963   1.00   0.50    -9.8100  lv4(-9.8)          1.3s
  332       750.5       186.9    0.3954   1.00   0.50    -9.8100  lv4(-9.8)          1.3s
  333      1174.6       250.1    0.3947   1.00   0.50    -9.8100  lv4(-9.8)          1.4s
  334       950.4       331.3    0.3940   1.00   0.50    -9.8100  lv4(-9.8)          1.5s
  335       607.0       249.0    0.3935   1.00   0.50    -9.8100  lv4(-9.8)          1.4s
  336       688.9       245.8    0.3929   1.00   0.50    -9.8100  lv4(-9.8)          1.4s
  337       929.9       332.8    0.3924   1.00   0.50    -9.8100  lv4(-9.8)          1.5s
  338       796.0       267.1    0.3919   1.00   0.50    -9.8100  lv4(-9.8)          1.5s
  339       785.8       308.1    0.3913   1.00   0.50    -9.8100  lv4(-9.8)          1.5s
  [probe] gen=340 score=556.8 net=2.865 fell=0.900
  340      1023.5       327.0    0.3907   1.00   0.50    -9.8100  lv4(-9.8)          1.5s
  341       894.1       325.3    0.3902   1.00   0.50    -9.8100  lv4(-9.8)          1.2s
  342       761.2       369.2    0.3899   1.00   0.50    -9.8100  lv4(-9.8)          1.4s
  343       934.4       361.7    0.3894   1.00   0.50    -9.8100  lv4(-9.8)          1.5s
  344      1112.3       414.2    0.3890   1.00   0.50    -9.8100  lv4(-9.8)          1.5s
  345       764.5       350.4    0.3887   1.00   0.50    -9.8100  lv4(-9.8)          1.3s
  346       612.9       297.3    0.3886   1.00   0.50    -9.8100  lv4(-9.8)          1.5s
  347       899.4       328.7    0.3884   1.00   0.50    -9.8100  lv4(-9.8)          1.4s
  348      1029.0       326.7    0.3883   1.00   0.50    -9.8100  lv4(-9.8)          1.5s
  349       735.1       324.5    0.3883   1.00   0.50    -9.8100  lv4(-9.8)          1.3s
  [probe] gen=350 score=886.3 net=4.709 fell=1.000 [new best earth]
  [plot] Saved fitness curve → experiments/thesis/adaptive_progression/seed_08/fitness_curve.png
  350       994.3       301.0    0.3882   1.00   0.50    -9.8100  lv4(-9.8)          1.6s
  351       734.3       311.8    0.3881   1.00   0.50    -9.8100  lv4(-9.8)          1.3s
  352      1024.5       390.5    0.3880   1.00   0.50    -9.8100  lv4(-9.8)          1.4s
  353       694.4       300.0    0.3878   1.00   0.50    -9.8100  lv4(-9.8)          1.3s
  354       793.1       443.2    0.3877   1.00   0.50    -9.8100  lv4(-9.8)          1.5s
  355       827.5       343.6    0.3875   1.00   0.50    -9.8100  lv4(-9.8)          1.4s
  356       676.3       256.0    0.3872   1.00   0.50    -9.8100  lv4(-9.8)          1.3s
  357      1158.2       351.7    0.3871   1.00   0.50    -9.8100  lv4(-9.8)          1.3s
  358      1643.4       418.3    0.3871   1.00   0.50    -9.8100  lv4(-9.8)          1.7s
  359       920.6       350.9    0.3869   1.00   0.50    -9.8100  lv4(-9.8)          1.5s
  [probe] gen=360 score=744.5 net=4.033 fell=1.000
  360       776.2       349.6    0.3867   1.00   0.50    -9.8100  lv4(-9.8)          1.7s
  361       881.1       359.8    0.3865   1.00   0.50    -9.8100  lv4(-9.8)          1.3s
  362       925.0       437.5    0.3862   1.00   0.50    -9.8100  lv4(-9.8)          1.5s
  363       907.5       361.8    0.3861   1.00   0.50    -9.8100  lv4(-9.8)          1.8s
  364      1005.4       367.2    0.3858   1.00   0.50    -9.8100  lv4(-9.8)          1.5s
  365       951.7       394.9    0.3855   1.00   0.50    -9.8100  lv4(-9.8)          1.4s
  366       666.0       305.8    0.3853   1.00   0.50    -9.8100  lv4(-9.8)          1.2s
  367       849.2       456.9    0.3849   1.00   0.50    -9.8100  lv4(-9.8)          1.6s
  368       922.4       429.2    0.3845   1.00   0.50    -9.8100  lv4(-9.8)          1.8s
  369      1005.1       498.9    0.3841   1.00   0.50    -9.8100  lv4(-9.8)          1.5s
  [probe] gen=370 score=601.8 net=3.324 fell=0.900
  370      1130.2       466.5    0.3838   1.00   0.50    -9.8100  lv4(-9.8)          1.9s
  371       891.5       386.7    0.3835   1.00   0.50    -9.8100  lv4(-9.8)          1.5s
  372      1226.1       489.0    0.3832   1.00   0.50    -9.8100  lv4(-9.8)          1.8s
  373      1525.4       496.6    0.3828   1.00   0.50    -9.8100  lv4(-9.8)          1.9s
  374      1265.9       605.9    0.3827   1.00   0.50    -9.8100  lv4(-9.8)          2.0s
  [plot] Saved fitness curve → experiments/thesis/adaptive_progression/seed_08/fitness_curve.png
  375      1264.0       528.8    0.3828   1.00   0.50    -9.8100  lv4(-9.8)          1.8s
  376      1170.8       510.5    0.3829   1.00   0.50    -9.8100  lv4(-9.8)          1.8s
  377      1332.3       447.7    0.3830   1.00   0.50    -9.8100  lv4(-9.8)          1.6s
  378      1402.2       508.0    0.3830   1.00   0.50    -9.8100  lv4(-9.8)          1.8s
  379      1117.4       531.4    0.3829   1.00   0.50    -9.8100  lv4(-9.8)          1.7s
  [probe] gen=380 score=1016.9 net=5.578 fell=1.000 [new best earth]
  380      1408.3       497.9    0.3829   1.00   0.50    -9.8100  lv4(-9.8)          1.6s
  381      1307.5       481.1    0.3828   1.00   0.50    -9.8100  lv4(-9.8)          1.4s
  382      1401.2       624.9    0.3828   1.00   0.50    -9.8100  lv4(-9.8)          1.8s
  383      1690.8       574.4    0.3826   1.00   0.50    -9.8100  lv4(-9.8)          1.8s
  384      1346.7       572.9    0.3826   1.00   0.50    -9.8100  lv4(-9.8)          2.1s
  385      1517.7       555.1    0.3826   1.00   0.50    -9.8100  lv4(-9.8)          1.8s
  386      1137.8       503.1    0.3828   1.00   0.50    -9.8100  lv4(-9.8)          1.6s
  387      1508.4       586.7    0.3830   1.00   0.50    -9.8100  lv4(-9.8)          1.9s
  388      1603.4       601.5    0.3832   1.00   0.50    -9.8100  lv4(-9.8)          1.9s
  389      1670.8       685.9    0.3834   1.00   0.50    -9.8100  lv4(-9.8)          2.0s
  [probe] gen=390 score=1170.2 net=5.651 fell=0.300 [new best earth]
  390      1492.7       720.1    0.3838   1.00   0.50    -9.8100  lv4(-9.8)          2.1s
  391      1359.0       609.8    0.3840   1.00   0.50    -9.8100  lv4(-9.8)          1.9s
  392      1264.9       650.4    0.3843   1.00   0.50    -9.8100  lv4(-9.8)          1.9s
  393      1714.5       707.2    0.3846   1.00   0.50    -9.8100  lv4(-9.8)          2.1s
  394      1672.3       656.3    0.3848   1.00   0.50    -9.8100  lv4(-9.8)          2.0s
  395      1496.1       669.9    0.3850   1.00   0.50    -9.8100  lv4(-9.8)          2.0s
  396      1578.3       740.4    0.3851   1.00   0.50    -9.8100  lv4(-9.8)          2.5s
  397      1401.0       666.9    0.3852   1.00   0.50    -9.8100  lv4(-9.8)          2.1s
  398      1505.3       613.8    0.3854   1.00   0.50    -9.8100  lv4(-9.8)          2.1s
  399      1677.6       821.4    0.3855   1.00   0.50    -9.8100  lv4(-9.8)          2.6s
  [probe] gen=400 score=1605.3 net=7.883 fell=1.000 [new best earth]
  [plot] Saved fitness curve → experiments/thesis/adaptive_progression/seed_08/fitness_curve.png
  400      1631.2       708.7    0.3858   1.00   0.50    -9.8100  lv4(-9.8)          2.1s
  401      1797.8       672.4    0.3859   1.00   0.50    -9.8100  lv4(-9.8)          2.0s
  402      1729.4       825.0    0.3859   1.00   0.50    -9.8100  lv4(-9.8)          2.3s
  403      1643.4       726.1    0.3858   1.00   0.50    -9.8100  lv4(-9.8)          2.1s
  404      1680.2       750.0    0.3859   1.00   0.50    -9.8100  lv4(-9.8)          2.3s
  405      1729.8       809.3    0.3859   1.00   0.50    -9.8100  lv4(-9.8)          2.3s
  406      1625.9       703.1    0.3858   1.00   0.50    -9.8100  lv4(-9.8)          2.0s
  407      1776.7       726.3    0.3857   1.00   0.50    -9.8100  lv4(-9.8)          2.2s
  408      1613.3       857.1    0.3856   1.00   0.50    -9.8100  lv4(-9.8)          2.5s
  409      1600.9       785.4    0.3856   1.00   0.50    -9.8100  lv4(-9.8)          2.6s
  [probe] gen=410 score=1564.1 net=7.504 fell=0.400
  410      1641.3       806.2    0.3854   1.00   0.50    -9.8100  lv4(-9.8)          2.3s
  411      1577.5       742.6    0.3853   1.00   0.50    -9.8100  lv4(-9.8)          2.1s
  412      1530.9       762.2    0.3852   1.00   0.50    -9.8100  lv4(-9.8)          2.2s
  413      1698.7       827.9    0.3851   1.00   0.50    -9.8100  lv4(-9.8)          2.5s
  414      1660.1       785.5    0.3851   1.00   0.50    -9.8100  lv4(-9.8)          2.2s
  415      1770.4       701.7    0.3850   1.00   0.50    -9.8100  lv4(-9.8)          2.1s
  416      1651.6       833.1    0.3847   1.00   0.50    -9.8100  lv4(-9.8)          2.3s
  417      1657.7       787.4    0.3848   1.00   0.50    -9.8100  lv4(-9.8)          2.4s
  418      1610.9       753.6    0.3847   1.00   0.50    -9.8100  lv4(-9.8)          2.0s
  419      1788.2       774.7    0.3846   1.00   0.50    -9.8100  lv4(-9.8)          2.1s
  [probe] gen=420 score=1449.0 net=6.866 fell=0.300
  420      1551.8       744.6    0.3846   1.00   0.50    -9.8100  lv4(-9.8)          2.4s
  421      1641.5       861.5    0.3845   1.00   0.50    -9.8100  lv4(-9.8)          2.2s
  422      1928.4       913.6    0.3844   1.00   0.50    -9.8100  lv4(-9.8)          2.4s
  423      1619.6       894.1    0.3844   1.00   0.50    -9.8100  lv4(-9.8)          2.4s
  424      1730.7       792.1    0.3842   1.00   0.50    -9.8100  lv4(-9.8)          2.2s
  [plot] Saved fitness curve → experiments/thesis/adaptive_progression/seed_08/fitness_curve.png
  425      1718.1       957.4    0.3840   1.00   0.50    -9.8100  lv4(-9.8)          2.4s
  426      1716.6       859.5    0.3837   1.00   0.50    -9.8100  lv4(-9.8)          2.3s
  427      1794.3       896.4    0.3836   1.00   0.50    -9.8100  lv4(-9.8)          2.5s
  428      1780.3       799.7    0.3835   1.00   0.50    -9.8100  lv4(-9.8)          2.0s
  429      1841.3       934.6    0.3834   1.00   0.50    -9.8100  lv4(-9.8)          2.6s
  [probe] gen=430 score=1782.3 net=8.967 fell=0.500 [new best earth]
  430      1808.9       913.9    0.3834   1.00   0.50    -9.8100  lv4(-9.8)          2.1s
  431      1943.8      1034.9    0.3835   1.00   0.50    -9.8100  lv4(-9.8)          2.5s
  432      1790.4       838.2    0.3835   1.00   0.50    -9.8100  lv4(-9.8)          2.3s
  433      1909.1      1037.0    0.3835   1.00   0.50    -9.8100  lv4(-9.8)          2.6s
  434      1740.4       807.9    0.3835   1.00   0.50    -9.8100  lv4(-9.8)          2.2s
  435      1679.2       934.4    0.3835   1.00   0.50    -9.8100  lv4(-9.8)          2.7s
  436      1623.8       936.7    0.3838   1.00   0.50    -9.8100  lv4(-9.8)          2.8s
  437      1828.5       901.9    0.3840   1.00   0.50    -9.8100  lv4(-9.8)          2.6s
  438      1590.3       832.8    0.3841   1.00   0.50    -9.8100  lv4(-9.8)          2.1s
  439      1767.6       867.3    0.3844   1.00   0.50    -9.8100  lv4(-9.8)          2.4s
  [probe] gen=440 score=1606.6 net=8.306 fell=0.300
  440      1957.5       970.4    0.3846   1.00   0.50    -9.8100  lv4(-9.8)          2.6s
  441      1838.0       900.6    0.3848   1.00   0.50    -9.8100  lv4(-9.8)          2.1s
  442      1617.6       859.7    0.3851   1.00   0.50    -9.8100  lv4(-9.8)          2.2s
  443      1798.2      1020.4    0.3855   1.00   0.50    -9.8100  lv4(-9.8)          2.8s
  444      1793.1       956.0    0.3858   1.00   0.50    -9.8100  lv4(-9.8)          2.4s
  445      1652.0       860.9    0.3861   1.00   0.50    -9.8100  lv4(-9.8)          2.3s
  446      1788.5      1010.0    0.3864   1.00   0.50    -9.8100  lv4(-9.8)          2.6s
  447      1758.9       950.2    0.3867   1.00   0.50    -9.8100  lv4(-9.8)          2.5s
  448      1690.4       909.0    0.3870   1.00   0.50    -9.8100  lv4(-9.8)          2.6s
  449      1832.5       943.3    0.3874   1.00   0.50    -9.8100  lv4(-9.8)          2.7s
  [probe] gen=450 score=1445.3 net=6.716 fell=0.000
  [plot] Saved fitness curve → experiments/thesis/adaptive_progression/seed_08/fitness_curve.png
  450      1801.5       933.2    0.3878   1.00   0.50    -9.8100  lv4(-9.8)          2.6s
  451      1854.4       988.6    0.3882   1.00   0.50    -9.8100  lv4(-9.8)          2.4s
  452      1773.7       887.7    0.3884   1.00   0.50    -9.8100  lv4(-9.8)          2.4s
  453      1784.5       853.1    0.3886   1.00   0.50    -9.8100  lv4(-9.8)          2.3s
  454      1837.7      1028.3    0.3890   1.00   0.50    -9.8100  lv4(-9.8)          2.8s
  455      1889.8      1105.5    0.3893   1.00   0.50    -9.8100  lv4(-9.8)          2.8s
  456      1932.4      1021.2    0.3896   1.00   0.50    -9.8100  lv4(-9.8)          2.7s
  457      1893.7      1061.0    0.3900   1.00   0.50    -9.8100  lv4(-9.8)          2.6s
  458      1850.0       955.0    0.3901   1.00   0.50    -9.8100  lv4(-9.8)          2.5s
  459      1825.8      1016.6    0.3902   1.00   0.50    -9.8100  lv4(-9.8)          2.7s
  [probe] gen=460 score=1672.2 net=8.011 fell=0.200
  460      1839.4       975.5    0.3903   1.00   0.50    -9.8100  lv4(-9.8)          2.5s
  461      1746.2      1002.2    0.3907   1.00   0.50    -9.8100  lv4(-9.8)          2.5s
  462      1801.8      1009.1    0.3911   1.00   0.50    -9.8100  lv4(-9.8)          2.7s
  463      1799.0      1038.3    0.3914   1.00   0.50    -9.8100  lv4(-9.8)          2.8s
  464      1872.0      1139.3    0.3919   1.00   0.50    -9.8100  lv4(-9.8)          3.0s
  465      1811.6      1070.4    0.3923   1.00   0.50    -9.8100  lv4(-9.8)          2.8s
  466      1935.9      1149.2    0.3928   1.00   0.50    -9.8100  lv4(-9.8)          2.9s
  467      1831.9      1059.1    0.3932   1.00   0.50    -9.8100  lv4(-9.8)          2.5s
  468      1964.9       800.9    0.3934   1.00   0.50    -9.8100  lv4(-9.8)          2.4s
  469      1965.6      1020.4    0.3936   1.00   0.50    -9.8100  lv4(-9.8)          2.7s
  [probe] gen=470 score=1681.5 net=8.298 fell=0.800
  470      1846.3       925.8    0.3937   1.00   0.50    -9.8100  lv4(-9.8)          2.5s
  471      1733.7       915.3    0.3938   1.00   0.50    -9.8100  lv4(-9.8)          2.4s
  472      1807.6       788.7    0.3940   1.00   0.50    -9.8100  lv4(-9.8)          2.2s
  473      1841.3       811.4    0.3943   1.00   0.50    -9.8100  lv4(-9.8)          2.3s
  474      1784.0       884.0    0.3947   1.00   0.50    -9.8100  lv4(-9.8)          2.6s
  [plot] Saved fitness curve → experiments/thesis/adaptive_progression/seed_08/fitness_curve.png
  475      1876.8       956.4    0.3950   1.00   0.50    -9.8100  lv4(-9.8)          2.9s
  476      1788.2       968.8    0.3954   1.00   0.50    -9.8100  lv4(-9.8)          2.6s
  477      1830.8      1164.6    0.3958   1.00   0.50    -9.8100  lv4(-9.8)          3.1s
  478      1885.2       909.0    0.3962   1.00   0.50    -9.8100  lv4(-9.8)          2.4s
  479      1753.1      1059.9    0.3968   1.00   0.50    -9.8100  lv4(-9.8)          2.7s
  [probe] gen=480 score=1646.4 net=7.922 fell=0.100
  480      1779.8       903.9    0.3972   1.00   0.50    -9.8100  lv4(-9.8)          2.6s
  481      1846.1      1044.0    0.3977   1.00   0.50    -9.8100  lv4(-9.8)          2.5s
  482      1945.4      1063.5    0.3983   1.00   0.50    -9.8100  lv4(-9.8)          2.9s
  483      1741.4       878.7    0.3987   1.00   0.50    -9.8100  lv4(-9.8)          2.2s
  484      1968.8      1050.9    0.3991   1.00   0.50    -9.8100  lv4(-9.8)          2.9s
  485      1867.2       950.1    0.3994   1.00   0.50    -9.8100  lv4(-9.8)          2.4s
  486      1870.5       793.9    0.3994   1.00   0.50    -9.8100  lv4(-9.8)          2.2s
  487      1878.8      1083.4    0.3996   1.00   0.50    -9.8100  lv4(-9.8)          2.6s
  488      1903.1      1006.2    0.3996   1.00   0.50    -9.8100  lv4(-9.8)          2.6s
  489      1841.5      1118.3    0.3996   1.00   0.50    -9.8100  lv4(-9.8)          2.7s
  [probe] gen=490 score=1262.4 net=6.439 fell=0.500
  490      1790.5       997.9    0.3997   1.00   0.50    -9.8100  lv4(-9.8)          2.5s
  491      1839.1      1025.7    0.3997   1.00   0.50    -9.8100  lv4(-9.8)          2.6s
  492      1917.1      1108.3    0.3998   1.00   0.50    -9.8100  lv4(-9.8)          2.7s
  493      2057.6      1250.5    0.4000   1.00   0.50    -9.8100  lv4(-9.8)          3.0s
  494      2025.6       947.8    0.4002   1.00   0.50    -9.8100  lv4(-9.8)          2.5s
  495      1992.6      1078.8    0.4004   1.00   0.50    -9.8100  lv4(-9.8)          2.6s
  496      1913.3      1155.3    0.4005   1.00   0.50    -9.8100  lv4(-9.8)          2.6s
  497      1812.3      1055.4    0.4009   1.00   0.50    -9.8100  lv4(-9.8)          2.7s
  498      1719.1      1000.7    0.4013   1.00   0.50    -9.8100  lv4(-9.8)          2.6s
  499      1954.8      1006.9    0.4017   1.00   0.50    -9.8100  lv4(-9.8)          2.8s
  [plot] Saved fitness curve → experiments/thesis/adaptive_progression/seed_08/fitness_curve.png

Training complete. Best fitness: 2057.6
Best params → experiments/thesis/adaptive_progression/seed_08/checkpoints/best_params.npy
Fitness curve → experiments/thesis/adaptive_progression/seed_08/fitness_curve.png
Eval params  → best_earth_params (earth probe score: 1782.3)
Final Earth scorecard | score=1783.2 net=8.960 fell=0.500
Gravity sweep | gravities=5 mean_net=7.126 worst_net=4.759
  [exp] Wrote experiments/thesis/adaptive_progression/seed_08/experiment.json
  [exp] Wrote experiments/thesis/adaptive_progression/seed_08/training_log.csv
  [exp] Wrote experiments/thesis/adaptive_progression/seed_08/earth_probe.csv
  [exp] Wrote experiments/thesis/adaptive_progression/seed_08/gravity_sweep.csv
  [exp] Wrote experiments/thesis/adaptive_progression/seed_08/summary.json
