Walker2d-v5 | policy=CPG  params=504
Curriculum   : GradualTransition  gravity -1.6 → -9.81  warmup=20%
Run context | seed=0 arm=gradual_transition run_id=gradual_transition_seed_00

Schedule | penalty_min=0.20 penalty_ramp_gen=200 corr_min=0.00 corr_max=0.50 corr_ramp_gen=200

Starting CMA-ES | pop=40 | sigma0=0.5 | max_gen=500 | workers=8 | seed=0
Checkpoints → experiments/thesis/gradual_transition/seed_00/checkpoints/

  Gen        Best        Mean     Sigma    Pen   Corr    Gravity  Phase              Time
------------------------------------------------------------------------------------
  [probe] gen=0 score=-418.8 net=-0.200 fell=1.000 [new best earth]
  [plot] Saved fitness curve → experiments/thesis/gradual_transition/seed_00/fitness_curve.png
    0       -50.8       -75.6    0.4903   0.20   0.00    -1.6000  warmup             1.6s
    1       -59.6       -74.2    0.4820   0.20   0.00    -1.6000  warmup             0.1s
    2       -55.8       -75.1    0.4747   0.21   0.01    -1.6000  warmup             0.2s
    3       -44.7       -72.2    0.4680   0.21   0.01    -1.6000  warmup             0.2s
    4       -56.2       -70.3    0.4619   0.22   0.01    -1.6000  warmup             0.2s
    5       -52.9       -68.4    0.4563   0.22   0.01    -1.6000  warmup             0.2s
    6       -53.8       -71.6    0.4513   0.22   0.01    -1.6000  warmup             0.3s
    7       -54.4       -68.0    0.4465   0.23   0.02    -1.6000  warmup             0.2s
    8       -53.2       -69.1    0.4421   0.23   0.02    -1.6000  warmup             0.2s
    9       -48.4       -67.8    0.4380   0.24   0.02    -1.6000  warmup             0.3s
  [probe] gen=10 score=-390.8 net=-0.181 fell=1.000 [new best earth]
   10       -37.8       -69.8    0.4341   0.24   0.03    -1.6000  warmup             0.3s
   11       -44.4       -68.1    0.4306   0.24   0.03    -1.6000  warmup             0.3s
   12       -19.0       -69.2    0.4273   0.25   0.03    -1.6000  warmup             0.4s
   13        20.7       -65.4    0.4243   0.25   0.03    -1.6000  warmup             0.3s
   14        86.8       -62.5    0.4216   0.26   0.04    -1.6000  warmup             0.3s
   15        18.9       -68.1    0.4193   0.26   0.04    -1.6000  warmup             0.4s
   16        39.5       -60.4    0.4171   0.26   0.04    -1.6000  warmup             0.5s
   17        77.4       -59.6    0.4153   0.27   0.04    -1.6000  warmup             0.5s
   18        85.7       -42.0    0.4135   0.27   0.04    -1.6000  warmup             0.7s
   19       142.0       -44.8    0.4118   0.28   0.05    -1.6000  warmup             0.6s
  [probe] gen=20 score=-470.3 net=-0.754 fell=1.000
   20       232.2       -19.3    0.4102   0.28   0.05    -1.6000  warmup             0.7s
   21       234.1       -25.5    0.4087   0.28   0.05    -1.6000  warmup             0.7s
   22       240.9       -40.1    0.4073   0.29   0.06    -1.6000  warmup             0.5s
   23       199.0        -9.1    0.4061   0.29   0.06    -1.6000  warmup             0.8s
   24       261.8        27.2    0.4050   0.30   0.06    -1.6000  warmup             0.9s
  [plot] Saved fitness curve → experiments/thesis/gradual_transition/seed_00/fitness_curve.png
   25       265.1        32.4    0.4041   0.30   0.06    -1.6000  warmup             0.9s
   26       224.0        26.4    0.4031   0.30   0.07    -1.6000  warmup             1.0s
   27       227.5        36.2    0.4023   0.31   0.07    -1.6000  warmup             1.1s
   28       239.7        33.4    0.4017   0.31   0.07    -1.6000  warmup             1.0s
   29       300.8        46.4    0.4012   0.32   0.07    -1.6000  warmup             1.1s
  [probe] gen=30 score=-165.3 net=0.231 fell=1.000 [new best earth]
   30       261.4        48.5    0.4006   0.32   0.07    -1.6000  warmup             1.1s
   31       356.9        24.4    0.4000   0.32   0.08    -1.6000  warmup             1.0s
   32       376.0        51.8    0.3995   0.33   0.08    -1.6000  warmup             1.0s
   33       448.9        96.0    0.3991   0.33   0.08    -1.6000  warmup             1.3s
   34       304.1       102.1    0.3988   0.34   0.09    -1.6000  warmup             1.1s
   35       272.4        47.7    0.3986   0.34   0.09    -1.6000  warmup             1.1s
   36       412.2        96.1    0.3987   0.34   0.09    -1.6000  warmup             1.2s
   37       245.8        62.9    0.3989   0.35   0.09    -1.6000  warmup             1.2s
   38       305.8       102.3    0.3990   0.35   0.10    -1.6000  warmup             1.2s
   39       305.7        68.2    0.3992   0.36   0.10    -1.6000  warmup             1.2s
  [probe] gen=40 score=-136.4 net=0.306 fell=1.000 [new best earth]
   40       289.9        86.6    0.3994   0.36   0.10    -1.6000  warmup             1.2s
   41       344.1       100.4    0.3997   0.36   0.10    -1.6000  warmup             1.1s
   42       486.5       114.9    0.3998   0.37   0.10    -1.6000  warmup             1.2s
   43       524.1       111.1    0.3999   0.37   0.11    -1.6000  warmup             1.1s
   44       280.2        57.5    0.4000   0.38   0.11    -1.6000  warmup             1.0s
   45       378.2       104.8    0.4001   0.38   0.11    -1.6000  warmup             1.2s
   46       447.3       176.0    0.4002   0.38   0.12    -1.6000  warmup             1.2s
   47       518.3       138.5    0.4003   0.39   0.12    -1.6000  warmup             1.2s
   48       490.9       157.5    0.4005   0.39   0.12    -1.6000  warmup             1.3s
   49       498.3       184.5    0.4007   0.40   0.12    -1.6000  warmup             1.3s
  [probe] gen=50 score=-370.3 net=-0.123 fell=1.000
  [plot] Saved fitness curve → experiments/thesis/gradual_transition/seed_00/fitness_curve.png
   50       456.6       145.2    0.4010   0.40   0.12    -1.6000  warmup             1.2s
   51       454.7       142.8    0.4011   0.40   0.13    -1.6000  warmup             1.3s
   52       561.6       168.5    0.4013   0.41   0.13    -1.6000  warmup             1.2s
   53       608.3       189.4    0.4015   0.41   0.13    -1.6000  warmup             1.3s
   54       532.6       110.7    0.4016   0.42   0.14    -1.6000  warmup             1.3s
   55       559.7       180.3    0.4016   0.42   0.14    -1.6000  warmup             1.3s
   56       560.9       115.3    0.4017   0.42   0.14    -1.6000  warmup             1.3s
   57       385.0        50.3    0.4017   0.43   0.14    -1.6000  warmup             1.2s
   58       515.2       194.0    0.4017   0.43   0.14    -1.6000  warmup             1.3s
   59       466.6        92.1    0.4017   0.44   0.15    -1.6000  warmup             1.2s
  [probe] gen=60 score=-393.3 net=-0.679 fell=1.000
   60       503.3       136.8    0.4017   0.44   0.15    -1.6000  warmup             1.4s
   61       513.9       122.1    0.4018   0.44   0.15    -1.6000  warmup             1.4s
   62       454.2       165.3    0.4018   0.45   0.15    -1.6000  warmup             1.4s
   63       576.4        70.5    0.4018   0.45   0.16    -1.6000  warmup             1.2s
   64       491.6       122.6    0.4018   0.46   0.16    -1.6000  warmup             1.3s
   65       531.2       122.3    0.4019   0.46   0.16    -1.6000  warmup             1.3s
   66       470.4       132.7    0.4020   0.46   0.17    -1.6000  warmup             1.4s
   67       448.1       144.7    0.4020   0.47   0.17    -1.6000  warmup             1.5s
   68       617.2       192.8    0.4021   0.47   0.17    -1.6000  warmup             1.4s
   69       563.8        89.7    0.4021   0.48   0.17    -1.6000  warmup             1.3s
  [probe] gen=70 score=-253.3 net=0.134 fell=1.000
   70       608.1       169.1    0.4021   0.48   0.17    -1.6000  warmup             1.3s
   71       488.3       119.9    0.4021   0.48   0.18    -1.6000  warmup             1.4s
   72       474.8       145.4    0.4021   0.49   0.18    -1.6000  warmup             1.4s
   73       514.1        74.9    0.4022   0.49   0.18    -1.6000  warmup             1.2s
   74       471.7        82.6    0.4022   0.50   0.18    -1.6000  warmup             1.3s
  [plot] Saved fitness curve → experiments/thesis/gradual_transition/seed_00/fitness_curve.png
   75       489.6        94.5    0.4026   0.50   0.19    -1.6000  warmup             1.3s
   76       513.1       119.2    0.4029   0.50   0.19    -1.6000  warmup             1.5s
   77       530.2       158.6    0.4033   0.51   0.19    -1.6000  warmup             1.4s
   78       526.4       160.6    0.4035   0.51   0.20    -1.6000  warmup             1.5s
   79       589.2       140.6    0.4037   0.52   0.20    -1.6000  warmup             1.3s
  [probe] gen=80 score=0.0 net=0.894 fell=1.000 [new best earth]
   80       619.0       196.4    0.4041   0.52   0.20    -1.6000  warmup             1.4s
   81       578.1       133.4    0.4045   0.52   0.20    -1.6000  warmup             1.4s
   82       526.3        61.2    0.4050   0.53   0.20    -1.6000  warmup             1.3s
   83       455.0        64.3    0.4055   0.53   0.21    -1.6000  warmup             1.3s
   84       568.5       140.0    0.4060   0.54   0.21    -1.6000  warmup             1.5s
   85       556.2       100.3    0.4065   0.54   0.21    -1.6000  warmup             1.3s
   86       699.1       132.2    0.4070   0.54   0.21    -1.6000  warmup             1.4s
   87       551.9       141.9    0.4076   0.55   0.22    -1.6000  warmup             1.4s
   88       537.9       115.8    0.4081   0.55   0.22    -1.6000  warmup             1.4s
   89       450.6       118.0    0.4087   0.56   0.22    -1.6000  warmup             1.6s
  [probe] gen=90 score=-374.1 net=-0.649 fell=1.000
   90       746.3       170.4    0.4093   0.56   0.23    -1.6000  warmup             1.9s
   91       721.1       129.2    0.4099   0.56   0.23    -1.6000  warmup             1.6s
   92       545.4       146.9    0.4104   0.57   0.23    -1.6000  warmup             1.7s
   93       438.1        64.7    0.4110   0.57   0.23    -1.6000  warmup             1.5s
   94       416.9       103.2    0.4117   0.58   0.23    -1.6000  warmup             1.5s
   95       462.5        66.9    0.4124   0.58   0.24    -1.6000  warmup             1.5s
   96       604.7       182.4    0.4131   0.58   0.24    -1.6000  warmup             1.6s
   97       499.9       133.4    0.4137   0.59   0.24    -1.6000  warmup             1.5s
   98       554.9       106.8    0.4141   0.59   0.24    -1.6000  warmup             1.4s
   99       749.4       194.5    0.4145   0.60   0.25    -1.6000  warmup             1.7s
  [probe] gen=100 score=24.1 net=1.030 fell=1.000 [new best earth]
  [plot] Saved fitness curve → experiments/thesis/gradual_transition/seed_00/fitness_curve.png
  100       525.9       135.7    0.4150   0.60   0.25    -1.6000  warmup             1.4s
  101       616.6       174.2    0.4153   0.60   0.25    -1.6205  ramp 0%            1.5s
  102       611.1       162.1    0.4157   0.61   0.26    -1.6411  ramp 0%            2.4s
  103       492.3       123.2    0.4159   0.61   0.26    -1.6616  ramp 0%            1.5s
  104       664.6       106.2    0.4163   0.62   0.26    -1.6821  ramp 1%            1.4s
  105       481.8       120.0    0.4165   0.62   0.26    -1.7026  ramp 1%            1.6s
  106       620.2       167.7    0.4167   0.62   0.27    -1.7232  ramp 1%            1.6s
  107       679.3       121.7    0.4169   0.63   0.27    -1.7437  ramp 1%            1.6s
  108       684.8       149.6    0.4174   0.63   0.27    -1.7642  ramp 2%            1.7s
  109       701.8       136.3    0.4178   0.64   0.27    -1.7847  ramp 2%            1.5s
  [probe] gen=110 score=4.7 net=0.850 fell=1.000
  110       565.6       116.6    0.4181   0.64   0.28    -1.8053  ramp 2%            1.5s
  111       470.6       107.2    0.4184   0.64   0.28    -1.8258  ramp 2%            1.4s
  112       417.9       144.9    0.4185   0.65   0.28    -1.8463  ramp 3%            1.4s
  113       627.5       149.7    0.4185   0.65   0.28    -1.8668  ramp 3%            1.4s
  114       811.6        99.9    0.4184   0.66   0.28    -1.8874  ramp 3%            1.4s
  115       375.5        25.2    0.4184   0.66   0.29    -1.9079  ramp 3%            1.3s
  116       454.5        65.7    0.4181   0.66   0.29    -1.9284  ramp 4%            1.3s
  117       556.1       140.2    0.4176   0.67   0.29    -1.9489  ramp 4%            1.5s
  118       801.7       111.1    0.4174   0.67   0.29    -1.9695  ramp 4%            1.3s
  119       514.8        41.9    0.4171   0.68   0.30    -1.9900  ramp 4%            1.2s
  [probe] gen=120 score=-42.3 net=0.797 fell=1.000
  120       796.5        71.0    0.4169   0.68   0.30    -2.0105  ramp 5%            1.3s
  121       689.3       185.8    0.4167   0.68   0.30    -2.0310  ramp 5%            1.5s
  122       612.6        58.0    0.4165   0.69   0.30    -2.0516  ramp 5%            1.3s
  123       478.7       111.9    0.4166   0.69   0.31    -2.0721  ramp 5%            1.4s
  124       487.6        90.7    0.4167   0.70   0.31    -2.0926  ramp 6%            1.3s
  [plot] Saved fitness curve → experiments/thesis/gradual_transition/seed_00/fitness_curve.png
  125       664.4       118.0    0.4168   0.70   0.31    -2.1131  ramp 6%            1.3s
  126       570.2       145.9    0.4170   0.70   0.32    -2.1337  ramp 6%            1.4s
  127       676.8       171.6    0.4172   0.71   0.32    -2.1542  ramp 6%            1.3s
  128       595.9        86.0    0.4173   0.71   0.32    -2.1747  ramp 7%            1.3s
  129       555.3        61.0    0.4176   0.72   0.32    -2.1952  ramp 7%            1.4s
  [probe] gen=130 score=-453.3 net=-0.979 fell=1.000
  130       621.9        90.2    0.4177   0.72   0.33    -2.2157  ramp 7%            1.4s
  131       642.1        27.7    0.4177   0.72   0.33    -2.2363  ramp 7%            1.2s
  132       469.9        11.5    0.4177   0.73   0.33    -2.2568  ramp 8%            1.2s
  133       616.1        59.0    0.4178   0.73   0.33    -2.2773  ramp 8%            1.3s
  134       666.1       157.2    0.4177   0.74   0.34    -2.2979  ramp 8%            1.5s
  135       556.4       118.7    0.4177   0.74   0.34    -2.3184  ramp 8%            1.6s
  136       678.4        21.0    0.4178   0.74   0.34    -2.3389  ramp 9%            1.7s
  137       573.1       -15.4    0.4178   0.75   0.34    -2.3594  ramp 9%            1.3s
  138       599.2       148.2    0.4178   0.75   0.34    -2.3800  ramp 9%            1.5s
  139       686.1        81.3    0.4178   0.76   0.35    -2.4005  ramp 9%            1.4s
  [probe] gen=140 score=8.4 net=0.964 fell=1.000
  140       624.2         4.1    0.4178   0.76   0.35    -2.4210  ramp 10%           1.3s
  141       555.3        91.9    0.4177   0.76   0.35    -2.4415  ramp 10%           1.2s
  142       643.7        35.9    0.4175   0.77   0.35    -2.4621  ramp 10%           1.2s
  143       670.2       117.7    0.4173   0.77   0.36    -2.4826  ramp 10%           1.4s
  144       624.3       106.6    0.4172   0.78   0.36    -2.5031  ramp 11%           1.3s
  145       597.3       130.2    0.4170   0.78   0.36    -2.5236  ramp 11%           1.3s
  146       626.1        44.4    0.4167   0.78   0.36    -2.5442  ramp 11%           1.3s
  147       623.2        64.1    0.4165   0.79   0.37    -2.5647  ramp 11%           1.2s
  148       403.0        54.8    0.4164   0.79   0.37    -2.5852  ramp 12%           1.2s
  149       618.9       125.5    0.4163   0.80   0.37    -2.6057  ramp 12%           1.2s
  [probe] gen=150 score=-250.8 net=-0.295 fell=1.000
  [plot] Saved fitness curve → experiments/thesis/gradual_transition/seed_00/fitness_curve.png
  150       581.8       102.4    0.4162   0.80   0.38    -2.6263  ramp 12%           1.3s
  151       602.6        74.8    0.4161   0.80   0.38    -2.6468  ramp 12%           1.3s
  152       513.8       -15.3    0.4162   0.81   0.38    -2.6673  ramp 13%           1.2s
  153       572.7        65.4    0.4161   0.81   0.38    -2.6878  ramp 13%           1.3s
  154       648.6        25.2    0.4161   0.82   0.39    -2.7084  ramp 13%           1.3s
  155       504.8       124.5    0.4160   0.82   0.39    -2.7289  ramp 13%           1.2s
  156       686.9        68.7    0.4161   0.82   0.39    -2.7494  ramp 14%           1.2s
  157       691.2         7.0    0.4161   0.83   0.39    -2.7699  ramp 14%           1.1s
  158       630.5        31.6    0.4160   0.83   0.40    -2.7904  ramp 14%           1.2s
  159       785.6        68.4    0.4160   0.84   0.40    -2.8110  ramp 14%           1.3s
  [probe] gen=160 score=3.2 net=0.933 fell=1.000
  160       588.8       117.4    0.4159   0.84   0.40    -2.8315  ramp 15%           1.5s
  161       543.0       -10.5    0.4157   0.84   0.40    -2.8520  ramp 15%           1.0s
  162       522.0        95.4    0.4154   0.85   0.41    -2.8726  ramp 15%           1.2s
  163       601.5        37.3    0.4151   0.85   0.41    -2.8931  ramp 15%           1.1s
  164       565.9        95.3    0.4147   0.86   0.41    -2.9136  ramp 16%           1.1s
  165       549.4        62.9    0.4143   0.86   0.41    -2.9341  ramp 16%           1.2s
  166       858.1        98.7    0.4141   0.86   0.41    -2.9546  ramp 16%           1.2s
  167       831.6       144.9    0.4138   0.87   0.42    -2.9752  ramp 16%           1.3s
  168       571.2        15.1    0.4137   0.87   0.42    -2.9957  ramp 17%           1.1s
  169       652.2       101.2    0.4137   0.88   0.42    -3.0162  ramp 17%           1.2s
  [probe] gen=170 score=25.8 net=1.023 fell=1.000 [new best earth]
  170       659.5        26.7    0.4136   0.88   0.42    -3.0368  ramp 17%           1.1s
  171       494.0        54.5    0.4136   0.88   0.43    -3.0573  ramp 17%           1.2s
  172       643.1        83.0    0.4135   0.89   0.43    -3.0778  ramp 18%           1.1s
  173       494.0        38.8    0.4133   0.89   0.43    -3.0983  ramp 18%           1.1s
  174       616.6        80.6    0.4130   0.90   0.43    -3.1189  ramp 18%           1.2s
  [plot] Saved fitness curve → experiments/thesis/gradual_transition/seed_00/fitness_curve.png
  175       551.3        65.4    0.4126   0.90   0.44    -3.1394  ramp 18%           1.1s
  176       584.7       154.9    0.4121   0.90   0.44    -3.1599  ramp 19%           1.3s
  177       596.8        91.9    0.4118   0.91   0.44    -3.1804  ramp 19%           1.1s
  178       550.7       135.3    0.4113   0.91   0.45    -3.2010  ramp 19%           1.3s
  179       495.1        73.0    0.4110   0.92   0.45    -3.2215  ramp 19%           1.1s
  [probe] gen=180 score=31.5 net=1.021 fell=1.000 [new best earth]
  180       748.1        92.1    0.4106   0.92   0.45    -3.2420  ramp 20%           1.2s
  181       562.1       147.7    0.4103   0.92   0.45    -3.2625  ramp 20%           1.2s
  182       504.4       120.2    0.4100   0.93   0.46    -3.2831  ramp 20%           1.2s
  183       473.6       106.6    0.4098   0.93   0.46    -3.3036  ramp 20%           1.1s
  184       621.9       147.3    0.4098   0.94   0.46    -3.3241  ramp 21%           1.3s
  185       610.4        71.6    0.4096   0.94   0.46    -3.3446  ramp 21%           1.2s
  186       442.4        61.5    0.4095   0.94   0.47    -3.3652  ramp 21%           1.2s
  187       559.9        51.7    0.4094   0.95   0.47    -3.3857  ramp 21%           1.1s
  188       606.0       102.2    0.4092   0.95   0.47    -3.4062  ramp 22%           1.3s
  189       564.8       113.8    0.4091   0.96   0.47    -3.4267  ramp 22%           1.3s
  [probe] gen=190 score=190.6 net=1.654 fell=1.000 [new best earth]
  190       705.4       197.3    0.4087   0.96   0.47    -3.4473  ramp 22%           1.5s
  191       536.6       116.6    0.4084   0.96   0.48    -3.4678  ramp 22%           1.3s
  192       517.9       117.5    0.4081   0.97   0.48    -3.4883  ramp 23%           1.2s
  193       540.3       102.4    0.4080   0.97   0.48    -3.5088  ramp 23%           1.3s
  194       644.4       127.7    0.4079   0.98   0.48    -3.5293  ramp 23%           1.3s
  195       484.4       150.7    0.4078   0.98   0.49    -3.5499  ramp 23%           1.3s
  196       562.9       109.2    0.4079   0.98   0.49    -3.5704  ramp 24%           1.4s
  197       501.2       117.0    0.4081   0.99   0.49    -3.5909  ramp 24%           1.2s
  198       480.3       108.2    0.4079   0.99   0.49    -3.6115  ramp 24%           1.4s
  199       629.5        85.4    0.4079   1.00   0.50    -3.6320  ramp 24%           1.3s
  [probe] gen=200 score=18.3 net=1.005 fell=1.000
  [plot] Saved fitness curve → experiments/thesis/gradual_transition/seed_00/fitness_curve.png
  200       559.9       103.8    0.4079   1.00   0.50    -3.6525  ramp 25%           1.2s
  201       534.7       195.5    0.4078   1.00   0.50    -3.6730  ramp 25%           1.4s
  202       561.3       191.0    0.4079   1.00   0.50    -3.6936  ramp 25%           1.3s
  203       461.5       121.9    0.4080   1.00   0.50    -3.7141  ramp 25%           1.2s
  204       601.9       137.9    0.4078   1.00   0.50    -3.7346  ramp 26%           1.3s
  205       459.2        94.6    0.4079   1.00   0.50    -3.7551  ramp 26%           1.2s
  206       506.7       119.8    0.4078   1.00   0.50    -3.7757  ramp 26%           1.2s
  207       569.6       138.9    0.4077   1.00   0.50    -3.7962  ramp 26%           1.2s
  208       563.4       227.9    0.4077   1.00   0.50    -3.8167  ramp 27%           1.3s
  209       740.7       137.6    0.4077   1.00   0.50    -3.8372  ramp 27%           1.3s
  [probe] gen=210 score=36.9 net=1.067 fell=1.000
  210       648.1       160.0    0.4079   1.00   0.50    -3.8578  ramp 27%           1.2s
  211       475.2       108.2    0.4080   1.00   0.50    -3.8783  ramp 27%           1.2s
  212       547.4       230.6    0.4082   1.00   0.50    -3.8988  ramp 28%           1.2s
  213       707.4       169.2    0.4086   1.00   0.50    -3.9193  ramp 28%           1.3s
  214       619.3       222.3    0.4090   1.00   0.50    -3.9399  ramp 28%           1.2s
  215       640.6       181.5    0.4094   1.00   0.50    -3.9604  ramp 28%           1.2s
  216       605.2       260.7    0.4097   1.00   0.50    -3.9809  ramp 28%           1.3s
  217       598.2       201.8    0.4101   1.00   0.50    -4.0014  ramp 29%           1.2s
  218       679.9       219.4    0.4102   1.00   0.50    -4.0220  ramp 29%           1.3s
  219       664.6       130.2    0.4101   1.00   0.50    -4.0425  ramp 29%           1.1s
  [probe] gen=220 score=82.0 net=1.257 fell=1.000
  220       602.2       215.3    0.4102   1.00   0.50    -4.0630  ramp 30%           1.2s
  221       660.4       218.7    0.4104   1.00   0.50    -4.0835  ramp 30%           1.2s
  222       818.4       195.3    0.4103   1.00   0.50    -4.1041  ramp 30%           1.3s
  223       732.1       245.4    0.4103   1.00   0.50    -4.1246  ramp 30%           1.4s
  224       758.5       171.7    0.4104   1.00   0.50    -4.1451  ramp 31%           1.3s
  [plot] Saved fitness curve → experiments/thesis/gradual_transition/seed_00/fitness_curve.png
  225       630.4       183.0    0.4103   1.00   0.50    -4.1656  ramp 31%           1.2s
  226       707.9       223.9    0.4101   1.00   0.50    -4.1862  ramp 31%           1.3s
  227       619.1       191.9    0.4098   1.00   0.50    -4.2067  ramp 31%           1.2s
  228       794.0       243.6    0.4096   1.00   0.50    -4.2272  ramp 32%           1.4s
  229       827.5       218.8    0.4095   1.00   0.50    -4.2477  ramp 32%           1.3s
  [probe] gen=230 score=6.8 net=0.938 fell=1.000
  230       566.6       161.9    0.4095   1.00   0.50    -4.2683  ramp 32%           1.2s
  231       836.7       231.1    0.4094   1.00   0.50    -4.2888  ramp 32%           1.3s
  232       707.9       187.7    0.4095   1.00   0.50    -4.3093  ramp 33%           1.3s
  233       726.8       135.3    0.4095   1.00   0.50    -4.3298  ramp 33%           1.3s
  234       664.9       220.7    0.4096   1.00   0.50    -4.3504  ramp 33%           1.7s
  235       521.8       191.9    0.4098   1.00   0.50    -4.3709  ramp 33%           1.2s
  236       825.2       236.8    0.4100   1.00   0.50    -4.3914  ramp 34%           1.5s
  237       565.8       172.9    0.4103   1.00   0.50    -4.4119  ramp 34%           1.2s
  238       758.2       226.0    0.4105   1.00   0.50    -4.4325  ramp 34%           1.2s
  239       738.4       207.5    0.4106   1.00   0.50    -4.4530  ramp 34%           1.3s
  [probe] gen=240 score=142.4 net=1.509 fell=1.000
  240       632.4       185.5    0.4108   1.00   0.50    -4.4735  ramp 35%           1.4s
  241       677.2       212.2    0.4109   1.00   0.50    -4.4940  ramp 35%           1.2s
  242       640.1       171.7    0.4110   1.00   0.50    -4.5145  ramp 35%           1.3s
  243       600.0       162.8    0.4111   1.00   0.50    -4.5351  ramp 35%           1.3s
  244       700.7       231.3    0.4113   1.00   0.50    -4.5556  ramp 36%           1.4s
  245       720.4       246.6    0.4116   1.00   0.50    -4.5761  ramp 36%           1.5s
  246       638.5       205.9    0.4117   1.00   0.50    -4.5967  ramp 36%           1.4s
  247       718.7       286.1    0.4120   1.00   0.50    -4.6172  ramp 36%           1.5s
  248       691.9       254.1    0.4123   1.00   0.50    -4.6377  ramp 37%           1.4s
  249       617.8       191.7    0.4125   1.00   0.50    -4.6582  ramp 37%           1.4s
  [probe] gen=250 score=194.4 net=1.716 fell=1.000 [new best earth]
  [plot] Saved fitness curve → experiments/thesis/gradual_transition/seed_00/fitness_curve.png
  250       711.0       318.0    0.4126   1.00   0.50    -4.6788  ramp 37%           1.5s
  251       800.3       314.8    0.4127   1.00   0.50    -4.6993  ramp 37%           1.5s
  252       751.7       241.4    0.4126   1.00   0.50    -4.7198  ramp 38%           1.5s
  253       796.4       277.6    0.4125   1.00   0.50    -4.7403  ramp 38%           1.5s
  254       589.3       187.1    0.4123   1.00   0.50    -4.7609  ramp 38%           1.4s
  255       690.9       273.1    0.4122   1.00   0.50    -4.7814  ramp 38%           1.8s
  256       568.4       205.6    0.4121   1.00   0.50    -4.8019  ramp 39%           1.5s
  257       823.7       199.2    0.4120   1.00   0.50    -4.8224  ramp 39%           1.5s
  258       612.1       234.4    0.4117   1.00   0.50    -4.8430  ramp 39%           1.5s
  259       630.8       197.0    0.4115   1.00   0.50    -4.8635  ramp 39%           1.3s
  [probe] gen=260 score=294.6 net=2.051 fell=1.000 [new best earth]
  260       529.1       169.3    0.4113   1.00   0.50    -4.8840  ramp 40%           1.4s
  261       647.7       217.1    0.4111   1.00   0.50    -4.9045  ramp 40%           1.6s
  262       611.2       180.1    0.4109   1.00   0.50    -4.9251  ramp 40%           1.4s
  263       725.7       229.2    0.4107   1.00   0.50    -4.9456  ramp 40%           1.6s
  264       659.1       200.6    0.4106   1.00   0.50    -4.9661  ramp 41%           1.6s
  265       811.3       235.8    0.4105   1.00   0.50    -4.9866  ramp 41%           1.5s
  266       673.1       210.6    0.4104   1.00   0.50    -5.0072  ramp 41%           1.5s
  267       726.4       301.8    0.4102   1.00   0.50    -5.0277  ramp 41%           1.5s
  268       739.5       217.9    0.4099   1.00   0.50    -5.0482  ramp 42%           1.5s
  269       597.1       222.8    0.4096   1.00   0.50    -5.0687  ramp 42%           1.4s
  [probe] gen=270 score=197.1 net=1.736 fell=1.000
  270       675.1       251.7    0.4092   1.00   0.50    -5.0892  ramp 42%           1.6s
  271       778.7       303.0    0.4087   1.00   0.50    -5.1098  ramp 42%           1.6s
  272       595.3       199.9    0.4083   1.00   0.50    -5.1303  ramp 43%           1.5s
  273       708.2       291.7    0.4079   1.00   0.50    -5.1508  ramp 43%           1.6s
  274       714.3       181.5    0.4073   1.00   0.50    -5.1714  ramp 43%           1.3s
  [plot] Saved fitness curve → experiments/thesis/gradual_transition/seed_00/fitness_curve.png
  275       738.0       311.6    0.4067   1.00   0.50    -5.1919  ramp 43%           1.5s
  276       496.8       230.5    0.4063   1.00   0.50    -5.2124  ramp 44%           1.4s
  277       581.8       212.6    0.4056   1.00   0.50    -5.2329  ramp 44%           1.5s
  278       616.8       225.7    0.4049   1.00   0.50    -5.2535  ramp 44%           1.4s
  279       808.6       283.8    0.4043   1.00   0.50    -5.2740  ramp 44%           1.6s
  [probe] gen=280 score=158.9 net=1.592 fell=1.000
  280       771.1       281.3    0.4035   1.00   0.50    -5.2945  ramp 45%           1.7s
  281       860.0       267.3    0.4028   1.00   0.50    -5.3150  ramp 45%           1.5s
  282       708.1       289.6    0.4024   1.00   0.50    -5.3356  ramp 45%           1.5s
  283       574.8       275.7    0.4020   1.00   0.50    -5.3561  ramp 45%           1.5s
  284       739.0       260.7    0.4018   1.00   0.50    -5.3766  ramp 46%           1.5s
  285       793.9       249.2    0.4015   1.00   0.50    -5.3971  ramp 46%           1.5s
  286       670.8       274.8    0.4013   1.00   0.50    -5.4177  ramp 46%           1.5s
  287       744.7       263.7    0.4010   1.00   0.50    -5.4382  ramp 46%           1.4s
  288       684.0       229.5    0.4006   1.00   0.50    -5.4587  ramp 47%           1.6s
  289       589.9       181.1    0.4001   1.00   0.50    -5.4792  ramp 47%           1.4s
  [probe] gen=290 score=213.6 net=1.808 fell=1.000
  290       741.9       287.4    0.3998   1.00   0.50    -5.4998  ramp 47%           1.5s
  291       718.4       216.9    0.3995   1.00   0.50    -5.5203  ramp 47%           1.6s
  292       551.8       177.5    0.3992   1.00   0.50    -5.5408  ramp 48%           1.3s
  293       770.1       272.7    0.3988   1.00   0.50    -5.5613  ramp 48%           1.5s
  294       691.5       278.5    0.3985   1.00   0.50    -5.5819  ramp 48%           1.7s
  295       651.1       183.4    0.3982   1.00   0.50    -5.6024  ramp 48%           1.5s
  296       787.4       297.1    0.3979   1.00   0.50    -5.6229  ramp 49%           1.7s
  297       740.2       275.1    0.3977   1.00   0.50    -5.6434  ramp 49%           1.5s
  298       793.5       257.5    0.3976   1.00   0.50    -5.6639  ramp 49%           1.6s
  299       778.2       302.6    0.3974   1.00   0.50    -5.6845  ramp 49%           1.5s
  [probe] gen=300 score=333.1 net=2.295 fell=1.000 [new best earth]
  [plot] Saved fitness curve → experiments/thesis/gradual_transition/seed_00/fitness_curve.png
  300       794.3       325.3    0.3970   1.00   0.50    -5.7050  ramp 50%           1.6s
  301       651.2       281.1    0.3965   1.00   0.50    -5.7255  ramp 50%           1.5s
  302       691.3       271.8    0.3960   1.00   0.50    -5.7461  ramp 50%           1.7s
  303       615.8       276.9    0.3954   1.00   0.50    -5.7666  ramp 50%           1.6s
  304      1075.9       304.3    0.3950   1.00   0.50    -5.7871  ramp 51%           1.5s
  305       697.9       269.7    0.3946   1.00   0.50    -5.8076  ramp 51%           1.4s
  306       805.2       307.3    0.3942   1.00   0.50    -5.8282  ramp 51%           1.5s
  307       756.8       326.6    0.3938   1.00   0.50    -5.8487  ramp 51%           1.7s
  308       837.4       260.7    0.3934   1.00   0.50    -5.8692  ramp 52%           1.6s
  309       898.8       318.1    0.3929   1.00   0.50    -5.8897  ramp 52%           1.5s
  [probe] gen=310 score=89.4 net=1.191 fell=1.000
  310       716.7       274.4    0.3924   1.00   0.50    -5.9103  ramp 52%           1.4s
  311       559.6       219.3    0.3919   1.00   0.50    -5.9308  ramp 52%           1.4s
  312       827.7       258.6    0.3913   1.00   0.50    -5.9513  ramp 53%           1.4s
  313       706.7       307.1    0.3908   1.00   0.50    -5.9718  ramp 53%           1.6s
  314       643.1       252.4    0.3903   1.00   0.50    -5.9924  ramp 53%           1.5s
  315       743.6       255.9    0.3899   1.00   0.50    -6.0129  ramp 53%           1.4s
  316       793.9       301.2    0.3895   1.00   0.50    -6.0334  ramp 54%           1.5s
  317       674.3       201.0    0.3891   1.00   0.50    -6.0539  ramp 54%           1.4s
  318       778.0       231.0    0.3886   1.00   0.50    -6.0745  ramp 54%           1.4s
  319       657.6       264.7    0.3881   1.00   0.50    -6.0950  ramp 54%           1.4s
  [probe] gen=320 score=221.9 net=1.803 fell=1.000
  320       599.5       267.2    0.3876   1.00   0.50    -6.1155  ramp 55%           1.5s
  321       737.7       256.5    0.3872   1.00   0.50    -6.1360  ramp 55%           1.6s
  322       551.8       294.9    0.3870   1.00   0.50    -6.1566  ramp 55%           1.7s
  323       702.3       195.1    0.3867   1.00   0.50    -6.1771  ramp 55%           1.4s
  324       597.1       246.8    0.3862   1.00   0.50    -6.1976  ramp 56%           1.5s
  [plot] Saved fitness curve → experiments/thesis/gradual_transition/seed_00/fitness_curve.png
  325       555.1       185.4    0.3858   1.00   0.50    -6.2181  ramp 56%           1.4s
  326       649.6       276.1    0.3854   1.00   0.50    -6.2386  ramp 56%           1.5s
  327       552.4       173.3    0.3850   1.00   0.50    -6.2592  ramp 56%           1.3s
  328       889.8       241.2    0.3848   1.00   0.50    -6.2797  ramp 56%           1.4s
  329       555.1       200.2    0.3845   1.00   0.50    -6.3002  ramp 57%           1.3s
  [probe] gen=330 score=294.7 net=2.182 fell=1.000
  330       690.1       212.5    0.3841   1.00   0.50    -6.3208  ramp 57%           1.5s
  331       604.9       194.1    0.3838   1.00   0.50    -6.3413  ramp 57%           1.4s
  332       556.3       217.6    0.3833   1.00   0.50    -6.3618  ramp 57%           1.4s
  333       509.6       162.5    0.3828   1.00   0.50    -6.3823  ramp 58%           1.3s
  334       543.3       207.8    0.3822   1.00   0.50    -6.4029  ramp 58%           1.3s
  335       672.7       286.3    0.3818   1.00   0.50    -6.4234  ramp 58%           1.5s
  336       519.9       209.1    0.3814   1.00   0.50    -6.4439  ramp 59%           1.5s
  337       745.1       222.1    0.3809   1.00   0.50    -6.4644  ramp 59%           1.6s
  338       595.8       241.3    0.3805   1.00   0.50    -6.4849  ramp 59%           1.3s
  339       620.6       262.6    0.3801   1.00   0.50    -6.5055  ramp 59%           1.5s
  [probe] gen=340 score=-96.1 net=0.341 fell=1.000
  340       601.8       230.0    0.3798   1.00   0.50    -6.5260  ramp 60%           1.5s
  341       613.4       234.1    0.3793   1.00   0.50    -6.5465  ramp 60%           1.4s
  342       760.4       245.0    0.3787   1.00   0.50    -6.5671  ramp 60%           1.3s
  343       647.6       236.3    0.3781   1.00   0.50    -6.5876  ramp 60%           1.5s
  344       812.8       262.9    0.3776   1.00   0.50    -6.6081  ramp 61%           1.4s
  345       520.1       171.3    0.3771   1.00   0.50    -6.6286  ramp 61%           1.5s
  346       597.9       206.2    0.3766   1.00   0.50    -6.6492  ramp 61%           1.4s
  347       894.5       277.0    0.3760   1.00   0.50    -6.6697  ramp 61%           1.5s
  348       668.5       232.5    0.3754   1.00   0.50    -6.6902  ramp 62%           1.4s
  349       652.9       319.1    0.3748   1.00   0.50    -6.7107  ramp 62%           1.5s
  [probe] gen=350 score=220.5 net=1.830 fell=1.000
  [plot] Saved fitness curve → experiments/thesis/gradual_transition/seed_00/fitness_curve.png
  350       476.0       114.1    0.3743   1.00   0.50    -6.7313  ramp 62%           1.3s
  351       696.8       264.5    0.3736   1.00   0.50    -6.7518  ramp 62%           1.5s
  352       692.5       249.9    0.3728   1.00   0.50    -6.7723  ramp 63%           1.6s
  353       869.1       208.2    0.3723   1.00   0.50    -6.7928  ramp 63%           1.4s
  354       644.9       276.8    0.3717   1.00   0.50    -6.8134  ramp 63%           1.6s
  355       610.7       158.8    0.3711   1.00   0.50    -6.8339  ramp 63%           1.4s
  356       507.9       156.5    0.3706   1.00   0.50    -6.8544  ramp 64%           1.3s
  357       628.8       147.6    0.3702   1.00   0.50    -6.8749  ramp 64%           1.3s
  358       745.6       247.5    0.3697   1.00   0.50    -6.8955  ramp 64%           1.5s
  359       546.5       211.1    0.3693   1.00   0.50    -6.9160  ramp 64%           1.4s
  [probe] gen=360 score=341.1 net=2.246 fell=1.000 [new best earth]
  360       636.3       178.1    0.3689   1.00   0.50    -6.9365  ramp 65%           1.5s
  361       698.2       239.6    0.3685   1.00   0.50    -6.9570  ramp 65%           1.5s
  362       663.6       264.3    0.3682   1.00   0.50    -6.9776  ramp 65%           1.3s
  363       683.4       301.2    0.3678   1.00   0.50    -6.9981  ramp 65%           1.4s
  364       788.0       301.7    0.3675   1.00   0.50    -7.0186  ramp 66%           1.5s
  365       721.9       306.4    0.3673   1.00   0.50    -7.0391  ramp 66%           1.5s
  366       581.7       243.3    0.3669   1.00   0.50    -7.0597  ramp 66%           1.6s
  367       470.9       247.1    0.3665   1.00   0.50    -7.0802  ramp 66%           1.6s
  368       710.9       274.5    0.3660   1.00   0.50    -7.1007  ramp 67%           1.4s
  369       588.8       187.3    0.3655   1.00   0.50    -7.1212  ramp 67%           1.5s
  [probe] gen=370 score=177.7 net=1.601 fell=1.000
  370       717.2       162.8    0.3650   1.00   0.50    -7.1418  ramp 67%           1.5s
  371       600.8       207.4    0.3645   1.00   0.50    -7.1623  ramp 67%           1.6s
  372       728.3       212.0    0.3641   1.00   0.50    -7.1828  ramp 68%           1.3s
  373       535.3       197.7    0.3638   1.00   0.50    -7.2033  ramp 68%           1.6s
  374       419.1       182.8    0.3634   1.00   0.50    -7.2239  ramp 68%           1.2s
  [plot] Saved fitness curve → experiments/thesis/gradual_transition/seed_00/fitness_curve.png
  375       615.9       210.7    0.3629   1.00   0.50    -7.2444  ramp 68%           1.4s
  376       654.1       214.0    0.3624   1.00   0.50    -7.2649  ramp 69%           1.4s
  377       564.7       160.0    0.3620   1.00   0.50    -7.2854  ramp 69%           1.3s
  378       593.1       253.3    0.3616   1.00   0.50    -7.3060  ramp 69%           1.4s
  379       530.7       264.4    0.3612   1.00   0.50    -7.3265  ramp 69%           1.6s
  [probe] gen=380 score=148.9 net=1.501 fell=1.000
  380       423.2       157.1    0.3610   1.00   0.50    -7.3470  ramp 70%           1.4s
  381       452.6       154.7    0.3607   1.00   0.50    -7.3675  ramp 70%           1.2s
  382       508.5       226.3    0.3603   1.00   0.50    -7.3880  ramp 70%           1.3s
  383       624.0       293.3    0.3601   1.00   0.50    -7.4086  ramp 70%           1.5s
  384       544.6       268.2    0.3599   1.00   0.50    -7.4291  ramp 71%           1.4s
  385       609.7       243.8    0.3597   1.00   0.50    -7.4496  ramp 71%           1.5s
  386       516.6       225.1    0.3596   1.00   0.50    -7.4702  ramp 71%           1.5s
  387       563.1       277.4    0.3595   1.00   0.50    -7.4907  ramp 71%           1.4s
  388       588.2       217.6    0.3593   1.00   0.50    -7.5112  ramp 72%           1.3s
  389       619.8       232.6    0.3589   1.00   0.50    -7.5317  ramp 72%           1.5s
  [probe] gen=390 score=236.0 net=1.895 fell=1.000
  390       542.3       248.2    0.3585   1.00   0.50    -7.5523  ramp 72%           1.6s
  391       644.9       242.7    0.3582   1.00   0.50    -7.5728  ramp 72%           1.6s
  392       720.7       220.9    0.3581   1.00   0.50    -7.5933  ramp 73%           2.1s
  393       761.2       221.7    0.3579   1.00   0.50    -7.6138  ramp 73%           1.6s
  394       539.4       165.6    0.3577   1.00   0.50    -7.6344  ramp 73%           1.6s
  395       456.0       227.8    0.3574   1.00   0.50    -7.6549  ramp 73%           1.5s
  396       589.9       200.0    0.3570   1.00   0.50    -7.6754  ramp 74%           1.5s
  397       641.3       178.6    0.3565   1.00   0.50    -7.6959  ramp 74%           1.4s
  398       649.6       187.7    0.3560   1.00   0.50    -7.7165  ramp 74%           1.6s
  399       635.5       177.2    0.3555   1.00   0.50    -7.7370  ramp 74%           1.7s
  [probe] gen=400 score=185.7 net=1.507 fell=1.000
  [plot] Saved fitness curve → experiments/thesis/gradual_transition/seed_00/fitness_curve.png
  400       542.8       158.7    0.3551   1.00   0.50    -7.7575  ramp 75%           1.6s
  401       628.8       165.1    0.3548   1.00   0.50    -7.7780  ramp 75%           1.6s
  402       552.5       260.3    0.3547   1.00   0.50    -7.7986  ramp 75%           1.6s
  403       522.0       166.9    0.3546   1.00   0.50    -7.8191  ramp 75%           1.6s
  404       461.2       179.1    0.3545   1.00   0.50    -7.8396  ramp 76%           1.4s
  405       560.9       229.5    0.3543   1.00   0.50    -7.8601  ramp 76%           1.6s
  406       516.5       243.4    0.3541   1.00   0.50    -7.8807  ramp 76%           1.5s
  407       634.1       195.1    0.3537   1.00   0.50    -7.9012  ramp 76%           1.3s
  408       449.5       164.5    0.3534   1.00   0.50    -7.9217  ramp 77%           1.4s
  409       469.2       205.5    0.3530   1.00   0.50    -7.9422  ramp 77%           1.4s
  [probe] gen=410 score=187.2 net=1.388 fell=1.000
  410       447.6       191.2    0.3526   1.00   0.50    -7.9628  ramp 77%           1.4s
  411       614.3       271.1    0.3519   1.00   0.50    -7.9833  ramp 77%           1.6s
  412       575.7       198.3    0.3512   1.00   0.50    -8.0038  ramp 78%           1.4s
  413       719.0       282.7    0.3505   1.00   0.50    -8.0243  ramp 78%           1.5s
  414       599.6       238.5    0.3498   1.00   0.50    -8.0449  ramp 78%           1.5s
  415       501.8       276.9    0.3492   1.00   0.50    -8.0654  ramp 78%           1.4s
  416       496.4       224.1    0.3487   1.00   0.50    -8.0859  ramp 79%           1.4s
  417       494.2       185.0    0.3481   1.00   0.50    -8.1064  ramp 79%           1.3s
  418       611.2       215.8    0.3476   1.00   0.50    -8.1270  ramp 79%           1.4s
  419       477.8       167.9    0.3470   1.00   0.50    -8.1475  ramp 79%           1.3s
  [probe] gen=420 score=303.5 net=2.008 fell=1.000
  420       450.9       206.8    0.3465   1.00   0.50    -8.1680  ramp 80%           1.7s
  421       560.7       215.7    0.3458   1.00   0.50    -8.1885  ramp 80%           1.3s
  422       640.5       225.0    0.3453   1.00   0.50    -8.2091  ramp 80%           1.1s
  423       545.0       217.9    0.3447   1.00   0.50    -8.2296  ramp 80%           1.3s
  424       495.2       232.6    0.3442   1.00   0.50    -8.2501  ramp 81%           1.3s
  [plot] Saved fitness curve → experiments/thesis/gradual_transition/seed_00/fitness_curve.png
  425       439.4       252.5    0.3439   1.00   0.50    -8.2706  ramp 81%           1.2s
  426       550.5       223.4    0.3436   1.00   0.50    -8.2912  ramp 81%           1.6s
  427       502.3       231.1    0.3432   1.00   0.50    -8.3117  ramp 81%           1.3s
  428       496.9       216.0    0.3429   1.00   0.50    -8.3322  ramp 82%           1.4s
  429       483.5       220.4    0.3427   1.00   0.50    -8.3527  ramp 82%           1.4s
  [probe] gen=430 score=317.3 net=2.059 fell=1.000
  430       516.8       205.4    0.3425   1.00   0.50    -8.3733  ramp 82%           1.5s
  431       561.9       229.0    0.3424   1.00   0.50    -8.3938  ramp 82%           1.4s
  432       616.7       260.8    0.3421   1.00   0.50    -8.4143  ramp 83%           1.6s
  433       720.3       293.0    0.3419   1.00   0.50    -8.4348  ramp 83%           1.6s
  434       623.9       286.2    0.3416   1.00   0.50    -8.4554  ramp 83%           1.7s
  435       581.4       298.9    0.3414   1.00   0.50    -8.4759  ramp 83%           1.4s
  436       542.8       223.8    0.3413   1.00   0.50    -8.4964  ramp 84%           1.3s
  437       678.7       275.8    0.3412   1.00   0.50    -8.5169  ramp 84%           1.4s
  438       590.1       281.5    0.3410   1.00   0.50    -8.5374  ramp 84%           1.4s
  439       652.7       295.4    0.3409   1.00   0.50    -8.5580  ramp 84%           1.5s
  [probe] gen=440 score=332.4 net=2.190 fell=1.000
  440       504.0       191.8    0.3407   1.00   0.50    -8.5785  ramp 85%           1.4s
  441       628.7       269.4    0.3405   1.00   0.50    -8.5990  ramp 85%           1.6s
  442       574.5       247.5    0.3403   1.00   0.50    -8.6196  ramp 85%           1.4s
  443       466.0       200.6    0.3400   1.00   0.50    -8.6401  ramp 85%           1.3s
  444       600.8       226.9    0.3399   1.00   0.50    -8.6606  ramp 86%           1.5s
  445       728.5       228.2    0.3399   1.00   0.50    -8.6811  ramp 86%           1.6s
  446       555.2       295.6    0.3397   1.00   0.50    -8.7017  ramp 86%           1.6s
  447       474.2       226.4    0.3394   1.00   0.50    -8.7222  ramp 86%           1.4s
  448       593.3       238.5    0.3390   1.00   0.50    -8.7427  ramp 87%           1.3s
  449       672.9       307.4    0.3389   1.00   0.50    -8.7632  ramp 87%           1.4s
  [probe] gen=450 score=279.9 net=2.055 fell=1.000
  [plot] Saved fitness curve → experiments/thesis/gradual_transition/seed_00/fitness_curve.png
  450       473.0       246.3    0.3386   1.00   0.50    -8.7838  ramp 87%           1.3s
  451       579.0       254.7    0.3384   1.00   0.50    -8.8043  ramp 87%           1.3s
  452       628.8       216.6    0.3384   1.00   0.50    -8.8248  ramp 88%           1.5s
  453       524.8       251.1    0.3384   1.00   0.50    -8.8453  ramp 88%           1.4s
  454       510.8       187.7    0.3384   1.00   0.50    -8.8659  ramp 88%           1.5s
  455       593.0       274.9    0.3383   1.00   0.50    -8.8864  ramp 88%           1.5s
  456       854.1       259.5    0.3381   1.00   0.50    -8.9069  ramp 89%           1.6s
  457       574.0       295.6    0.3378   1.00   0.50    -8.9274  ramp 89%           1.4s
  458       666.5       280.5    0.3376   1.00   0.50    -8.9480  ramp 89%           1.4s
  459       503.1       226.4    0.3373   1.00   0.50    -8.9685  ramp 89%           1.5s
  [probe] gen=460 score=195.7 net=1.481 fell=1.000
  460       506.7       174.1    0.3369   1.00   0.50    -8.9890  ramp 90%           1.5s
  461       480.7       239.3    0.3364   1.00   0.50    -9.0095  ramp 90%           1.4s
  462       506.2       219.8    0.3360   1.00   0.50    -9.0301  ramp 90%           1.4s
  463       554.0       233.3    0.3357   1.00   0.50    -9.0506  ramp 90%           1.5s
  464       516.9       252.1    0.3355   1.00   0.50    -9.0711  ramp 91%           1.4s
  465       516.2       209.8    0.3352   1.00   0.50    -9.0916  ramp 91%           1.4s
  466       529.3       174.9    0.3351   1.00   0.50    -9.1122  ramp 91%           1.4s
  467       529.5       238.3    0.3348   1.00   0.50    -9.1327  ramp 91%           1.3s
  468       547.2       218.1    0.3347   1.00   0.50    -9.1532  ramp 92%           1.2s
  469       589.8       201.4    0.3346   1.00   0.50    -9.1737  ramp 92%           1.6s
  [probe] gen=470 score=304.2 net=1.941 fell=1.000
  470       576.4       175.1    0.3345   1.00   0.50    -9.1943  ramp 92%           1.4s
  471       538.0       197.7    0.3343   1.00   0.50    -9.2148  ramp 92%           1.4s
  472       380.6       161.9    0.3342   1.00   0.50    -9.2353  ramp 93%           1.4s
  473       619.9       256.1    0.3339   1.00   0.50    -9.2558  ramp 93%           1.4s
  474       507.5       228.1    0.3335   1.00   0.50    -9.2764  ramp 93%           1.3s
  [plot] Saved fitness curve → experiments/thesis/gradual_transition/seed_00/fitness_curve.png
  475       620.6       237.2    0.3332   1.00   0.50    -9.2969  ramp 93%           1.5s
  476       557.1       210.5    0.3329   1.00   0.50    -9.3174  ramp 94%           1.3s
  477       439.9       164.9    0.3326   1.00   0.50    -9.3379  ramp 94%           1.4s
  478       436.8       221.9    0.3327   1.00   0.50    -9.3585  ramp 94%           1.2s
  479       613.0       241.8    0.3326   1.00   0.50    -9.3790  ramp 94%           1.4s
  [probe] gen=480 score=367.0 net=2.187 fell=1.000 [new best earth]
  480       521.5       275.1    0.3326   1.00   0.50    -9.3995  ramp 95%           1.3s
  481       575.9       211.8    0.3327   1.00   0.50    -9.4200  ramp 95%           1.4s
  482       533.4       225.0    0.3329   1.00   0.50    -9.4405  ramp 95%           1.3s
  483       673.1       243.8    0.3329   1.00   0.50    -9.4611  ramp 95%           1.4s
  484       591.6       214.1    0.3329   1.00   0.50    -9.4816  ramp 96%           1.3s
  485       527.2       157.1    0.3329   1.00   0.50    -9.5021  ramp 96%           1.3s
  486       470.1       124.5    0.3330   1.00   0.50    -9.5227  ramp 96%           1.5s
  487       522.3       208.1    0.3330   1.00   0.50    -9.5432  ramp 96%           1.4s
  488       640.6       185.2    0.3330   1.00   0.50    -9.5637  ramp 97%           1.4s
  489       629.8       178.4    0.3331   1.00   0.50    -9.5842  ramp 97%           1.5s
  [probe] gen=490 score=310.4 net=2.081 fell=1.000
  490       611.5       200.8    0.3330   1.00   0.50    -9.6048  ramp 97%           1.4s
  491       467.9       199.5    0.3329   1.00   0.50    -9.6253  ramp 97%           1.4s
  492       551.8       172.6    0.3328   1.00   0.50    -9.6458  ramp 98%           1.5s
  493       578.2       169.6    0.3328   1.00   0.50    -9.6663  ramp 98%           1.1s
  494       443.3       157.6    0.3328   1.00   0.50    -9.6868  ramp 98%           1.3s
  495       465.0       238.0    0.3327   1.00   0.50    -9.7074  ramp 98%           1.3s
  496       564.6       172.4    0.3325   1.00   0.50    -9.7279  ramp 99%           1.1s
  497       697.9       221.8    0.3324   1.00   0.50    -9.7484  ramp 99%           1.3s
  498       501.9       253.3    0.3321   1.00   0.50    -9.7690  ramp 99%           1.4s
  499       591.0       255.9    0.3318   1.00   0.50    -9.7895  ramp 99%           1.2s
  [plot] Saved fitness curve → experiments/thesis/gradual_transition/seed_00/fitness_curve.png

Training complete. Best fitness: 1075.9
Best params → experiments/thesis/gradual_transition/seed_00/checkpoints/best_params.npy
Fitness curve → experiments/thesis/gradual_transition/seed_00/fitness_curve.png
Eval params  → best_earth_params (earth probe score: 367.0)
Final Earth scorecard | score=416.9 net=2.414 fell=1.000
Gravity sweep | gravities=5 mean_net=2.208 worst_net=1.260
  [exp] Wrote experiments/thesis/gradual_transition/seed_00/experiment.json
  [exp] Wrote experiments/thesis/gradual_transition/seed_00/training_log.csv
  [exp] Wrote experiments/thesis/gradual_transition/seed_00/earth_probe.csv
  [exp] Wrote experiments/thesis/gradual_transition/seed_00/gravity_sweep.csv
  [exp] Wrote experiments/thesis/gradual_transition/seed_00/summary.json
