Walker2d-v5 | policy=CPG  params=504
CPGPolicy  |  total params = 504
  Joint       Amplitude  Freq(rad/step)   Phase(deg)
  --------------------------------------------------
  R-thigh         0.500          0.6931          0.0°
  R-leg           0.500          0.6931          0.0°
  R-foot          0.500          0.6931          0.0°
  L-thigh         0.500          0.6931          0.0°
  L-leg           0.500          0.6931          0.0°
  L-foot          0.500          0.6931          0.0°

  Feedback MLP hidden=16  correction_scale=0.5
Run context | seed=0 arm=fixed_gravity run_id=fixed_gravity_seed_00

Starting from structured scratch prior (no warm-start checkpoint).
Schedule | penalty_min=0.20 penalty_ramp_gen=200 corr_min=0.00 corr_max=0.50 corr_ramp_gen=200

Starting CMA-ES | pop=40 | sigma0=0.5 | max_gen=500 | workers=8 | seed=0

  Gen        Best        Mean     Sigma    Pen   Corr     Time
------------------------------------------------------------------
  [probe] gen=0 score=-261.8 net=-0.005 fell=1.000
  [plot] Saved fitness curve → fitness_curve_cpg.png
    0       -36.5       -76.1    0.4905   0.20   0.00     1.8s
    1       -22.9       -71.9    0.4823   0.20   0.00     0.2s
    2       -39.1       -67.1    0.4750   0.21   0.01     0.3s
    3       -38.1       -63.8    0.4683   0.21   0.01     0.3s
    4        45.7       -50.7    0.4621   0.22   0.01     0.2s
    5       112.2       -50.2    0.4566   0.22   0.01     0.4s
    6        97.9       -48.8    0.4516   0.22   0.01     0.4s
    7        44.8       -49.1    0.4472   0.23   0.02     0.4s
    8        89.2       -37.9    0.4431   0.23   0.02     0.4s
    9       117.8       -39.3    0.4392   0.24   0.02     0.4s
  [probe] gen=10 score=-18.7 net=0.876 fell=1.000
   10       131.7       -43.0    0.4356   0.24   0.03     0.4s
   11       145.4       -14.5    0.4321   0.24   0.03     0.4s
   12       147.2        -9.2    0.4290   0.25   0.03     0.4s
   13       152.4        -9.4    0.4260   0.25   0.03     0.4s
   14       161.0        15.8    0.4234   0.26   0.04     0.4s
   15       152.4        24.5    0.4209   0.26   0.04     0.5s
   16       160.6        32.0    0.4187   0.26   0.04     0.5s
   17       158.5        64.0    0.4166   0.27   0.04     0.5s
   18       152.2        47.3    0.4147   0.27   0.04     0.5s
   19       154.3        87.3    0.4128   0.28   0.05     0.6s
  [probe] gen=20 score=13.3 net=0.944 fell=1.000
   20       152.4        45.6    0.4110   0.28   0.05     0.6s
   21       166.7        89.8    0.4094   0.28   0.05     0.6s
   22       161.6        53.7    0.4079   0.29   0.06     0.7s
   23       155.3        63.7    0.4064   0.29   0.06     0.5s
   24       162.3        76.5    0.4049   0.30   0.06     0.6s
  [plot] Saved fitness curve → fitness_curve_cpg.png
   25       159.0        44.4    0.4034   0.30   0.06     0.6s
   26       159.2        52.0    0.4019   0.30   0.07     0.6s
   27       153.7        39.1    0.4005   0.31   0.07     0.6s
   28       163.2        42.4    0.3992   0.31   0.07     0.7s
   29       159.5        49.1    0.3979   0.32   0.07     0.6s
  [probe] gen=30 score=40.3 net=0.999 fell=1.000
   30       164.9        48.4    0.3965   0.32   0.07     0.7s
   31       168.5        61.2    0.3952   0.32   0.08     0.7s
   32       164.4        52.4    0.3940   0.33   0.08     0.7s
   33       170.7        26.5    0.3928   0.33   0.08     0.7s
   34       151.0        10.0    0.3916   0.34   0.09     0.7s
   35       162.7        36.2    0.3905   0.34   0.09     0.6s
   36       168.3        71.3    0.3894   0.34   0.09     0.7s
   37       159.5        34.5    0.3885   0.35   0.09     0.8s
   38       176.5        36.8    0.3877   0.35   0.10     0.7s
   39       159.3        30.7    0.3869   0.36   0.10     0.7s
  [probe] gen=40 score=-247.0 net=-0.314 fell=1.000
   40       163.0        59.8    0.3861   0.36   0.10     0.8s
   41       167.7        61.3    0.3853   0.36   0.10     0.8s
   42       169.9        37.8    0.3844   0.37   0.10     0.9s
   43       166.3         5.1    0.3835   0.37   0.11     0.8s
   44       165.8        53.7    0.3826   0.38   0.11     0.7s
   45       166.5        74.7    0.3818   0.38   0.11     0.8s
   46       166.7        22.6    0.3810   0.38   0.12     0.8s
   47       164.0        57.3    0.3802   0.39   0.12     0.8s
   48       156.3        65.5    0.3795   0.39   0.12     0.7s
   49       167.0        46.1    0.3788   0.40   0.12     0.8s
  [probe] gen=50 score=194.1 net=1.594 fell=1.000
  [plot] Saved fitness curve → fitness_curve_cpg.png
   50       267.8        31.7    0.3781   0.40   0.12     0.7s
   51       250.7        62.6    0.3773   0.40   0.13     0.8s
   52       261.7        46.8    0.3765   0.41   0.13     0.7s
   53       248.4         7.6    0.3756   0.41   0.13     0.7s
   54       232.0        75.9    0.3748   0.42   0.14     0.7s
   55       257.0        88.3    0.3741   0.42   0.14     0.7s
   56       265.2        30.1    0.3735   0.42   0.14     0.7s
   57       297.1       103.6    0.3730   0.43   0.14     0.8s
   58       266.3        56.4    0.3726   0.43   0.14     0.8s
   59       268.7        84.4    0.3721   0.44   0.15     0.8s
  [probe] gen=60 score=168.0 net=1.521 fell=1.000
   60       240.8        18.2    0.3717   0.44   0.15     0.8s
   61       265.4        51.8    0.3714   0.44   0.15     0.6s
   62       255.1        97.5    0.3710   0.45   0.15     0.7s
   63       261.2        78.2    0.3706   0.45   0.16     0.8s
   64       234.2        49.4    0.3701   0.46   0.16     0.7s
   65       257.7        64.5    0.3695   0.46   0.16     0.8s
   66       261.6        75.1    0.3691   0.46   0.17     0.9s
   67       252.9        75.7    0.3685   0.47   0.17     0.8s
   68       283.7        75.4    0.3679   0.47   0.17     0.9s
   69       304.5        58.2    0.3673   0.48   0.17     0.9s
  [probe] gen=70 score=171.8 net=1.517 fell=1.000
   70       241.6        17.0    0.3668   0.48   0.17     0.9s
   71       271.2       100.0    0.3662   0.48   0.18     0.9s
   72       256.9        66.3    0.3656   0.49   0.18     0.9s
   73       256.0        94.3    0.3650   0.49   0.18     1.0s
   74       269.7        -5.1    0.3645   0.50   0.18     1.2s
  [plot] Saved fitness curve → fitness_curve_cpg.png
   75       258.3        26.8    0.3641   0.50   0.19     1.0s
   76       301.0       114.5    0.3637   0.50   0.19     1.4s
   77       285.6       109.2    0.3634   0.51   0.19     1.0s
   78       262.3        62.2    0.3630   0.51   0.20     1.1s
   79       316.9        72.4    0.3626   0.52   0.20     0.9s
  [probe] gen=80 score=157.3 net=1.285 fell=1.000
   80       266.9       111.7    0.3624   0.52   0.20     1.2s
   81       280.8        51.0    0.3622   0.52   0.20     1.0s
   82       300.2       124.1    0.3620   0.53   0.20     1.4s
   83       301.4        91.3    0.3619   0.53   0.21     1.1s
   84       411.4        97.8    0.3619   0.54   0.21     1.2s
   85       258.7        73.8    0.3619   0.54   0.21     1.2s
   86       246.7        61.3    0.3618   0.54   0.21     1.1s
   87       269.5        55.1    0.3619   0.55   0.22     1.1s
   88       364.8       156.9    0.3619   0.55   0.22     1.2s
   89       301.6       107.2    0.3619   0.56   0.22     1.4s
  [probe] gen=90 score=238.5 net=1.742 fell=1.000
   90       298.1        69.3    0.3621   0.56   0.23     1.4s
   91       274.4        73.7    0.3623   0.56   0.23     0.8s
   92       265.2       108.0    0.3623   0.57   0.23     0.9s
   93       384.6        59.5    0.3622   0.57   0.23     0.9s
   94       364.8        51.5    0.3621   0.58   0.23     1.0s
   95       307.7       148.0    0.3619   0.58   0.24     1.1s
   96       282.1       122.0    0.3617   0.58   0.24     0.9s
   97       330.4        88.1    0.3617   0.59   0.24     1.0s
   98       320.2        90.2    0.3618   0.59   0.24     1.0s
   99       299.9        24.0    0.3619   0.60   0.25     0.9s
  [probe] gen=100 score=203.1 net=1.539 fell=1.000
  [plot] Saved fitness curve → fitness_curve_cpg.png
  100       299.4        93.0    0.3618   0.60   0.25     1.1s
  101       306.8        55.2    0.3618   0.60   0.25     0.9s
  102       358.2       101.2    0.3618   0.61   0.26     1.0s
  103       387.1        71.1    0.3620   0.61   0.26     1.5s
  104       406.4        62.8    0.3622   0.62   0.26     1.4s
  105       297.8        38.1    0.3624   0.62   0.26     1.1s
  106       338.6       105.1    0.3625   0.62   0.27     1.1s
  107       396.7       135.9    0.3626   0.63   0.27     1.3s
  108       407.8       122.3    0.3627   0.63   0.27     1.3s
  109       339.5       126.6    0.3627   0.64   0.27     1.1s
  [probe] gen=110 score=281.9 net=1.870 fell=1.000
  110       347.7       120.4    0.3627   0.64   0.28     1.3s
  111       459.2       186.5    0.3628   0.64   0.28     1.3s
  112       493.7       113.5    0.3629   0.65   0.28     1.4s
  113       330.8        59.5    0.3630   0.65   0.28     1.3s
  114       362.7       104.6    0.3632   0.66   0.28     1.2s
  115       293.4       135.2    0.3634   0.66   0.29     1.3s
  116       341.7       155.1    0.3635   0.66   0.29     1.1s
  117       393.2       177.3    0.3637   0.67   0.29     1.4s
  118       439.5       160.9    0.3640   0.67   0.29     1.2s
  119       515.5       177.6    0.3643   0.68   0.30     1.3s
  [probe] gen=120 score=321.9 net=2.146 fell=1.000
  120       558.6       150.8    0.3644   0.68   0.30     1.3s
  121       411.2       196.7    0.3645   0.68   0.30     1.3s
  122       391.5       114.9    0.3647   0.69   0.30     1.2s
  123       424.6       134.4    0.3648   0.69   0.31     1.2s
  124       410.5       162.5    0.3650   0.70   0.31     1.1s
  [plot] Saved fitness curve → fitness_curve_cpg.png
  125       519.4       144.9    0.3653   0.70   0.31     1.2s
  126       428.7        89.3    0.3657   0.70   0.32     1.2s
  127       425.7       163.5    0.3660   0.71   0.32     1.4s
  128       400.8       145.9    0.3663   0.71   0.32     1.2s
  129       463.5       208.6    0.3666   0.72   0.32     1.3s
  [probe] gen=130 score=336.7 net=1.864 fell=1.000
  130       676.8       192.9    0.3668   0.72   0.33     1.3s
  131       555.3       166.6    0.3671   0.72   0.33     1.3s
  132       494.2       202.1    0.3677   0.73   0.33     1.1s
  133       501.5       202.5    0.3681   0.73   0.33     1.2s
  134       585.4       210.3    0.3686   0.74   0.34     1.2s
  135       538.3       220.2    0.3689   0.74   0.34     1.3s
  136       775.5       225.9    0.3692   0.74   0.34     1.2s
  137       637.3       228.8    0.3694   0.75   0.34     1.2s
  138       633.4       229.8    0.3696   0.75   0.34     1.3s
  139       426.9       189.8    0.3698   0.76   0.35     1.3s
  [probe] gen=140 score=266.3 net=1.966 fell=1.000
  140       367.6       125.6    0.3700   0.76   0.35     1.2s
  141       433.5       154.3    0.3700   0.76   0.35     1.2s
  142       425.1       196.5    0.3702   0.77   0.35     1.2s
  143       580.4       153.8    0.3703   0.77   0.36     1.3s
  144       596.3       187.6    0.3705   0.78   0.36     1.3s
  145       766.2       171.5    0.3709   0.78   0.36     1.4s
  146       734.9       214.1    0.3711   0.78   0.36     1.4s
  147       607.3       181.5    0.3711   0.79   0.37     1.5s
  148       414.4       143.3    0.3712   0.79   0.37     1.6s
  149       460.7       163.4    0.3713   0.80   0.37     1.5s
  [probe] gen=150 score=695.6 net=3.881 fell=1.000
  [plot] Saved fitness curve → fitness_curve_cpg.png
  150       711.1       225.3    0.3712   0.80   0.38     1.5s
  151       573.1       201.6    0.3713   0.80   0.38     2.3s
  152       599.5       172.8    0.3713   0.81   0.38     1.6s
  153       573.7       103.4    0.3714   0.81   0.38     1.4s
  154       577.4       213.9    0.3716   0.82   0.39     1.5s
  155       457.0        79.3    0.3715   0.82   0.39     1.3s
  156       646.0       130.6    0.3714   0.82   0.39     1.6s
  157       656.1       179.3    0.3714   0.83   0.39     1.5s
  158       644.8       152.1    0.3714   0.83   0.40     1.4s
  159       488.7       105.5    0.3714   0.84   0.40     1.4s
  [probe] gen=160 score=631.8 net=3.591 fell=1.000
  160       596.0       136.9    0.3714   0.84   0.40     1.2s
  161       551.1       157.1    0.3715   0.84   0.40     1.3s
  162       646.4       221.5    0.3716   0.85   0.41     1.4s
  163       821.0       211.9    0.3716   0.85   0.41     1.5s
  164      1099.5       230.3    0.3715   0.86   0.41     1.5s
  165       696.7       197.0    0.3714   0.86   0.41     1.5s
  166       660.8       207.2    0.3712   0.86   0.41     1.5s
  167       793.9       250.2    0.3711   0.87   0.42     1.3s
  168       613.3       229.9    0.3709   0.87   0.42     1.5s
  169       775.8       198.9    0.3709   0.88   0.42     1.4s
  [probe] gen=170 score=495.7 net=3.063 fell=1.000
  170       504.8       231.9    0.3707   0.88   0.42     1.5s
  171       620.9       198.7    0.3705   0.88   0.43     1.4s
  172       706.9       280.9    0.3704   0.89   0.43     1.4s
  173       468.2       206.3    0.3702   0.89   0.43     1.2s
  174       654.6       242.2    0.3701   0.90   0.43     1.3s
  [plot] Saved fitness curve → fitness_curve_cpg.png
  175       738.2       154.9    0.3699   0.90   0.44     1.5s
  176      1104.7       315.9    0.3698   0.90   0.44     1.5s
  177      1057.6       284.0    0.3696   0.91   0.44     1.4s
  178       861.8       316.1    0.3695   0.91   0.45     1.5s
  179       674.9       292.2    0.3695   0.92   0.45     1.5s
  [probe] gen=180 score=340.9 net=2.284 fell=1.000
  180       710.9       232.5    0.3697   0.92   0.45     1.4s
  181       736.7       245.8    0.3699   0.92   0.45     1.4s
  182       708.0       232.5    0.3701   0.93   0.46     1.3s
  183       657.6       188.5    0.3705   0.93   0.46     1.5s
  184      1063.0       196.9    0.3710   0.94   0.46     1.6s
  185      1059.2       320.6    0.3715   0.94   0.46     1.6s
  186       834.3       231.7    0.3721   0.94   0.47     1.5s
  187      1044.5       225.5    0.3729   0.95   0.47     1.5s
  188       816.6       278.8    0.3736   0.95   0.47     1.6s
  189       782.6       185.1    0.3743   0.96   0.47     1.5s
  [probe] gen=190 score=208.1 net=0.830 fell=1.000
  190       776.4       276.6    0.3747   0.96   0.47     1.5s
  191       787.9       240.0    0.3751   0.96   0.48     1.5s
  192       653.3       208.9    0.3754   0.97   0.48     1.5s
  193       837.3       238.7    0.3759   0.97   0.48     1.4s
  194       803.9       279.7    0.3763   0.98   0.48     1.4s
  195       891.5       363.8    0.3768   0.98   0.49     1.6s
  196       988.9       227.8    0.3772   0.98   0.49     1.4s
  197      1135.0       279.3    0.3778   0.99   0.49     1.6s
  198       766.7       274.9    0.3784   0.99   0.49     1.5s
  199      1124.2       174.8    0.3789   1.00   0.50     1.3s
  [probe] gen=200 score=507.1 net=3.237 fell=1.000
  [plot] Saved fitness curve → fitness_curve_cpg.png
  200       730.3       218.6    0.3795   1.00   0.50     1.4s
  201       814.2       253.2    0.3801   1.00   0.50     1.7s
  202       800.0       183.5    0.3808   1.00   0.50     1.5s
  203       906.8       263.6    0.3815   1.00   0.50     1.4s
  204      1080.1       229.5    0.3823   1.00   0.50     1.7s
  205       752.7       116.7    0.3829   1.00   0.50     1.5s
  206       976.8       177.2    0.3835   1.00   0.50     1.5s
  207      1066.0       267.2    0.3842   1.00   0.50     1.5s
  208       691.0       213.0    0.3848   1.00   0.50     1.3s
  209       873.3       176.2    0.3851   1.00   0.50     1.4s
  [probe] gen=210 score=975.4 net=5.078 fell=1.000
  210      1166.1       299.6    0.3854   1.00   0.50     1.5s
  211       880.6       259.6    0.3858   1.00   0.50     1.5s
  212       867.9       208.3    0.3862   1.00   0.50     1.3s
  213       646.7       247.2    0.3866   1.00   0.50     1.6s
  214       572.7       247.1    0.3871   1.00   0.50     1.3s
  215       667.5       197.8    0.3878   1.00   0.50     1.7s
  216       773.6       189.3    0.3886   1.00   0.50     1.4s
  217       869.9       240.4    0.3894   1.00   0.50     1.5s
  218       689.8       202.6    0.3900   1.00   0.50     1.7s
  219      1663.4       270.8    0.3908   1.00   0.50     1.7s
  [probe] gen=220 score=741.9 net=4.701 fell=1.000
  220       877.6       269.1    0.3914   1.00   0.50     1.5s
  221       807.9       330.7    0.3921   1.00   0.50     1.4s
  222      1000.3       304.6    0.3929   1.00   0.50     1.6s
  223      1501.6       420.6    0.3936   1.00   0.50     1.6s
  224      1089.9       260.6    0.3942   1.00   0.50     1.5s
  [plot] Saved fitness curve → fitness_curve_cpg.png
  225       911.7       304.8    0.3948   1.00   0.50     1.9s
  226      1221.1       333.8    0.3953   1.00   0.50     1.5s
  227      1173.2       248.5    0.3955   1.00   0.50     1.3s
  228      1423.5       270.8    0.3958   1.00   0.50     1.4s
  229      1093.9       351.9    0.3960   1.00   0.50     1.4s
  [probe] gen=230 score=807.1 net=4.400 fell=1.000
  230       930.5       332.8    0.3963   1.00   0.50     1.4s
  231       896.2       312.7    0.3965   1.00   0.50     1.4s
  232       766.7       294.3    0.3966   1.00   0.50     1.3s
  233      1151.8       372.7    0.3968   1.00   0.50     1.4s
  234      1185.7       254.7    0.3970   1.00   0.50     1.4s
  235       951.7       334.0    0.3972   1.00   0.50     1.5s
  236      1691.8       393.3    0.3975   1.00   0.50     1.8s
  237       693.5       311.7    0.3978   1.00   0.50     1.5s
  238       959.6       378.2    0.3980   1.00   0.50     1.6s
  239      1185.0       279.5    0.3981   1.00   0.50     1.6s
  [probe] gen=240 score=733.6 net=4.535 fell=1.000
  240      1714.7       387.2    0.3983   1.00   0.50     1.5s
  241       682.8       301.4    0.3984   1.00   0.50     1.6s
  242      1012.1       329.4    0.3985   1.00   0.50     1.6s
  243      1243.5       342.5    0.3986   1.00   0.50     1.9s
  244       858.6       319.3    0.3987   1.00   0.50     1.5s
  245       891.7       298.9    0.3987   1.00   0.50     1.5s
  246       920.5       371.3    0.3987   1.00   0.50     1.8s
  247       959.3       258.0    0.3987   1.00   0.50     1.5s
  248       846.8       312.6    0.3986   1.00   0.50     1.8s
  249       752.1       284.1    0.3983   1.00   0.50     1.7s
  [probe] gen=250 score=524.5 net=2.916 fell=1.000
  [plot] Saved fitness curve → fitness_curve_cpg.png
  250       747.2       155.1    0.3982   1.00   0.50     1.4s
  251       917.3       271.7    0.3980   1.00   0.50     1.7s
  252       845.9       227.8    0.3978   1.00   0.50     1.7s
  253      1039.5       315.9    0.3977   1.00   0.50     1.6s
  254       838.1       280.6    0.3977   1.00   0.50     1.4s
  255      1011.8       254.7    0.3977   1.00   0.50     1.8s
  256      1116.9       284.2    0.3977   1.00   0.50     1.7s
  257      1306.5       394.4    0.3977   1.00   0.50     2.0s
  258       978.0       377.8    0.3977   1.00   0.50     1.6s
  259       851.1       285.6    0.3977   1.00   0.50     1.6s
  [probe] gen=260 score=779.0 net=4.132 fell=1.000
  260       831.3       280.1    0.3976   1.00   0.50     1.6s
  261       798.7       373.9    0.3973   1.00   0.50     1.7s
  262      1079.7       302.1    0.3973   1.00   0.50     1.4s
  263      1549.7       344.9    0.3972   1.00   0.50     1.5s
  264      1142.4       360.2    0.3971   1.00   0.50     1.6s
  265      1371.2       385.5    0.3969   1.00   0.50     1.6s
  266      1352.4       505.9    0.3967   1.00   0.50     2.0s
  267      1194.3       505.6    0.3965   1.00   0.50     1.8s
  268      1149.3       383.3    0.3963   1.00   0.50     1.6s
  269      1354.5       422.2    0.3961   1.00   0.50     1.5s
  [probe] gen=270 score=979.1 net=5.729 fell=1.000
  270      1180.2       422.6    0.3959   1.00   0.50     1.7s
  271      1322.8       455.5    0.3957   1.00   0.50     1.7s
  272      1707.9       461.1    0.3954   1.00   0.50     1.8s
  273      1374.7       474.8    0.3952   1.00   0.50     1.6s
  274      1127.7       453.2    0.3951   1.00   0.50     1.6s
  [plot] Saved fitness curve → fitness_curve_cpg.png
  275      1302.6       417.5    0.3950   1.00   0.50     1.6s
  276      1232.4       519.2    0.3949   1.00   0.50     2.0s
  277      1316.7       385.7    0.3947   1.00   0.50     1.5s
  278      1503.0       467.1    0.3945   1.00   0.50     1.8s
  279      1712.2       427.2    0.3944   1.00   0.50     1.9s
  [probe] gen=280 score=1585.4 net=7.704 fell=0.100
  280      1764.0       481.8    0.3943   1.00   0.50     1.7s
  281      1282.0       495.6    0.3943   1.00   0.50     1.8s
  282      1366.7       460.2    0.3943   1.00   0.50     1.8s
  283      1371.6       467.5    0.3942   1.00   0.50     1.8s
  284      1346.4       433.0    0.3939   1.00   0.50     1.8s
  285      1838.9       472.7    0.3934   1.00   0.50     1.7s
  286      1575.5       553.1    0.3931   1.00   0.50     2.0s
  287      1564.1       563.3    0.3929   1.00   0.50     1.8s
  288      1135.8       491.5    0.3926   1.00   0.50     1.7s
  289      1757.1       485.6    0.3923   1.00   0.50     1.7s
  [probe] gen=290 score=1792.6 net=8.983 fell=0.200
  290      1650.0       639.8    0.3920   1.00   0.50     2.3s
  291      1932.7       598.2    0.3917   1.00   0.50     2.2s
  292      1654.0       566.3    0.3914   1.00   0.50     2.2s
  293      1823.7       565.8    0.3913   1.00   0.50     1.9s
  294      1497.7       617.7    0.3912   1.00   0.50     2.2s
  295      1844.5       756.3    0.3910   1.00   0.50     2.1s
  296      1855.6       501.3    0.3910   1.00   0.50     1.9s
  297      1498.4       466.3    0.3910   1.00   0.50     1.9s
  298      1542.3       589.8    0.3910   1.00   0.50     2.0s
  299      1795.1       770.7    0.3910   1.00   0.50     2.5s
  [probe] gen=300 score=1439.0 net=7.368 fell=0.600
  [plot] Saved fitness curve → fitness_curve_cpg.png
  300      1835.8       567.7    0.3908   1.00   0.50     1.9s
  301      1530.3       580.3    0.3905   1.00   0.50     2.1s
  302      1845.3       609.1    0.3903   1.00   0.50     2.2s
  303      1858.6       638.3    0.3901   1.00   0.50     2.1s
  304      1662.2       569.5    0.3900   1.00   0.50     2.0s
  305      1742.7       510.1    0.3900   1.00   0.50     1.9s
  306      1579.5       640.2    0.3901   1.00   0.50     2.1s
  307      1539.9       560.7    0.3904   1.00   0.50     2.0s
  308      1637.3       532.4    0.3907   1.00   0.50     2.2s
  309      1542.3       522.8    0.3910   1.00   0.50     2.3s
  [probe] gen=310 score=806.4 net=3.552 fell=0.700
  310      1511.8       525.9    0.3913   1.00   0.50     2.0s
  311      1715.0       490.8    0.3915   1.00   0.50     1.9s
  312      1627.1       492.2    0.3916   1.00   0.50     1.9s
  313      1929.4       561.5    0.3916   1.00   0.50     2.0s
  314      1552.6       511.3    0.3916   1.00   0.50     1.9s
  315      1926.6       612.0    0.3916   1.00   0.50     2.2s
  316      1832.4       747.3    0.3916   1.00   0.50     2.4s
  317      1822.8       784.0    0.3917   1.00   0.50     2.4s
  318      1805.9       812.9    0.3917   1.00   0.50     2.2s
  319      1817.8       703.1    0.3915   1.00   0.50     2.1s
  [probe] gen=320 score=985.1 net=5.947 fell=0.900
  320      1772.3       669.7    0.3913   1.00   0.50     2.2s
  321      1881.3       831.3    0.3912   1.00   0.50     2.7s
  322      1780.7       794.5    0.3910   1.00   0.50     2.3s
  323      2034.6       674.5    0.3908   1.00   0.50     2.1s
  324      1860.1       656.8    0.3906   1.00   0.50     2.2s
  [plot] Saved fitness curve → fitness_curve_cpg.png
  325      1903.4       758.2    0.3905   1.00   0.50     2.4s
  326      1570.9       712.1    0.3903   1.00   0.50     2.3s
  327      1938.4       743.7    0.3903   1.00   0.50     2.3s
  328      1628.1       617.3    0.3901   1.00   0.50     1.9s
  329      1892.6       884.5    0.3898   1.00   0.50     2.4s
  [probe] gen=330 score=1705.8 net=8.658 fell=0.200
  330      1779.8       727.8    0.3894   1.00   0.50     2.5s
  331      2095.9       683.8    0.3889   1.00   0.50     2.0s
  332      1811.3       667.4    0.3884   1.00   0.50     2.0s
  333      1799.0       795.5    0.3879   1.00   0.50     2.3s
  334      1987.2       763.0    0.3874   1.00   0.50     2.3s
  335      1964.1       906.2    0.3867   1.00   0.50     2.3s
  336      1894.7       701.8    0.3860   1.00   0.50     2.0s
  337      1819.5       804.6    0.3852   1.00   0.50     2.2s
  338      1713.7       655.8    0.3847   1.00   0.50     2.1s
  339      1801.4       797.8    0.3841   1.00   0.50     2.2s
  [probe] gen=340 score=1694.0 net=8.508 fell=0.100
  340      1787.1       826.6    0.3835   1.00   0.50     2.2s
  341      1780.7       721.6    0.3831   1.00   0.50     2.1s
  342      1990.9       957.3    0.3826   1.00   0.50     2.4s
  343      1829.4       790.6    0.3821   1.00   0.50     2.4s
  344      1889.4       788.2    0.3817   1.00   0.50     2.1s
  345      1814.2       873.1    0.3814   1.00   0.50     2.5s
  346      1805.0       805.9    0.3811   1.00   0.50     2.2s
  347      1820.5       808.9    0.3811   1.00   0.50     2.3s
  348      1898.7       895.3    0.3810   1.00   0.50     2.6s
  349      1801.9       932.8    0.3811   1.00   0.50     2.4s
  [probe] gen=350 score=1384.3 net=7.766 fell=0.900
  [plot] Saved fitness curve → fitness_curve_cpg.png
  350      1899.4       963.7    0.3811   1.00   0.50     2.7s
  351      1909.7       772.5    0.3810   1.00   0.50     2.1s
  352      1758.8       921.0    0.3810   1.00   0.50     2.5s
  353      1894.9       867.0    0.3809   1.00   0.50     2.3s
  354      1879.5       921.3    0.3809   1.00   0.50     2.7s
  355      1814.2       886.8    0.3810   1.00   0.50     2.6s
  356      1913.8       857.9    0.3811   1.00   0.50     2.6s
  357      1776.1       919.4    0.3812   1.00   0.50     3.1s
  358      1853.0       765.7    0.3814   1.00   0.50     2.1s
  359      1777.2       880.4    0.3815   1.00   0.50     2.7s
  [probe] gen=360 score=2003.2 net=10.362 fell=0.100
  360      2013.7       789.7    0.3817   1.00   0.50     2.3s
  361      1756.4       716.9    0.3817   1.00   0.50     2.3s
  362      1999.7       820.1    0.3817   1.00   0.50     2.3s
  363      1856.2       876.3    0.3817   1.00   0.50     2.7s
  364      2031.6       941.3    0.3816   1.00   0.50     3.3s
  365      2152.5       856.9    0.3816   1.00   0.50     3.6s
  366      1883.0       801.0    0.3814   1.00   0.50     2.5s
  367      1632.8       806.0    0.3811   1.00   0.50     2.7s
  368      1858.0       903.0    0.3809   1.00   0.50     2.4s
  369      1753.8       630.3    0.3807   1.00   0.50     1.9s
  [probe] gen=370 score=1395.5 net=7.311 fell=0.400
  370      1889.9       936.0    0.3804   1.00   0.50     2.5s
  371      1953.9       809.6    0.3800   1.00   0.50     2.1s
  372      1723.2       759.8    0.3795   1.00   0.50     2.3s
  373      2012.9       911.7    0.3791   1.00   0.50     2.6s
  374      1862.5       768.6    0.3786   1.00   0.50     2.7s
  [plot] Saved fitness curve → fitness_curve_cpg.png
  375      1818.9       915.4    0.3782   1.00   0.50     2.7s
  376      1942.8       931.8    0.3777   1.00   0.50     2.7s
  377      1945.8       835.3    0.3772   1.00   0.50     2.6s
  378      1770.8       859.9    0.3768   1.00   0.50     2.4s
  379      1913.4       839.0    0.3762   1.00   0.50     2.2s
  [probe] gen=380 score=1814.5 net=8.960 fell=0.100
  380      1885.6       880.5    0.3757   1.00   0.50     2.4s
  381      1881.2       983.3    0.3754   1.00   0.50     2.5s
  382      1904.2       859.0    0.3753   1.00   0.50     2.3s
  383      1848.6      1097.9    0.3752   1.00   0.50     3.0s
  384      1902.1      1039.4    0.3752   1.00   0.50     3.1s
  385      1925.5       760.2    0.3751   1.00   0.50     2.5s
  386      1965.8       887.5    0.3749   1.00   0.50     2.4s
  387      1745.6       847.4    0.3748   1.00   0.50     2.4s
  388      1826.3       952.8    0.3746   1.00   0.50     2.5s
  389      1859.0       738.4    0.3743   1.00   0.50     2.3s
  [probe] gen=390 score=1078.2 net=6.225 fell=0.900
  390      1812.3       933.5    0.3742   1.00   0.50     3.0s
  391      1955.3       922.2    0.3743   1.00   0.50     3.5s
  392      1822.3       867.5    0.3743   1.00   0.50     3.2s
  393      1856.8      1087.7    0.3742   1.00   0.50     3.0s
  394      1842.4       834.5    0.3742   1.00   0.50     2.8s
  395      1812.6       850.0    0.3742   1.00   0.50     3.0s
  396      1734.8       836.4    0.3742   1.00   0.50     2.7s
  397      1734.3       809.9    0.3741   1.00   0.50     2.6s
  398      1826.9       888.4    0.3740   1.00   0.50     2.8s
  399      1811.5       946.6    0.3739   1.00   0.50     2.7s
  [probe] gen=400 score=1678.5 net=8.208 fell=0.200
  [plot] Saved fitness curve → fitness_curve_cpg.png
  400      1837.5       912.3    0.3738   1.00   0.50     2.7s
  401      1935.4       862.6    0.3736   1.00   0.50     2.8s
  402      1914.5      1099.5    0.3736   1.00   0.50     2.8s
  403      1974.8       978.1    0.3734   1.00   0.50     2.5s
  404      1945.2       976.1    0.3732   1.00   0.50     2.8s
  405      1808.9       955.5    0.3729   1.00   0.50     2.7s
  406      1828.2       919.5    0.3728   1.00   0.50     2.7s
  407      1876.8       971.9    0.3726   1.00   0.50     2.7s
  408      1786.3      1070.1    0.3723   1.00   0.50     2.6s
  409      1828.1      1018.5    0.3721   1.00   0.50     2.4s
  [probe] gen=410 score=1677.0 net=8.969 fell=0.600
  410      1816.0       860.3    0.3720   1.00   0.50     2.6s
  411      1907.8      1009.5    0.3719   1.00   0.50     2.6s
  412      1830.8       943.8    0.3719   1.00   0.50     2.6s
  413      1889.3      1074.3    0.3717   1.00   0.50     3.0s
  414      1846.0      1140.0    0.3714   1.00   0.50     2.8s
  415      1988.1      1110.1    0.3710   1.00   0.50     2.6s
  416      1980.8       974.7    0.3708   1.00   0.50     2.4s
  417      1865.7       993.1    0.3707   1.00   0.50     2.5s
  418      1847.5       946.2    0.3707   1.00   0.50     2.4s
  419      1972.4      1023.7    0.3706   1.00   0.50     2.7s
  [probe] gen=420 score=1915.3 net=10.038 fell=0.400
  420      2090.4       968.4    0.3706   1.00   0.50     2.4s
  421      1991.3       970.5    0.3705   1.00   0.50     2.3s
  422      1756.4       841.1    0.3703   1.00   0.50     2.2s
  423      1870.2       947.5    0.3702   1.00   0.50     2.5s
  424      1772.9       898.6    0.3699   1.00   0.50     2.6s
  [plot] Saved fitness curve → fitness_curve_cpg.png
  425      1973.1       854.5    0.3697   1.00   0.50     2.4s
  426      1903.4       946.4    0.3696   1.00   0.50     2.3s
  427      1878.3       716.7    0.3697   1.00   0.50     1.9s
  428      1797.2       915.8    0.3697   1.00   0.50     2.3s
  429      1962.4       925.9    0.3698   1.00   0.50     2.3s
  [probe] gen=430 score=1374.8 net=7.009 fell=0.700
  430      1793.4      1010.4    0.3700   1.00   0.50     2.3s
  431      1770.1       963.1    0.3703   1.00   0.50     2.4s
  432      2012.3      1076.8    0.3706   1.00   0.50     2.7s
  433      1995.4       863.0    0.3709   1.00   0.50     2.3s
  434      1722.4       760.0    0.3713   1.00   0.50     2.4s
  435      1880.2       823.0    0.3716   1.00   0.50     2.4s
  436      1811.0       798.9    0.3718   1.00   0.50     2.2s
  437      1932.1      1020.0    0.3722   1.00   0.50     2.6s
  438      1785.7       940.7    0.3726   1.00   0.50     2.5s
  439      1831.3       901.5    0.3730   1.00   0.50     2.3s
  [probe] gen=440 score=1946.2 net=10.053 fell=0.200
  440      2037.9       948.9    0.3734   1.00   0.50     2.5s
  441      1774.6       851.3    0.3735   1.00   0.50     2.3s
  442      1883.1       922.7    0.3737   1.00   0.50     2.1s
  443      1683.8       746.9    0.3737   1.00   0.50     2.0s
  444      1818.9      1023.0    0.3736   1.00   0.50     2.8s
  445      1854.6       846.7    0.3736   1.00   0.50     2.3s
  446      2011.3      1015.5    0.3734   1.00   0.50     2.5s
  447      1965.2      1037.3    0.3732   1.00   0.50     2.6s
  448      1971.9      1024.1    0.3730   1.00   0.50     2.7s
  449      1902.5       893.3    0.3727   1.00   0.50     2.2s
  [probe] gen=450 score=1735.7 net=9.244 fell=0.600
  [plot] Saved fitness curve → fitness_curve_cpg.png
  450      2019.1       987.6    0.3723   1.00   0.50     2.4s
  451      1971.7       959.0    0.3720   1.00   0.50     2.2s
  452      1961.9      1028.2    0.3718   1.00   0.50     2.5s
  453      1953.5      1058.1    0.3716   1.00   0.50     2.6s
  454      1847.0      1163.1    0.3714   1.00   0.50     2.7s
  455      1883.2      1173.5    0.3713   1.00   0.50     2.7s
  456      1806.5       970.0    0.3711   1.00   0.50     2.4s
  457      2013.3       920.0    0.3707   1.00   0.50     2.4s
  458      1867.0       920.4    0.3702   1.00   0.50     2.4s
  459      1908.7       835.6    0.3698   1.00   0.50     2.1s
  [probe] gen=460 score=1472.5 net=7.895 fell=0.500
  460      1937.9      1007.7    0.3694   1.00   0.50     2.6s
  461      1791.8      1168.7    0.3690   1.00   0.50     2.7s
  462      1866.4      1067.2    0.3683   1.00   0.50     2.6s
  463      1913.8      1013.2    0.3677   1.00   0.50     2.5s
  464      2013.0       954.4    0.3671   1.00   0.50     2.5s
  465      1928.6       914.9    0.3666   1.00   0.50     2.5s
  466      1922.8       963.2    0.3662   1.00   0.50     2.3s
  467      1969.3      1078.6    0.3656   1.00   0.50     2.6s
  468      1929.4      1011.2    0.3651   1.00   0.50     2.4s
  469      1935.6       975.1    0.3646   1.00   0.50     2.5s
  [probe] gen=470 score=1515.0 net=7.969 fell=0.500
  470      1965.5      1077.3    0.3643   1.00   0.50     2.8s
  471      1850.4      1222.7    0.3638   1.00   0.50     2.9s
  472      1914.9      1079.4    0.3632   1.00   0.50     2.7s
  473      1930.2      1098.7    0.3627   1.00   0.50     2.7s
  474      2041.9      1077.6    0.3622   1.00   0.50     2.9s
  [plot] Saved fitness curve → fitness_curve_cpg.png
  475      1893.5      1069.8    0.3619   1.00   0.50     2.7s
  476      1959.2      1179.1    0.3617   1.00   0.50     2.8s
  477      1949.6      1095.4    0.3615   1.00   0.50     2.9s
  478      1908.5      1200.2    0.3613   1.00   0.50     2.9s
  479      1939.9      1107.2    0.3610   1.00   0.50     2.7s
  [probe] gen=480 score=1820.3 net=9.658 fell=0.500
  480      2007.8       996.1    0.3608   1.00   0.50     2.5s
  481      2041.8      1100.4    0.3606   1.00   0.50     2.7s
  482      2091.2      1078.9    0.3602   1.00   0.50     2.5s
  483      1936.6      1024.5    0.3599   1.00   0.50     2.6s
  484      1693.1       751.0    0.3598   1.00   0.50     1.9s
  485      1854.6      1016.6    0.3596   1.00   0.50     2.7s
  486      1919.4       839.9    0.3595   1.00   0.50     2.5s
  487      1855.6      1012.3    0.3593   1.00   0.50     2.7s
  488      1920.1      1146.5    0.3591   1.00   0.50     2.7s
  489      1836.1      1145.3    0.3590   1.00   0.50     2.8s
  [probe] gen=490 score=1848.5 net=9.240 fell=0.000
  490      1859.3       833.7    0.3591   1.00   0.50     2.0s
  491      1891.2       877.5    0.3593   1.00   0.50     2.2s
  492      1853.6      1030.3    0.3595   1.00   0.50     2.6s
  493      1895.8       976.1    0.3596   1.00   0.50     3.0s
  494      1794.2       955.9    0.3599   1.00   0.50     2.9s
  495      1798.0      1017.8    0.3603   1.00   0.50     2.7s
  496      1893.0      1133.3    0.3608   1.00   0.50     2.7s
  497      1874.0       879.1    0.3613   1.00   0.50     2.4s
  498      2072.7       997.5    0.3617   1.00   0.50     2.7s
  499      1929.5       968.8    0.3621   1.00   0.50     2.3s
CMA-ES stop reasons: {'maxiter': 500}
  [plot] Saved fitness curve → fitness_curve_cpg.png

Training complete. Best fitness: 2152.5
Best params → experiments/thesis/fixed_gravity/seed_00/working_checkpoints/best_params.npy
Fitness curve → fitness_curve_cpg.png
Final Earth scorecard | score=1811.5 net=9.983 fell=0.600
Gravity sweep | gravities=5 mean_net=7.042 worst_net=3.499
  [exp] Archived → experiments/thesis/fixed_gravity/seed_00/
  [exp] Wrote experiments/thesis/fixed_gravity/seed_00/training_log.csv
  [exp] Wrote experiments/thesis/fixed_gravity/seed_00/earth_probe.csv
  [exp] Wrote experiments/thesis/fixed_gravity/seed_00/gravity_sweep.csv
  [exp] Wrote experiments/thesis/fixed_gravity/seed_00/summary.json
