Walker2d-v5 | policy=CPG  params=504
CPGPolicy  |  total params = 504
  Joint       Amplitude  Freq(rad/step)   Phase(deg)
  --------------------------------------------------
  R-thigh         0.500          0.6931          0.0°
  R-leg           0.500          0.6931          0.0°
  R-foot          0.500          0.6931          0.0°
  L-thigh         0.500          0.6931          0.0°
  L-leg           0.500          0.6931          0.0°
  L-foot          0.500          0.6931          0.0°

  Feedback MLP hidden=16  correction_scale=0.5
Run context | seed=8 arm=fixed_gravity run_id=fixed_gravity_seed_08

Starting from structured scratch prior (no warm-start checkpoint).
Schedule | penalty_min=0.20 penalty_ramp_gen=200 corr_min=0.00 corr_max=0.50 corr_ramp_gen=200

Starting CMA-ES | pop=40 | sigma0=0.5 | max_gen=500 | workers=8 | seed=8

  Gen        Best        Mean     Sigma    Pen   Corr     Time
------------------------------------------------------------------
  [probe] gen=0 score=-286.4 net=-0.059 fell=1.000
  [plot] Saved fitness curve → fitness_curve_cpg.png
    0       -52.7       -76.4    0.4904   0.20   0.00     1.5s
    1       -52.9       -73.6    0.4823   0.20   0.00     0.2s
    2       -52.3       -72.1    0.4752   0.21   0.01     0.2s
    3       -50.4       -72.6    0.4686   0.21   0.01     0.2s
    4       -43.8       -67.6    0.4627   0.22   0.01     0.2s
    5       -44.1       -66.7    0.4573   0.22   0.01     0.2s
    6       -32.2       -67.2    0.4525   0.22   0.01     0.3s
    7       -24.9       -62.8    0.4480   0.23   0.02     0.2s
    8       -11.1       -62.0    0.4439   0.23   0.02     0.2s
    9        85.3       -55.2    0.4401   0.24   0.02     0.3s
  [probe] gen=10 score=-154.9 net=0.358 fell=1.000
   10        28.8       -48.2    0.4366   0.24   0.03     0.3s
   11        86.9       -60.4    0.4334   0.24   0.03     0.3s
   12        89.6       -55.0    0.4305   0.25   0.03     0.3s
   13        95.5       -54.5    0.4278   0.25   0.03     0.3s
   14        42.6       -62.6    0.4253   0.26   0.04     0.3s
   15       139.6       -49.2    0.4229   0.26   0.04     0.3s
   16       139.7       -41.3    0.4208   0.26   0.04     0.3s
   17        42.8       -54.3    0.4187   0.27   0.04     0.3s
   18        92.1       -41.3    0.4168   0.27   0.04     0.4s
   19       149.9       -25.6    0.4151   0.28   0.05     0.5s
  [probe] gen=20 score=13.5 net=0.931 fell=1.000
   20       151.8        -5.9    0.4134   0.28   0.05     0.4s
   21       143.0        13.9    0.4119   0.28   0.05     0.5s
   22       145.8        15.7    0.4105   0.29   0.06     0.5s
   23       150.6        48.3    0.4091   0.29   0.06     0.5s
   24       152.1        60.2    0.4078   0.30   0.06     0.6s
  [plot] Saved fitness curve → fitness_curve_cpg.png
   25       153.9        91.5    0.4066   0.30   0.06     0.6s
   26       155.6        69.0    0.4055   0.30   0.07     0.6s
   27       154.6        48.3    0.4046   0.31   0.07     0.7s
   28       146.3        24.6    0.4037   0.31   0.07     0.7s
   29       149.8        46.3    0.4026   0.32   0.07     0.7s
  [probe] gen=30 score=34.3 net=0.953 fell=1.000
   30       160.1        46.5    0.4017   0.32   0.07     0.7s
   31       157.7         6.6    0.4009   0.32   0.08     0.8s
   32       147.5        28.5    0.4000   0.33   0.08     0.7s
   33       154.9         0.3    0.3992   0.33   0.08     0.8s
   34       145.0        25.7    0.3984   0.34   0.09     0.7s
   35       157.2        58.2    0.3977   0.34   0.09     0.7s
   36       159.6        46.6    0.3970   0.34   0.09     0.8s
   37       146.5        65.3    0.3964   0.35   0.09     0.7s
   38       149.2        56.6    0.3960   0.35   0.10     0.7s
   39       149.6        39.6    0.3955   0.36   0.10     0.8s
  [probe] gen=40 score=30.1 net=0.922 fell=1.000
   40       150.3        -9.9    0.3951   0.36   0.10     0.9s
   41       149.2        43.3    0.3949   0.36   0.10     0.8s
   42       162.2        62.0    0.3949   0.37   0.10     0.8s
   43       195.1        85.0    0.3949   0.37   0.11     0.9s
   44       237.5         7.4    0.3950   0.38   0.11     0.8s
   45       170.6        38.8    0.3951   0.38   0.11     0.9s
   46       163.8        41.7    0.3951   0.38   0.12     0.9s
   47       166.0        10.8    0.3951   0.39   0.12     0.9s
   48       197.5         4.3    0.3952   0.39   0.12     0.9s
   49       212.7        44.3    0.3954   0.40   0.12     1.0s
  [probe] gen=50 score=38.7 net=0.795 fell=1.000
  [plot] Saved fitness curve → fitness_curve_cpg.png
   50       183.5        23.2    0.3955   0.40   0.12     0.9s
   51       202.9        43.6    0.3958   0.40   0.13     1.0s
   52       154.3       -49.8    0.3962   0.41   0.13     0.8s
   53       163.1        24.6    0.3966   0.41   0.13     1.1s
   54       198.1        19.9    0.3969   0.42   0.14     1.1s
   55       228.9        14.1    0.3971   0.42   0.14     1.1s
   56       182.7         8.4    0.3971   0.42   0.14     0.9s
   57       221.4        10.2    0.3972   0.43   0.14     1.2s
   58       296.7        44.1    0.3972   0.43   0.14     1.3s
   59       326.4        46.1    0.3973   0.44   0.15     1.3s
  [probe] gen=60 score=67.0 net=0.341 fell=0.500
   60       195.5       -36.8    0.3973   0.44   0.15     1.2s
   61       332.9        65.6    0.3972   0.44   0.15     1.4s
   62       185.4        20.8    0.3972   0.45   0.15     1.1s
   63       294.1        28.2    0.3972   0.45   0.16     1.3s
   64       195.5       -10.0    0.3973   0.46   0.16     1.3s
   65       194.2        43.0    0.3974   0.46   0.16     1.2s
   66       193.8        52.7    0.3976   0.46   0.17     1.1s
   67       299.0        53.0    0.3976   0.47   0.17     1.4s
   68       216.2        28.6    0.3977   0.47   0.17     1.3s
   69       307.8        -3.5    0.3979   0.48   0.17     1.6s
  [probe] gen=70 score=29.1 net=0.596 fell=1.000
   70       212.6        28.2    0.3983   0.48   0.17     1.3s
   71       184.7        -0.5    0.3987   0.48   0.18     1.3s
   72       225.1        34.3    0.3989   0.49   0.18     1.3s
   73       307.3        55.3    0.3993   0.49   0.18     1.3s
   74       301.4        74.6    0.3994   0.50   0.18     1.6s
  [plot] Saved fitness curve → fitness_curve_cpg.png
   75       273.7        45.3    0.3995   0.50   0.19     1.5s
   76       220.6        15.6    0.3997   0.50   0.19     1.4s
   77       289.8        24.2    0.3999   0.51   0.19     1.7s
   78       301.8         6.0    0.4001   0.51   0.20     1.7s
   79       325.9        48.6    0.4002   0.52   0.20     2.0s
  [probe] gen=80 score=190.3 net=1.028 fell=1.000
   80       246.5         5.9    0.4003   0.52   0.20     1.8s
   81       319.2        74.3    0.4003   0.52   0.20     1.6s
   82       280.5        21.1    0.4004   0.53   0.20     1.7s
   83       271.1        24.2    0.4005   0.53   0.21     1.6s
   84       256.7        57.5    0.4006   0.54   0.21     1.9s
   85       312.1        19.3    0.4006   0.54   0.21     1.8s
   86       242.5       113.0    0.4006   0.54   0.21     1.7s
   87       283.5        26.1    0.4005   0.55   0.22     1.8s
   88       281.9        23.6    0.4004   0.55   0.22     1.4s
   89       315.3        44.2    0.4005   0.56   0.22     1.7s
  [probe] gen=90 score=189.0 net=0.981 fell=0.900
   90       268.1        49.5    0.4006   0.56   0.23     1.7s
   91       330.2        45.8    0.4006   0.56   0.23     1.9s
   92       204.3         3.6    0.4005   0.57   0.23     1.4s
   93       240.7        70.5    0.4005   0.57   0.23     1.7s
   94       263.1        29.5    0.4004   0.58   0.23     1.7s
   95       286.6        82.2    0.4004   0.58   0.24     1.8s
   96       297.6        59.7    0.4003   0.58   0.24     1.9s
   97       304.3        54.8    0.4002   0.59   0.24     2.0s
   98       307.2        41.7    0.4000   0.59   0.24     2.0s
   99       248.2       -34.0    0.3999   0.60   0.25     1.5s
  [probe] gen=100 score=270.8 net=0.879 fell=0.500
  [plot] Saved fitness curve → fitness_curve_cpg.png
  100       286.8       119.1    0.3998   0.60   0.25     1.9s
  101       264.0        55.1    0.3998   0.60   0.25     2.0s
  102       226.0        14.0    0.3997   0.61   0.26     1.7s
  103       269.5        50.0    0.3998   0.61   0.26     1.8s
  104       276.6        46.0    0.3998   0.62   0.26     2.0s
  105       290.3         5.6    0.3998   0.62   0.26     2.0s
  106       328.0        87.9    0.3997   0.62   0.27     2.2s
  107       313.8        61.7    0.3995   0.63   0.27     2.0s
  108       282.3        71.9    0.3992   0.63   0.27     2.3s
  109       263.1        38.5    0.3990   0.64   0.27     1.9s
  [probe] gen=110 score=161.3 net=0.779 fell=1.000
  110       294.5        67.8    0.3989   0.64   0.28     2.1s
  111       296.1        -1.5    0.3987   0.64   0.28     1.9s
  112       275.4        37.8    0.3984   0.65   0.28     2.2s
  113       259.2        12.9    0.3982   0.65   0.28     1.9s
  114       269.6        33.4    0.3983   0.66   0.28     1.9s
  115       265.2        32.4    0.3983   0.66   0.29     2.1s
  116       313.7         9.1    0.3983   0.66   0.29     1.8s
  117       268.6        84.4    0.3982   0.67   0.29     1.9s
  118       285.1        74.8    0.3983   0.67   0.29     1.9s
  119       264.3       -25.3    0.3983   0.68   0.30     1.5s
  [probe] gen=120 score=238.2 net=0.848 fell=0.900
  120       283.1        54.3    0.3982   0.68   0.30     2.2s
  121       256.0        43.3    0.3982   0.68   0.30     1.7s
  122       291.8        14.5    0.3981   0.69   0.30     1.6s
  123       230.9        11.7    0.3979   0.69   0.31     1.7s
  124       329.0        57.9    0.3977   0.70   0.31     2.3s
  [plot] Saved fitness curve → fitness_curve_cpg.png
  125       297.3       -35.0    0.3976   0.70   0.31     1.9s
  126       259.8        -2.0    0.3973   0.70   0.32     1.7s
  127       204.6       -55.3    0.3971   0.71   0.32     1.8s
  128       209.9        25.0    0.3970   0.71   0.32     2.0s
  129       254.5        25.1    0.3967   0.72   0.32     1.9s
  [probe] gen=130 score=171.4 net=0.780 fell=0.600
  130       239.3       -36.7    0.3965   0.72   0.33     1.9s
  131       240.9        43.1    0.3963   0.72   0.33     2.1s
  132       243.0        32.5    0.3961   0.73   0.33     2.1s
  133       248.0       -15.2    0.3958   0.73   0.33     1.6s
  134       242.4        29.8    0.3956   0.74   0.34     1.7s
  135       240.2        -1.6    0.3954   0.74   0.34     1.8s
  136       270.1        78.8    0.3953   0.74   0.34     2.1s
  137       249.3        30.5    0.3950   0.75   0.34     2.4s
  138       304.6        69.0    0.3945   0.75   0.34     2.2s
  139       282.4        64.2    0.3941   0.76   0.35     2.0s
  [probe] gen=140 score=170.3 net=0.603 fell=0.500
  140       357.7        10.5    0.3937   0.76   0.35     2.1s
  141       278.9        47.9    0.3932   0.76   0.35     2.0s
  142       282.8        74.4    0.3929   0.77   0.35     2.1s
  143       291.4        46.8    0.3927   0.77   0.36     1.9s
  144       354.7        95.0    0.3926   0.78   0.36     2.0s
  145       404.0        92.2    0.3924   0.78   0.36     2.0s
  146       356.4       -25.9    0.3923   0.78   0.36     1.9s
  147       318.5        24.9    0.3920   0.79   0.37     1.4s
  148       322.9        24.8    0.3918   0.79   0.37     1.7s
  149       352.2        47.4    0.3916   0.80   0.37     1.9s
  [probe] gen=150 score=239.5 net=0.736 fell=0.400
  [plot] Saved fitness curve → fitness_curve_cpg.png
  150       304.9        54.4    0.3914   0.80   0.38     1.6s
  151       387.4       104.7    0.3912   0.80   0.38     1.9s
  152       462.9       115.9    0.3910   0.81   0.38     1.9s
  153       469.0       114.4    0.3907   0.81   0.38     1.7s
  154       447.7        59.4    0.3904   0.82   0.39     1.7s
  155       448.2       137.1    0.3900   0.82   0.39     1.8s
  156       576.9       107.9    0.3897   0.82   0.39     1.8s
  157       549.0       150.6    0.3894   0.83   0.39     1.8s
  158       477.0       132.7    0.3892   0.83   0.40     1.5s
  159       523.7        91.5    0.3891   0.84   0.40     1.5s
  [probe] gen=160 score=515.5 net=2.425 fell=1.000
  160       558.6        93.4    0.3890   0.84   0.40     1.5s
  161       603.7       145.9    0.3889   0.84   0.40     1.6s
  162       525.9        90.4    0.3888   0.85   0.41     1.7s
  163       527.7       169.4    0.3886   0.85   0.41     1.8s
  164       550.2       203.6    0.3885   0.86   0.41     1.9s
  165       600.3       163.2    0.3882   0.86   0.41     1.8s
  166       552.0       124.6    0.3878   0.86   0.41     1.8s
  167       513.6       138.2    0.3875   0.87   0.42     2.1s
  168       635.1       226.2    0.3873   0.87   0.42     2.0s
  169       524.0       194.3    0.3871   0.88   0.42     1.8s
  [probe] gen=170 score=373.0 net=2.021 fell=1.000
  170       542.6       112.3    0.3871   0.88   0.42     1.7s
  171       656.9       151.4    0.3871   0.88   0.43     1.7s
  172       606.7       128.8    0.3872   0.89   0.43     1.6s
  173       593.7       165.9    0.3872   0.89   0.43     1.8s
  174       592.3       329.8    0.3873   0.90   0.43     2.1s
  [plot] Saved fitness curve → fitness_curve_cpg.png
  175       538.6       282.8    0.3873   0.90   0.44     2.0s
  176       600.1       233.5    0.3873   0.90   0.44     1.8s
  177       664.2       209.9    0.3873   0.91   0.44     2.1s
  178       553.5       211.8    0.3873   0.91   0.45     2.3s
  179       661.5       210.1    0.3873   0.92   0.45     1.9s
  [probe] gen=180 score=334.7 net=1.725 fell=0.900
  180       469.5        93.8    0.3872   0.92   0.45     2.2s
  181       557.7       210.0    0.3873   0.92   0.45     2.1s
  182       616.7       203.2    0.3876   0.93   0.46     1.8s
  183       716.9       223.9    0.3878   0.93   0.46     2.0s
  184       549.9       260.9    0.3880   0.94   0.46     2.1s
  185       635.4       148.8    0.3881   0.94   0.46     1.7s
  186       607.4       204.7    0.3881   0.94   0.47     2.2s
  187       548.3       174.1    0.3879   0.95   0.47     2.0s
  188       587.9       215.2    0.3877   0.95   0.47     2.1s
  189       611.9       260.8    0.3873   0.96   0.47     2.2s
  [probe] gen=190 score=643.5 net=2.733 fell=0.600
  190       702.6       213.8    0.3870   0.96   0.47     2.0s
  191       717.4       182.5    0.3869   0.96   0.48     2.2s
  192       710.3       206.3    0.3866   0.97   0.48     2.2s
  193       649.2       249.9    0.3864   0.97   0.48     2.2s
  194       587.5       214.1    0.3860   0.98   0.48     2.4s
  195       664.9       314.8    0.3857   0.98   0.49     2.5s
  196       619.9       251.1    0.3855   0.98   0.49     2.5s
  197       618.0       270.9    0.3855   0.99   0.49     2.3s
  198       729.3       282.0    0.3856   0.99   0.49     2.2s
  199       734.7       366.7    0.3856   1.00   0.50     2.4s
  [probe] gen=200 score=713.2 net=3.135 fell=0.500
  [plot] Saved fitness curve → fitness_curve_cpg.png
  200       841.6       340.1    0.3855   1.00   0.50     2.4s
  201       738.5       359.5    0.3855   1.00   0.50     2.3s
  202       693.2       246.9    0.3854   1.00   0.50     2.0s
  203       772.9       319.0    0.3852   1.00   0.50     2.2s
  204       691.6       283.7    0.3852   1.00   0.50     2.4s
  205       798.0       269.1    0.3854   1.00   0.50     2.2s
  206       740.7       195.4    0.3855   1.00   0.50     2.0s
  207       817.3       309.7    0.3854   1.00   0.50     2.1s
  208       846.0       220.1    0.3852   1.00   0.50     2.1s
  209       838.8       267.3    0.3848   1.00   0.50     2.4s
  [probe] gen=210 score=649.5 net=2.710 fell=0.500
  210       844.0       337.5    0.3845   1.00   0.50     2.4s
  211       833.3       317.3    0.3842   1.00   0.50     2.3s
  212       839.5       293.7    0.3838   1.00   0.50     2.3s
  213       741.4       330.8    0.3832   1.00   0.50     2.5s
  214       732.5       296.8    0.3825   1.00   0.50     2.3s
  215       882.2       251.3    0.3819   1.00   0.50     2.2s
  216       892.0       428.5    0.3812   1.00   0.50     2.8s
  217       854.8       322.7    0.3807   1.00   0.50     2.1s
  218       823.3       386.0    0.3800   1.00   0.50     2.9s
  219       736.5       268.1    0.3794   1.00   0.50     2.4s
  [probe] gen=220 score=254.3 net=1.778 fell=1.000
  220       753.2       410.0    0.3788   1.00   0.50     2.8s
  221       953.2       365.4    0.3782   1.00   0.50     2.4s
  222       809.1       407.3    0.3777   1.00   0.50     2.6s
  223       896.3       436.7    0.3772   1.00   0.50     2.6s
  224       903.4       317.3    0.3767   1.00   0.50     2.2s
  [plot] Saved fitness curve → fitness_curve_cpg.png
  225       967.8       467.2    0.3762   1.00   0.50     2.9s
  226       908.7       460.9    0.3760   1.00   0.50     2.6s
  227       922.6       361.2    0.3758   1.00   0.50     2.4s
  228       930.5       386.8    0.3757   1.00   0.50     2.5s
  229      1032.4       452.2    0.3758   1.00   0.50     3.0s
  [probe] gen=230 score=503.4 net=2.502 fell=0.500
  230      1047.9       463.2    0.3759   1.00   0.50     2.8s
  231       907.2       537.4    0.3760   1.00   0.50     3.2s
  232       948.4       548.6    0.3760   1.00   0.50     2.9s
  233       920.4       343.7    0.3759   1.00   0.50     2.5s
  234       983.9       571.9    0.3757   1.00   0.50     3.1s
  235       935.5       497.4    0.3756   1.00   0.50     3.0s
  236       987.9       560.5    0.3756   1.00   0.50     2.9s
  237      1049.2       508.4    0.3755   1.00   0.50     2.8s
  238      1019.8       446.3    0.3754   1.00   0.50     2.6s
  239      1132.4       509.0    0.3753   1.00   0.50     2.7s
  [probe] gen=240 score=853.6 net=3.850 fell=0.200
  240       974.0       543.6    0.3752   1.00   0.50     2.8s
  241      1011.0       548.7    0.3750   1.00   0.50     2.8s
  242      1142.1       673.6    0.3747   1.00   0.50     3.1s
  243      1231.0       520.8    0.3743   1.00   0.50     2.7s
  244      1005.8       563.8    0.3739   1.00   0.50     2.5s
  245      1104.2       594.1    0.3735   1.00   0.50     2.9s
  246      1047.8       622.7    0.3729   1.00   0.50     2.9s
  247      1093.0       557.9    0.3723   1.00   0.50     2.8s
  248      1086.7       536.7    0.3716   1.00   0.50     2.7s
  249      1023.6       446.8    0.3709   1.00   0.50     2.4s
  [probe] gen=250 score=1017.8 net=4.716 fell=0.300
  [plot] Saved fitness curve → fitness_curve_cpg.png
  250      1076.7       632.3    0.3703   1.00   0.50     2.9s
  251      1033.1       443.5    0.3695   1.00   0.50     2.5s
  252      1141.9       696.8    0.3688   1.00   0.50     2.9s
  253      1107.9       547.8    0.3684   1.00   0.50     2.8s
  254      1040.6       667.8    0.3679   1.00   0.50     3.0s
  255      1276.8       679.1    0.3674   1.00   0.50     2.9s
  256      1104.1       554.6    0.3670   1.00   0.50     2.4s
  257      1102.8       506.9    0.3667   1.00   0.50     2.2s
  258       973.5       448.9    0.3665   1.00   0.50     2.4s
  259      1016.9       491.0    0.3661   1.00   0.50     2.6s
  [probe] gen=260 score=725.7 net=3.197 fell=0.400
  260      1043.9       494.7    0.3658   1.00   0.50     2.7s
  261      1111.5       437.4    0.3654   1.00   0.50     2.3s
  262      1140.0       478.8    0.3650   1.00   0.50     2.3s
  263      1118.4       585.4    0.3646   1.00   0.50     2.7s
  264      1081.9       334.8    0.3643   1.00   0.50     2.3s
  265      1347.3       391.0    0.3639   1.00   0.50     2.3s
  266      1113.1       385.3    0.3636   1.00   0.50     2.3s
  267      1048.3       557.7    0.3633   1.00   0.50     2.9s
  268      1214.3       566.9    0.3630   1.00   0.50     2.8s
  269      1024.5       467.9    0.3626   1.00   0.50     2.6s
  [probe] gen=270 score=1037.1 net=4.538 fell=0.000
  270      1036.0       585.0    0.3624   1.00   0.50     2.9s
  271      1094.5       675.9    0.3623   1.00   0.50     3.0s
  272      1167.4       589.0    0.3623   1.00   0.50     2.6s
  273      1086.3       634.4    0.3621   1.00   0.50     2.8s
  274      1208.9       466.7    0.3621   1.00   0.50     2.4s
  [plot] Saved fitness curve → fitness_curve_cpg.png
  275      1065.3       619.7    0.3621   1.00   0.50     2.7s
  276      1105.9       455.6    0.3621   1.00   0.50     2.5s
  277      1199.8       651.3    0.3619   1.00   0.50     2.7s
  278      1291.1       596.1    0.3618   1.00   0.50     2.8s
  279      1135.0       426.0    0.3616   1.00   0.50     2.1s
  [probe] gen=280 score=998.2 net=5.243 fell=0.500
  280      1243.8       593.6    0.3616   1.00   0.50     2.5s
  281      1179.1       441.4    0.3615   1.00   0.50     2.1s
  282      1150.7       412.6    0.3614   1.00   0.50     2.5s
  283      1212.5       503.8    0.3612   1.00   0.50     2.5s
  284      1094.4       486.8    0.3609   1.00   0.50     2.6s
  285      1187.2       555.3    0.3606   1.00   0.50     2.3s
  286      1144.5       480.4    0.3602   1.00   0.50     2.3s
  287      1197.4       555.7    0.3598   1.00   0.50     2.5s
  288      1127.7       391.3    0.3594   1.00   0.50     2.3s
  289      1237.1       453.0    0.3591   1.00   0.50     2.4s
  [probe] gen=290 score=1020.4 net=4.679 fell=0.200
  290      1199.5       573.3    0.3587   1.00   0.50     2.7s
  291      1127.9       583.0    0.3583   1.00   0.50     2.6s
  292      1165.0       434.2    0.3576   1.00   0.50     2.3s
  293      1249.0       673.6    0.3570   1.00   0.50     2.8s
  294      1068.4       445.9    0.3565   1.00   0.50     2.2s
  295      1359.8       567.4    0.3560   1.00   0.50     2.5s
  296      1040.9       699.1    0.3554   1.00   0.50     2.8s
  297      1152.2       590.8    0.3548   1.00   0.50     2.7s
  298      1123.4       528.1    0.3543   1.00   0.50     2.5s
  299      1138.7       507.6    0.3536   1.00   0.50     2.4s
  [probe] gen=300 score=989.9 net=4.926 fell=0.500
  [plot] Saved fitness curve → fitness_curve_cpg.png
  300      1222.3       590.3    0.3531   1.00   0.50     2.6s
  301      1186.2       566.1    0.3527   1.00   0.50     2.6s
  302      1187.8       673.6    0.3523   1.00   0.50     2.6s
  303      1084.9       630.2    0.3519   1.00   0.50     2.8s
  304      1008.6       480.0    0.3515   1.00   0.50     2.6s
  305      1041.6       259.2    0.3511   1.00   0.50     2.1s
  306      1008.4       643.4    0.3508   1.00   0.50     3.0s
  307      1100.1       541.2    0.3505   1.00   0.50     2.6s
  308      1152.1       602.7    0.3501   1.00   0.50     3.0s
  309      1125.6       516.3    0.3495   1.00   0.50     2.4s
  [probe] gen=310 score=1011.5 net=4.473 fell=0.000
  310      1056.3       447.3    0.3489   1.00   0.50     2.3s
  311      1095.0       413.9    0.3483   1.00   0.50     2.2s
  312      1140.3       617.6    0.3479   1.00   0.50     2.7s
  313      1305.1       700.4    0.3475   1.00   0.50     2.9s
  314      1122.4       572.8    0.3472   1.00   0.50     2.5s
  315      1127.3       670.6    0.3470   1.00   0.50     2.6s
  316      1255.1       539.6    0.3467   1.00   0.50     2.4s
  317      1170.8       505.9    0.3465   1.00   0.50     2.4s
  318      1134.1       653.9    0.3461   1.00   0.50     2.7s
  319      1115.3       640.6    0.3459   1.00   0.50     2.6s
  [probe] gen=320 score=917.3 net=4.582 fell=0.700
  320      1109.9       670.2    0.3456   1.00   0.50     3.1s
  321      1145.4       599.7    0.3453   1.00   0.50     3.0s
  322      1093.9       565.3    0.3451   1.00   0.50     2.8s
  323      1154.8       692.8    0.3448   1.00   0.50     2.8s
  324      1065.0       591.5    0.3446   1.00   0.50     2.6s
  [plot] Saved fitness curve → fitness_curve_cpg.png
  325      1219.4       741.2    0.3443   1.00   0.50     3.0s
  326      1226.1       578.7    0.3441   1.00   0.50     2.6s
  327      1303.9       636.6    0.3436   1.00   0.50     2.5s
  328      1145.6       619.1    0.3432   1.00   0.50     2.6s
  329      1074.5       632.0    0.3427   1.00   0.50     2.6s
  [probe] gen=330 score=805.0 net=4.328 fell=0.700
  330      1179.1       566.3    0.3420   1.00   0.50     2.5s
  331      1230.0       676.4    0.3416   1.00   0.50     2.7s
  332      1148.5       526.3    0.3412   1.00   0.50     2.5s
  333      1140.8       780.6    0.3407   1.00   0.50     3.1s
  334      1169.2       641.6    0.3400   1.00   0.50     2.7s
  335      1233.6       675.8    0.3395   1.00   0.50     2.7s
  336      1255.1       686.1    0.3389   1.00   0.50     2.7s
  337      1168.2       668.8    0.3382   1.00   0.50     2.5s
  338      1187.2       637.9    0.3377   1.00   0.50     2.8s
  339      1245.5       732.3    0.3374   1.00   0.50     2.7s
  [probe] gen=340 score=955.8 net=4.901 fell=0.600
  340      1242.8       753.1    0.3370   1.00   0.50     3.0s
  341      1203.8       609.3    0.3365   1.00   0.50     2.2s
  342      1198.7       694.5    0.3359   1.00   0.50     2.7s
  343      1251.2       695.4    0.3352   1.00   0.50     2.6s
  344      1182.7       813.5    0.3345   1.00   0.50     2.9s
  345      1147.8       756.8    0.3339   1.00   0.50     3.2s
  346      1106.2       674.2    0.3334   1.00   0.50     2.5s
  347      1198.2       716.0    0.3327   1.00   0.50     2.9s
  348      1159.2       698.4    0.3322   1.00   0.50     2.7s
  349      1176.7       676.6    0.3318   1.00   0.50     2.7s
  [probe] gen=350 score=885.1 net=4.541 fell=0.600
  [plot] Saved fitness curve → fitness_curve_cpg.png
  350      1208.4       760.8    0.3314   1.00   0.50     2.7s
  351      1117.5       743.4    0.3312   1.00   0.50     2.6s
  352      1279.8       772.2    0.3309   1.00   0.50     2.9s
  353      1234.1       638.2    0.3307   1.00   0.50     2.6s
  354      1174.1       655.5    0.3303   1.00   0.50     2.6s
  355      1290.8       735.3    0.3300   1.00   0.50     2.8s
  356      1115.0       685.0    0.3296   1.00   0.50     2.6s
  357      1154.1       442.6    0.3292   1.00   0.50     2.3s
  358      1134.2       630.7    0.3288   1.00   0.50     2.8s
  359      1148.8       610.9    0.3283   1.00   0.50     2.9s
  [probe] gen=360 score=964.8 net=5.053 fell=0.500
  360      1323.3       731.0    0.3279   1.00   0.50     2.9s
  361      1075.7       527.2    0.3276   1.00   0.50     2.3s
  362      1150.5       535.7    0.3272   1.00   0.50     2.4s
  363      1198.6       710.3    0.3269   1.00   0.50     2.8s
  364      1162.4       667.5    0.3264   1.00   0.50     2.7s
  365      1106.4       651.3    0.3260   1.00   0.50     2.6s
  366      1126.5       815.4    0.3257   1.00   0.50     3.0s
  367      1272.7       696.6    0.3255   1.00   0.50     2.7s
  368      1096.0       682.6    0.3252   1.00   0.50     2.7s
  369      1203.8       703.4    0.3248   1.00   0.50     3.0s
  [probe] gen=370 score=900.4 net=4.514 fell=0.700
  370      1259.2       729.7    0.3244   1.00   0.50     3.1s
  371      1159.2       728.2    0.3241   1.00   0.50     2.8s
  372      1184.8       706.1    0.3238   1.00   0.50     2.9s
  373      1139.2       629.1    0.3238   1.00   0.50     2.7s
  374      1104.3       710.4    0.3237   1.00   0.50     2.9s
  [plot] Saved fitness curve → fitness_curve_cpg.png
  375      1204.7       753.6    0.3237   1.00   0.50     3.0s
  376      1180.3       679.4    0.3238   1.00   0.50     2.5s
  377      1105.8       711.1    0.3238   1.00   0.50     2.6s
  378      1260.3       757.1    0.3238   1.00   0.50     2.9s
  379      1200.4       603.0    0.3238   1.00   0.50     2.5s
  [probe] gen=380 score=849.5 net=3.867 fell=0.300
  380      1146.8       646.1    0.3238   1.00   0.50     2.6s
  381      1211.9       572.7    0.3237   1.00   0.50     2.7s
  382      1188.2       627.5    0.3236   1.00   0.50     2.8s
  383      1099.2       624.1    0.3236   1.00   0.50     2.9s
  384      1107.4       596.3    0.3236   1.00   0.50     2.7s
  385      1112.6       706.7    0.3236   1.00   0.50     2.9s
  386      1173.5       801.8    0.3235   1.00   0.50     3.2s
  387      1111.5       772.6    0.3236   1.00   0.50     2.9s
  388      1130.0       748.1    0.3235   1.00   0.50     3.2s
  389      1150.4       726.3    0.3234   1.00   0.50     3.0s
  [probe] gen=390 score=996.2 net=4.504 fell=0.300
  390      1049.7       598.5    0.3233   1.00   0.50     2.8s
  391      1078.8       597.8    0.3230   1.00   0.50     2.9s
  392      1136.3       688.9    0.3226   1.00   0.50     3.0s
  393      1293.1       607.0    0.3222   1.00   0.50     2.7s
  394      1197.1       645.0    0.3219   1.00   0.50     2.7s
  395      1233.3       621.5    0.3215   1.00   0.50     2.5s
  396      1111.2       636.1    0.3211   1.00   0.50     2.8s
  397      1233.4       545.2    0.3207   1.00   0.50     2.5s
  398      1158.3       573.0    0.3203   1.00   0.50     2.8s
  399      1333.0       539.2    0.3198   1.00   0.50     2.6s
  [probe] gen=400 score=974.5 net=4.609 fell=0.300
  [plot] Saved fitness curve → fitness_curve_cpg.png
  400      1142.1       695.9    0.3195   1.00   0.50     2.9s
  401      1241.5       695.2    0.3191   1.00   0.50     2.9s
  402      1137.2       735.1    0.3189   1.00   0.50     3.0s
  403      1156.1       665.1    0.3187   1.00   0.50     2.9s
  404      1083.4       585.8    0.3186   1.00   0.50     2.5s
  405      1216.5       726.0    0.3185   1.00   0.50     2.9s
  406      1227.3       712.6    0.3184   1.00   0.50     2.7s
  407      1190.6       761.2    0.3183   1.00   0.50     2.8s
  408      1204.1       593.6    0.3183   1.00   0.50     2.6s
  409      1297.2       730.3    0.3182   1.00   0.50     2.7s
  [probe] gen=410 score=948.1 net=4.990 fell=0.500
  410      1251.2       778.4    0.3182   1.00   0.50     2.8s
  411      1242.7       691.1    0.3183   1.00   0.50     2.6s
  412      1277.4       636.3    0.3184   1.00   0.50     2.5s
  413      1279.7       713.4    0.3185   1.00   0.50     2.7s
  414      1238.1       566.8    0.3186   1.00   0.50     2.5s
  415      1216.4       595.5    0.3188   1.00   0.50     2.2s
  416      1127.8       707.4    0.3189   1.00   0.50     2.7s
  417      1128.2       676.3    0.3191   1.00   0.50     2.6s
  418      1147.9       711.2    0.3192   1.00   0.50     2.7s
  419      1124.9       831.0    0.3193   1.00   0.50     3.1s
  [probe] gen=420 score=940.3 net=4.790 fell=0.500
  420      1168.1       646.8    0.3194   1.00   0.50     2.7s
  421      1150.1       703.4    0.3194   1.00   0.50     2.6s
  422      1170.1       742.6    0.3193   1.00   0.50     2.7s
  423      1140.8       729.3    0.3193   1.00   0.50     3.0s
  424      1238.5       858.7    0.3192   1.00   0.50     3.2s
  [plot] Saved fitness curve → fitness_curve_cpg.png
  425      1171.4       734.8    0.3190   1.00   0.50     2.8s
  426      1215.2       690.7    0.3190   1.00   0.50     2.8s
  427      1168.4       875.2    0.3189   1.00   0.50     3.1s
  428      1186.9       755.4    0.3189   1.00   0.50     2.7s
  429      1197.0       772.4    0.3189   1.00   0.50     2.8s
  [probe] gen=430 score=974.4 net=4.886 fell=0.600
  430      1131.7       762.4    0.3190   1.00   0.50     3.0s
  431      1183.7       765.5    0.3191   1.00   0.50     2.7s
  432      1201.2       787.8    0.3191   1.00   0.50     2.8s
  433      1207.6       806.0    0.3191   1.00   0.50     2.8s
  434      1265.6       771.6    0.3191   1.00   0.50     2.9s
  435      1201.7       705.3    0.3191   1.00   0.50     2.8s
  436      1188.6       780.2    0.3191   1.00   0.50     3.1s
  437      1254.8       603.9    0.3190   1.00   0.50     2.7s
  438      1097.2       666.2    0.3189   1.00   0.50     2.5s
  439      1125.8       788.3    0.3186   1.00   0.50     2.7s
  [probe] gen=440 score=1071.9 net=5.036 fell=0.200
  440      1151.3       800.3    0.3181   1.00   0.50     3.1s
  441      1156.7       677.7    0.3178   1.00   0.50     2.7s
  442      1162.0       716.5    0.3173   1.00   0.50     2.8s
  443      1190.6       772.0    0.3169   1.00   0.50     3.2s
  444      1187.5       765.4    0.3164   1.00   0.50     3.1s
  445      1249.9       803.6    0.3158   1.00   0.50     3.0s
  446      1231.8       730.1    0.3153   1.00   0.50     2.8s
  447      1117.0       696.1    0.3149   1.00   0.50     2.8s
  448      1202.0       685.3    0.3144   1.00   0.50     2.6s
  449      1222.1       703.6    0.3138   1.00   0.50     2.6s
  [probe] gen=450 score=1233.1 net=5.939 fell=0.200
  [plot] Saved fitness curve → fitness_curve_cpg.png
  450      1296.0       796.3    0.3132   1.00   0.50     3.0s
  451      1073.9       595.7    0.3125   1.00   0.50     2.5s
  452      1161.1       695.7    0.3119   1.00   0.50     2.7s
  453      1176.9       770.9    0.3113   1.00   0.50     2.8s
  454      1177.6       770.1    0.3108   1.00   0.50     2.9s
  455      1185.4       649.6    0.3104   1.00   0.50     2.7s
  456      1181.5       726.8    0.3102   1.00   0.50     3.0s
  457      1222.6       667.9    0.3100   1.00   0.50     2.6s
  458      1173.9       607.1    0.3099   1.00   0.50     2.7s
  459      1221.2       721.5    0.3099   1.00   0.50     2.7s
  [probe] gen=460 score=796.7 net=3.902 fell=0.300
  460      1138.8       736.8    0.3099   1.00   0.50     2.9s
  461      1228.4       660.8    0.3098   1.00   0.50     2.6s
  462      1162.1       546.3    0.3097   1.00   0.50     2.5s
  463      1247.3       715.6    0.3097   1.00   0.50     2.9s
  464      1254.6       732.6    0.3096   1.00   0.50     3.0s
  465      1282.8       770.7    0.3095   1.00   0.50     2.8s
  466      1130.5       703.4    0.3094   1.00   0.50     2.6s
  467      1161.6       735.6    0.3094   1.00   0.50     2.8s
  468      1200.7       660.8    0.3093   1.00   0.50     2.6s
  469      1275.3       742.5    0.3093   1.00   0.50     2.9s
  [probe] gen=470 score=1096.2 net=5.449 fell=0.400
  470      1309.4       643.1    0.3094   1.00   0.50     2.6s
  471      1238.0       682.9    0.3095   1.00   0.50     2.8s
  472      1216.4       655.3    0.3096   1.00   0.50     2.5s
  473      1264.4       597.7    0.3096   1.00   0.50     2.5s
  474      1168.8       668.2    0.3095   1.00   0.50     3.0s
  [plot] Saved fitness curve → fitness_curve_cpg.png
  475      1191.3       747.6    0.3094   1.00   0.50     3.2s
  476      1148.9       724.0    0.3092   1.00   0.50     3.0s
  477      1114.1       727.1    0.3090   1.00   0.50     2.9s
  478      1215.3       720.0    0.3086   1.00   0.50     3.0s
  479      1168.9       811.0    0.3084   1.00   0.50     3.3s
  [probe] gen=480 score=855.0 net=4.301 fell=0.400
  480      1203.6       805.4    0.3082   1.00   0.50     3.2s
  481      1211.4       710.7    0.3080   1.00   0.50     2.9s
  482      1218.7       762.3    0.3077   1.00   0.50     3.0s
  483      1161.1       763.9    0.3074   1.00   0.50     2.9s
  484      1226.5       792.1    0.3071   1.00   0.50     3.2s
  485      1205.2       661.7    0.3068   1.00   0.50     2.9s
  486      1290.0       633.7    0.3063   1.00   0.50     2.5s
  487      1169.6       732.4    0.3058   1.00   0.50     2.7s
  488      1210.9       778.1    0.3054   1.00   0.50     2.9s
  489      1228.9       723.8    0.3049   1.00   0.50     2.9s
  [probe] gen=490 score=1102.3 net=5.434 fell=0.400
  490      1163.3       793.0    0.3046   1.00   0.50     2.7s
  491      1173.8       731.0    0.3043   1.00   0.50     2.8s
  492      1239.8       855.6    0.3040   1.00   0.50     3.2s
  493      1184.8       715.3    0.3037   1.00   0.50     2.8s
  494      1231.9       805.7    0.3034   1.00   0.50     3.0s
  495      1274.6       718.5    0.3031   1.00   0.50     2.6s
  496      1215.2       625.4    0.3032   1.00   0.50     2.6s
  497      1185.7       782.0    0.3031   1.00   0.50     3.0s
  498      1103.4       735.4    0.3029   1.00   0.50     3.0s
  499      1220.2       717.7    0.3027   1.00   0.50     2.8s
CMA-ES stop reasons: {'maxiter': 500}
  [plot] Saved fitness curve → fitness_curve_cpg.png

Training complete. Best fitness: 1359.8
Best params → experiments/thesis/fixed_gravity/seed_08/working_checkpoints/best_params.npy
Fitness curve → fitness_curve_cpg.png
Final Earth scorecard | score=833.9 net=4.445 fell=0.750
Gravity sweep | gravities=5 mean_net=2.976 worst_net=0.948
  [exp] Archived → experiments/thesis/fixed_gravity/seed_08/
  [exp] Wrote experiments/thesis/fixed_gravity/seed_08/training_log.csv
  [exp] Wrote experiments/thesis/fixed_gravity/seed_08/earth_probe.csv
  [exp] Wrote experiments/thesis/fixed_gravity/seed_08/gravity_sweep.csv
  [exp] Wrote experiments/thesis/fixed_gravity/seed_08/summary.json
