Walker2d-v5 | policy=CPG  params=504
Curriculum   : StagedEvolution  -1.6 (33%) → -5.0 (33%) → -9.81 (33%)
Run context | seed=8 arm=staged_evolution run_id=staged_evolution_seed_08

Schedule | penalty_min=0.20 penalty_ramp_gen=200 corr_min=0.00 corr_max=0.50 corr_ramp_gen=200

Starting CMA-ES | pop=40 | sigma0=0.5 | max_gen=500 | workers=8 | seed=8
Checkpoints → experiments/thesis/staged_evolution/seed_08/checkpoints/

  Gen        Best        Mean     Sigma    Pen   Corr    Gravity  Phase              Time
------------------------------------------------------------------------------------
  [probe] gen=0 score=-387.7 net=-0.165 fell=1.000 [new best earth]
  [plot] Saved fitness curve → experiments/thesis/staged_evolution/seed_08/fitness_curve.png
    0       -56.7       -76.8    0.4904   0.20   0.00    -1.6000  moon               1.5s
    1       -59.4       -74.8    0.4821   0.20   0.00    -1.6000  moon               0.2s
    2       -58.7       -74.4    0.4748   0.21   0.01    -1.6000  moon               0.2s
    3       -33.6       -72.6    0.4683   0.21   0.01    -1.6000  moon               0.2s
    4       -55.8       -69.2    0.4624   0.22   0.01    -1.6000  moon               0.2s
    5       -45.6       -71.2    0.4569   0.22   0.01    -1.6000  moon               0.2s
    6       -57.1       -73.7    0.4518   0.22   0.01    -1.6000  moon               0.2s
    7       -51.2       -69.4    0.4472   0.23   0.02    -1.6000  moon               0.3s
    8       -57.9       -72.1    0.4431   0.23   0.02    -1.6000  moon               0.3s
    9       -52.3       -71.3    0.4393   0.24   0.02    -1.6000  moon               0.3s
  [probe] gen=10 score=-432.6 net=-0.625 fell=1.000
   10       -46.1       -69.8    0.4358   0.24   0.03    -1.6000  moon               0.3s
   11       -23.1       -68.3    0.4329   0.24   0.03    -1.6000  moon               0.3s
   12       -39.0       -68.3    0.4301   0.25   0.03    -1.6000  moon               0.4s
   13       -41.7       -69.2    0.4275   0.25   0.03    -1.6000  moon               0.4s
   14       -34.1       -72.9    0.4249   0.26   0.04    -1.6000  moon               0.4s
   15       -56.8       -75.8    0.4225   0.26   0.04    -1.6000  moon               0.4s
   16       -22.5       -68.9    0.4202   0.26   0.04    -1.6000  moon               0.4s
   17       -32.2       -69.0    0.4182   0.27   0.04    -1.6000  moon               0.5s
   18       -33.6       -71.5    0.4163   0.27   0.04    -1.6000  moon               0.4s
   19       -14.5       -66.7    0.4146   0.28   0.05    -1.6000  moon               0.5s
  [probe] gen=20 score=-442.9 net=-0.660 fell=1.000
   20        -2.1       -67.1    0.4133   0.28   0.05    -1.6000  moon               0.5s
   21       135.9       -57.1    0.4121   0.28   0.05    -1.6000  moon               0.7s
   22       135.9       -61.8    0.4109   0.29   0.06    -1.6000  moon               0.7s
   23       152.0       -58.8    0.4098   0.29   0.06    -1.6000  moon               0.8s
   24       164.5       -48.9    0.4089   0.30   0.06    -1.6000  moon               0.7s
  [plot] Saved fitness curve → experiments/thesis/staged_evolution/seed_08/fitness_curve.png
   25       203.6       -22.5    0.4082   0.30   0.06    -1.6000  moon               0.8s
   26       280.4        -6.6    0.4075   0.30   0.07    -1.6000  moon               0.9s
   27       214.5         6.6    0.4068   0.31   0.07    -1.6000  moon               1.0s
   28       217.4        61.2    0.4062   0.31   0.07    -1.6000  moon               1.2s
   29       371.7        96.0    0.4057   0.32   0.07    -1.6000  moon               1.5s
  [probe] gen=30 score=-343.7 net=-0.102 fell=1.000 [new best earth]
   30       233.1        16.2    0.4052   0.32   0.07    -1.6000  moon               1.1s
   31       347.9        96.8    0.4048   0.32   0.08    -1.6000  moon               1.4s
   32       366.7        75.8    0.4044   0.33   0.08    -1.6000  moon               1.3s
   33       382.6       117.0    0.4040   0.33   0.08    -1.6000  moon               1.6s
   34       258.7        59.1    0.4035   0.34   0.09    -1.6000  moon               1.4s
   35       323.4        49.3    0.4032   0.34   0.09    -1.6000  moon               1.5s
   36       391.5        96.1    0.4031   0.34   0.09    -1.6000  moon               1.8s
   37       499.6       108.2    0.4029   0.35   0.09    -1.6000  moon               1.8s
   38       361.6       100.3    0.4027   0.35   0.10    -1.6000  moon               1.7s
   39       437.1       137.0    0.4024   0.36   0.10    -1.6000  moon               1.8s
  [probe] gen=40 score=6.2 net=0.932 fell=1.000 [new best earth]
   40       413.1       111.8    0.4021   0.36   0.10    -1.6000  moon               1.9s
   41       326.9       115.1    0.4019   0.36   0.10    -1.6000  moon               1.8s
   42       462.3       127.5    0.4014   0.37   0.10    -1.6000  moon               1.8s
   43       583.6        79.0    0.4011   0.37   0.11    -1.6000  moon               1.7s
   44       445.9        78.0    0.4008   0.38   0.11    -1.6000  moon               1.8s
   45       311.4       148.9    0.4006   0.38   0.11    -1.6000  moon               2.0s
   46       261.1        55.6    0.4003   0.38   0.12    -1.6000  moon               1.9s
   47       264.7        76.8    0.4002   0.39   0.12    -1.6000  moon               2.1s
   48       287.1       101.8    0.4002   0.39   0.12    -1.6000  moon               1.8s
   49       256.0        95.9    0.4001   0.40   0.12    -1.6000  moon               2.0s
  [probe] gen=50 score=-195.4 net=0.065 fell=1.000
  [plot] Saved fitness curve → experiments/thesis/staged_evolution/seed_08/fitness_curve.png
   50       248.4        84.3    0.4000   0.40   0.12    -1.6000  moon               1.7s
   51       264.2       116.0    0.4000   0.40   0.13    -1.6000  moon               1.8s
   52       469.6        86.8    0.3999   0.41   0.13    -1.6000  moon               2.0s
   53       334.9        93.7    0.3999   0.41   0.13    -1.6000  moon               1.7s
   54       388.0       108.4    0.4000   0.42   0.14    -1.6000  moon               2.1s
   55       281.9        87.6    0.3999   0.42   0.14    -1.6000  moon               2.0s
   56       417.8       106.7    0.3998   0.42   0.14    -1.6000  moon               2.2s
   57       474.8       156.4    0.3998   0.43   0.14    -1.6000  moon               2.4s
   58       333.8       120.6    0.3998   0.43   0.14    -1.6000  moon               2.2s
   59       325.8       116.7    0.3997   0.44   0.15    -1.6000  moon               2.3s
  [probe] gen=60 score=-437.1 net=-0.983 fell=1.000
   60       305.7       171.6    0.3998   0.44   0.15    -1.6000  moon               2.2s
   61       414.1       115.0    0.3997   0.44   0.15    -1.6000  moon               2.0s
   62       415.6       165.0    0.3997   0.45   0.15    -1.6000  moon               2.2s
   63       351.1       135.4    0.3996   0.45   0.16    -1.6000  moon               2.2s
   64       363.0       121.9    0.3996   0.46   0.16    -1.6000  moon               2.3s
   65       442.2        90.0    0.3997   0.46   0.16    -1.6000  moon               2.1s
   66       404.3       161.2    0.3999   0.46   0.17    -1.6000  moon               2.6s
   67       470.8       153.2    0.4000   0.47   0.17    -1.6000  moon               2.9s
   68       370.8       179.6    0.4002   0.47   0.17    -1.6000  moon               2.6s
   69       397.3       179.4    0.4003   0.48   0.17    -1.6000  moon               2.6s
  [probe] gen=70 score=-483.1 net=-0.906 fell=1.000
   70       545.3       130.1    0.4003   0.48   0.17    -1.6000  moon               2.3s
   71       388.7       144.8    0.4001   0.48   0.18    -1.6000  moon               2.7s
   72       656.0       207.2    0.3999   0.49   0.18    -1.6000  moon               2.7s
   73       673.2       209.6    0.3996   0.49   0.18    -1.6000  moon               2.8s
   74       965.5       230.3    0.3994   0.50   0.18    -1.6000  moon               2.8s
  [plot] Saved fitness curve → experiments/thesis/staged_evolution/seed_08/fitness_curve.png
   75       853.1       148.8    0.3991   0.50   0.19    -1.6000  moon               2.6s
   76       548.1       132.1    0.3987   0.50   0.19    -1.6000  moon               2.3s
   77       644.9       203.0    0.3985   0.51   0.19    -1.6000  moon               2.4s
   78       690.2       145.1    0.3981   0.51   0.20    -1.6000  moon               2.4s
   79       677.3       158.3    0.3978   0.52   0.20    -1.6000  moon               2.5s
  [probe] gen=80 score=-430.9 net=-0.920 fell=1.000
   80       730.9       218.0    0.3974   0.52   0.20    -1.6000  moon               2.6s
   81       639.2       125.8    0.3972   0.52   0.20    -1.6000  moon               2.3s
   82       930.1       199.8    0.3968   0.53   0.20    -1.6000  moon               2.4s
   83       618.3        93.8    0.3966   0.53   0.21    -1.6000  moon               2.0s
   84       688.0       215.8    0.3963   0.54   0.21    -1.6000  moon               2.3s
   85       939.7       279.8    0.3960   0.54   0.21    -1.6000  moon               2.7s
   86       608.2       182.8    0.3957   0.54   0.21    -1.6000  moon               2.3s
   87      1068.3       189.6    0.3956   0.55   0.22    -1.6000  moon               2.4s
   88       830.0       245.4    0.3955   0.55   0.22    -1.6000  moon               2.3s
   89       731.9       262.0    0.3954   0.56   0.22    -1.6000  moon               2.5s
  [probe] gen=90 score=32.6 net=1.047 fell=1.000 [new best earth]
   90       883.7       265.7    0.3953   0.56   0.23    -1.6000  moon               2.5s
   91      1029.6       316.8    0.3950   0.56   0.23    -1.6000  moon               2.6s
   92      1183.7       320.9    0.3947   0.57   0.23    -1.6000  moon               2.4s
   93       817.5       398.3    0.3944   0.57   0.23    -1.6000  moon               2.7s
   94      1074.5       338.1    0.3939   0.58   0.23    -1.6000  moon               2.7s
   95      1012.7       362.3    0.3932   0.58   0.24    -1.6000  moon               2.5s
   96       963.7       355.4    0.3925   0.58   0.24    -1.6000  moon               2.6s
   97      1292.4       385.0    0.3920   0.59   0.24    -1.6000  moon               2.6s
   98      1185.6       403.9    0.3913   0.59   0.24    -1.6000  moon               2.3s
   99      1056.0       406.1    0.3907   0.60   0.25    -1.6000  moon               2.5s
  [probe] gen=100 score=-4.4 net=0.860 fell=1.000
  [plot] Saved fitness curve → experiments/thesis/staged_evolution/seed_08/fitness_curve.png
  100       957.6       317.4    0.3900   0.60   0.25    -1.6000  moon               2.4s
  101      1205.7       539.0    0.3894   0.60   0.25    -1.6000  moon               2.5s
  102      1151.5       416.4    0.3887   0.61   0.26    -1.6000  moon               2.2s
  103      1128.3       424.8    0.3882   0.61   0.26    -1.6000  moon               2.3s
  104      1338.5       476.6    0.3878   0.62   0.26    -1.6000  moon               2.4s
  105      1111.2       512.0    0.3876   0.62   0.26    -1.6000  moon               2.5s
  106      1101.1       410.1    0.3873   0.62   0.27    -1.6000  moon               2.3s
  107      1124.4       423.5    0.3870   0.63   0.27    -1.6000  moon               2.3s
  108       971.1       392.6    0.3867   0.63   0.27    -1.6000  moon               2.4s
  109      1136.9       504.1    0.3863   0.64   0.27    -1.6000  moon               2.5s
  [probe] gen=110 score=38.4 net=1.070 fell=1.000 [new best earth]
  110       963.7       436.9    0.3860   0.64   0.28    -1.6000  moon               2.3s
  111      1203.4       494.5    0.3856   0.64   0.28    -1.6000  moon               2.2s
  112      1099.4       440.5    0.3852   0.65   0.28    -1.6000  moon               2.3s
  113      1118.8       385.7    0.3848   0.65   0.28    -1.6000  moon               2.1s
  114       978.9       346.3    0.3845   0.66   0.28    -1.6000  moon               2.2s
  115      1173.2       410.3    0.3842   0.66   0.29    -1.6000  moon               2.4s
  116       951.2       480.2    0.3840   0.66   0.29    -1.6000  moon               2.5s
  117      1218.8       519.4    0.3838   0.67   0.29    -1.6000  moon               2.4s
  118      1176.2       313.0    0.3834   0.67   0.29    -1.6000  moon               2.2s
  119       842.3       374.5    0.3829   0.68   0.30    -1.6000  moon               2.2s
  [probe] gen=120 score=29.3 net=1.045 fell=1.000
  120      1089.4       449.1    0.3825   0.68   0.30    -1.6000  moon               2.4s
  121      1044.0       435.1    0.3823   0.68   0.30    -1.6000  moon               2.3s
  122      1107.9       285.4    0.3823   0.69   0.30    -1.6000  moon               2.1s
  123      1003.0       427.0    0.3820   0.69   0.31    -1.6000  moon               2.2s
  124       949.3       438.0    0.3818   0.70   0.31    -1.6000  moon               2.2s
  [plot] Saved fitness curve → experiments/thesis/staged_evolution/seed_08/fitness_curve.png
  125      1037.9       373.9    0.3816   0.70   0.31    -1.6000  moon               2.2s
  126      1084.9       468.8    0.3815   0.70   0.32    -1.6000  moon               2.3s
  127      1134.5       498.9    0.3813   0.71   0.32    -1.6000  moon               2.2s
  128      1003.5       410.7    0.3814   0.71   0.32    -1.6000  moon               2.2s
  129      1087.6       347.4    0.3815   0.72   0.32    -1.6000  moon               2.1s
  [probe] gen=130 score=39.3 net=1.063 fell=1.000 [new best earth]
  130      1178.6       509.6    0.3816   0.72   0.33    -1.6000  moon               2.3s
  131      1126.8       594.8    0.3819   0.72   0.33    -1.6000  moon               2.4s
  132      1119.7       458.0    0.3821   0.73   0.33    -1.6000  moon               2.2s
  133      1048.7       404.8    0.3823   0.73   0.33    -1.6000  moon               2.2s
  134      1120.2       460.1    0.3826   0.74   0.34    -1.6000  moon               2.2s
  135      1062.2       413.2    0.3827   0.74   0.34    -1.6000  moon               2.2s
  136      1221.5       602.6    0.3829   0.74   0.34    -1.6000  moon               2.4s
  137      1544.1       648.4    0.3832   0.75   0.34    -1.6000  moon               2.5s
  138      1011.5       484.4    0.3834   0.75   0.34    -1.6000  moon               2.5s
  139      1199.9       432.1    0.3837   0.76   0.35    -1.6000  moon               2.2s
  [probe] gen=140 score=-229.1 net=-0.204 fell=1.000
  140      1149.8       557.6    0.3842   0.76   0.35    -1.6000  moon               2.4s
  141      1463.5       508.4    0.3846   0.76   0.35    -1.6000  moon               2.3s
  142       964.5       344.5    0.3852   0.77   0.35    -1.6000  moon               2.0s
  143      1207.8       508.9    0.3855   0.77   0.36    -1.6000  moon               2.3s
  144      1146.2       447.5    0.3857   0.78   0.36    -1.6000  moon               2.1s
  145      1492.9       522.1    0.3857   0.78   0.36    -1.6000  moon               2.4s
  146      1436.3       483.1    0.3855   0.78   0.36    -1.6000  moon               2.2s
  147      1451.1       646.9    0.3854   0.79   0.37    -1.6000  moon               2.5s
  148      1222.5       568.6    0.3852   0.79   0.37    -1.6000  moon               2.4s
  149      1397.7       500.5    0.3852   0.80   0.37    -1.6000  moon               2.2s
  [probe] gen=150 score=81.5 net=1.221 fell=1.000 [new best earth]
  [plot] Saved fitness curve → experiments/thesis/staged_evolution/seed_08/fitness_curve.png
  150      1021.0       330.3    0.3851   0.80   0.38    -1.6000  moon               2.0s
  151      1294.2       478.0    0.3850   0.80   0.38    -1.6000  moon               2.1s
  152      1193.4       486.9    0.3850   0.81   0.38    -1.6000  moon               2.2s
  153      1256.1       597.5    0.3851   0.81   0.38    -1.6000  moon               2.4s
  154      1435.6       588.2    0.3853   0.82   0.39    -1.6000  moon               2.3s
  155      1254.0       505.3    0.3852   0.82   0.39    -1.6000  moon               2.2s
  156      1371.8       498.6    0.3853   0.82   0.39    -1.6000  moon               2.3s
  157      1517.7       523.6    0.3854   0.83   0.39    -1.6000  moon               2.1s
  158      1442.9       657.4    0.3854   0.83   0.40    -1.6000  moon               2.4s
  159      1253.4       564.4    0.3854   0.84   0.40    -1.6000  moon               2.3s
  [probe] gen=160 score=42.3 net=1.064 fell=1.000
  160      1166.6       498.1    0.3853   0.84   0.40    -1.6000  moon               2.4s
  161      1079.3       528.5    0.3852   0.84   0.40    -1.6000  moon               2.4s
  162      1270.4       316.8    0.3851   0.85   0.41    -1.6000  moon               1.9s
  163      1315.3       580.1    0.3851   0.85   0.41    -1.6000  moon               2.4s
  164      1236.7       486.8    0.3851   0.86   0.41    -1.6000  moon               2.2s
  165      1321.4       638.7    0.3851   0.86   0.41    -1.6000  moon               2.6s
  166      1217.9       685.6    0.3850   0.86   0.41    -1.6000  moon               2.5s
  [stage] gen=167  gravity -5.00 → -5.00  ES restarted  remaining=332
  167       824.7       318.3    0.5000   0.87   0.42    -5.0000  mid                1.2s
  168       389.8       123.6    0.4903   0.87   0.42    -5.0000  mid                1.1s
  169       631.1        42.2    0.4819   0.88   0.42    -5.0000  mid                1.1s
  [probe] gen=170 score=106.3 net=1.345 fell=1.000 [new best earth]
  170       615.8       102.2    0.4743   0.88   0.42    -5.0000  mid                1.1s
  171       629.7       143.3    0.4675   0.88   0.43    -5.0000  mid                1.0s
  172       670.0       288.5    0.4614   0.89   0.43    -5.0000  mid                1.2s
  173       710.0       316.0    0.4559   0.89   0.43    -5.0000  mid                1.3s
  174       930.6       307.3    0.4508   0.90   0.43    -5.0000  mid                1.3s
  [plot] Saved fitness curve → experiments/thesis/staged_evolution/seed_08/fitness_curve.png
  175       717.2       292.6    0.4459   0.90   0.44    -5.0000  mid                1.3s
  176       769.1       241.7    0.4412   0.90   0.44    -5.0000  mid                1.2s
  177       932.6       371.4    0.4368   0.91   0.44    -5.0000  mid                1.5s
  178      1329.6       439.9    0.4330   0.91   0.45    -5.0000  mid                1.6s
  179      1432.3       346.7    0.4296   0.92   0.45    -5.0000  mid                1.5s
  [probe] gen=180 score=101.7 net=1.304 fell=1.000
  180      1044.6       332.3    0.4266   0.92   0.45    -5.0000  mid                1.6s
  181       791.8       392.3    0.4237   0.92   0.45    -5.0000  mid                1.4s
  182       914.9       378.9    0.4210   0.93   0.46    -5.0000  mid                1.5s
  183       997.8       402.7    0.4184   0.93   0.46    -5.0000  mid                1.6s
  184      1085.5       395.0    0.4161   0.94   0.46    -5.0000  mid                1.5s
  185       866.0       369.0    0.4137   0.94   0.46    -5.0000  mid                1.7s
  186      1105.1       403.4    0.4117   0.94   0.47    -5.0000  mid                1.6s
  187      1507.6       397.4    0.4096   0.95   0.47    -5.0000  mid                1.7s
  188      1225.6       340.4    0.4077   0.95   0.47    -5.0000  mid                1.5s
  189      1197.7       442.5    0.4059   0.96   0.47    -5.0000  mid                1.6s
  [probe] gen=190 score=279.7 net=2.085 fell=1.000 [new best earth]
  190      1274.6       487.6    0.4040   0.96   0.47    -5.0000  mid                1.7s
  191      1088.1       327.0    0.4023   0.96   0.48    -5.0000  mid                1.6s
  192      1042.5       473.1    0.4006   0.97   0.48    -5.0000  mid                1.7s
  193      1232.3       497.1    0.3991   0.97   0.48    -5.0000  mid                1.8s
  194      1446.0       426.7    0.3980   0.98   0.48    -5.0000  mid                1.6s
  195      1136.9       438.1    0.3969   0.98   0.49    -5.0000  mid                1.9s
  196      1047.3       490.8    0.3959   0.98   0.49    -5.0000  mid                1.8s
  197      1476.6       522.0    0.3948   0.99   0.49    -5.0000  mid                1.9s
  198       968.0       449.4    0.3935   0.99   0.49    -5.0000  mid                1.6s
  199      1064.5       472.6    0.3924   1.00   0.50    -5.0000  mid                1.6s
  [probe] gen=200 score=92.6 net=1.301 fell=1.000
  [plot] Saved fitness curve → experiments/thesis/staged_evolution/seed_08/fitness_curve.png
  200      1091.5       512.8    0.3912   1.00   0.50    -5.0000  mid                1.7s
  201      1463.9       546.6    0.3901   1.00   0.50    -5.0000  mid                1.7s
  202      1309.8       514.3    0.3891   1.00   0.50    -5.0000  mid                1.9s
  203      1104.0       480.4    0.3882   1.00   0.50    -5.0000  mid                1.8s
  204       991.8       446.3    0.3873   1.00   0.50    -5.0000  mid                1.6s
  205      1352.8       495.8    0.3864   1.00   0.50    -5.0000  mid                1.6s
  206      1382.8       564.5    0.3856   1.00   0.50    -5.0000  mid                1.8s
  207      1181.9       557.0    0.3848   1.00   0.50    -5.0000  mid                1.7s
  208      1635.7       672.4    0.3840   1.00   0.50    -5.0000  mid                2.0s
  209      1484.0       613.8    0.3833   1.00   0.50    -5.0000  mid                1.7s
  [probe] gen=210 score=264.2 net=1.938 fell=1.000
  210      1281.4       498.6    0.3827   1.00   0.50    -5.0000  mid                1.7s
  211      1374.8       499.2    0.3820   1.00   0.50    -5.0000  mid                1.7s
  212      1176.0       491.0    0.3814   1.00   0.50    -5.0000  mid                1.7s
  213      1340.6       476.6    0.3810   1.00   0.50    -5.0000  mid                1.8s
  214      1435.2       608.9    0.3805   1.00   0.50    -5.0000  mid                1.8s
  215      1184.7       563.4    0.3800   1.00   0.50    -5.0000  mid                1.7s
  216      1598.9       591.2    0.3794   1.00   0.50    -5.0000  mid                1.8s
  217      1188.4       570.2    0.3788   1.00   0.50    -5.0000  mid                1.8s
  218      1254.6       469.5    0.3784   1.00   0.50    -5.0000  mid                1.6s
  219      1551.3       533.4    0.3781   1.00   0.50    -5.0000  mid                1.7s
  [probe] gen=220 score=222.9 net=1.828 fell=1.000
  220      1335.6       422.3    0.3778   1.00   0.50    -5.0000  mid                1.5s
  221      1144.4       524.2    0.3774   1.00   0.50    -5.0000  mid                1.7s
  222      1542.4       570.4    0.3770   1.00   0.50    -5.0000  mid                1.8s
  223      1177.8       518.0    0.3768   1.00   0.50    -5.0000  mid                1.8s
  224      1599.9       539.7    0.3764   1.00   0.50    -5.0000  mid                1.8s
  [plot] Saved fitness curve → experiments/thesis/staged_evolution/seed_08/fitness_curve.png
  225      1546.3       552.5    0.3761   1.00   0.50    -5.0000  mid                1.7s
  226      1203.2       610.6    0.3758   1.00   0.50    -5.0000  mid                1.9s
  227      1292.2       625.1    0.3755   1.00   0.50    -5.0000  mid                2.0s
  228      1512.7       558.5    0.3751   1.00   0.50    -5.0000  mid                1.7s
  229      1195.8       491.2    0.3749   1.00   0.50    -5.0000  mid                1.5s
  [probe] gen=230 score=221.3 net=1.780 fell=1.000
  230      1445.7       577.4    0.3744   1.00   0.50    -5.0000  mid                1.7s
  231      1205.0       526.0    0.3740   1.00   0.50    -5.0000  mid                1.9s
  232      1548.5       540.1    0.3735   1.00   0.50    -5.0000  mid                1.8s
  233      1487.7       588.4    0.3731   1.00   0.50    -5.0000  mid                2.1s
  234      1321.3       495.0    0.3727   1.00   0.50    -5.0000  mid                1.6s
  235      1418.7       594.7    0.3723   1.00   0.50    -5.0000  mid                1.8s
  236      1539.4       523.0    0.3719   1.00   0.50    -5.0000  mid                1.8s
  237      1287.8       544.9    0.3715   1.00   0.50    -5.0000  mid                1.7s
  238      1260.7       624.4    0.3708   1.00   0.50    -5.0000  mid                2.0s
  239      1260.7       607.1    0.3701   1.00   0.50    -5.0000  mid                1.9s
  [probe] gen=240 score=214.4 net=1.772 fell=1.000
  240      1432.8       578.9    0.3695   1.00   0.50    -5.0000  mid                2.0s
  241      1349.3       654.2    0.3689   1.00   0.50    -5.0000  mid                2.0s
  242      1645.9       613.6    0.3683   1.00   0.50    -5.0000  mid                1.9s
  243      1409.0       485.0    0.3677   1.00   0.50    -5.0000  mid                1.7s
  244      1061.5       515.8    0.3670   1.00   0.50    -5.0000  mid                1.7s
  245      1343.5       622.9    0.3663   1.00   0.50    -5.0000  mid                2.0s
  246      1471.7       618.0    0.3657   1.00   0.50    -5.0000  mid                2.0s
  247      1545.6       637.2    0.3652   1.00   0.50    -5.0000  mid                2.0s
  248      1411.7       419.9    0.3648   1.00   0.50    -5.0000  mid                1.8s
  249      1333.9       585.7    0.3643   1.00   0.50    -5.0000  mid                2.0s
  [probe] gen=250 score=217.8 net=1.772 fell=1.000
  [plot] Saved fitness curve → experiments/thesis/staged_evolution/seed_08/fitness_curve.png
  250      1709.2       625.1    0.3636   1.00   0.50    -5.0000  mid                2.0s
  251      1678.5       675.0    0.3630   1.00   0.50    -5.0000  mid                1.9s
  252      1587.1       606.5    0.3623   1.00   0.50    -5.0000  mid                2.1s
  253      1291.1       555.5    0.3617   1.00   0.50    -5.0000  mid                1.6s
  254      1246.3       561.6    0.3611   1.00   0.50    -5.0000  mid                1.8s
  255      1269.3       572.9    0.3605   1.00   0.50    -5.0000  mid                2.0s
  256      1320.0       519.0    0.3600   1.00   0.50    -5.0000  mid                1.8s
  257      1299.9       589.9    0.3596   1.00   0.50    -5.0000  mid                2.0s
  258      1364.5       563.4    0.3593   1.00   0.50    -5.0000  mid                1.9s
  259      1309.6       693.1    0.3589   1.00   0.50    -5.0000  mid                2.1s
  [probe] gen=260 score=301.5 net=2.176 fell=1.000 [new best earth]
  260      1364.8       579.9    0.3587   1.00   0.50    -5.0000  mid                1.9s
  261      1298.2       659.4    0.3585   1.00   0.50    -5.0000  mid                1.9s
  262      1649.5       603.3    0.3584   1.00   0.50    -5.0000  mid                1.9s
  263      1307.7       609.7    0.3583   1.00   0.50    -5.0000  mid                1.9s
  264      1630.5       620.2    0.3582   1.00   0.50    -5.0000  mid                2.0s
  265      1290.4       627.6    0.3581   1.00   0.50    -5.0000  mid                2.0s
  266      1483.2       599.5    0.3580   1.00   0.50    -5.0000  mid                1.9s
  267      1641.2       552.8    0.3580   1.00   0.50    -5.0000  mid                2.1s
  268      1706.1       701.5    0.3579   1.00   0.50    -5.0000  mid                2.0s
  269      1409.4       644.9    0.3578   1.00   0.50    -5.0000  mid                1.9s
  [probe] gen=270 score=270.1 net=2.042 fell=1.000
  270      1403.4       591.3    0.3577   1.00   0.50    -5.0000  mid                2.1s
  271      1783.4       720.4    0.3575   1.00   0.50    -5.0000  mid                2.1s
  272      1984.0       650.9    0.3573   1.00   0.50    -5.0000  mid                2.0s
  273      1732.4       684.5    0.3571   1.00   0.50    -5.0000  mid                2.2s
  274      1535.2       641.3    0.3568   1.00   0.50    -5.0000  mid                1.9s
  [plot] Saved fitness curve → experiments/thesis/staged_evolution/seed_08/fitness_curve.png
  275      1468.5       658.2    0.3565   1.00   0.50    -5.0000  mid                2.0s
  276      1607.4       664.2    0.3562   1.00   0.50    -5.0000  mid                1.9s
  277      1631.7       649.0    0.3560   1.00   0.50    -5.0000  mid                2.1s
  278      1662.2       623.1    0.3555   1.00   0.50    -5.0000  mid                2.1s
  279      1733.0       680.4    0.3551   1.00   0.50    -5.0000  mid                2.4s
  [probe] gen=280 score=183.7 net=1.635 fell=1.000
  280      1808.7       800.6    0.3548   1.00   0.50    -5.0000  mid                2.3s
  281      1827.7       770.6    0.3546   1.00   0.50    -5.0000  mid                2.1s
  282      1608.0       582.7    0.3544   1.00   0.50    -5.0000  mid                2.0s
  283      1588.6       735.5    0.3542   1.00   0.50    -5.0000  mid                2.3s
  284      1642.5       664.4    0.3541   1.00   0.50    -5.0000  mid                1.9s
  285      1765.9       755.4    0.3540   1.00   0.50    -5.0000  mid                2.2s
  286      1609.8       603.2    0.3541   1.00   0.50    -5.0000  mid                1.9s
  287      1555.6       690.0    0.3542   1.00   0.50    -5.0000  mid                2.2s
  288      1642.9       708.6    0.3543   1.00   0.50    -5.0000  mid                2.3s
  289      1774.9       653.4    0.3545   1.00   0.50    -5.0000  mid                2.2s
  [probe] gen=290 score=325.6 net=2.228 fell=1.000 [new best earth]
  290      1622.1       620.4    0.3548   1.00   0.50    -5.0000  mid                2.0s
  291      1407.6       571.4    0.3552   1.00   0.50    -5.0000  mid                1.9s
  292      1424.7       525.9    0.3555   1.00   0.50    -5.0000  mid                1.8s
  293      1488.0       598.0    0.3557   1.00   0.50    -5.0000  mid                2.3s
  294      1920.1       728.2    0.3560   1.00   0.50    -5.0000  mid                2.5s
  295      1579.8       727.6    0.3565   1.00   0.50    -5.0000  mid                2.4s
  296      1556.0       473.0    0.3568   1.00   0.50    -5.0000  mid                1.9s
  297      1607.3       625.2    0.3570   1.00   0.50    -5.0000  mid                2.3s
  298      1691.6       547.7    0.3572   1.00   0.50    -5.0000  mid                2.0s
  299      1730.7       727.5    0.3572   1.00   0.50    -5.0000  mid                2.1s
  [probe] gen=300 score=203.8 net=1.673 fell=1.000
  [plot] Saved fitness curve → experiments/thesis/staged_evolution/seed_08/fitness_curve.png
  300      1857.6       706.3    0.3575   1.00   0.50    -5.0000  mid                2.2s
  301      1660.6       756.6    0.3578   1.00   0.50    -5.0000  mid                2.1s
  302      1656.8       601.4    0.3581   1.00   0.50    -5.0000  mid                2.0s
  303      1765.1       743.2    0.3584   1.00   0.50    -5.0000  mid                2.2s
  304      1736.4       586.8    0.3586   1.00   0.50    -5.0000  mid                2.0s
  305      1848.7       698.9    0.3588   1.00   0.50    -5.0000  mid                2.2s
  306      1600.6       683.8    0.3590   1.00   0.50    -5.0000  mid                2.3s
  307      1621.8       681.0    0.3593   1.00   0.50    -5.0000  mid                2.2s
  308      1946.0       711.4    0.3596   1.00   0.50    -5.0000  mid                2.1s
  309      1801.4       784.8    0.3598   1.00   0.50    -5.0000  mid                2.4s
  [probe] gen=310 score=-7.8 net=0.724 fell=1.000
  310      1442.2       743.2    0.3599   1.00   0.50    -5.0000  mid                2.1s
  311      1376.4       521.1    0.3600   1.00   0.50    -5.0000  mid                1.7s
  312      1847.7       756.3    0.3599   1.00   0.50    -5.0000  mid                2.3s
  313      1859.8       740.9    0.3599   1.00   0.50    -5.0000  mid                2.2s
  314      1865.5       782.5    0.3598   1.00   0.50    -5.0000  mid                2.2s
  315      1683.1       727.1    0.3596   1.00   0.50    -5.0000  mid                2.3s
  316      1564.1       752.5    0.3595   1.00   0.50    -5.0000  mid                2.1s
  317      1631.7       738.2    0.3595   1.00   0.50    -5.0000  mid                2.3s
  318      1563.5       745.2    0.3594   1.00   0.50    -5.0000  mid                2.2s
  319      1356.9       609.4    0.3594   1.00   0.50    -5.0000  mid                2.1s
  [probe] gen=320 score=322.9 net=2.270 fell=1.000
  320      1901.5       874.2    0.3593   1.00   0.50    -5.0000  mid                2.5s
  321      1648.9       737.9    0.3591   1.00   0.50    -5.0000  mid                2.0s
  322      1922.3       772.7    0.3589   1.00   0.50    -5.0000  mid                2.2s
  323      1804.0       717.6    0.3586   1.00   0.50    -5.0000  mid                2.1s
  324      1621.4       706.2    0.3584   1.00   0.50    -5.0000  mid                2.2s
  [plot] Saved fitness curve → experiments/thesis/staged_evolution/seed_08/fitness_curve.png
  325      1680.6       786.9    0.3582   1.00   0.50    -5.0000  mid                2.1s
  326      1628.6       737.3    0.3581   1.00   0.50    -5.0000  mid                2.4s
  327      1652.5       795.1    0.3579   1.00   0.50    -5.0000  mid                2.4s
  328      1687.1       716.2    0.3575   1.00   0.50    -5.0000  mid                2.1s
  329      1734.4       653.6    0.3571   1.00   0.50    -5.0000  mid                2.3s
  [probe] gen=330 score=219.7 net=1.788 fell=1.000
  330      1795.5       661.3    0.3569   1.00   0.50    -5.0000  mid                2.1s
  331      1862.4       876.4    0.3569   1.00   0.50    -5.0000  mid                2.3s
  332      1766.6       832.6    0.3571   1.00   0.50    -5.0000  mid                2.2s
  333      1686.8       729.2    0.3574   1.00   0.50    -5.0000  mid                2.2s
  [stage] gen=334  gravity -9.81 → -9.81  ES restarted  remaining=165
  334       515.0       227.0    0.5000   1.00   0.50    -9.8100  earth              0.9s
  335       491.7       133.0    0.4904   1.00   0.50    -9.8100  earth              0.9s
  336       588.9       191.5    0.4822   1.00   0.50    -9.8100  earth              1.0s
  337       381.3        95.3    0.4748   1.00   0.50    -9.8100  earth              0.9s
  338       587.4       135.0    0.4679   1.00   0.50    -9.8100  earth              1.1s
  339       487.8       117.2    0.4616   1.00   0.50    -9.8100  earth              1.0s
  [probe] gen=340 score=512.9 net=3.279 fell=1.000 [new best earth]
  340       553.1       209.4    0.4558   1.00   0.50    -9.8100  earth              1.0s
  341       559.2       213.0    0.4505   1.00   0.50    -9.8100  earth              1.0s
  342       487.6       272.0    0.4457   1.00   0.50    -9.8100  earth              1.0s
  343       454.4       209.1    0.4412   1.00   0.50    -9.8100  earth              0.9s
  344       589.5       225.4    0.4370   1.00   0.50    -9.8100  earth              1.1s
  345       503.2       233.9    0.4330   1.00   0.50    -9.8100  earth              1.1s
  346       593.8       215.2    0.4293   1.00   0.50    -9.8100  earth              1.0s
  347       880.7       304.5    0.4258   1.00   0.50    -9.8100  earth              1.1s
  348       531.0       260.7    0.4224   1.00   0.50    -9.8100  earth              1.1s
  349       569.1       265.0    0.4192   1.00   0.50    -9.8100  earth              1.1s
  [probe] gen=350 score=486.8 net=2.952 fell=1.000
  [plot] Saved fitness curve → experiments/thesis/staged_evolution/seed_08/fitness_curve.png
  350       571.7       257.1    0.4163   1.00   0.50    -9.8100  earth              1.1s
  351       653.8       295.8    0.4135   1.00   0.50    -9.8100  earth              1.1s
  352       756.1       286.5    0.4109   1.00   0.50    -9.8100  earth              1.1s
  353       526.7       265.9    0.4084   1.00   0.50    -9.8100  earth              1.1s
  354       489.7       214.7    0.4061   1.00   0.50    -9.8100  earth              1.1s
  355       655.7       287.1    0.4039   1.00   0.50    -9.8100  earth              1.1s
  356       566.4       306.2    0.4017   1.00   0.50    -9.8100  earth              1.2s
  357       646.1       295.8    0.3997   1.00   0.50    -9.8100  earth              1.2s
  358       552.0       284.6    0.3976   1.00   0.50    -9.8100  earth              1.2s
  359       548.4       273.5    0.3956   1.00   0.50    -9.8100  earth              1.2s
  [probe] gen=360 score=428.7 net=2.699 fell=1.000
  360       686.6       286.7    0.3939   1.00   0.50    -9.8100  earth              1.3s
  361       758.0       332.0    0.3923   1.00   0.50    -9.8100  earth              1.2s
  362       712.9       315.8    0.3910   1.00   0.50    -9.8100  earth              1.2s
  363       668.7       280.7    0.3898   1.00   0.50    -9.8100  earth              1.2s
  364       642.1       259.8    0.3886   1.00   0.50    -9.8100  earth              1.1s
  365       595.5       303.6    0.3875   1.00   0.50    -9.8100  earth              1.2s
  366       643.2       286.0    0.3865   1.00   0.50    -9.8100  earth              1.1s
  367       655.8       313.9    0.3854   1.00   0.50    -9.8100  earth              1.3s
  368       518.0       289.9    0.3845   1.00   0.50    -9.8100  earth              1.2s
  369       704.8       271.7    0.3836   1.00   0.50    -9.8100  earth              1.2s
  [probe] gen=370 score=507.7 net=3.250 fell=1.000
  370       509.0       280.1    0.3826   1.00   0.50    -9.8100  earth              1.1s
  371       663.8       249.5    0.3816   1.00   0.50    -9.8100  earth              1.1s
  372       650.3       258.2    0.3807   1.00   0.50    -9.8100  earth              1.0s
  373       502.6       316.3    0.3797   1.00   0.50    -9.8100  earth              1.0s
  374       654.8       314.1    0.3788   1.00   0.50    -9.8100  earth              1.1s
  [plot] Saved fitness curve → experiments/thesis/staged_evolution/seed_08/fitness_curve.png
  375       693.1       333.6    0.3779   1.00   0.50    -9.8100  earth              1.1s
  376       578.2       336.5    0.3770   1.00   0.50    -9.8100  earth              1.2s
  377       486.2       267.5    0.3760   1.00   0.50    -9.8100  earth              1.2s
  378       554.2       319.7    0.3751   1.00   0.50    -9.8100  earth              1.1s
  379      1114.2       276.9    0.3743   1.00   0.50    -9.8100  earth              1.1s
  [probe] gen=380 score=587.6 net=3.355 fell=1.000 [new best earth]
  380       587.5       282.5    0.3735   1.00   0.50    -9.8100  earth              1.2s
  381       746.1       358.8    0.3727   1.00   0.50    -9.8100  earth              1.1s
  382       810.6       344.1    0.3719   1.00   0.50    -9.8100  earth              1.2s
  383       578.8       359.5    0.3714   1.00   0.50    -9.8100  earth              1.2s
  384       575.8       358.4    0.3708   1.00   0.50    -9.8100  earth              1.1s
  385       674.5       297.7    0.3702   1.00   0.50    -9.8100  earth              1.1s
  386       754.6       327.4    0.3698   1.00   0.50    -9.8100  earth              1.2s
  387       841.8       391.5    0.3693   1.00   0.50    -9.8100  earth              1.3s
  388       739.4       374.2    0.3687   1.00   0.50    -9.8100  earth              1.2s
  389       665.3       322.3    0.3681   1.00   0.50    -9.8100  earth              1.2s
  [probe] gen=390 score=761.0 net=4.385 fell=1.000 [new best earth]
  390       771.3       361.9    0.3676   1.00   0.50    -9.8100  earth              1.3s
  391       752.8       361.1    0.3670   1.00   0.50    -9.8100  earth              1.2s
  392       695.6       293.0    0.3663   1.00   0.50    -9.8100  earth              1.4s
  393       670.6       298.5    0.3657   1.00   0.50    -9.8100  earth              1.2s
  394       943.6       340.7    0.3650   1.00   0.50    -9.8100  earth              1.3s
  395       714.5       344.9    0.3644   1.00   0.50    -9.8100  earth              1.3s
  396       646.6       301.5    0.3639   1.00   0.50    -9.8100  earth              1.2s
  397       817.2       339.0    0.3634   1.00   0.50    -9.8100  earth              1.3s
  398       666.3       316.9    0.3630   1.00   0.50    -9.8100  earth              1.3s
  399       758.5       298.8    0.3626   1.00   0.50    -9.8100  earth              1.3s
  [probe] gen=400 score=811.2 net=4.027 fell=1.000 [new best earth]
  [plot] Saved fitness curve → experiments/thesis/staged_evolution/seed_08/fitness_curve.png
  400       914.6       363.5    0.3622   1.00   0.50    -9.8100  earth              1.4s
  401       879.5       385.9    0.3618   1.00   0.50    -9.8100  earth              1.4s
  402       761.9       324.1    0.3615   1.00   0.50    -9.8100  earth              1.3s
  403       813.1       334.0    0.3611   1.00   0.50    -9.8100  earth              1.3s
  404       969.7       310.7    0.3608   1.00   0.50    -9.8100  earth              1.3s
  405       846.9       342.6    0.3605   1.00   0.50    -9.8100  earth              1.3s
  406       827.2       309.2    0.3603   1.00   0.50    -9.8100  earth              1.3s
  407       811.0       320.7    0.3599   1.00   0.50    -9.8100  earth              1.4s
  408       745.3       356.7    0.3596   1.00   0.50    -9.8100  earth              1.3s
  409       774.2       255.7    0.3593   1.00   0.50    -9.8100  earth              1.4s
  [probe] gen=410 score=632.5 net=3.470 fell=1.000
  410       733.2       367.4    0.3590   1.00   0.50    -9.8100  earth              1.4s
  411       916.1       397.7    0.3585   1.00   0.50    -9.8100  earth              1.3s
  412      1035.2       350.4    0.3581   1.00   0.50    -9.8100  earth              1.3s
  413       890.5       401.5    0.3577   1.00   0.50    -9.8100  earth              1.4s
  414       810.7       421.8    0.3574   1.00   0.50    -9.8100  earth              1.2s
  415       866.5       323.8    0.3571   1.00   0.50    -9.8100  earth              1.4s
  416       920.2       345.9    0.3567   1.00   0.50    -9.8100  earth              1.3s
  417       864.9       368.9    0.3562   1.00   0.50    -9.8100  earth              1.4s
  418       912.7       381.9    0.3558   1.00   0.50    -9.8100  earth              1.4s
  419       918.8       502.1    0.3554   1.00   0.50    -9.8100  earth              1.6s
  [probe] gen=420 score=942.2 net=4.986 fell=1.000 [new best earth]
  420      1054.8       444.4    0.3550   1.00   0.50    -9.8100  earth              1.6s
  421      1166.3       374.7    0.3548   1.00   0.50    -9.8100  earth              1.6s
  422       992.5       419.0    0.3544   1.00   0.50    -9.8100  earth              1.4s
  423      1327.4       431.3    0.3540   1.00   0.50    -9.8100  earth              1.7s
  424       948.4       385.0    0.3535   1.00   0.50    -9.8100  earth              1.4s
  [plot] Saved fitness curve → experiments/thesis/staged_evolution/seed_08/fitness_curve.png
  425      1452.5       410.8    0.3529   1.00   0.50    -9.8100  earth              1.6s
  426      1068.3       347.0    0.3522   1.00   0.50    -9.8100  earth              1.3s
  427       944.3       456.0    0.3518   1.00   0.50    -9.8100  earth              1.7s
  428      1020.7       352.1    0.3512   1.00   0.50    -9.8100  earth              1.4s
  429       871.5       405.4    0.3507   1.00   0.50    -9.8100  earth              1.4s
  [probe] gen=430 score=835.7 net=4.247 fell=1.000
  430       877.5       359.9    0.3502   1.00   0.50    -9.8100  earth              1.4s
  431       828.4       358.5    0.3495   1.00   0.50    -9.8100  earth              1.2s
  432       890.8       401.6    0.3489   1.00   0.50    -9.8100  earth              1.4s
  433       962.1       446.0    0.3485   1.00   0.50    -9.8100  earth              1.4s
  434      1142.3       447.0    0.3481   1.00   0.50    -9.8100  earth              1.8s
  435      1027.5       389.1    0.3479   1.00   0.50    -9.8100  earth              1.3s
  436      1202.2       377.9    0.3476   1.00   0.50    -9.8100  earth              1.3s
  437      1001.0       365.1    0.3474   1.00   0.50    -9.8100  earth              1.5s
  438      1225.8       429.8    0.3472   1.00   0.50    -9.8100  earth              1.6s
  439       874.1       322.9    0.3469   1.00   0.50    -9.8100  earth              1.5s
  [probe] gen=440 score=1160.5 net=5.439 fell=0.800 [new best earth]
  440      1155.7       378.3    0.3466   1.00   0.50    -9.8100  earth              1.5s
  441       806.9       346.6    0.3462   1.00   0.50    -9.8100  earth              1.4s
  442       928.3       414.3    0.3457   1.00   0.50    -9.8100  earth              1.5s
  443      1005.5       310.4    0.3453   1.00   0.50    -9.8100  earth              1.5s
  444       989.7       376.6    0.3448   1.00   0.50    -9.8100  earth              1.5s
  445       937.0       330.0    0.3443   1.00   0.50    -9.8100  earth              1.6s
  446       975.5       373.1    0.3440   1.00   0.50    -9.8100  earth              1.7s
  447       969.4       424.8    0.3436   1.00   0.50    -9.8100  earth              1.7s
  448       877.7       366.7    0.3432   1.00   0.50    -9.8100  earth              1.6s
  449       962.4       396.1    0.3427   1.00   0.50    -9.8100  earth              1.9s
  [probe] gen=450 score=890.2 net=4.477 fell=1.000
  [plot] Saved fitness curve → experiments/thesis/staged_evolution/seed_08/fitness_curve.png
  450       969.3       422.8    0.3422   1.00   0.50    -9.8100  earth              1.6s
  451      1023.2       405.1    0.3418   1.00   0.50    -9.8100  earth              1.5s
  452      1040.3       424.7    0.3413   1.00   0.50    -9.8100  earth              1.6s
  453      1082.6       439.9    0.3410   1.00   0.50    -9.8100  earth              1.6s
  454      1165.0       395.8    0.3407   1.00   0.50    -9.8100  earth              1.7s
  455      1024.3       407.7    0.3402   1.00   0.50    -9.8100  earth              1.8s
  456      1014.7       405.4    0.3397   1.00   0.50    -9.8100  earth              1.8s
  457       962.4       397.8    0.3392   1.00   0.50    -9.8100  earth              1.8s
  458       961.0       355.8    0.3386   1.00   0.50    -9.8100  earth              1.7s
  459      1133.1       402.2    0.3381   1.00   0.50    -9.8100  earth              1.8s
  [probe] gen=460 score=854.9 net=4.156 fell=1.000
  460       879.6       299.2    0.3377   1.00   0.50    -9.8100  earth              1.6s
  461      1002.0       398.5    0.3372   1.00   0.50    -9.8100  earth              1.6s
  462      1034.7       436.5    0.3368   1.00   0.50    -9.8100  earth              2.0s
  463      1081.6       321.8    0.3365   1.00   0.50    -9.8100  earth              1.7s
  464      1139.4       490.9    0.3362   1.00   0.50    -9.8100  earth              2.3s
  465      1109.0       395.9    0.3361   1.00   0.50    -9.8100  earth              2.0s
  466      1131.4       321.0    0.3359   1.00   0.50    -9.8100  earth              1.8s
  467      1183.0       440.9    0.3358   1.00   0.50    -9.8100  earth              1.9s
  468      1215.9       468.0    0.3356   1.00   0.50    -9.8100  earth              2.1s
  469      1121.2       416.8    0.3355   1.00   0.50    -9.8100  earth              1.9s
  [probe] gen=470 score=1010.8 net=4.603 fell=0.300
  470       989.8       308.5    0.3354   1.00   0.50    -9.8100  earth              1.7s
  471      1234.7       411.4    0.3351   1.00   0.50    -9.8100  earth              1.7s
  472      1316.9       500.4    0.3350   1.00   0.50    -9.8100  earth              1.8s
  473      1192.4       526.1    0.3349   1.00   0.50    -9.8100  earth              1.9s
  474      1148.2       412.9    0.3349   1.00   0.50    -9.8100  earth              1.8s
  [plot] Saved fitness curve → experiments/thesis/staged_evolution/seed_08/fitness_curve.png
  475       939.5       370.1    0.3349   1.00   0.50    -9.8100  earth              1.7s
  476      1121.0       353.5    0.3349   1.00   0.50    -9.8100  earth              1.7s
  477      1129.1       406.7    0.3348   1.00   0.50    -9.8100  earth              1.8s
  478      1202.5       354.7    0.3346   1.00   0.50    -9.8100  earth              1.5s
  479      1148.3       454.7    0.3343   1.00   0.50    -9.8100  earth              1.8s
  [probe] gen=480 score=1160.9 net=5.631 fell=1.000 [new best earth]
  480      1194.0       469.9    0.3339   1.00   0.50    -9.8100  earth              1.6s
  481       682.5       312.4    0.3335   1.00   0.50    -9.8100  earth              1.3s
  482      1092.4       379.5    0.3333   1.00   0.50    -9.8100  earth              1.6s
  483      1197.7       325.0    0.3330   1.00   0.50    -9.8100  earth              1.7s
  484      1300.8       319.7    0.3327   1.00   0.50    -9.8100  earth              1.6s
  485      1030.9       315.1    0.3325   1.00   0.50    -9.8100  earth              1.7s
  486      1148.6       392.2    0.3322   1.00   0.50    -9.8100  earth              1.9s
  487      1098.5       386.5    0.3319   1.00   0.50    -9.8100  earth              1.6s
  488      1252.4       434.7    0.3315   1.00   0.50    -9.8100  earth              1.8s
  489       845.8       355.2    0.3310   1.00   0.50    -9.8100  earth              1.6s
  [probe] gen=490 score=1167.1 net=5.623 fell=0.900 [new best earth]
  490      1401.5       360.8    0.3306   1.00   0.50    -9.8100  earth              1.6s
  491      1179.7       441.1    0.3304   1.00   0.50    -9.8100  earth              1.6s
  492       986.1       359.0    0.3303   1.00   0.50    -9.8100  earth              1.4s
  493       944.5       374.6    0.3302   1.00   0.50    -9.8100  earth              1.4s
  494      1025.9       416.9    0.3301   1.00   0.50    -9.8100  earth              1.6s
  495      1091.7       394.1    0.3299   1.00   0.50    -9.8100  earth              1.7s
  496      1171.5       341.4    0.3299   1.00   0.50    -9.8100  earth              1.6s
  497      1173.2       393.0    0.3298   1.00   0.50    -9.8100  earth              1.7s
  498      1027.7       379.9    0.3297   1.00   0.50    -9.8100  earth              1.8s
  499      1256.2       459.0    0.3297   1.00   0.50    -9.8100  earth              1.9s
  [plot] Saved fitness curve → experiments/thesis/staged_evolution/seed_08/fitness_curve.png

Training complete. Best fitness: 1984.0
Best params → experiments/thesis/staged_evolution/seed_08/checkpoints/best_params.npy
Fitness curve → experiments/thesis/staged_evolution/seed_08/fitness_curve.png
Eval params  → best_earth_params (earth probe score: 1167.1)
Final Earth scorecard | score=1185.7 net=5.684 fell=0.900
Gravity sweep | gravities=5 mean_net=4.544 worst_net=1.940
  [exp] Wrote experiments/thesis/staged_evolution/seed_08/experiment.json
  [exp] Wrote experiments/thesis/staged_evolution/seed_08/training_log.csv
  [exp] Wrote experiments/thesis/staged_evolution/seed_08/earth_probe.csv
  [exp] Wrote experiments/thesis/staged_evolution/seed_08/gravity_sweep.csv
  [exp] Wrote experiments/thesis/staged_evolution/seed_08/summary.json
