Walker2d-v5 | policy=CPG  params=504
Curriculum   : GradualTransition  gravity -1.6 → -9.81  warmup=20%
Run context | seed=3 arm=gradual_transition run_id=gradual_transition_seed_03

Schedule | penalty_min=0.20 penalty_ramp_gen=200 corr_min=0.00 corr_max=0.50 corr_ramp_gen=200

Starting CMA-ES | pop=40 | sigma0=0.5 | max_gen=500 | workers=8 | seed=3
Checkpoints → experiments/thesis/gradual_transition/seed_03/checkpoints/

  Gen        Best        Mean     Sigma    Pen   Corr    Gravity  Phase              Time
------------------------------------------------------------------------------------
  [probe] gen=0 score=-368.2 net=-0.083 fell=1.000 [new best earth]
  [plot] Saved fitness curve → experiments/thesis/gradual_transition/seed_03/fitness_curve.png
    0        21.0       -74.5    0.4903   0.20   0.00    -1.6000  warmup             1.5s
    1       -53.1       -72.9    0.4820   0.20   0.00    -1.6000  warmup             0.2s
    2       -46.3       -72.7    0.4746   0.21   0.01    -1.6000  warmup             0.2s
    3       -49.7       -70.1    0.4680   0.21   0.01    -1.6000  warmup             0.3s
    4       -33.3       -71.5    0.4621   0.22   0.01    -1.6000  warmup             0.2s
    5       -36.9       -71.2    0.4568   0.22   0.01    -1.6000  warmup             0.2s
    6       -45.8       -70.3    0.4519   0.22   0.01    -1.6000  warmup             0.3s
    7       -43.5       -76.3    0.4475   0.23   0.02    -1.6000  warmup             0.2s
    8       -55.9       -75.8    0.4436   0.23   0.02    -1.6000  warmup             0.2s
    9       -50.2       -67.7    0.4399   0.24   0.02    -1.6000  warmup             0.3s
  [probe] gen=10 score=-365.9 net=-0.114 fell=1.000 [new best earth]
   10       -58.7       -77.4    0.4363   0.24   0.03    -1.6000  warmup             0.2s
   11       -55.9       -77.6    0.4333   0.24   0.03    -1.6000  warmup             0.2s
   12       -48.6       -73.3    0.4303   0.25   0.03    -1.6000  warmup             0.3s
   13       -50.5       -76.2    0.4275   0.25   0.03    -1.6000  warmup             0.3s
   14       -25.8       -76.9    0.4249   0.26   0.04    -1.6000  warmup             0.3s
   15       -41.7       -83.7    0.4224   0.26   0.04    -1.6000  warmup             0.3s
   16       -41.7       -78.2    0.4200   0.26   0.04    -1.6000  warmup             0.3s
   17       -51.6       -82.3    0.4178   0.27   0.04    -1.6000  warmup             0.3s
   18       -34.5       -83.5    0.4157   0.27   0.04    -1.6000  warmup             0.3s
   19       -32.0       -82.8    0.4138   0.28   0.05    -1.6000  warmup             0.3s
  [probe] gen=20 score=-383.8 net=-0.157 fell=1.000
   20       -17.7       -86.2    0.4121   0.28   0.05    -1.6000  warmup             0.3s
   21       -36.5       -94.8    0.4104   0.28   0.05    -1.6000  warmup             0.3s
   22       -12.7       -81.7    0.4087   0.29   0.06    -1.6000  warmup             0.3s
   23       -40.7       -88.5    0.4069   0.29   0.06    -1.6000  warmup             0.3s
   24       -15.2       -81.5    0.4052   0.30   0.06    -1.6000  warmup             0.4s
  [plot] Saved fitness curve → experiments/thesis/gradual_transition/seed_03/fitness_curve.png
   25        31.2       -78.9    0.4039   0.30   0.06    -1.6000  warmup             0.5s
   26        63.0       -69.8    0.4027   0.30   0.07    -1.6000  warmup             0.5s
   27       232.2       -63.6    0.4015   0.31   0.07    -1.6000  warmup             0.6s
   28        32.8       -66.6    0.4005   0.31   0.07    -1.6000  warmup             0.6s
   29       170.4       -68.4    0.3993   0.32   0.07    -1.6000  warmup             0.6s
  [probe] gen=30 score=-420.5 net=-0.607 fell=1.000
   30       203.8       -48.6    0.3981   0.32   0.07    -1.6000  warmup             0.7s
   31       354.9       -34.3    0.3971   0.32   0.08    -1.6000  warmup             0.8s
   32       298.0         0.8    0.3961   0.33   0.08    -1.6000  warmup             0.9s
   33       303.1         2.6    0.3953   0.33   0.08    -1.6000  warmup             1.1s
   34       281.5        49.2    0.3947   0.34   0.09    -1.6000  warmup             1.2s
   35       434.0        68.5    0.3941   0.34   0.09    -1.6000  warmup             1.3s
   36       408.4        83.1    0.3935   0.34   0.09    -1.6000  warmup             1.4s
   37       282.6        69.2    0.3929   0.35   0.09    -1.6000  warmup             1.5s
   38       356.2       113.5    0.3923   0.35   0.10    -1.6000  warmup             1.4s
   39       336.1        80.0    0.3917   0.36   0.10    -1.6000  warmup             1.5s
  [probe] gen=40 score=-332.6 net=-0.122 fell=1.000 [new best earth]
   40       549.8       115.2    0.3910   0.36   0.10    -1.6000  warmup             1.5s
   41       476.4        66.2    0.3904   0.36   0.10    -1.6000  warmup             1.3s
   42       598.3       149.1    0.3899   0.37   0.10    -1.6000  warmup             1.5s
   43       373.3       120.8    0.3895   0.37   0.11    -1.6000  warmup             1.6s
   44       593.0       113.0    0.3893   0.38   0.11    -1.6000  warmup             1.6s
   45       320.4       123.5    0.3890   0.38   0.11    -1.6000  warmup             1.7s
   46       522.0        97.4    0.3888   0.38   0.12    -1.6000  warmup             1.8s
   47       374.0        96.6    0.3887   0.39   0.12    -1.6000  warmup             1.6s
   48       366.4        66.8    0.3884   0.39   0.12    -1.6000  warmup             1.6s
   49       470.1       132.9    0.3881   0.40   0.12    -1.6000  warmup             1.7s
  [probe] gen=50 score=-331.2 net=-0.123 fell=1.000 [new best earth]
  [plot] Saved fitness curve → experiments/thesis/gradual_transition/seed_03/fitness_curve.png
   50       474.2       157.1    0.3878   0.40   0.12    -1.6000  warmup             1.9s
   51       454.9       152.5    0.3876   0.40   0.13    -1.6000  warmup             1.7s
   52       679.8       136.1    0.3874   0.41   0.13    -1.6000  warmup             1.7s
   53       499.6       121.9    0.3873   0.41   0.13    -1.6000  warmup             1.7s
   54       574.3       154.5    0.3872   0.42   0.14    -1.6000  warmup             1.7s
   55       419.3       115.5    0.3871   0.42   0.14    -1.6000  warmup             1.7s
   56       366.1       146.7    0.3871   0.42   0.14    -1.6000  warmup             1.8s
   57       552.5       106.2    0.3871   0.43   0.14    -1.6000  warmup             1.7s
   58       522.7       203.3    0.3869   0.43   0.14    -1.6000  warmup             1.8s
   59       440.1       136.6    0.3867   0.44   0.15    -1.6000  warmup             1.7s
  [probe] gen=60 score=-114.7 net=0.333 fell=1.000 [new best earth]
   60       586.7       152.5    0.3866   0.44   0.15    -1.6000  warmup             1.8s
   61       683.6       155.1    0.3867   0.44   0.15    -1.6000  warmup             1.9s
   62       530.0       138.5    0.3867   0.45   0.15    -1.6000  warmup             1.9s
   63       564.2       145.0    0.3867   0.45   0.16    -1.6000  warmup             1.9s
   64       630.0       182.0    0.3869   0.46   0.16    -1.6000  warmup             1.9s
   65       608.0       169.0    0.3869   0.46   0.16    -1.6000  warmup             1.9s
   66       483.1       134.1    0.3871   0.46   0.17    -1.6000  warmup             1.9s
   67       524.4       144.1    0.3874   0.47   0.17    -1.6000  warmup             1.9s
   68       573.1       178.7    0.3877   0.47   0.17    -1.6000  warmup             1.9s
   69       683.8       164.2    0.3880   0.48   0.17    -1.6000  warmup             1.8s
  [probe] gen=70 score=5.9 net=0.771 fell=1.000 [new best earth]
   70       551.2       187.0    0.3884   0.48   0.17    -1.6000  warmup             1.8s
   71       678.0       234.0    0.3887   0.48   0.18    -1.6000  warmup             1.9s
   72       495.1       126.3    0.3890   0.49   0.18    -1.6000  warmup             1.7s
   73       560.5       157.4    0.3894   0.49   0.18    -1.6000  warmup             2.0s
   74       459.1       163.1    0.3899   0.50   0.18    -1.6000  warmup             1.9s
  [plot] Saved fitness curve → experiments/thesis/gradual_transition/seed_03/fitness_curve.png
   75       701.5       172.6    0.3905   0.50   0.19    -1.6000  warmup             2.0s
   76       453.6       180.1    0.3911   0.50   0.19    -1.6000  warmup             1.9s
   77       568.9       203.8    0.3918   0.51   0.19    -1.6000  warmup             1.8s
   78       745.2       194.8    0.3924   0.51   0.20    -1.6000  warmup             1.9s
   79       509.8       154.0    0.3930   0.52   0.20    -1.6000  warmup             1.9s
  [probe] gen=80 score=-154.1 net=0.100 fell=1.000
   80       495.6       140.4    0.3936   0.52   0.20    -1.6000  warmup             1.9s
   81       629.7       202.1    0.3940   0.52   0.20    -1.6000  warmup             1.9s
   82       554.6       154.9    0.3946   0.53   0.20    -1.6000  warmup             1.7s
   83       553.2       166.2    0.3950   0.53   0.21    -1.6000  warmup             1.9s
   84       651.3       159.8    0.3955   0.54   0.21    -1.6000  warmup             1.8s
   85       689.5       223.2    0.3959   0.54   0.21    -1.6000  warmup             1.8s
   86       671.9       162.6    0.3962   0.54   0.21    -1.6000  warmup             1.7s
   87       613.9       191.4    0.3965   0.55   0.22    -1.6000  warmup             1.8s
   88       700.8       213.8    0.3967   0.55   0.22    -1.6000  warmup             1.8s
   89       650.3       142.1    0.3970   0.56   0.22    -1.6000  warmup             1.7s
  [probe] gen=90 score=44.0 net=1.069 fell=1.000 [new best earth]
   90       585.1       221.6    0.3973   0.56   0.23    -1.6000  warmup             1.8s
   91       650.6        85.5    0.3977   0.56   0.23    -1.6000  warmup             1.6s
   92       829.7       217.4    0.3983   0.57   0.23    -1.6000  warmup             1.7s
   93       774.5       247.6    0.3989   0.57   0.23    -1.6000  warmup             1.9s
   94       877.6       106.3    0.3996   0.58   0.23    -1.6000  warmup             1.5s
   95       675.4       240.3    0.4000   0.58   0.24    -1.6000  warmup             1.9s
   96       985.3       282.4    0.4004   0.58   0.24    -1.6000  warmup             2.1s
   97       645.7       191.6    0.4009   0.59   0.24    -1.6000  warmup             1.9s
   98       648.0       142.8    0.4013   0.59   0.24    -1.6000  warmup             1.8s
   99       716.4       191.6    0.4018   0.60   0.25    -1.6000  warmup             1.9s
  [probe] gen=100 score=-22.7 net=0.784 fell=1.000
  [plot] Saved fitness curve → experiments/thesis/gradual_transition/seed_03/fitness_curve.png
  100       628.8       199.5    0.4021   0.60   0.25    -1.6000  warmup             1.8s
  101       728.7       284.0    0.4025   0.60   0.25    -1.6205  ramp 0%            2.0s
  102       643.9       269.9    0.4029   0.61   0.26    -1.6411  ramp 0%            2.0s
  103       622.5       250.6    0.4031   0.61   0.26    -1.6616  ramp 0%            2.4s
  104       731.7       200.8    0.4031   0.62   0.26    -1.6821  ramp 1%            2.2s
  105       493.5       174.7    0.4031   0.62   0.26    -1.7026  ramp 1%            1.7s
  106       682.0       292.0    0.4030   0.62   0.27    -1.7232  ramp 1%            2.1s
  107       963.1       292.7    0.4028   0.63   0.27    -1.7437  ramp 1%            2.1s
  108       657.9       295.1    0.4027   0.63   0.27    -1.7642  ramp 2%            2.0s
  109      1006.7       298.0    0.4026   0.64   0.27    -1.7847  ramp 2%            1.9s
  [probe] gen=110 score=25.7 net=1.020 fell=1.000
  110      1021.9       293.4    0.4025   0.64   0.28    -1.8053  ramp 2%            2.0s
  111       888.0       292.5    0.4024   0.64   0.28    -1.8258  ramp 2%            1.9s
  112       888.4       203.3    0.4023   0.65   0.28    -1.8463  ramp 3%            1.7s
  113      1023.4       282.9    0.4021   0.65   0.28    -1.8668  ramp 3%            1.8s
  114       755.3       252.9    0.4019   0.66   0.28    -1.8874  ramp 3%            1.8s
  115       816.2       142.9    0.4018   0.66   0.29    -1.9079  ramp 3%            1.8s
  116       960.3       289.0    0.4016   0.66   0.29    -1.9284  ramp 4%            1.9s
  117       854.8       267.2    0.4014   0.67   0.29    -1.9489  ramp 4%            1.8s
  118       701.6       254.0    0.4014   0.67   0.29    -1.9695  ramp 4%            1.9s
  119       734.7       191.2    0.4016   0.68   0.30    -1.9900  ramp 4%            1.6s
  [probe] gen=120 score=4.9 net=0.844 fell=1.000
  120       934.5       205.0    0.4017   0.68   0.30    -2.0105  ramp 5%            1.7s
  121       729.3       212.3    0.4018   0.68   0.30    -2.0310  ramp 5%            1.5s
  122      1175.6       231.6    0.4016   0.69   0.30    -2.0516  ramp 5%            1.7s
  123       691.5       203.2    0.4014   0.69   0.31    -2.0721  ramp 5%            1.7s
  124      1187.0       222.3    0.4009   0.70   0.31    -2.0926  ramp 6%            1.9s
  [plot] Saved fitness curve → experiments/thesis/gradual_transition/seed_03/fitness_curve.png
  125       973.1       221.4    0.4004   0.70   0.31    -2.1131  ramp 6%            1.7s
  126       698.0       136.3    0.3998   0.70   0.32    -2.1337  ramp 6%            1.5s
  127       602.1       161.6    0.3994   0.71   0.32    -2.1542  ramp 6%            1.6s
  128       976.2       151.9    0.3990   0.71   0.32    -2.1747  ramp 7%            1.5s
  129       713.7       212.6    0.3987   0.72   0.32    -2.1952  ramp 7%            1.7s
  [probe] gen=130 score=42.1 net=0.808 fell=1.000
  130       964.4       150.3    0.3982   0.72   0.33    -2.2157  ramp 7%            1.5s
  131      1237.7       367.6    0.3978   0.72   0.33    -2.2363  ramp 7%            1.7s
  132      1002.6       196.8    0.3973   0.73   0.33    -2.2568  ramp 8%            1.7s
  133       864.4       259.4    0.3970   0.73   0.33    -2.2773  ramp 8%            1.7s
  134       860.9       280.2    0.3965   0.74   0.34    -2.2979  ramp 8%            1.8s
  135       715.9       208.6    0.3960   0.74   0.34    -2.3184  ramp 8%            1.7s
  136       631.2       226.0    0.3956   0.74   0.34    -2.3389  ramp 9%            1.6s
  137       720.9       173.5    0.3951   0.75   0.34    -2.3594  ramp 9%            1.6s
  138       952.1       236.1    0.3947   0.75   0.34    -2.3800  ramp 9%            1.7s
  139       747.1       168.9    0.3940   0.76   0.35    -2.4005  ramp 9%            1.5s
  [probe] gen=140 score=20.6 net=0.990 fell=1.000
  140      1328.3       252.3    0.3935   0.76   0.35    -2.4210  ramp 10%           1.8s
  141      1159.6       131.2    0.3928   0.76   0.35    -2.4415  ramp 10%           1.5s
  142       785.1       108.9    0.3920   0.77   0.35    -2.4621  ramp 10%           1.5s
  143       571.7       198.4    0.3914   0.77   0.36    -2.4826  ramp 10%           1.5s
  144       718.8       191.9    0.3908   0.78   0.36    -2.5031  ramp 11%           1.5s
  145       867.7       189.8    0.3903   0.78   0.36    -2.5236  ramp 11%           1.6s
  146       834.3       206.4    0.3897   0.78   0.36    -2.5442  ramp 11%           1.7s
  147       759.7       280.0    0.3894   0.79   0.37    -2.5647  ramp 11%           1.7s
  148       834.6       341.0    0.3891   0.79   0.37    -2.5852  ramp 12%           1.8s
  149       800.8       253.2    0.3888   0.80   0.37    -2.6057  ramp 12%           1.7s
  [probe] gen=150 score=44.8 net=1.042 fell=1.000 [new best earth]
  [plot] Saved fitness curve → experiments/thesis/gradual_transition/seed_03/fitness_curve.png
  150       631.5       271.1    0.3884   0.80   0.38    -2.6263  ramp 12%           1.7s
  151       753.4       335.0    0.3881   0.80   0.38    -2.6468  ramp 12%           1.7s
  152       722.0       265.1    0.3879   0.81   0.38    -2.6673  ramp 13%           1.8s
  153       886.5       253.2    0.3878   0.81   0.38    -2.6878  ramp 13%           1.7s
  154       791.9       284.3    0.3878   0.82   0.39    -2.7084  ramp 13%           1.8s
  155       875.0       108.1    0.3879   0.82   0.39    -2.7289  ramp 13%           1.4s
  156      1110.5       258.3    0.3878   0.82   0.39    -2.7494  ramp 14%           1.7s
  157       654.5       238.1    0.3878   0.83   0.39    -2.7699  ramp 14%           1.6s
  158       910.1       332.5    0.3877   0.83   0.40    -2.7904  ramp 14%           1.7s
  159       897.3       344.3    0.3876   0.84   0.40    -2.8110  ramp 14%           1.7s
  [probe] gen=160 score=12.4 net=0.774 fell=1.000
  160       670.7       287.0    0.3875   0.84   0.40    -2.8315  ramp 15%           1.6s
  161       755.7       349.0    0.3875   0.84   0.40    -2.8520  ramp 15%           1.7s
  162       861.4       235.3    0.3875   0.85   0.41    -2.8726  ramp 15%           1.6s
  163       857.1       219.5    0.3874   0.85   0.41    -2.8931  ramp 15%           1.6s
  164       891.4       219.6    0.3874   0.86   0.41    -2.9136  ramp 16%           1.7s
  165       730.1       269.9    0.3871   0.86   0.41    -2.9341  ramp 16%           1.7s
  166       775.9       201.5    0.3867   0.86   0.41    -2.9546  ramp 16%           1.6s
  167       684.2       161.4    0.3864   0.87   0.42    -2.9752  ramp 16%           1.5s
  168       891.9       122.8    0.3862   0.87   0.42    -2.9957  ramp 17%           1.5s
  169       804.8       134.2    0.3861   0.88   0.42    -3.0162  ramp 17%           1.5s
  [probe] gen=170 score=-250.3 net=-0.286 fell=1.000
  170       806.1       123.6    0.3859   0.88   0.42    -3.0368  ramp 17%           1.4s
  171       854.7       139.7    0.3859   0.88   0.43    -3.0573  ramp 17%           1.4s
  172       801.1       182.0    0.3857   0.89   0.43    -3.0778  ramp 18%           1.5s
  173       671.8       145.1    0.3855   0.89   0.43    -3.0983  ramp 18%           1.5s
  174       793.5       213.5    0.3853   0.90   0.43    -3.1189  ramp 18%           1.5s
  [plot] Saved fitness curve → experiments/thesis/gradual_transition/seed_03/fitness_curve.png
  175       709.0       181.8    0.3851   0.90   0.44    -3.1394  ramp 18%           1.6s
  176       881.5       317.9    0.3848   0.90   0.44    -3.1599  ramp 19%           1.7s
  177       673.1       275.5    0.3846   0.91   0.44    -3.1804  ramp 19%           1.6s
  178       745.4       280.4    0.3846   0.91   0.45    -3.2010  ramp 19%           1.8s
  179       799.4       269.1    0.3845   0.92   0.45    -3.2215  ramp 19%           1.7s
  [probe] gen=180 score=-265.3 net=-0.414 fell=1.000
  180       724.4       222.3    0.3845   0.92   0.45    -3.2420  ramp 20%           1.6s
  181       825.0       246.8    0.3845   0.92   0.45    -3.2625  ramp 20%           1.5s
  182       817.0       250.5    0.3846   0.93   0.46    -3.2831  ramp 20%           1.6s
  183      1024.7       259.2    0.3847   0.93   0.46    -3.3036  ramp 20%           1.6s
  184       811.3       286.9    0.3849   0.94   0.46    -3.3241  ramp 21%           1.5s
  185       886.4       349.4    0.3849   0.94   0.46    -3.3446  ramp 21%           1.7s
  186      1068.7       437.4    0.3851   0.94   0.47    -3.3652  ramp 21%           1.8s
  187       682.3       319.3    0.3852   0.95   0.47    -3.3857  ramp 21%           1.6s
  188       975.9       373.4    0.3853   0.95   0.47    -3.4062  ramp 22%           1.7s
  189       861.3       378.3    0.3855   0.96   0.47    -3.4267  ramp 22%           1.7s
  [probe] gen=190 score=-211.9 net=-0.117 fell=1.000
  190      1068.6       396.1    0.3855   0.96   0.47    -3.4473  ramp 22%           1.7s
  191       933.4       389.5    0.3856   0.96   0.48    -3.4678  ramp 22%           1.7s
  192      1047.2       481.3    0.3856   0.97   0.48    -3.4883  ramp 23%           1.8s
  193       969.1       423.2    0.3856   0.97   0.48    -3.5088  ramp 23%           1.7s
  194       967.4       368.9    0.3857   0.98   0.48    -3.5293  ramp 23%           1.7s
  195      1104.0       366.7    0.3860   0.98   0.49    -3.5499  ramp 23%           1.7s
  196       827.1       377.8    0.3863   0.98   0.49    -3.5704  ramp 24%           1.6s
  197       994.3       410.1    0.3865   0.99   0.49    -3.5909  ramp 24%           1.7s
  198       912.1       386.5    0.3866   0.99   0.49    -3.6115  ramp 24%           1.7s
  199       877.7       280.4    0.3868   1.00   0.50    -3.6320  ramp 24%           1.5s
  [probe] gen=200 score=26.1 net=0.910 fell=1.000
  [plot] Saved fitness curve → experiments/thesis/gradual_transition/seed_03/fitness_curve.png
  200       918.8       375.2    0.3871   1.00   0.50    -3.6525  ramp 25%           1.6s
  201      1301.3       390.0    0.3874   1.00   0.50    -3.6730  ramp 25%           1.6s
  202       959.6       346.8    0.3876   1.00   0.50    -3.6936  ramp 25%           1.7s
  203       970.1       452.4    0.3879   1.00   0.50    -3.7141  ramp 25%           1.7s
  204      1042.2       482.9    0.3881   1.00   0.50    -3.7346  ramp 26%           1.8s
  205      1101.8       400.4    0.3882   1.00   0.50    -3.7551  ramp 26%           1.8s
  206      1102.3       402.6    0.3882   1.00   0.50    -3.7757  ramp 26%           1.7s
  207       954.4       373.9    0.3883   1.00   0.50    -3.7962  ramp 26%           1.8s
  208      1261.3       487.0    0.3884   1.00   0.50    -3.8167  ramp 27%           1.9s
  209      1195.7       462.9    0.3888   1.00   0.50    -3.8372  ramp 27%           1.6s
  [probe] gen=210 score=298.5 net=2.039 fell=1.000 [new best earth]
  210      1250.5       347.6    0.3893   1.00   0.50    -3.8578  ramp 27%           1.7s
  211      1356.1       385.8    0.3899   1.00   0.50    -3.8783  ramp 27%           1.6s
  212      1108.2       459.2    0.3905   1.00   0.50    -3.8988  ramp 28%           1.9s
  213      1043.2       348.5    0.3910   1.00   0.50    -3.9193  ramp 28%           1.6s
  214      1072.1       441.4    0.3916   1.00   0.50    -3.9399  ramp 28%           1.9s
  215      1023.7       433.3    0.3923   1.00   0.50    -3.9604  ramp 28%           1.8s
  216      1164.8       468.9    0.3930   1.00   0.50    -3.9809  ramp 28%           2.1s
  217       849.7       363.0    0.3937   1.00   0.50    -4.0014  ramp 29%           1.6s
  218      1038.8       367.4    0.3945   1.00   0.50    -4.0220  ramp 29%           1.7s
  219      1233.3       441.1    0.3953   1.00   0.50    -4.0425  ramp 29%           1.9s
  [probe] gen=220 score=208.7 net=1.585 fell=1.000
  220      1269.2       413.5    0.3962   1.00   0.50    -4.0630  ramp 30%           1.9s
  221      1164.6       433.5    0.3970   1.00   0.50    -4.0835  ramp 30%           1.8s
  222      1152.6       482.8    0.3978   1.00   0.50    -4.1041  ramp 30%           1.8s
  223      1047.2       442.1    0.3987   1.00   0.50    -4.1246  ramp 30%           1.6s
  224      1010.8       370.0    0.3995   1.00   0.50    -4.1451  ramp 31%           1.7s
  [plot] Saved fitness curve → experiments/thesis/gradual_transition/seed_03/fitness_curve.png
  225       912.7       392.3    0.4002   1.00   0.50    -4.1656  ramp 31%           1.7s
  226       876.1       399.2    0.4009   1.00   0.50    -4.1862  ramp 31%           1.7s
  227      1038.9       376.8    0.4017   1.00   0.50    -4.2067  ramp 31%           1.6s
  228       931.2       348.4    0.4025   1.00   0.50    -4.2272  ramp 32%           1.7s
  229       883.1       408.2    0.4033   1.00   0.50    -4.2477  ramp 32%           1.7s
  [probe] gen=230 score=-188.5 net=-0.063 fell=1.000
  230      1217.3       383.2    0.4042   1.00   0.50    -4.2683  ramp 32%           1.7s
  231       850.9       272.0    0.4049   1.00   0.50    -4.2888  ramp 32%           1.4s
  232      1011.6       386.2    0.4054   1.00   0.50    -4.3093  ramp 33%           1.7s
  233       970.0       321.1    0.4059   1.00   0.50    -4.3298  ramp 33%           1.6s
  234      1059.5       448.0    0.4064   1.00   0.50    -4.3504  ramp 33%           1.8s
  235      1234.4       494.7    0.4069   1.00   0.50    -4.3709  ramp 33%           1.7s
  236       899.2       422.9    0.4073   1.00   0.50    -4.3914  ramp 34%           1.7s
  237       824.1       430.2    0.4077   1.00   0.50    -4.4119  ramp 34%           1.7s
  238       963.1       426.7    0.4080   1.00   0.50    -4.4325  ramp 34%           1.8s
  239      1044.9       472.6    0.4086   1.00   0.50    -4.4530  ramp 34%           1.7s
  [probe] gen=240 score=13.2 net=0.785 fell=1.000
  240      1071.2       411.4    0.4092   1.00   0.50    -4.4735  ramp 35%           1.7s
  241      1078.5       364.4    0.4099   1.00   0.50    -4.4940  ramp 35%           1.5s
  242      1032.9       367.9    0.4105   1.00   0.50    -4.5145  ramp 35%           1.6s
  243      1009.7       394.1    0.4113   1.00   0.50    -4.5351  ramp 35%           1.8s
  244       875.2       221.1    0.4120   1.00   0.50    -4.5556  ramp 36%           1.4s
  245      1083.4       253.0    0.4126   1.00   0.50    -4.5761  ramp 36%           1.5s
  246      1058.1       403.8    0.4130   1.00   0.50    -4.5967  ramp 36%           1.7s
  247       973.3       474.1    0.4134   1.00   0.50    -4.6172  ramp 36%           1.7s
  248      1009.7       325.5    0.4140   1.00   0.50    -4.6377  ramp 37%           1.5s
  249       813.6       406.4    0.4146   1.00   0.50    -4.6582  ramp 37%           1.6s
  [probe] gen=250 score=94.0 net=1.214 fell=1.000
  [plot] Saved fitness curve → experiments/thesis/gradual_transition/seed_03/fitness_curve.png
  250       810.0       338.3    0.4152   1.00   0.50    -4.6788  ramp 37%           1.5s
  251      1065.3       368.2    0.4160   1.00   0.50    -4.6993  ramp 37%           1.6s
  252      1108.3       289.7    0.4166   1.00   0.50    -4.7198  ramp 38%           1.4s
  253       848.3       325.1    0.4172   1.00   0.50    -4.7403  ramp 38%           1.5s
  254      1027.4       359.6    0.4176   1.00   0.50    -4.7609  ramp 38%           1.6s
  255       806.1       315.3    0.4180   1.00   0.50    -4.7814  ramp 38%           1.5s
  256       741.3       320.1    0.4183   1.00   0.50    -4.8019  ramp 39%           1.7s
  257       805.5       375.7    0.4185   1.00   0.50    -4.8224  ramp 39%           1.7s
  258       752.1       334.1    0.4187   1.00   0.50    -4.8430  ramp 39%           1.5s
  259       855.9       354.9    0.4190   1.00   0.50    -4.8635  ramp 39%           1.5s
  [probe] gen=260 score=167.0 net=1.459 fell=1.000
  260       685.4       317.5    0.4192   1.00   0.50    -4.8840  ramp 40%           1.5s
  261       786.8       381.5    0.4194   1.00   0.50    -4.9045  ramp 40%           1.6s
  262       974.7       346.9    0.4195   1.00   0.50    -4.9251  ramp 40%           1.6s
  263       995.4       316.2    0.4196   1.00   0.50    -4.9456  ramp 40%           1.5s
  264      1059.1       373.6    0.4196   1.00   0.50    -4.9661  ramp 41%           1.8s
  265       991.4       312.7    0.4195   1.00   0.50    -4.9866  ramp 41%           1.7s
  266       819.3       326.0    0.4193   1.00   0.50    -5.0072  ramp 41%           1.8s
  267       935.0       344.2    0.4189   1.00   0.50    -5.0277  ramp 41%           1.6s
  268       977.6       384.8    0.4185   1.00   0.50    -5.0482  ramp 42%           1.6s
  269       949.1       348.8    0.4179   1.00   0.50    -5.0687  ramp 42%           1.7s
  [probe] gen=270 score=66.2 net=1.024 fell=1.000
  270      1168.9       383.4    0.4174   1.00   0.50    -5.0892  ramp 42%           1.6s
  271      1324.5       332.0    0.4167   1.00   0.50    -5.1098  ramp 42%           1.5s
  272      1153.0       455.1    0.4162   1.00   0.50    -5.1303  ramp 43%           1.6s
  273      1117.9       363.8    0.4158   1.00   0.50    -5.1508  ramp 43%           1.6s
  274      1198.2       325.2    0.4155   1.00   0.50    -5.1714  ramp 43%           1.5s
  [plot] Saved fitness curve → experiments/thesis/gradual_transition/seed_03/fitness_curve.png
  275       873.2       241.1    0.4150   1.00   0.50    -5.1919  ramp 43%           1.5s
  276       920.9       319.8    0.4145   1.00   0.50    -5.2124  ramp 44%           1.5s
  277      1096.1       320.7    0.4139   1.00   0.50    -5.2329  ramp 44%           1.5s
  278      1244.8       270.5    0.4133   1.00   0.50    -5.2535  ramp 44%           1.6s
  279       883.4       174.6    0.4129   1.00   0.50    -5.2740  ramp 44%           1.5s
  [probe] gen=280 score=395.0 net=2.616 fell=1.000 [new best earth]
  280      1307.6       242.7    0.4125   1.00   0.50    -5.2945  ramp 45%           1.3s
  281       877.9       309.0    0.4121   1.00   0.50    -5.3150  ramp 45%           1.3s
  282       982.0       323.0    0.4119   1.00   0.50    -5.3356  ramp 45%           1.6s
  283       909.0       303.4    0.4116   1.00   0.50    -5.3561  ramp 45%           1.6s
  284       949.1       277.2    0.4113   1.00   0.50    -5.3766  ramp 46%           1.5s
  285      1061.1       342.9    0.4112   1.00   0.50    -5.3971  ramp 46%           1.6s
  286       895.0       318.5    0.4113   1.00   0.50    -5.4177  ramp 46%           1.5s
  287       802.4       279.9    0.4114   1.00   0.50    -5.4382  ramp 46%           1.6s
  288       861.4       336.7    0.4115   1.00   0.50    -5.4587  ramp 47%           1.6s
  289       711.2       264.2    0.4118   1.00   0.50    -5.4792  ramp 47%           1.4s
  [probe] gen=290 score=-200.7 net=-0.085 fell=1.000
  290       742.5       266.6    0.4120   1.00   0.50    -5.4998  ramp 47%           1.5s
  291       820.6       269.1    0.4123   1.00   0.50    -5.5203  ramp 47%           1.5s
  292       983.3       348.0    0.4128   1.00   0.50    -5.5408  ramp 48%           1.5s
  293       710.0       296.3    0.4132   1.00   0.50    -5.5613  ramp 48%           1.5s
  294       957.2       311.3    0.4136   1.00   0.50    -5.5819  ramp 48%           1.5s
  295       953.5       394.3    0.4141   1.00   0.50    -5.6024  ramp 48%           1.5s
  296       894.5       301.0    0.4145   1.00   0.50    -5.6229  ramp 49%           1.5s
  297      1087.8       267.9    0.4150   1.00   0.50    -5.6434  ramp 49%           1.5s
  298       660.3       235.8    0.4153   1.00   0.50    -5.6639  ramp 49%           1.4s
  299       903.0       243.8    0.4154   1.00   0.50    -5.6845  ramp 49%           1.4s
  [probe] gen=300 score=-66.5 net=0.455 fell=1.000
  [plot] Saved fitness curve → experiments/thesis/gradual_transition/seed_03/fitness_curve.png
  300      1282.4       183.0    0.4158   1.00   0.50    -5.7050  ramp 50%           1.4s
  301       753.6       237.3    0.4161   1.00   0.50    -5.7255  ramp 50%           1.4s
  302      1021.4       186.7    0.4166   1.00   0.50    -5.7461  ramp 50%           1.3s
  303      1378.2       249.7    0.4171   1.00   0.50    -5.7666  ramp 50%           1.5s
  304       780.9       257.4    0.4175   1.00   0.50    -5.7871  ramp 51%           1.5s
  305       743.0       239.7    0.4179   1.00   0.50    -5.8076  ramp 51%           1.4s
  306       919.2       226.0    0.4182   1.00   0.50    -5.8282  ramp 51%           1.5s
  307      1018.0       273.2    0.4187   1.00   0.50    -5.8487  ramp 51%           1.4s
  308       945.8       231.7    0.4194   1.00   0.50    -5.8692  ramp 52%           1.4s
  309       743.3       257.1    0.4203   1.00   0.50    -5.8897  ramp 52%           1.5s
  [probe] gen=310 score=-13.3 net=0.765 fell=1.000
  310      1002.1       248.4    0.4211   1.00   0.50    -5.9103  ramp 52%           1.4s
  311       945.8       198.0    0.4220   1.00   0.50    -5.9308  ramp 52%           1.3s
  312      1137.6       230.0    0.4229   1.00   0.50    -5.9513  ramp 53%           1.4s
  313      1240.1       272.1    0.4237   1.00   0.50    -5.9718  ramp 53%           1.4s
  314       792.7       217.7    0.4244   1.00   0.50    -5.9924  ramp 53%           1.5s
  315       871.8       167.4    0.4249   1.00   0.50    -6.0129  ramp 53%           1.3s
  316       791.6       221.3    0.4254   1.00   0.50    -6.0334  ramp 54%           1.4s
  317       699.0       229.0    0.4260   1.00   0.50    -6.0539  ramp 54%           1.3s
  318      1070.0       221.3    0.4264   1.00   0.50    -6.0745  ramp 54%           1.4s
  319       955.7       138.0    0.4268   1.00   0.50    -6.0950  ramp 54%           1.4s
  [probe] gen=320 score=457.4 net=2.883 fell=1.000 [new best earth]
  320      1401.0       315.9    0.4273   1.00   0.50    -6.1155  ramp 55%           1.5s
  321       738.4       250.7    0.4276   1.00   0.50    -6.1360  ramp 55%           1.4s
  322       837.7       326.5    0.4279   1.00   0.50    -6.1566  ramp 55%           1.5s
  323      1185.1       431.2    0.4284   1.00   0.50    -6.1771  ramp 55%           1.6s
  324      1351.6       389.6    0.4287   1.00   0.50    -6.1976  ramp 56%           1.5s
  [plot] Saved fitness curve → experiments/thesis/gradual_transition/seed_03/fitness_curve.png
  325      1157.9       411.9    0.4290   1.00   0.50    -6.2181  ramp 56%           1.5s
  326      1236.9       504.8    0.4292   1.00   0.50    -6.2386  ramp 56%           1.7s
  327      1170.0       445.9    0.4295   1.00   0.50    -6.2592  ramp 56%           1.6s
  328      1284.6       429.0    0.4297   1.00   0.50    -6.2797  ramp 56%           1.8s
  329      1120.7       405.6    0.4302   1.00   0.50    -6.3002  ramp 57%           1.9s
  [probe] gen=330 score=290.9 net=1.958 fell=1.000
  330      1341.4       322.3    0.4306   1.00   0.50    -6.3208  ramp 57%           1.7s
  331      1212.6       345.1    0.4312   1.00   0.50    -6.3413  ramp 57%           1.5s
  332      1065.8       266.8    0.4320   1.00   0.50    -6.3618  ramp 57%           1.4s
  333      1160.9       426.8    0.4328   1.00   0.50    -6.3823  ramp 58%           1.7s
  334      1287.1       348.7    0.4336   1.00   0.50    -6.4029  ramp 58%           1.7s
  335      1056.9       318.0    0.4343   1.00   0.50    -6.4234  ramp 58%           1.6s
  336      1458.5       390.3    0.4350   1.00   0.50    -6.4439  ramp 59%           1.8s
  337      1242.5       367.6    0.4356   1.00   0.50    -6.4644  ramp 59%           1.5s
  338      1285.4       375.3    0.4361   1.00   0.50    -6.4849  ramp 59%           1.7s
  339      1409.5       448.7    0.4364   1.00   0.50    -6.5055  ramp 59%           1.8s
  [probe] gen=340 score=373.2 net=2.390 fell=1.000
  340      1380.8       439.4    0.4367   1.00   0.50    -6.5260  ramp 60%           1.7s
  341      1361.8       529.7    0.4372   1.00   0.50    -6.5465  ramp 60%           2.0s
  342      1260.5       341.4    0.4375   1.00   0.50    -6.5671  ramp 60%           1.7s
  343      1145.1       379.1    0.4377   1.00   0.50    -6.5876  ramp 60%           1.7s
  344      1352.0       422.1    0.4382   1.00   0.50    -6.6081  ramp 61%           1.7s
  345      1487.2       561.4    0.4386   1.00   0.50    -6.6286  ramp 61%           1.9s
  346      1350.3       421.4    0.4389   1.00   0.50    -6.6492  ramp 61%           1.8s
  347      1169.0       344.9    0.4392   1.00   0.50    -6.6697  ramp 61%           1.6s
  348      1666.0       490.9    0.4395   1.00   0.50    -6.6902  ramp 62%           1.9s
  349      1604.8       575.3    0.4399   1.00   0.50    -6.7107  ramp 62%           2.4s
  [probe] gen=350 score=413.4 net=2.640 fell=1.000
  [plot] Saved fitness curve → experiments/thesis/gradual_transition/seed_03/fitness_curve.png
  350      1402.0       478.3    0.4400   1.00   0.50    -6.7313  ramp 62%           1.8s
  351      1398.8       426.8    0.4399   1.00   0.50    -6.7518  ramp 62%           1.9s
  352      1412.4       426.1    0.4398   1.00   0.50    -6.7723  ramp 63%           1.9s
  353      1151.9       264.2    0.4397   1.00   0.50    -6.7928  ramp 63%           1.6s
  354      1206.8       489.0    0.4396   1.00   0.50    -6.8134  ramp 63%           2.1s
  355      1518.3       444.4    0.4396   1.00   0.50    -6.8339  ramp 63%           1.7s
  356      1614.8       605.7    0.4395   1.00   0.50    -6.8544  ramp 64%           2.2s
  357      1473.4       464.5    0.4396   1.00   0.50    -6.8749  ramp 64%           1.8s
  358      1682.0       512.6    0.4397   1.00   0.50    -6.8955  ramp 64%           1.7s
  359      1370.8       413.0    0.4397   1.00   0.50    -6.9160  ramp 64%           1.7s
  [probe] gen=360 score=451.5 net=3.039 fell=1.000
  360      1782.8       506.3    0.4397   1.00   0.50    -6.9365  ramp 65%           1.7s
  361      1065.9       424.5    0.4397   1.00   0.50    -6.9570  ramp 65%           1.4s
  362      1183.0       448.2    0.4395   1.00   0.50    -6.9776  ramp 65%           1.5s
  363      1616.7       411.0    0.4393   1.00   0.50    -6.9981  ramp 65%           1.5s
  364      1482.2       382.3    0.4390   1.00   0.50    -7.0186  ramp 66%           1.7s
  365      1463.3       372.8    0.4387   1.00   0.50    -7.0391  ramp 66%           1.5s
  366      1408.5       276.4    0.4386   1.00   0.50    -7.0597  ramp 66%           1.5s
  367      1422.8       391.8    0.4385   1.00   0.50    -7.0802  ramp 66%           1.5s
  368      1540.9       405.9    0.4382   1.00   0.50    -7.1007  ramp 67%           1.7s
  369      1346.9       395.2    0.4379   1.00   0.50    -7.1212  ramp 67%           1.6s
  [probe] gen=370 score=412.7 net=2.821 fell=1.000
  370      1482.7       374.2    0.4375   1.00   0.50    -7.1418  ramp 67%           1.6s
  371      1476.2       463.8    0.4373   1.00   0.50    -7.1623  ramp 67%           1.4s
  372      1195.3       444.8    0.4371   1.00   0.50    -7.1828  ramp 68%           1.6s
  373      1105.3       387.3    0.4369   1.00   0.50    -7.2033  ramp 68%           1.4s
  374      1163.9       412.2    0.4368   1.00   0.50    -7.2239  ramp 68%           1.6s
  [plot] Saved fitness curve → experiments/thesis/gradual_transition/seed_03/fitness_curve.png
  375      1567.1       423.1    0.4368   1.00   0.50    -7.2444  ramp 68%           1.7s
  376      1062.2       357.3    0.4368   1.00   0.50    -7.2649  ramp 69%           1.8s
  377      1493.7       433.8    0.4368   1.00   0.50    -7.2854  ramp 69%           1.8s
  378      1085.6       356.4    0.4369   1.00   0.50    -7.3060  ramp 69%           1.4s
  379      1065.9       355.2    0.4370   1.00   0.50    -7.3265  ramp 69%           1.5s
  [probe] gen=380 score=326.3 net=2.129 fell=1.000
  380      1011.7       318.6    0.4371   1.00   0.50    -7.3470  ramp 70%           1.5s
  381       968.1       340.4    0.4371   1.00   0.50    -7.3675  ramp 70%           1.5s
  382      1315.6       403.5    0.4372   1.00   0.50    -7.3880  ramp 70%           1.7s
  383      1254.1       352.0    0.4373   1.00   0.50    -7.4086  ramp 70%           1.5s
  384       985.2       394.7    0.4374   1.00   0.50    -7.4291  ramp 71%           1.5s
  385      1373.1       486.3    0.4374   1.00   0.50    -7.4496  ramp 71%           1.7s
  386      1228.5       402.0    0.4374   1.00   0.50    -7.4702  ramp 71%           1.4s
  387       918.7       340.0    0.4374   1.00   0.50    -7.4907  ramp 71%           1.5s
  388      1155.9       438.6    0.4371   1.00   0.50    -7.5112  ramp 72%           1.5s
  389      1558.9       445.3    0.4370   1.00   0.50    -7.5317  ramp 72%           1.6s
  [probe] gen=390 score=810.3 net=4.738 fell=1.000 [new best earth]
  390      1679.1       494.2    0.4368   1.00   0.50    -7.5523  ramp 72%           1.8s
  391      1401.8       358.6    0.4364   1.00   0.50    -7.5728  ramp 72%           1.5s
  392      1480.1       517.2    0.4360   1.00   0.50    -7.5933  ramp 73%           1.7s
  393      1204.9       375.3    0.4357   1.00   0.50    -7.6138  ramp 73%           1.4s
  394      1306.7       430.4    0.4354   1.00   0.50    -7.6344  ramp 73%           1.6s
  395      1420.4       519.5    0.4350   1.00   0.50    -7.6549  ramp 73%           1.9s
  396      1529.9       428.2    0.4347   1.00   0.50    -7.6754  ramp 74%           1.7s
  397      1431.8       541.2    0.4344   1.00   0.50    -7.6959  ramp 74%           2.0s
  398      1720.4       486.9    0.4342   1.00   0.50    -7.7165  ramp 74%           1.8s
  399      1523.7       537.9    0.4339   1.00   0.50    -7.7370  ramp 74%           2.1s
  [probe] gen=400 score=608.7 net=3.840 fell=1.000
  [plot] Saved fitness curve → experiments/thesis/gradual_transition/seed_03/fitness_curve.png
  400      1639.7       585.7    0.4335   1.00   0.50    -7.7575  ramp 75%           2.0s
  401      1577.7       440.2    0.4332   1.00   0.50    -7.7780  ramp 75%           1.7s
  402      1072.0       426.3    0.4327   1.00   0.50    -7.7986  ramp 75%           1.7s
  403      1290.6       413.6    0.4322   1.00   0.50    -7.8191  ramp 75%           2.0s
  404      1454.2       421.6    0.4317   1.00   0.50    -7.8396  ramp 76%           1.8s
  405      1141.0       381.1    0.4309   1.00   0.50    -7.8601  ramp 76%           1.7s
  406      1333.6       294.8    0.4302   1.00   0.50    -7.8807  ramp 76%           1.7s
  407      1376.0       487.5    0.4295   1.00   0.50    -7.9012  ramp 76%           2.1s
  408      1245.0       284.0    0.4289   1.00   0.50    -7.9217  ramp 77%           1.6s
  409      1268.8       430.3    0.4284   1.00   0.50    -7.9422  ramp 77%           1.9s
  [probe] gen=410 score=891.8 net=4.839 fell=0.900 [new best earth]
  410      1284.5       356.4    0.4280   1.00   0.50    -7.9628  ramp 77%           1.8s
  411      1215.3       348.4    0.4276   1.00   0.50    -7.9833  ramp 77%           1.8s
  412      1368.3       377.6    0.4270   1.00   0.50    -8.0038  ramp 78%           1.7s
  413      1510.3       458.6    0.4266   1.00   0.50    -8.0243  ramp 78%           2.0s
  414      1445.0       495.3    0.4261   1.00   0.50    -8.0449  ramp 78%           2.0s
  415      1074.8       379.2    0.4256   1.00   0.50    -8.0654  ramp 78%           1.8s
  416      1410.4       450.2    0.4250   1.00   0.50    -8.0859  ramp 79%           1.9s
  417      1541.8       499.3    0.4244   1.00   0.50    -8.1064  ramp 79%           2.1s
  418      1150.9       361.2    0.4238   1.00   0.50    -8.1270  ramp 79%           1.6s
  419      1383.9       532.1    0.4233   1.00   0.50    -8.1475  ramp 79%           2.1s
  [probe] gen=420 score=654.4 net=4.011 fell=1.000
  420      1628.0       541.9    0.4227   1.00   0.50    -8.1680  ramp 80%           2.0s
  421      1218.4       380.3    0.4221   1.00   0.50    -8.1885  ramp 80%           1.5s
  422      1363.6       381.7    0.4215   1.00   0.50    -8.2091  ramp 80%           1.8s
  423      1261.8       357.8    0.4210   1.00   0.50    -8.2296  ramp 80%           1.7s
  424      1482.4       591.6    0.4206   1.00   0.50    -8.2501  ramp 81%           2.1s
  [plot] Saved fitness curve → experiments/thesis/gradual_transition/seed_03/fitness_curve.png
  425      1234.4       435.5    0.4201   1.00   0.50    -8.2706  ramp 81%           1.7s
  426      1246.9       431.2    0.4196   1.00   0.50    -8.2912  ramp 81%           1.9s
  427      1339.1       454.7    0.4191   1.00   0.50    -8.3117  ramp 81%           1.8s
  428      1386.3       554.4    0.4186   1.00   0.50    -8.3322  ramp 82%           1.9s
  429      1322.7       474.3    0.4181   1.00   0.50    -8.3527  ramp 82%           1.8s
  [probe] gen=430 score=971.6 net=5.084 fell=1.000 [new best earth]
  430      1390.8       485.6    0.4176   1.00   0.50    -8.3733  ramp 82%           1.9s
  431      1376.0       357.9    0.4172   1.00   0.50    -8.3938  ramp 82%           1.6s
  432      1310.5       403.5    0.4169   1.00   0.50    -8.4143  ramp 83%           1.5s
  433      1197.3       472.8    0.4166   1.00   0.50    -8.4348  ramp 83%           1.8s
  434      1327.7       403.3    0.4162   1.00   0.50    -8.4554  ramp 83%           1.7s
  435      1381.9       457.6    0.4160   1.00   0.50    -8.4759  ramp 83%           1.9s
  436      1306.4       397.7    0.4159   1.00   0.50    -8.4964  ramp 84%           1.6s
  437      1418.6       438.6    0.4156   1.00   0.50    -8.5169  ramp 84%           1.8s
  438      1463.0       473.8    0.4154   1.00   0.50    -8.5374  ramp 84%           1.9s
  439      1395.2       316.9    0.4151   1.00   0.50    -8.5580  ramp 84%           1.6s
  [probe] gen=440 score=1038.2 net=5.498 fell=1.000 [new best earth]
  440      1295.2       307.3    0.4148   1.00   0.50    -8.5785  ramp 85%           1.5s
  441      1395.3       393.0    0.4144   1.00   0.50    -8.5990  ramp 85%           1.8s
  442      1582.3       451.9    0.4140   1.00   0.50    -8.6196  ramp 85%           1.6s
  443      1402.4       410.3    0.4135   1.00   0.50    -8.6401  ramp 85%           1.8s
  444      1369.1       572.9    0.4131   1.00   0.50    -8.6606  ramp 86%           2.0s
  445      1200.0       430.9    0.4126   1.00   0.50    -8.6811  ramp 86%           1.8s
  446      1209.3       481.9    0.4121   1.00   0.50    -8.7017  ramp 86%           2.2s
  447      1476.5       498.0    0.4117   1.00   0.50    -8.7222  ramp 86%           2.1s
  448      1405.2       600.1    0.4112   1.00   0.50    -8.7427  ramp 87%           2.1s
  449      1432.2       402.8    0.4109   1.00   0.50    -8.7632  ramp 87%           1.9s
  [probe] gen=450 score=1165.7 net=5.657 fell=0.500 [new best earth]
  [plot] Saved fitness curve → experiments/thesis/gradual_transition/seed_03/fitness_curve.png
  450      1354.9       252.5    0.4105   1.00   0.50    -8.7838  ramp 87%           1.5s
  451      1305.1       589.2    0.4104   1.00   0.50    -8.8043  ramp 87%           1.8s
  452      1301.4       394.6    0.4103   1.00   0.50    -8.8248  ramp 88%           1.8s
  453      1381.8       288.7    0.4104   1.00   0.50    -8.8453  ramp 88%           1.5s
  454      1369.7       430.8    0.4104   1.00   0.50    -8.8659  ramp 88%           1.8s
  455      1441.4       514.0    0.4106   1.00   0.50    -8.8864  ramp 88%           2.2s
  456      1335.8       406.0    0.4107   1.00   0.50    -8.9069  ramp 89%           2.0s
  457      1494.1       376.7    0.4108   1.00   0.50    -8.9274  ramp 89%           1.7s
  458      1407.1       467.5    0.4108   1.00   0.50    -8.9480  ramp 89%           1.8s
  459      1373.3       382.2    0.4108   1.00   0.50    -8.9685  ramp 89%           2.0s
  [probe] gen=460 score=1291.7 net=6.300 fell=0.400 [new best earth]
  460      1432.1       470.9    0.4108   1.00   0.50    -8.9890  ramp 90%           2.0s
  461      1316.8       465.7    0.4107   1.00   0.50    -9.0095  ramp 90%           1.7s
  462      1382.3       465.0    0.4105   1.00   0.50    -9.0301  ramp 90%           1.9s
  463      1321.8       543.0    0.4101   1.00   0.50    -9.0506  ramp 90%           2.1s
  464      1212.7       451.8    0.4097   1.00   0.50    -9.0711  ramp 91%           2.1s
  465      1364.0       547.5    0.4092   1.00   0.50    -9.0916  ramp 91%           2.4s
  466      1313.5       576.2    0.4087   1.00   0.50    -9.1122  ramp 91%           2.2s
  467      1285.6       357.6    0.4082   1.00   0.50    -9.1327  ramp 91%           1.7s
  468      1341.7       450.6    0.4077   1.00   0.50    -9.1532  ramp 92%           2.0s
  469      1350.2       435.2    0.4071   1.00   0.50    -9.1737  ramp 92%           2.2s
  [probe] gen=470 score=803.7 net=4.033 fell=0.800
  470      1158.6       297.9    0.4066   1.00   0.50    -9.1943  ramp 92%           1.8s
  471      1351.2       375.3    0.4061   1.00   0.50    -9.2148  ramp 92%           1.9s
  472      1240.7       318.3    0.4057   1.00   0.50    -9.2353  ramp 93%           1.6s
  473      1403.0       545.9    0.4051   1.00   0.50    -9.2558  ramp 93%           1.9s
  474      1207.9       478.2    0.4046   1.00   0.50    -9.2764  ramp 93%           2.0s
  [plot] Saved fitness curve → experiments/thesis/gradual_transition/seed_03/fitness_curve.png
  475      1147.9       361.2    0.4041   1.00   0.50    -9.2969  ramp 93%           1.7s
  476      1352.9       424.9    0.4036   1.00   0.50    -9.3174  ramp 94%           1.9s
  477      1213.7       353.5    0.4031   1.00   0.50    -9.3379  ramp 94%           1.6s
  478      1177.5       460.4    0.4026   1.00   0.50    -9.3585  ramp 94%           1.8s
  479      1286.6       452.5    0.4023   1.00   0.50    -9.3790  ramp 94%           1.8s
  [probe] gen=480 score=842.6 net=4.577 fell=0.900
  480      1156.0       344.6    0.4019   1.00   0.50    -9.3995  ramp 95%           1.5s
  481      1360.7       466.6    0.4017   1.00   0.50    -9.4200  ramp 95%           1.8s
  482      1349.8       344.9    0.4013   1.00   0.50    -9.4405  ramp 95%           1.5s
  483      1193.6       406.9    0.4009   1.00   0.50    -9.4611  ramp 95%           1.8s
  484      1425.7       476.7    0.4004   1.00   0.50    -9.4816  ramp 96%           2.0s
  485      1337.9       454.5    0.3997   1.00   0.50    -9.5021  ramp 96%           2.0s
  486      1225.1       515.3    0.3988   1.00   0.50    -9.5227  ramp 96%           2.1s
  487      1318.9       333.8    0.3981   1.00   0.50    -9.5432  ramp 96%           1.6s
  488      1363.7       500.9    0.3973   1.00   0.50    -9.5637  ramp 97%           2.0s
  489      1227.7       533.8    0.3965   1.00   0.50    -9.5842  ramp 97%           2.0s
  [probe] gen=490 score=1348.2 net=6.880 fell=0.700 [new best earth]
  490      1412.4       507.7    0.3958   1.00   0.50    -9.6048  ramp 97%           2.0s
  491      1333.5       420.3    0.3951   1.00   0.50    -9.6253  ramp 97%           2.1s
  492      1288.0       312.5    0.3944   1.00   0.50    -9.6458  ramp 98%           1.8s
  493      1253.5       324.4    0.3938   1.00   0.50    -9.6663  ramp 98%           1.9s
  494      1306.3       428.0    0.3934   1.00   0.50    -9.6868  ramp 98%           2.0s
  495      1378.7       371.1    0.3929   1.00   0.50    -9.7074  ramp 98%           1.9s
  496      1363.7       573.0    0.3923   1.00   0.50    -9.7279  ramp 99%           2.4s
  497      1280.8       264.9    0.3919   1.00   0.50    -9.7484  ramp 99%           1.7s
  498      1392.0       408.1    0.3916   1.00   0.50    -9.7690  ramp 99%           1.9s
  499      1238.3       387.5    0.3916   1.00   0.50    -9.7895  ramp 99%           1.7s
  [plot] Saved fitness curve → experiments/thesis/gradual_transition/seed_03/fitness_curve.png

Training complete. Best fitness: 1782.8
Best params → experiments/thesis/gradual_transition/seed_03/checkpoints/best_params.npy
Fitness curve → experiments/thesis/gradual_transition/seed_03/fitness_curve.png
Eval params  → best_earth_params (earth probe score: 1348.2)
Final Earth scorecard | score=1210.1 net=6.327 fell=0.800
Gravity sweep | gravities=5 mean_net=4.818 worst_net=2.896
  [exp] Wrote experiments/thesis/gradual_transition/seed_03/experiment.json
  [exp] Wrote experiments/thesis/gradual_transition/seed_03/training_log.csv
  [exp] Wrote experiments/thesis/gradual_transition/seed_03/earth_probe.csv
  [exp] Wrote experiments/thesis/gradual_transition/seed_03/gravity_sweep.csv
  [exp] Wrote experiments/thesis/gradual_transition/seed_03/summary.json
