Walker2d-v5 | policy=CPG  params=504
Curriculum   : GradualTransition  gravity -1.6 → -9.81  warmup=20%
Run context | seed=1 arm=gradual_transition run_id=gradual_transition_seed_01

Schedule | penalty_min=0.20 penalty_ramp_gen=200 corr_min=0.00 corr_max=0.50 corr_ramp_gen=200

Starting CMA-ES | pop=40 | sigma0=0.5 | max_gen=500 | workers=8 | seed=1
Checkpoints → experiments/thesis/gradual_transition/seed_01/checkpoints/

  Gen        Best        Mean     Sigma    Pen   Corr    Gravity  Phase              Time
------------------------------------------------------------------------------------
  [probe] gen=0 score=-401.6 net=-0.190 fell=1.000 [new best earth]
  [plot] Saved fitness curve → experiments/thesis/gradual_transition/seed_01/fitness_curve.png
    0       -63.5       -76.2    0.4905   0.20   0.00    -1.6000  warmup             1.5s
    1       -13.4       -74.4    0.4823   0.20   0.00    -1.6000  warmup             0.2s
    2       -38.8       -71.8    0.4749   0.21   0.01    -1.6000  warmup             0.2s
    3        22.9       -68.9    0.4685   0.21   0.01    -1.6000  warmup             0.2s
    4       -52.7       -70.4    0.4625   0.22   0.01    -1.6000  warmup             0.2s
    5       -54.4       -68.4    0.4568   0.22   0.01    -1.6000  warmup             0.2s
    6       -57.6       -71.4    0.4515   0.22   0.01    -1.6000  warmup             0.3s
    7       -55.5       -71.6    0.4468   0.23   0.02    -1.6000  warmup             0.3s
    8       -45.7       -68.9    0.4423   0.23   0.02    -1.6000  warmup             0.3s
    9       -39.4       -71.9    0.4381   0.24   0.02    -1.6000  warmup             0.3s
  [probe] gen=10 score=-356.5 net=-0.083 fell=1.000 [new best earth]
   10       -14.3       -67.4    0.4344   0.24   0.03    -1.6000  warmup             0.3s
   11       -43.7       -67.2    0.4309   0.24   0.03    -1.6000  warmup             0.4s
   12       -43.2       -67.0    0.4277   0.25   0.03    -1.6000  warmup             0.4s
   13       -47.1       -64.6    0.4246   0.25   0.03    -1.6000  warmup             0.4s
   14       -16.4       -62.7    0.4219   0.26   0.04    -1.6000  warmup             0.4s
   15       123.9       -58.8    0.4194   0.26   0.04    -1.6000  warmup             0.5s
   16       -22.6       -62.3    0.4171   0.26   0.04    -1.6000  warmup             0.6s
   17       -14.9       -65.0    0.4148   0.27   0.04    -1.6000  warmup             0.6s
   18        15.4       -66.4    0.4127   0.27   0.04    -1.6000  warmup             0.6s
   19        75.2       -61.9    0.4106   0.28   0.05    -1.6000  warmup             0.7s
  [probe] gen=20 score=-326.2 net=-0.043 fell=1.000 [new best earth]
   20        72.3       -51.3    0.4085   0.28   0.05    -1.6000  warmup             0.6s
   21       206.9       -54.6    0.4065   0.28   0.05    -1.6000  warmup             0.7s
   22       156.7       -49.4    0.4045   0.29   0.06    -1.6000  warmup             0.8s
   23       306.9       -31.3    0.4027   0.29   0.06    -1.6000  warmup             0.9s
   24       194.6       -21.7    0.4010   0.30   0.06    -1.6000  warmup             0.9s
  [plot] Saved fitness curve → experiments/thesis/gradual_transition/seed_01/fitness_curve.png
   25       181.4       -24.9    0.3995   0.30   0.06    -1.6000  warmup             0.9s
   26       181.7       -14.3    0.3980   0.30   0.07    -1.6000  warmup             1.0s
   27       438.3        24.6    0.3966   0.31   0.07    -1.6000  warmup             1.1s
   28       312.5        36.3    0.3951   0.31   0.07    -1.6000  warmup             1.2s
   29       251.8        53.9    0.3936   0.32   0.07    -1.6000  warmup             1.3s
  [probe] gen=30 score=-314.8 net=-0.082 fell=1.000 [new best earth]
   30       210.7        30.4    0.3925   0.32   0.07    -1.6000  warmup             1.3s
   31       209.7        30.5    0.3915   0.32   0.08    -1.6000  warmup             1.2s
   32       413.8        94.0    0.3904   0.33   0.08    -1.6000  warmup             1.3s
   33       260.5        58.6    0.3895   0.33   0.08    -1.6000  warmup             1.3s
   34       251.9        47.0    0.3889   0.34   0.09    -1.6000  warmup             1.4s
   35       266.8       116.0    0.3881   0.34   0.09    -1.6000  warmup             1.5s
   36       377.7        88.5    0.3875   0.34   0.09    -1.6000  warmup             1.5s
   37       271.7       104.8    0.3869   0.35   0.09    -1.6000  warmup             1.7s
   38       282.2        84.5    0.3863   0.35   0.10    -1.6000  warmup             1.4s
   39       367.8       106.0    0.3856   0.36   0.10    -1.6000  warmup             1.7s
  [probe] gen=40 score=15.7 net=0.976 fell=1.000 [new best earth]
   40       259.6       118.9    0.3851   0.36   0.10    -1.6000  warmup             1.8s
   41       278.2       111.3    0.3845   0.36   0.10    -1.6000  warmup             1.6s
   42       368.6       159.3    0.3842   0.37   0.10    -1.6000  warmup             1.6s
   43       444.6       134.5    0.3839   0.37   0.11    -1.6000  warmup             1.8s
   44       365.6       121.7    0.3837   0.38   0.11    -1.6000  warmup             1.8s
   45       372.0       135.0    0.3834   0.38   0.11    -1.6000  warmup             1.7s
   46       463.4       157.8    0.3831   0.38   0.12    -1.6000  warmup             1.7s
   47       549.5       172.2    0.3827   0.39   0.12    -1.6000  warmup             1.8s
   48       448.6       139.4    0.3823   0.39   0.12    -1.6000  warmup             1.8s
   49       600.5       178.0    0.3819   0.40   0.12    -1.6000  warmup             1.6s
  [probe] gen=50 score=8.0 net=0.976 fell=1.000
  [plot] Saved fitness curve → experiments/thesis/gradual_transition/seed_01/fitness_curve.png
   50       534.0       160.2    0.3816   0.40   0.12    -1.6000  warmup             1.8s
   51       467.2       119.4    0.3814   0.40   0.13    -1.6000  warmup             1.6s
   52       414.5       139.5    0.3813   0.41   0.13    -1.6000  warmup             1.7s
   53       522.4       174.7    0.3813   0.41   0.13    -1.6000  warmup             1.7s
   54       487.4       139.6    0.3814   0.42   0.14    -1.6000  warmup             1.8s
   55       427.6       140.0    0.3814   0.42   0.14    -1.6000  warmup             1.8s
   56       486.5       226.1    0.3815   0.42   0.14    -1.6000  warmup             1.8s
   57       582.2       189.0    0.3816   0.43   0.14    -1.6000  warmup             1.9s
   58       505.0       208.6    0.3818   0.43   0.14    -1.6000  warmup             1.8s
   59       437.5       195.2    0.3820   0.44   0.15    -1.6000  warmup             1.8s
  [probe] gen=60 score=8.3 net=0.963 fell=1.000
   60       483.9       143.0    0.3822   0.44   0.15    -1.6000  warmup             1.8s
   61       589.4       180.0    0.3823   0.44   0.15    -1.6000  warmup             1.7s
   62       681.5       221.1    0.3824   0.45   0.15    -1.6000  warmup             1.7s
   63       671.5       136.8    0.3825   0.45   0.16    -1.6000  warmup             1.7s
   64       846.7       238.2    0.3826   0.46   0.16    -1.6000  warmup             1.9s
   65       749.8       212.2    0.3826   0.46   0.16    -1.6000  warmup             1.7s
   66       422.1       189.5    0.3826   0.46   0.17    -1.6000  warmup             1.8s
   67       547.3       180.8    0.3827   0.47   0.17    -1.6000  warmup             1.9s
   68       659.6       232.1    0.3828   0.47   0.17    -1.6000  warmup             2.0s
   69       732.9       215.1    0.3828   0.48   0.17    -1.6000  warmup             1.8s
  [probe] gen=70 score=-212.1 net=-0.143 fell=1.000
   70       628.5       224.6    0.3828   0.48   0.17    -1.6000  warmup             1.9s
   71       470.6       230.8    0.3830   0.48   0.18    -1.6000  warmup             1.8s
   72       627.2       272.7    0.3832   0.49   0.18    -1.6000  warmup             2.0s
   73       607.6       210.9    0.3834   0.49   0.18    -1.6000  warmup             1.8s
   74       461.8       234.2    0.3835   0.50   0.18    -1.6000  warmup             1.9s
  [plot] Saved fitness curve → experiments/thesis/gradual_transition/seed_01/fitness_curve.png
   75       694.3       224.9    0.3835   0.50   0.19    -1.6000  warmup             2.0s
   76       582.7       198.2    0.3834   0.50   0.19    -1.6000  warmup             1.9s
   77       485.3       216.8    0.3833   0.51   0.19    -1.6000  warmup             1.9s
   78       520.1       175.4    0.3833   0.51   0.20    -1.6000  warmup             1.8s
   79       714.2       249.2    0.3831   0.52   0.20    -1.6000  warmup             1.9s
  [probe] gen=80 score=-140.4 net=0.238 fell=1.000
   80       607.6       193.2    0.3831   0.52   0.20    -1.6000  warmup             1.7s
   81       719.8       199.2    0.3831   0.52   0.20    -1.6000  warmup             1.8s
   82       764.4       256.4    0.3832   0.53   0.20    -1.6000  warmup             1.8s
   83       633.3       268.2    0.3833   0.53   0.21    -1.6000  warmup             1.9s
   84       531.6       217.1    0.3835   0.54   0.21    -1.6000  warmup             1.9s
   85       621.3       297.2    0.3836   0.54   0.21    -1.6000  warmup             2.0s
   86       618.1       254.6    0.3836   0.54   0.21    -1.6000  warmup             1.9s
   87       549.1       201.7    0.3836   0.55   0.22    -1.6000  warmup             1.9s
   88       820.4       301.1    0.3836   0.55   0.22    -1.6000  warmup             1.9s
   89       714.7       180.3    0.3834   0.56   0.22    -1.6000  warmup             1.9s
  [probe] gen=90 score=-427.7 net=-0.921 fell=1.000
   90       713.5       260.6    0.3832   0.56   0.23    -1.6000  warmup             2.0s
   91       807.0       304.2    0.3829   0.56   0.23    -1.6000  warmup             1.9s
   92       739.2       234.5    0.3826   0.57   0.23    -1.6000  warmup             1.8s
   93       749.9       204.7    0.3822   0.57   0.23    -1.6000  warmup             1.8s
   94      1078.4       214.9    0.3819   0.58   0.23    -1.6000  warmup             1.7s
   95       768.0       266.8    0.3814   0.58   0.24    -1.6000  warmup             2.0s
   96       880.4       162.5    0.3808   0.58   0.24    -1.6000  warmup             1.8s
   97       842.5       197.0    0.3804   0.59   0.24    -1.6000  warmup             1.8s
   98       843.3       288.1    0.3799   0.59   0.24    -1.6000  warmup             2.0s
   99       914.5       219.3    0.3795   0.60   0.25    -1.6000  warmup             1.8s
  [probe] gen=100 score=-2.7 net=0.733 fell=1.000
  [plot] Saved fitness curve → experiments/thesis/gradual_transition/seed_01/fitness_curve.png
  100       699.1       231.2    0.3791   0.60   0.25    -1.6000  warmup             1.9s
  101       931.3       309.9    0.3788   0.60   0.25    -1.6205  ramp 0%            2.0s
  102       852.9       308.6    0.3785   0.61   0.26    -1.6411  ramp 0%            1.9s
  103       872.9       326.1    0.3784   0.61   0.26    -1.6616  ramp 0%            2.0s
  104       839.2       257.2    0.3784   0.62   0.26    -1.6821  ramp 1%            1.9s
  105       786.2       264.9    0.3784   0.62   0.26    -1.7026  ramp 1%            2.0s
  106       796.8       282.0    0.3783   0.62   0.27    -1.7232  ramp 1%            2.0s
  107       733.7       300.4    0.3783   0.63   0.27    -1.7437  ramp 1%            1.9s
  108       936.5       274.7    0.3783   0.63   0.27    -1.7642  ramp 2%            2.1s
  109       657.5       281.9    0.3783   0.64   0.27    -1.7847  ramp 2%            1.9s
  [probe] gen=110 score=-21.4 net=0.658 fell=1.000
  110       861.1       325.5    0.3783   0.64   0.28    -1.8053  ramp 2%            2.0s
  111      1055.8       322.8    0.3783   0.64   0.28    -1.8258  ramp 2%            1.9s
  112       920.4       361.3    0.3782   0.65   0.28    -1.8463  ramp 3%            2.0s
  113       946.6       394.7    0.3782   0.65   0.28    -1.8668  ramp 3%            2.0s
  114       983.6       386.8    0.3781   0.66   0.28    -1.8874  ramp 3%            2.0s
  115      1019.2       325.6    0.3780   0.66   0.29    -1.9079  ramp 3%            2.0s
  116       753.2       295.4    0.3782   0.66   0.29    -1.9284  ramp 4%            2.0s
  117       976.6       340.7    0.3783   0.67   0.29    -1.9489  ramp 4%            2.1s
  118       845.9       331.5    0.3783   0.67   0.29    -1.9695  ramp 4%            1.9s
  119       856.4       310.5    0.3783   0.68   0.30    -1.9900  ramp 4%            2.0s
  [probe] gen=120 score=183.9 net=1.614 fell=1.000 [new best earth]
  120       946.4       292.5    0.3784   0.68   0.30    -2.0105  ramp 5%            2.1s
  121       719.6       239.0    0.3785   0.68   0.30    -2.0310  ramp 5%            1.7s
  122      1143.7       368.8    0.3787   0.69   0.30    -2.0516  ramp 5%            2.0s
  123       911.1       333.4    0.3788   0.69   0.31    -2.0721  ramp 5%            1.9s
  124       882.3       338.1    0.3790   0.70   0.31    -2.0926  ramp 6%            1.8s
  [plot] Saved fitness curve → experiments/thesis/gradual_transition/seed_01/fitness_curve.png
  125       838.3       320.0    0.3792   0.70   0.31    -2.1131  ramp 6%            2.0s
  126       884.7       340.5    0.3794   0.70   0.32    -2.1337  ramp 6%            1.9s
  127       953.5       345.1    0.3797   0.71   0.32    -2.1542  ramp 6%            1.9s
  128       913.7       438.1    0.3798   0.71   0.32    -2.1747  ramp 7%            2.1s
  129      1209.0       383.1    0.3799   0.72   0.32    -2.1952  ramp 7%            2.1s
  [probe] gen=130 score=206.8 net=1.666 fell=1.000 [new best earth]
  130      1154.4       435.5    0.3799   0.72   0.33    -2.2157  ramp 7%            1.9s
  131      1242.3       373.5    0.3800   0.72   0.33    -2.2363  ramp 7%            1.8s
  132      1158.0       445.5    0.3801   0.73   0.33    -2.2568  ramp 8%            2.0s
  133      1249.6       376.1    0.3801   0.73   0.33    -2.2773  ramp 8%            1.9s
  134      1117.9       443.5    0.3802   0.74   0.34    -2.2979  ramp 8%            1.9s
  135      1159.1       553.1    0.3803   0.74   0.34    -2.3184  ramp 8%            2.3s
  136      1074.3       357.5    0.3804   0.74   0.34    -2.3389  ramp 9%            1.7s
  137      1346.8       389.2    0.3804   0.75   0.34    -2.3594  ramp 9%            1.9s
  138      1512.4       529.7    0.3804   0.75   0.34    -2.3800  ramp 9%            2.1s
  139      1186.1       473.4    0.3806   0.76   0.35    -2.4005  ramp 9%            2.0s
  [probe] gen=140 score=94.9 net=1.250 fell=1.000
  140       866.1       452.1    0.3808   0.76   0.35    -2.4210  ramp 10%           2.0s
  141      1116.0       369.6    0.3809   0.76   0.35    -2.4415  ramp 10%           1.8s
  142      1124.6       373.2    0.3812   0.77   0.35    -2.4621  ramp 10%           1.8s
  143      1263.9       339.9    0.3814   0.77   0.36    -2.4826  ramp 10%           1.6s
  144      1014.4       404.3    0.3816   0.78   0.36    -2.5031  ramp 11%           1.9s
  145      1212.4       428.7    0.3819   0.78   0.36    -2.5236  ramp 11%           1.9s
  146       979.7       408.3    0.3823   0.78   0.36    -2.5442  ramp 11%           2.0s
  147      1181.1       440.8    0.3827   0.79   0.37    -2.5647  ramp 11%           1.9s
  148      1153.6       453.6    0.3830   0.79   0.37    -2.5852  ramp 12%           2.0s
  149      1280.8       423.3    0.3834   0.80   0.37    -2.6057  ramp 12%           2.0s
  [probe] gen=150 score=264.6 net=1.886 fell=1.000 [new best earth]
  [plot] Saved fitness curve → experiments/thesis/gradual_transition/seed_01/fitness_curve.png
  150      1061.7       361.4    0.3837   0.80   0.38    -2.6263  ramp 12%           1.8s
  151      1232.8       441.4    0.3842   0.80   0.38    -2.6468  ramp 12%           1.9s
  152      1057.0       440.0    0.3847   0.81   0.38    -2.6673  ramp 13%           1.9s
  153      1181.2       435.6    0.3851   0.81   0.38    -2.6878  ramp 13%           2.0s
  154      1144.0       388.0    0.3855   0.82   0.39    -2.7084  ramp 13%           1.9s
  155       997.8       379.0    0.3859   0.82   0.39    -2.7289  ramp 13%           1.8s
  156      1177.5       296.5    0.3863   0.82   0.39    -2.7494  ramp 14%           1.8s
  157       995.9       336.5    0.3866   0.83   0.39    -2.7699  ramp 14%           2.0s
  158       914.7       316.5    0.3868   0.83   0.40    -2.7904  ramp 14%           1.7s
  159      1461.3       307.6    0.3869   0.84   0.40    -2.8110  ramp 14%           1.6s
  [probe] gen=160 score=-41.0 net=0.689 fell=1.000
  160      1225.2       411.0    0.3870   0.84   0.40    -2.8315  ramp 15%           1.9s
  161      1351.0       411.7    0.3871   0.84   0.40    -2.8520  ramp 15%           1.8s
  162      1243.2       404.1    0.3873   0.85   0.41    -2.8726  ramp 15%           1.9s
  163      1308.3       540.1    0.3876   0.85   0.41    -2.8931  ramp 15%           1.9s
  164      1050.0       394.3    0.3879   0.86   0.41    -2.9136  ramp 16%           1.7s
  165      1629.9       514.2    0.3881   0.86   0.41    -2.9341  ramp 16%           1.9s
  166      1304.2       394.4    0.3883   0.86   0.41    -2.9546  ramp 16%           1.7s
  167      1138.6       417.8    0.3885   0.87   0.42    -2.9752  ramp 16%           1.9s
  168      1226.7       438.4    0.3886   0.87   0.42    -2.9957  ramp 17%           1.8s
  169      1190.1       338.2    0.3887   0.88   0.42    -3.0162  ramp 17%           1.7s
  [probe] gen=170 score=216.0 net=1.743 fell=1.000
  170      1053.8       384.2    0.3886   0.88   0.42    -3.0368  ramp 17%           1.8s
  171      1262.4       533.8    0.3886   0.88   0.43    -3.0573  ramp 17%           2.1s
  172      1092.2       507.3    0.3883   0.89   0.43    -3.0778  ramp 18%           2.0s
  173      1612.9       485.6    0.3879   0.89   0.43    -3.0983  ramp 18%           2.0s
  174      1348.9       547.1    0.3876   0.90   0.43    -3.1189  ramp 18%           2.3s
  [plot] Saved fitness curve → experiments/thesis/gradual_transition/seed_01/fitness_curve.png
  175      1290.3       491.9    0.3873   0.90   0.44    -3.1394  ramp 18%           1.9s
  176      1540.8       650.8    0.3869   0.90   0.44    -3.1599  ramp 19%           2.2s
  177      1051.2       460.8    0.3866   0.91   0.44    -3.1804  ramp 19%           2.0s
  178      1234.0       415.9    0.3862   0.91   0.45    -3.2010  ramp 19%           1.7s
  179      1652.8       542.1    0.3859   0.92   0.45    -3.2215  ramp 19%           2.0s
  [probe] gen=180 score=158.7 net=1.502 fell=1.000
  180      1138.6       488.5    0.3858   0.92   0.45    -3.2420  ramp 20%           1.9s
  181      1145.7       384.5    0.3857   0.92   0.45    -3.2625  ramp 20%           1.6s
  182      1264.3       442.9    0.3856   0.93   0.46    -3.2831  ramp 20%           1.9s
  183      1370.7       507.9    0.3855   0.93   0.46    -3.3036  ramp 20%           2.0s
  184      1681.7       575.8    0.3854   0.94   0.46    -3.3241  ramp 21%           2.1s
  185      1253.2       517.5    0.3854   0.94   0.46    -3.3446  ramp 21%           1.9s
  186      1253.5       606.2    0.3854   0.94   0.47    -3.3652  ramp 21%           2.1s
  187      1420.3       499.8    0.3855   0.95   0.47    -3.3857  ramp 21%           1.9s
  188      1427.8       632.2    0.3856   0.95   0.47    -3.4062  ramp 22%           2.1s
  189      1381.7       463.9    0.3858   0.96   0.47    -3.4267  ramp 22%           1.9s
  [probe] gen=190 score=251.5 net=1.788 fell=1.000
  190      1466.9       467.1    0.3860   0.96   0.47    -3.4473  ramp 22%           1.9s
  191      1450.9       480.7    0.3862   0.96   0.48    -3.4678  ramp 22%           2.0s
  192      1577.4       499.1    0.3863   0.97   0.48    -3.4883  ramp 23%           1.9s
  193      1308.3       481.4    0.3865   0.97   0.48    -3.5088  ramp 23%           1.9s
  194      1556.0       528.1    0.3866   0.98   0.48    -3.5293  ramp 23%           1.9s
  195      1784.4       529.0    0.3868   0.98   0.49    -3.5499  ramp 23%           2.1s
  196      1520.1       495.1    0.3870   0.98   0.49    -3.5704  ramp 24%           1.9s
  197      1726.1       589.4    0.3873   0.99   0.49    -3.5909  ramp 24%           2.1s
  198      1703.3       514.1    0.3876   0.99   0.49    -3.6115  ramp 24%           1.9s
  199      1748.4       561.1    0.3877   1.00   0.50    -3.6320  ramp 24%           1.9s
  [probe] gen=200 score=-3.5 net=0.690 fell=1.000
  [plot] Saved fitness curve → experiments/thesis/gradual_transition/seed_01/fitness_curve.png
  200      1549.5       521.7    0.3880   1.00   0.50    -3.6525  ramp 25%           2.0s
  201      1428.4       461.3    0.3883   1.00   0.50    -3.6730  ramp 25%           1.8s
  202      1609.6       557.4    0.3884   1.00   0.50    -3.6936  ramp 25%           2.1s
  203      1639.4       571.1    0.3885   1.00   0.50    -3.7141  ramp 25%           2.0s
  204      1824.1       654.7    0.3884   1.00   0.50    -3.7346  ramp 26%           2.2s
  205      1617.9       571.2    0.3882   1.00   0.50    -3.7551  ramp 26%           1.9s
  206      1470.5       675.8    0.3880   1.00   0.50    -3.7757  ramp 26%           2.0s
  207      1899.4       599.6    0.3878   1.00   0.50    -3.7962  ramp 26%           2.1s
  208      1694.4       687.8    0.3877   1.00   0.50    -3.8167  ramp 27%           2.1s
  209      1663.5       719.4    0.3875   1.00   0.50    -3.8372  ramp 27%           2.2s
  [probe] gen=210 score=218.0 net=1.692 fell=1.000
  210      1881.2       643.6    0.3874   1.00   0.50    -3.8578  ramp 27%           2.1s
  211      1361.8       550.0    0.3872   1.00   0.50    -3.8783  ramp 27%           1.9s
  212      1695.6       659.6    0.3870   1.00   0.50    -3.8988  ramp 28%           2.1s
  213      1550.8       488.6    0.3868   1.00   0.50    -3.9193  ramp 28%           1.8s
  214      1737.4       662.9    0.3866   1.00   0.50    -3.9399  ramp 28%           2.2s
  215      1659.7       519.9    0.3863   1.00   0.50    -3.9604  ramp 28%           1.9s
  216      1766.5       565.4    0.3860   1.00   0.50    -3.9809  ramp 28%           2.0s
  217      1713.3       676.2    0.3857   1.00   0.50    -4.0014  ramp 29%           2.1s
  218      1417.5       560.5    0.3853   1.00   0.50    -4.0220  ramp 29%           2.0s
  219      1496.5       598.4    0.3847   1.00   0.50    -4.0425  ramp 29%           2.1s
  [probe] gen=220 score=304.3 net=2.092 fell=1.000 [new best earth]
  220      1691.2       445.4    0.3844   1.00   0.50    -4.0630  ramp 30%           1.8s
  221      1855.4       593.7    0.3840   1.00   0.50    -4.0835  ramp 30%           1.9s
  222      1766.8       597.7    0.3836   1.00   0.50    -4.1041  ramp 30%           2.1s
  223      1695.8       741.6    0.3831   1.00   0.50    -4.1246  ramp 30%           2.3s
  224      1696.4       609.2    0.3826   1.00   0.50    -4.1451  ramp 31%           2.1s
  [plot] Saved fitness curve → experiments/thesis/gradual_transition/seed_01/fitness_curve.png
  225      1654.7       472.2    0.3822   1.00   0.50    -4.1656  ramp 31%           1.9s
  226      1669.6       498.7    0.3820   1.00   0.50    -4.1862  ramp 31%           2.0s
  227      1468.0       657.3    0.3817   1.00   0.50    -4.2067  ramp 31%           2.1s
  228      1812.6       628.9    0.3814   1.00   0.50    -4.2272  ramp 32%           2.2s
  229      1553.8       511.3    0.3812   1.00   0.50    -4.2477  ramp 32%           1.9s
  [probe] gen=230 score=274.1 net=1.903 fell=1.000
  230      1601.7       564.4    0.3807   1.00   0.50    -4.2683  ramp 32%           2.0s
  231      1832.9       695.7    0.3801   1.00   0.50    -4.2888  ramp 32%           2.2s
  232      1731.5       744.8    0.3796   1.00   0.50    -4.3093  ramp 33%           2.3s
  233      1626.3       682.6    0.3791   1.00   0.50    -4.3298  ramp 33%           2.2s
  234      1570.6       553.3    0.3786   1.00   0.50    -4.3504  ramp 33%           1.9s
  235      1906.9       586.5    0.3780   1.00   0.50    -4.3709  ramp 33%           2.1s
  236      1617.9       490.2    0.3774   1.00   0.50    -4.3914  ramp 34%           1.8s
  237      1540.5       602.8    0.3769   1.00   0.50    -4.4119  ramp 34%           2.0s
  238      1611.9       630.9    0.3766   1.00   0.50    -4.4325  ramp 34%           2.2s
  239      1795.7       761.2    0.3762   1.00   0.50    -4.4530  ramp 34%           2.4s
  [probe] gen=240 score=296.1 net=2.157 fell=1.000
  240      1462.5       595.0    0.3759   1.00   0.50    -4.4735  ramp 35%           2.2s
  241      1461.6       615.6    0.3757   1.00   0.50    -4.4940  ramp 35%           2.2s
  242      1691.1       764.5    0.3755   1.00   0.50    -4.5145  ramp 35%           2.5s
  243      1740.9       681.1    0.3754   1.00   0.50    -4.5351  ramp 35%           2.2s
  244      1586.6       523.8    0.3752   1.00   0.50    -4.5556  ramp 36%           1.9s
  245      1537.0       614.6    0.3749   1.00   0.50    -4.5761  ramp 36%           2.2s
  246      1526.3       572.9    0.3748   1.00   0.50    -4.5967  ramp 36%           2.2s
  247      1497.8       551.7    0.3745   1.00   0.50    -4.6172  ramp 36%           2.1s
  248      1879.9       751.9    0.3742   1.00   0.50    -4.6377  ramp 37%           2.4s
  249      1895.2       724.9    0.3739   1.00   0.50    -4.6582  ramp 37%           2.1s
  [probe] gen=250 score=238.4 net=1.813 fell=1.000
  [plot] Saved fitness curve → experiments/thesis/gradual_transition/seed_01/fitness_curve.png
  250      1790.3       648.4    0.3738   1.00   0.50    -4.6788  ramp 37%           2.2s
  251      1654.3       508.0    0.3736   1.00   0.50    -4.6993  ramp 37%           2.0s
  252      1717.1       666.2    0.3734   1.00   0.50    -4.7198  ramp 38%           2.4s
  253      1682.4       479.9    0.3730   1.00   0.50    -4.7403  ramp 38%           2.1s
  254      1554.8       698.5    0.3727   1.00   0.50    -4.7609  ramp 38%           2.3s
  255      1814.9       682.0    0.3725   1.00   0.50    -4.7814  ramp 38%           2.3s
  256      1724.8       744.2    0.3721   1.00   0.50    -4.8019  ramp 39%           2.3s
  257      1540.3       759.8    0.3718   1.00   0.50    -4.8224  ramp 39%           2.3s
  258      1674.6       652.7    0.3715   1.00   0.50    -4.8430  ramp 39%           2.3s
  259      1550.0       610.7    0.3712   1.00   0.50    -4.8635  ramp 39%           2.1s
  [probe] gen=260 score=232.5 net=1.750 fell=1.000
  260      1513.9       735.8    0.3709   1.00   0.50    -4.8840  ramp 40%           2.3s
  261      1874.1       715.4    0.3705   1.00   0.50    -4.9045  ramp 40%           2.3s
  262      1540.3       751.1    0.3702   1.00   0.50    -4.9251  ramp 40%           2.4s
  263      1667.6       734.6    0.3699   1.00   0.50    -4.9456  ramp 40%           2.5s
  264      1693.4       709.5    0.3696   1.00   0.50    -4.9661  ramp 41%           2.3s
  265      1729.2       739.1    0.3694   1.00   0.50    -4.9866  ramp 41%           2.6s
  266      1580.1       850.6    0.3693   1.00   0.50    -5.0072  ramp 41%           2.3s
  267      1594.1       755.6    0.3692   1.00   0.50    -5.0277  ramp 41%           2.3s
  268      1705.6       777.8    0.3691   1.00   0.50    -5.0482  ramp 42%           2.4s
  269      1514.9       819.3    0.3690   1.00   0.50    -5.0687  ramp 42%           2.4s
  [probe] gen=270 score=240.7 net=1.820 fell=1.000
  270      1690.8       791.0    0.3689   1.00   0.50    -5.0892  ramp 42%           2.5s
  271      1599.6       750.6    0.3690   1.00   0.50    -5.1098  ramp 42%           2.5s
  272      1712.3       794.6    0.3690   1.00   0.50    -5.1303  ramp 43%           2.5s
  273      1424.8       697.1    0.3690   1.00   0.50    -5.1508  ramp 43%           2.3s
  274      1627.8       713.9    0.3689   1.00   0.50    -5.1714  ramp 43%           2.5s
  [plot] Saved fitness curve → experiments/thesis/gradual_transition/seed_01/fitness_curve.png
  275      1826.3       793.4    0.3689   1.00   0.50    -5.1919  ramp 43%           2.6s
  276      1587.7       696.6    0.3689   1.00   0.50    -5.2124  ramp 44%           2.2s
  277      1755.3       812.5    0.3690   1.00   0.50    -5.2329  ramp 44%           2.5s
  278      1767.8       772.1    0.3691   1.00   0.50    -5.2535  ramp 44%           2.5s
  279      1553.4       813.0    0.3691   1.00   0.50    -5.2740  ramp 44%           2.5s
  [probe] gen=280 score=361.6 net=2.345 fell=1.000 [new best earth]
  280      1770.2       826.7    0.3691   1.00   0.50    -5.2945  ramp 45%           2.5s
  281      1861.6       785.7    0.3695   1.00   0.50    -5.3150  ramp 45%           2.2s
  282      1754.2       593.6    0.3698   1.00   0.50    -5.3356  ramp 45%           2.0s
  283      1796.9       600.3    0.3702   1.00   0.50    -5.3561  ramp 45%           2.1s
  284      1806.0       629.1    0.3706   1.00   0.50    -5.3766  ramp 46%           2.1s
  285      1768.7       847.9    0.3710   1.00   0.50    -5.3971  ramp 46%           2.4s
  286      1789.2       806.7    0.3713   1.00   0.50    -5.4177  ramp 46%           2.6s
  287      1780.9       549.4    0.3716   1.00   0.50    -5.4382  ramp 46%           1.9s
  288      1845.2       663.2    0.3718   1.00   0.50    -5.4587  ramp 47%           2.1s
  289      1210.8       479.4    0.3719   1.00   0.50    -5.4792  ramp 47%           1.9s
  [probe] gen=290 score=270.0 net=1.918 fell=1.000
  290      1520.6       500.6    0.3721   1.00   0.50    -5.4998  ramp 47%           1.9s
  291      1554.0       685.5    0.3722   1.00   0.50    -5.5203  ramp 47%           2.5s
  292      1440.4       550.6    0.3722   1.00   0.50    -5.5408  ramp 48%           1.8s
  293      1664.2       636.3    0.3721   1.00   0.50    -5.5613  ramp 48%           2.3s
  294      1649.5       760.0    0.3720   1.00   0.50    -5.5819  ramp 48%           2.2s
  295      1554.3       665.0    0.3719   1.00   0.50    -5.6024  ramp 48%           2.2s
  296      1781.2       672.3    0.3716   1.00   0.50    -5.6229  ramp 49%           2.1s
  297      1735.7       751.0    0.3716   1.00   0.50    -5.6434  ramp 49%           2.1s
  298      1707.3       653.6    0.3714   1.00   0.50    -5.6639  ramp 49%           2.2s
  299      1801.5       751.0    0.3713   1.00   0.50    -5.6845  ramp 49%           2.3s
  [probe] gen=300 score=236.4 net=1.759 fell=1.000
  [plot] Saved fitness curve → experiments/thesis/gradual_transition/seed_01/fitness_curve.png
  300      1508.9       736.6    0.3711   1.00   0.50    -5.7050  ramp 50%           2.2s
  301      1631.6       577.9    0.3709   1.00   0.50    -5.7255  ramp 50%           1.9s
  302      1617.2       713.3    0.3708   1.00   0.50    -5.7461  ramp 50%           2.1s
  303      1667.2       696.9    0.3708   1.00   0.50    -5.7666  ramp 50%           2.3s
  304      1419.7       484.6    0.3706   1.00   0.50    -5.7871  ramp 51%           2.0s
  305      1693.5       787.3    0.3705   1.00   0.50    -5.8076  ramp 51%           2.4s
  306      1817.3       684.9    0.3704   1.00   0.50    -5.8282  ramp 51%           2.2s
  307      1852.8       766.3    0.3704   1.00   0.50    -5.8487  ramp 51%           2.2s
  308      1430.5       688.7    0.3703   1.00   0.50    -5.8692  ramp 52%           2.0s
  309      1897.7       730.7    0.3702   1.00   0.50    -5.8897  ramp 52%           2.2s
  [probe] gen=310 score=282.8 net=1.881 fell=1.000
  310      1720.0       849.4    0.3701   1.00   0.50    -5.9103  ramp 52%           2.7s
  311      1724.5       630.4    0.3700   1.00   0.50    -5.9308  ramp 52%           2.1s
  312      1199.5       447.8    0.3699   1.00   0.50    -5.9513  ramp 53%           1.7s
  313      1683.6       684.9    0.3698   1.00   0.50    -5.9718  ramp 53%           2.1s
  314      1577.1       619.3    0.3695   1.00   0.50    -5.9924  ramp 53%           2.1s
  315      1695.1       591.2    0.3692   1.00   0.50    -6.0129  ramp 53%           2.1s
  316      1683.1       521.1    0.3689   1.00   0.50    -6.0334  ramp 54%           1.9s
  317      1670.9       547.7    0.3689   1.00   0.50    -6.0539  ramp 54%           2.0s
  318      1338.3       552.0    0.3688   1.00   0.50    -6.0745  ramp 54%           1.9s
  319      1512.7       554.3    0.3686   1.00   0.50    -6.0950  ramp 54%           2.0s
  [probe] gen=320 score=104.2 net=1.083 fell=1.000
  320      1565.9       608.1    0.3685   1.00   0.50    -6.1155  ramp 55%           2.1s
  321      1714.2       702.2    0.3684   1.00   0.50    -6.1360  ramp 55%           2.2s
  322      1548.4       636.3    0.3683   1.00   0.50    -6.1566  ramp 55%           2.3s
  323      1635.7       348.9    0.3681   1.00   0.50    -6.1771  ramp 55%           2.0s
  324      1721.2       509.6    0.3679   1.00   0.50    -6.1976  ramp 56%           2.1s
  [plot] Saved fitness curve → experiments/thesis/gradual_transition/seed_01/fitness_curve.png
  325      1543.7       412.4    0.3677   1.00   0.50    -6.2181  ramp 56%           1.8s
  326      1821.3       622.0    0.3675   1.00   0.50    -6.2386  ramp 56%           2.1s
  327      1830.3       544.3    0.3670   1.00   0.50    -6.2592  ramp 56%           1.9s
  328      1611.0       570.9    0.3666   1.00   0.50    -6.2797  ramp 56%           2.2s
  329      1526.6       619.5    0.3661   1.00   0.50    -6.3002  ramp 57%           2.2s
  [probe] gen=330 score=20.4 net=0.807 fell=1.000
  330      1584.0       607.6    0.3657   1.00   0.50    -6.3208  ramp 57%           2.2s
  331      1544.9       710.7    0.3651   1.00   0.50    -6.3413  ramp 57%           2.3s
  332      1524.2       534.1    0.3647   1.00   0.50    -6.3618  ramp 57%           1.9s
  333      1768.3       616.9    0.3642   1.00   0.50    -6.3823  ramp 58%           2.4s
  334      1682.6       695.5    0.3636   1.00   0.50    -6.4029  ramp 58%           2.3s
  335      1751.5       597.8    0.3630   1.00   0.50    -6.4234  ramp 58%           2.4s
  336      1700.9       603.4    0.3625   1.00   0.50    -6.4439  ramp 59%           1.9s
  337      1707.5       615.7    0.3621   1.00   0.50    -6.4644  ramp 59%           2.0s
  338      1555.7       600.4    0.3619   1.00   0.50    -6.4849  ramp 59%           2.1s
  339      1683.3       620.3    0.3616   1.00   0.50    -6.5055  ramp 59%           2.1s
  [probe] gen=340 score=277.7 net=1.990 fell=1.000
  340      1788.2       616.2    0.3612   1.00   0.50    -6.5260  ramp 60%           2.1s
  341      1709.5       688.0    0.3610   1.00   0.50    -6.5465  ramp 60%           2.0s
  342      1570.7       581.6    0.3607   1.00   0.50    -6.5671  ramp 60%           2.1s
  343      1903.0       772.4    0.3605   1.00   0.50    -6.5876  ramp 60%           2.4s
  344      1597.2       570.7    0.3603   1.00   0.50    -6.6081  ramp 61%           2.0s
  345      1655.8       799.5    0.3601   1.00   0.50    -6.6286  ramp 61%           2.4s
  346      1501.6       616.8    0.3599   1.00   0.50    -6.6492  ramp 61%           2.0s
  347      1604.0       531.1    0.3598   1.00   0.50    -6.6697  ramp 61%           2.0s
  348      1645.9       776.7    0.3595   1.00   0.50    -6.6902  ramp 62%           2.3s
  349      1636.7       580.8    0.3593   1.00   0.50    -6.7107  ramp 62%           1.9s
  [probe] gen=350 score=381.4 net=2.527 fell=1.000 [new best earth]
  [plot] Saved fitness curve → experiments/thesis/gradual_transition/seed_01/fitness_curve.png
  350      1582.7       609.0    0.3591   1.00   0.50    -6.7313  ramp 62%           2.0s
  351      1674.9       581.7    0.3589   1.00   0.50    -6.7518  ramp 62%           2.1s
  352      1717.5       776.7    0.3589   1.00   0.50    -6.7723  ramp 63%           2.5s
  353      1559.0       825.7    0.3589   1.00   0.50    -6.7928  ramp 63%           2.2s
  354      1722.9       722.8    0.3588   1.00   0.50    -6.8134  ramp 63%           2.0s
  355      1865.1       750.9    0.3589   1.00   0.50    -6.8339  ramp 63%           2.4s
  356      1777.6       721.1    0.3589   1.00   0.50    -6.8544  ramp 64%           2.1s
  357      1775.8       616.1    0.3589   1.00   0.50    -6.8749  ramp 64%           2.1s
  358      1718.6       854.2    0.3588   1.00   0.50    -6.8955  ramp 64%           2.5s
  359      1757.6       827.4    0.3587   1.00   0.50    -6.9160  ramp 64%           2.3s
  [probe] gen=360 score=974.6 net=5.277 fell=1.000 [new best earth]
  360      1457.6       584.1    0.3587   1.00   0.50    -6.9365  ramp 65%           2.1s
  361      1814.3       929.4    0.3587   1.00   0.50    -6.9570  ramp 65%           2.3s
  362      1691.4       720.6    0.3587   1.00   0.50    -6.9776  ramp 65%           2.1s
  363      1561.3       712.6    0.3585   1.00   0.50    -6.9981  ramp 65%           2.0s
  364      1663.3       760.1    0.3582   1.00   0.50    -7.0186  ramp 66%           2.3s
  365      1705.9       614.0    0.3579   1.00   0.50    -7.0391  ramp 66%           2.3s
  366      1612.3       722.8    0.3575   1.00   0.50    -7.0597  ramp 66%           2.3s
  367      1796.4       707.8    0.3571   1.00   0.50    -7.0802  ramp 66%           2.4s
  368      1827.0       772.3    0.3567   1.00   0.50    -7.1007  ramp 67%           2.2s
  369      1701.2       772.0    0.3563   1.00   0.50    -7.1212  ramp 67%           2.2s
  [probe] gen=370 score=424.0 net=2.817 fell=1.000
  370      1706.0       673.9    0.3559   1.00   0.50    -7.1418  ramp 67%           2.0s
  371      1754.5       689.7    0.3556   1.00   0.50    -7.1623  ramp 67%           2.0s
  372      1669.3       924.8    0.3553   1.00   0.50    -7.1828  ramp 68%           2.5s
  373      1714.7       826.8    0.3548   1.00   0.50    -7.2033  ramp 68%           2.4s
  374      1655.0       894.0    0.3544   1.00   0.50    -7.2239  ramp 68%           2.3s
  [plot] Saved fitness curve → experiments/thesis/gradual_transition/seed_01/fitness_curve.png
  375      1972.9       935.9    0.3541   1.00   0.50    -7.2444  ramp 68%           2.6s
  376      1656.6       775.1    0.3538   1.00   0.50    -7.2649  ramp 69%           2.2s
  377      1757.0       760.7    0.3535   1.00   0.50    -7.2854  ramp 69%           2.1s
  378      1780.7       946.6    0.3532   1.00   0.50    -7.3060  ramp 69%           2.5s
  379      1617.6       717.9    0.3528   1.00   0.50    -7.3265  ramp 69%           2.0s
  [probe] gen=380 score=421.1 net=2.806 fell=1.000
  380      1800.8       672.6    0.3524   1.00   0.50    -7.3470  ramp 70%           2.2s
  381      1684.0       620.6    0.3520   1.00   0.50    -7.3675  ramp 70%           1.9s
  382      1486.6       598.0    0.3518   1.00   0.50    -7.3880  ramp 70%           2.0s
  383      1762.6       686.3    0.3515   1.00   0.50    -7.4086  ramp 70%           2.3s
  384      1557.5       570.8    0.3511   1.00   0.50    -7.4291  ramp 71%           2.1s
  385      1576.4       621.3    0.3507   1.00   0.50    -7.4496  ramp 71%           1.9s
  386      1718.6       544.1    0.3504   1.00   0.50    -7.4702  ramp 71%           1.8s
  387      1716.3       569.6    0.3500   1.00   0.50    -7.4907  ramp 71%           2.0s
  388      1675.7       619.5    0.3498   1.00   0.50    -7.5112  ramp 72%           2.1s
  389      1578.1       560.9    0.3495   1.00   0.50    -7.5317  ramp 72%           1.8s
  [probe] gen=390 score=486.3 net=3.173 fell=1.000
  390      1701.2       786.4    0.3492   1.00   0.50    -7.5523  ramp 72%           2.3s
  391      1578.7       603.4    0.3489   1.00   0.50    -7.5728  ramp 72%           1.8s
  392      1570.4       683.4    0.3486   1.00   0.50    -7.5933  ramp 73%           2.0s
  393      1585.7       650.0    0.3483   1.00   0.50    -7.6138  ramp 73%           2.0s
  394      1654.4       713.1    0.3481   1.00   0.50    -7.6344  ramp 73%           2.2s
  395      1693.2       666.3    0.3480   1.00   0.50    -7.6549  ramp 73%           1.9s
  396      1580.1       732.2    0.3480   1.00   0.50    -7.6754  ramp 74%           2.3s
  397      1643.0       507.2    0.3480   1.00   0.50    -7.6959  ramp 74%           1.9s
  398      1610.7       744.1    0.3479   1.00   0.50    -7.7165  ramp 74%           2.3s
  399      1506.5       650.0    0.3478   1.00   0.50    -7.7370  ramp 74%           2.3s
  [probe] gen=400 score=465.0 net=3.040 fell=1.000
  [plot] Saved fitness curve → experiments/thesis/gradual_transition/seed_01/fitness_curve.png
  400      1662.3       604.7    0.3478   1.00   0.50    -7.7575  ramp 75%           2.1s
  401      1503.3       806.4    0.3479   1.00   0.50    -7.7780  ramp 75%           2.5s
  402      1813.3       782.4    0.3479   1.00   0.50    -7.7986  ramp 75%           2.4s
  403      1671.0       537.7    0.3478   1.00   0.50    -7.8191  ramp 75%           1.8s
  404      1538.7       651.9    0.3478   1.00   0.50    -7.8396  ramp 76%           2.2s
  405      1484.7       682.3    0.3480   1.00   0.50    -7.8601  ramp 76%           2.3s
  406      1569.3       625.8    0.3482   1.00   0.50    -7.8807  ramp 76%           2.1s
  407      1559.6       650.9    0.3484   1.00   0.50    -7.9012  ramp 76%           2.2s
  408      1539.6       666.4    0.3485   1.00   0.50    -7.9217  ramp 77%           2.3s
  409      1794.5       662.9    0.3486   1.00   0.50    -7.9422  ramp 77%           2.2s
  [probe] gen=410 score=717.4 net=4.167 fell=0.900
  410      1611.4       827.5    0.3489   1.00   0.50    -7.9628  ramp 77%           3.0s
  411      1321.7       555.6    0.3492   1.00   0.50    -7.9833  ramp 77%           2.3s
  412      1668.2       585.6    0.3493   1.00   0.50    -8.0038  ramp 78%           2.5s
  413      1559.7       758.0    0.3493   1.00   0.50    -8.0243  ramp 78%           2.1s
  414      1717.5       681.9    0.3492   1.00   0.50    -8.0449  ramp 78%           1.9s
  415      1659.0       692.6    0.3493   1.00   0.50    -8.0654  ramp 78%           1.9s
  416      1769.4       728.7    0.3492   1.00   0.50    -8.0859  ramp 79%           2.2s
  417      1617.2       511.7    0.3494   1.00   0.50    -8.1064  ramp 79%           1.9s
  418      1773.2       430.0    0.3495   1.00   0.50    -8.1270  ramp 79%           2.3s
  419      1615.0       627.0    0.3496   1.00   0.50    -8.1475  ramp 79%           2.2s
  [probe] gen=420 score=1363.7 net=7.125 fell=0.800 [new best earth]
  420      1638.5       774.0    0.3498   1.00   0.50    -8.1680  ramp 80%           2.6s
  421      1620.8       637.4    0.3501   1.00   0.50    -8.1885  ramp 80%           2.1s
  422      1615.6       553.1    0.3504   1.00   0.50    -8.2091  ramp 80%           1.7s
  423      1637.7       603.5    0.3507   1.00   0.50    -8.2296  ramp 80%           2.0s
  424      1694.2       687.5    0.3507   1.00   0.50    -8.2501  ramp 81%           1.9s
  [plot] Saved fitness curve → experiments/thesis/gradual_transition/seed_01/fitness_curve.png
  425      1560.1       550.4    0.3509   1.00   0.50    -8.2706  ramp 81%           1.8s
  426      1703.6       711.2    0.3510   1.00   0.50    -8.2912  ramp 81%           2.0s
  427      1734.5       620.4    0.3511   1.00   0.50    -8.3117  ramp 81%           1.9s
  428      1652.2       617.7    0.3511   1.00   0.50    -8.3322  ramp 82%           1.8s
  429      1737.1       802.9    0.3513   1.00   0.50    -8.3527  ramp 82%           2.2s
  [probe] gen=430 score=934.0 net=5.374 fell=1.000
  430      1657.9       544.1    0.3514   1.00   0.50    -8.3733  ramp 82%           1.9s
  431      1436.1       595.0    0.3515   1.00   0.50    -8.3938  ramp 82%           1.7s
  432      1706.2       633.2    0.3517   1.00   0.50    -8.4143  ramp 83%           2.0s
  433      1567.9       577.9    0.3516   1.00   0.50    -8.4348  ramp 83%           2.1s
  434      1580.8       502.6    0.3517   1.00   0.50    -8.4554  ramp 83%           1.9s
  435      1678.2       538.1    0.3518   1.00   0.50    -8.4759  ramp 83%           1.9s
  436      1652.8       637.8    0.3518   1.00   0.50    -8.4964  ramp 84%           2.1s
  437      1557.7       718.8    0.3518   1.00   0.50    -8.5169  ramp 84%           2.2s
  438      1598.1       520.5    0.3520   1.00   0.50    -8.5374  ramp 84%           1.9s
  439      1566.4       693.3    0.3521   1.00   0.50    -8.5580  ramp 84%           1.9s
  [probe] gen=440 score=1332.4 net=6.626 fell=0.500
  440      1335.8       496.1    0.3521   1.00   0.50    -8.5785  ramp 85%           1.8s
  441      1408.5       648.3    0.3519   1.00   0.50    -8.5990  ramp 85%           2.0s
  442      1767.3       470.7    0.3518   1.00   0.50    -8.6196  ramp 85%           1.6s
  443      1643.5       507.1    0.3516   1.00   0.50    -8.6401  ramp 85%           1.8s
  444      1825.0       546.4    0.3514   1.00   0.50    -8.6606  ramp 86%           1.9s
  445      1328.6       475.9    0.3511   1.00   0.50    -8.6811  ramp 86%           1.7s
  446      1562.1       528.7    0.3510   1.00   0.50    -8.7017  ramp 86%           2.0s
  447      1712.1       325.0    0.3509   1.00   0.50    -8.7222  ramp 86%           1.6s
  448      1780.9       616.5    0.3507   1.00   0.50    -8.7427  ramp 87%           1.9s
  449      1625.2       618.7    0.3505   1.00   0.50    -8.7632  ramp 87%           2.0s
  [probe] gen=450 score=607.7 net=3.776 fell=1.000
  [plot] Saved fitness curve → experiments/thesis/gradual_transition/seed_01/fitness_curve.png
  450      1838.2       555.4    0.3502   1.00   0.50    -8.7838  ramp 87%           1.8s
  451      1679.2       504.4    0.3497   1.00   0.50    -8.8043  ramp 87%           1.7s
  452      1774.5       509.2    0.3492   1.00   0.50    -8.8248  ramp 88%           1.5s
  453      1689.0       609.4    0.3487   1.00   0.50    -8.8453  ramp 88%           1.9s
  454      1705.9       483.5    0.3483   1.00   0.50    -8.8659  ramp 88%           1.6s
  455      1593.4       461.9    0.3477   1.00   0.50    -8.8864  ramp 88%           1.7s
  456      1664.3       818.3    0.3473   1.00   0.50    -8.9069  ramp 89%           2.4s
  457      1559.6       519.0    0.3469   1.00   0.50    -8.9274  ramp 89%           1.8s
  458      1697.9       574.7    0.3466   1.00   0.50    -8.9480  ramp 89%           2.0s
  459      1489.3       527.2    0.3462   1.00   0.50    -8.9685  ramp 89%           2.1s
  [probe] gen=460 score=1307.5 net=6.575 fell=0.600
  460      1562.2       528.9    0.3457   1.00   0.50    -8.9890  ramp 90%           2.1s
  461      1491.1       317.6    0.3453   1.00   0.50    -9.0095  ramp 90%           1.7s
  462      1456.7       528.2    0.3449   1.00   0.50    -9.0301  ramp 90%           2.1s
  463      1286.5       245.9    0.3445   1.00   0.50    -9.0506  ramp 90%           1.5s
  464      1362.3       310.6    0.3442   1.00   0.50    -9.0711  ramp 91%           1.6s
  465      1499.1       325.4    0.3440   1.00   0.50    -9.0916  ramp 91%           1.5s
  466      1615.9       418.9    0.3439   1.00   0.50    -9.1122  ramp 91%           1.6s
  467      1732.4       621.2    0.3436   1.00   0.50    -9.1327  ramp 91%           2.1s
  468      1593.6       542.2    0.3433   1.00   0.50    -9.1532  ramp 92%           2.0s
  469      1458.5       526.5    0.3429   1.00   0.50    -9.1737  ramp 92%           2.1s
  [probe] gen=470 score=1479.4 net=7.233 fell=0.600 [new best earth]
  470      1542.6       444.6    0.3425   1.00   0.50    -9.1943  ramp 92%           1.9s
  471      1506.2       555.8    0.3422   1.00   0.50    -9.2148  ramp 92%           1.8s
  472      1451.9       588.1    0.3417   1.00   0.50    -9.2353  ramp 93%           2.0s
  473      1391.3       450.7    0.3410   1.00   0.50    -9.2558  ramp 93%           1.8s
  474      1484.3       564.2    0.3403   1.00   0.50    -9.2764  ramp 93%           2.0s
  [plot] Saved fitness curve → experiments/thesis/gradual_transition/seed_01/fitness_curve.png
  475      1571.9       639.1    0.3397   1.00   0.50    -9.2969  ramp 93%           2.2s
  476      1488.4       346.8    0.3392   1.00   0.50    -9.3174  ramp 94%           1.7s
  477      1425.3       425.1    0.3385   1.00   0.50    -9.3379  ramp 94%           1.9s
  478      1575.1       383.4    0.3379   1.00   0.50    -9.3585  ramp 94%           1.8s
  479      1546.8       602.5    0.3373   1.00   0.50    -9.3790  ramp 94%           2.0s
  [probe] gen=480 score=1539.0 net=7.488 fell=0.400 [new best earth]
  480      1560.6       464.3    0.3368   1.00   0.50    -9.3995  ramp 95%           1.8s
  481      1707.4       756.0    0.3363   1.00   0.50    -9.4200  ramp 95%           2.1s
  482      1524.3       638.7    0.3357   1.00   0.50    -9.4405  ramp 95%           1.9s
  483      1355.2       475.1    0.3351   1.00   0.50    -9.4611  ramp 95%           1.7s
  484      1545.7       634.6    0.3346   1.00   0.50    -9.4816  ramp 96%           2.1s
  485      1569.5       648.9    0.3340   1.00   0.50    -9.5021  ramp 96%           2.0s
  486      1625.2       605.0    0.3335   1.00   0.50    -9.5227  ramp 96%           2.0s
  487      1385.7       536.0    0.3329   1.00   0.50    -9.5432  ramp 96%           1.8s
  488      1419.8       594.5    0.3322   1.00   0.50    -9.5637  ramp 97%           2.1s
  489      1581.3       565.1    0.3317   1.00   0.50    -9.5842  ramp 97%           2.1s
  [probe] gen=490 score=1577.9 net=7.583 fell=0.200 [new best earth]
  490      1588.8       732.6    0.3312   1.00   0.50    -9.6048  ramp 97%           2.1s
  491      1587.8       610.6    0.3305   1.00   0.50    -9.6253  ramp 97%           2.1s
  492      1510.6       588.4    0.3299   1.00   0.50    -9.6458  ramp 98%           2.0s
  493      1836.2       775.2    0.3294   1.00   0.50    -9.6663  ramp 98%           2.2s
  494      1678.0       639.0    0.3288   1.00   0.50    -9.6868  ramp 98%           2.1s
  495      1446.3       569.2    0.3282   1.00   0.50    -9.7074  ramp 98%           1.9s
  496      1615.1       668.9    0.3277   1.00   0.50    -9.7279  ramp 99%           2.0s
  497      1540.9       451.9    0.3272   1.00   0.50    -9.7484  ramp 99%           1.7s
  498      1654.9       573.0    0.3267   1.00   0.50    -9.7690  ramp 99%           1.9s
  499      1609.3       551.6    0.3261   1.00   0.50    -9.7895  ramp 99%           1.6s
  [plot] Saved fitness curve → experiments/thesis/gradual_transition/seed_01/fitness_curve.png

Training complete. Best fitness: 1972.9
Best params → experiments/thesis/gradual_transition/seed_01/checkpoints/best_params.npy
Fitness curve → experiments/thesis/gradual_transition/seed_01/fitness_curve.png
Eval params  → best_earth_params (earth probe score: 1577.9)
Final Earth scorecard | score=1562.7 net=7.391 fell=0.100
Gravity sweep | gravities=5 mean_net=4.656 worst_net=0.941
  [exp] Wrote experiments/thesis/gradual_transition/seed_01/experiment.json
  [exp] Wrote experiments/thesis/gradual_transition/seed_01/training_log.csv
  [exp] Wrote experiments/thesis/gradual_transition/seed_01/earth_probe.csv
  [exp] Wrote experiments/thesis/gradual_transition/seed_01/gravity_sweep.csv
  [exp] Wrote experiments/thesis/gradual_transition/seed_01/summary.json
