Walker2d-v5 | policy=CPG  params=504
CPGPolicy  |  total params = 504
  Joint       Amplitude  Freq(rad/step)   Phase(deg)
  --------------------------------------------------
  R-thigh         0.500          0.6931          0.0°
  R-leg           0.500          0.6931          0.0°
  R-foot          0.500          0.6931          0.0°
  L-thigh         0.500          0.6931          0.0°
  L-leg           0.500          0.6931          0.0°
  L-foot          0.500          0.6931          0.0°

  Feedback MLP hidden=16  correction_scale=0.5
Run context | seed=5 arm=fixed_gravity run_id=fixed_gravity_seed_05

Starting from structured scratch prior (no warm-start checkpoint).
Schedule | penalty_min=0.20 penalty_ramp_gen=200 corr_min=0.00 corr_max=0.50 corr_ramp_gen=200

Starting CMA-ES | pop=40 | sigma0=0.5 | max_gen=500 | workers=8 | seed=5

  Gen        Best        Mean     Sigma    Pen   Corr     Time
------------------------------------------------------------------
  [probe] gen=0 score=-254.5 net=0.037 fell=1.000
  [plot] Saved fitness curve → fitness_curve_cpg.png
    0       -32.2       -71.9    0.4903   0.20   0.00     1.5s
    1       -43.6       -72.2    0.4821   0.20   0.00     0.1s
    2       -17.1       -66.8    0.4748   0.21   0.01     0.2s
    3        -2.3       -63.5    0.4682   0.21   0.01     0.2s
    4        23.3       -60.5    0.4623   0.22   0.01     0.3s
    5        38.1       -51.9    0.4568   0.22   0.01     0.3s
    6       122.1       -47.3    0.4516   0.22   0.01     0.3s
    7       143.4       -38.1    0.4467   0.23   0.02     0.3s
    8       155.4       -37.9    0.4423   0.23   0.02     0.3s
    9       150.2       -19.1    0.4382   0.24   0.02     0.4s
  [probe] gen=10 score=19.9 net=0.978 fell=1.000
   10       162.5         7.2    0.4346   0.24   0.03     0.5s
   11       157.2        -1.9    0.4311   0.24   0.03     0.4s
   12       177.6        -5.7    0.4280   0.25   0.03     0.4s
   13       164.9        -4.5    0.4252   0.25   0.03     0.4s
   14       160.1       -14.5    0.4223   0.26   0.04     0.3s
   15       185.4        -5.4    0.4196   0.26   0.04     0.3s
   16       166.5         4.8    0.4168   0.26   0.04     0.5s
   17       149.1       -12.1    0.4141   0.27   0.04     0.3s
   18       155.0        22.0    0.4115   0.27   0.04     0.5s
   19       166.4         1.8    0.4092   0.28   0.05     0.5s
  [probe] gen=20 score=-67.8 net=0.493 fell=1.000
   20       160.1       -14.9    0.4071   0.28   0.05     0.4s
   21       156.9        17.3    0.4050   0.28   0.05     0.5s
   22       159.5        26.8    0.4031   0.29   0.06     0.5s
   23       158.1        42.2    0.4012   0.29   0.06     0.6s
   24       155.3        36.0    0.3996   0.30   0.06     0.6s
  [plot] Saved fitness curve → fitness_curve_cpg.png
   25       157.6        32.1    0.3979   0.30   0.06     0.6s
   26       155.7        30.2    0.3963   0.30   0.07     0.6s
   27       155.1        25.1    0.3947   0.31   0.07     0.6s
   28       153.9        19.2    0.3933   0.31   0.07     0.5s
   29       161.1        29.2    0.3919   0.32   0.07     0.6s
  [probe] gen=30 score=27.9 net=1.022 fell=1.000
   30       153.5        39.3    0.3905   0.32   0.07     0.5s
   31       151.4        18.4    0.3892   0.32   0.08     0.5s
   32       149.0        34.2    0.3879   0.33   0.08     0.5s
   33       170.0        38.6    0.3869   0.33   0.08     0.6s
   34       163.1        58.6    0.3861   0.34   0.09     0.6s
   35       156.8        51.9    0.3853   0.34   0.09     0.6s
   36       152.5        43.9    0.3846   0.34   0.09     0.6s
   37       151.8        52.4    0.3839   0.35   0.09     0.7s
   38       156.1        48.9    0.3832   0.35   0.10     0.6s
   39       147.4        49.5    0.3827   0.36   0.10     0.6s
  [probe] gen=40 score=-32.7 net=0.771 fell=1.000
   40       145.3        52.0    0.3821   0.36   0.10     0.7s
   41       150.5        68.8    0.3817   0.36   0.10     0.6s
   42       166.6        83.4    0.3811   0.37   0.10     0.8s
   43       175.8        37.0    0.3805   0.37   0.11     0.7s
   44       166.9        66.1    0.3800   0.38   0.11     0.7s
   45       165.8        67.7    0.3794   0.38   0.11     0.7s
   46       197.5        84.0    0.3791   0.38   0.12     0.7s
   47       165.5        63.5    0.3787   0.39   0.12     0.7s
   48       163.9        87.6    0.3784   0.39   0.12     0.7s
   49       174.1        93.2    0.3783   0.40   0.12     0.7s
  [probe] gen=50 score=95.8 net=1.186 fell=1.000
  [plot] Saved fitness curve → fitness_curve_cpg.png
   50       180.5        42.5    0.3781   0.40   0.12     0.8s
   51       198.1        78.9    0.3781   0.40   0.13     0.7s
   52       195.2        45.5    0.3781   0.41   0.13     0.7s
   53       254.9         0.7    0.3782   0.41   0.13     0.7s
   54       211.4        60.4    0.3783   0.42   0.14     0.7s
   55       204.6        57.7    0.3783   0.42   0.14     0.7s
   56       219.3        45.7    0.3785   0.42   0.14     0.8s
   57       227.6        23.9    0.3787   0.43   0.14     0.6s
   58       227.5        32.5    0.3788   0.43   0.14     0.8s
   59       243.4        32.3    0.3790   0.44   0.15     0.9s
  [probe] gen=60 score=143.8 net=1.359 fell=1.000
   60       238.7        72.6    0.3792   0.44   0.15     0.7s
   61       235.3        79.6    0.3795   0.44   0.15     0.7s
   62       241.7        80.8    0.3798   0.45   0.15     0.8s
   63       225.5        23.5    0.3803   0.45   0.16     0.8s
   64       234.8        79.1    0.3810   0.46   0.16     0.8s
   65       295.8        60.0    0.3814   0.46   0.16     0.8s
   66       220.9        55.3    0.3819   0.46   0.17     0.9s
   67       252.7        41.5    0.3824   0.47   0.17     0.8s
   68       229.5        62.2    0.3828   0.47   0.17     0.8s
   69       225.4        77.6    0.3832   0.48   0.17     0.7s
  [probe] gen=70 score=165.3 net=1.556 fell=1.000
   70       247.2        65.6    0.3835   0.48   0.17     0.7s
   71       231.5        75.4    0.3836   0.48   0.18     0.8s
   72       242.7        73.7    0.3838   0.49   0.18     0.8s
   73       287.4        63.9    0.3841   0.49   0.18     0.8s
   74       253.6         4.3    0.3844   0.50   0.18     0.8s
  [plot] Saved fitness curve → fitness_curve_cpg.png
   75       254.3        34.2    0.3848   0.50   0.19     0.7s
   76       272.4        28.0    0.3851   0.50   0.19     0.7s
   77       232.4        58.5    0.3854   0.51   0.19     0.7s
   78       268.9        25.2    0.3859   0.51   0.20     0.9s
   79       257.9        40.6    0.3864   0.52   0.20     0.8s
  [probe] gen=80 score=202.1 net=1.552 fell=1.000
   80       260.1        59.2    0.3868   0.52   0.20     0.7s
   81       256.5        58.1    0.3869   0.52   0.20     0.8s
   82       249.9        40.6    0.3870   0.53   0.20     0.8s
   83       277.0       -16.4    0.3871   0.53   0.21     0.8s
   84       274.1        65.8    0.3871   0.54   0.21     0.8s
   85       282.9        96.0    0.3872   0.54   0.21     0.8s
   86       295.8        32.1    0.3874   0.54   0.21     0.8s
   87       267.8        56.3    0.3877   0.55   0.22     0.9s
   88       264.6        42.6    0.3879   0.55   0.22     0.8s
   89       284.6        30.1    0.3881   0.56   0.22     0.8s
  [probe] gen=90 score=188.5 net=1.672 fell=1.000
   90       269.6        71.4    0.3884   0.56   0.23     0.8s
   91       273.0        81.2    0.3885   0.56   0.23     0.8s
   92       264.5        73.8    0.3886   0.57   0.23     0.8s
   93       284.1        42.3    0.3886   0.57   0.23     0.8s
   94       254.1        -4.9    0.3885   0.58   0.23     0.7s
   95       279.6        82.2    0.3886   0.58   0.24     0.8s
   96       280.5       -12.9    0.3884   0.58   0.24     0.7s
   97       308.4        83.1    0.3881   0.59   0.24     0.8s
   98       275.4         7.2    0.3878   0.59   0.24     0.8s
   99       290.8        44.3    0.3873   0.60   0.25     0.7s
  [probe] gen=100 score=213.3 net=1.652 fell=1.000
  [plot] Saved fitness curve → fitness_curve_cpg.png
  100       310.3        68.1    0.3869   0.60   0.25     0.8s
  101       289.2        75.6    0.3867   0.60   0.25     0.8s
  102       298.7        40.8    0.3865   0.61   0.26     0.8s
  103       279.0        47.4    0.3863   0.61   0.26     0.7s
  104       260.2        54.3    0.3861   0.62   0.26     0.8s
  105       277.1       111.4    0.3859   0.62   0.26     0.8s
  106       288.4        69.9    0.3855   0.62   0.27     0.8s
  107       273.5        55.6    0.3850   0.63   0.27     0.7s
  108       279.6        28.7    0.3845   0.63   0.27     0.7s
  109       263.9        80.3    0.3842   0.64   0.27     0.7s
  [probe] gen=110 score=-63.4 net=0.488 fell=1.000
  110       344.9        47.2    0.3839   0.64   0.28     0.7s
  111       268.8        64.6    0.3834   0.64   0.28     0.8s
  112       266.0       106.3    0.3830   0.65   0.28     0.7s
  113       270.5        79.8    0.3826   0.65   0.28     0.7s
  114       250.4        55.5    0.3823   0.66   0.28     0.8s
  115       279.8        57.7    0.3821   0.66   0.29     0.8s
  116       302.5        64.4    0.3818   0.66   0.29     0.8s
  117       307.6        72.1    0.3816   0.67   0.29     0.8s
  118       297.5        67.9    0.3814   0.67   0.29     0.8s
  119       265.3        95.5    0.3812   0.68   0.30     0.7s
  [probe] gen=120 score=227.2 net=1.775 fell=1.000
  120       277.3        67.2    0.3810   0.68   0.30     0.7s
  121       255.2        38.8    0.3810   0.68   0.30     0.7s
  122       294.1        23.3    0.3809   0.69   0.30     0.7s
  123       282.5        70.3    0.3808   0.69   0.31     0.8s
  124       291.9        94.2    0.3806   0.70   0.31     1.0s
  [plot] Saved fitness curve → fitness_curve_cpg.png
  125       304.8        30.9    0.3805   0.70   0.31     0.8s
  126       273.1        64.3    0.3804   0.70   0.32     0.8s
  127       278.3        83.5    0.3802   0.71   0.32     0.8s
  128       262.4        39.0    0.3799   0.71   0.32     0.8s
  129       312.2        66.6    0.3796   0.72   0.32     0.8s
  [probe] gen=130 score=104.4 net=1.085 fell=1.000
  130       342.6        29.3    0.3792   0.72   0.33     0.9s
  131       269.6        65.4    0.3789   0.72   0.33     0.8s
  132       309.0        35.4    0.3785   0.73   0.33     0.9s
  133       335.5        41.7    0.3783   0.73   0.33     0.9s
  134       349.6        88.9    0.3780   0.74   0.34     0.9s
  135       316.7        93.7    0.3777   0.74   0.34     1.0s
  136       367.0        70.1    0.3773   0.74   0.34     0.8s
  137       338.5        82.0    0.3770   0.75   0.34     0.9s
  138       383.9        69.7    0.3767   0.75   0.34     0.9s
  139       418.8        67.0    0.3763   0.76   0.35     0.9s
  [probe] gen=140 score=202.8 net=1.420 fell=1.000
  140       408.8        59.7    0.3760   0.76   0.35     0.9s
  141       304.0        21.0    0.3759   0.76   0.35     0.8s
  142       347.4       117.9    0.3757   0.77   0.35     0.9s
  143       364.8       122.0    0.3757   0.77   0.36     0.9s
  144       361.3       109.8    0.3756   0.78   0.36     1.0s
  145       342.5        51.4    0.3757   0.78   0.36     0.9s
  146       321.4       110.2    0.3759   0.78   0.36     0.9s
  147       313.6        61.5    0.3760   0.79   0.37     1.0s
  148       323.7        82.1    0.3762   0.79   0.37     0.9s
  149       319.3       118.5    0.3764   0.80   0.37     0.9s
  [probe] gen=150 score=279.9 net=1.980 fell=1.000
  [plot] Saved fitness curve → fitness_curve_cpg.png
  150       305.6        77.6    0.3765   0.80   0.38     0.9s
  151       322.3        35.8    0.3765   0.80   0.38     0.9s
  152       334.1        68.8    0.3765   0.81   0.38     0.8s
  153       391.1       -36.1    0.3763   0.81   0.38     0.8s
  154       321.3       102.3    0.3761   0.82   0.39     0.9s
  155       397.6       120.4    0.3758   0.82   0.39     0.9s
  156       384.0        74.7    0.3756   0.82   0.39     1.1s
  157       326.7       109.8    0.3753   0.83   0.39     1.1s
  158       327.0       113.9    0.3751   0.83   0.40     0.9s
  159       372.0        86.0    0.3749   0.84   0.40     1.0s
  [probe] gen=160 score=-22.5 net=0.425 fell=1.000
  160       480.3        95.6    0.3746   0.84   0.40     1.0s
  161       361.8         5.3    0.3743   0.84   0.40     1.0s
  162       378.3       108.3    0.3738   0.85   0.41     0.9s
  163       325.1        23.7    0.3734   0.85   0.41     0.9s
  164       325.5       103.3    0.3729   0.86   0.41     0.9s
  165       349.9       136.2    0.3726   0.86   0.41     1.0s
  166       321.6       169.7    0.3722   0.86   0.41     1.0s
  167       361.0        37.2    0.3720   0.87   0.42     1.1s
  168       358.1        55.0    0.3716   0.87   0.42     1.0s
  169       376.2        81.3    0.3712   0.88   0.42     1.0s
  [probe] gen=170 score=289.4 net=1.982 fell=1.000
  170       312.7        12.3    0.3709   0.88   0.42     1.0s
  171       300.9        58.2    0.3707   0.88   0.43     0.9s
  172       376.3       135.7    0.3705   0.89   0.43     1.0s
  173       325.9       117.3    0.3703   0.89   0.43     1.0s
  174       314.9        88.2    0.3702   0.90   0.43     1.0s
  [plot] Saved fitness curve → fitness_curve_cpg.png
  175       341.3        70.1    0.3701   0.90   0.44     1.0s
  176       370.0       109.5    0.3699   0.90   0.44     0.9s
  177       293.8        70.2    0.3696   0.91   0.44     0.9s
  178       343.4        80.4    0.3694   0.91   0.45     1.0s
  179       304.6       120.0    0.3690   0.92   0.45     0.9s
  [probe] gen=180 score=276.5 net=1.911 fell=1.000
  180       317.7       118.0    0.3687   0.92   0.45     1.1s
  181       319.3       106.7    0.3684   0.92   0.45     0.9s
  182       362.0       131.1    0.3682   0.93   0.46     1.0s
  183       312.7       138.0    0.3679   0.93   0.46     1.0s
  184       303.2        59.4    0.3675   0.94   0.46     1.0s
  185       359.6       165.3    0.3669   0.94   0.46     1.1s
  186       313.2        73.4    0.3664   0.94   0.47     1.1s
  187       366.5        98.8    0.3659   0.95   0.47     1.1s
  188       362.1       166.5    0.3655   0.95   0.47     1.1s
  189       406.7       161.4    0.3652   0.96   0.47     1.2s
  [probe] gen=190 score=257.8 net=1.412 fell=1.000
  190       392.3        91.5    0.3648   0.96   0.47     1.1s
  191       459.6       181.2    0.3646   0.96   0.48     1.1s
  192       372.5       161.0    0.3643   0.97   0.48     1.0s
  193       341.3        64.5    0.3639   0.97   0.48     1.2s
  194       389.5       156.5    0.3636   0.98   0.48     1.2s
  195       398.6        98.2    0.3632   0.98   0.49     1.2s
  196       400.9       126.8    0.3629   0.98   0.49     1.2s
  197       374.1       198.4    0.3624   0.99   0.49     1.2s
  198       451.0       178.3    0.3620   0.99   0.49     1.4s
  199       429.5       191.9    0.3615   1.00   0.50     1.3s
  [probe] gen=200 score=345.9 net=1.731 fell=1.000
  [plot] Saved fitness curve → fitness_curve_cpg.png
  200       456.8       158.4    0.3610   1.00   0.50     1.4s
  201       457.6        49.4    0.3605   1.00   0.50     1.3s
  202       481.1        89.5    0.3603   1.00   0.50     1.2s
  203       401.9        99.6    0.3600   1.00   0.50     1.2s
  204       377.9       149.8    0.3598   1.00   0.50     1.3s
  205       521.2       168.6    0.3596   1.00   0.50     1.3s
  206       395.2        97.2    0.3594   1.00   0.50     1.2s
  207       329.9       113.1    0.3592   1.00   0.50     1.2s
  208       473.7        80.2    0.3590   1.00   0.50     1.2s
  209       477.5       153.8    0.3588   1.00   0.50     1.3s
  [probe] gen=210 score=358.2 net=1.968 fell=1.000
  210       645.1        46.6    0.3587   1.00   0.50     1.3s
  211       350.4        12.9    0.3586   1.00   0.50     1.2s
  212       480.2        84.3    0.3586   1.00   0.50     1.1s
  213       438.3       165.5    0.3587   1.00   0.50     1.4s
  214       373.3       105.1    0.3588   1.00   0.50     1.2s
  215       416.3        78.5    0.3589   1.00   0.50     1.2s
  216       461.9       138.2    0.3592   1.00   0.50     1.3s
  217       406.3        92.2    0.3596   1.00   0.50     1.2s
  218       425.2       107.3    0.3601   1.00   0.50     1.2s
  219       505.4        31.2    0.3606   1.00   0.50     1.2s
  [probe] gen=220 score=405.3 net=2.436 fell=1.000
  220       434.6       125.9    0.3611   1.00   0.50     1.2s
  221       395.5       120.3    0.3616   1.00   0.50     1.1s
  222       449.1       130.7    0.3622   1.00   0.50     1.3s
  223       450.4        82.5    0.3627   1.00   0.50     1.3s
  224       395.0       103.3    0.3631   1.00   0.50     1.2s
  [plot] Saved fitness curve → fitness_curve_cpg.png
  225       429.7       178.0    0.3635   1.00   0.50     1.3s
  226       444.4       165.9    0.3640   1.00   0.50     1.2s
  227       495.1       169.6    0.3644   1.00   0.50     1.2s
  228       365.7        91.3    0.3647   1.00   0.50     1.2s
  229       497.6       178.2    0.3649   1.00   0.50     1.2s
  [probe] gen=230 score=430.6 net=2.567 fell=1.000
  230       534.2       138.8    0.3650   1.00   0.50     1.1s
  231       474.2       154.3    0.3650   1.00   0.50     1.1s
  232       478.2        97.1    0.3649   1.00   0.50     1.2s
  233       407.9        98.7    0.3647   1.00   0.50     1.1s
  234       753.3       184.9    0.3644   1.00   0.50     1.4s
  235       421.0       127.1    0.3640   1.00   0.50     1.3s
  236       433.9       172.9    0.3637   1.00   0.50     1.1s
  237       488.4       139.1    0.3634   1.00   0.50     1.3s
  238       628.9       181.4    0.3632   1.00   0.50     1.4s
  239       487.9        81.7    0.3630   1.00   0.50     1.4s
  [probe] gen=240 score=422.0 net=2.208 fell=1.000
  240       541.9       121.0    0.3627   1.00   0.50     1.3s
  241       511.7       233.5    0.3624   1.00   0.50     1.2s
  242       541.0       211.5    0.3622   1.00   0.50     1.3s
  243       408.5       120.9    0.3621   1.00   0.50     1.4s
  244       455.1       190.1    0.3619   1.00   0.50     1.3s
  245       505.8        58.6    0.3616   1.00   0.50     1.3s
  246       626.4       187.5    0.3612   1.00   0.50     1.4s
  247       506.1       175.2    0.3607   1.00   0.50     1.3s
  248       480.9       192.5    0.3602   1.00   0.50     1.4s
  249       475.5       214.7    0.3596   1.00   0.50     1.4s
  [probe] gen=250 score=466.9 net=2.797 fell=1.000
  [plot] Saved fitness curve → fitness_curve_cpg.png
  250       556.6       153.7    0.3590   1.00   0.50     1.3s
  251       433.7       171.3    0.3584   1.00   0.50     1.3s
  252       512.7       167.3    0.3578   1.00   0.50     1.5s
  253       510.4        77.0    0.3573   1.00   0.50     1.4s
  254       477.9        78.7    0.3568   1.00   0.50     1.4s
  255       566.2       171.3    0.3565   1.00   0.50     1.6s
  256       524.8       198.1    0.3563   1.00   0.50     1.5s
  257       697.1       221.1    0.3562   1.00   0.50     1.6s
  258       527.3       219.8    0.3560   1.00   0.50     1.7s
  259       463.7       180.7    0.3558   1.00   0.50     1.5s
  [probe] gen=260 score=593.1 net=2.718 fell=0.600
  260       513.3       112.6    0.3556   1.00   0.50     1.5s
  261       602.8       172.3    0.3557   1.00   0.50     1.6s
  262       486.6       129.4    0.3555   1.00   0.50     1.5s
  263       529.0       231.3    0.3554   1.00   0.50     1.3s
  264       481.4       173.6    0.3553   1.00   0.50     1.4s
  265       515.8       226.1    0.3550   1.00   0.50     1.5s
  266       442.6       199.9    0.3549   1.00   0.50     1.4s
  267       457.5       148.8    0.3546   1.00   0.50     1.4s
  268       511.0       150.6    0.3544   1.00   0.50     1.8s
  269       588.3       170.7    0.3542   1.00   0.50     1.9s
  [probe] gen=270 score=610.3 net=3.237 fell=1.000
  270       565.2       103.3    0.3541   1.00   0.50     1.5s
  271       585.1       128.7    0.3538   1.00   0.50     1.5s
  272       602.7       267.9    0.3537   1.00   0.50     1.8s
  273       716.3       160.6    0.3535   1.00   0.50     1.4s
  274       655.4       209.2    0.3533   1.00   0.50     1.4s
  [plot] Saved fitness curve → fitness_curve_cpg.png
  275       609.8       265.5    0.3533   1.00   0.50     1.6s
  276       663.2       181.1    0.3532   1.00   0.50     1.6s
  277       599.2       276.7    0.3531   1.00   0.50     1.5s
  278       613.0       145.2    0.3530   1.00   0.50     1.6s
  279       626.5       256.6    0.3527   1.00   0.50     1.6s
  [probe] gen=280 score=326.1 net=1.935 fell=1.000
  280       707.6       250.6    0.3525   1.00   0.50     1.6s
  281       484.6       207.6    0.3522   1.00   0.50     1.4s
  282       693.7       257.6    0.3520   1.00   0.50     1.7s
  283       553.3       234.8    0.3519   1.00   0.50     1.6s
  284       559.3       144.3    0.3517   1.00   0.50     1.6s
  285       686.6       188.8    0.3514   1.00   0.50     1.6s
  286       600.2        92.9    0.3513   1.00   0.50     1.6s
  287       596.6       164.2    0.3512   1.00   0.50     1.8s
  288       535.3       200.2    0.3511   1.00   0.50     1.6s
  289       610.4       224.3    0.3509   1.00   0.50     1.6s
  [probe] gen=290 score=543.3 net=3.247 fell=1.000
  290       583.4       199.3    0.3507   1.00   0.50     1.5s
  291       505.5       156.1    0.3505   1.00   0.50     1.4s
  292       524.0       241.1    0.3502   1.00   0.50     1.4s
  293       563.7       207.6    0.3499   1.00   0.50     1.4s
  294       554.3       171.5    0.3498   1.00   0.50     1.5s
  295       479.3       220.2    0.3497   1.00   0.50     1.4s
  296       576.0       249.1    0.3496   1.00   0.50     1.4s
  297       602.3       167.3    0.3495   1.00   0.50     1.4s
  298       569.9       138.5    0.3494   1.00   0.50     1.4s
  299       610.1       246.7    0.3493   1.00   0.50     1.5s
  [probe] gen=300 score=500.5 net=2.903 fell=1.000
  [plot] Saved fitness curve → fitness_curve_cpg.png
  300       537.2       311.1    0.3492   1.00   0.50     1.8s
  301       554.6       170.0    0.3492   1.00   0.50     1.7s
  302       543.3       179.6    0.3492   1.00   0.50     1.5s
  303       546.9        64.6    0.3493   1.00   0.50     1.5s
  304       497.1       140.3    0.3493   1.00   0.50     1.7s
  305       443.9       133.9    0.3495   1.00   0.50     1.5s
  306       570.6       207.1    0.3496   1.00   0.50     1.7s
  307       602.6        97.9    0.3497   1.00   0.50     1.7s
  308       613.8       214.0    0.3499   1.00   0.50     1.4s
  309       506.0       194.9    0.3500   1.00   0.50     1.5s
  [probe] gen=310 score=436.0 net=2.575 fell=1.000
  310       539.8       199.0    0.3502   1.00   0.50     1.6s
  311       496.1       147.5    0.3504   1.00   0.50     1.6s
  312       507.3       148.0    0.3505   1.00   0.50     1.7s
  313       489.8       211.7    0.3506   1.00   0.50     1.7s
  314       650.6       233.1    0.3507   1.00   0.50     1.7s
  315       554.6       235.4    0.3507   1.00   0.50     1.9s
  316       613.8       249.3    0.3507   1.00   0.50     1.9s
  317       608.6       273.2    0.3506   1.00   0.50     2.0s
  318       608.4       160.2    0.3506   1.00   0.50     1.9s
  319       639.6       152.3    0.3504   1.00   0.50     1.8s
  [probe] gen=320 score=575.6 net=2.550 fell=0.900
  320       661.1       247.8    0.3502   1.00   0.50     2.2s
  321       609.4       218.9    0.3500   1.00   0.50     2.1s
  322       637.0       223.4    0.3498   1.00   0.50     1.9s
  323       646.1       162.9    0.3496   1.00   0.50     2.0s
  324       634.7       192.8    0.3493   1.00   0.50     2.0s
  [plot] Saved fitness curve → fitness_curve_cpg.png
  325       692.2       246.9    0.3489   1.00   0.50     2.0s
  326       602.2       239.4    0.3485   1.00   0.50     2.0s
  327       606.7       107.2    0.3482   1.00   0.50     2.0s
  328       651.0       215.1    0.3479   1.00   0.50     2.2s
  329       667.2       244.9    0.3477   1.00   0.50     2.5s
  [probe] gen=330 score=582.0 net=2.618 fell=0.600
  330       627.7       249.1    0.3474   1.00   0.50     2.4s
  331       687.9       263.2    0.3471   1.00   0.50     2.4s
  332       616.6       216.7    0.3468   1.00   0.50     2.8s
  333       611.3       212.1    0.3464   1.00   0.50     2.8s
  334       562.0       206.3    0.3460   1.00   0.50     2.6s
  335       621.2       137.1    0.3454   1.00   0.50     2.1s
  336       680.2       203.9    0.3447   1.00   0.50     2.4s
  337       618.6       229.3    0.3441   1.00   0.50     2.3s
  338       621.6       269.4    0.3435   1.00   0.50     2.6s
  339       702.3       295.7    0.3430   1.00   0.50     2.5s
  [probe] gen=340 score=577.2 net=2.212 fell=0.300
  340       745.3       191.8    0.3425   1.00   0.50     2.2s
  341       624.3       171.1    0.3420   1.00   0.50     2.3s
  342       573.5       168.6    0.3416   1.00   0.50     2.2s
  343       711.8       284.5    0.3414   1.00   0.50     2.4s
  344       679.7       114.6    0.3412   1.00   0.50     2.2s
  345       627.8       170.3    0.3411   1.00   0.50     2.1s
  346       599.5       300.8    0.3409   1.00   0.50     2.2s
  347       621.6       196.4    0.3407   1.00   0.50     2.0s
  348       732.9       285.8    0.3405   1.00   0.50     2.3s
  349       752.1       196.9    0.3402   1.00   0.50     2.3s
  [probe] gen=350 score=759.6 net=3.609 fell=0.900
  [plot] Saved fitness curve → fitness_curve_cpg.png
  350       725.4       240.1    0.3398   1.00   0.50     2.0s
  351       820.0       236.5    0.3394   1.00   0.50     2.1s
  352       735.1       295.5    0.3390   1.00   0.50     2.4s
  353       738.8       210.7    0.3387   1.00   0.50     2.1s
  354       679.3       354.3    0.3384   1.00   0.50     2.1s
  355       773.6       421.3    0.3381   1.00   0.50     2.6s
  356       812.8       368.4    0.3379   1.00   0.50     2.6s
  357       911.4       311.8    0.3376   1.00   0.50     2.3s
  358       783.0       365.9    0.3374   1.00   0.50     2.4s
  359       751.1       218.4    0.3370   1.00   0.50     2.3s
  [probe] gen=360 score=539.6 net=2.553 fell=0.500
  360       768.3       246.2    0.3366   1.00   0.50     2.3s
  361       659.4       275.3    0.3361   1.00   0.50     2.3s
  362       637.8       282.7    0.3356   1.00   0.50     2.5s
  363       893.7       252.3    0.3353   1.00   0.50     2.3s
  364       773.6       199.8    0.3350   1.00   0.50     2.5s
  365       647.9       283.6    0.3346   1.00   0.50     2.5s
  366       667.0       318.1    0.3343   1.00   0.50     2.6s
  367       718.7       334.7    0.3339   1.00   0.50     2.5s
  368       717.9       258.9    0.3334   1.00   0.50     2.3s
  369       611.5       222.1    0.3330   1.00   0.50     1.9s
  [probe] gen=370 score=568.2 net=2.914 fell=1.000
  370       627.2       250.7    0.3326   1.00   0.50     2.3s
  371       669.8       321.8    0.3321   1.00   0.50     2.1s
  372       711.3       276.2    0.3316   1.00   0.50     1.9s
  373       695.8       258.4    0.3310   1.00   0.50     2.1s
  374       752.3       338.7    0.3304   1.00   0.50     2.4s
  [plot] Saved fitness curve → fitness_curve_cpg.png
  375       703.8       298.5    0.3299   1.00   0.50     2.5s
  376       798.4       353.5    0.3293   1.00   0.50     2.6s
  377       631.9       242.8    0.3287   1.00   0.50     2.2s
  378       630.2       303.8    0.3281   1.00   0.50     2.6s
  379       793.7       381.8    0.3274   1.00   0.50     2.8s
  [probe] gen=380 score=629.5 net=3.082 fell=1.000
  380       815.5       255.3    0.3267   1.00   0.50     2.3s
  381       711.4       352.8    0.3260   1.00   0.50     2.4s
  382       712.4       219.6    0.3255   1.00   0.50     2.2s
  383       791.9       290.7    0.3251   1.00   0.50     2.5s
  384       705.7       235.3    0.3248   1.00   0.50     2.6s
  385       667.1       292.4    0.3244   1.00   0.50     2.4s
  386       694.6       353.4    0.3241   1.00   0.50     2.7s
  387       734.7       389.9    0.3237   1.00   0.50     2.7s
  388       658.0       307.3    0.3235   1.00   0.50     2.4s
  389       725.9       318.8    0.3232   1.00   0.50     2.5s
  [probe] gen=390 score=649.0 net=2.952 fell=0.900
  390       765.0       357.7    0.3229   1.00   0.50     2.7s
  391       756.7       375.6    0.3225   1.00   0.50     2.3s
  392       774.0       317.6    0.3222   1.00   0.50     2.3s
  393       819.4       248.1    0.3219   1.00   0.50     2.2s
  394       811.6       317.3    0.3217   1.00   0.50     2.2s
  395       754.8       291.5    0.3214   1.00   0.50     2.5s
  396       682.4       369.5    0.3211   1.00   0.50     2.7s
  397       718.2       382.1    0.3210   1.00   0.50     2.7s
  398       756.6       233.4    0.3208   1.00   0.50     2.3s
  399       751.2       316.9    0.3208   1.00   0.50     2.5s
  [probe] gen=400 score=761.6 net=3.597 fell=0.800
  [plot] Saved fitness curve → fitness_curve_cpg.png
  400       766.7       368.3    0.3207   1.00   0.50     2.7s
  401       818.8       342.6    0.3207   1.00   0.50     2.2s
  402       779.4       375.1    0.3207   1.00   0.50     2.3s
  403       662.8       264.1    0.3208   1.00   0.50     2.2s
  404       734.9       279.8    0.3208   1.00   0.50     2.2s
  405       747.0       426.7    0.3208   1.00   0.50     2.6s
  406       769.3       296.7    0.3208   1.00   0.50     2.3s
  407       724.8       354.9    0.3209   1.00   0.50     2.5s
  408       708.2       242.4    0.3208   1.00   0.50     2.2s
  409       838.3       389.4    0.3209   1.00   0.50     2.4s
  [probe] gen=410 score=611.7 net=3.069 fell=1.000
  410       770.9       430.5    0.3209   1.00   0.50     2.4s
  411       722.6       355.7    0.3212   1.00   0.50     2.4s
  412       736.3       369.9    0.3215   1.00   0.50     2.4s
  413       713.7       409.7    0.3219   1.00   0.50     2.3s
  414       859.9       355.9    0.3225   1.00   0.50     2.1s
  415       719.8       291.0    0.3229   1.00   0.50     2.2s
  416       844.1       400.1    0.3234   1.00   0.50     2.3s
  417       781.2       367.3    0.3238   1.00   0.50     2.1s
  418       891.9       362.5    0.3242   1.00   0.50     2.0s
  419       622.7       310.2    0.3247   1.00   0.50     1.8s
  [probe] gen=420 score=783.5 net=3.739 fell=0.700
  420       929.9       418.8    0.3251   1.00   0.50     2.1s
  421       721.4       277.0    0.3254   1.00   0.50     1.8s
  422       915.9       367.1    0.3258   1.00   0.50     2.1s
  423       681.6       296.6    0.3263   1.00   0.50     2.0s
  424       784.7       312.0    0.3267   1.00   0.50     2.0s
  [plot] Saved fitness curve → fitness_curve_cpg.png
  425       763.9       275.6    0.3270   1.00   0.50     2.2s
  426       802.1       322.7    0.3273   1.00   0.50     2.2s
  427       904.1       291.9    0.3275   1.00   0.50     1.9s
  428       657.8       316.2    0.3277   1.00   0.50     2.3s
  429       776.6       299.3    0.3279   1.00   0.50     2.6s
  [probe] gen=430 score=389.2 net=2.077 fell=0.800
  430       807.9       327.1    0.3281   1.00   0.50     2.4s
  431       842.4       363.4    0.3284   1.00   0.50     2.1s
  432       810.7       359.8    0.3285   1.00   0.50     2.3s
  433       771.6       392.5    0.3286   1.00   0.50     2.4s
  434       766.1       358.5    0.3286   1.00   0.50     2.4s
  435       844.9       298.8    0.3287   1.00   0.50     2.4s
  436       726.4       296.2    0.3288   1.00   0.50     2.3s
  437       958.8       329.2    0.3289   1.00   0.50     2.5s
  438       818.2       289.7    0.3292   1.00   0.50     2.2s
  439       775.3       323.9    0.3294   1.00   0.50     2.6s
  [probe] gen=440 score=758.0 net=3.582 fell=0.800
  440       797.4       308.3    0.3296   1.00   0.50     2.7s
  441       745.4       296.5    0.3298   1.00   0.50     2.4s
  442       820.2       376.7    0.3301   1.00   0.50     2.5s
  443       797.7       336.0    0.3303   1.00   0.50     2.5s
  444       777.1       296.8    0.3307   1.00   0.50     2.7s
  445       912.6       310.7    0.3312   1.00   0.50     2.5s
  446       792.1       441.4    0.3318   1.00   0.50     2.5s
  447       765.5       377.5    0.3324   1.00   0.50     2.6s
  448       804.7       318.5    0.3329   1.00   0.50     2.6s
  449       877.8       340.9    0.3333   1.00   0.50     2.7s
  [probe] gen=450 score=802.3 net=3.816 fell=0.800
  [plot] Saved fitness curve → fitness_curve_cpg.png
  450       809.6       303.7    0.3336   1.00   0.50     2.5s
  451       869.8       382.2    0.3338   1.00   0.50     2.7s
  452       836.7       308.0    0.3341   1.00   0.50     2.3s
  453       929.3       451.6    0.3345   1.00   0.50     2.6s
  454       825.9       349.0    0.3348   1.00   0.50     2.6s
  455       817.2       403.6    0.3351   1.00   0.50     2.7s
  456       838.6       401.1    0.3355   1.00   0.50     2.6s
  457       822.1       516.8    0.3357   1.00   0.50     2.9s
  458       846.6       398.4    0.3358   1.00   0.50     2.5s
  459       848.0       342.2    0.3358   1.00   0.50     2.5s
  [probe] gen=460 score=745.0 net=3.674 fell=0.900
  460       847.4       383.9    0.3360   1.00   0.50     2.8s
  461       938.3       387.1    0.3362   1.00   0.50     2.5s
  462       924.1       400.8    0.3366   1.00   0.50     2.5s
  463       819.8       281.5    0.3369   1.00   0.50     2.2s
  464       880.6       328.5    0.3373   1.00   0.50     2.2s
  465       941.2       403.7    0.3376   1.00   0.50     2.4s
  466       794.5       379.2    0.3378   1.00   0.50     2.7s
  467       835.4       301.5    0.3381   1.00   0.50     2.3s
  468       926.7       457.1    0.3383   1.00   0.50     2.7s
  469       887.7       334.7    0.3384   1.00   0.50     2.2s
  [probe] gen=470 score=772.3 net=3.419 fell=0.600
  470       856.5       320.2    0.3384   1.00   0.50     2.2s
  471       828.1       333.5    0.3386   1.00   0.50     2.2s
  472       873.9       465.3    0.3386   1.00   0.50     2.5s
  473       811.6       366.5    0.3388   1.00   0.50     2.4s
  474       916.7       253.5    0.3388   1.00   0.50     2.3s
  [plot] Saved fitness curve → fitness_curve_cpg.png
  475       853.4       325.8    0.3389   1.00   0.50     3.0s
  476       973.7       422.5    0.3388   1.00   0.50     2.4s
  477       868.5       322.3    0.3387   1.00   0.50     2.5s
  478       852.5       350.6    0.3386   1.00   0.50     2.5s
  479       899.5       378.4    0.3385   1.00   0.50     2.3s
  [probe] gen=480 score=629.7 net=2.912 fell=0.700
  480       900.9       442.4    0.3382   1.00   0.50     2.6s
  481       759.0       448.1    0.3380   1.00   0.50     2.3s
  482       861.1       436.8    0.3380   1.00   0.50     2.5s
  483       991.0       485.5    0.3379   1.00   0.50     2.7s
  484       832.3       403.1    0.3379   1.00   0.50     2.4s
  485       740.8       320.6    0.3382   1.00   0.50     2.0s
  486       916.9       386.0    0.3385   1.00   0.50     2.1s
  487       948.1       492.3    0.3387   1.00   0.50     2.2s
  488       950.3       383.2    0.3390   1.00   0.50     2.2s
  489       949.9       403.2    0.3393   1.00   0.50     2.2s
  [probe] gen=490 score=481.1 net=2.301 fell=1.000
  490      1028.2       445.9    0.3394   1.00   0.50     2.1s
  491       978.6       434.4    0.3394   1.00   0.50     1.9s
  492       949.3       429.8    0.3395   1.00   0.50     2.2s
  493       910.9       444.0    0.3396   1.00   0.50     2.2s
  494       991.0       428.3    0.3398   1.00   0.50     2.1s
  495      1327.8       388.2    0.3400   1.00   0.50     2.0s
  496       859.6       340.8    0.3403   1.00   0.50     2.1s
  497       946.1       401.3    0.3407   1.00   0.50     2.2s
  498       834.7       464.3    0.3409   1.00   0.50     2.0s
  499       974.7       421.5    0.3412   1.00   0.50     2.0s
CMA-ES stop reasons: {'maxiter': 500}
  [plot] Saved fitness curve → fitness_curve_cpg.png

Training complete. Best fitness: 1327.8
Best params → experiments/thesis/fixed_gravity/seed_05/working_checkpoints/best_params.npy
Fitness curve → fitness_curve_cpg.png
Final Earth scorecard | score=577.3 net=2.957 fell=0.750
Gravity sweep | gravities=5 mean_net=2.277 worst_net=0.730
  [exp] Archived → experiments/thesis/fixed_gravity/seed_05/
  [exp] Wrote experiments/thesis/fixed_gravity/seed_05/training_log.csv
  [exp] Wrote experiments/thesis/fixed_gravity/seed_05/earth_probe.csv
  [exp] Wrote experiments/thesis/fixed_gravity/seed_05/gravity_sweep.csv
  [exp] Wrote experiments/thesis/fixed_gravity/seed_05/summary.json
