Walker2d-v5 | policy=CPG  params=504
Curriculum   : GradualTransition  gravity -2.0 → -9.81  warmup=20%
Run context | seed=0 arm=curriculum_variable_gravity run_id=curriculum_variable_gravity_seed_00


Starting CMA-ES | pop=40 | sigma0=0.5 | max_gen=500 | workers=8 | seed=0
Checkpoints → experiments/thesis/curriculum_variable_gravity/seed_00/checkpoints/

  Gen        Best        Mean     Sigma    Gravity  Phase              Time
------------------------------------------------------------------------
  [probe] gen=0 score=-335.4 net=-0.233 fell=1.000
  [plot] Saved fitness curve → experiments/thesis/curriculum_variable_gravity/seed_00/fitness_curve.png
    0      -323.1      -387.7    0.4905    -2.0000  warmup             1.4s
    1      -329.5      -382.9    0.4822    -2.0000  warmup             0.1s
    2      -321.1      -375.1    0.4746    -2.0000  warmup             0.1s
    3      -311.1      -365.5    0.4677    -2.0000  warmup             0.1s
    4      -305.8      -359.7    0.4618    -2.0000  warmup             0.2s
    5      -305.8      -350.7    0.4563    -2.0000  warmup             0.1s
    6      -297.4      -343.2    0.4512    -2.0000  warmup             0.2s
    7      -286.5      -347.6    0.4466    -2.0000  warmup             0.1s
    8      -226.7      -344.1    0.4423    -2.0000  warmup             0.2s
    9      -285.5      -348.8    0.4382    -2.0000  warmup             0.2s
  [probe] gen=10 score=-268.8 net=0.026 fell=1.000
   10      -267.0      -329.9    0.4345    -2.0000  warmup             0.2s
   11      -273.4      -328.0    0.4309    -2.0000  warmup             0.2s
   12      -269.0      -320.8    0.4278    -2.0000  warmup             0.3s
   13      -238.3      -312.5    0.4247    -2.0000  warmup             0.2s
   14      -270.9      -319.6    0.4218    -2.0000  warmup             0.2s
   15      -192.6      -318.0    0.4191    -2.0000  warmup             0.2s
   16      -210.8      -317.2    0.4166    -2.0000  warmup             0.2s
   17      -225.6      -313.3    0.4145    -2.0000  warmup             0.2s
   18      -221.3      -319.4    0.4127    -2.0000  warmup             0.2s
   19      -184.1      -287.0    0.4109    -2.0000  warmup             0.3s
  [probe] gen=20 score=-227.2 net=0.187 fell=1.000
   20       -92.3      -305.3    0.4091    -2.0000  warmup             0.3s
   21      -198.8      -294.5    0.4075    -2.0000  warmup             0.3s
   22      -113.0      -281.6    0.4061    -2.0000  warmup             0.3s
   23       -94.7      -260.9    0.4046    -2.0000  warmup             0.4s
   24      -111.2      -268.9    0.4032    -2.0000  warmup             0.4s
  [plot] Saved fitness curve → experiments/thesis/curriculum_variable_gravity/seed_00/fitness_curve.png
   25       -46.7      -233.1    0.4019    -2.0000  warmup             0.5s
   26       -35.0      -251.5    0.4009    -2.0000  warmup             0.5s
   27       -46.4      -224.7    0.4000    -2.0000  warmup             0.5s
   28        -2.8      -226.0    0.3992    -2.0000  warmup             0.5s
   29        45.1      -216.7    0.3982    -2.0000  warmup             0.6s
  [probe] gen=30 score=-92.0 net=0.640 fell=1.000
   30        21.2      -209.2    0.3973    -2.0000  warmup             0.5s
   31        16.6      -223.7    0.3966    -2.0000  warmup             0.5s
   32       -67.6      -221.0    0.3959    -2.0000  warmup             0.5s
   33       -16.9      -227.4    0.3955    -2.0000  warmup             0.6s
   34       284.3      -198.9    0.3949    -2.0000  warmup             0.7s
   35        51.0      -198.8    0.3943    -2.0000  warmup             0.7s
   36       181.6      -200.2    0.3937    -2.0000  warmup             0.6s
   37        60.1      -196.9    0.3931    -2.0000  warmup             0.6s
   38       -11.5      -180.4    0.3925    -2.0000  warmup             0.6s
   39       -77.2      -181.6    0.3919    -2.0000  warmup             0.6s
  [probe] gen=40 score=-67.5 net=0.735 fell=1.000
   40        -0.0      -190.0    0.3915    -2.0000  warmup             0.7s
   41        22.2      -176.5    0.3911    -2.0000  warmup             0.7s
   42       195.8      -165.0    0.3908    -2.0000  warmup             0.6s
   43        93.8      -149.7    0.3904    -2.0000  warmup             0.7s
   44       109.3      -132.0    0.3901    -2.0000  warmup             0.8s
   45        29.8      -183.7    0.3900    -2.0000  warmup             0.6s
   46       -55.1      -191.1    0.3900    -2.0000  warmup             0.6s
   47       129.5      -121.4    0.3900    -2.0000  warmup             0.7s
   48       197.4      -162.7    0.3899    -2.0000  warmup             0.6s
   49        41.8      -180.6    0.3898    -2.0000  warmup             0.7s
  [probe] gen=50 score=-54.5 net=0.833 fell=1.000
  [plot] Saved fitness curve → experiments/thesis/curriculum_variable_gravity/seed_00/fitness_curve.png
   50        43.5      -131.3    0.3897    -2.0000  warmup             0.7s
   51        36.0      -135.0    0.3895    -2.0000  warmup             0.7s
   52        26.5      -151.4    0.3895    -2.0000  warmup             0.6s
   53       109.9      -101.9    0.3894    -2.0000  warmup             0.7s
   54        84.5       -83.9    0.3894    -2.0000  warmup             0.8s
   55       165.6      -104.6    0.3895    -2.0000  warmup             0.7s
   56       139.1       -92.8    0.3895    -2.0000  warmup             0.7s
   57        18.4      -130.4    0.3895    -2.0000  warmup             0.7s
   58       194.4      -141.6    0.3894    -2.0000  warmup             0.6s
   59       111.0      -129.9    0.3894    -2.0000  warmup             0.7s
  [probe] gen=60 score=-149.6 net=0.461 fell=1.000
   60       132.6      -131.0    0.3893    -2.0000  warmup             0.7s
   61        18.0      -135.9    0.3894    -2.0000  warmup             0.6s
   62        54.7      -148.4    0.3895    -2.0000  warmup             0.7s
   63       185.3       -99.0    0.3895    -2.0000  warmup             0.7s
   64       140.3      -148.8    0.3896    -2.0000  warmup             0.7s
   65       139.2      -151.7    0.3898    -2.0000  warmup             0.7s
   66        12.1      -147.8    0.3901    -2.0000  warmup             0.8s
   67        49.9      -151.2    0.3903    -2.0000  warmup             0.8s
   68        20.0      -142.2    0.3904    -2.0000  warmup             0.8s
   69       151.6      -132.0    0.3907    -2.0000  warmup             0.7s
  [probe] gen=70 score=-74.3 net=0.757 fell=1.000
   70       127.3      -136.5    0.3910    -2.0000  warmup             0.9s
   71        40.5      -153.2    0.3913    -2.0000  warmup             0.7s
   72        92.4      -129.0    0.3916    -2.0000  warmup             0.7s
   73        57.2      -125.7    0.3918    -2.0000  warmup             0.8s
   74       103.4      -103.7    0.3920    -2.0000  warmup             0.8s
  [plot] Saved fitness curve → experiments/thesis/curriculum_variable_gravity/seed_00/fitness_curve.png
   75       102.9      -130.5    0.3920    -2.0000  warmup             0.8s
   76       121.0       -93.6    0.3921    -2.0000  warmup             0.7s
   77        96.1      -133.5    0.3923    -2.0000  warmup             0.7s
   78       185.6       -89.9    0.3924    -2.0000  warmup             0.9s
   79       356.9      -104.9    0.3926    -2.0000  warmup             0.7s
  [probe] gen=80 score=-8.1 net=0.932 fell=1.000
   80       113.7       -84.1    0.3927    -2.0000  warmup             0.7s
   81       185.0      -118.6    0.3926    -2.0000  warmup             0.7s
   82       175.9      -108.4    0.3925    -2.0000  warmup             0.6s
   83       164.4       -99.0    0.3924    -2.0000  warmup             0.6s
   84       114.4      -108.9    0.3923    -2.0000  warmup             0.8s
   85       131.1      -108.1    0.3921    -2.0000  warmup             0.7s
   86       264.9      -112.5    0.3920    -2.0000  warmup             0.7s
   87       125.5      -127.8    0.3919    -2.0000  warmup             0.7s
   88       140.1       -92.3    0.3916    -2.0000  warmup             0.7s
   89       228.3       -89.0    0.3914    -2.0000  warmup             0.7s
  [probe] gen=90 score=-156.4 net=0.493 fell=1.000
   90        94.8       -68.9    0.3914    -2.0000  warmup             0.7s
   91       132.8      -121.0    0.3914    -2.0000  warmup             0.6s
   92        37.9      -143.5    0.3914    -2.0000  warmup             0.6s
   93        55.4      -113.0    0.3913    -2.0000  warmup             0.7s
   94        98.5       -87.5    0.3911    -2.0000  warmup             0.7s
   95       116.4       -78.2    0.3910    -2.0000  warmup             0.7s
   96       179.2       -80.7    0.3910    -2.0000  warmup             0.6s
   97       120.9       -93.1    0.3908    -2.0000  warmup             0.6s
   98        86.2      -104.8    0.3907    -2.0000  warmup             0.6s
   99       302.1       -71.5    0.3906    -2.0000  warmup             0.7s
  [probe] gen=100 score=-18.6 net=1.017 fell=1.000
  [plot] Saved fitness curve → experiments/thesis/curriculum_variable_gravity/seed_00/fitness_curve.png
  100        39.4      -101.4    0.3904    -2.0000  warmup             0.6s
  101       213.6      -106.7    0.3901    -2.0195  ramp 0%            0.5s
  102       154.9       -58.2    0.3898    -2.0391  ramp 0%            0.7s
  103       101.6       -80.1    0.3895    -2.0586  ramp 0%            0.6s
  104       208.5       -54.1    0.3891    -2.0781  ramp 1%            0.6s
  105       136.3       -83.0    0.3888    -2.0976  ramp 1%            0.6s
  106        71.7       -81.7    0.3884    -2.1172  ramp 1%            0.6s
  107       140.8       -60.9    0.3879    -2.1367  ramp 1%            0.7s
  108       113.8       -86.7    0.3875    -2.1562  ramp 2%            0.6s
  109       194.9       -41.5    0.3871    -2.1757  ramp 2%            0.7s
  [probe] gen=110 score=-32.2 net=0.975 fell=1.000
  110       200.3       -56.3    0.3865    -2.1953  ramp 2%            0.6s
  111       167.1       -72.3    0.3860    -2.2148  ramp 2%            0.7s
  112       162.8       -46.4    0.3855    -2.2343  ramp 3%            0.6s
  113       115.6       -15.2    0.3850    -2.2538  ramp 3%            0.8s
  114       225.7       -20.5    0.3846    -2.2734  ramp 3%            0.7s
  115       258.0       -13.6    0.3842    -2.2929  ramp 3%            0.7s
  116       178.9        -3.7    0.3839    -2.3124  ramp 4%            0.8s
  117       179.8       -50.3    0.3837    -2.3319  ramp 4%            0.8s
  118       249.0       -28.4    0.3835    -2.3514  ramp 4%            0.8s
  119       153.1       -55.9    0.3832    -2.3710  ramp 4%            0.7s
  [probe] gen=120 score=-44.7 net=0.896 fell=1.000
  120       147.0       -24.0    0.3830    -2.3905  ramp 5%            0.8s
  121       241.7       -40.6    0.3825    -2.4100  ramp 5%            0.7s
  122       357.3       -26.5    0.3823    -2.4295  ramp 5%            0.7s
  123       234.3       -34.8    0.3821    -2.4491  ramp 5%            0.7s
  124       224.7       -24.2    0.3818    -2.4686  ramp 6%            0.8s
  [plot] Saved fitness curve → experiments/thesis/curriculum_variable_gravity/seed_00/fitness_curve.png
  125       270.1       -20.8    0.3816    -2.4881  ramp 6%            0.8s
  126       203.1       -23.9    0.3814    -2.5076  ramp 6%            0.7s
  127       307.0        -7.5    0.3814    -2.5272  ramp 6%            0.8s
  128       338.7        14.0    0.3814    -2.5467  ramp 7%            0.8s
  129       268.2       -19.0    0.3815    -2.5662  ramp 7%            0.7s
  [probe] gen=130 score=-193.5 net=0.085 fell=1.000
  130       350.3        22.2    0.3816    -2.5857  ramp 7%            0.8s
  131       323.8        -9.6    0.3818    -2.6053  ramp 7%            0.7s
  132       365.1        -9.1    0.3818    -2.6248  ramp 8%            0.8s
  133       270.0       -31.3    0.3818    -2.6443  ramp 8%            0.7s
  134       312.7        -1.6    0.3816    -2.6639  ramp 8%            0.8s
  135       301.1         7.0    0.3815    -2.6834  ramp 8%            0.8s
  136       215.6       -13.5    0.3815    -2.7029  ramp 9%            0.7s
  137       438.6        41.6    0.3816    -2.7224  ramp 9%            0.8s
  138       472.8        10.5    0.3818    -2.7420  ramp 9%            0.9s
  139       382.9        52.9    0.3821    -2.7615  ramp 9%            0.9s
  [probe] gen=140 score=43.2 net=1.299 fell=1.000
  140       373.9        42.2    0.3822    -2.7810  ramp 10%           0.8s
  141       213.7         7.3    0.3824    -2.8005  ramp 10%           0.8s
  142       296.1        16.8    0.3827    -2.8201  ramp 10%           0.8s
  143       212.9        29.6    0.3829    -2.8396  ramp 10%           0.8s
  144       228.3        15.6    0.3832    -2.8591  ramp 11%           0.8s
  145       315.7        39.3    0.3834    -2.8786  ramp 11%           0.8s
  146       378.8        31.5    0.3837    -2.8982  ramp 11%           0.8s
  147       293.2        29.1    0.3840    -2.9177  ramp 11%           0.8s
  148       346.6        -8.8    0.3842    -2.9372  ramp 12%           0.8s
  149       369.5        79.7    0.3846    -2.9567  ramp 12%           0.8s
  [probe] gen=150 score=69.7 net=1.362 fell=1.000
  [plot] Saved fitness curve → experiments/thesis/curriculum_variable_gravity/seed_00/fitness_curve.png
  150       289.7        72.9    0.3849    -2.9763  ramp 12%           0.9s
  151       379.4        60.4    0.3851    -2.9958  ramp 12%           0.8s
  152       374.3        49.9    0.3852    -3.0153  ramp 13%           0.8s
  153       271.0        20.9    0.3851    -3.0348  ramp 13%           0.9s
  154       377.1        66.7    0.3852    -3.0544  ramp 13%           0.8s
  155       287.6        46.6    0.3851    -3.0739  ramp 13%           0.8s
  156       375.4        14.2    0.3850    -3.0934  ramp 14%           0.8s
  157       511.9       101.8    0.3849    -3.1129  ramp 14%           0.9s
  158       420.1       128.8    0.3849    -3.1324  ramp 14%           0.9s
  159       340.1        95.3    0.3849    -3.1520  ramp 14%           0.9s
  [probe] gen=160 score=-1.8 net=1.038 fell=1.000
  160       273.9        73.4    0.3848    -3.1715  ramp 15%           0.8s
  161       399.0       136.5    0.3848    -3.1910  ramp 15%           0.9s
  162       395.0       116.1    0.3847    -3.2106  ramp 15%           0.9s
  163       408.6       108.6    0.3848    -3.2301  ramp 15%           0.9s
  164       397.7       105.0    0.3848    -3.2496  ramp 16%           0.9s
  165       495.8       115.1    0.3847    -3.2691  ramp 16%           0.9s
  166       394.6       103.3    0.3847    -3.2887  ramp 16%           0.8s
  167       485.6       127.6    0.3845    -3.3082  ramp 16%           0.8s
  168       376.1       137.4    0.3842    -3.3277  ramp 17%           0.9s
  169       429.3       106.3    0.3839    -3.3472  ramp 17%           0.9s
  [probe] gen=170 score=2.0 net=1.031 fell=1.000
  170       466.9        98.8    0.3838    -3.3667  ramp 17%           0.9s
  171       364.6        95.1    0.3837    -3.3863  ramp 17%           0.8s
  172       376.4        83.7    0.3836    -3.4058  ramp 18%           0.8s
  173       282.3        95.2    0.3833    -3.4253  ramp 18%           0.9s
  174       436.8       115.3    0.3831    -3.4448  ramp 18%           1.0s
  [plot] Saved fitness curve → experiments/thesis/curriculum_variable_gravity/seed_00/fitness_curve.png
  175       459.8       129.7    0.3828    -3.4644  ramp 18%           0.9s
  176       391.6       102.8    0.3826    -3.4839  ramp 19%           0.8s
  177       432.9       114.8    0.3825    -3.5034  ramp 19%           0.9s
  178       454.8       108.1    0.3823    -3.5230  ramp 19%           1.0s
  179       295.7        53.7    0.3818    -3.5425  ramp 19%           0.9s
  [probe] gen=180 score=-12.8 net=0.914 fell=1.000
  180       362.3        28.9    0.3812    -3.5620  ramp 20%           0.9s
  181       354.5       113.3    0.3807    -3.5815  ramp 20%           0.9s
  182       355.4       137.7    0.3802    -3.6010  ramp 20%           0.9s
  183       449.0        92.2    0.3798    -3.6206  ramp 20%           0.9s
  184       632.7       140.2    0.3793    -3.6401  ramp 21%           0.9s
  185       430.8       141.0    0.3789    -3.6596  ramp 21%           0.9s
  186       395.4       111.6    0.3784    -3.6791  ramp 21%           0.9s
  187       514.8       144.6    0.3779    -3.6987  ramp 21%           0.8s
  188       420.4       141.6    0.3773    -3.7182  ramp 22%           0.8s
  189       379.9        79.4    0.3768    -3.7377  ramp 22%           0.9s
  [probe] gen=190 score=8.2 net=1.101 fell=1.000
  190       400.6       142.6    0.3764    -3.7572  ramp 22%           0.9s
  191       368.5       199.3    0.3759    -3.7768  ramp 22%           0.9s
  192       379.1        86.0    0.3754    -3.7963  ramp 23%           0.8s
  193       427.7       120.0    0.3751    -3.8158  ramp 23%           0.9s
  194       441.9       162.7    0.3748    -3.8354  ramp 23%           1.0s
  195       393.8       158.5    0.3745    -3.8549  ramp 23%           0.9s
  196       445.6       167.4    0.3743    -3.8744  ramp 24%           0.9s
  197       489.4       206.6    0.3741    -3.8939  ramp 24%           1.0s
  198       491.1       131.8    0.3738    -3.9135  ramp 24%           0.9s
  199       496.9       136.2    0.3733    -3.9330  ramp 24%           0.9s
  [probe] gen=200 score=76.8 net=1.377 fell=1.000
  [plot] Saved fitness curve → experiments/thesis/curriculum_variable_gravity/seed_00/fitness_curve.png
  200       450.6       125.5    0.3728    -3.9525  ramp 25%           0.9s
  201       487.5       154.8    0.3723    -3.9720  ramp 25%           0.9s
  202       435.0       158.6    0.3718    -3.9916  ramp 25%           0.8s
  203       569.4       107.3    0.3713    -4.0111  ramp 25%           0.8s
  204       465.9       165.5    0.3708    -4.0306  ramp 26%           0.9s
  205       329.4       132.6    0.3703    -4.0501  ramp 26%           0.9s
  206       448.1       173.3    0.3698    -4.0697  ramp 26%           0.9s
  207       463.1       186.5    0.3693    -4.0892  ramp 26%           0.9s
  208       538.2       180.0    0.3686    -4.1087  ramp 27%           1.0s
  209       428.3       158.7    0.3678    -4.1282  ramp 27%           1.0s
  [probe] gen=210 score=73.8 net=1.367 fell=1.000
  210       453.9       203.2    0.3671    -4.1478  ramp 27%           1.0s
  211       364.5       154.3    0.3663    -4.1673  ramp 27%           0.9s
  212       394.9       106.6    0.3654    -4.1868  ramp 28%           0.9s
  213       478.3       205.5    0.3646    -4.2063  ramp 28%           1.0s
  214       485.9       174.2    0.3638    -4.2258  ramp 28%           1.0s
  215       402.9       150.0    0.3630    -4.2454  ramp 28%           0.9s
  216       439.7        29.8    0.3624    -4.2649  ramp 28%           0.8s
  217       436.9       147.7    0.3620    -4.2844  ramp 29%           0.9s
  218       463.2       189.6    0.3617    -4.3040  ramp 29%           1.0s
  219       432.0       147.6    0.3615    -4.3235  ramp 29%           0.9s
  [probe] gen=220 score=63.9 net=1.345 fell=1.000
  220       552.2       127.3    0.3613    -4.3430  ramp 30%           0.9s
  221       405.5       161.1    0.3610    -4.3625  ramp 30%           0.9s
  222       599.1       111.8    0.3608    -4.3820  ramp 30%           0.8s
  223       441.2       153.8    0.3606    -4.4016  ramp 30%           0.9s
  224       480.2       166.1    0.3606    -4.4211  ramp 31%           0.9s
  [plot] Saved fitness curve → experiments/thesis/curriculum_variable_gravity/seed_00/fitness_curve.png
  225       345.0       129.3    0.3605    -4.4406  ramp 31%           0.9s
  226       451.5       171.3    0.3606    -4.4602  ramp 31%           0.8s
  227       456.8       169.7    0.3607    -4.4797  ramp 31%           0.8s
  228       451.3       177.3    0.3610    -4.4992  ramp 32%           0.9s
  229       554.2       183.9    0.3613    -4.5187  ramp 32%           0.8s
  [probe] gen=230 score=47.6 net=1.287 fell=1.000
  230       363.2       138.5    0.3616    -4.5382  ramp 32%           0.9s
  231       441.5       199.5    0.3618    -4.5578  ramp 32%           0.9s
  232       536.8       176.3    0.3619    -4.5773  ramp 33%           0.9s
  233       401.9       134.7    0.3622    -4.5968  ramp 33%           0.9s
  234       398.6       123.5    0.3624    -4.6164  ramp 33%           0.9s
  235       435.5       162.7    0.3627    -4.6359  ramp 33%           0.9s
  236       507.4       163.7    0.3631    -4.6554  ramp 34%           0.9s
  237       455.6       122.2    0.3636    -4.6749  ramp 34%           0.8s
  238       451.3       147.7    0.3639    -4.6944  ramp 34%           0.9s
  239       478.9       203.2    0.3641    -4.7140  ramp 34%           0.9s
  [probe] gen=240 score=97.5 net=1.469 fell=1.000
  240       461.0       179.0    0.3642    -4.7335  ramp 35%           0.9s
  241       513.3       207.9    0.3645    -4.7530  ramp 35%           1.0s
  242       446.2       171.4    0.3648    -4.7725  ramp 35%           0.9s
  243       507.1       209.3    0.3650    -4.7921  ramp 35%           0.9s
  244       593.1       156.4    0.3652    -4.8116  ramp 36%           0.9s
  245       464.9       153.5    0.3654    -4.8311  ramp 36%           0.9s
  246       450.8       135.4    0.3657    -4.8506  ramp 36%           1.0s
  247       668.9       150.4    0.3662    -4.8702  ramp 36%           0.9s
  248       454.7       183.9    0.3666    -4.8897  ramp 37%           0.9s
  249       589.0       183.6    0.3671    -4.9092  ramp 37%           0.9s
  [probe] gen=250 score=152.3 net=1.703 fell=1.000
  [plot] Saved fitness curve → experiments/thesis/curriculum_variable_gravity/seed_00/fitness_curve.png
  250       485.4       197.5    0.3677    -4.9287  ramp 37%           1.0s
  251       605.0       245.9    0.3682    -4.9483  ramp 37%           0.9s
  252       443.3       206.3    0.3687    -4.9678  ramp 38%           1.0s
  253       429.7       175.0    0.3692    -4.9873  ramp 38%           0.9s
  254       495.5       133.6    0.3697    -5.0069  ramp 38%           0.9s
  255       558.8       190.5    0.3701    -5.0264  ramp 38%           1.0s
  256       472.2       262.1    0.3704    -5.0459  ramp 39%           0.9s
  257       534.6       172.5    0.3707    -5.0654  ramp 39%           1.0s
  258       595.4       172.7    0.3708    -5.0850  ramp 39%           0.9s
  259       463.6       195.7    0.3709    -5.1045  ramp 39%           0.9s
  [probe] gen=260 score=128.7 net=1.595 fell=1.000
  260       536.9       168.2    0.3708    -5.1240  ramp 40%           0.9s
  261       375.9        57.3    0.3708    -5.1435  ramp 40%           0.8s
  262       534.4       155.9    0.3706    -5.1631  ramp 40%           1.0s
  263       522.8       188.7    0.3704    -5.1826  ramp 40%           1.0s
  264       457.9       143.3    0.3705    -5.2021  ramp 41%           0.9s
  265       597.6       132.7    0.3705    -5.2216  ramp 41%           1.0s
  266       547.9       182.0    0.3705    -5.2412  ramp 41%           1.0s
  267       708.0       244.1    0.3704    -5.2607  ramp 41%           1.0s
  268       666.6       214.1    0.3703    -5.2802  ramp 42%           0.9s
  269       461.1       178.4    0.3702    -5.2997  ramp 42%           0.9s
  [probe] gen=270 score=153.9 net=1.736 fell=1.000
  270       485.9       147.0    0.3700    -5.3193  ramp 42%           1.0s
  271       513.2       162.7    0.3696    -5.3388  ramp 42%           0.9s
  272       577.6       146.6    0.3691    -5.3583  ramp 43%           0.9s
  273       541.1       190.2    0.3686    -5.3778  ramp 43%           1.0s
  274       494.3       183.7    0.3680    -5.3974  ramp 43%           0.9s
  [plot] Saved fitness curve → experiments/thesis/curriculum_variable_gravity/seed_00/fitness_curve.png
  275       527.2       120.2    0.3675    -5.4169  ramp 43%           0.8s
  276       567.9       129.8    0.3671    -5.4364  ramp 44%           0.8s
  277       543.6       122.9    0.3667    -5.4559  ramp 44%           0.7s
  278       598.7       142.1    0.3662    -5.4755  ramp 44%           0.8s
  279       498.0       119.4    0.3659    -5.4950  ramp 44%           0.8s
  [probe] gen=280 score=63.9 net=1.339 fell=1.000
  280       457.4        97.5    0.3653    -5.5145  ramp 45%           0.8s
  281       570.5       165.9    0.3648    -5.5340  ramp 45%           0.7s
  282       468.1        83.0    0.3643    -5.5536  ramp 45%           0.7s
  283       632.4       226.0    0.3639    -5.5731  ramp 45%           0.9s
  284       498.2        77.5    0.3636    -5.5926  ramp 46%           0.7s
  285       522.8       125.4    0.3632    -5.6121  ramp 46%           0.9s
  286       523.7        47.6    0.3627    -5.6317  ramp 46%           0.7s
  287       426.9       119.0    0.3622    -5.6512  ramp 46%           0.8s
  288       502.5       158.9    0.3615    -5.6707  ramp 47%           0.8s
  289       488.8       124.7    0.3608    -5.6902  ramp 47%           0.7s
  [probe] gen=290 score=90.7 net=1.425 fell=1.000
  290       422.0       132.5    0.3600    -5.7097  ramp 47%           0.7s
  291       555.0       104.5    0.3591    -5.7293  ramp 47%           0.7s
  292       457.6       126.9    0.3584    -5.7488  ramp 48%           0.8s
  293       394.3       102.7    0.3577    -5.7683  ramp 48%           0.7s
  294       491.2       170.5    0.3571    -5.7879  ramp 48%           0.8s
  295       402.5       129.2    0.3564    -5.8074  ramp 48%           0.7s
  296       455.7       149.6    0.3557    -5.8269  ramp 49%           0.7s
  297       411.7       113.3    0.3552    -5.8464  ramp 49%           0.8s
  298       430.3       133.1    0.3548    -5.8659  ramp 49%           0.7s
  299       474.6       163.2    0.3544    -5.8855  ramp 49%           0.9s
  [probe] gen=300 score=154.8 net=1.644 fell=1.000
  [plot] Saved fitness curve → experiments/thesis/curriculum_variable_gravity/seed_00/fitness_curve.png
  300       512.7       151.8    0.3540    -5.9050  ramp 50%           0.8s
  301       578.5       193.3    0.3538    -5.9245  ramp 50%           0.8s
  302       572.5       121.0    0.3535    -5.9441  ramp 50%           0.8s
  303       503.3       116.2    0.3531    -5.9636  ramp 50%           0.8s
  304       387.7        95.5    0.3528    -5.9831  ramp 51%           0.8s
  305       461.7       145.2    0.3524    -6.0026  ramp 51%           0.8s
  306       410.2        98.9    0.3521    -6.0222  ramp 51%           0.8s
  307       458.4       129.9    0.3516    -6.0417  ramp 51%           0.7s
  308       466.0       130.7    0.3511    -6.0612  ramp 52%           0.8s
  309       435.1       131.7    0.3506    -6.0807  ramp 52%           0.8s
  [probe] gen=310 score=101.4 net=1.482 fell=1.000
  310       461.3       121.4    0.3502    -6.1003  ramp 52%           0.8s
  311       556.8       164.6    0.3497    -6.1198  ramp 52%           0.7s
  312       454.8        99.2    0.3493    -6.1393  ramp 53%           0.8s
  313       474.5        93.9    0.3490    -6.1588  ramp 53%           0.8s
  314       518.4       174.3    0.3488    -6.1784  ramp 53%           0.8s
  315       549.9       144.6    0.3485    -6.1979  ramp 53%           0.9s
  316       431.0       185.8    0.3483    -6.2174  ramp 54%           0.9s
  317       437.1       219.6    0.3480    -6.2369  ramp 54%           0.9s
  318       458.9       126.9    0.3477    -6.2565  ramp 54%           0.9s
  319       382.3        91.7    0.3475    -6.2760  ramp 54%           0.9s
  [probe] gen=320 score=143.4 net=1.695 fell=1.000
  320       423.8       142.4    0.3474    -6.2955  ramp 55%           0.8s
  321       410.2        99.6    0.3474    -6.3150  ramp 55%           0.8s
  322       519.8        99.5    0.3476    -6.3346  ramp 55%           0.8s
  323       468.7        82.3    0.3477    -6.3541  ramp 55%           0.8s
  324       373.5        51.0    0.3478    -6.3736  ramp 56%           0.7s
  [plot] Saved fitness curve → experiments/thesis/curriculum_variable_gravity/seed_00/fitness_curve.png
  325       496.2       137.6    0.3480    -6.3931  ramp 56%           0.8s
  326       384.5        87.7    0.3481    -6.4127  ramp 56%           0.8s
  327       529.2       117.7    0.3482    -6.4322  ramp 56%           0.8s
  328       509.9       130.1    0.3483    -6.4517  ramp 56%           0.8s
  329       427.9       128.4    0.3483    -6.4712  ramp 57%           0.8s
  [probe] gen=330 score=176.0 net=1.742 fell=1.000
  330       539.5       152.8    0.3484    -6.4908  ramp 57%           0.8s
  331       639.8       105.9    0.3484    -6.5103  ramp 57%           0.8s
  332       473.1       109.2    0.3484    -6.5298  ramp 57%           0.7s
  333       384.9       128.2    0.3485    -6.5493  ramp 58%           0.8s
  334       545.7       132.7    0.3484    -6.5689  ramp 58%           0.8s
  335       430.1       135.2    0.3484    -6.5884  ramp 58%           0.8s
  336       558.0       147.3    0.3484    -6.6079  ramp 59%           0.8s
  337       397.5       145.9    0.3484    -6.6274  ramp 59%           0.8s
  338       437.4       151.3    0.3483    -6.6470  ramp 59%           0.8s
  339       424.3        82.3    0.3482    -6.6665  ramp 59%           0.7s
  [probe] gen=340 score=120.6 net=1.554 fell=1.000
  340       395.8        61.5    0.3479    -6.6860  ramp 60%           0.7s
  341       478.5       148.8    0.3478    -6.7055  ramp 60%           0.7s
  342       467.4       160.0    0.3476    -6.7251  ramp 60%           0.8s
  343       479.2       129.6    0.3475    -6.7446  ramp 60%           0.8s
  344       524.0       139.1    0.3472    -6.7641  ramp 61%           0.8s
  345       474.6       126.8    0.3469    -6.7836  ramp 61%           0.8s
  346       437.0       142.0    0.3466    -6.8032  ramp 61%           0.8s
  347       398.1        86.7    0.3463    -6.8227  ramp 61%           0.8s
  348       534.7        64.1    0.3459    -6.8422  ramp 62%           0.8s
  349       600.4       134.6    0.3454    -6.8617  ramp 62%           0.9s
  [probe] gen=350 score=163.9 net=1.724 fell=1.000
  [plot] Saved fitness curve → experiments/thesis/curriculum_variable_gravity/seed_00/fitness_curve.png
  350       440.2       107.1    0.3451    -6.8813  ramp 62%           0.8s
  351       460.2        93.8    0.3448    -6.9008  ramp 62%           0.7s
  352       444.6       110.4    0.3446    -6.9203  ramp 63%           0.8s
  353       411.8       139.2    0.3445    -6.9398  ramp 63%           0.8s
  354       454.9       146.7    0.3443    -6.9594  ramp 63%           0.9s
  355       428.0       148.9    0.3441    -6.9789  ramp 63%           0.8s
  356       439.9       131.0    0.3439    -6.9984  ramp 64%           0.7s
  357       464.8       128.6    0.3437    -7.0179  ramp 64%           0.8s
  358       420.7       195.7    0.3436    -7.0375  ramp 64%           0.8s
  359       456.9       126.0    0.3435    -7.0570  ramp 64%           0.7s
  [probe] gen=360 score=141.3 net=1.647 fell=1.000
  360       388.0       102.0    0.3433    -7.0765  ramp 65%           0.7s
  361       440.3       108.5    0.3432    -7.0960  ramp 65%           0.7s
  362       403.3       160.0    0.3430    -7.1156  ramp 65%           0.8s
  363       442.3       146.4    0.3429    -7.1351  ramp 65%           0.8s
  364       389.5       131.8    0.3429    -7.1546  ramp 66%           0.8s
  365       502.8       121.7    0.3428    -7.1741  ramp 66%           0.8s
  366       381.1       152.9    0.3428    -7.1937  ramp 66%           0.9s
  367       420.8       161.8    0.3426    -7.2132  ramp 66%           0.8s
  368       480.1       140.3    0.3423    -7.2327  ramp 67%           0.8s
  369       500.9       201.6    0.3421    -7.2522  ramp 67%           0.9s
  [probe] gen=370 score=124.0 net=1.624 fell=1.000
  370       502.4       195.0    0.3419    -7.2718  ramp 67%           0.9s
  371       447.3       155.1    0.3417    -7.2913  ramp 67%           0.8s
  372       395.0        90.2    0.3413    -7.3108  ramp 68%           0.8s
  373       439.4        98.3    0.3410    -7.3303  ramp 68%           0.8s
  374       439.1       156.3    0.3406    -7.3499  ramp 68%           0.8s
  [plot] Saved fitness curve → experiments/thesis/curriculum_variable_gravity/seed_00/fitness_curve.png
  375       486.3       114.5    0.3403    -7.3694  ramp 68%           0.8s
  376       629.3       160.5    0.3399    -7.3889  ramp 69%           0.9s
  377       452.2       179.7    0.3394    -7.4084  ramp 69%           0.8s
  378       439.0        99.5    0.3391    -7.4280  ramp 69%           0.8s
  379       512.4       122.1    0.3389    -7.4475  ramp 69%           0.8s
  [probe] gen=380 score=216.2 net=1.950 fell=1.000
  380       396.7        69.7    0.3387    -7.4670  ramp 70%           0.7s
  381       462.4       129.5    0.3386    -7.4865  ramp 70%           0.8s
  382       466.8       143.2    0.3385    -7.5061  ramp 70%           0.8s
  383       369.1       102.3    0.3385    -7.5256  ramp 70%           0.8s
  384       433.2       151.9    0.3386    -7.5451  ramp 71%           0.8s
  385       389.5       103.9    0.3387    -7.5646  ramp 71%           0.8s
  386       473.1        69.2    0.3388    -7.5842  ramp 71%           0.7s
  387       474.8        76.0    0.3388    -7.6037  ramp 71%           0.8s
  388       391.3       138.1    0.3389    -7.6232  ramp 72%           0.8s
  389       314.0        89.5    0.3389    -7.6427  ramp 72%           0.8s
  [probe] gen=390 score=119.5 net=1.540 fell=1.000
  390       426.1       131.8    0.3389    -7.6623  ramp 72%           0.8s
  391       362.6       121.0    0.3388    -7.6818  ramp 72%           0.7s
  392       503.5       157.0    0.3386    -7.7013  ramp 73%           0.8s
  393       405.1       115.3    0.3383    -7.7208  ramp 73%           0.7s
  394       480.0       164.8    0.3382    -7.7404  ramp 73%           0.7s
  395       406.6       210.2    0.3381    -7.7599  ramp 73%           0.8s
  396       384.7       138.3    0.3380    -7.7794  ramp 74%           0.7s
  397       426.1       149.6    0.3379    -7.7989  ramp 74%           0.8s
  398       437.7       165.9    0.3380    -7.8185  ramp 74%           0.8s
  399       496.0       167.8    0.3380    -7.8380  ramp 74%           0.8s
  [probe] gen=400 score=160.7 net=1.642 fell=1.000
  [plot] Saved fitness curve → experiments/thesis/curriculum_variable_gravity/seed_00/fitness_curve.png
  400       424.0       128.3    0.3379    -7.8575  ramp 75%           0.7s
  401       454.6       162.9    0.3379    -7.8770  ramp 75%           0.7s
  402       464.6       176.3    0.3379    -7.8966  ramp 75%           0.8s
  403       447.9       116.2    0.3379    -7.9161  ramp 75%           0.7s
  404       441.7       153.7    0.3378    -7.9356  ramp 76%           0.7s
  405       389.5       170.9    0.3377    -7.9551  ramp 76%           0.8s
  406       420.5       150.6    0.3377    -7.9747  ramp 76%           0.8s
  407       401.7       121.1    0.3375    -7.9942  ramp 76%           0.7s
  408       432.2       202.0    0.3374    -8.0137  ramp 77%           0.8s
  409       414.4       145.5    0.3374    -8.0332  ramp 77%           0.8s
  [probe] gen=410 score=230.2 net=1.946 fell=1.000
  410       472.3       196.0    0.3375    -8.0527  ramp 77%           0.8s
  411       365.1        92.3    0.3375    -8.0723  ramp 77%           0.8s
  412       509.8       144.8    0.3376    -8.0918  ramp 78%           0.7s
  413       497.3       175.7    0.3376    -8.1113  ramp 78%           0.9s
  414       494.6       192.2    0.3375    -8.1309  ramp 78%           0.8s
  415       398.3       193.9    0.3374    -8.1504  ramp 78%           0.8s
  416       469.2       166.1    0.3373    -8.1699  ramp 79%           0.8s
  417       464.9       177.7    0.3372    -8.1894  ramp 79%           0.8s
  418       537.9       191.4    0.3371    -8.2090  ramp 79%           0.7s
  419       380.4       150.1    0.3369    -8.2285  ramp 79%           0.7s
  [probe] gen=420 score=213.8 net=1.949 fell=1.000
  420       473.6       150.5    0.3367    -8.2480  ramp 80%           0.8s
  421       453.1       120.8    0.3365    -8.2675  ramp 80%           0.7s
  422       421.3       143.3    0.3363    -8.2871  ramp 80%           0.7s
  423       433.6       185.3    0.3362    -8.3066  ramp 80%           0.9s
  424       527.1       189.6    0.3361    -8.3261  ramp 81%           0.8s
  [plot] Saved fitness curve → experiments/thesis/curriculum_variable_gravity/seed_00/fitness_curve.png
  425       392.5       171.2    0.3361    -8.3456  ramp 81%           0.8s
  426       536.7        93.5    0.3360    -8.3651  ramp 81%           0.7s
  427       468.9       130.6    0.3360    -8.3847  ramp 81%           0.8s
  428       439.4        86.5    0.3358    -8.4042  ramp 82%           0.8s
  429       518.2       168.4    0.3357    -8.4237  ramp 82%           0.8s
  [probe] gen=430 score=213.3 net=1.884 fell=1.000
  430       473.9        58.3    0.3356    -8.4432  ramp 82%           0.7s
  431       353.2       126.7    0.3354    -8.4628  ramp 82%           0.6s
  432       488.6        89.6    0.3353    -8.4823  ramp 83%           0.7s
  433       413.7       114.1    0.3352    -8.5018  ramp 83%           0.7s
  434       440.1       155.9    0.3350    -8.5213  ramp 83%           0.8s
  435       421.8       183.0    0.3348    -8.5409  ramp 83%           0.8s
  436       465.1       130.9    0.3347    -8.5604  ramp 84%           0.7s
  437       421.0        89.7    0.3346    -8.5799  ramp 84%           0.7s
  438       426.4       140.9    0.3346    -8.5995  ramp 84%           0.8s
  439       433.3       204.0    0.3344    -8.6190  ramp 84%           0.8s
  [probe] gen=440 score=274.7 net=2.191 fell=1.000
  440       429.3       191.9    0.3341    -8.6385  ramp 85%           0.8s
  441       615.6       158.6    0.3338    -8.6580  ramp 85%           0.8s
  442       425.6       157.8    0.3335    -8.6776  ramp 85%           0.8s
  443       444.6       128.5    0.3331    -8.6971  ramp 85%           0.7s
  444       422.4       149.6    0.3326    -8.7166  ramp 86%           0.8s
  445       520.3       156.3    0.3322    -8.7361  ramp 86%           0.8s
  446       557.0       223.8    0.3318    -8.7556  ramp 86%           0.8s
  447       417.9        66.0    0.3316    -8.7752  ramp 86%           0.8s
  448       507.4       100.7    0.3315    -8.7947  ramp 87%           0.8s
  449       501.8       172.8    0.3314    -8.8142  ramp 87%           0.7s
  [probe] gen=450 score=136.8 net=1.497 fell=1.000
  [plot] Saved fitness curve → experiments/thesis/curriculum_variable_gravity/seed_00/fitness_curve.png
  450       403.0       175.3    0.3311    -8.8338  ramp 87%           0.8s
  451       442.1        94.2    0.3310    -8.8533  ramp 87%           0.7s
  452       421.3       120.5    0.3310    -8.8728  ramp 88%           0.7s
  453       469.8       157.7    0.3308    -8.8923  ramp 88%           0.8s
  454       376.7        88.8    0.3306    -8.9119  ramp 88%           0.8s
  455       399.9        84.7    0.3303    -8.9314  ramp 88%           0.7s
  456       536.6       162.5    0.3301    -8.9509  ramp 89%           0.8s
  457       437.1       196.6    0.3298    -8.9704  ramp 89%           0.8s
  458       371.1       151.2    0.3295    -8.9900  ramp 89%           0.8s
  459       552.7       166.1    0.3293    -9.0095  ramp 89%           0.9s
  [probe] gen=460 score=331.8 net=2.430 fell=1.000
  460       448.6       141.2    0.3290    -9.0290  ramp 90%           0.8s
  461       439.7       110.0    0.3288    -9.0485  ramp 90%           0.7s
  462       425.0        33.8    0.3286    -9.0680  ramp 90%           0.7s
  463       552.9        69.9    0.3284    -9.0876  ramp 90%           0.8s
  464       475.9       177.7    0.3282    -9.1071  ramp 91%           0.8s
  465       486.9       187.8    0.3281    -9.1266  ramp 91%           0.8s
  466       367.9       143.2    0.3279    -9.1462  ramp 91%           0.8s
  467       451.2       194.3    0.3277    -9.1657  ramp 91%           0.8s
  468       451.6       140.0    0.3274    -9.1852  ramp 92%           0.8s
  469       415.2       135.5    0.3271    -9.2047  ramp 92%           0.9s
  [probe] gen=470 score=325.0 net=2.440 fell=1.000
  470       614.7       158.7    0.3269    -9.2243  ramp 92%           0.9s
  471       608.3       205.4    0.3267    -9.2438  ramp 92%           0.8s
  472       525.9       122.0    0.3266    -9.2633  ramp 93%           0.9s
  473       408.1       154.2    0.3265    -9.2828  ramp 93%           0.8s
  474       494.3       166.5    0.3265    -9.3024  ramp 93%           0.8s
  [plot] Saved fitness curve → experiments/thesis/curriculum_variable_gravity/seed_00/fitness_curve.png
  475       478.1       212.4    0.3265    -9.3219  ramp 93%           0.9s
  476       500.4       222.1    0.3263    -9.3414  ramp 94%           0.9s
  477       463.1       214.7    0.3260    -9.3609  ramp 94%           0.9s
  478       549.1       133.7    0.3257    -9.3804  ramp 94%           0.8s
  479       482.0       140.2    0.3254    -9.4000  ramp 94%           0.8s
  [probe] gen=480 score=411.1 net=3.002 fell=1.000
  480       476.2       157.3    0.3251    -9.4195  ramp 95%           0.8s
  481       429.4       136.3    0.3248    -9.4390  ramp 95%           0.8s
  482       599.5       166.7    0.3245    -9.4585  ramp 95%           0.8s
  483       486.7       192.1    0.3241    -9.4781  ramp 95%           0.9s
  484       530.7       181.1    0.3237    -9.4976  ramp 96%           0.8s
  485       434.1       166.2    0.3233    -9.5171  ramp 96%           0.8s
  486       497.6       236.3    0.3230    -9.5366  ramp 96%           0.9s
  487       507.9       154.4    0.3227    -9.5562  ramp 96%           0.8s
  488       522.3       183.3    0.3224    -9.5757  ramp 97%           0.8s
  489       557.9       213.0    0.3221    -9.5952  ramp 97%           0.9s
  [probe] gen=490 score=464.4 net=3.222 fell=1.000
  490       594.3        86.5    0.3219    -9.6148  ramp 97%           0.7s
  491       550.1       164.3    0.3215    -9.6343  ramp 97%           0.8s
  492       494.4       129.7    0.3212    -9.6538  ramp 98%           0.9s
  493       522.5       184.8    0.3210    -9.6733  ramp 98%           0.9s
  494       551.9       163.9    0.3208    -9.6928  ramp 98%           0.8s
  495       462.1       139.5    0.3205    -9.7124  ramp 98%           0.8s
  496       420.0       178.6    0.3203    -9.7319  ramp 99%           0.8s
  497       466.8       206.8    0.3200    -9.7514  ramp 99%           0.8s
  498       497.9       227.6    0.3197    -9.7709  ramp 99%           0.9s
  499       407.2       217.9    0.3193    -9.7905  ramp 99%           0.8s
  [plot] Saved fitness curve → experiments/thesis/curriculum_variable_gravity/seed_00/fitness_curve.png

Training complete. Best fitness: 708.0
Best params → experiments/thesis/curriculum_variable_gravity/seed_00/checkpoints/best_params.npy
Fitness curve → experiments/thesis/curriculum_variable_gravity/seed_00/fitness_curve.png
Final Earth scorecard | score=228.7 net=1.902 fell=1.000
Gravity sweep | gravities=5 mean_net=1.661 worst_net=1.427
  [exp] Wrote experiments/thesis/curriculum_variable_gravity/seed_00/experiment.json
  [exp] Wrote experiments/thesis/curriculum_variable_gravity/seed_00/training_log.csv
  [exp] Wrote experiments/thesis/curriculum_variable_gravity/seed_00/earth_probe.csv
  [exp] Wrote experiments/thesis/curriculum_variable_gravity/seed_00/gravity_sweep.csv
  [exp] Wrote experiments/thesis/curriculum_variable_gravity/seed_00/summary.json
