Walker2d-v5 | policy=CPG  params=504
CPGPolicy  |  total params = 504
  Joint       Amplitude  Freq(rad/step)   Phase(deg)
  --------------------------------------------------
  R-thigh         0.500          0.6931          0.0°
  R-leg           0.500          0.6931          0.0°
  R-foot          0.500          0.6931          0.0°
  L-thigh         0.500          0.6931          0.0°
  L-leg           0.500          0.6931          0.0°
  L-foot          0.500          0.6931          0.0°

  Feedback MLP hidden=16  correction_scale=0.5
Run context | seed=2 arm=fixed_gravity run_id=fixed_gravity_seed_02

Starting from structured scratch prior (no warm-start checkpoint).
Schedule | penalty_min=0.20 penalty_ramp_gen=200 corr_min=0.00 corr_max=0.50 corr_ramp_gen=200

Starting CMA-ES | pop=40 | sigma0=0.5 | max_gen=500 | workers=8 | seed=2

  Gen        Best        Mean     Sigma    Pen   Corr     Time
------------------------------------------------------------------
  [probe] gen=0 score=-303.4 net=-0.168 fell=1.000
  [plot] Saved fitness curve → fitness_curve_cpg.png
    0       -49.4       -76.1    0.4905   0.20   0.00     1.7s
    1       -43.1       -76.5    0.4820   0.20   0.00     0.2s
    2       -43.4       -75.9    0.4746   0.21   0.01     0.2s
    3       -38.7       -71.0    0.4679   0.21   0.01     0.2s
    4       -38.6       -68.9    0.4617   0.22   0.01     0.2s
    5       -37.4       -72.1    0.4561   0.22   0.01     0.2s
    6       -32.6       -64.6    0.4512   0.22   0.01     0.3s
    7       -10.6       -58.0    0.4469   0.23   0.02     0.3s
    8        75.4       -55.2    0.4426   0.23   0.02     0.3s
    9        45.7       -55.0    0.4385   0.24   0.02     0.3s
  [probe] gen=10 score=-164.4 net=0.328 fell=1.000
   10        21.3       -56.5    0.4346   0.24   0.03     0.3s
   11        37.5       -46.8    0.4311   0.24   0.03     0.3s
   12       102.6       -46.7    0.4279   0.25   0.03     0.4s
   13       121.6       -29.9    0.4249   0.25   0.03     0.6s
   14       150.6       -17.8    0.4220   0.26   0.04     0.4s
   15       145.8       -11.4    0.4192   0.26   0.04     0.5s
   16       135.3        -9.5    0.4165   0.26   0.04     0.5s
   17       155.5        32.1    0.4141   0.27   0.04     0.6s
   18       146.5         9.9    0.4120   0.27   0.04     0.6s
   19       138.5        21.3    0.4100   0.28   0.05     0.7s
  [probe] gen=20 score=-8.9 net=0.755 fell=1.000
   20       154.1        27.3    0.4083   0.28   0.05     0.7s
   21       158.3        26.3    0.4066   0.28   0.05     0.7s
   22       152.7        24.0    0.4051   0.29   0.06     0.6s
   23       147.4        20.2    0.4037   0.29   0.06     0.6s
   24       146.3        20.5    0.4025   0.30   0.06     0.6s
  [plot] Saved fitness curve → fitness_curve_cpg.png
   25       143.7        53.6    0.4015   0.30   0.06     0.5s
   26       159.0        43.9    0.4006   0.30   0.07     0.6s
   27       175.6        64.3    0.3999   0.31   0.07     0.6s
   28       153.6        10.8    0.3993   0.31   0.07     0.6s
   29       161.0        70.2    0.3988   0.32   0.07     0.6s
  [probe] gen=30 score=34.2 net=1.060 fell=1.000
   30       159.7        30.2    0.3983   0.32   0.07     0.7s
   31       193.7        67.5    0.3979   0.32   0.08     0.6s
   32       168.3        26.1    0.3975   0.33   0.08     0.6s
   33       163.5        56.2    0.3972   0.33   0.08     0.7s
   34       152.8        50.1    0.3969   0.34   0.09     0.6s
   35       178.6        94.4    0.3964   0.34   0.09     0.6s
   36       178.3        61.8    0.3959   0.34   0.09     0.7s
   37       239.0        24.6    0.3955   0.35   0.09     0.6s
   38       182.3        48.7    0.3950   0.35   0.10     0.7s
   39       157.6         3.8    0.3945   0.36   0.10     0.7s
  [probe] gen=40 score=31.3 net=1.004 fell=1.000
   40       149.8        17.8    0.3939   0.36   0.10     0.5s
   41       163.1        59.2    0.3934   0.36   0.10     0.7s
   42       157.3        -5.7    0.3930   0.37   0.10     0.6s
   43       159.4        32.4    0.3927   0.37   0.11     0.6s
   44       173.6        70.0    0.3921   0.38   0.11     0.7s
   45       164.0        46.8    0.3918   0.38   0.11     0.6s
   46       163.9        97.6    0.3914   0.38   0.12     0.7s
   47       161.0        81.9    0.3910   0.39   0.12     0.7s
   48       159.9        75.5    0.3908   0.39   0.12     0.8s
   49       176.6        76.7    0.3907   0.40   0.12     0.8s
  [probe] gen=50 score=32.2 net=1.031 fell=1.000
  [plot] Saved fitness curve → fitness_curve_cpg.png
   50       164.4        59.0    0.3906   0.40   0.12     0.8s
   51       174.0        50.3    0.3907   0.40   0.13     0.7s
   52       174.4        38.1    0.3906   0.41   0.13     0.7s
   53       162.6         3.4    0.3906   0.41   0.13     0.7s
   54       176.0        77.2    0.3906   0.42   0.14     0.8s
   55       164.1         0.1    0.3905   0.42   0.14     1.0s
   56       176.6        65.3    0.3903   0.42   0.14     1.0s
   57       180.4        42.9    0.3901   0.43   0.14     1.0s
   58       166.0        20.3    0.3898   0.43   0.14     0.9s
   59       184.7        40.5    0.3895   0.44   0.15     0.9s
  [probe] gen=60 score=59.5 net=1.090 fell=1.000
   60       164.2        69.0    0.3894   0.44   0.15     0.8s
   61       177.1        10.6    0.3892   0.44   0.15     0.7s
   62       169.8        79.4    0.3891   0.45   0.15     0.8s
   63       253.1        64.4    0.3892   0.45   0.16     0.8s
   64       226.5        53.6    0.3892   0.46   0.16     0.8s
   65       237.1        35.6    0.3892   0.46   0.16     0.9s
   66       184.8        32.3    0.3891   0.46   0.17     0.8s
   67       172.8        76.1    0.3889   0.47   0.17     0.7s
   68       235.9        82.4    0.3887   0.47   0.17     0.9s
   69       251.6        72.3    0.3885   0.48   0.17     1.0s
  [probe] gen=70 score=139.3 net=1.360 fell=1.000
   70       207.6        51.4    0.3881   0.48   0.17     0.9s
   71       247.1        81.4    0.3877   0.48   0.18     0.8s
   72       264.3        87.9    0.3873   0.49   0.18     0.8s
   73       253.8       103.6    0.3868   0.49   0.18     1.0s
   74       246.5        62.7    0.3863   0.50   0.18     0.8s
  [plot] Saved fitness curve → fitness_curve_cpg.png
   75       251.5        49.5    0.3860   0.50   0.19     0.9s
   76       276.7        84.4    0.3857   0.50   0.19     0.8s
   77       342.4        13.9    0.3852   0.51   0.19     0.9s
   78       200.9        26.7    0.3848   0.51   0.20     0.8s
   79       239.3        94.4    0.3843   0.52   0.20     0.8s
  [probe] gen=80 score=155.9 net=1.243 fell=1.000
   80       232.3        56.4    0.3839   0.52   0.20     0.9s
   81       246.9        28.7    0.3835   0.52   0.20     0.8s
   82       258.9        20.1    0.3833   0.53   0.20     0.8s
   83       242.6        33.1    0.3833   0.53   0.21     0.8s
   84       276.4        39.2    0.3833   0.54   0.21     0.9s
   85       350.7        94.2    0.3833   0.54   0.21     0.8s
   86       285.7        90.7    0.3835   0.54   0.21     0.9s
   87       357.9        57.6    0.3836   0.55   0.22     0.9s
   88       256.1        79.7    0.3837   0.55   0.22     0.9s
   89       217.2        43.5    0.3840   0.56   0.22     0.9s
  [probe] gen=90 score=263.1 net=1.866 fell=1.000
   90       310.9        36.7    0.3842   0.56   0.23     0.9s
   91       286.8        31.8    0.3846   0.56   0.23     0.9s
   92       368.4        33.1    0.3847   0.57   0.23     0.8s
   93       239.8        10.8    0.3848   0.57   0.23     0.9s
   94       394.4         9.2    0.3850   0.58   0.23     0.8s
   95       375.1        58.4    0.3853   0.58   0.24     0.9s
   96       270.6        52.9    0.3855   0.58   0.24     0.8s
   97       334.8        43.5    0.3857   0.59   0.24     0.9s
   98       305.3        29.7    0.3860   0.59   0.24     0.9s
   99       272.5        34.5    0.3864   0.60   0.25     0.9s
  [probe] gen=100 score=267.7 net=1.748 fell=1.000
  [plot] Saved fitness curve → fitness_curve_cpg.png
  100       388.3         2.1    0.3867   0.60   0.25     0.9s
  101       362.0       108.2    0.3869   0.60   0.25     0.9s
  102       305.5       107.2    0.3871   0.61   0.26     0.9s
  103       293.1        48.3    0.3874   0.61   0.26     0.7s
  104       348.5        78.7    0.3876   0.62   0.26     0.9s
  105       392.1       123.1    0.3879   0.62   0.26     0.9s
  106       397.3        76.7    0.3879   0.62   0.27     0.7s
  107       323.2        69.0    0.3878   0.63   0.27     0.7s
  108       377.3        89.3    0.3878   0.63   0.27     0.7s
  109       355.3       142.4    0.3875   0.64   0.27     0.8s
  [probe] gen=110 score=282.0 net=2.068 fell=1.000
  110       344.6        74.6    0.3873   0.64   0.28     0.8s
  111       345.8       145.6    0.3872   0.64   0.28     0.8s
  112       408.3       129.2    0.3872   0.65   0.28     0.8s
  113       337.6       186.1    0.3873   0.65   0.28     0.9s
  114       396.6       150.1    0.3873   0.66   0.28     0.9s
  115       408.6       223.6    0.3876   0.66   0.29     0.9s
  116       532.7       208.9    0.3880   0.66   0.29     1.1s
  117       594.5       193.1    0.3884   0.67   0.29     1.4s
  118       436.5       192.5    0.3887   0.67   0.29     1.3s
  119       606.3       210.9    0.3890   0.68   0.30     1.4s
  [probe] gen=120 score=173.5 net=1.421 fell=1.000
  120       480.6       213.4    0.3894   0.68   0.30     1.6s
  121       458.3       185.0    0.3897   0.68   0.30     1.1s
  122       567.0       227.3    0.3900   0.69   0.30     1.3s
  123       626.4       196.3    0.3902   0.69   0.31     1.6s
  124       508.8       212.0    0.3903   0.70   0.31     1.2s
  [plot] Saved fitness curve → fitness_curve_cpg.png
  125       590.7       174.6    0.3905   0.70   0.31     1.3s
  126       575.5       164.2    0.3906   0.70   0.32     1.7s
  127       552.5       187.6    0.3908   0.71   0.32     1.9s
  128       580.6       151.2    0.3910   0.71   0.32     1.5s
  129       603.1       221.4    0.3910   0.72   0.32     1.7s
  [probe] gen=130 score=505.9 net=2.482 fell=1.000
  130       606.7       210.5    0.3909   0.72   0.33     1.6s
  131       569.9       181.1    0.3908   0.72   0.33     1.6s
  132       587.5       167.7    0.3907   0.73   0.33     1.5s
  133       621.1       182.3    0.3906   0.73   0.33     1.7s
  134       610.1       208.9    0.3904   0.74   0.34     1.4s
  135       604.8       134.2    0.3902   0.74   0.34     1.0s
  136       563.2       185.7    0.3901   0.74   0.34     1.4s
  137       668.8       171.8    0.3900   0.75   0.34     1.3s
  138       569.3       186.1    0.3899   0.75   0.34     1.2s
  139       619.8       203.1    0.3900   0.76   0.35     1.2s
  [probe] gen=140 score=379.8 net=1.827 fell=0.900
  140       625.6       189.8    0.3901   0.76   0.35     1.2s
  141       743.7       190.5    0.3905   0.76   0.35     1.2s
  142       728.2       203.5    0.3907   0.77   0.35     1.6s
  143       745.4       212.0    0.3910   0.77   0.36     1.2s
  144       706.2       247.6    0.3914   0.78   0.36     1.6s
  145       798.9       269.4    0.3916   0.78   0.36     1.8s
  146       748.6       195.3    0.3919   0.78   0.36     1.3s
  147       847.3       306.2    0.3921   0.79   0.37     1.6s
  148       678.1       283.0    0.3922   0.79   0.37     1.5s
  149       763.1       280.1    0.3924   0.80   0.37     1.5s
  [probe] gen=150 score=488.5 net=2.682 fell=1.000
  [plot] Saved fitness curve → fitness_curve_cpg.png
  150       746.1       264.7    0.3927   0.80   0.38     1.6s
  151       857.3       198.2    0.3929   0.80   0.38     1.3s
  152       804.4       194.5    0.3932   0.81   0.38     1.8s
  153       789.4       194.8    0.3934   0.81   0.38     1.3s
  154       808.5       252.0    0.3938   0.82   0.39     1.4s
  155       810.4       230.5    0.3941   0.82   0.39     1.8s
  156       768.0       202.2    0.3944   0.82   0.39     1.7s
  157       779.0       239.3    0.3947   0.83   0.39     1.8s
  158       947.6       280.7    0.3948   0.83   0.40     1.8s
  159       920.5       272.2    0.3951   0.84   0.40     1.7s
  [probe] gen=160 score=620.9 net=2.997 fell=0.600
  160       779.1       224.3    0.3953   0.84   0.40     1.7s
  161       980.3       331.7    0.3955   0.84   0.40     1.9s
  162       898.6       213.2    0.3958   0.85   0.41     1.6s
  163       775.6       195.8    0.3959   0.85   0.41     1.7s
  164       886.7       170.6    0.3961   0.86   0.41     1.7s
  165       934.9       140.8    0.3963   0.86   0.41     1.7s
  166       800.2       276.6    0.3964   0.86   0.41     1.9s
  167       851.0       238.9    0.3963   0.87   0.42     1.7s
  168       930.6       251.8    0.3961   0.87   0.42     2.0s
  169       956.3       267.5    0.3959   0.88   0.42     1.9s
  [probe] gen=170 score=977.7 net=4.603 fell=0.500
  170       939.8       379.1    0.3956   0.88   0.42     1.9s
  171      1004.0       261.2    0.3954   0.88   0.43     1.6s
  172       989.3       346.8    0.3953   0.89   0.43     1.8s
  173       919.5       392.4    0.3951   0.89   0.43     1.9s
  174       895.2       355.4    0.3950   0.90   0.43     1.9s
  [plot] Saved fitness curve → fitness_curve_cpg.png
  175       913.8       369.9    0.3951   0.90   0.44     1.9s
  176       937.8       367.4    0.3952   0.90   0.44     1.9s
  177       961.6       200.7    0.3953   0.91   0.44     1.7s
  178       940.8       246.6    0.3954   0.91   0.45     1.6s
  179       933.8       343.8    0.3954   0.92   0.45     2.2s
  [probe] gen=180 score=827.3 net=3.829 fell=0.100
  180       967.4       422.4    0.3955   0.92   0.45     2.1s
  181      1035.7       441.3    0.3955   0.92   0.45     2.0s
  182       910.7       365.0    0.3957   0.93   0.46     2.0s
  183      1058.0       289.1    0.3959   0.93   0.46     1.9s
  184      1070.4       359.7    0.3959   0.94   0.46     2.1s
  185      1030.6       209.9    0.3960   0.94   0.46     1.6s
  186      1014.1       357.8    0.3961   0.94   0.47     2.1s
  187      1032.6       146.6    0.3962   0.95   0.47     1.7s
  188      1120.3       223.6    0.3962   0.95   0.47     2.0s
  189      1078.0       339.6    0.3961   0.96   0.47     1.8s
  [probe] gen=190 score=748.2 net=3.602 fell=0.700
  190       921.3       317.7    0.3959   0.96   0.47     2.1s
  191      1098.1       332.8    0.3957   0.96   0.48     1.9s
  192      1008.3       402.6    0.3956   0.97   0.48     2.5s
  193      1015.3       155.2    0.3955   0.97   0.48     1.7s
  194      1056.5       382.3    0.3954   0.98   0.48     2.0s
  195       887.8       297.9    0.3954   0.98   0.49     1.8s
  196      1142.3       431.7    0.3952   0.98   0.49     2.2s
  197       891.5       334.8    0.3951   0.99   0.49     2.0s
  198      1051.7       399.2    0.3952   0.99   0.49     2.4s
  199       953.2       342.8    0.3953   1.00   0.50     2.1s
  [probe] gen=200 score=806.6 net=3.518 fell=0.400
  [plot] Saved fitness curve → fitness_curve_cpg.png
  200      1081.2       318.3    0.3955   1.00   0.50     1.8s
  201      1084.7       384.1    0.3955   1.00   0.50     2.3s
  202      1012.9       385.9    0.3955   1.00   0.50     2.1s
  203       927.5       430.2    0.3955   1.00   0.50     2.2s
  204      1192.9       511.9    0.3956   1.00   0.50     2.3s
  205      1116.9       253.1    0.3957   1.00   0.50     1.7s
  206      1002.8       465.3    0.3958   1.00   0.50     2.2s
  207      1045.5       443.1    0.3956   1.00   0.50     2.3s
  208      1142.7       514.2    0.3954   1.00   0.50     2.2s
  209      1140.8       393.1    0.3952   1.00   0.50     2.1s
  [probe] gen=210 score=975.6 net=4.633 fell=0.100
  210      1105.5       467.8    0.3953   1.00   0.50     2.0s
  211      1202.7       578.7    0.3952   1.00   0.50     2.2s
  212      1191.0       532.1    0.3952   1.00   0.50     2.2s
  213      1090.4       323.6    0.3951   1.00   0.50     1.9s
  214      1110.5       282.7    0.3948   1.00   0.50     1.7s
  215      1080.7       418.3    0.3945   1.00   0.50     2.2s
  216      1162.0       355.2    0.3943   1.00   0.50     1.8s
  217      1176.2       336.4    0.3941   1.00   0.50     1.7s
  218      1121.5       320.5    0.3939   1.00   0.50     1.8s
  219      1266.4       462.9    0.3938   1.00   0.50     2.1s
  [probe] gen=220 score=1085.2 net=5.183 fell=0.100
  220      1131.8       342.5    0.3936   1.00   0.50     1.7s
  221      1206.3       455.6    0.3934   1.00   0.50     1.9s
  222      1104.6       428.1    0.3932   1.00   0.50     1.9s
  223      1172.2       359.5    0.3930   1.00   0.50     1.9s
  224      1107.1       446.9    0.3929   1.00   0.50     1.8s
  [plot] Saved fitness curve → fitness_curve_cpg.png
  225      1230.9       646.6    0.3930   1.00   0.50     2.5s
  226      1192.4       384.1    0.3933   1.00   0.50     1.9s
  227      1201.3       505.2    0.3936   1.00   0.50     2.1s
  228      1182.8       489.6    0.3939   1.00   0.50     2.1s
  229      1235.9       412.4    0.3941   1.00   0.50     2.0s
  [probe] gen=230 score=1134.6 net=5.556 fell=0.300
  230      1209.9       643.7    0.3944   1.00   0.50     2.6s
  231      1265.2       493.2    0.3947   1.00   0.50     2.3s
  232      1336.1       602.9    0.3950   1.00   0.50     2.4s
  233      1263.2       526.4    0.3951   1.00   0.50     2.2s
  234      1160.5       495.8    0.3952   1.00   0.50     2.1s
  235      1211.6       546.8    0.3953   1.00   0.50     2.4s
  236      1230.8       506.9    0.3951   1.00   0.50     2.2s
  237      1275.4       590.3    0.3950   1.00   0.50     2.2s
  238      1152.1       354.2    0.3949   1.00   0.50     1.9s
  239      1158.9       508.3    0.3948   1.00   0.50     2.0s
  [probe] gen=240 score=963.0 net=4.592 fell=0.300
  240      1112.3       550.8    0.3947   1.00   0.50     2.4s
  241      1125.3       557.5    0.3946   1.00   0.50     2.2s
  242      1117.5       541.7    0.3945   1.00   0.50     2.2s
  243      1228.5       535.4    0.3945   1.00   0.50     2.3s
  244      1164.5       566.5    0.3945   1.00   0.50     2.4s
  245      1165.7       622.8    0.3944   1.00   0.50     2.8s
  246      1071.2       490.7    0.3944   1.00   0.50     2.0s
  247      1085.6       402.8    0.3943   1.00   0.50     1.9s
  248      1305.9       500.7    0.3943   1.00   0.50     2.1s
  249      1172.8       463.9    0.3943   1.00   0.50     2.0s
  [probe] gen=250 score=1103.4 net=5.459 fell=0.600
  [plot] Saved fitness curve → fitness_curve_cpg.png
  250      1197.3       569.2    0.3944   1.00   0.50     2.3s
  251      1163.5       578.7    0.3945   1.00   0.50     2.3s
  252      1127.2       551.7    0.3947   1.00   0.50     2.2s
  253      1253.6       621.7    0.3946   1.00   0.50     2.3s
  254      1263.2       603.7    0.3946   1.00   0.50     2.5s
  255      1222.2       528.9    0.3944   1.00   0.50     2.3s
  256      1185.6       468.3    0.3940   1.00   0.50     2.0s
  257      1266.1       543.6    0.3937   1.00   0.50     2.2s
  258      1267.1       549.6    0.3931   1.00   0.50     2.2s
  259      1168.2       604.3    0.3926   1.00   0.50     2.3s
  [probe] gen=260 score=844.3 net=4.089 fell=0.300
  260      1219.5       525.5    0.3922   1.00   0.50     2.1s
  261      1216.2       513.5    0.3917   1.00   0.50     1.9s
  262      1140.7       563.9    0.3911   1.00   0.50     2.2s
  263      1197.5       532.3    0.3906   1.00   0.50     2.3s
  264      1291.9       689.2    0.3901   1.00   0.50     2.4s
  265      1219.9       499.1    0.3895   1.00   0.50     2.2s
  266      1095.2       514.3    0.3890   1.00   0.50     2.1s
  267      1190.7       593.5    0.3887   1.00   0.50     2.7s
  268      1218.0       580.0    0.3884   1.00   0.50     2.1s
  269      1240.0       588.4    0.3880   1.00   0.50     2.2s
  [probe] gen=270 score=1058.3 net=5.269 fell=0.500
  270      1157.4       653.7    0.3874   1.00   0.50     2.4s
  271      1101.8       616.3    0.3870   1.00   0.50     2.3s
  272      1223.8       617.8    0.3867   1.00   0.50     2.3s
  273      1220.9       554.3    0.3863   1.00   0.50     2.0s
  274      1129.5       481.8    0.3859   1.00   0.50     2.0s
  [plot] Saved fitness curve → fitness_curve_cpg.png
  275      1169.6       608.5    0.3856   1.00   0.50     2.3s
  276      1265.3       594.0    0.3854   1.00   0.50     2.1s
  277      1286.9       655.0    0.3852   1.00   0.50     2.4s
  278      1198.4       658.5    0.3851   1.00   0.50     2.3s
  279      1282.4       502.0    0.3849   1.00   0.50     2.1s
  [probe] gen=280 score=1256.7 net=6.203 fell=0.100
  280      1189.4       567.2    0.3848   1.00   0.50     2.1s
  281      1207.8       731.1    0.3847   1.00   0.50     2.5s
  282      1281.3       683.9    0.3845   1.00   0.50     2.6s
  283      1211.3       675.1    0.3844   1.00   0.50     2.7s
  284      1331.8       741.4    0.3843   1.00   0.50     2.8s
  285      1420.7       624.5    0.3841   1.00   0.50     2.6s
  286      1200.4       665.9    0.3840   1.00   0.50     2.3s
  287      1261.2       699.3    0.3837   1.00   0.50     2.6s
  288      1238.7       571.0    0.3835   1.00   0.50     2.3s
  289      1251.9       565.3    0.3832   1.00   0.50     2.4s
  [probe] gen=290 score=1222.7 net=5.940 fell=0.000
  290      1287.6       561.6    0.3831   1.00   0.50     2.4s
  291      1272.1       702.1    0.3829   1.00   0.50     2.5s
  292      1238.2       703.9    0.3826   1.00   0.50     2.3s
  293      1276.9       636.9    0.3825   1.00   0.50     2.1s
  294      1295.0       558.3    0.3825   1.00   0.50     2.3s
  295      1268.5       653.1    0.3826   1.00   0.50     2.3s
  296      1377.9       570.9    0.3827   1.00   0.50     2.3s
  297      1294.9       613.9    0.3829   1.00   0.50     2.3s
  298      1264.9       538.0    0.3831   1.00   0.50     2.2s
  299      1356.0       681.0    0.3831   1.00   0.50     2.5s
  [probe] gen=300 score=948.8 net=5.001 fell=0.400
  [plot] Saved fitness curve → fitness_curve_cpg.png
  300      1310.6       747.2    0.3832   1.00   0.50     2.5s
  301      1230.3       581.8    0.3831   1.00   0.50     2.1s
  302      1290.1       701.0    0.3832   1.00   0.50     2.4s
  303      1235.6       571.3    0.3834   1.00   0.50     2.4s
  304      1238.3       685.0    0.3836   1.00   0.50     2.6s
  305      1245.7       649.4    0.3840   1.00   0.50     2.4s
  306      1281.3       721.9    0.3843   1.00   0.50     2.7s
  307      1267.3       748.6    0.3844   1.00   0.50     2.6s
  308      1340.7       803.7    0.3845   1.00   0.50     2.8s
  309      1256.9       847.3    0.3846   1.00   0.50     2.8s
  [probe] gen=310 score=1051.4 net=5.541 fell=0.300
  310      1298.4       779.5    0.3845   1.00   0.50     2.7s
  311      1365.9       697.6    0.3844   1.00   0.50     2.5s
  312      1417.0       664.6    0.3842   1.00   0.50     2.3s
  313      1259.5       550.7    0.3841   1.00   0.50     2.2s
  314      1390.3       667.3    0.3839   1.00   0.50     2.4s
  315      1302.4       698.8    0.3836   1.00   0.50     2.4s
  316      1335.9       553.3    0.3834   1.00   0.50     2.2s
  317      1262.1       617.6    0.3834   1.00   0.50     2.2s
  318      1441.8       552.4    0.3834   1.00   0.50     2.3s
  319      1194.7       447.8    0.3835   1.00   0.50     2.0s
  [probe] gen=320 score=1332.6 net=6.679 fell=0.200
  320      1379.7       693.1    0.3836   1.00   0.50     2.6s
  321      1350.3       714.0    0.3837   1.00   0.50     2.5s
  322      1373.0       699.5    0.3836   1.00   0.50     2.4s
  323      1304.2       704.4    0.3837   1.00   0.50     2.5s
  324      1306.6       687.2    0.3836   1.00   0.50     2.7s
  [plot] Saved fitness curve → fitness_curve_cpg.png
  325      1319.4       786.8    0.3836   1.00   0.50     2.6s
  326      1333.3       674.4    0.3837   1.00   0.50     2.3s
  327      1262.9       747.5    0.3840   1.00   0.50     2.5s
  328      1294.0       835.1    0.3841   1.00   0.50     2.8s
  329      1380.3       939.8    0.3844   1.00   0.50     3.0s
  [probe] gen=330 score=1062.4 net=5.354 fell=0.600
  330      1346.0       868.6    0.3845   1.00   0.50     2.7s
  331      1404.7       860.1    0.3846   1.00   0.50     2.6s
  332      1287.4       724.4    0.3848   1.00   0.50     2.3s
  333      1415.7       827.1    0.3851   1.00   0.50     2.9s
  334      1337.8       831.8    0.3854   1.00   0.50     2.6s
  335      1284.2       773.7    0.3856   1.00   0.50     2.4s
  336      1312.0       661.6    0.3856   1.00   0.50     2.3s
  337      1329.3       795.0    0.3857   1.00   0.50     2.6s
  338      1336.7       715.6    0.3857   1.00   0.50     2.4s
  339      1361.1       825.0    0.3855   1.00   0.50     2.7s
  [probe] gen=340 score=1278.0 net=6.311 fell=0.000
  340      1276.8       781.5    0.3855   1.00   0.50     2.6s
  341      1379.4       870.6    0.3857   1.00   0.50     2.9s
  342      1286.7       826.0    0.3858   1.00   0.50     2.8s
  343      1318.7       818.3    0.3860   1.00   0.50     3.0s
  344      1290.2       858.7    0.3863   1.00   0.50     2.9s
  345      1358.0       797.1    0.3864   1.00   0.50     2.6s
  346      1315.5       714.7    0.3864   1.00   0.50     2.3s
  347      1276.7       751.3    0.3866   1.00   0.50     2.3s
  348      1359.5       747.2    0.3868   1.00   0.50     2.4s
  349      1387.2       734.8    0.3870   1.00   0.50     2.3s
  [probe] gen=350 score=967.9 net=5.122 fell=0.700
  [plot] Saved fitness curve → fitness_curve_cpg.png
  350      1335.5       604.7    0.3871   1.00   0.50     2.1s
  351      1321.7       536.2    0.3871   1.00   0.50     2.0s
  352      1323.6       689.3    0.3870   1.00   0.50     2.1s
  353      1358.0       527.9    0.3870   1.00   0.50     2.2s
  354      1315.5       617.2    0.3870   1.00   0.50     2.2s
  355      1367.4       693.7    0.3870   1.00   0.50     2.3s
  356      1282.2       725.5    0.3870   1.00   0.50     2.4s
  357      1363.6       558.9    0.3871   1.00   0.50     1.9s
  358      1320.3       656.4    0.3873   1.00   0.50     2.1s
  359      1307.1       816.4    0.3873   1.00   0.50     2.5s
  [probe] gen=360 score=1158.8 net=5.898 fell=0.300
  360      1300.8       747.1    0.3875   1.00   0.50     2.4s
  361      1374.9       734.0    0.3876   1.00   0.50     2.5s
  362      1420.6       793.6    0.3878   1.00   0.50     2.5s
  363      1345.8       771.8    0.3880   1.00   0.50     2.5s
  364      1313.8       632.8    0.3883   1.00   0.50     2.0s
  365      1289.7       662.0    0.3888   1.00   0.50     1.9s
  366      1335.6       637.4    0.3892   1.00   0.50     2.2s
  367      1300.1       860.1    0.3896   1.00   0.50     2.6s
  368      1322.6       706.7    0.3899   1.00   0.50     2.5s
  369      1373.1       791.8    0.3902   1.00   0.50     2.6s
  [probe] gen=370 score=1121.1 net=5.649 fell=0.200
  370      1268.1       866.6    0.3906   1.00   0.50     2.6s
  371      1241.9       727.5    0.3910   1.00   0.50     2.4s
  372      1311.9       874.6    0.3913   1.00   0.50     2.6s
  373      1329.2       813.1    0.3917   1.00   0.50     2.6s
  374      1273.0       803.4    0.3919   1.00   0.50     2.9s
  [plot] Saved fitness curve → fitness_curve_cpg.png
  375      1376.4       848.4    0.3922   1.00   0.50     2.6s
  376      1313.7       816.6    0.3924   1.00   0.50     2.8s
  377      1360.8       891.8    0.3926   1.00   0.50     2.6s
  378      1390.0       903.7    0.3928   1.00   0.50     2.7s
  379      1404.3       782.6    0.3929   1.00   0.50     2.5s
  [probe] gen=380 score=1348.6 net=6.908 fell=0.100
  380      1364.8       903.1    0.3928   1.00   0.50     2.6s
  381      1447.9       724.1    0.3929   1.00   0.50     2.3s
  382      1464.6       803.8    0.3931   1.00   0.50     2.6s
  383      1432.8       746.5    0.3933   1.00   0.50     2.4s
  384      1383.6       802.8    0.3935   1.00   0.50     2.6s
  385      1379.2       910.2    0.3937   1.00   0.50     2.8s
  386      1436.4       898.9    0.3939   1.00   0.50     2.6s
  387      1508.8      1033.8    0.3939   1.00   0.50     2.9s
  388      1452.2       765.0    0.3938   1.00   0.50     2.3s
  389      1346.6       716.1    0.3938   1.00   0.50     2.0s
  [probe] gen=390 score=1281.4 net=6.721 fell=0.100
  390      1398.4       826.6    0.3937   1.00   0.50     2.4s
  391      1263.4       698.8    0.3936   1.00   0.50     2.1s
  392      1378.5       808.7    0.3936   1.00   0.50     2.6s
  393      1437.1       888.7    0.3935   1.00   0.50     2.7s
  394      1313.2       845.7    0.3936   1.00   0.50     2.6s
  395      1274.2       881.7    0.3937   1.00   0.50     3.0s
  396      1399.3       831.3    0.3937   1.00   0.50     2.7s
  397      1247.4       698.0    0.3937   1.00   0.50     2.6s
  398      1372.8       566.8    0.3938   1.00   0.50     2.1s
  399      1413.6       771.1    0.3939   1.00   0.50     2.5s
  [probe] gen=400 score=1210.0 net=6.109 fell=0.200
  [plot] Saved fitness curve → fitness_curve_cpg.png
  400      1349.7       632.0    0.3939   1.00   0.50     2.2s
  401      1386.5       882.7    0.3940   1.00   0.50     2.7s
  402      1345.5       853.7    0.3940   1.00   0.50     2.7s
  403      1329.8       781.9    0.3941   1.00   0.50     2.4s
  404      1350.1       932.6    0.3940   1.00   0.50     2.9s
  405      1454.7       748.5    0.3939   1.00   0.50     2.4s
  406      1324.6       839.3    0.3938   1.00   0.50     2.4s
  407      1367.5       813.9    0.3937   1.00   0.50     2.5s
  408      1346.0       733.3    0.3939   1.00   0.50     2.4s
  409      1269.3       723.7    0.3944   1.00   0.50     2.3s
  [probe] gen=410 score=998.3 net=5.152 fell=0.400
  410      1256.0       902.5    0.3949   1.00   0.50     2.9s
  411      1264.3       758.4    0.3954   1.00   0.50     2.3s
  412      1351.0       759.7    0.3958   1.00   0.50     2.6s
  413      1303.4       753.1    0.3961   1.00   0.50     2.4s
  414      1382.6       712.0    0.3965   1.00   0.50     2.5s
  415      1429.0       684.2    0.3969   1.00   0.50     2.5s
  416      1313.1       729.3    0.3973   1.00   0.50     2.4s
  417      1414.7       754.3    0.3977   1.00   0.50     2.5s
  418      1421.2       758.3    0.3981   1.00   0.50     2.5s
  419      1355.2       703.4    0.3985   1.00   0.50     2.3s
  [probe] gen=420 score=1372.5 net=6.972 fell=0.000
  420      1427.5       706.8    0.3988   1.00   0.50     2.4s
  421      1352.5       821.6    0.3991   1.00   0.50     2.4s
  422      1421.9       620.9    0.3994   1.00   0.50     2.2s
  423      1419.5       758.2    0.3997   1.00   0.50     2.0s
  424      1446.2       756.0    0.4000   1.00   0.50     2.2s
  [plot] Saved fitness curve → fitness_curve_cpg.png
  425      1387.1       780.7    0.4003   1.00   0.50     2.5s
  426      1537.3       694.7    0.4004   1.00   0.50     2.1s
  427      1418.7       868.0    0.4006   1.00   0.50     2.6s
  428      1376.0       709.0    0.4007   1.00   0.50     2.2s
  429      1398.8       681.0    0.4009   1.00   0.50     2.3s
  [probe] gen=430 score=1264.6 net=6.396 fell=0.100
  430      1331.8       498.5    0.4013   1.00   0.50     1.9s
  431      1431.4       768.5    0.4016   1.00   0.50     2.4s
  432      1437.3       797.0    0.4018   1.00   0.50     2.5s
  433      1381.5       758.8    0.4020   1.00   0.50     2.4s
  434      1440.9       655.2    0.4022   1.00   0.50     2.1s
  435      1444.4       607.6    0.4023   1.00   0.50     2.1s
  436      1317.7       718.9    0.4023   1.00   0.50     2.4s
  437      1260.0       585.8    0.4025   1.00   0.50     2.3s
  438      1387.5       760.0    0.4027   1.00   0.50     2.5s
  439      1350.4       628.3    0.4029   1.00   0.50     2.2s
  [probe] gen=440 score=1238.4 net=6.324 fell=0.100
  440      1350.4       763.6    0.4031   1.00   0.50     2.6s
  441      1409.9       783.6    0.4033   1.00   0.50     2.4s
  442      1369.7       605.1    0.4035   1.00   0.50     2.3s
  443      1421.8       750.4    0.4036   1.00   0.50     2.5s
  444      1321.3       857.7    0.4037   1.00   0.50     2.7s
  445      1318.2       688.3    0.4038   1.00   0.50     2.4s
  446      1336.1       698.8    0.4040   1.00   0.50     2.4s
  447      1357.7       787.8    0.4042   1.00   0.50     2.5s
  448      1392.4       797.2    0.4043   1.00   0.50     2.5s
  449      1446.6       950.3    0.4045   1.00   0.50     2.8s
  [probe] gen=450 score=1369.6 net=7.172 fell=0.100
  [plot] Saved fitness curve → fitness_curve_cpg.png
  450      1513.5       916.5    0.4046   1.00   0.50     2.7s
  451      1401.0       843.1    0.4049   1.00   0.50     2.5s
  452      1431.8       921.2    0.4051   1.00   0.50     2.9s
  453      1507.8       900.5    0.4052   1.00   0.50     2.6s
  454      1377.7       854.6    0.4051   1.00   0.50     2.6s
  455      1345.0       894.3    0.4051   1.00   0.50     2.8s
  456      1404.2       917.8    0.4050   1.00   0.50     2.9s
  457      1357.4       897.0    0.4049   1.00   0.50     2.9s
  458      1470.0       967.0    0.4049   1.00   0.50     2.7s
  459      1529.8       900.8    0.4049   1.00   0.50     2.7s
  [probe] gen=460 score=728.7 net=4.245 fell=0.600
  460      1546.0       768.8    0.4048   1.00   0.50     2.3s
  461      1470.2       910.6    0.4048   1.00   0.50     2.5s
  462      1478.2       824.2    0.4047   1.00   0.50     2.4s
  463      1407.6       775.8    0.4049   1.00   0.50     2.5s
  464      1452.4       968.8    0.4047   1.00   0.50     2.8s
  465      1517.4       722.7    0.4046   1.00   0.50     2.2s
  466      1458.5       813.0    0.4044   1.00   0.50     2.4s
  467      1479.1       821.0    0.4042   1.00   0.50     2.3s
  468      1383.1       726.0    0.4041   1.00   0.50     2.5s
  469      1402.1       798.8    0.4039   1.00   0.50     2.4s
  [probe] gen=470 score=1301.5 net=6.901 fell=0.200
  470      1572.8       915.9    0.4037   1.00   0.50     2.6s
  471      1473.8       813.9    0.4035   1.00   0.50     2.5s
  472      1414.1       790.6    0.4033   1.00   0.50     2.5s
  473      1364.8       821.4    0.4031   1.00   0.50     2.5s
  474      1437.2       921.2    0.4027   1.00   0.50     3.0s
  [plot] Saved fitness curve → fitness_curve_cpg.png
  475      1358.4       931.4    0.4023   1.00   0.50     2.6s
  476      1370.2       919.3    0.4017   1.00   0.50     2.8s
  477      1440.4       960.6    0.4012   1.00   0.50     2.7s
  478      1481.1       850.0    0.4008   1.00   0.50     2.5s
  479      1474.2       945.9    0.4003   1.00   0.50     2.7s
  [probe] gen=480 score=1339.6 net=6.938 fell=0.400
  480      1422.8       830.8    0.3999   1.00   0.50     2.6s
  481      1506.4       833.3    0.3994   1.00   0.50     2.6s
  482      1552.6       858.5    0.3990   1.00   0.50     2.6s
  483      1547.2       914.9    0.3988   1.00   0.50     2.5s
  484      1562.3       953.9    0.3986   1.00   0.50     2.6s
  485      1396.5       847.2    0.3985   1.00   0.50     2.3s
  486      1408.4       821.5    0.3983   1.00   0.50     2.6s
  487      1741.8       846.4    0.3980   1.00   0.50     2.5s
  488      1453.9       878.6    0.3977   1.00   0.50     2.5s
  489      1602.8      1032.7    0.3976   1.00   0.50     2.8s
  [probe] gen=490 score=1252.5 net=6.523 fell=0.300
  490      1460.2       753.8    0.3974   1.00   0.50     2.3s
  491      1580.4       676.8    0.3974   1.00   0.50     1.9s
  492      1508.9       869.3    0.3973   1.00   0.50     2.5s
  493      1388.7      1004.3    0.3972   1.00   0.50     2.9s
  494      1393.9      1009.7    0.3972   1.00   0.50     2.9s
  495      1552.2      1133.1    0.3972   1.00   0.50     3.1s
  496      1440.5       887.8    0.3974   1.00   0.50     2.6s
  497      1409.9       831.5    0.3974   1.00   0.50     2.5s
  498      1495.9       914.6    0.3976   1.00   0.50     2.7s
  499      1459.7       778.5    0.3976   1.00   0.50     2.4s
CMA-ES stop reasons: {'maxiter': 500}
  [plot] Saved fitness curve → fitness_curve_cpg.png

Training complete. Best fitness: 1741.8
Best params → experiments/thesis/fixed_gravity/seed_02/working_checkpoints/best_params.npy
Fitness curve → fitness_curve_cpg.png
Final Earth scorecard | score=1550.7 net=8.497 fell=0.200
Gravity sweep | gravities=5 mean_net=6.043 worst_net=2.159
  [exp] Archived → experiments/thesis/fixed_gravity/seed_02/
  [exp] Wrote experiments/thesis/fixed_gravity/seed_02/training_log.csv
  [exp] Wrote experiments/thesis/fixed_gravity/seed_02/earth_probe.csv
  [exp] Wrote experiments/thesis/fixed_gravity/seed_02/gravity_sweep.csv
  [exp] Wrote experiments/thesis/fixed_gravity/seed_02/summary.json
