Walker2d-v5 | policy=CPG  params=504
CPGPolicy  |  total params = 504
  Joint       Amplitude  Freq(rad/step)   Phase(deg)
  --------------------------------------------------
  R-thigh         0.500          0.6931          0.0°
  R-leg           0.500          0.6931          0.0°
  R-foot          0.500          0.6931          0.0°
  L-thigh         0.500          0.6931          0.0°
  L-leg           0.500          0.6931          0.0°
  L-foot          0.500          0.6931          0.0°

  Feedback MLP hidden=16  correction_scale=0.5
Run context | seed=4 arm=fixed_gravity run_id=fixed_gravity_seed_04

Starting from structured scratch prior (no warm-start checkpoint).
Schedule | penalty_min=0.20 penalty_ramp_gen=200 corr_min=0.00 corr_max=0.50 corr_ramp_gen=200

Starting CMA-ES | pop=40 | sigma0=0.5 | max_gen=500 | workers=8 | seed=4

  Gen        Best        Mean     Sigma    Pen   Corr     Time
------------------------------------------------------------------
  [probe] gen=0 score=-285.4 net=-0.133 fell=1.000
  [plot] Saved fitness curve → fitness_curve_cpg.png
    0       -42.4       -75.7    0.4905   0.20   0.00     1.5s
    1       -47.0       -73.3    0.4822   0.20   0.00     0.2s
    2       -46.8       -73.0    0.4747   0.21   0.01     0.2s
    3       -49.4       -71.6    0.4680   0.21   0.01     0.2s
    4       -28.3       -71.7    0.4618   0.22   0.01     0.2s
    5        29.1       -64.6    0.4561   0.22   0.01     0.2s
    6        13.9       -70.7    0.4510   0.22   0.01     0.2s
    7       -21.1       -70.2    0.4463   0.23   0.02     0.2s
    8       -26.8       -62.9    0.4418   0.23   0.02     0.2s
    9        94.7       -69.5    0.4377   0.24   0.02     0.2s
  [probe] gen=10 score=-201.9 net=0.190 fell=1.000
   10        -7.4       -60.9    0.4338   0.24   0.03     0.3s
   11         9.7       -58.8    0.4303   0.24   0.03     0.3s
   12        89.7       -52.8    0.4271   0.25   0.03     0.3s
   13       131.4       -32.0    0.4241   0.25   0.03     0.4s
   14       161.6       -24.3    0.4213   0.26   0.04     0.4s
   15       149.4       -16.4    0.4188   0.26   0.04     0.4s
   16       167.3        34.2    0.4166   0.26   0.04     0.4s
   17       156.6        -1.0    0.4145   0.27   0.04     0.4s
   18       157.1        56.6    0.4127   0.27   0.04     0.5s
   19       155.4         6.0    0.4109   0.28   0.05     0.4s
  [probe] gen=20 score=-1.7 net=0.879 fell=1.000
   20       145.8        19.9    0.4091   0.28   0.05     0.4s
   21       172.2        50.5    0.4075   0.28   0.05     0.5s
   22       165.4        85.5    0.4061   0.29   0.06     0.6s
   23       172.7        61.4    0.4047   0.29   0.06     0.6s
   24       173.4        38.6    0.4034   0.30   0.06     0.5s
  [plot] Saved fitness curve → fitness_curve_cpg.png
   25       171.2        58.7    0.4020   0.30   0.06     0.5s
   26       161.2        35.8    0.4008   0.30   0.07     0.5s
   27       158.0        39.0    0.3994   0.31   0.07     0.6s
   28       180.4        37.1    0.3982   0.31   0.07     0.5s
   29       157.7        33.9    0.3969   0.32   0.07     0.5s
  [probe] gen=30 score=29.7 net=1.066 fell=1.000
   30       155.4        41.5    0.3959   0.32   0.07     0.5s
   31       212.1        75.9    0.3950   0.32   0.08     0.6s
   32       143.8        33.2    0.3942   0.33   0.08     0.5s
   33       177.5        75.5    0.3936   0.33   0.08     0.6s
   34       167.5        36.9    0.3930   0.34   0.09     0.5s
   35       163.9        62.5    0.3923   0.34   0.09     0.6s
   36       162.1        41.8    0.3916   0.34   0.09     0.6s
   37       149.0        38.9    0.3910   0.35   0.09     0.6s
   38       145.9        36.4    0.3905   0.35   0.10     0.6s
   39       161.0        30.3    0.3900   0.36   0.10     0.6s
  [probe] gen=40 score=29.2 net=0.992 fell=1.000
   40       153.4        -6.0    0.3895   0.36   0.10     0.6s
   41       158.7        53.5    0.3891   0.36   0.10     0.6s
   42       161.3        35.6    0.3888   0.37   0.10     0.7s
   43       164.2        35.7    0.3886   0.37   0.11     0.6s
   44       175.9         3.1    0.3882   0.38   0.11     0.6s
   45       179.7       -22.8    0.3879   0.38   0.11     0.6s
   46       155.8        -9.4    0.3877   0.38   0.12     0.7s
   47       167.8        39.7    0.3876   0.39   0.12     0.6s
   48       170.7        15.4    0.3874   0.39   0.12     0.8s
   49       175.2        21.6    0.3872   0.40   0.12     0.6s
  [probe] gen=50 score=-129.8 net=0.174 fell=1.000
  [plot] Saved fitness curve → fitness_curve_cpg.png
   50       175.2        50.7    0.3871   0.40   0.12     0.6s
   51       170.3        16.1    0.3870   0.40   0.13     0.6s
   52       151.1       -10.0    0.3871   0.41   0.13     0.6s
   53       161.9        51.1    0.3870   0.41   0.13     0.6s
   54       176.7        34.1    0.3870   0.42   0.14     0.6s
   55       187.9        53.5    0.3869   0.42   0.14     0.6s
   56       171.6        60.7    0.3866   0.42   0.14     0.5s
   57       208.0        46.0    0.3865   0.43   0.14     0.6s
   58       203.2        68.0    0.3862   0.43   0.14     0.6s
   59       172.9        77.7    0.3861   0.44   0.15     0.7s
  [probe] gen=60 score=-150.2 net=0.080 fell=1.000
   60       154.8        38.2    0.3861   0.44   0.15     0.7s
   61       144.1        49.0    0.3861   0.44   0.15     0.6s
   62       175.8        82.8    0.3860   0.45   0.15     0.7s
   63       201.1        45.0    0.3860   0.45   0.16     0.7s
   64       203.2        37.9    0.3859   0.46   0.16     0.6s
   65       183.3        88.4    0.3857   0.46   0.16     0.7s
   66       162.9         7.9    0.3854   0.46   0.17     0.6s
   67       179.3        35.3    0.3851   0.47   0.17     0.7s
   68       254.4        39.8    0.3849   0.47   0.17     0.7s
   69       188.9        54.0    0.3847   0.48   0.17     0.7s
  [probe] gen=70 score=134.5 net=1.314 fell=1.000
   70       201.4        75.3    0.3846   0.48   0.17     0.7s
   71       168.3        29.2    0.3846   0.48   0.18     0.6s
   72       244.2        38.7    0.3846   0.49   0.18     0.9s
   73       265.3        71.0    0.3843   0.49   0.18     0.9s
   74       200.9        56.4    0.3842   0.50   0.18     0.9s
  [plot] Saved fitness curve → fitness_curve_cpg.png
   75       258.3        79.2    0.3840   0.50   0.19     0.8s
   76       218.5       -13.5    0.3837   0.50   0.19     0.6s
   77       234.6        18.5    0.3834   0.51   0.19     1.0s
   78       205.1        54.9    0.3832   0.51   0.20     1.1s
   79       356.1        40.3    0.3829   0.52   0.20     0.9s
  [probe] gen=80 score=124.7 net=1.254 fell=1.000
   80       240.4       109.9    0.3828   0.52   0.20     0.9s
   81       354.7        48.2    0.3825   0.52   0.20     1.4s
   82       246.1        36.4    0.3824   0.53   0.20     0.9s
   83       286.8        38.4    0.3823   0.53   0.21     1.2s
   84       282.0        95.0    0.3822   0.54   0.21     1.2s
   85       284.7        75.2    0.3821   0.54   0.21     1.1s
   86       260.5        81.5    0.3820   0.54   0.21     1.4s
   87       242.3        71.4    0.3818   0.55   0.22     1.3s
   88       312.9       111.7    0.3816   0.55   0.22     1.4s
   89       301.6       112.0    0.3814   0.56   0.22     1.4s
  [probe] gen=90 score=134.6 net=0.364 fell=0.100
   90       308.1        81.8    0.3812   0.56   0.23     1.6s
   91       312.7        73.4    0.3811   0.56   0.23     1.4s
   92       248.8        68.5    0.3810   0.57   0.23     1.3s
   93       231.2        28.2    0.3809   0.57   0.23     1.3s
   94       290.2        69.9    0.3808   0.58   0.23     1.3s
   95       246.1        55.3    0.3809   0.58   0.24     1.6s
   96       239.1        57.9    0.3811   0.58   0.24     1.6s
   97       257.7        46.6    0.3812   0.59   0.24     1.3s
   98       296.9        79.8    0.3812   0.59   0.24     1.5s
   99       320.3        51.3    0.3813   0.60   0.25     1.3s
  [probe] gen=100 score=125.3 net=1.212 fell=1.000
  [plot] Saved fitness curve → fitness_curve_cpg.png
  100       252.7        59.0    0.3815   0.60   0.25     1.4s
  101       351.0        79.2    0.3817   0.60   0.25     1.8s
  102       352.2        76.6    0.3818   0.61   0.26     1.8s
  103       256.5        95.3    0.3821   0.61   0.26     2.0s
  104       280.6        86.6    0.3823   0.62   0.26     2.3s
  105       247.8       121.9    0.3826   0.62   0.26     1.7s
  106       399.5        30.3    0.3829   0.62   0.27     1.6s
  107       270.5       132.0    0.3831   0.63   0.27     2.2s
  108       227.1        61.0    0.3834   0.63   0.27     1.9s
  109       261.5        78.7    0.3836   0.64   0.27     1.9s
  [probe] gen=110 score=303.0 net=1.181 fell=0.900
  110       307.2       112.4    0.3839   0.64   0.28     1.8s
  111       340.7       109.2    0.3842   0.64   0.28     1.9s
  112       368.1       131.1    0.3844   0.65   0.28     2.0s
  113       265.7       114.7    0.3847   0.65   0.28     1.9s
  114       335.8       125.6    0.3849   0.66   0.28     2.0s
  115       392.1       112.8    0.3852   0.66   0.29     1.5s
  116       358.7       102.0    0.3854   0.66   0.29     1.9s
  117       362.8       105.2    0.3857   0.67   0.29     1.6s
  118       342.7       128.2    0.3859   0.67   0.29     2.1s
  119       329.0        93.5    0.3860   0.68   0.30     1.7s
  [probe] gen=120 score=212.2 net=0.677 fell=0.400
  120       306.9       117.8    0.3861   0.68   0.30     1.7s
  121       294.6        86.4    0.3861   0.68   0.30     1.4s
  122       399.5       128.6    0.3861   0.69   0.30     2.0s
  123       260.6        75.9    0.3859   0.69   0.31     1.4s
  124       271.6        77.7    0.3857   0.70   0.31     1.5s
  [plot] Saved fitness curve → fitness_curve_cpg.png
  125       279.3        66.1    0.3855   0.70   0.31     1.4s
  126       342.1       110.6    0.3852   0.70   0.32     1.8s
  127       275.8        88.9    0.3852   0.71   0.32     1.4s
  128       353.4       113.9    0.3851   0.71   0.32     1.6s
  129       293.1        55.5    0.3850   0.72   0.32     1.7s
  [probe] gen=130 score=170.5 net=0.798 fell=1.000
  130       330.4       127.1    0.3848   0.72   0.33     1.9s
  131       355.6       110.3    0.3848   0.72   0.33     1.4s
  132       383.5        92.3    0.3846   0.73   0.33     1.8s
  133       364.4       121.2    0.3844   0.73   0.33     2.1s
  134       329.2       116.7    0.3842   0.74   0.34     1.9s
  135       315.1       115.4    0.3840   0.74   0.34     1.8s
  136       348.1       134.0    0.3836   0.74   0.34     1.9s
  137       269.6       118.4    0.3832   0.75   0.34     1.8s
  138       316.5        40.4    0.3829   0.75   0.34     1.8s
  139       314.0        85.8    0.3826   0.76   0.35     1.6s
  [probe] gen=140 score=176.9 net=0.979 fell=0.900
  140       292.3        99.3    0.3823   0.76   0.35     1.7s
  141       379.7       108.9    0.3820   0.76   0.35     1.9s
  142       343.6       105.0    0.3819   0.77   0.35     1.9s
  143       311.1       164.8    0.3817   0.77   0.36     1.9s
  144       402.0       135.4    0.3817   0.78   0.36     2.3s
  145       389.8       116.7    0.3817   0.78   0.36     1.7s
  146       432.4       200.8    0.3819   0.78   0.36     2.1s
  147       395.2       164.8    0.3823   0.79   0.37     2.3s
  148       394.0       195.6    0.3826   0.79   0.37     1.9s
  149       364.3       148.2    0.3828   0.80   0.37     1.8s
  [probe] gen=150 score=265.2 net=1.315 fell=0.900
  [plot] Saved fitness curve → fitness_curve_cpg.png
  150       323.4       172.4    0.3830   0.80   0.38     2.0s
  151       382.8       157.7    0.3831   0.80   0.38     1.8s
  152       353.3       158.7    0.3832   0.81   0.38     1.8s
  153       355.0       153.6    0.3833   0.81   0.38     2.0s
  154       406.9       117.6    0.3832   0.82   0.39     2.0s
  155       326.9       161.8    0.3831   0.82   0.39     1.8s
  156       364.8       145.4    0.3829   0.82   0.39     2.0s
  157       326.3       125.6    0.3827   0.83   0.39     1.7s
  158       363.5       144.1    0.3825   0.83   0.40     1.8s
  159       356.5       109.3    0.3822   0.84   0.40     1.8s
  [probe] gen=160 score=208.5 net=0.818 fell=0.600
  160       316.4       146.7    0.3817   0.84   0.40     2.0s
  161       356.7       129.7    0.3812   0.84   0.40     1.9s
  162       420.2       159.5    0.3806   0.85   0.41     1.9s
  163       352.7       180.7    0.3801   0.85   0.41     2.2s
  164       407.3       137.6    0.3795   0.86   0.41     1.9s
  165       469.9       144.0    0.3790   0.86   0.41     1.9s
  166       430.2       174.2    0.3785   0.86   0.41     2.3s
  167       379.6       178.4    0.3783   0.87   0.42     2.4s
  168       378.6       177.1    0.3780   0.87   0.42     2.1s
  169       322.2       156.4    0.3777   0.88   0.42     2.1s
  [probe] gen=170 score=306.6 net=1.372 fell=0.900
  170       439.1       188.0    0.3776   0.88   0.42     2.1s
  171       347.8       152.3    0.3775   0.88   0.43     2.2s
  172       349.8       134.4    0.3774   0.89   0.43     2.0s
  173       522.8       153.0    0.3773   0.89   0.43     1.7s
  174       369.3       170.3    0.3773   0.90   0.43     1.8s
  [plot] Saved fitness curve → fitness_curve_cpg.png
  175       303.2       152.5    0.3772   0.90   0.44     2.0s
  176       371.4        99.6    0.3771   0.90   0.44     1.9s
  177       292.9       146.0    0.3771   0.91   0.44     1.7s
  178       376.5       112.1    0.3770   0.91   0.45     1.6s
  179       334.7       136.6    0.3770   0.92   0.45     1.7s
  [probe] gen=180 score=354.1 net=1.559 fell=1.000
  180       393.5       114.9    0.3770   0.92   0.45     1.4s
  181       327.0       157.2    0.3769   0.92   0.45     1.7s
  182       309.9       160.0    0.3767   0.93   0.46     1.9s
  183       444.0       154.6    0.3764   0.93   0.46     2.0s
  184       376.8       133.3    0.3760   0.94   0.46     1.8s
  185       369.9       147.9    0.3757   0.94   0.46     1.7s
  186       342.6       172.3    0.3755   0.94   0.47     1.8s
  187       391.9       139.0    0.3753   0.95   0.47     1.8s
  188       369.5        80.7    0.3750   0.95   0.47     1.5s
  189       391.0       160.0    0.3748   0.96   0.47     2.2s
  [probe] gen=190 score=350.2 net=1.202 fell=0.300
  190       370.7       151.1    0.3746   0.96   0.47     2.3s
  191       449.0       167.5    0.3744   0.96   0.48     1.9s
  192       456.6       137.7    0.3743   0.97   0.48     2.2s
  193       443.8       148.6    0.3743   0.97   0.48     2.2s
  194       344.9        82.2    0.3742   0.98   0.48     1.9s
  195       354.6       131.1    0.3741   0.98   0.49     2.1s
  196       416.5       129.6    0.3739   0.98   0.49     2.1s
  197       450.8       133.0    0.3738   0.99   0.49     2.0s
  198       360.3        64.8    0.3737   0.99   0.49     2.0s
  199       377.9       134.6    0.3735   1.00   0.50     2.4s
  [probe] gen=200 score=339.5 net=1.468 fell=1.000
  [plot] Saved fitness curve → fitness_curve_cpg.png
  200       408.2        89.4    0.3733   1.00   0.50     1.9s
  201       344.0       108.4    0.3732   1.00   0.50     2.0s
  202       382.1       146.1    0.3731   1.00   0.50     2.0s
  203       379.3       164.3    0.3728   1.00   0.50     2.3s
  204       373.6       161.9    0.3727   1.00   0.50     2.2s
  205       345.3       102.3    0.3724   1.00   0.50     2.1s
  206       348.9       134.8    0.3720   1.00   0.50     1.8s
  207       346.7        91.8    0.3716   1.00   0.50     1.8s
  208       426.1       144.0    0.3712   1.00   0.50     2.0s
  209       356.6       124.6    0.3708   1.00   0.50     1.9s
  [probe] gen=210 score=425.6 net=1.657 fell=0.900
  210       417.3       155.0    0.3703   1.00   0.50     2.1s
  211       422.0       108.5    0.3699   1.00   0.50     1.7s
  212       450.2        89.1    0.3694   1.00   0.50     1.7s
  213       417.8       139.4    0.3690   1.00   0.50     2.4s
  214       478.0       135.8    0.3686   1.00   0.50     2.2s
  215       375.4       128.1    0.3682   1.00   0.50     2.0s
  216       398.4       175.3    0.3678   1.00   0.50     2.4s
  217       445.2       142.4    0.3673   1.00   0.50     2.7s
  218       436.2       185.0    0.3670   1.00   0.50     2.3s
  219       421.4       165.5    0.3667   1.00   0.50     2.2s
  [probe] gen=220 score=306.2 net=1.335 fell=0.800
  220       436.0       149.8    0.3664   1.00   0.50     2.3s
  221       378.2       157.2    0.3661   1.00   0.50     2.1s
  222       425.4       185.3    0.3658   1.00   0.50     2.2s
  223       331.9       164.1    0.3657   1.00   0.50     2.6s
  224       452.4       148.0    0.3655   1.00   0.50     2.1s
  [plot] Saved fitness curve → fitness_curve_cpg.png
  225       351.9       171.1    0.3653   1.00   0.50     2.0s
  226       355.6       173.8    0.3650   1.00   0.50     2.1s
  227       388.4       186.7    0.3647   1.00   0.50     2.2s
  228       378.2       184.9    0.3644   1.00   0.50     2.3s
  229       364.6       110.8    0.3641   1.00   0.50     2.0s
  [probe] gen=230 score=398.2 net=1.471 fell=0.900
  230       447.2       127.7    0.3639   1.00   0.50     2.0s
  231       352.6       127.9    0.3637   1.00   0.50     2.0s
  232       414.6       103.3    0.3635   1.00   0.50     2.0s
  233       393.0       105.0    0.3632   1.00   0.50     2.1s
  234       381.9       104.2    0.3630   1.00   0.50     2.1s
  235       502.9       150.4    0.3630   1.00   0.50     2.0s
  236       358.8       100.9    0.3630   1.00   0.50     2.0s
  237       352.0        78.7    0.3630   1.00   0.50     1.9s
  238       341.2       102.1    0.3630   1.00   0.50     1.8s
  239       380.1       124.7    0.3630   1.00   0.50     1.8s
  [probe] gen=240 score=262.8 net=1.170 fell=0.700
  240       325.5       100.2    0.3629   1.00   0.50     2.0s
  241       387.4       102.7    0.3630   1.00   0.50     1.6s
  242       424.9       128.1    0.3632   1.00   0.50     1.8s
  243       327.1       102.3    0.3631   1.00   0.50     1.5s
  244       406.1       148.3    0.3630   1.00   0.50     2.0s
  245       331.1       104.7    0.3629   1.00   0.50     1.9s
  246       383.6        58.7    0.3629   1.00   0.50     1.8s
  247       277.3       102.5    0.3630   1.00   0.50     1.8s
  248       342.4        99.6    0.3630   1.00   0.50     1.7s
  249       400.4       146.0    0.3630   1.00   0.50     1.7s
  [probe] gen=250 score=188.9 net=1.265 fell=1.000
  [plot] Saved fitness curve → fitness_curve_cpg.png
  250       400.6       119.6    0.3630   1.00   0.50     1.3s
  251       376.0       125.6    0.3628   1.00   0.50     1.5s
  252       395.9        98.6    0.3626   1.00   0.50     1.8s
  253       305.0       145.9    0.3624   1.00   0.50     1.8s
  254       408.7       110.3    0.3623   1.00   0.50     1.9s
  255       373.6       140.8    0.3620   1.00   0.50     1.9s
  256       388.9       168.8    0.3618   1.00   0.50     2.2s
  257       428.0        80.4    0.3616   1.00   0.50     1.9s
  258       343.0        95.7    0.3615   1.00   0.50     1.7s
  259       340.0       105.3    0.3613   1.00   0.50     1.9s
  [probe] gen=260 score=189.4 net=0.980 fell=0.800
  260       436.5       142.3    0.3612   1.00   0.50     2.1s
  261       362.3        79.7    0.3611   1.00   0.50     1.8s
  262       325.5        99.6    0.3610   1.00   0.50     1.5s
  263       410.7       125.2    0.3609   1.00   0.50     1.8s
  264       348.0        98.4    0.3609   1.00   0.50     1.9s
  265       394.3        57.4    0.3608   1.00   0.50     1.6s
  266       309.5        32.4    0.3608   1.00   0.50     1.6s
  267       315.9        55.7    0.3605   1.00   0.50     1.5s
  268       385.4       118.0    0.3602   1.00   0.50     2.0s
  269       399.2        93.9    0.3599   1.00   0.50     1.5s
  [probe] gen=270 score=239.0 net=1.126 fell=0.600
  270       435.4       115.4    0.3597   1.00   0.50     1.9s
  271       340.2       118.6    0.3597   1.00   0.50     1.9s
  272       406.7       148.3    0.3594   1.00   0.50     1.7s
  273       371.5       103.9    0.3591   1.00   0.50     1.7s
  274       369.3       107.7    0.3587   1.00   0.50     1.9s
  [plot] Saved fitness curve → fitness_curve_cpg.png
  275       311.0       100.3    0.3586   1.00   0.50     1.9s
  276       356.8       119.0    0.3584   1.00   0.50     2.1s
  277       356.3       127.3    0.3583   1.00   0.50     1.7s
  278       421.3       113.6    0.3583   1.00   0.50     1.8s
  279       358.2       120.9    0.3584   1.00   0.50     1.5s
  [probe] gen=280 score=307.2 net=1.607 fell=1.000
  280       377.8       122.2    0.3585   1.00   0.50     2.0s
  281       321.2        35.0    0.3585   1.00   0.50     1.6s
  282       346.0       141.5    0.3585   1.00   0.50     1.5s
  283       328.9        79.5    0.3585   1.00   0.50     1.8s
  284       360.3       139.5    0.3584   1.00   0.50     1.7s
  285       397.6       194.7    0.3585   1.00   0.50     2.2s
  286       363.8       231.5    0.3585   1.00   0.50     2.3s
  287       361.7        91.9    0.3584   1.00   0.50     2.0s
  288       363.0       137.1    0.3584   1.00   0.50     1.9s
  289       369.6       153.2    0.3584   1.00   0.50     2.0s
  [probe] gen=290 score=369.0 net=1.488 fell=0.800
  290       405.5       126.1    0.3583   1.00   0.50     1.8s
  291       293.8        47.0    0.3584   1.00   0.50     1.8s
  292       411.4       138.5    0.3583   1.00   0.50     2.3s
  293       374.7       126.9    0.3582   1.00   0.50     2.0s
  294       438.8       142.1    0.3578   1.00   0.50     2.1s
  295       442.9       151.6    0.3573   1.00   0.50     2.0s
  296       439.7       168.2    0.3568   1.00   0.50     2.3s
  297       383.8       122.4    0.3563   1.00   0.50     2.5s
  298       411.6       181.9    0.3559   1.00   0.50     2.2s
  299       415.0       206.3    0.3555   1.00   0.50     2.3s
  [probe] gen=300 score=326.9 net=1.367 fell=0.900
  [plot] Saved fitness curve → fitness_curve_cpg.png
  300       410.2       227.6    0.3552   1.00   0.50     2.5s
  301       457.7       150.4    0.3550   1.00   0.50     2.0s
  302       515.8       158.4    0.3549   1.00   0.50     2.1s
  303       413.6       147.3    0.3548   1.00   0.50     2.1s
  304       406.0       208.9    0.3547   1.00   0.50     2.6s
  305       350.1       134.4    0.3546   1.00   0.50     2.6s
  306       414.5       205.2    0.3545   1.00   0.50     2.5s
  307       514.7       190.3    0.3545   1.00   0.50     2.5s
  308       398.3       146.4    0.3546   1.00   0.50     2.3s
  309       431.8       195.7    0.3546   1.00   0.50     2.4s
  [probe] gen=310 score=421.6 net=1.755 fell=1.000
  310       466.7       210.0    0.3545   1.00   0.50     2.2s
  311       461.5       217.9    0.3543   1.00   0.50     2.5s
  312       440.6       167.2    0.3540   1.00   0.50     2.1s
  313       485.3       146.8    0.3538   1.00   0.50     2.0s
  314       456.2       198.8    0.3537   1.00   0.50     2.4s
  315       455.4       176.1    0.3536   1.00   0.50     2.0s
  316       418.6       211.8    0.3537   1.00   0.50     2.4s
  317       464.1       247.9    0.3537   1.00   0.50     2.4s
  318       385.0       198.6    0.3536   1.00   0.50     2.2s
  319       469.3       200.7    0.3536   1.00   0.50     2.4s
  [probe] gen=320 score=303.0 net=1.364 fell=0.900
  320       385.2       234.3    0.3536   1.00   0.50     2.5s
  321       410.9       219.2    0.3536   1.00   0.50     2.6s
  322       429.8       182.6    0.3538   1.00   0.50     2.3s
  323       503.4       226.1    0.3539   1.00   0.50     2.3s
  324       414.9       180.1    0.3541   1.00   0.50     2.2s
  [plot] Saved fitness curve → fitness_curve_cpg.png
  325       461.9       171.3    0.3543   1.00   0.50     2.2s
  326       523.4       190.3    0.3546   1.00   0.50     2.1s
  327       548.2       221.4    0.3549   1.00   0.50     2.6s
  328       357.5       218.7    0.3549   1.00   0.50     2.5s
  329       452.6       250.5    0.3549   1.00   0.50     2.4s
  [probe] gen=330 score=171.0 net=1.045 fell=0.800
  330       445.9       155.7    0.3550   1.00   0.50     2.4s
  331       423.5       216.5    0.3550   1.00   0.50     2.4s
  332       538.9       236.0    0.3551   1.00   0.50     2.3s
  333       447.8       227.5    0.3549   1.00   0.50     2.3s
  334       442.6       223.4    0.3548   1.00   0.50     2.0s
  335       464.0       235.2    0.3547   1.00   0.50     2.1s
  336       496.1       200.2    0.3546   1.00   0.50     2.1s
  337       517.1       284.6    0.3545   1.00   0.50     2.5s
  338       413.1       198.9    0.3541   1.00   0.50     2.0s
  339       473.5       248.1    0.3539   1.00   0.50     2.2s
  [probe] gen=340 score=213.6 net=1.302 fell=0.900
  340       446.4       186.7    0.3535   1.00   0.50     2.2s
  341       446.6       215.1    0.3530   1.00   0.50     2.3s
  342       444.9       208.4    0.3525   1.00   0.50     2.5s
  343       448.3       237.9    0.3520   1.00   0.50     2.5s
  344       468.9       218.3    0.3515   1.00   0.50     2.3s
  345       466.5       217.8    0.3509   1.00   0.50     2.3s
  346       420.0       159.7    0.3503   1.00   0.50     2.1s
  347       489.7       214.0    0.3497   1.00   0.50     2.2s
  348       450.9       149.8    0.3490   1.00   0.50     1.9s
  349       436.4       170.8    0.3483   1.00   0.50     1.9s
  [probe] gen=350 score=230.8 net=1.429 fell=0.800
  [plot] Saved fitness curve → fitness_curve_cpg.png
  350       491.2       191.4    0.3476   1.00   0.50     2.3s
  351       527.2       218.5    0.3469   1.00   0.50     2.2s
  352       449.9       208.9    0.3463   1.00   0.50     2.5s
  353       449.1       214.3    0.3458   1.00   0.50     2.2s
  354       469.3       186.6    0.3451   1.00   0.50     2.6s
  355       426.8       210.6    0.3443   1.00   0.50     2.3s
  356       485.3       179.3    0.3436   1.00   0.50     2.1s
  357       467.9       196.2    0.3430   1.00   0.50     2.2s
  358       444.9       259.6    0.3423   1.00   0.50     2.3s
  359       504.1       234.0    0.3417   1.00   0.50     2.3s
  [probe] gen=360 score=245.4 net=0.740 fell=0.100
  360       477.1       185.7    0.3409   1.00   0.50     2.4s
  361       382.8       140.4    0.3403   1.00   0.50     2.5s
  362       454.6       204.2    0.3396   1.00   0.50     2.5s
  363       471.4       218.5    0.3390   1.00   0.50     2.8s
  364       484.8       233.3    0.3384   1.00   0.50     2.7s
  365       463.5       197.3    0.3378   1.00   0.50     2.5s
  366       499.0       188.4    0.3373   1.00   0.50     2.2s
  367       548.8       204.3    0.3368   1.00   0.50     2.3s
  368       438.3       225.5    0.3365   1.00   0.50     2.2s
  369       418.8       242.7    0.3363   1.00   0.50     2.1s
  [probe] gen=370 score=329.0 net=1.628 fell=0.900
  370       464.3       259.0    0.3360   1.00   0.50     2.2s
  371       510.7       206.1    0.3360   1.00   0.50     2.0s
  372       465.1       275.7    0.3360   1.00   0.50     2.3s
  373       469.3       246.7    0.3361   1.00   0.50     2.4s
  374       509.1       254.8    0.3360   1.00   0.50     2.3s
  [plot] Saved fitness curve → fitness_curve_cpg.png
  375       503.3       252.2    0.3360   1.00   0.50     2.3s
  376       519.9       243.7    0.3360   1.00   0.50     2.3s
  377       473.6       263.8    0.3360   1.00   0.50     3.0s
  378       515.5       248.2    0.3360   1.00   0.50     2.6s
  379       479.7       231.1    0.3360   1.00   0.50     2.5s
  [probe] gen=380 score=466.7 net=1.905 fell=1.000
  380       501.5       298.1    0.3361   1.00   0.50     2.3s
  381       529.3       265.2    0.3362   1.00   0.50     2.5s
  382       501.2       254.7    0.3362   1.00   0.50     2.5s
  383       529.4       250.3    0.3362   1.00   0.50     2.5s
  384       490.0       257.4    0.3362   1.00   0.50     2.5s
  385       589.8       245.0    0.3362   1.00   0.50     2.3s
  386       553.8       278.9    0.3362   1.00   0.50     2.5s
  387       544.4       235.9    0.3361   1.00   0.50     2.2s
  388       451.3       223.6    0.3359   1.00   0.50     2.6s
  389       484.4       243.8    0.3357   1.00   0.50     2.2s
  [probe] gen=390 score=244.6 net=0.803 fell=0.400
  390       534.1       235.9    0.3354   1.00   0.50     2.6s
  391       407.3       183.5    0.3350   1.00   0.50     2.3s
  392       464.1       214.2    0.3346   1.00   0.50     2.4s
  393       503.0       269.2    0.3342   1.00   0.50     2.8s
  394       462.7       202.2    0.3339   1.00   0.50     2.2s
  395       570.3       247.5    0.3337   1.00   0.50     3.0s
  396       575.2       250.0    0.3335   1.00   0.50     2.4s
  397       541.6       197.0    0.3334   1.00   0.50     2.4s
  398       590.4       245.5    0.3334   1.00   0.50     2.5s
  399       481.4       198.3    0.3334   1.00   0.50     2.5s
  [probe] gen=400 score=479.6 net=1.785 fell=1.000
  [plot] Saved fitness curve → fitness_curve_cpg.png
  400       571.7       199.8    0.3333   1.00   0.50     2.4s
  401       548.6       268.1    0.3333   1.00   0.50     2.6s
  402       499.7       233.1    0.3333   1.00   0.50     2.8s
  403       525.8       239.7    0.3333   1.00   0.50     2.4s
  404       535.5       179.3    0.3332   1.00   0.50     2.7s
  405       489.9       198.5    0.3332   1.00   0.50     2.3s
  406       511.9       199.3    0.3331   1.00   0.50     2.3s
  407       504.5       252.9    0.3329   1.00   0.50     2.3s
  408       566.9       258.2    0.3329   1.00   0.50     2.3s
  409       465.0       209.0    0.3329   1.00   0.50     2.7s
  [probe] gen=410 score=441.8 net=1.518 fell=0.600
  410       544.5       212.6    0.3328   1.00   0.50     2.2s
  411       510.6       259.3    0.3326   1.00   0.50     2.7s
  412       544.3       240.5    0.3325   1.00   0.50     2.6s
  413       488.4       248.6    0.3323   1.00   0.50     2.4s
  414       526.5       275.2    0.3322   1.00   0.50     2.6s
  415       530.5       271.2    0.3320   1.00   0.50     2.6s
  416       617.3       240.8    0.3319   1.00   0.50     2.4s
  417       595.0       202.4    0.3317   1.00   0.50     2.3s
  418       507.7       247.6    0.3316   1.00   0.50     2.4s
  419       537.6       226.6    0.3315   1.00   0.50     2.6s
  [probe] gen=420 score=295.1 net=1.645 fell=1.000
  420       485.6       215.7    0.3315   1.00   0.50     2.1s
  421       550.8       243.6    0.3315   1.00   0.50     2.4s
  422       552.8       241.4    0.3314   1.00   0.50     2.7s
  423       503.3       256.9    0.3313   1.00   0.50     2.4s
  424       504.9       241.3    0.3312   1.00   0.50     2.8s
  [plot] Saved fitness curve → fitness_curve_cpg.png
  425       505.5       246.3    0.3311   1.00   0.50     2.4s
  426       530.0       270.1    0.3308   1.00   0.50     2.5s
  427       536.0       268.6    0.3306   1.00   0.50     2.6s
  428       485.1       220.2    0.3304   1.00   0.50     2.3s
  429       601.9       279.1    0.3301   1.00   0.50     2.5s
  [probe] gen=430 score=353.2 net=1.310 fell=0.400
  430       561.4       279.9    0.3299   1.00   0.50     2.7s
  431       533.1       266.0    0.3297   1.00   0.50     2.3s
  432       519.2       308.2    0.3296   1.00   0.50     2.7s
  433       545.6       223.5    0.3297   1.00   0.50     2.6s
  434       537.2       267.7    0.3297   1.00   0.50     2.6s
  435       579.5       304.5    0.3296   1.00   0.50     3.0s
  436       482.1       247.1    0.3297   1.00   0.50     2.8s
  437       547.8       236.5    0.3298   1.00   0.50     2.5s
  438       632.4       331.4    0.3298   1.00   0.50     2.6s
  439       547.7       304.2    0.3297   1.00   0.50     2.7s
  [probe] gen=440 score=425.1 net=1.527 fell=0.500
  440       534.6       287.1    0.3296   1.00   0.50     2.8s
  441       451.8       198.8    0.3296   1.00   0.50     2.6s
  442       583.0       308.6    0.3294   1.00   0.50     2.6s
  443       547.9       307.1    0.3293   1.00   0.50     2.4s
  444       533.8       268.1    0.3292   1.00   0.50     2.7s
  445       522.7       280.5    0.3289   1.00   0.50     2.4s
  446       583.5       231.6    0.3287   1.00   0.50     2.8s
  447       527.2       278.7    0.3286   1.00   0.50     2.6s
  448       564.6       245.5    0.3283   1.00   0.50     2.5s
  449       536.6       243.3    0.3281   1.00   0.50     2.4s
  [probe] gen=450 score=344.9 net=1.426 fell=0.800
  [plot] Saved fitness curve → fitness_curve_cpg.png
  450       564.4       290.4    0.3280   1.00   0.50     2.6s
  451       557.6       316.0    0.3279   1.00   0.50     2.9s
  452       556.8       259.4    0.3277   1.00   0.50     2.5s
  453       525.8       195.2    0.3275   1.00   0.50     2.6s
  454       506.6       309.6    0.3273   1.00   0.50     3.0s
  455       536.3       290.9    0.3271   1.00   0.50     2.5s
  456       584.5       324.3    0.3267   1.00   0.50     2.5s
  457       570.1       308.4    0.3264   1.00   0.50     2.7s
  458       520.2       290.8    0.3261   1.00   0.50     2.8s
  459       627.3       251.4    0.3258   1.00   0.50     2.5s
  [probe] gen=460 score=418.9 net=1.892 fell=1.000
  460       538.2       307.4    0.3256   1.00   0.50     2.9s
  461       455.9       225.2    0.3254   1.00   0.50     2.2s
  462       533.6       313.1    0.3251   1.00   0.50     2.6s
  463       559.2       321.1    0.3247   1.00   0.50     2.7s
  464       599.9       338.1    0.3243   1.00   0.50     2.8s
  465       593.8       318.7    0.3239   1.00   0.50     3.0s
  466       536.0       350.9    0.3235   1.00   0.50     2.5s
  467       609.0       380.4    0.3233   1.00   0.50     3.2s
  468       623.9       357.4    0.3231   1.00   0.50     2.9s
  469       586.3       368.8    0.3229   1.00   0.50     3.2s
  [probe] gen=470 score=445.8 net=1.707 fell=0.500
  470       594.1       350.5    0.3227   1.00   0.50     3.1s
  471       544.6       373.4    0.3225   1.00   0.50     3.1s
  472       594.7       281.1    0.3224   1.00   0.50     2.9s
  473       592.6       313.6    0.3221   1.00   0.50     2.9s
  474       553.0       312.0    0.3218   1.00   0.50     2.7s
  [plot] Saved fitness curve → fitness_curve_cpg.png
  475       564.2       331.8    0.3216   1.00   0.50     2.6s
  476       557.3       342.2    0.3213   1.00   0.50     2.7s
  477       575.2       318.4    0.3211   1.00   0.50     2.6s
  478       571.5       342.9    0.3209   1.00   0.50     2.5s
  479       536.6       320.4    0.3207   1.00   0.50     2.7s
  [probe] gen=480 score=365.7 net=1.526 fell=0.800
  480       517.9       355.4    0.3207   1.00   0.50     2.7s
  481       574.1       362.8    0.3208   1.00   0.50     2.7s
  482       524.2       324.3    0.3208   1.00   0.50     2.4s
  483       560.7       259.2    0.3208   1.00   0.50     2.3s
  484       651.2       391.9    0.3208   1.00   0.50     2.7s
  485       557.7       335.7    0.3210   1.00   0.50     2.5s
  486       601.6       371.7    0.3212   1.00   0.50     2.8s
  487       564.7       339.1    0.3214   1.00   0.50     2.7s
  488       651.9       336.4    0.3215   1.00   0.50     2.7s
  489       622.3       347.2    0.3218   1.00   0.50     2.6s
  [probe] gen=490 score=363.8 net=1.239 fell=0.400
  490       545.9       342.8    0.3221   1.00   0.50     2.8s
  491       599.4       342.6    0.3222   1.00   0.50     2.5s
  492       567.6       343.4    0.3221   1.00   0.50     2.7s
  493       560.6       284.4    0.3223   1.00   0.50     2.8s
  494       608.9       348.3    0.3224   1.00   0.50     2.8s
  495       577.5       373.9    0.3225   1.00   0.50     3.0s
  496       623.5       387.1    0.3226   1.00   0.50     2.8s
  497       593.9       341.6    0.3227   1.00   0.50     3.1s
  498       553.4       357.8    0.3228   1.00   0.50     2.9s
  499       606.6       377.4    0.3228   1.00   0.50     3.0s
CMA-ES stop reasons: {'maxiter': 500}
  [plot] Saved fitness curve → fitness_curve_cpg.png

Training complete. Best fitness: 651.9
Best params → experiments/thesis/fixed_gravity/seed_04/working_checkpoints/best_params.npy
Fitness curve → fitness_curve_cpg.png
Final Earth scorecard | score=429.9 net=1.694 fell=0.650
Gravity sweep | gravities=5 mean_net=1.265 worst_net=0.795
  [exp] Archived → experiments/thesis/fixed_gravity/seed_04/
  [exp] Wrote experiments/thesis/fixed_gravity/seed_04/training_log.csv
  [exp] Wrote experiments/thesis/fixed_gravity/seed_04/earth_probe.csv
  [exp] Wrote experiments/thesis/fixed_gravity/seed_04/gravity_sweep.csv
  [exp] Wrote experiments/thesis/fixed_gravity/seed_04/summary.json
