Walker2d-v5 | policy=CPG  params=504
Curriculum   : GradualTransition  gravity -2.0 → -9.81  warmup=20%
Run context | seed=2 arm=curriculum_variable_gravity run_id=curriculum_variable_gravity_seed_02


Starting CMA-ES | pop=40 | sigma0=0.5 | max_gen=500 | workers=8 | seed=2
Checkpoints → experiments/thesis/curriculum_variable_gravity/seed_02/checkpoints/

  Gen        Best        Mean     Sigma    Gravity  Phase              Time
------------------------------------------------------------------------
  [probe] gen=0 score=-313.0 net=-0.080 fell=1.000
  [plot] Saved fitness curve → experiments/thesis/curriculum_variable_gravity/seed_02/fitness_curve.png
    0      -318.1      -395.8    0.4903    -2.0000  warmup             1.4s
    1      -292.0      -380.8    0.4820    -2.0000  warmup             0.1s
    2      -317.7      -375.2    0.4745    -2.0000  warmup             0.1s
    3      -315.4      -367.9    0.4680    -2.0000  warmup             0.2s
    4      -298.0      -369.7    0.4620    -2.0000  warmup             0.1s
    5      -302.5      -351.4    0.4565    -2.0000  warmup             0.2s
    6      -291.8      -351.6    0.4516    -2.0000  warmup             0.2s
    7      -284.7      -334.4    0.4471    -2.0000  warmup             0.1s
    8      -271.2      -332.8    0.4431    -2.0000  warmup             0.2s
    9      -274.8      -336.2    0.4395    -2.0000  warmup             0.2s
  [probe] gen=10 score=-276.7 net=-0.053 fell=1.000
   10      -239.9      -335.2    0.4362    -2.0000  warmup             0.2s
   11      -223.5      -334.3    0.4330    -2.0000  warmup             0.3s
   12      -269.1      -320.3    0.4301    -2.0000  warmup             0.3s
   13      -219.0      -321.8    0.4274    -2.0000  warmup             0.3s
   14      -203.0      -309.6    0.4252    -2.0000  warmup             0.4s
   15      -230.7      -303.3    0.4230    -2.0000  warmup             0.4s
   16      -246.1      -306.5    0.4210    -2.0000  warmup             0.4s
   17        -3.0      -276.7    0.4192    -2.0000  warmup             0.5s
   18      -196.5      -286.0    0.4175    -2.0000  warmup             0.5s
   19         2.2      -270.8    0.4161    -2.0000  warmup             0.6s
  [probe] gen=20 score=-342.2 net=-0.485 fell=1.000
   20        58.7      -239.6    0.4147    -2.0000  warmup             0.7s
   21       -25.0      -235.8    0.4135    -2.0000  warmup             0.8s
   22       200.9      -190.8    0.4124    -2.0000  warmup             0.9s
   23       198.6      -132.3    0.4113    -2.0000  warmup             1.1s
   24       309.6      -114.0    0.4104    -2.0000  warmup             1.2s
  [plot] Saved fitness curve → experiments/thesis/curriculum_variable_gravity/seed_02/fitness_curve.png
   25       229.6       -50.9    0.4093    -2.0000  warmup             1.4s
   26       264.6       -24.9    0.4082    -2.0000  warmup             1.4s
   27       184.5       -34.5    0.4073    -2.0000  warmup             1.4s
   28       471.9        27.7    0.4064    -2.0000  warmup             1.5s
   29       208.8       -19.0    0.4053    -2.0000  warmup             1.3s
  [probe] gen=30 score=1.9 net=0.950 fell=1.000
   30       256.0       -16.9    0.4044    -2.0000  warmup             2.0s
   31       262.0         2.5    0.4035    -2.0000  warmup             2.1s
   32       375.3        51.5    0.4026    -2.0000  warmup             1.7s
   33       273.1        55.7    0.4019    -2.0000  warmup             1.7s
   34       413.9        52.9    0.4013    -2.0000  warmup             1.7s
   35       282.9        76.1    0.4008    -2.0000  warmup             1.8s
   36       464.8       120.0    0.4004    -2.0000  warmup             1.9s
   37       490.8       114.8    0.4000    -2.0000  warmup             1.8s
   38       425.9       -14.7    0.3995    -2.0000  warmup             1.6s
   39       635.7        94.0    0.3991    -2.0000  warmup             1.7s
  [probe] gen=40 score=59.9 net=1.031 fell=1.000
   40       482.6        81.3    0.3987    -2.0000  warmup             1.7s
   41       366.2       104.3    0.3984    -2.0000  warmup             1.7s
   42       468.3       116.8    0.3980    -2.0000  warmup             1.7s
   43       374.9        -9.9    0.3978    -2.0000  warmup             1.5s
   44       420.5        17.2    0.3976    -2.0000  warmup             1.7s
   45       537.0        90.6    0.3974    -2.0000  warmup             1.6s
   46       541.0       159.7    0.3973    -2.0000  warmup             1.8s
   47       591.6       168.3    0.3974    -2.0000  warmup             1.9s
   48       683.0       132.7    0.3975    -2.0000  warmup             1.9s
   49       579.9       119.4    0.3977    -2.0000  warmup             1.7s
  [probe] gen=50 score=36.9 net=1.056 fell=1.000
  [plot] Saved fitness curve → experiments/thesis/curriculum_variable_gravity/seed_02/fitness_curve.png
   50       497.5       139.4    0.3981    -2.0000  warmup             1.7s
   51       476.3        80.9    0.3984    -2.0000  warmup             1.6s
   52       457.1        15.0    0.3988    -2.0000  warmup             1.5s
   53       678.5        92.8    0.3993    -2.0000  warmup             1.6s
   54       482.4       186.1    0.3998    -2.0000  warmup             1.9s
   55       571.1       159.6    0.4003    -2.0000  warmup             1.8s
   56       584.2       211.0    0.4007    -2.0000  warmup             1.8s
   57       706.7       146.2    0.4011    -2.0000  warmup             1.8s
   58       510.0       118.3    0.4016    -2.0000  warmup             1.8s
   59       703.9       236.6    0.4020    -2.0000  warmup             1.9s
  [probe] gen=60 score=227.0 net=1.807 fell=1.000
   60       703.7       210.7    0.4023    -2.0000  warmup             1.8s
   61       610.7       141.8    0.4027    -2.0000  warmup             1.7s
   62       684.4       193.2    0.4030    -2.0000  warmup             1.8s
   63       637.6       156.6    0.4031    -2.0000  warmup             1.8s
   64       842.9       249.5    0.4032    -2.0000  warmup             1.8s
   65      1032.8       221.3    0.4033    -2.0000  warmup             1.8s
   66       644.6       232.6    0.4032    -2.0000  warmup             1.8s
   67       566.5       184.6    0.4031    -2.0000  warmup             1.8s
   68       680.6       272.9    0.4030    -2.0000  warmup             1.8s
   69       558.5       152.5    0.4028    -2.0000  warmup             1.7s
  [probe] gen=70 score=58.6 net=1.086 fell=1.000
   70      1099.0       277.1    0.4027    -2.0000  warmup             1.8s
   71       918.0       147.6    0.4028    -2.0000  warmup             1.6s
   72      1041.0       214.3    0.4029    -2.0000  warmup             1.6s
   73       775.8       196.9    0.4029    -2.0000  warmup             1.8s
   74       866.4       188.2    0.4027    -2.0000  warmup             1.8s
  [plot] Saved fitness curve → experiments/thesis/curriculum_variable_gravity/seed_02/fitness_curve.png
   75       951.1       157.7    0.4024    -2.0000  warmup             1.7s
   76       689.4       178.9    0.4022    -2.0000  warmup             1.7s
   77       692.3       206.6    0.4020    -2.0000  warmup             1.8s
   78       663.1       167.7    0.4018    -2.0000  warmup             1.6s
   79       667.5       138.5    0.4016    -2.0000  warmup             1.6s
  [probe] gen=80 score=-199.1 net=-0.089 fell=1.000
   80       763.0       236.6    0.4013    -2.0000  warmup             1.9s
   81       686.3       140.7    0.4011    -2.0000  warmup             1.8s
   82       645.5       171.2    0.4008    -2.0000  warmup             1.6s
   83       670.9       165.0    0.4005    -2.0000  warmup             1.7s
   84       593.5       158.4    0.4003    -2.0000  warmup             1.8s
   85       791.1       119.8    0.4001    -2.0000  warmup             1.6s
   86       614.6       119.7    0.3998    -2.0000  warmup             1.7s
   87       662.7       150.5    0.3995    -2.0000  warmup             1.7s
   88       665.6       143.2    0.3993    -2.0000  warmup             1.7s
   89       608.4       161.5    0.3992    -2.0000  warmup             1.6s
  [probe] gen=90 score=-338.7 net=-0.703 fell=1.000
   90       774.2       161.3    0.3991    -2.0000  warmup             1.6s
   91       600.0       151.2    0.3990    -2.0000  warmup             1.6s
   92       642.4       216.9    0.3989    -2.0000  warmup             1.8s
   93       643.2       244.9    0.3989    -2.0000  warmup             1.9s
   94       740.0       163.0    0.3990    -2.0000  warmup             1.8s
   95       888.5       216.9    0.3990    -2.0000  warmup             1.9s
   96       611.6       222.9    0.3990    -2.0000  warmup             1.8s
   97       612.1       238.6    0.3990    -2.0000  warmup             1.8s
   98       774.6       176.9    0.3989    -2.0000  warmup             1.7s
   99       765.4       135.7    0.3990    -2.0000  warmup             1.5s
  [probe] gen=100 score=-183.9 net=-0.014 fell=1.000
  [plot] Saved fitness curve → experiments/thesis/curriculum_variable_gravity/seed_02/fitness_curve.png
  100       695.5       145.6    0.3991    -2.0000  warmup             1.7s
  101      1151.0       156.7    0.3992    -2.0195  ramp 0%            1.5s
  102      1296.6       296.8    0.3994    -2.0391  ramp 0%            1.8s
  103       898.0       278.6    0.3995    -2.0586  ramp 0%            1.9s
  104      1244.5       309.5    0.3995    -2.0781  ramp 1%            2.0s
  105       751.5       230.4    0.3997    -2.0976  ramp 1%            1.9s
  106      1020.6       208.5    0.3998    -2.1172  ramp 1%            1.8s
  107       898.1       281.4    0.4001    -2.1367  ramp 1%            1.8s
  108       849.1       159.3    0.4004    -2.1562  ramp 2%            1.7s
  109       935.8       173.3    0.4008    -2.1757  ramp 2%            1.6s
  [probe] gen=110 score=-392.9 net=-0.900 fell=1.000
  110       747.2       244.4    0.4011    -2.1953  ramp 2%            1.7s
  111       814.6       185.9    0.4015    -2.2148  ramp 2%            1.7s
  112       862.5       164.7    0.4018    -2.2343  ramp 3%            1.5s
  113       804.2       162.2    0.4022    -2.2538  ramp 3%            1.7s
  114       914.9       291.5    0.4023    -2.2734  ramp 3%            1.9s
  115       721.9        96.1    0.4025    -2.2929  ramp 3%            1.7s
  116       657.8       208.5    0.4027    -2.3124  ramp 4%            1.7s
  117       997.7       349.9    0.4029    -2.3319  ramp 4%            1.8s
  118       876.1       300.7    0.4032    -2.3514  ramp 4%            1.8s
  119       920.9       261.3    0.4035    -2.3710  ramp 4%            1.8s
  [probe] gen=120 score=125.0 net=1.332 fell=1.000
  120       878.5       206.0    0.4037    -2.3905  ramp 5%            1.7s
  121       859.5       312.2    0.4039    -2.4100  ramp 5%            1.7s
  122       996.2       250.7    0.4040    -2.4295  ramp 5%            1.8s
  123      1030.8       250.6    0.4043    -2.4491  ramp 5%            1.8s
  124       976.2       286.6    0.4045    -2.4686  ramp 6%            1.9s
  [plot] Saved fitness curve → experiments/thesis/curriculum_variable_gravity/seed_02/fitness_curve.png
  125      1108.0       286.0    0.4046    -2.4881  ramp 6%            2.0s
  126      1125.4       320.5    0.4047    -2.5076  ramp 6%            1.9s
  127      1262.9       182.6    0.4047    -2.5272  ramp 6%            1.7s
  128       982.5       258.6    0.4046    -2.5467  ramp 7%            1.8s
  129      1384.1       402.2    0.4045    -2.5662  ramp 7%            2.0s
  [probe] gen=130 score=262.9 net=1.915 fell=1.000
  130      1571.6       308.1    0.4045    -2.5857  ramp 7%            1.9s
  131      1354.1       451.6    0.4043    -2.6053  ramp 7%            2.1s
  132      1201.5       394.9    0.4041    -2.6248  ramp 8%            1.9s
  133      1421.4       309.7    0.4037    -2.6443  ramp 8%            1.8s
  134      1287.4       307.9    0.4032    -2.6639  ramp 8%            1.8s
  135      1055.9       379.4    0.4030    -2.6834  ramp 8%            2.0s
  136      1682.0       431.5    0.4028    -2.7029  ramp 9%            2.1s
  137      1542.0       407.6    0.4023    -2.7224  ramp 9%            2.0s
  138      1351.8       379.4    0.4019    -2.7420  ramp 9%            2.0s
  139      1333.6       376.1    0.4014    -2.7615  ramp 9%            1.9s
  [probe] gen=140 score=-219.1 net=-0.210 fell=1.000
  140      1197.3       263.7    0.4008    -2.7810  ramp 10%           1.9s
  141      1305.8       333.6    0.4003    -2.8005  ramp 10%           2.0s
  142      1102.6       371.9    0.3999    -2.8201  ramp 10%           1.8s
  143      1504.9       453.0    0.3993    -2.8396  ramp 10%           1.9s
  144      1390.7       282.9    0.3990    -2.8591  ramp 11%           1.7s
  145      1185.5       393.8    0.3985    -2.8786  ramp 11%           2.0s
  146      1289.2       345.6    0.3982    -2.8982  ramp 11%           1.8s
  147      1052.6       367.0    0.3978    -2.9177  ramp 11%           2.0s
  148      1051.2       383.3    0.3972    -2.9372  ramp 12%           1.8s
  149      1580.7       406.9    0.3967    -2.9567  ramp 12%           1.8s
  [probe] gen=150 score=141.9 net=1.452 fell=1.000
  [plot] Saved fitness curve → experiments/thesis/curriculum_variable_gravity/seed_02/fitness_curve.png
  150      1598.8       455.6    0.3962    -2.9763  ramp 12%           2.1s
  151      1541.6       523.5    0.3960    -2.9958  ramp 12%           1.9s
  152      1116.5       258.0    0.3958    -3.0153  ramp 13%           1.8s
  153      1151.6       422.0    0.3956    -3.0348  ramp 13%           1.8s
  154      1334.7       321.1    0.3954    -3.0544  ramp 13%           1.7s
  155      1538.2       536.6    0.3950    -3.0739  ramp 13%           1.9s
  156      1531.9       576.9    0.3947    -3.0934  ramp 14%           2.2s
  157      1241.7       470.9    0.3943    -3.1129  ramp 14%           1.9s
  158      1472.5       525.7    0.3939    -3.1324  ramp 14%           1.9s
  159      1624.4       540.8    0.3933    -3.1520  ramp 14%           1.9s
  [probe] gen=160 score=208.8 net=1.775 fell=1.000
  160      1079.7       534.9    0.3928    -3.1715  ramp 15%           2.0s
  161      1740.2       539.5    0.3923    -3.1910  ramp 15%           2.0s
  162      1487.8       537.8    0.3919    -3.2106  ramp 15%           2.1s
  163      1532.1       639.4    0.3914    -3.2301  ramp 15%           2.3s
  164      1254.9       499.3    0.3911    -3.2496  ramp 16%           1.8s
  165      1748.5       626.8    0.3909    -3.2691  ramp 16%           2.3s
  166      1568.1       652.5    0.3908    -3.2887  ramp 16%           2.3s
  167      1627.1       617.4    0.3907    -3.3082  ramp 16%           2.2s
  168      1623.2       505.1    0.3904    -3.3277  ramp 17%           2.0s
  169      1481.8       560.0    0.3901    -3.3472  ramp 17%           2.3s
  [probe] gen=170 score=77.0 net=1.195 fell=1.000
  170      1412.8       583.8    0.3897    -3.3667  ramp 17%           2.3s
  171      1781.4       545.3    0.3895    -3.3863  ramp 17%           2.2s
  172      1269.6       481.4    0.3894    -3.4058  ramp 18%           1.8s
  173      1470.0       433.0    0.3894    -3.4253  ramp 18%           2.0s
  174      1611.1       452.2    0.3893    -3.4448  ramp 18%           2.1s
  [plot] Saved fitness curve → experiments/thesis/curriculum_variable_gravity/seed_02/fitness_curve.png
  175      1349.3       488.5    0.3891    -3.4644  ramp 18%           2.1s
  176      1337.4       528.1    0.3889    -3.4839  ramp 19%           1.9s
  177      1374.9       602.6    0.3888    -3.5034  ramp 19%           2.3s
  178      1392.3       580.6    0.3887    -3.5230  ramp 19%           2.2s
  179      1300.6       533.6    0.3886    -3.5425  ramp 19%           2.2s
  [probe] gen=180 score=225.2 net=1.798 fell=1.000
  180      1618.6       543.8    0.3885    -3.5620  ramp 20%           2.2s
  181      1466.5       551.8    0.3881    -3.5815  ramp 20%           2.0s
  182      1416.3       560.2    0.3878    -3.6010  ramp 20%           2.1s
  183      1273.9       630.0    0.3875    -3.6206  ramp 20%           2.1s
  184      1334.1       572.5    0.3871    -3.6401  ramp 21%           2.1s
  185      1556.7       624.0    0.3866    -3.6596  ramp 21%           2.1s
  186      1189.0       577.7    0.3860    -3.6791  ramp 21%           2.3s
  187      1389.8       529.3    0.3856    -3.6987  ramp 21%           2.1s
  188      1511.0       481.0    0.3852    -3.7182  ramp 22%           2.3s
  189      1466.7       655.9    0.3847    -3.7377  ramp 22%           2.2s
  [probe] gen=190 score=186.7 net=1.622 fell=1.000
  190      1245.7       616.9    0.3841    -3.7572  ramp 22%           2.3s
  191      1588.7       650.3    0.3835    -3.7768  ramp 22%           2.3s
  192      1568.6       606.7    0.3829    -3.7963  ramp 23%           2.3s
  193      1642.0       748.8    0.3824    -3.8158  ramp 23%           2.5s
  194      1438.7       641.7    0.3819    -3.8354  ramp 23%           2.3s
  195      1225.7       565.7    0.3814    -3.8549  ramp 23%           2.1s
  196      1468.2       710.5    0.3812    -3.8744  ramp 24%           2.5s
  197      1530.9       622.8    0.3810    -3.8939  ramp 24%           2.2s
  198      1562.3       589.6    0.3807    -3.9135  ramp 24%           2.2s
  199      1319.7       523.9    0.3806    -3.9330  ramp 24%           2.1s
  [probe] gen=200 score=187.2 net=1.656 fell=1.000
  [plot] Saved fitness curve → experiments/thesis/curriculum_variable_gravity/seed_02/fitness_curve.png
  200      1576.0       831.2    0.3806    -3.9525  ramp 25%           2.7s
  201      1350.0       587.9    0.3805    -3.9720  ramp 25%           2.1s
  202      1657.4       616.7    0.3806    -3.9916  ramp 25%           1.9s
  203      1668.4       594.6    0.3806    -4.0111  ramp 25%           2.0s
  204      1447.7       542.1    0.3806    -4.0306  ramp 26%           1.8s
  205      1328.0       544.6    0.3807    -4.0501  ramp 26%           2.0s
  206      1211.6       517.1    0.3807    -4.0697  ramp 26%           2.1s
  207      1684.4       660.8    0.3807    -4.0892  ramp 26%           2.2s
  208      1632.9       636.2    0.3807    -4.1087  ramp 27%           2.3s
  209      1660.4       590.4    0.3807    -4.1282  ramp 27%           2.0s
  [probe] gen=210 score=214.0 net=1.709 fell=1.000
  210      1515.9       608.0    0.3807    -4.1478  ramp 27%           2.0s
  211      1595.0       574.4    0.3809    -4.1673  ramp 27%           2.0s
  212      1663.8       680.5    0.3810    -4.1868  ramp 28%           2.1s
  213      1179.8       580.0    0.3812    -4.2063  ramp 28%           2.0s
  214      1877.1       428.4    0.3814    -4.2258  ramp 28%           1.8s
  215      1470.4       458.5    0.3814    -4.2454  ramp 28%           1.9s
  216      1783.2       596.1    0.3814    -4.2649  ramp 28%           2.1s
  217      1392.9       613.4    0.3813    -4.2844  ramp 29%           2.1s
  218      1634.4       669.3    0.3814    -4.3040  ramp 29%           2.2s
  219      1659.1       641.1    0.3815    -4.3235  ramp 29%           2.3s
  [probe] gen=220 score=409.5 net=2.636 fell=1.000
  220      1351.1       595.1    0.3815    -4.3430  ramp 30%           2.3s
  221      2006.8       674.5    0.3817    -4.3625  ramp 30%           2.0s
  222      1530.3       621.6    0.3818    -4.3820  ramp 30%           2.0s
  223      1552.7       667.7    0.3819    -4.4016  ramp 30%           2.2s
  224      1470.5       517.9    0.3821    -4.4211  ramp 31%           2.2s
  [plot] Saved fitness curve → experiments/thesis/curriculum_variable_gravity/seed_02/fitness_curve.png
  225      1615.1       609.3    0.3823    -4.4406  ramp 31%           2.2s
  226      1559.7       508.6    0.3825    -4.4602  ramp 31%           1.8s
  227      1388.6       546.4    0.3826    -4.4797  ramp 31%           1.8s
  228      1457.9       584.6    0.3829    -4.4992  ramp 32%           1.8s
  229      1683.8       642.5    0.3831    -4.5187  ramp 32%           2.0s
  [probe] gen=230 score=274.9 net=1.991 fell=1.000
  230      1765.5       619.3    0.3831    -4.5382  ramp 32%           1.9s
  231      1682.0       662.7    0.3833    -4.5578  ramp 32%           2.1s
  232      1667.5       631.8    0.3832    -4.5773  ramp 33%           2.2s
  233      1727.2       714.1    0.3831    -4.5968  ramp 33%           2.1s
  234      1551.1       580.7    0.3831    -4.6164  ramp 33%           2.0s
  235      1366.0       539.6    0.3831    -4.6359  ramp 33%           2.2s
  236      1661.0       589.8    0.3832    -4.6554  ramp 34%           2.3s
  237      1571.5       648.7    0.3833    -4.6749  ramp 34%           2.3s
  238      1696.6       718.8    0.3835    -4.6944  ramp 34%           2.2s
  239      1736.7       667.4    0.3836    -4.7140  ramp 34%           2.2s
  [probe] gen=240 score=234.0 net=1.834 fell=1.000
  240      1431.6       629.3    0.3838    -4.7335  ramp 35%           2.2s
  241      1713.0       712.9    0.3841    -4.7530  ramp 35%           2.3s
  242      1603.1       642.6    0.3846    -4.7725  ramp 35%           1.9s
  243      1528.4       642.6    0.3852    -4.7921  ramp 35%           2.2s
  244      1762.6       816.4    0.3858    -4.8116  ramp 36%           2.5s
  245      1670.7       669.6    0.3865    -4.8311  ramp 36%           2.0s
  246      1575.5       751.6    0.3872    -4.8506  ramp 36%           2.6s
  247      1712.8       647.0    0.3878    -4.8702  ramp 36%           2.3s
  248      1707.2       569.3    0.3883    -4.8897  ramp 37%           2.2s
  249      1880.3       757.1    0.3889    -4.9092  ramp 37%           2.2s
  [probe] gen=250 score=144.8 net=1.380 fell=1.000
  [plot] Saved fitness curve → experiments/thesis/curriculum_variable_gravity/seed_02/fitness_curve.png
  250      1630.4       657.4    0.3896    -4.9287  ramp 37%           2.1s
  251      1427.0       636.8    0.3905    -4.9483  ramp 37%           2.0s
  252      1403.5       551.8    0.3913    -4.9678  ramp 38%           2.0s
  253      1387.2       629.2    0.3919    -4.9873  ramp 38%           2.2s
  254      1382.0       562.0    0.3926    -5.0069  ramp 38%           2.0s
  255      1498.5       523.8    0.3932    -5.0264  ramp 38%           1.9s
  256      1590.8       596.4    0.3938    -5.0459  ramp 39%           2.1s
  257      1696.9       684.9    0.3944    -5.0654  ramp 39%           2.1s
  258      1780.7       622.8    0.3948    -5.0850  ramp 39%           2.2s
  259      1774.9       704.0    0.3951    -5.1045  ramp 39%           2.3s
  [probe] gen=260 score=236.0 net=1.778 fell=1.000
  260      1725.6       607.9    0.3954    -5.1240  ramp 40%           1.9s
  261      1817.9       687.5    0.3956    -5.1435  ramp 40%           2.1s
  262      1735.0       727.6    0.3959    -5.1631  ramp 40%           2.2s
  263      1718.6       689.0    0.3960    -5.1826  ramp 40%           2.2s
  264      1738.6       739.5    0.3960    -5.2021  ramp 41%           2.3s
  265      1842.0       780.3    0.3960    -5.2216  ramp 41%           2.4s
  266      1508.1       704.5    0.3961    -5.2412  ramp 41%           2.1s
  267      1712.4       654.6    0.3962    -5.2607  ramp 41%           2.1s
  268      1780.6       820.3    0.3963    -5.2802  ramp 42%           2.4s
  269      1653.3       672.1    0.3965    -5.2997  ramp 42%           2.4s
  [probe] gen=270 score=305.7 net=2.106 fell=1.000
  270      1712.8       770.7    0.3967    -5.3193  ramp 42%           2.5s
  271      1752.5       733.7    0.3967    -5.3388  ramp 42%           2.2s
  272      1471.6       635.3    0.3969    -5.3583  ramp 43%           2.0s
  273      1377.7       570.7    0.3970    -5.3778  ramp 43%           2.1s
  274      1582.5       718.4    0.3972    -5.3974  ramp 43%           2.5s
  [plot] Saved fitness curve → experiments/thesis/curriculum_variable_gravity/seed_02/fitness_curve.png
  275      1491.3       523.5    0.3972    -5.4169  ramp 43%           2.1s
  276      1517.6       572.9    0.3972    -5.4364  ramp 44%           2.2s
  277      1727.9       645.2    0.3972    -5.4559  ramp 44%           2.5s
  278      1525.3       604.2    0.3971    -5.4755  ramp 44%           2.3s
  279      1646.5       618.4    0.3969    -5.4950  ramp 44%           2.1s
  [probe] gen=280 score=360.8 net=2.446 fell=1.000
  280      1804.4       636.5    0.3968    -5.5145  ramp 45%           2.3s
  281      1474.3       556.7    0.3965    -5.5340  ramp 45%           1.8s
  282      1572.6       681.1    0.3963    -5.5536  ramp 45%           2.4s
  283      1457.2       532.6    0.3960    -5.5731  ramp 45%           2.0s
  284      1441.3       522.6    0.3956    -5.5926  ramp 46%           1.9s
  285      1772.3       637.9    0.3951    -5.6121  ramp 46%           2.1s
  286      1554.2       629.0    0.3945    -5.6317  ramp 46%           2.2s
  287      1423.2       593.2    0.3940    -5.6512  ramp 46%           2.3s
  288      1502.0       557.8    0.3936    -5.6707  ramp 47%           2.0s
  289      1639.3       631.1    0.3931    -5.6902  ramp 47%           2.0s
  [probe] gen=290 score=223.2 net=1.724 fell=1.000
  290      1430.7       541.0    0.3927    -5.7097  ramp 47%           2.0s
  291      1419.0       723.7    0.3923    -5.7293  ramp 47%           2.2s
  292      1497.6       689.9    0.3919    -5.7488  ramp 48%           2.2s
  293      1648.2       689.8    0.3917    -5.7683  ramp 48%           2.1s
  294      1556.0       694.8    0.3916    -5.7879  ramp 48%           2.3s
  295      1541.8       707.5    0.3915    -5.8074  ramp 48%           2.2s
  296      1694.3       714.8    0.3912    -5.8269  ramp 49%           2.3s
  297      1827.5       603.9    0.3909    -5.8464  ramp 49%           2.1s
  298      1631.0       705.0    0.3907    -5.8659  ramp 49%           2.2s
  299      1584.1       657.0    0.3904    -5.8855  ramp 49%           2.3s
  [probe] gen=300 score=358.5 net=2.392 fell=1.000
  [plot] Saved fitness curve → experiments/thesis/curriculum_variable_gravity/seed_02/fitness_curve.png
  300      1520.7       566.1    0.3902    -5.9050  ramp 50%           2.0s
  301      1468.0       617.8    0.3899    -5.9245  ramp 50%           2.5s
  302      1485.7       730.8    0.3895    -5.9441  ramp 50%           2.4s
  303      1774.5       718.7    0.3893    -5.9636  ramp 50%           2.5s
  304      1498.6       738.8    0.3891    -5.9831  ramp 51%           2.6s
  305      1781.4       657.9    0.3891    -6.0026  ramp 51%           2.1s
  306      1410.7       689.1    0.3891    -6.0222  ramp 51%           2.2s
  307      1461.7       716.1    0.3890    -6.0417  ramp 51%           2.2s
  308      1457.0       661.9    0.3890    -6.0612  ramp 52%           2.1s
  309      1524.3       636.6    0.3891    -6.0807  ramp 52%           2.1s
  [probe] gen=310 score=244.2 net=1.808 fell=1.000
  310      1466.2       673.6    0.3893    -6.1003  ramp 52%           2.1s
  311      1797.1       673.7    0.3897    -6.1198  ramp 52%           2.0s
  312      1686.2       754.9    0.3899    -6.1393  ramp 53%           2.6s
  313      1244.8       522.3    0.3901    -6.1588  ramp 53%           2.1s
  314      1617.3       674.9    0.3904    -6.1784  ramp 53%           2.4s
  315      1602.2       649.3    0.3905    -6.1979  ramp 53%           2.2s
  316      1451.1       733.9    0.3907    -6.2174  ramp 54%           2.3s
  317      1628.6       566.4    0.3910    -6.2369  ramp 54%           2.0s
  318      1387.7       637.9    0.3911    -6.2565  ramp 54%           2.2s
  319      1400.6       628.5    0.3914    -6.2760  ramp 54%           2.2s
  [probe] gen=320 score=315.9 net=2.187 fell=1.000
  320      1351.9       622.8    0.3916    -6.2955  ramp 55%           2.0s
  321      1349.0       598.5    0.3917    -6.3150  ramp 55%           2.0s
  322      1607.0       719.7    0.3918    -6.3346  ramp 55%           2.6s
  323      1556.2       600.4    0.3920    -6.3541  ramp 55%           2.1s
  324      1416.2       597.3    0.3922    -6.3736  ramp 56%           2.1s
  [plot] Saved fitness curve → experiments/thesis/curriculum_variable_gravity/seed_02/fitness_curve.png
  325      1525.8       569.4    0.3923    -6.3931  ramp 56%           1.9s
  326      1358.6       632.5    0.3926    -6.4127  ramp 56%           2.2s
  327      1481.0       633.2    0.3928    -6.4322  ramp 56%           2.3s
  328      1440.5       581.4    0.3931    -6.4517  ramp 56%           2.1s
  329      1560.0       630.2    0.3933    -6.4712  ramp 57%           2.2s
  [probe] gen=330 score=350.9 net=2.375 fell=1.000
  330      1579.4       625.2    0.3936    -6.4908  ramp 57%           2.3s
  331      1558.0       627.8    0.3939    -6.5103  ramp 57%           2.1s
  332      1355.4       602.7    0.3941    -6.5298  ramp 57%           2.1s
  333      1616.1       603.3    0.3944    -6.5493  ramp 58%           2.2s
  334      1304.3       693.4    0.3948    -6.5689  ramp 58%           2.1s
  335      1616.3       709.5    0.3952    -6.5884  ramp 58%           2.1s
  336      1489.0       617.6    0.3957    -6.6079  ramp 59%           2.0s
  337      1591.2       577.4    0.3962    -6.6274  ramp 59%           1.9s
  338      1379.2       542.9    0.3966    -6.6470  ramp 59%           1.7s
  339      1511.3       577.2    0.3970    -6.6665  ramp 59%           1.9s
  [probe] gen=340 score=330.5 net=2.226 fell=1.000
  340      1312.4       569.1    0.3973    -6.6860  ramp 60%           2.1s
  341      1397.3       587.6    0.3976    -6.7055  ramp 60%           1.9s
  342      1262.8       583.3    0.3979    -6.7251  ramp 60%           2.0s
  343      1496.1       526.9    0.3982    -6.7446  ramp 60%           1.9s
  344      1621.4       556.6    0.3984    -6.7641  ramp 61%           1.8s
  345      1616.1       559.9    0.3984    -6.7836  ramp 61%           2.1s
  346      1566.6       701.3    0.3984    -6.8032  ramp 61%           2.3s
  347      1601.9       464.8    0.3985    -6.8227  ramp 61%           1.6s
  348      1524.0       635.3    0.3985    -6.8422  ramp 62%           2.3s
  349      1595.8       607.8    0.3984    -6.8617  ramp 62%           2.1s
  [probe] gen=350 score=347.6 net=2.352 fell=1.000
  [plot] Saved fitness curve → experiments/thesis/curriculum_variable_gravity/seed_02/fitness_curve.png
  350      1311.7       633.2    0.3982    -6.8813  ramp 62%           2.2s
  351      1419.0       648.1    0.3981    -6.9008  ramp 62%           2.2s
  352      1489.9       540.6    0.3980    -6.9203  ramp 63%           1.9s
  353      1368.9       648.9    0.3979    -6.9398  ramp 63%           2.2s
  354      1634.0       526.6    0.3978    -6.9594  ramp 63%           1.9s
  355      1381.0       625.9    0.3976    -6.9789  ramp 63%           2.0s
  356      1271.4       614.3    0.3975    -6.9984  ramp 64%           2.2s
  357      1367.6       621.0    0.3974    -7.0179  ramp 64%           2.3s
  358      1273.2       631.2    0.3974    -7.0375  ramp 64%           2.1s
  359      1345.5       603.6    0.3975    -7.0570  ramp 64%           2.1s
  [probe] gen=360 score=474.6 net=2.971 fell=1.000
  360      1485.2       672.7    0.3976    -7.0765  ramp 65%           2.2s
  361      1461.2       668.8    0.3976    -7.0960  ramp 65%           2.2s
  362      1494.9       548.4    0.3977    -7.1156  ramp 65%           1.9s
  363      1606.1       678.9    0.3979    -7.1351  ramp 65%           2.1s
  364      1450.0       536.2    0.3979    -7.1546  ramp 66%           1.9s
  365      1210.6       543.7    0.3980    -7.1741  ramp 66%           1.9s
  366      1475.5       527.1    0.3980    -7.1937  ramp 66%           1.8s
  367      1234.7       438.4    0.3980    -7.2132  ramp 66%           1.6s
  368      1448.3       625.3    0.3980    -7.2327  ramp 67%           2.0s
  369      1495.2       544.3    0.3979    -7.2522  ramp 67%           2.1s
  [probe] gen=370 score=422.0 net=2.754 fell=1.000
  370      1248.8       629.3    0.3977    -7.2718  ramp 67%           2.3s
  371      1413.4       462.1    0.3974    -7.2913  ramp 67%           1.9s
  372      1611.4       651.3    0.3973    -7.3108  ramp 68%           2.1s
  373      1411.2       685.5    0.3972    -7.3303  ramp 68%           2.1s
  374      1521.9       495.6    0.3970    -7.3499  ramp 68%           1.7s
  [plot] Saved fitness curve → experiments/thesis/curriculum_variable_gravity/seed_02/fitness_curve.png
  375      1350.6       393.8    0.3967    -7.3694  ramp 68%           1.5s
  376      1420.0       593.4    0.3965    -7.3889  ramp 69%           1.9s
  377      1455.3       530.0    0.3963    -7.4084  ramp 69%           1.9s
  378      1246.0       464.1    0.3962    -7.4280  ramp 69%           1.7s
  379      1316.5       568.8    0.3962    -7.4475  ramp 69%           1.9s
  [probe] gen=380 score=337.8 net=2.320 fell=1.000
  380      1557.3       433.0    0.3960    -7.4670  ramp 70%           1.7s
  381      1464.7       567.7    0.3959    -7.4865  ramp 70%           1.8s
  382      1348.6       482.6    0.3958    -7.5061  ramp 70%           2.0s
  383      1479.6       459.3    0.3954    -7.5256  ramp 70%           1.8s
  384      1345.9       515.8    0.3953    -7.5451  ramp 71%           1.7s
  385      1411.1       603.6    0.3951    -7.5646  ramp 71%           2.1s
  386      1194.6       488.2    0.3948    -7.5842  ramp 71%           1.6s
  387      1280.4       556.7    0.3944    -7.6037  ramp 71%           2.0s
  388      1449.4       592.7    0.3942    -7.6232  ramp 72%           2.0s
  389      1461.7       602.5    0.3940    -7.6427  ramp 72%           1.8s
  [probe] gen=390 score=407.4 net=2.680 fell=1.000
  390      1458.4       564.7    0.3936    -7.6623  ramp 72%           2.0s
  391      1284.6       638.7    0.3931    -7.6818  ramp 72%           2.0s
  392      1364.7       586.1    0.3926    -7.7013  ramp 73%           2.0s
  393      1359.7       530.5    0.3921    -7.7208  ramp 73%           1.8s
  394      1438.9       647.6    0.3918    -7.7404  ramp 73%           2.2s
  395      1522.5       583.7    0.3914    -7.7599  ramp 73%           2.0s
  396      1560.7       554.3    0.3910    -7.7794  ramp 74%           2.1s
  397      1439.9       703.4    0.3903    -7.7989  ramp 74%           2.1s
  398      1588.6       543.7    0.3897    -7.8185  ramp 74%           1.8s
  399      1468.7       620.1    0.3891    -7.8380  ramp 74%           2.1s
  [probe] gen=400 score=334.2 net=2.338 fell=1.000
  [plot] Saved fitness curve → experiments/thesis/curriculum_variable_gravity/seed_02/fitness_curve.png
  400      1674.9       659.9    0.3885    -7.8575  ramp 75%           1.9s
  401      1582.6       663.6    0.3879    -7.8770  ramp 75%           2.1s
  402      1442.0       573.2    0.3872    -7.8966  ramp 75%           2.0s
  403      1529.5       593.2    0.3864    -7.9161  ramp 75%           2.0s
  404      1588.2       664.0    0.3855    -7.9356  ramp 76%           2.2s
  405      1363.0       616.5    0.3848    -7.9551  ramp 76%           2.1s
  406      1595.0       587.7    0.3843    -7.9747  ramp 76%           1.9s
  407      1197.9       486.2    0.3839    -7.9942  ramp 76%           1.6s
  408       942.7       379.9    0.3835    -8.0137  ramp 77%           1.4s
  409      1374.0       567.2    0.3831    -8.0332  ramp 77%           1.8s
  [probe] gen=410 score=354.4 net=2.388 fell=1.000
  410      1222.0       517.5    0.3828    -8.0527  ramp 77%           1.8s
  411      1177.8       422.1    0.3822    -8.0723  ramp 77%           1.5s
  412      1032.6       484.4    0.3817    -8.0918  ramp 78%           1.8s
  413      1335.4       509.0    0.3811    -8.1113  ramp 78%           1.6s
  414      1353.4       563.9    0.3806    -8.1309  ramp 78%           1.7s
  415      1300.0       533.6    0.3801    -8.1504  ramp 78%           1.7s
  416      1363.9       605.8    0.3796    -8.1699  ramp 79%           2.0s
  417      1588.7       621.0    0.3792    -8.1894  ramp 79%           1.9s
  418      1352.6       577.4    0.3786    -8.2090  ramp 79%           1.8s
  419      1235.0       499.8    0.3780    -8.2285  ramp 79%           1.6s
  [probe] gen=420 score=358.0 net=2.445 fell=1.000
  420      1365.0       486.3    0.3775    -8.2480  ramp 80%           2.0s
  421      1244.3       520.3    0.3770    -8.2675  ramp 80%           1.8s
  422      1449.2       486.0    0.3765    -8.2871  ramp 80%           1.9s
  423      1269.7       475.7    0.3759    -8.3066  ramp 80%           1.6s
  424      1540.8       580.9    0.3754    -8.3261  ramp 81%           1.8s
  [plot] Saved fitness curve → experiments/thesis/curriculum_variable_gravity/seed_02/fitness_curve.png
  425      1462.1       494.0    0.3750    -8.3456  ramp 81%           1.9s
  426      1352.7       626.3    0.3745    -8.3651  ramp 81%           2.1s
  427      1339.6       454.8    0.3740    -8.3847  ramp 81%           1.6s
  428      1216.4       522.8    0.3736    -8.4042  ramp 82%           1.7s
  429      1395.4       519.6    0.3733    -8.4237  ramp 82%           1.6s
  [probe] gen=430 score=534.3 net=3.354 fell=1.000
  430      1457.1       578.2    0.3728    -8.4432  ramp 82%           2.3s
  431      1401.4       635.6    0.3724    -8.4628  ramp 82%           1.8s
  432      1497.6       519.7    0.3719    -8.4823  ramp 83%           1.6s
  433      1381.0       602.5    0.3714    -8.5018  ramp 83%           2.0s
  434      1403.0       644.5    0.3711    -8.5213  ramp 83%           1.9s
  435      1420.1       617.2    0.3708    -8.5409  ramp 83%           2.0s
  436      1402.8       565.4    0.3704    -8.5604  ramp 84%           1.9s
  437      1450.7       532.6    0.3703    -8.5799  ramp 84%           1.9s
  438      1460.1       525.7    0.3701    -8.5995  ramp 84%           1.9s
  439      1388.3       584.9    0.3699    -8.6190  ramp 84%           2.0s
  [probe] gen=440 score=1060.2 net=5.280 fell=1.000
  440      1313.2       573.7    0.3699    -8.6385  ramp 85%           1.9s
  441      1326.0       593.4    0.3698    -8.6580  ramp 85%           1.8s
  442      1351.7       651.7    0.3697    -8.6776  ramp 85%           2.0s
  443      1426.3       543.9    0.3697    -8.6971  ramp 85%           1.9s
  444      1500.7       511.2    0.3697    -8.7166  ramp 86%           1.8s
  445      1448.6       591.1    0.3696    -8.7361  ramp 86%           1.9s
  446      1327.6       598.5    0.3693    -8.7556  ramp 86%           1.9s
  447      1279.2       555.4    0.3691    -8.7752  ramp 86%           1.7s
  448      1350.2       503.0    0.3689    -8.7947  ramp 87%           1.7s
  449      1358.2       564.5    0.3688    -8.8142  ramp 87%           2.0s
  [probe] gen=450 score=541.2 net=3.383 fell=1.000
  [plot] Saved fitness curve → experiments/thesis/curriculum_variable_gravity/seed_02/fitness_curve.png
  450      1407.4       577.2    0.3685    -8.8338  ramp 87%           1.9s
  451      1527.9       573.4    0.3683    -8.8533  ramp 87%           2.0s
  452      1261.5       468.9    0.3681    -8.8728  ramp 88%           1.5s
  453      1237.7       513.4    0.3679    -8.8923  ramp 88%           1.7s
  454      1459.8       566.2    0.3678    -8.9119  ramp 88%           1.7s
  455      1178.9       475.0    0.3677    -8.9314  ramp 88%           1.5s
  456      1237.5       503.1    0.3676    -8.9509  ramp 89%           1.8s
  457      1259.9       481.7    0.3676    -8.9704  ramp 89%           1.6s
  458      1527.2       526.2    0.3677    -8.9900  ramp 89%           1.6s
  459      1379.4       464.0    0.3677    -9.0095  ramp 89%           1.8s
  [probe] gen=460 score=583.1 net=3.451 fell=1.000
  460      1523.4       522.2    0.3677    -9.0290  ramp 90%           1.8s
  461      1135.8       508.9    0.3677    -9.0485  ramp 90%           1.6s
  462      1187.9       553.7    0.3677    -9.0680  ramp 90%           2.1s
  463      1289.5       557.6    0.3679    -9.0876  ramp 90%           1.9s
  464      1317.0       590.4    0.3680    -9.1071  ramp 91%           1.8s
  465      1370.9       569.5    0.3677    -9.1266  ramp 91%           2.1s
  466      1227.0       459.1    0.3677    -9.1462  ramp 91%           1.7s
  467      1082.3       404.4    0.3679    -9.1657  ramp 91%           1.7s
  468      1261.2       493.1    0.3681    -9.1852  ramp 92%           2.2s
  469      1421.2       614.7    0.3684    -9.2047  ramp 92%           2.3s
  [probe] gen=470 score=398.4 net=2.608 fell=1.000
  470      1330.7       519.1    0.3688    -9.2243  ramp 92%           2.1s
  471      1228.9       474.3    0.3692    -9.2438  ramp 92%           1.9s
  472      1169.6       397.7    0.3696    -9.2633  ramp 93%           1.8s
  473      1324.3       396.3    0.3700    -9.2828  ramp 93%           1.7s
  474      1330.2       489.6    0.3705    -9.3024  ramp 93%           2.0s
  [plot] Saved fitness curve → experiments/thesis/curriculum_variable_gravity/seed_02/fitness_curve.png
  475      1185.8       417.4    0.3709    -9.3219  ramp 93%           1.7s
  476      1200.7       530.3    0.3712    -9.3414  ramp 94%           1.8s
  477      1265.2       567.0    0.3717    -9.3609  ramp 94%           1.9s
  478      1124.7       502.0    0.3722    -9.3804  ramp 94%           1.8s
  479      1322.4       502.5    0.3728    -9.4000  ramp 94%           1.6s
  [probe] gen=480 score=1255.3 net=6.072 fell=1.000
  480      1210.7       593.0    0.3734    -9.4195  ramp 95%           1.9s
  481      1332.7       547.6    0.3739    -9.4390  ramp 95%           1.8s
  482      1161.4       525.2    0.3743    -9.4585  ramp 95%           1.8s
  483      1151.4       503.5    0.3747    -9.4781  ramp 95%           1.8s
  484      1377.9       506.9    0.3750    -9.4976  ramp 96%           1.5s
  485      1345.2       494.9    0.3754    -9.5171  ramp 96%           1.7s
  486      1211.9       526.5    0.3756    -9.5366  ramp 96%           1.7s
  487      1187.9       489.0    0.3758    -9.5562  ramp 96%           2.0s
  488      1160.3       539.8    0.3762    -9.5757  ramp 97%           1.9s
  489      1299.6       517.5    0.3764    -9.5952  ramp 97%           1.9s
  [probe] gen=490 score=778.8 net=4.408 fell=0.900
  490      1230.2       476.2    0.3767    -9.6148  ramp 97%           1.7s
  491      1266.1       453.5    0.3769    -9.6343  ramp 97%           1.5s
  492       980.9       462.2    0.3770    -9.6538  ramp 98%           1.7s
  493      1065.2       431.0    0.3770    -9.6733  ramp 98%           1.8s
  494      1123.5       551.1    0.3771    -9.6928  ramp 98%           1.9s
  495      1104.9       469.6    0.3769    -9.7124  ramp 98%           1.7s
  496      1140.4       447.7    0.3769    -9.7319  ramp 99%           1.8s
  497      1184.3       419.9    0.3768    -9.7514  ramp 99%           1.6s
  498      1080.7       466.2    0.3768    -9.7709  ramp 99%           1.8s
  499      1199.6       474.1    0.3769    -9.7905  ramp 99%           1.8s
  [plot] Saved fitness curve → experiments/thesis/curriculum_variable_gravity/seed_02/fitness_curve.png

Training complete. Best fitness: 2006.8
Best params → experiments/thesis/curriculum_variable_gravity/seed_02/checkpoints/best_params.npy
Fitness curve → experiments/thesis/curriculum_variable_gravity/seed_02/fitness_curve.png
Final Earth scorecard | score=210.6 net=1.699 fell=1.000
Gravity sweep | gravities=5 mean_net=2.334 worst_net=1.420
  [exp] Wrote experiments/thesis/curriculum_variable_gravity/seed_02/experiment.json
  [exp] Wrote experiments/thesis/curriculum_variable_gravity/seed_02/training_log.csv
  [exp] Wrote experiments/thesis/curriculum_variable_gravity/seed_02/earth_probe.csv
  [exp] Wrote experiments/thesis/curriculum_variable_gravity/seed_02/gravity_sweep.csv
  [exp] Wrote experiments/thesis/curriculum_variable_gravity/seed_02/summary.json
