Walker2d-v5 | policy=CPG  params=504
Curriculum   : RandomUniform  gravity U[-12.0, -6.0]  seed=2
Run context | seed=2 arm=random_variable_gravity run_id=random_variable_gravity_seed_02


Starting CMA-ES | pop=40 | sigma0=0.5 | max_gen=500 | workers=8 | seed=2
Checkpoints → experiments/thesis/random_variable_gravity/seed_02/checkpoints/

  Gen        Best        Mean     Sigma    Gravity  Phase              Time
------------------------------------------------------------------------
  [probe] gen=0 score=-269.8 net=0.027 fell=1.000
  [plot] Saved fitness curve → experiments/thesis/random_variable_gravity/seed_02/fitness_curve.png
    0      -265.8      -395.9    0.4904   -10.4303  random             1.4s
    1      -317.4      -384.6    0.4821    -8.9831  random             0.1s
    2      -313.2      -380.4    0.4748    -7.0470  random             0.1s
    3      -327.0      -381.3    0.4682   -11.8430  random             0.2s
    4      -276.0      -364.8    0.4625   -10.5309  random             0.1s
    5      -275.0      -358.3    0.4572    -9.4448  random             0.1s
    6      -257.6      -358.9    0.4524    -9.9109  random             0.2s
    7      -217.4      -341.0    0.4479    -7.6690  random             0.2s
    8      -259.5      -348.6    0.4440   -11.8597  random             0.2s
    9      -262.0      -342.3    0.4405   -10.8500  random             0.2s
  [probe] gen=10 score=-234.4 net=0.114 fell=1.000
   10      -237.7      -352.6    0.4374    -9.4786  random             0.2s
   11      -215.8      -331.6    0.4345    -9.2318  random             0.2s
   12      -209.4      -330.7    0.4318    -6.7028  random             0.3s
   13      -228.5      -329.7    0.4294    -9.2383  random             0.3s
   14      -175.2      -313.6    0.4273    -7.7284  random             0.3s
   15        30.4      -321.2    0.4252    -7.3967  random             0.3s
   16      -104.2      -286.3    0.4232    -6.3234  random             0.4s
   17       -33.9      -287.5    0.4214    -7.3391  random             0.4s
   18      -121.6      -278.8    0.4199    -8.5019  random             0.4s
   19        43.5      -243.1    0.4184   -11.4046  random             0.4s
  [probe] gen=20 score=-76.2 net=0.625 fell=1.000
   20         8.9      -263.5    0.4169    -6.6789  random             0.5s
   21        13.4      -196.1    0.4157   -11.0680  random             0.5s
   22        38.1      -232.3    0.4147    -6.9135  random             0.5s
   23        43.6      -224.6    0.4138    -6.5755  random             0.5s
   24        62.7      -188.5    0.4130    -7.0030  random             0.7s
  [plot] Saved fitness curve → experiments/thesis/random_variable_gravity/seed_02/fitness_curve.png
   25        35.7      -190.1    0.4122    -6.7418  random             0.7s
   26       122.6      -162.5    0.4115    -7.7407  random             0.6s
   27       173.7      -193.1    0.4109    -8.4595  random             0.7s
   28        92.3      -184.2    0.4104    -6.2800  random             0.7s
   29        57.8      -169.8    0.4099    -9.0272  random             0.7s
  [probe] gen=30 score=67.5 net=1.129 fell=1.000
   30        83.9      -142.1    0.4095   -10.8832  random             0.7s
   31       122.5      -134.0    0.4092    -8.8247  random             0.7s
   32       134.9      -104.8    0.4089   -10.3844  random             0.7s
   33        89.5      -104.2    0.4087    -9.4413  random             0.7s
   34        69.8        -7.5    0.4083   -10.5247  random             0.7s
   35       106.8       -49.3    0.4078   -10.4563  random             0.7s
   36       159.3      -100.6    0.4075    -9.2158  random             0.8s
   37       203.4       -98.0    0.4071    -9.3651  random             0.7s
   38       142.2       -90.2    0.4067    -9.5055  random             0.8s
   39        97.2      -133.2    0.4063   -10.3102  random             0.7s
  [probe] gen=40 score=122.4 net=1.362 fell=1.000
   40       104.1       -57.7    0.4061    -9.2004  random             0.8s
   41        84.9      -154.1    0.4060   -10.2159  random             0.7s
   42       137.1       -86.5    0.4057   -11.4355  random             0.7s
   43       347.8      -160.7    0.4055    -6.5229  random             0.9s
   44       188.6       -78.0    0.4055    -9.2804  random             0.8s
   45       156.9      -107.3    0.4055   -10.4875  random             0.7s
   46       147.9      -171.7    0.4056    -6.1784  random             0.9s
   47       239.1       -80.5    0.4059    -9.2319  random             0.8s
   48       107.2      -106.2    0.4062    -8.6272  random             0.7s
   49        96.1       -51.8    0.4066   -11.7340  random             0.7s
  [probe] gen=50 score=-60.4 net=0.457 fell=1.000
  [plot] Saved fitness curve → experiments/thesis/random_variable_gravity/seed_02/fitness_curve.png
   50       239.8       -78.2    0.4069    -8.9450  random             0.8s
   51       336.8       -62.0    0.4074    -7.0023  random             1.0s
   52       166.7      -126.8    0.4081    -8.2230  random             0.9s
   53       154.8       -28.3    0.4085    -6.7532  random             1.0s
   54       118.8       -49.6    0.4089   -10.3487  random             0.8s
   55       147.3        -6.6    0.4093    -9.6199  random             0.8s
   56       111.9       -28.6    0.4097   -11.5336  random             0.8s
   57       213.2       -43.7    0.4101    -8.0043  random             1.0s
   58       140.7       -41.1    0.4105   -10.1586  random             0.9s
   59       207.8       -20.8    0.4108   -10.0851  random             1.0s
  [probe] gen=60 score=7.7 net=0.875 fell=1.000
   60       195.2       -66.9    0.4111    -8.7200  random             1.0s
   61       179.2       -94.1    0.4115    -7.7508  random             1.0s
   62       183.9        -9.6    0.4118   -11.2544  random             0.7s
   63       211.9       -58.7    0.4123    -9.2723  random             0.9s
   64       168.1       -81.2    0.4127    -9.8285  random             0.9s
   65       219.6       -31.1    0.4131    -9.9468  random             0.9s
   66       189.8       -53.4    0.4135    -9.9108  random             0.8s
   67       189.6       -67.6    0.4137    -9.8537  random             0.9s
   68       183.7       -60.1    0.4139    -7.9772  random             0.9s
   69       158.6        26.5    0.4141   -11.1905  random             0.8s
  [probe] gen=70 score=118.7 net=1.424 fell=1.000
   70       205.3       -98.1    0.4142    -6.6885  random             1.1s
   71       252.0         7.3    0.4141    -6.8162  random             1.0s
   72       189.0       -15.0    0.4139   -10.5897  random             0.8s
   73       265.0       -37.6    0.4139    -7.3271  random             1.0s
   74       289.5         2.5    0.4138    -7.5194  random             1.0s
  [plot] Saved fitness curve → experiments/thesis/random_variable_gravity/seed_02/fitness_curve.png
   75       263.0        15.0    0.4137    -7.3732  random             1.1s
   76       211.3         1.6    0.4135   -11.2789  random             0.8s
   77       269.9       -85.3    0.4133    -6.2979  random             1.1s
   78       193.8       -13.1    0.4131   -11.8087  random             0.8s
   79       246.6       -92.0    0.4130    -9.5999  random             1.0s
  [probe] gen=80 score=285.7 net=2.062 fell=1.000
   80       353.9      -122.7    0.4129    -8.4950  random             1.0s
   81       297.5        19.5    0.4127    -8.9277  random             0.9s
   82       313.9       -54.5    0.4124    -7.1449  random             1.0s
   83       288.7       -35.2    0.4121    -6.1541  random             1.1s
   84       226.8        -7.2    0.4117    -9.4085  random             0.8s
   85       162.3       -14.2    0.4114   -10.5915  random             0.8s
   86       228.5        30.8    0.4112   -10.4903  random             0.8s
   87       232.6      -112.2    0.4111    -7.8428  random             0.9s
   88       241.9       -55.3    0.4111    -8.6816  random             0.8s
   89       245.7       -44.6    0.4113   -10.8239  random             0.8s
  [probe] gen=90 score=237.8 net=1.837 fell=1.000
   90       285.4       -60.8    0.4115    -8.7996  random             1.0s
   91       346.4       -27.0    0.4118    -7.5619  random             0.9s
   92       277.2         7.0    0.4120    -9.4485  random             0.8s
   93       311.3       -95.1    0.4122    -6.3239  random             1.0s
   94       294.2        34.6    0.4124    -7.8506  random             0.8s
   95       328.5       -57.1    0.4126    -6.3322  random             1.0s
   96       288.2        44.7    0.4128    -6.4650  random             1.0s
   97       253.8       -13.5    0.4130    -6.5257  random             1.0s
   98       314.9       -65.0    0.4132    -6.5778  random             1.0s
   99       240.4        -9.0    0.4134   -11.4797  random             0.8s
  [probe] gen=100 score=141.9 net=1.409 fell=1.000
  [plot] Saved fitness curve → experiments/thesis/random_variable_gravity/seed_02/fitness_curve.png
  100       285.7        -2.4    0.4136    -9.2710  random             0.9s
  101       234.1       -45.1    0.4137    -8.9092  random             0.8s
  102       255.7       -78.0    0.4137    -6.2659  random             1.1s
  103       237.9        12.6    0.4138   -10.8619  random             0.8s
  104       329.4       -44.1    0.4138    -6.1742  random             1.0s
  105       272.3       -35.1    0.4135    -6.0206  random             1.1s
  106       236.7        24.8    0.4133   -11.9855  random             0.8s
  107       245.4       -18.4    0.4130    -9.8068  random             0.9s
  108       310.3        -2.1    0.4127    -6.7590  random             1.0s
  109       238.6         6.2    0.4126    -8.9899  random             0.9s
  [probe] gen=110 score=246.3 net=1.926 fell=1.000
  110       347.7       -12.0    0.4124    -7.7108  random             0.9s
  111       265.8        32.7    0.4122    -7.9217  random             0.9s
  112       321.6         9.1    0.4119    -6.9782  random             1.0s
  113       174.0       -19.1    0.4116   -11.0295  random             0.8s
  114       240.6        -7.5    0.4116   -11.4320  random             0.8s
  115       291.6         7.0    0.4115    -6.8775  random             1.0s
  116       379.9         9.4    0.4113    -7.5557  random             1.0s
  117       262.5        30.7    0.4112    -7.6766  random             0.9s
  118       299.3       -27.2    0.4109    -7.3475  random             0.9s
  119       363.7        57.1    0.4107    -6.7827  random             1.0s
  [probe] gen=120 score=170.0 net=1.645 fell=1.000
  120       320.4         0.3    0.4105    -8.7263  random             0.9s
  121       305.7       -16.5    0.4104    -9.3416  random             0.8s
  122       392.6         8.8    0.4103    -9.1210  random             0.9s
  123       276.7       -10.9    0.4104   -11.6984  random             0.8s
  124       238.2       -44.3    0.4104   -11.4471  random             0.8s
  [plot] Saved fitness curve → experiments/thesis/random_variable_gravity/seed_02/fitness_curve.png
  125       450.2      -141.3    0.4104    -6.5444  random             1.2s
  126       425.7        -0.1    0.4105    -7.3982  random             1.0s
  127       325.8        21.4    0.4106    -9.0788  random             0.9s
  128       327.4        97.3    0.4108    -9.2289  random             0.9s
  129       331.0        55.9    0.4111    -8.1118  random             0.9s
  [probe] gen=130 score=208.1 net=1.744 fell=1.000
  130       395.5        50.8    0.4113    -7.9332  random             1.0s
  131       388.2       108.2    0.4114    -7.7653  random             1.0s
  132       275.1       100.6    0.4116    -9.7480  random             0.9s
  133       285.5         6.5    0.4117    -8.7662  random             1.0s
  134       288.6        44.4    0.4119   -11.9669  random             0.7s
  135       298.2        21.6    0.4122    -9.7928  random             1.1s
  136       341.3        33.0    0.4125   -10.4713  random             0.9s
  137       307.4      -106.5    0.4127    -6.2797  random             1.2s
  138       296.0        -3.5    0.4128   -11.1302  random             0.8s
  139       350.3        29.7    0.4129    -7.7252  random             1.0s
  [probe] gen=140 score=230.3 net=1.808 fell=1.000
  140       398.3        42.2    0.4130    -6.8980  random             1.2s
  141       387.2         5.5    0.4131    -6.0672  random             1.1s
  142       375.2        93.6    0.4132    -9.4801  random             0.9s
  143       372.9        56.0    0.4133    -8.7148  random             1.0s
  144       288.0        17.9    0.4136    -9.8516  random             0.9s
  145       319.6        -6.2    0.4137   -10.0018  random             0.9s
  146       293.1        93.9    0.4138   -10.7481  random             0.9s
  147       346.7        42.3    0.4140    -9.8080  random             1.1s
  148       345.4       -39.3    0.4142    -8.7788  random             1.0s
  149       437.6        60.1    0.4143    -6.5268  random             1.2s
  [probe] gen=150 score=294.9 net=2.115 fell=1.000
  [plot] Saved fitness curve → experiments/thesis/random_variable_gravity/seed_02/fitness_curve.png
  150       336.8       -12.1    0.4144    -6.6858  random             1.2s
  151       299.6        60.3    0.4146   -11.4732  random             0.8s
  152       403.4        22.3    0.4147    -7.3859  random             1.1s
  153       379.5        51.7    0.4148   -10.2803  random             0.9s
  154       458.4        55.7    0.4147    -7.8652  random             1.1s
  155       374.9        74.7    0.4146    -9.1616  random             1.0s
  156       312.6        72.3    0.4145    -9.3106  random             1.0s
  157       386.9        45.7    0.4143    -9.2797  random             0.9s
  158       511.7        74.7    0.4141    -9.0694  random             1.0s
  159       400.1        89.5    0.4140    -7.1600  random             1.2s
  [probe] gen=160 score=378.2 net=2.547 fell=1.000
  160       361.8       168.1    0.4136    -9.3463  random             1.0s
  161       324.4       157.4    0.4135   -11.6979  random             0.8s
  162       390.3       176.1    0.4132   -10.3180  random             1.0s
  163       375.2       108.7    0.4130    -9.7490  random             1.0s
  164       483.1        39.1    0.4126    -7.5314  random             1.2s
  165       396.0       115.9    0.4122   -11.7413  random             0.9s
  166       481.8       108.0    0.4119   -11.1159  random             0.9s
  167       436.3        34.5    0.4117   -10.7483  random             0.9s
  168       473.1        63.5    0.4112    -9.1258  random             1.1s
  169       531.5        20.2    0.4107    -6.8591  random             1.2s
  [probe] gen=170 score=251.2 net=1.798 fell=1.000
  170       337.9        96.4    0.4102   -10.6509  random             0.9s
  171       462.5       -22.1    0.4097    -6.6644  random             1.1s
  172       500.2        77.8    0.4093    -7.0672  random             1.2s
  173       317.3        52.7    0.4088   -10.1859  random             0.8s
  174       347.6       131.8    0.4083   -11.4238  random             0.8s
  [plot] Saved fitness curve → experiments/thesis/random_variable_gravity/seed_02/fitness_curve.png
  175       510.3        -9.9    0.4079    -6.1922  random             1.1s
  176       753.3       179.9    0.4075    -6.4567  random             1.1s
  177       435.6        63.1    0.4070   -11.6181  random             0.8s
  178       515.7       127.8    0.4063    -8.5879  random             1.0s
  179       366.3       121.3    0.4057    -9.8599  random             0.9s
  [probe] gen=180 score=229.4 net=1.887 fell=1.000
  180       387.4       176.7    0.4052    -9.6667  random             1.0s
  181       457.9       199.0    0.4048    -7.4882  random             1.1s
  182       288.7       103.6    0.4042   -11.7195  random             0.8s
  183       402.6       141.7    0.4037    -9.8115  random             0.9s
  184       511.1       125.4    0.4032    -9.1086  random             1.0s
  185       433.2       179.1    0.4027    -8.9268  random             1.1s
  186       323.5        73.6    0.4022   -11.6626  random             0.8s
  187       530.3       146.3    0.4018    -8.3526  random             1.1s
  188       383.4       132.2    0.4014    -9.9129  random             1.0s
  189       691.4       177.0    0.4011    -6.2624  random             1.3s
  [probe] gen=190 score=306.0 net=2.097 fell=1.000
  190       577.6       198.2    0.4008    -6.5333  random             1.2s
  191       434.4       116.4    0.4004   -10.4049  random             0.8s
  192       525.3       159.8    0.3999    -9.5996  random             1.0s
  193       654.6        24.9    0.3994    -6.3712  random             1.2s
  194       570.2       216.2    0.3991    -7.1204  random             1.3s
  195       433.2        21.2    0.3988    -9.7007  random             0.8s
  196       343.9        41.8    0.3984   -11.5022  random             0.8s
  197       640.8        80.0    0.3982    -6.3223  random             1.2s
  198       490.7       199.0    0.3980    -8.8583  random             1.0s
  199       353.8        82.3    0.3977   -11.0067  random             0.8s
  [probe] gen=200 score=364.5 net=2.452 fell=1.000
  [plot] Saved fitness curve → experiments/thesis/random_variable_gravity/seed_02/fitness_curve.png
  200       650.9       140.6    0.3974    -6.7784  random             1.2s
  201       387.8       116.1    0.3970   -11.8529  random             0.8s
  202       644.0       147.0    0.3968    -8.5585  random             1.0s
  203       425.0       156.5    0.3964   -10.5961  random             0.8s
  204       416.0       127.4    0.3961   -11.1971  random             0.9s
  205       419.4       145.3    0.3958   -11.4319  random             1.0s
  206       677.2        89.8    0.3956    -7.1965  random             1.2s
  207       562.3       194.9    0.3953    -8.9560  random             1.0s
  208       551.3       136.6    0.3949    -9.2544  random             1.0s
  209       706.7        93.1    0.3944    -7.4337  random             1.2s
  [probe] gen=210 score=450.0 net=2.777 fell=1.000
  210       518.2       215.9    0.3939   -11.0229  random             0.9s
  211       495.5       169.1    0.3934   -10.9454  random             0.9s
  212       509.0       184.6    0.3930   -11.2029  random             1.0s
  213       412.0       149.7    0.3927   -11.9440  random             0.9s
  214       624.2       228.7    0.3925    -8.7572  random             1.2s
  215       464.9        97.8    0.3922   -11.5130  random             0.9s
  216       794.1       197.8    0.3921    -7.0384  random             1.3s
  217       587.0       249.4    0.3921    -9.2222  random             1.1s
  218       537.3       231.7    0.3920    -9.3803  random             1.0s
  219       534.6       147.8    0.3916   -11.6306  random             0.9s
  [probe] gen=220 score=588.2 net=3.207 fell=1.000
  220       368.8       144.4    0.3912   -11.5580  random             0.9s
  221       564.7       216.5    0.3908    -9.3240  random             1.0s
  222       679.4       241.6    0.3904    -7.3202  random             1.3s
  223       751.8       310.1    0.3900    -8.7804  random             1.2s
  224       722.8       293.6    0.3894    -8.2594  random             1.2s
  [plot] Saved fitness curve → experiments/thesis/random_variable_gravity/seed_02/fitness_curve.png
  225       680.9       306.5    0.3890    -8.9130  random             1.1s
  226       638.3       217.8    0.3886    -9.8777  random             1.0s
  227       666.4       242.6    0.3879    -6.7645  random             1.4s
  228       649.6       281.3    0.3873    -9.4847  random             1.1s
  229       577.6       281.0    0.3865    -6.9640  random             1.4s
  [probe] gen=230 score=481.4 net=2.864 fell=1.000
  230       480.2       284.4    0.3856    -9.8299  random             1.1s
  231       503.6       251.3    0.3849   -10.6982  random             1.0s
  232       830.3       200.8    0.3842    -6.7231  random             1.3s
  233       493.6       319.6    0.3835    -9.1527  random             1.1s
  234       508.7       288.7    0.3828    -9.3794  random             1.2s
  235       467.6       271.6    0.3824   -10.6144  random             0.9s
  236       623.0       320.4    0.3820   -10.0816  random             1.1s
  237       541.1       281.1    0.3815   -10.7354  random             1.0s
  238       687.6       312.9    0.3811    -7.8188  random             1.4s
  239       412.4       265.4    0.3808   -11.6207  random             1.0s
  [probe] gen=240 score=324.5 net=1.851 fell=0.900
  240       575.9       289.7    0.3803   -11.5452  random             1.1s
  241       640.2       353.6    0.3799    -8.7074  random             1.4s
  242       584.3       298.4    0.3796   -11.7802  random             0.9s
  243       677.0       365.1    0.3794    -8.4608  random             1.2s
  244       982.9       410.3    0.3792    -9.0231  random             1.3s
  245       927.4       454.2    0.3791    -7.0200  random             1.6s
  246       608.1       254.1    0.3789   -11.8034  random             1.1s
  247       821.9       430.4    0.3786    -6.5240  random             1.7s
  248       649.5       259.2    0.3783   -11.5758  random             1.0s
  249       701.5       317.3    0.3778   -10.2145  random             1.2s
  [probe] gen=250 score=499.9 net=3.128 fell=1.000
  [plot] Saved fitness curve → experiments/thesis/random_variable_gravity/seed_02/fitness_curve.png
  250       969.3       356.7    0.3775    -7.0989  random             1.4s
  251       749.3       401.9    0.3772    -9.6600  random             1.3s
  252       674.9       270.0    0.3771   -11.3028  random             1.0s
  253       868.3       382.7    0.3768    -8.3100  random             1.5s
  254       790.0       351.4    0.3763    -9.8886  random             1.2s
  255       824.5       403.3    0.3759    -7.8884  random             1.5s
  256       792.3       432.9    0.3757    -6.9213  random             1.5s
  257      1000.6       427.2    0.3754    -8.3996  random             1.5s
  258       900.1       398.2    0.3752    -8.1851  random             1.5s
  259       741.0       350.5    0.3751   -11.1289  random             1.2s
  [probe] gen=260 score=376.6 net=2.559 fell=1.000
  260      1134.7       419.0    0.3749    -6.5398  random             1.8s
  261      1096.6       479.1    0.3747    -7.0724  random             1.6s
  262       996.5       572.5    0.3747    -7.9649  random             1.7s
  263       825.1       458.1    0.3746    -8.6361  random             1.3s
  264      1046.7       461.2    0.3745    -7.1045  random             1.7s
  265       953.4       445.5    0.3745    -8.7978  random             1.5s
  266      1178.7       560.3    0.3746    -8.0454  random             1.8s
  267      1327.1       641.0    0.3746    -6.2627  random             2.1s
  268       808.5       390.2    0.3747   -10.1954  random             1.5s
  269       964.3       353.7    0.3749   -10.1993  random             1.2s
  [probe] gen=270 score=469.6 net=2.951 fell=1.000
  270      1078.6       439.7    0.3749    -9.3842  random             1.4s
  271      1171.2       640.4    0.3750    -7.4759  random             2.0s
  272      1002.8       512.8    0.3750    -8.3769  random             1.7s
  273       946.0       488.8    0.3752    -7.1857  random             1.7s
  274       765.2       277.9    0.3753    -9.7981  random             1.1s
  [plot] Saved fitness curve → experiments/thesis/random_variable_gravity/seed_02/fitness_curve.png
  275      1173.8       532.0    0.3755    -7.8537  random             2.0s
  276      1757.8       572.9    0.3757    -6.3555  random             2.2s
  277      1107.4       538.8    0.3759    -7.7753  random             1.9s
  278      1436.3       557.6    0.3759    -6.8796  random             2.0s
  279      1467.8       420.1    0.3759    -8.2236  random             1.5s
  [probe] gen=280 score=625.2 net=3.801 fell=1.000
  280      1209.6       490.5    0.3760    -8.3116  random             2.0s
  281      1132.1       523.3    0.3760    -7.5196  random             1.8s
  282      1402.5       291.6    0.3760   -10.2560  random             1.4s
  283       848.6       398.5    0.3759    -9.6805  random             1.3s
  284      1131.3       387.1    0.3757    -9.8040  random             1.8s
  285      1117.0       448.4    0.3755   -10.5579  random             1.6s
  286       904.7       268.2    0.3752   -11.9431  random             1.1s
  287      1371.8       580.1    0.3747    -9.0797  random             2.1s
  288      1343.3       448.0    0.3743    -6.4131  random             2.0s
  289      1462.2       497.7    0.3736    -8.8674  random             1.6s
  [probe] gen=290 score=249.4 net=1.851 fell=1.000
  290      1240.3       556.4    0.3732    -6.6808  random             1.9s
  291      1916.2       665.9    0.3727    -8.2554  random             1.9s
  292      1426.4       790.4    0.3722    -6.2635  random             2.5s
  293      1066.2       233.8    0.3717   -11.4731  random             1.0s
  294      1672.9       735.3    0.3712    -6.4698  random             2.7s
  295      1732.0       668.7    0.3708    -7.3377  random             2.0s
  296      1646.3       763.7    0.3705    -6.4368  random             2.3s
  297       512.2       190.2    0.3701   -11.9191  random             0.9s
  298       881.0       433.0    0.3699   -10.1787  random             1.4s
  299      1234.7       577.3    0.3696    -6.2845  random             2.2s
  [probe] gen=300 score=1201.0 net=6.194 fell=1.000
  [plot] Saved fitness curve → experiments/thesis/random_variable_gravity/seed_02/fitness_curve.png
  300      1578.5       695.6    0.3694    -7.3093  random             2.2s
  301      1203.4       584.3    0.3689    -7.8769  random             2.0s
  302      1279.1       611.6    0.3685    -7.5440  random             1.8s
  303      1309.9       635.6    0.3681    -8.6181  random             1.9s
  304      1369.2       652.1    0.3678    -8.8971  random             1.8s
  305      1621.4       588.1    0.3677    -9.5825  random             1.8s
  306       833.6       310.3    0.3677   -11.9727  random             1.1s
  307      1033.4       438.6    0.3677   -11.3376  random             1.4s
  308       814.9       381.6    0.3677   -11.7379  random             1.5s
  309       742.4       384.4    0.3677   -11.2129  random             1.4s
  [probe] gen=310 score=953.7 net=4.500 fell=0.600
  310      1074.7       507.9    0.3676   -10.3785  random             1.9s
  311      1243.9       592.2    0.3674    -9.6941  random             2.0s
  312      1437.2       569.9    0.3671    -7.7391  random             2.1s
  313      1480.4       706.0    0.3669    -8.2739  random             2.1s
  314       991.7       398.0    0.3665   -10.9243  random             1.3s
  315      1055.2       546.1    0.3662    -8.9013  random             2.1s
  316      1270.4       560.0    0.3659    -6.2066  random             2.2s
  317      1406.7       718.8    0.3655    -7.0596  random             2.3s
  318      1002.1       343.0    0.3650   -11.4245  random             1.1s
  319      1114.2       458.6    0.3644   -10.5267  random             1.4s
  [probe] gen=320 score=232.6 net=1.897 fell=1.000
  320      1402.8       768.6    0.3639    -6.0485  random             2.4s
  321      1554.4       652.9    0.3632    -8.8375  random             2.0s
  322      1592.9       840.6    0.3625    -6.9943  random             2.4s
  323      1484.8       516.7    0.3618    -9.8963  random             1.4s
  324      1596.5       752.7    0.3611    -8.4806  random             2.2s
  [plot] Saved fitness curve → experiments/thesis/random_variable_gravity/seed_02/fitness_curve.png
  325      1432.0       703.5    0.3604    -7.6978  random             1.9s
  326      1781.8       906.2    0.3596    -6.9954  random             2.5s
  327      1774.6       918.1    0.3588    -6.8948  random             2.7s
  328      1222.3       363.9    0.3582   -11.0229  random             1.2s
  329      1724.3       889.5    0.3574    -7.6382  random             2.4s
  [probe] gen=330 score=605.1 net=3.909 fell=1.000
  330      1876.7       991.6    0.3565    -6.7021  random             2.6s
  331      1322.5       601.2    0.3558    -9.5171  random             1.6s
  332      1815.4       730.4    0.3550    -9.3095  random             2.2s
  333      1773.4       942.9    0.3543    -7.2012  random             2.6s
  334      1758.6       660.4    0.3536    -8.9904  random             1.7s
  335      1374.5       504.2    0.3530    -9.5387  random             1.5s
  336      1922.6       862.6    0.3526    -6.0382  random             2.7s
  337      1242.4       341.4    0.3523   -11.3394  random             1.1s
  338      1869.1       882.6    0.3522    -7.2691  random             2.6s
  339      1446.6       663.1    0.3522    -9.9810  random             1.6s
  [probe] gen=340 score=466.1 net=3.161 fell=1.000
  340      1797.2       888.7    0.3522    -6.5373  random             2.5s
  341      2027.1      1029.4    0.3522    -7.6726  random             2.3s
  342       924.6       298.7    0.3522   -11.3021  random             1.0s
  343      1426.4       550.8    0.3521   -11.1629  random             1.6s
  344      1520.5       451.2    0.3520   -11.4248  random             1.4s
  345      1589.6       743.4    0.3519    -8.1017  random             2.1s
  346      1412.4       641.9    0.3516   -10.2185  random             1.8s
  347      1574.7       681.7    0.3515    -9.5389  random             2.0s
  348      1601.9       606.0    0.3515   -10.3238  random             1.8s
  349      1531.4       678.1    0.3514    -9.6982  random             2.0s
  [probe] gen=350 score=1291.1 net=6.870 fell=1.000
  [plot] Saved fitness curve → experiments/thesis/random_variable_gravity/seed_02/fitness_curve.png
  350      1214.1       524.6    0.3512   -11.1794  random             1.4s
  351      1306.1       546.6    0.3510   -11.4113  random             1.5s
  352      1233.3       406.2    0.3508   -11.9687  random             1.3s
  353      1759.1       646.1    0.3505   -10.0446  random             2.1s
  354      1567.5       701.4    0.3501   -10.4588  random             2.1s
  355      1520.9       774.2    0.3496    -7.5487  random             2.7s
  356      1941.7       707.8    0.3491    -8.8473  random             2.1s
  357      1947.5       722.4    0.3486    -9.4868  random             2.2s
  358      1336.9       661.1    0.3482    -9.9534  random             1.7s
  359      1748.3       887.6    0.3478    -7.4931  random             2.5s
  [probe] gen=360 score=320.1 net=2.188 fell=1.000
  360      1673.4       966.6    0.3475    -7.2972  random             2.7s
  361      2013.3      1163.8    0.3472    -6.9161  random             3.1s
  362      1625.3       738.9    0.3469    -8.9072  random             2.0s
  363      1127.2       398.9    0.3466   -11.2743  random             1.1s
  364      1555.3       805.9    0.3462    -9.4946  random             2.4s
  365      1820.5       872.2    0.3459    -6.9629  random             2.6s
  366      1711.2       771.4    0.3455    -8.3699  random             2.5s
  367      1658.7       907.6    0.3452    -6.4307  random             2.7s
  368      1014.9       305.0    0.3448   -11.9157  random             1.0s
  369      1687.1       750.3    0.3444    -9.6390  random             2.2s
  [probe] gen=370 score=935.2 net=4.516 fell=0.700
  370      1190.2       477.0    0.3440   -11.6005  random             1.5s
  371      1771.2       798.1    0.3437    -6.8433  random             2.6s
  372      1734.9       762.0    0.3434   -10.3894  random             2.1s
  373      1821.5       995.6    0.3431    -7.6959  random             2.9s
  374      1734.4       787.0    0.3430    -8.3571  random             2.3s
  [plot] Saved fitness curve → experiments/thesis/random_variable_gravity/seed_02/fitness_curve.png
  375      1904.9       892.1    0.3430    -6.1433  random             2.7s
  376      1935.6       973.4    0.3429    -6.7836  random             2.5s
  377      1623.1       714.5    0.3429    -8.3813  random             2.0s
  378      1879.2       940.0    0.3430    -8.4201  random             2.5s
  379      1562.6       509.3    0.3432   -10.9411  random             1.5s
  [probe] gen=380 score=1494.6 net=7.391 fell=0.500
  380      1642.0       678.0    0.3433    -9.7386  random             2.2s
  381      1621.7       634.6    0.3436    -9.9352  random             1.9s
  382      1794.8       854.0    0.3442    -6.3496  random             2.9s
  383      1374.0       527.9    0.3448   -10.6578  random             1.6s
  384      1458.7       667.0    0.3455    -9.7824  random             2.0s
  385      1925.0       908.2    0.3464    -7.2520  random             2.6s
  386      1813.8       914.6    0.3472    -6.3536  random             2.5s
  387      1811.8       849.3    0.3480    -6.1382  random             2.5s
  388      2004.6      1115.2    0.3488    -6.5302  random             2.8s
  389      1797.7       625.9    0.3496    -8.9690  random             1.7s
  [probe] gen=390 score=1422.7 net=7.277 fell=0.600
  390      1707.5       667.0    0.3505    -9.9717  random             1.7s
  391      1334.1       346.9    0.3514   -11.8843  random             1.0s
  392      1574.2       785.0    0.3521    -6.9198  random             2.4s
  393      1294.6       574.6    0.3529   -10.5265  random             1.6s
  394      1469.3       572.7    0.3536   -11.1268  random             1.9s
  395      1565.7       572.6    0.3542   -10.6747  random             1.8s
  396      1668.0       814.8    0.3548    -7.7835  random             2.8s
  397      1769.7       985.1    0.3554    -6.9170  random             3.0s
  398      1899.0       926.8    0.3558    -7.6551  random             2.5s
  399      1750.8       579.8    0.3562   -10.0157  random             1.8s
  [probe] gen=400 score=498.3 net=3.235 fell=1.000
  [plot] Saved fitness curve → experiments/thesis/random_variable_gravity/seed_02/fitness_curve.png
  400      1833.4      1124.0    0.3565    -7.3911  random             2.9s
  401      1520.8       560.0    0.3568    -9.8146  random             1.7s
  402      1729.7       766.4    0.3572    -8.8693  random             2.0s
  403      1251.5       448.5    0.3577   -10.8901  random             1.4s
  404       984.4       364.7    0.3580   -11.7486  random             1.2s
  405      1924.6       714.4    0.3583    -7.5113  random             2.5s
  406      1781.7       937.8    0.3588    -8.4442  random             2.8s
  407      1383.9       561.6    0.3590   -10.1752  random             1.7s
  408      1632.8       930.0    0.3592    -8.1571  random             2.5s
  409      1417.0       515.7    0.3595   -10.4902  random             1.4s
  [probe] gen=410 score=962.9 net=5.925 fell=1.000
  410      1725.3       809.1    0.3598    -6.5554  random             2.4s
  411      1010.6       365.9    0.3602   -11.6523  random             1.0s
  412      1782.3       513.5    0.3606   -10.8747  random             1.6s
  413      1874.0       716.4    0.3608    -8.7275  random             2.0s
  414      1504.7       677.4    0.3608   -10.0120  random             1.7s
  415      1711.9       839.1    0.3607    -9.0196  random             2.3s
  416      1803.5      1024.4    0.3606    -6.1032  random             2.7s
  417       880.5       391.3    0.3605   -11.5727  random             1.1s
  418      1728.2       809.6    0.3603    -8.0546  random             2.3s
  419      1748.0       891.2    0.3599    -8.2159  random             2.1s
  [probe] gen=420 score=448.0 net=2.964 fell=1.000
  420      2006.3      1028.7    0.3597    -6.3271  random             2.7s
  421      1854.3       974.4    0.3595    -6.7711  random             2.4s
  422      1819.8       861.0    0.3593    -7.9136  random             2.2s
  423      1337.9       291.1    0.3591   -11.8495  random             0.9s
  424      1406.1       443.0    0.3590   -11.0590  random             1.3s
  [plot] Saved fitness curve → experiments/thesis/random_variable_gravity/seed_02/fitness_curve.png
  425      1523.0       594.1    0.3588   -10.3574  random             1.6s
  426      1729.1       893.4    0.3586    -6.4179  random             2.7s
  427      1543.4       474.3    0.3585   -10.5432  random             1.4s
  428      1753.1       660.6    0.3585    -9.7310  random             1.8s
  429      1127.3       406.4    0.3584   -11.3212  random             1.2s
  [probe] gen=430 score=916.4 net=4.138 fell=0.700
  430      1399.6       513.9    0.3583   -11.2151  random             1.5s
  431      1498.2       816.4    0.3581    -6.1202  random             2.3s
  432      1743.0       852.0    0.3579    -7.0755  random             2.5s
  433      1168.9       486.7    0.3576   -11.1795  random             1.5s
  434      1113.1       494.7    0.3575   -10.4230  random             1.6s
  435      1704.5       714.8    0.3574    -8.8777  random             2.2s
  436      1542.9       705.2    0.3574    -9.1802  random             2.0s
  437      1173.6       426.0    0.3575   -11.9374  random             1.3s
  438      1775.3       799.5    0.3575    -6.5269  random             2.7s
  439      1684.2      1013.1    0.3576    -6.5617  random             2.7s
  [probe] gen=440 score=1115.2 net=5.730 fell=1.000
  440      1260.9       314.9    0.3576   -11.1028  random             1.2s
  441      1603.4       350.8    0.3577   -11.9647  random             1.0s
  442      1736.4       629.2    0.3578    -8.5419  random             2.0s
  443      1794.8       813.9    0.3577    -8.7317  random             2.1s
  444      1518.2       659.6    0.3576   -10.0086  random             2.0s
  445      1127.4       553.9    0.3575   -10.7503  random             1.5s
  446      1710.4       860.6    0.3573    -7.4910  random             2.7s
  447      1567.9       852.2    0.3569    -8.5344  random             2.3s
  448      1505.5       525.8    0.3565   -10.4943  random             1.6s
  449      1646.2       890.7    0.3560    -8.4810  random             2.6s
  [probe] gen=450 score=1673.1 net=8.499 fell=0.800
  [plot] Saved fitness curve → experiments/thesis/random_variable_gravity/seed_02/fitness_curve.png
  450      1681.5       873.0    0.3556    -7.3320  random             2.5s
  451      1734.1       917.2    0.3551    -7.3371  random             2.6s
  452      1436.2       404.9    0.3546   -10.9715  random             1.2s
  453      1887.5       824.3    0.3541    -8.5064  random             2.5s
  454      1818.5       883.0    0.3535    -8.8717  random             2.5s
  455      1620.9       874.4    0.3530    -7.0499  random             2.6s
  456      1657.2       854.7    0.3526    -7.9447  random             2.4s
  457      1554.8       880.1    0.3524    -6.5054  random             2.6s
  458       929.4       313.7    0.3521   -11.9927  random             1.0s
  459      1849.5       926.4    0.3520    -6.7655  random             2.5s
  [probe] gen=460 score=215.2 net=1.930 fell=1.000
  460      1387.0       715.1    0.3519    -9.3945  random             1.9s
  461      1582.9      1079.2    0.3518    -7.4111  random             2.9s
  462      1647.7       615.8    0.3517   -10.0396  random             1.6s
  463      1699.8       924.2    0.3516    -7.2361  random             2.7s
  464      1710.8       965.8    0.3517    -6.4215  random             2.6s
  465      1734.7       408.1    0.3516   -11.2767  random             1.2s
  466      1855.1       741.6    0.3516   -10.0229  random             1.9s
  467      1640.6       858.2    0.3517    -9.2674  random             2.1s
  468      1710.5       837.7    0.3518    -6.6718  random             2.5s
  469      1744.1      1077.8    0.3519    -6.4413  random             2.8s
  [probe] gen=470 score=1006.2 net=5.589 fell=1.000
  470      1686.8       914.1    0.3519    -8.7290  random             2.3s
  471      1715.6       784.4    0.3519    -8.6686  random             2.2s
  472      1217.3       496.4    0.3519   -11.1422  random             1.4s
  473      1400.9       653.6    0.3518    -8.8695  random             2.2s
  474      1408.0       819.6    0.3517    -7.6245  random             2.5s
  [plot] Saved fitness curve → experiments/thesis/random_variable_gravity/seed_02/fitness_curve.png
  475      1258.3       346.6    0.3516   -11.4963  random             1.1s
  476      1720.5       840.3    0.3515    -6.6713  random             2.5s
  477      1513.6       826.4    0.3515    -8.9586  random             2.1s
  478      1273.7       439.7    0.3514   -11.3298  random             1.4s
  479      1549.3       855.8    0.3514    -8.4312  random             2.2s
  [probe] gen=480 score=1121.3 net=6.418 fell=1.000
  480      1819.1       878.0    0.3515    -8.8603  random             2.3s
  481      1834.3       927.4    0.3516    -7.4332  random             2.6s
  482      1734.0       899.6    0.3517    -8.6289  random             2.3s
  483      1642.2       933.7    0.3518    -8.3212  random             2.5s
  484      1075.8       298.3    0.3517   -11.9319  random             1.1s
  485      1781.6      1023.0    0.3516    -7.3577  random             3.0s
  486      1733.0       700.4    0.3514   -10.2018  random             2.2s
  487      1640.3      1097.6    0.3512    -7.7152  random             2.9s
  488      1770.7      1019.9    0.3511    -6.1934  random             2.7s
  489      1747.1      1135.4    0.3510    -6.5950  random             2.8s
  [probe] gen=490 score=213.7 net=1.740 fell=1.000
  490      1794.9       738.4    0.3510    -7.8347  random             1.9s
  491       658.3       204.9    0.3511   -11.9720  random             0.9s
  492      1903.3       753.5    0.3513   -10.2654  random             2.1s
  493      1356.7       708.0    0.3515   -10.3649  random             2.0s
  494      1494.1       904.9    0.3516    -8.2948  random             2.5s
  495      1723.9       577.6    0.3517   -11.6026  random             1.6s
  496      1724.4       970.9    0.3518    -6.8043  random             2.7s
  497      1789.8       855.2    0.3519    -9.1754  random             2.2s
  498      1789.4       864.3    0.3518    -7.7032  random             2.1s
  499      1735.9       585.7    0.3517   -10.3908  random             1.7s
  [plot] Saved fitness curve → experiments/thesis/random_variable_gravity/seed_02/fitness_curve.png

Training complete. Best fitness: 2027.1
Best params → experiments/thesis/random_variable_gravity/seed_02/checkpoints/best_params.npy
Fitness curve → experiments/thesis/random_variable_gravity/seed_02/fitness_curve.png
Final Earth scorecard | score=548.0 net=3.624 fell=1.000
Gravity sweep | gravities=5 mean_net=5.105 worst_net=2.125
  [exp] Wrote experiments/thesis/random_variable_gravity/seed_02/experiment.json
  [exp] Wrote experiments/thesis/random_variable_gravity/seed_02/training_log.csv
  [exp] Wrote experiments/thesis/random_variable_gravity/seed_02/earth_probe.csv
  [exp] Wrote experiments/thesis/random_variable_gravity/seed_02/gravity_sweep.csv
  [exp] Wrote experiments/thesis/random_variable_gravity/seed_02/summary.json
