Walker2d-v5 | policy=CPG  params=504
Curriculum   : RandomUniform  gravity U[-12.0, -6.0]  seed=9
Run context | seed=9 arm=random_variable_gravity run_id=random_variable_gravity_seed_09


Starting CMA-ES | pop=40 | sigma0=0.5 | max_gen=500 | workers=8 | seed=9
Checkpoints → experiments/thesis/random_variable_gravity/seed_09/checkpoints/

  Gen        Best        Mean     Sigma    Gravity  Phase              Time
------------------------------------------------------------------------
  [probe] gen=0 score=-351.5 net=-0.106 fell=1.000
  [plot] Saved fitness curve → experiments/thesis/random_variable_gravity/seed_09/fitness_curve.png
    0      -345.8      -396.1    0.4903    -6.7785  random             1.5s
    1      -336.6      -388.9    0.4819   -10.4903  random             0.1s
    2      -316.5      -378.5    0.4746    -7.5908  random             0.1s
    3      -295.9      -362.8    0.4682    -6.5469  random             0.2s
    4      -208.9      -355.2    0.4623   -11.5697  random             0.1s
    5      -278.2      -359.1    0.4568   -10.9868  random             0.2s
    6      -269.7      -349.9    0.4517    -6.0582  random             0.2s
    7      -268.3      -338.0    0.4470    -6.4591  random             0.2s
    8      -163.8      -331.3    0.4425    -9.3883  random             0.2s
    9        88.4      -309.4    0.4383   -10.0285  random             0.3s
  [probe] gen=10 score=-239.8 net=0.013 fell=1.000
   10      -186.1      -309.3    0.4344   -11.7138  random             0.3s
   11      -107.1      -309.9    0.4309    -8.0770  random             0.3s
   12        24.4      -286.4    0.4277   -10.2224  random             0.4s
   13        52.4      -271.3    0.4247    -8.2616  random             0.5s
   14        71.1      -245.2    0.4217    -9.1568  random             0.5s
   15         4.9      -236.3    0.4192    -8.6420  random             0.5s
   16        54.8      -167.8    0.4168   -11.8705  random             0.5s
   17        59.4      -193.0    0.4145    -7.0481  random             0.6s
   18        52.6      -134.6    0.4122   -11.6969  random             0.6s
   19        59.9      -159.5    0.4102    -7.6751  random             0.7s
  [probe] gen=20 score=-32.5 net=0.755 fell=1.000
   20       152.4      -155.4    0.4082    -6.4242  random             0.7s
   21        98.0      -108.3    0.4063    -7.2656  random             0.8s
   22       153.8       -41.9    0.4045   -10.9949  random             0.7s
   23       202.7       -96.3    0.4028   -11.0737  random             0.7s
   24       161.3       -92.3    0.4011    -8.8087  random             0.9s
  [plot] Saved fitness curve → experiments/thesis/random_variable_gravity/seed_09/fitness_curve.png
   25       137.2      -119.5    0.3995    -8.0107  random             0.9s
   26        90.5       -52.8    0.3981   -11.8790  random             0.7s
   27       155.4       -41.1    0.3967    -9.0817  random             0.9s
   28       186.6       -81.5    0.3955    -9.7051  random             0.8s
   29       249.8       -77.6    0.3942    -6.2676  random             1.1s
  [probe] gen=30 score=23.2 net=0.674 fell=1.000
   30       289.9         5.7    0.3929   -11.9152  random             0.8s
   31       169.7       -92.3    0.3919    -9.6144  random             1.0s
   32       161.0      -105.7    0.3909    -9.1413  random             0.9s
   33       199.9      -104.7    0.3898    -8.0402  random             0.9s
   34       157.6       -19.7    0.3885    -8.5625  random             0.9s
   35       207.5      -118.6    0.3872    -9.9003  random             0.8s
   36       244.0       -25.9    0.3861   -11.1233  random             1.0s
   37       198.3      -114.0    0.3850    -6.6473  random             0.9s
   38       239.4      -102.6    0.3838    -8.6582  random             1.0s
   39       224.6         9.8    0.3827    -9.0743  random             1.0s
  [probe] gen=40 score=251.5 net=1.769 fell=1.000
   40       213.3        34.3    0.3815   -11.1287  random             0.8s
   41       272.2         6.6    0.3803   -11.1572  random             0.9s
   42       275.6       -22.3    0.3793    -6.5760  random             1.2s
   43       251.9       -22.9    0.3784   -11.5806  random             1.0s
   44       466.4       -27.1    0.3775    -7.7743  random             1.1s
   45       313.1        27.6    0.3769    -6.9533  random             1.3s
   46       348.0       -14.5    0.3764    -8.3000  random             1.1s
   47       361.5        26.8    0.3760    -6.5984  random             1.1s
   48       434.7        14.3    0.3756    -8.3760  random             1.1s
   49       425.5         5.6    0.3752    -9.5196  random             1.0s
  [probe] gen=50 score=475.3 net=2.937 fell=1.000
  [plot] Saved fitness curve → experiments/thesis/random_variable_gravity/seed_09/fitness_curve.png
   50       559.1        27.3    0.3748    -9.1952  random             1.1s
   51       366.8        49.7    0.3744    -6.7102  random             1.2s
   52       277.7        31.7    0.3740    -7.5165  random             1.0s
   53       527.8       161.6    0.3735    -7.0460  random             1.1s
   54       433.0        29.0    0.3732    -8.5045  random             1.1s
   55       364.4         5.1    0.3728    -8.1283  random             1.2s
   56       393.9        41.3    0.3723    -6.3947  random             1.2s
   57       576.7        27.6    0.3719    -7.9393  random             1.1s
   58       513.6        54.7    0.3715    -7.3038  random             1.2s
   59       350.0        44.2    0.3712    -8.2811  random             1.2s
  [probe] gen=60 score=311.6 net=2.095 fell=1.000
   60       469.7       -19.3    0.3709   -10.0730  random             1.0s
   61       514.1        62.4    0.3706    -6.5289  random             1.3s
   62       342.8        89.7    0.3705   -11.0440  random             0.9s
   63       308.7        52.0    0.3703   -11.9862  random             0.9s
   64       387.3        30.1    0.3702   -10.4166  random             1.0s
   65       236.3       -42.3    0.3700   -10.7040  random             1.0s
   66       283.4        64.5    0.3696   -10.6883  random             1.0s
   67       421.1       107.0    0.3692    -6.9182  random             1.3s
   68       285.4       -36.5    0.3687   -11.9887  random             0.9s
   69       281.7       -70.3    0.3684   -10.2475  random             1.0s
  [probe] gen=70 score=215.5 net=1.641 fell=1.000
   70       366.6        74.8    0.3679    -9.5957  random             1.0s
   71       419.0        79.1    0.3675    -6.8238  random             1.0s
   72       387.6        14.9    0.3672    -8.6052  random             1.0s
   73       427.1        48.7    0.3668    -6.4047  random             1.2s
   74       378.8       115.1    0.3664    -9.6356  random             1.0s
  [plot] Saved fitness curve → experiments/thesis/random_variable_gravity/seed_09/fitness_curve.png
   75       344.9        38.6    0.3661    -9.7282  random             1.0s
   76       434.4        40.7    0.3657   -11.0251  random             0.9s
   77       444.9         9.4    0.3655   -11.0369  random             0.9s
   78       338.3        39.6    0.3653   -10.0310  random             1.0s
   79       379.9         6.8    0.3651   -10.0899  random             1.0s
  [probe] gen=80 score=282.9 net=1.995 fell=1.000
   80       372.3         4.0    0.3649    -9.1335  random             1.0s
   81       365.5        42.0    0.3647    -8.9051  random             1.1s
   82       443.9        66.3    0.3644    -9.6914  random             1.0s
   83       366.1        34.2    0.3643    -7.5831  random             1.1s
   84       407.3         5.3    0.3641   -10.8813  random             0.9s
   85       383.0        74.7    0.3640    -7.9070  random             1.1s
   86       373.0        -3.2    0.3638    -9.4006  random             1.0s
   87       498.4       114.5    0.3635    -7.4089  random             1.2s
   88       376.8        92.9    0.3634   -11.7307  random             0.9s
   89       481.1       119.9    0.3631    -7.3646  random             1.3s
  [probe] gen=90 score=302.5 net=2.093 fell=1.000
   90       521.7        45.8    0.3628    -6.5425  random             1.2s
   91       359.9       123.7    0.3626   -11.2551  random             0.9s
   92       458.0        85.7    0.3622   -10.8611  random             1.1s
   93       355.7        50.8    0.3618   -11.4764  random             1.0s
   94       464.7        57.4    0.3615   -10.9531  random             1.0s
   95       408.7        96.1    0.3613   -10.6114  random             1.2s
   96       402.2        35.1    0.3611    -7.7722  random             1.3s
   97       520.5        50.6    0.3609    -6.9342  random             1.2s
   98       504.5       136.3    0.3607    -8.0033  random             1.2s
   99       582.1       137.0    0.3605    -6.8351  random             1.3s
  [probe] gen=100 score=607.8 net=3.748 fell=1.000
  [plot] Saved fitness curve → experiments/thesis/random_variable_gravity/seed_09/fitness_curve.png
  100       588.7       135.5    0.3602    -9.6838  random             1.1s
  101       488.5        73.6    0.3599    -9.6581  random             0.9s
  102       788.7       154.3    0.3595    -6.3922  random             1.2s
  103       636.7       101.3    0.3592    -7.7288  random             1.1s
  104       564.0       148.9    0.3589    -6.6369  random             1.2s
  105       371.6        72.4    0.3586   -11.1693  random             1.0s
  106       528.1       135.5    0.3581    -9.7685  random             1.1s
  107       426.6        39.7    0.3577   -11.4985  random             0.9s
  108       608.5       111.1    0.3574    -9.9622  random             1.1s
  109       425.2        74.0    0.3572   -11.1573  random             1.0s
  [probe] gen=110 score=394.4 net=2.459 fell=1.000
  110       555.1       154.6    0.3570    -6.0988  random             1.5s
  111       532.6       153.2    0.3568    -9.0952  random             1.2s
  112       584.4       178.2    0.3566    -6.5189  random             1.3s
  113       371.3       147.8    0.3565   -11.8579  random             1.0s
  114       683.8        18.9    0.3564    -8.3385  random             1.4s
  115       650.6       220.3    0.3563    -6.8070  random             1.4s
  116       527.7       163.9    0.3561   -11.8706  random             1.1s
  117       445.7       100.5    0.3562   -10.8087  random             1.3s
  118       570.0       100.0    0.3563    -7.1034  random             1.4s
  119       404.2       129.4    0.3564   -10.3889  random             1.1s
  [probe] gen=120 score=616.8 net=3.259 fell=1.000
  120       651.3       184.6    0.3566    -8.9544  random             1.4s
  121       657.6       169.9    0.3570    -6.0597  random             1.4s
  122       527.8       203.0    0.3573    -8.6784  random             1.1s
  123       651.0       224.2    0.3577    -7.5046  random             1.4s
  124       842.8       216.4    0.3579    -6.1303  random             1.4s
  [plot] Saved fitness curve → experiments/thesis/random_variable_gravity/seed_09/fitness_curve.png
  125       400.6       132.5    0.3584   -11.1603  random             0.9s
  126       477.1       155.1    0.3588    -8.3723  random             1.3s
  127       528.6        75.9    0.3592    -7.7616  random             1.4s
  128       496.2       180.4    0.3595    -6.3373  random             1.3s
  129       482.0       177.9    0.3598    -6.9547  random             1.2s
  [probe] gen=130 score=349.5 net=2.276 fell=1.000
  130       437.5       182.1    0.3601    -8.8337  random             1.2s
  131       713.8       180.9    0.3606    -9.9159  random             1.1s
  132       539.4       172.6    0.3609    -9.8935  random             1.2s
  133       709.0       175.6    0.3611    -7.0810  random             1.4s
  134       579.2       204.6    0.3612    -7.8604  random             1.3s
  135       637.7       205.9    0.3614    -7.8845  random             1.4s
  136       748.4       258.6    0.3615    -6.3388  random             1.6s
  137       732.7       173.6    0.3613    -8.2763  random             1.2s
  138       474.8       162.4    0.3614    -6.4053  random             1.4s
  139       600.6       240.7    0.3614    -8.7188  random             1.2s
  [probe] gen=140 score=434.0 net=2.603 fell=1.000
  140       428.5        99.7    0.3614   -10.4823  random             0.9s
  141       500.7       117.7    0.3614    -8.4838  random             1.2s
  142       677.1       215.1    0.3613    -6.0825  random             1.4s
  143       648.0       235.2    0.3614    -6.0302  random             1.3s
  144       554.6       109.3    0.3613    -9.0813  random             1.1s
  145       483.7       143.2    0.3612    -9.4941  random             1.2s
  146       762.0       236.7    0.3611    -7.0591  random             1.4s
  147       572.3       133.4    0.3611    -8.1661  random             1.3s
  148       419.9       110.0    0.3610    -9.2336  random             1.1s
  149       512.0        82.6    0.3609    -6.5575  random             1.3s
  [probe] gen=150 score=366.0 net=2.192 fell=1.000
  [plot] Saved fitness curve → experiments/thesis/random_variable_gravity/seed_09/fitness_curve.png
  150       563.6       184.4    0.3607    -8.5742  random             1.1s
  151       590.8       189.7    0.3604    -8.9665  random             1.0s
  152       646.7       201.1    0.3601    -7.3280  random             1.3s
  153       656.9        55.4    0.3598   -10.7896  random             1.2s
  154      1017.8       203.9    0.3594    -6.7070  random             1.4s
  155       886.4       298.5    0.3590    -6.8351  random             1.5s
  156       715.0       177.5    0.3587    -8.9683  random             1.3s
  157       780.1       257.7    0.3585    -7.8337  random             1.3s
  158       547.3        35.7    0.3583    -9.6615  random             1.1s
  159       709.1       229.4    0.3581    -7.6644  random             1.5s
  [probe] gen=160 score=0.4 net=0.664 fell=1.000
  160       545.5       173.9    0.3578   -10.8729  random             1.1s
  161       790.1       281.6    0.3576    -6.5896  random             1.5s
  162       663.8        64.1    0.3575    -7.7748  random             1.2s
  163       632.5       172.3    0.3574   -11.9857  random             1.0s
  164       547.3       137.8    0.3572   -11.7715  random             0.9s
  165       575.8       173.7    0.3571    -8.4753  random             1.2s
  166       557.7       217.8    0.3570    -8.7553  random             1.2s
  167       475.7       121.1    0.3568    -9.4199  random             1.2s
  168       790.2       198.7    0.3567    -8.3134  random             1.3s
  169       739.6       267.4    0.3566    -8.7183  random             1.2s
  [probe] gen=170 score=637.2 net=3.658 fell=1.000
  170       805.5       172.6    0.3563    -6.1737  random             1.3s
  171       749.6       165.3    0.3561    -8.2966  random             1.3s
  172       568.4       185.2    0.3557   -10.1344  random             1.2s
  173       585.0       214.0    0.3554   -10.6969  random             1.3s
  174       707.7       117.3    0.3552   -10.5152  random             1.1s
  [plot] Saved fitness curve → experiments/thesis/random_variable_gravity/seed_09/fitness_curve.png
  175       796.9       341.4    0.3549    -6.7392  random             1.5s
  176       957.7       211.7    0.3547    -7.7990  random             1.4s
  177       867.5       254.3    0.3545    -8.5271  random             1.4s
  178       812.2       304.9    0.3543    -6.0585  random             1.6s
  179      1024.3       398.8    0.3540    -6.4348  random             1.8s
  [probe] gen=180 score=818.3 net=4.869 fell=1.000
  180       729.2       122.1    0.3539   -11.8697  random             1.1s
  181       775.5       116.2    0.3539   -10.9132  random             1.2s
  182      1043.2       359.9    0.3536    -6.6893  random             1.7s
  183      1495.7       266.6    0.3533    -7.5204  random             1.6s
  184      1259.8       303.6    0.3529    -6.9611  random             1.6s
  185       961.1       186.7    0.3526    -8.4676  random             1.3s
  186       665.1        88.0    0.3524   -11.4277  random             1.1s
  187      1027.8       343.5    0.3521    -6.4087  random             1.7s
  188      1270.4       288.5    0.3520    -7.2733  random             1.7s
  189       628.0       200.5    0.3518   -10.8907  random             1.3s
  [probe] gen=190 score=543.9 net=3.295 fell=1.000
  190       758.1       283.4    0.3517    -8.8690  random             1.5s
  191       877.7       258.8    0.3517    -8.8027  random             1.4s
  192       987.9       242.5    0.3517   -11.2516  random             1.3s
  193       924.7       251.2    0.3517   -10.0606  random             1.4s
  194       967.1       255.4    0.3519   -10.0262  random             1.5s
  195       833.9       252.7    0.3521   -10.1236  random             1.4s
  196      1138.5       296.3    0.3523    -6.1371  random             1.6s
  197      1124.3       286.2    0.3526    -7.1660  random             1.6s
  198      1044.6       372.6    0.3527    -7.1816  random             1.7s
  199       958.9       267.9    0.3528    -8.8311  random             1.2s
  [probe] gen=200 score=713.5 net=3.893 fell=1.000
  [plot] Saved fitness curve → experiments/thesis/random_variable_gravity/seed_09/fitness_curve.png
  200      1312.6       512.7    0.3530    -6.3830  random             1.8s
  201      1615.8       429.4    0.3533    -6.2244  random             1.9s
  202      1635.7       344.1    0.3536   -11.1718  random             1.1s
  203      1618.0       397.9    0.3538    -8.0394  random             1.7s
  204      1199.1       255.5    0.3541    -9.6783  random             1.4s
  205       970.1       341.6    0.3546    -7.9775  random             1.8s
  206      1361.4       467.3    0.3550    -6.4827  random             1.9s
  207      1327.3       361.4    0.3553    -7.9168  random             1.8s
  208      1658.3       475.4    0.3555    -7.8010  random             1.9s
  209      1430.0       289.7    0.3559    -9.7752  random             1.5s
  [probe] gen=210 score=836.1 net=4.983 fell=1.000
  210      1559.2       488.2    0.3561    -6.7236  random             2.0s
  211      1537.0       547.1    0.3565    -6.9195  random             2.0s
  212      1852.4       308.6    0.3569   -10.1290  random             1.7s
  213      1609.3       404.5    0.3572    -7.2197  random             2.0s
  214      1463.4       357.6    0.3574    -8.3559  random             1.5s
  215      1465.7       501.3    0.3576    -7.5467  random             1.9s
  216      1251.7       333.8    0.3577   -10.8406  random             1.6s
  217      1248.6       261.0    0.3577   -11.3807  random             1.3s
  218      1475.7       331.3    0.3578   -11.2157  random             1.5s
  219      1447.0       346.4    0.3578    -9.4548  random             1.8s
  [probe] gen=220 score=446.1 net=2.951 fell=1.000
  220      1200.2       383.5    0.3578    -8.5053  random             1.9s
  221      1424.4       367.9    0.3578    -6.3522  random             1.8s
  222      1010.6       231.0    0.3576   -11.4904  random             1.4s
  223      1563.0       441.8    0.3575    -6.8554  random             1.8s
  224      1504.0       539.3    0.3575    -7.7181  random             1.9s
  [plot] Saved fitness curve → experiments/thesis/random_variable_gravity/seed_09/fitness_curve.png
  225      1809.8       525.3    0.3576    -7.0050  random             1.9s
  226      1671.6       477.3    0.3577    -6.4023  random             2.0s
  227      1444.1       562.6    0.3578    -7.6769  random             1.9s
  228      1716.1       519.4    0.3579    -6.4274  random             1.9s
  229      1134.8       371.3    0.3580   -11.3165  random             1.5s
  [probe] gen=230 score=1151.5 net=5.202 fell=0.100
  230      1210.4       387.6    0.3581    -9.8115  random             1.8s
  231      1394.0       515.6    0.3581    -7.4449  random             2.0s
  232       748.6       245.0    0.3583   -11.4729  random             1.1s
  233      1281.6       390.4    0.3583   -11.4966  random             1.6s
  234      1463.4       439.5    0.3585    -7.8602  random             2.0s
  235      1683.9       450.4    0.3585   -10.5924  random             1.6s
  236      1521.9       467.5    0.3586    -9.7832  random             1.9s
  237      1285.9       430.3    0.3587   -10.3533  random             1.8s
  238      1513.9       418.6    0.3587    -7.2200  random             1.9s
  239      1819.5       467.3    0.3586    -8.5318  random             1.9s
  [probe] gen=240 score=1219.3 net=5.986 fell=0.300
  240      1569.8       489.3    0.3584    -9.2456  random             1.6s
  241      1936.3       562.0    0.3582    -8.3560  random             2.0s
  242      1443.1       484.8    0.3580    -7.8456  random             1.6s
  243      1494.0       672.5    0.3579    -7.2755  random             2.2s
  244      1713.2       610.6    0.3577    -7.0401  random             2.1s
  245      1585.8       461.9    0.3575   -10.1302  random             1.8s
  246      1574.0       541.8    0.3574    -7.9382  random             2.0s
  247      1600.7       682.3    0.3572    -7.6741  random             2.3s
  248       904.8       381.3    0.3570   -11.1630  random             1.5s
  249       969.6       439.2    0.3567    -9.1942  random             1.8s
  [probe] gen=250 score=671.6 net=4.319 fell=1.000
  [plot] Saved fitness curve → experiments/thesis/random_variable_gravity/seed_09/fitness_curve.png
  250      1680.8       444.2    0.3566    -6.6949  random             1.9s
  251      1167.9       385.1    0.3564   -10.2269  random             1.5s
  252      1333.6       467.8    0.3563   -10.0718  random             1.6s
  253      1297.0       485.3    0.3562   -11.1845  random             1.7s
  254      1338.2       574.2    0.3561    -8.3339  random             2.0s
  255      1309.2       408.1    0.3559   -10.9359  random             1.6s
  256      1312.0       581.1    0.3558    -7.1552  random             2.0s
  257      1233.5       526.9    0.3556    -9.0968  random             1.9s
  258      1463.1       573.9    0.3553    -8.9557  random             1.9s
  259      1408.8       557.7    0.3551    -6.0020  random             1.8s
  [probe] gen=260 score=803.8 net=4.386 fell=0.900
  260      1285.8       538.7    0.3549    -7.0958  random             1.8s
  261      1392.3       506.3    0.3547    -8.5530  random             1.9s
  262      1094.6       319.6    0.3544   -11.8641  random             1.5s
  263      1686.1       489.3    0.3543    -8.7499  random             2.1s
  264      1364.4       555.4    0.3543    -8.1104  random             1.9s
  265      1252.6       496.1    0.3542   -10.6563  random             1.8s
  266      1366.1       519.5    0.3542   -10.1803  random             1.8s
  267      1323.2       430.5    0.3541   -11.6740  random             1.8s
  268      1668.2       725.2    0.3541    -8.5711  random             2.3s
  269      1413.0       744.1    0.3539    -7.4003  random             2.3s
  [probe] gen=270 score=1690.2 net=8.755 fell=0.700
  270      1757.0       567.3    0.3540    -9.5681  random             1.9s
  271      1815.6       558.7    0.3541    -7.1530  random             1.9s
  272      1391.8       476.4    0.3540    -9.1162  random             1.9s
  273      1852.8       783.6    0.3538    -7.5017  random             2.3s
  274      1830.3       916.9    0.3535    -6.8876  random             2.4s
  [plot] Saved fitness curve → experiments/thesis/random_variable_gravity/seed_09/fitness_curve.png
  275      1394.2       625.9    0.3534   -10.6150  random             1.9s
  276      1733.6       656.7    0.3533   -11.8332  random             2.2s
  277      1279.0       368.1    0.3533   -11.7997  random             1.7s
  278      1314.6       560.3    0.3534   -10.9205  random             2.0s
  279      1648.6       406.6    0.3533    -8.3240  random             2.1s
  [probe] gen=280 score=1446.4 net=7.233 fell=1.000
  280      1588.2       528.8    0.3531    -9.4841  random             1.9s
  281      1725.1       629.2    0.3531   -11.1767  random             2.1s
  282      2054.6       903.8    0.3529    -6.2321  random             2.5s
  283      1782.6       915.7    0.3527    -6.3897  random             2.5s
  284      1766.5       688.3    0.3525    -8.6680  random             2.2s
  285      1684.4       753.7    0.3523    -9.0728  random             2.5s
  286      1548.8       589.2    0.3521   -11.0777  random             2.1s
  287      1793.1       663.4    0.3520    -8.1705  random             2.6s
  288      1501.4       561.0    0.3521   -11.5745  random             1.8s
  289      1602.0       497.4    0.3523   -10.1459  random             2.1s
  [probe] gen=290 score=857.9 net=4.882 fell=0.800
  290      1924.1       809.9    0.3525    -6.7445  random             2.6s
  291      1665.3       647.4    0.3526    -9.8022  random             2.0s
  292      1618.8       674.2    0.3529    -6.0504  random             2.1s
  293      1688.8       818.5    0.3532    -6.9939  random             2.3s
  294      1550.6       497.8    0.3535    -9.9892  random             1.8s
  295      1815.6       948.0    0.3537    -9.2336  random             2.8s
  296      1562.7       780.8    0.3539    -8.1171  random             2.5s
  297      1686.5       633.0    0.3540   -10.2003  random             2.0s
  298      1491.0       579.1    0.3539   -11.7095  random             2.0s
  299      1646.7       549.1    0.3538    -7.4007  random             2.3s
  [probe] gen=300 score=1129.1 net=6.072 fell=0.900
  [plot] Saved fitness curve → experiments/thesis/random_variable_gravity/seed_09/fitness_curve.png
  300      1694.3       795.7    0.3538    -8.9962  random             2.7s
  301      1730.8       663.3    0.3536    -7.2717  random             2.2s
  302      1749.2       592.8    0.3534    -7.7492  random             2.1s
  303      1456.2       702.0    0.3532    -6.0490  random             2.5s
  304      1653.4       697.5    0.3529    -6.9596  random             2.2s
  305      1801.4       587.6    0.3526    -9.7922  random             2.0s
  306      1751.1       551.2    0.3523   -11.4788  random             1.8s
  307      1748.2       706.1    0.3521    -8.1523  random             2.5s
  308      1567.8       727.6    0.3520    -8.4976  random             2.4s
  309      1592.4       593.6    0.3519   -10.2851  random             2.0s
  [probe] gen=310 score=1357.5 net=6.549 fell=0.200
  310      1560.0       531.3    0.3517    -9.2254  random             1.8s
  311      1628.4       659.3    0.3515    -9.2819  random             2.4s
  312      1656.1       689.4    0.3515    -9.3867  random             2.2s
  313      1693.8       701.6    0.3514    -6.1368  random             2.5s
  314      1550.0       721.9    0.3512    -8.0925  random             2.3s
  315      1797.8       838.9    0.3510    -6.4124  random             2.6s
  316      1764.5       526.6    0.3507   -11.5710  random             1.8s
  317      1705.7       597.6    0.3503   -11.0438  random             1.9s
  318      1656.6       601.6    0.3498   -11.1181  random             2.2s
  319      1754.9       562.6    0.3491    -9.8649  random             2.2s
  [probe] gen=320 score=1212.2 net=5.840 fell=0.900
  320      1481.8       664.6    0.3484   -10.2091  random             2.5s
  321      1248.2       518.7    0.3477   -10.7932  random             1.9s
  322      1476.6       570.2    0.3473   -10.6177  random             2.7s
  323      1681.2       792.1    0.3467    -7.2518  random             2.8s
  324      1899.2       788.5    0.3462    -7.1157  random             2.5s
  [plot] Saved fitness curve → experiments/thesis/random_variable_gravity/seed_09/fitness_curve.png
  325      1793.3       578.7    0.3456   -10.4724  random             2.1s
  326      1839.9       823.0    0.3449    -8.5886  random             2.8s
  327      1488.6       700.5    0.3443    -8.7366  random             2.4s
  328      1976.5       873.2    0.3438    -8.2405  random             2.6s
  329      1749.9       693.1    0.3434   -11.5573  random             2.1s
  [probe] gen=330 score=1047.4 net=5.905 fell=1.000
  330      1743.3       586.8    0.3428    -7.0128  random             2.4s
  331      1947.9       738.3    0.3423    -6.8063  random             2.2s
  332      1469.8       339.9    0.3417   -11.2333  random             1.6s
  333      1885.9       815.7    0.3412    -6.5452  random             2.4s
  334      1400.3       534.6    0.3406   -10.9364  random             1.8s
  335      1850.7       672.9    0.3401    -8.8162  random             2.2s
  336      1039.4       388.2    0.3397   -11.0009  random             1.7s
  337      1448.7       522.7    0.3394    -6.6254  random             2.3s
  338      1892.9       845.4    0.3391    -7.7060  random             2.6s
  339      1628.1       663.8    0.3387    -7.2732  random             2.1s
  [probe] gen=340 score=1059.6 net=5.098 fell=0.600
  340      1401.4       579.4    0.3383    -9.5353  random             2.1s
  341      1791.7       663.1    0.3381   -10.2567  random             2.2s
  342      1455.7       652.1    0.3379    -9.8456  random             2.2s
  343      1814.3       800.8    0.3379    -8.3672  random             2.5s
  344      1637.4       750.4    0.3378    -6.2048  random             2.5s
  345      1691.4       724.5    0.3377    -9.3366  random             2.5s
  346      1690.3       777.8    0.3376    -9.3312  random             2.4s
  347      1774.1       751.6    0.3375    -7.4698  random             2.2s
  348      1548.3       605.9    0.3373   -11.6643  random             2.0s
  349      1775.5       780.8    0.3371    -8.4930  random             2.7s
  [probe] gen=350 score=1627.1 net=7.912 fell=0.200
  [plot] Saved fitness curve → experiments/thesis/random_variable_gravity/seed_09/fitness_curve.png
  350      1813.9       441.8    0.3368   -11.8197  random             1.6s
  351      1872.9       629.4    0.3366   -10.3559  random             2.2s
  352      1735.5       854.5    0.3364    -7.1767  random             2.6s
  353      1757.7       824.9    0.3363    -6.2335  random             2.6s
  354      1584.4       688.0    0.3363    -8.9581  random             2.4s
  355      1778.3       795.2    0.3362    -6.9871  random             2.6s
  356      1881.2       745.5    0.3363    -6.6320  random             2.4s
  357      1635.6       759.3    0.3362    -9.7333  random             2.4s
  358      1744.9       848.0    0.3361    -7.1259  random             2.7s
  359      1568.1       564.7    0.3359    -9.5227  random             1.9s
  [probe] gen=360 score=436.5 net=2.934 fell=1.000
  360      2015.0       774.6    0.3357    -7.2690  random             2.6s
  361      1852.9       919.9    0.3355    -7.7455  random             2.6s
  362      1906.0       917.8    0.3351    -6.0561  random             2.7s
  363      1767.6       749.8    0.3348    -9.1596  random             2.4s
  364      1882.7       771.3    0.3344    -7.2222  random             2.3s
  365      1699.0       839.5    0.3338    -8.3921  random             2.4s
  366      1960.9       906.2    0.3334    -7.3449  random             2.7s
  367      1962.3       935.5    0.3330    -6.9509  random             2.5s
  368      1841.0       977.2    0.3327    -6.3072  random             2.5s
  369      1781.9       791.8    0.3324    -8.0491  random             2.1s
  [probe] gen=370 score=513.9 net=3.335 fell=1.000
  370      1966.2       787.0    0.3322    -7.1111  random             2.3s
  371      1957.8       903.4    0.3321    -6.8507  random             2.4s
  372      1809.8       671.1    0.3319   -10.1953  random             2.2s
  373      1850.2       891.8    0.3317    -9.2461  random             2.7s
  374      1869.7       687.6    0.3315    -9.6980  random             2.3s
  [plot] Saved fitness curve → experiments/thesis/random_variable_gravity/seed_09/fitness_curve.png
  375      1747.2       511.7    0.3312   -10.6127  random             1.9s
  376      1889.1       857.6    0.3310    -6.4746  random             2.4s
  377      1785.4       601.6    0.3309   -10.9564  random             2.0s
  378      1720.6       824.6    0.3309    -7.4150  random             2.8s
  379      1738.2       615.0    0.3308   -11.9938  random             2.2s
  [probe] gen=380 score=1280.1 net=6.879 fell=0.900
  380      1696.3       743.7    0.3307    -9.5409  random             2.5s
  381      1410.2       559.5    0.3306   -11.0998  random             2.0s
  382      1648.5       632.6    0.3304    -9.0060  random             2.3s
  383      1707.4       803.7    0.3302    -6.7226  random             2.8s
  384      1723.3       932.6    0.3301    -7.2568  random             2.8s
  385      1686.3       592.6    0.3300   -10.3394  random             2.0s
  386      1709.1       769.9    0.3297    -7.8387  random             2.5s
  387      1658.7       776.7    0.3294    -7.0869  random             2.4s
  388      1602.3       603.0    0.3292    -9.7577  random             2.0s
  389      1712.1       858.1    0.3288    -8.9236  random             2.4s
  [probe] gen=390 score=847.9 net=5.037 fell=1.000
  390      1878.0       755.9    0.3286    -7.1796  random             2.6s
  391      1742.9       645.7    0.3285    -7.6536  random             1.9s
  392      1614.1       733.0    0.3283    -9.1714  random             2.2s
  393      1314.1       407.0    0.3281   -11.9114  random             1.6s
  394      1730.3       610.0    0.3278    -6.1426  random             2.5s
  395      1427.1       578.3    0.3275   -11.4785  random             2.4s
  396      1740.6       767.0    0.3270    -8.8862  random             2.3s
  397      1763.0       793.6    0.3266    -8.6814  random             2.4s
  398      1862.1       569.8    0.3264   -11.3124  random             1.9s
  399      1856.9       739.4    0.3261    -7.0286  random             2.4s
  [probe] gen=400 score=1244.1 net=6.838 fell=0.600
  [plot] Saved fitness curve → experiments/thesis/random_variable_gravity/seed_09/fitness_curve.png
  400      1771.5       744.1    0.3257    -9.0846  random             2.2s
  401      1597.0       716.7    0.3253    -7.3021  random             2.3s
  402      2022.9       694.7    0.3249    -7.2177  random             2.2s
  403      1601.6       525.0    0.3245   -11.3358  random             1.8s
  404      1598.8       644.3    0.3240   -11.0392  random             2.2s
  405      1613.4       657.2    0.3236    -8.8090  random             2.5s
  406      1612.1       678.8    0.3231   -11.6908  random             2.5s
  407      1751.7       651.2    0.3228    -8.0417  random             2.5s
  408      1608.3       716.8    0.3226    -9.2331  random             2.3s
  409      1571.5       639.2    0.3225    -7.5869  random             2.3s
  [probe] gen=410 score=1500.7 net=7.080 fell=0.100
  410      1466.3       839.0    0.3223   -10.2186  random             2.6s
  411      1731.1       900.1    0.3222    -9.0243  random             2.7s
  412      1628.1       807.4    0.3221    -7.6352  random             2.4s
  413      1477.5       568.7    0.3220    -8.9151  random             2.1s
  414      1557.9       552.9    0.3220   -11.6003  random             2.3s
  415      1665.7       561.9    0.3221   -11.1863  random             2.3s
  416      1533.7       639.1    0.3221    -8.0512  random             2.2s
  417      1574.2       691.1    0.3222    -8.9867  random             2.5s
  418      1708.1       741.3    0.3221    -6.3015  random             2.4s
  419      1900.4       916.5    0.3221    -8.1649  random             2.6s
  [probe] gen=420 score=1036.3 net=5.504 fell=0.600
  420      1711.3       741.8    0.3219    -8.3912  random             2.3s
  421      1879.2       890.3    0.3216    -7.6457  random             2.6s
  422      1835.5       918.2    0.3211    -8.3289  random             2.7s
  423      1647.3       809.9    0.3205    -9.7827  random             2.5s
  424      1750.2       645.8    0.3200   -11.0023  random             2.1s
  [plot] Saved fitness curve → experiments/thesis/random_variable_gravity/seed_09/fitness_curve.png
  425      1697.9       806.0    0.3194    -7.2697  random             2.6s
  426      1520.7       579.2    0.3188   -11.8217  random             2.0s
  427      1820.9       810.8    0.3181    -6.8164  random             2.5s
  428      1778.3       917.7    0.3175    -7.2692  random             2.6s
  429      1754.1       883.6    0.3168    -7.8358  random             2.5s
  [probe] gen=430 score=590.2 net=3.696 fell=1.000
  430      1938.4       842.8    0.3162    -7.2164  random             2.5s
  431      1822.3       888.5    0.3158    -8.8717  random             2.5s
  432      1733.9       971.1    0.3152    -8.9610  random             2.7s
  433      1921.3       781.8    0.3147   -10.6436  random             2.3s
  434      1716.4       754.3    0.3142   -11.5878  random             2.4s
  435      1704.1       830.6    0.3136   -11.8492  random             2.5s
  436      1776.7       942.8    0.3133    -8.3009  random             2.9s
  437      1945.6       829.4    0.3130   -10.7930  random             2.5s
  438      1852.8       806.0    0.3127    -6.8169  random             2.7s
  439      1863.1       827.9    0.3122    -6.9578  random             2.5s
  [probe] gen=440 score=1660.6 net=8.712 fell=0.600
  440      1815.7       911.1    0.3119    -8.0341  random             2.3s
  441      1742.6       741.5    0.3116   -10.2827  random             2.2s
  442      1871.0       909.0    0.3114    -8.5682  random             2.5s
  443      1849.5       876.9    0.3112    -6.7115  random             2.4s
  444      1863.2       720.4    0.3111   -11.0813  random             2.1s
  445      1771.6      1144.9    0.3110    -9.2942  random             3.0s
  446      1835.8       908.0    0.3108    -8.1175  random             2.7s
  447      1854.3       743.8    0.3106    -6.2011  random             2.3s
  448      1762.7       707.0    0.3103   -11.4015  random             2.1s
  449      1822.1       881.4    0.3100    -9.5319  random             2.9s
  [probe] gen=450 score=1669.2 net=8.772 fell=1.000
  [plot] Saved fitness curve → experiments/thesis/random_variable_gravity/seed_09/fitness_curve.png
  450      1837.6       931.3    0.3098    -8.2375  random             2.7s
  451      1774.5      1060.8    0.3098    -9.2853  random             2.6s
  452      1894.9       849.5    0.3097    -7.5884  random             2.3s
  453      1742.6       822.2    0.3096   -10.2506  random             2.4s
  454      1806.9       836.7    0.3095    -8.3999  random             2.5s
  455      1706.2       707.3    0.3094    -6.8906  random             2.3s
  456      1867.2       890.1    0.3095   -10.3921  random             2.6s
  457      1933.1       825.5    0.3096    -7.5230  random             2.7s
  458      1904.9       949.8    0.3097    -7.8590  random             2.5s
  459      1892.5       711.6    0.3097   -10.7159  random             2.2s
  [probe] gen=460 score=619.7 net=3.995 fell=1.000
  460      1691.8       840.5    0.3097    -6.6476  random             2.5s
  461      1903.3       812.1    0.3096   -10.0476  random             2.3s
  462      1801.0       829.3    0.3096    -9.1780  random             2.4s
  463      1689.0       758.9    0.3094   -10.7982  random             2.2s
  464      1909.2       833.5    0.3094    -6.5726  random             2.4s
  465      1700.8       650.0    0.3093   -11.2773  random             2.0s
  466      1863.3       674.3    0.3091    -9.5454  random             2.3s
  467      1824.3       750.4    0.3087   -11.9365  random             2.1s
  468      1811.1       849.0    0.3084    -7.0438  random             2.6s
  469      1846.6       808.0    0.3081    -7.9659  random             2.2s
  [probe] gen=470 score=471.2 net=3.170 fell=1.000
  470      1735.4       879.0    0.3078    -6.1775  random             2.4s
  471      1667.0       614.8    0.3074   -11.6340  random             1.7s
  472      1628.4       751.5    0.3071   -11.6147  random             2.3s
  473      1638.2       763.1    0.3066    -9.4436  random             2.5s
  474      1770.6       796.3    0.3061   -10.9765  random             2.6s
  [plot] Saved fitness curve → experiments/thesis/random_variable_gravity/seed_09/fitness_curve.png
  475      1721.7       817.5    0.3055    -7.5473  random             2.7s
  476      1764.1       900.1    0.3050    -7.9704  random             2.6s
  477      1809.7       734.7    0.3045    -7.6722  random             2.3s
  478      1867.7       809.3    0.3042   -10.3829  random             2.2s
  479      1853.5       689.2    0.3038   -10.6366  random             2.0s
  [probe] gen=480 score=656.1 net=3.824 fell=0.900
  480      1753.9       726.1    0.3036    -6.7717  random             2.4s
  481      1834.7       796.0    0.3033   -10.2340  random             2.1s
  482      1731.8       903.9    0.3029    -9.0333  random             2.6s
  483      1708.5       833.2    0.3027   -11.0702  random             2.4s
  484      1782.9       859.7    0.3024   -10.5636  random             2.6s
  485      1800.2       980.2    0.3022    -9.5546  random             2.8s
  486      1843.4      1005.2    0.3019    -8.0948  random             2.9s
  487      1785.4      1020.9    0.3018    -7.6053  random             2.7s
  488      1752.7       958.0    0.3016    -8.5740  random             2.8s
  489      1679.4      1048.8    0.3016    -7.1687  random             2.9s
  [probe] gen=490 score=1390.1 net=6.731 fell=0.500
  490      1683.3       768.9    0.3016   -11.1539  random             2.4s
  491      1706.0       994.6    0.3016    -9.7306  random             2.7s
  492      1752.0      1091.2    0.3017    -6.8037  random             3.1s
  493      1602.2       901.9    0.3018    -9.1029  random             2.5s
  494      1605.9       742.7    0.3018   -11.6945  random             2.3s
  495      1474.6       695.4    0.3017    -6.4265  random             2.6s
  496      1857.0       981.2    0.3016    -9.6280  random             2.8s
  497      1960.3       967.3    0.3015    -7.6631  random             2.6s
  498      1681.6       689.4    0.3015   -11.2251  random             1.7s
  499      1831.9      1086.3    0.3015    -6.0436  random             3.1s
  [plot] Saved fitness curve → experiments/thesis/random_variable_gravity/seed_09/fitness_curve.png

Training complete. Best fitness: 2054.6
Best params → experiments/thesis/random_variable_gravity/seed_09/checkpoints/best_params.npy
Fitness curve → experiments/thesis/random_variable_gravity/seed_09/fitness_curve.png
Final Earth scorecard | score=732.3 net=4.574 fell=1.000
Gravity sweep | gravities=5 mean_net=5.730 worst_net=2.456
  [exp] Wrote experiments/thesis/random_variable_gravity/seed_09/experiment.json
  [exp] Wrote experiments/thesis/random_variable_gravity/seed_09/training_log.csv
  [exp] Wrote experiments/thesis/random_variable_gravity/seed_09/earth_probe.csv
  [exp] Wrote experiments/thesis/random_variable_gravity/seed_09/gravity_sweep.csv
  [exp] Wrote experiments/thesis/random_variable_gravity/seed_09/summary.json
