Walker2d-v5 | policy=CPG  params=504
CPGPolicy  |  total params = 504
  Joint       Amplitude  Freq(rad/step)   Phase(deg)
  --------------------------------------------------
  R-thigh         0.500          0.6931          0.0°
  R-leg           0.500          0.6931          0.0°
  R-foot          0.500          0.6931          0.0°
  L-thigh         0.500          0.6931          0.0°
  L-leg           0.500          0.6931          0.0°
  L-foot          0.500          0.6931          0.0°

  Feedback MLP hidden=16  correction_scale=0.5
Run context | seed=6 arm=fixed_gravity run_id=fixed_gravity_seed_06

Starting from structured scratch prior (no warm-start checkpoint).
Schedule | penalty_min=0.20 penalty_ramp_gen=200 corr_min=0.00 corr_max=0.50 corr_ramp_gen=200

Starting CMA-ES | pop=40 | sigma0=0.5 | max_gen=500 | workers=8 | seed=6

  Gen        Best        Mean     Sigma    Pen   Corr     Time
------------------------------------------------------------------
  [probe] gen=0 score=-295.4 net=-0.073 fell=1.000
  [plot] Saved fitness curve → fitness_curve_cpg.png
    0       -57.6       -81.3    0.4902   0.20   0.00     1.5s
    1       -62.8       -78.6    0.4818   0.20   0.00     0.1s
    2       -48.2       -79.0    0.4744   0.21   0.01     0.2s
    3       -40.9       -74.7    0.4677   0.21   0.01     0.2s
    4       -50.9       -76.4    0.4615   0.22   0.01     0.2s
    5       -22.3       -74.8    0.4558   0.22   0.01     0.2s
    6       -31.9       -69.8    0.4504   0.22   0.01     0.2s
    7       -43.8       -67.1    0.4454   0.23   0.02     0.2s
    8       -41.1       -69.6    0.4410   0.23   0.02     0.2s
    9       -16.2       -63.9    0.4370   0.24   0.02     0.2s
  [probe] gen=10 score=-197.6 net=0.098 fell=1.000
   10       -16.8       -63.3    0.4333   0.24   0.03     0.2s
   11        28.2       -59.9    0.4299   0.24   0.03     0.2s
   12       138.8       -42.1    0.4267   0.25   0.03     0.4s
   13       123.2       -40.6    0.4238   0.25   0.03     0.3s
   14       142.7       -26.4    0.4212   0.26   0.04     0.4s
   15       146.3       -12.2    0.4188   0.26   0.04     0.4s
   16       152.7         4.2    0.4165   0.26   0.04     0.4s
   17       155.6        29.4    0.4143   0.27   0.04     0.6s
   18       147.1        36.0    0.4123   0.27   0.04     0.6s
   19       146.8        27.2    0.4106   0.28   0.05     0.6s
  [probe] gen=20 score=23.3 net=0.991 fell=1.000
   20       154.7        48.7    0.4087   0.28   0.05     0.6s
   21       172.0        59.9    0.4069   0.28   0.05     0.6s
   22       163.6        66.0    0.4051   0.29   0.06     0.6s
   23       165.1        58.6    0.4037   0.29   0.06     0.6s
   24       172.5        44.7    0.4021   0.30   0.06     0.7s
  [plot] Saved fitness curve → fitness_curve_cpg.png
   25       155.9         8.1    0.4005   0.30   0.06     0.7s
   26       163.7        98.2    0.3988   0.30   0.07     0.6s
   27       153.4        84.2    0.3972   0.31   0.07     0.6s
   28       171.8        97.4    0.3957   0.31   0.07     0.7s
   29       161.8        16.6    0.3943   0.32   0.07     0.7s
  [probe] gen=30 score=35.5 net=1.005 fell=1.000
   30       160.0        74.9    0.3931   0.32   0.07     0.6s
   31       156.3        75.3    0.3919   0.32   0.08     0.6s
   32       175.2        81.1    0.3908   0.33   0.08     0.7s
   33       191.5        65.7    0.3897   0.33   0.08     0.7s
   34       254.3        43.5    0.3887   0.34   0.09     0.7s
   35       159.2        30.5    0.3877   0.34   0.09     0.7s
   36       164.5        63.0    0.3868   0.34   0.09     0.7s
   37       161.4        89.0    0.3859   0.35   0.09     0.7s
   38       165.8        69.0    0.3851   0.35   0.10     0.8s
   39       168.3        53.6    0.3842   0.36   0.10     0.8s
  [probe] gen=40 score=-21.4 net=0.641 fell=1.000
   40       172.5        43.9    0.3833   0.36   0.10     0.9s
   41       156.6        24.1    0.3824   0.36   0.10     0.8s
   42       167.3        49.9    0.3815   0.37   0.10     0.8s
   43       164.2        35.1    0.3808   0.37   0.11     0.7s
   44       190.3        93.7    0.3802   0.38   0.11     0.8s
   45       177.2        55.7    0.3798   0.38   0.11     0.9s
   46       210.4        33.2    0.3794   0.38   0.12     0.8s
   47       174.8        34.1    0.3791   0.39   0.12     0.9s
   48       189.4         4.6    0.3789   0.39   0.12     0.8s
   49       181.8        27.4    0.3786   0.40   0.12     0.8s
  [probe] gen=50 score=49.9 net=1.060 fell=1.000
  [plot] Saved fitness curve → fitness_curve_cpg.png
   50       187.5        17.5    0.3785   0.40   0.12     0.8s
   51       172.7        36.2    0.3784   0.40   0.13     0.8s
   52       187.6        49.3    0.3782   0.41   0.13     0.8s
   53       303.2        46.2    0.3782   0.41   0.13     0.8s
   54       207.2        30.9    0.3781   0.42   0.14     0.9s
   55       161.2        -1.9    0.3782   0.42   0.14     0.8s
   56       271.4        58.7    0.3784   0.42   0.14     0.8s
   57       277.3        81.7    0.3785   0.43   0.14     0.8s
   58       281.7        70.8    0.3786   0.43   0.14     0.8s
   59       272.5        28.4    0.3787   0.44   0.15     0.8s
  [probe] gen=60 score=177.3 net=1.527 fell=1.000
   60       294.1        33.9    0.3790   0.44   0.15     0.8s
   61       252.0         4.8    0.3792   0.44   0.15     0.7s
   62       305.4        79.6    0.3795   0.45   0.15     0.8s
   63       297.6        74.1    0.3797   0.45   0.16     0.9s
   64       323.9        66.9    0.3799   0.46   0.16     0.8s
   65       307.2        53.0    0.3800   0.46   0.16     0.8s
   66       295.2        17.3    0.3800   0.46   0.17     0.8s
   67       317.5        76.9    0.3800   0.47   0.17     0.9s
   68       315.0        92.0    0.3801   0.47   0.17     0.9s
   69       277.6        36.4    0.3801   0.48   0.17     0.9s
  [probe] gen=70 score=114.3 net=1.221 fell=1.000
   70       186.7        23.8    0.3800   0.48   0.17     0.9s
   71       308.3        85.8    0.3799   0.48   0.18     0.9s
   72       317.1        68.3    0.3798   0.49   0.18     0.9s
   73       313.4        33.9    0.3799   0.49   0.18     0.9s
   74       327.6        22.4    0.3798   0.50   0.18     0.8s
  [plot] Saved fitness curve → fitness_curve_cpg.png
   75       312.2        18.5    0.3797   0.50   0.19     0.9s
   76       268.0        24.0    0.3796   0.50   0.19     0.9s
   77       314.7        48.5    0.3793   0.51   0.19     0.8s
   78       318.6        71.8    0.3790   0.51   0.20     1.0s
   79       333.9        43.6    0.3787   0.52   0.20     0.8s
  [probe] gen=80 score=49.6 net=0.897 fell=1.000
   80       300.4        71.9    0.3785   0.52   0.20     0.9s
   81       310.2        47.6    0.3782   0.52   0.20     0.9s
   82       234.5        28.9    0.3781   0.53   0.20     0.9s
   83       314.9        22.6    0.3779   0.53   0.21     0.8s
   84       284.3        45.8    0.3778   0.54   0.21     0.8s
   85       335.2        66.9    0.3777   0.54   0.21     0.8s
   86       295.7        42.3    0.3776   0.54   0.21     0.8s
   87       285.0        32.7    0.3774   0.55   0.22     0.8s
   88       326.5        80.0    0.3774   0.55   0.22     0.8s
   89       292.1        27.2    0.3771   0.56   0.22     0.8s
  [probe] gen=90 score=121.9 net=1.109 fell=1.000
   90       366.2        44.8    0.3768   0.56   0.23     0.8s
   91       338.7        35.0    0.3766   0.56   0.23     0.7s
   92       311.7        -6.0    0.3766   0.57   0.23     0.8s
   93       270.8        52.7    0.3765   0.57   0.23     0.8s
   94       242.1        13.8    0.3765   0.58   0.23     0.7s
   95       327.8        48.0    0.3765   0.58   0.24     0.8s
   96       317.6        19.8    0.3765   0.58   0.24     0.9s
   97       317.5        23.4    0.3765   0.59   0.24     0.8s
   98       344.2        48.4    0.3767   0.59   0.24     0.9s
   99       316.1        46.3    0.3768   0.60   0.25     0.8s
  [probe] gen=100 score=273.5 net=1.952 fell=1.000
  [plot] Saved fitness curve → fitness_curve_cpg.png
  100       302.2        39.4    0.3768   0.60   0.25     0.8s
  101       272.3        85.3    0.3767   0.60   0.25     0.8s
  102       305.8        15.8    0.3765   0.61   0.26     0.8s
  103       277.4        35.2    0.3764   0.61   0.26     0.8s
  104       333.0        61.6    0.3766   0.62   0.26     0.8s
  105       271.3        48.0    0.3769   0.62   0.26     0.8s
  106       300.8        23.4    0.3773   0.62   0.27     0.8s
  107       313.0        49.7    0.3775   0.63   0.27     0.8s
  108       282.7        24.8    0.3778   0.63   0.27     0.8s
  109       287.3        34.1    0.3782   0.64   0.27     0.9s
  [probe] gen=110 score=298.4 net=2.030 fell=1.000
  110       313.1        44.2    0.3784   0.64   0.28     0.9s
  111       330.8        18.8    0.3786   0.64   0.28     0.9s
  112       291.2        25.6    0.3788   0.65   0.28     0.8s
  113       315.1        19.8    0.3790   0.65   0.28     0.8s
  114       297.5         0.4    0.3790   0.66   0.28     0.8s
  115       283.8        64.7    0.3792   0.66   0.29     0.8s
  116       309.5        42.1    0.3794   0.66   0.29     0.8s
  117       301.2        31.4    0.3795   0.67   0.29     0.9s
  118       337.1       -30.4    0.3796   0.67   0.29     0.7s
  119       267.9       -23.6    0.3797   0.68   0.30     0.9s
  [probe] gen=120 score=305.0 net=2.105 fell=1.000
  120       357.1        69.5    0.3797   0.68   0.30     0.9s
  121       279.3        40.7    0.3796   0.68   0.30     0.8s
  122       286.0        35.4    0.3795   0.69   0.30     0.8s
  123       309.4        36.7    0.3794   0.69   0.31     0.9s
  124       294.7        -1.7    0.3791   0.70   0.31     0.8s
  [plot] Saved fitness curve → fitness_curve_cpg.png
  125       323.8        57.3    0.3788   0.70   0.31     0.9s
  126       338.0        20.9    0.3786   0.70   0.32     0.8s
  127       346.2        29.9    0.3783   0.71   0.32     0.9s
  128       336.8        40.7    0.3778   0.71   0.32     0.9s
  129       316.3         0.8    0.3775   0.72   0.32     0.8s
  [probe] gen=130 score=137.7 net=1.259 fell=1.000
  130       293.9       -29.5    0.3773   0.72   0.33     0.9s
  131       300.6        19.7    0.3771   0.72   0.33     0.8s
  132       348.6        26.8    0.3771   0.73   0.33     0.9s
  133       321.7        -8.4    0.3772   0.73   0.33     0.8s
  134       275.3       -21.3    0.3773   0.74   0.34     0.9s
  135       314.4        54.6    0.3773   0.74   0.34     0.9s
  136       292.6       -12.1    0.3774   0.74   0.34     0.9s
  137       266.2        47.8    0.3774   0.75   0.34     0.8s
  138       337.1       -12.0    0.3775   0.75   0.34     0.9s
  139       294.7        44.7    0.3777   0.76   0.35     0.8s
  [probe] gen=140 score=-4.3 net=0.492 fell=1.000
  140       355.0        85.0    0.3779   0.76   0.35     0.9s
  141       278.5        57.8    0.3779   0.76   0.35     0.9s
  142       285.4        -9.6    0.3779   0.77   0.35     0.8s
  143       274.6        46.2    0.3778   0.77   0.36     0.8s
  144       333.8        60.5    0.3776   0.78   0.36     0.9s
  145       274.2         2.8    0.3774   0.78   0.36     0.9s
  146       428.8        38.4    0.3774   0.78   0.36     0.9s
  147       308.5        28.3    0.3773   0.79   0.37     0.9s
  148       329.8        36.1    0.3771   0.79   0.37     0.8s
  149       388.8        48.8    0.3771   0.80   0.37     0.9s
  [probe] gen=150 score=240.1 net=1.673 fell=1.000
  [plot] Saved fitness curve → fitness_curve_cpg.png
  150       304.2        20.8    0.3771   0.80   0.38     0.9s
  151       336.3        46.3    0.3771   0.80   0.38     0.8s
  152       388.3         7.1    0.3770   0.81   0.38     0.9s
  153       307.4       -24.1    0.3770   0.81   0.38     0.9s
  154       268.1        68.7    0.3771   0.82   0.39     0.9s
  155       339.2        18.8    0.3771   0.82   0.39     1.0s
  156       271.7         8.4    0.3773   0.82   0.39     0.9s
  157       314.4        29.4    0.3773   0.83   0.39     0.9s
  158       347.3        62.7    0.3772   0.83   0.40     1.0s
  159       357.5       -26.7    0.3773   0.84   0.40     0.9s
  [probe] gen=160 score=65.2 net=0.770 fell=1.000
  160       408.9       100.3    0.3772   0.84   0.40     1.0s
  161       365.8       -13.8    0.3770   0.84   0.40     0.9s
  162       392.6        69.7    0.3769   0.85   0.41     1.0s
  163       356.8        52.0    0.3767   0.85   0.41     0.9s
  164       304.4        59.6    0.3766   0.86   0.41     0.9s
  165       358.9        58.5    0.3766   0.86   0.41     0.9s
  166       339.9        37.3    0.3768   0.86   0.41     1.0s
  167       409.4        15.1    0.3769   0.87   0.42     1.0s
  168       360.6       -36.9    0.3772   0.87   0.42     0.9s
  169       375.1        80.0    0.3773   0.88   0.42     1.0s
  [probe] gen=170 score=253.1 net=1.839 fell=1.000
  170       335.0        33.4    0.3774   0.88   0.42     1.0s
  171       434.7        70.6    0.3775   0.88   0.43     0.9s
  172       479.0        40.1    0.3776   0.89   0.43     1.0s
  173       302.6       -10.8    0.3776   0.89   0.43     0.8s
  174       391.5        43.3    0.3778   0.90   0.43     1.0s
  [plot] Saved fitness curve → fitness_curve_cpg.png
  175       385.8        49.7    0.3780   0.90   0.44     1.0s
  176       352.6        79.2    0.3783   0.90   0.44     0.9s
  177       313.0        -4.4    0.3784   0.91   0.44     1.0s
  178       410.6        81.0    0.3785   0.91   0.45     1.0s
  179       412.1        43.0    0.3785   0.92   0.45     0.9s
  [probe] gen=180 score=69.3 net=0.831 fell=1.000
  180       328.3        30.2    0.3784   0.92   0.45     1.0s
  181       343.2        24.1    0.3783   0.92   0.45     0.9s
  182       301.8        25.0    0.3782   0.93   0.46     0.9s
  183       330.6        85.7    0.3782   0.93   0.46     1.0s
  184       354.7        85.1    0.3782   0.94   0.46     1.0s
  185       286.3       -13.1    0.3784   0.94   0.46     0.9s
  186       345.0        56.5    0.3785   0.94   0.47     0.9s
  187       342.9       159.3    0.3788   0.95   0.47     1.0s
  188       380.8        45.4    0.3792   0.95   0.47     1.0s
  189       532.6        85.9    0.3797   0.96   0.47     1.2s
  [probe] gen=190 score=86.7 net=0.990 fell=1.000
  190       375.2        13.7    0.3803   0.96   0.47     1.1s
  191       308.3        61.6    0.3807   0.96   0.48     1.1s
  192       397.5        42.0    0.3810   0.97   0.48     1.0s
  193       440.1        44.6    0.3814   0.97   0.48     1.0s
  194       525.6        37.2    0.3818   0.98   0.48     1.2s
  195       411.0        95.9    0.3821   0.98   0.49     1.1s
  196       460.3        87.2    0.3824   0.98   0.49     1.2s
  197       463.3        16.7    0.3826   0.99   0.49     1.1s
  198       430.2       103.8    0.3828   0.99   0.49     1.0s
  199       436.6        93.0    0.3829   1.00   0.50     1.1s
  [probe] gen=200 score=229.6 net=1.401 fell=1.000
  [plot] Saved fitness curve → fitness_curve_cpg.png
  200       448.7        59.6    0.3828   1.00   0.50     1.0s
  201       413.3       123.3    0.3827   1.00   0.50     0.9s
  202       399.4       106.1    0.3826   1.00   0.50     1.2s
  203       413.2        41.2    0.3825   1.00   0.50     1.1s
  204       428.1       100.6    0.3824   1.00   0.50     1.1s
  205       516.3       122.1    0.3822   1.00   0.50     1.2s
  206       528.4       180.8    0.3819   1.00   0.50     1.1s
  207       671.4        60.5    0.3817   1.00   0.50     1.3s
  208       570.9       143.3    0.3816   1.00   0.50     1.2s
  209       512.9        73.3    0.3813   1.00   0.50     1.1s
  [probe] gen=210 score=456.8 net=2.536 fell=1.000
  210       661.4        95.5    0.3811   1.00   0.50     1.2s
  211       712.2       140.8    0.3810   1.00   0.50     1.2s
  212       583.8        59.8    0.3808   1.00   0.50     1.1s
  213       655.3       222.8    0.3809   1.00   0.50     1.4s
  214       428.1       157.2    0.3809   1.00   0.50     1.3s
  215       551.1       172.2    0.3810   1.00   0.50     1.3s
  216       638.0       118.4    0.3811   1.00   0.50     1.3s
  217       547.8       201.2    0.3812   1.00   0.50     1.3s
  218       683.7       203.1    0.3812   1.00   0.50     1.5s
  219       768.5       180.3    0.3812   1.00   0.50     1.5s
  [probe] gen=220 score=383.3 net=2.314 fell=1.000
  220       514.3       156.3    0.3811   1.00   0.50     1.4s
  221       601.2       171.9    0.3811   1.00   0.50     1.5s
  222       640.1       163.1    0.3811   1.00   0.50     1.5s
  223       551.1       194.3    0.3812   1.00   0.50     1.3s
  224       814.8       242.7    0.3813   1.00   0.50     1.9s
  [plot] Saved fitness curve → fitness_curve_cpg.png
  225       803.9       209.0    0.3815   1.00   0.50     1.7s
  226       773.1       132.4    0.3818   1.00   0.50     1.4s
  227       790.7       217.7    0.3820   1.00   0.50     1.4s
  228       890.5       183.6    0.3822   1.00   0.50     1.4s
  229       812.5       258.8    0.3823   1.00   0.50     1.9s
  [probe] gen=230 score=432.8 net=2.306 fell=0.700
  230       804.4       292.4    0.3824   1.00   0.50     2.0s
  231       857.9       226.6    0.3825   1.00   0.50     2.0s
  232       917.7       267.1    0.3826   1.00   0.50     1.8s
  233       886.4       278.6    0.3827   1.00   0.50     1.7s
  234       782.0       293.2    0.3829   1.00   0.50     1.7s
  235       805.2       307.5    0.3829   1.00   0.50     2.1s
  236       784.1       224.7    0.3831   1.00   0.50     1.8s
  237       796.3       347.3    0.3833   1.00   0.50     2.1s
  238       923.3       227.7    0.3834   1.00   0.50     1.8s
  239       775.4       270.3    0.3837   1.00   0.50     2.1s
  [probe] gen=240 score=649.6 net=2.956 fell=0.600
  240       805.7       224.6    0.3839   1.00   0.50     2.0s
  241       937.8       177.3    0.3842   1.00   0.50     1.5s
  242      1018.2       238.3    0.3845   1.00   0.50     1.7s
  243       931.3       296.1    0.3847   1.00   0.50     1.7s
  244       713.4       238.2    0.3851   1.00   0.50     1.8s
  245       817.7       242.5    0.3853   1.00   0.50     1.7s
  246       766.2       269.2    0.3854   1.00   0.50     2.1s
  247       811.9       287.9    0.3857   1.00   0.50     1.9s
  248       812.1       302.1    0.3858   1.00   0.50     2.2s
  249       707.3       173.9    0.3860   1.00   0.50     1.8s
  [probe] gen=250 score=769.6 net=3.199 fell=0.100
  [plot] Saved fitness curve → fitness_curve_cpg.png
  250       884.1       296.1    0.3861   1.00   0.50     2.1s
  251       890.6       249.4    0.3863   1.00   0.50     1.8s
  252       953.6       345.1    0.3864   1.00   0.50     2.0s
  253       973.9       292.8    0.3865   1.00   0.50     2.1s
  254       875.1       259.1    0.3868   1.00   0.50     2.0s
  255      1019.3       427.6    0.3870   1.00   0.50     2.5s
  256       874.1       248.5    0.3871   1.00   0.50     2.0s
  257       838.1       413.3    0.3872   1.00   0.50     2.4s
  258       866.7       283.0    0.3871   1.00   0.50     2.0s
  259       780.2       277.1    0.3872   1.00   0.50     1.9s
  [probe] gen=260 score=651.1 net=3.051 fell=0.700
  260       984.4       392.0    0.3872   1.00   0.50     2.2s
  261       861.9       433.6    0.3871   1.00   0.50     2.2s
  262       867.7       431.8    0.3869   1.00   0.50     2.3s
  263       965.9       370.9    0.3867   1.00   0.50     2.4s
  264       921.0       335.6    0.3866   1.00   0.50     2.2s
  265       936.2       342.9    0.3864   1.00   0.50     2.4s
  266      1013.6       297.9    0.3862   1.00   0.50     2.2s
  267       951.7       324.0    0.3858   1.00   0.50     2.1s
  268       834.4       320.7    0.3854   1.00   0.50     2.4s
  269       858.7       312.7    0.3850   1.00   0.50     2.2s
  [probe] gen=270 score=357.7 net=1.921 fell=0.600
  270       875.4       349.9    0.3845   1.00   0.50     2.3s
  271       882.0       430.9    0.3841   1.00   0.50     2.6s
  272      1048.9       450.4    0.3839   1.00   0.50     2.5s
  273       901.3       518.4    0.3837   1.00   0.50     2.7s
  274       886.5       330.2    0.3836   1.00   0.50     2.4s
  [plot] Saved fitness curve → fitness_curve_cpg.png
  275       851.5       440.7    0.3835   1.00   0.50     2.8s
  276       948.3       442.2    0.3835   1.00   0.50     2.7s
  277       906.3       419.7    0.3834   1.00   0.50     2.5s
  278       905.5       359.9    0.3833   1.00   0.50     2.3s
  279       988.9       372.6    0.3831   1.00   0.50     2.4s
  [probe] gen=280 score=809.6 net=3.700 fell=0.400
  280       948.0       532.3    0.3832   1.00   0.50     2.9s
  281      1037.5       463.1    0.3833   1.00   0.50     2.3s
  282      1185.9       452.5    0.3835   1.00   0.50     2.4s
  283       949.6       383.4    0.3836   1.00   0.50     2.3s
  284       998.2       436.8    0.3838   1.00   0.50     2.4s
  285      1011.0       372.1    0.3840   1.00   0.50     2.2s
  286       958.0       513.9    0.3842   1.00   0.50     2.5s
  287      1055.7       511.7    0.3842   1.00   0.50     2.6s
  288       968.7       396.1    0.3842   1.00   0.50     2.3s
  289      1013.6       407.2    0.3843   1.00   0.50     2.2s
  [probe] gen=290 score=891.4 net=3.793 fell=0.100
  290       982.7       349.2    0.3844   1.00   0.50     2.3s
  291       987.6       283.6    0.3843   1.00   0.50     1.9s
  292       994.3       414.6    0.3841   1.00   0.50     2.2s
  293       965.7       380.5    0.3841   1.00   0.50     2.4s
  294      1099.1       453.9    0.3840   1.00   0.50     2.5s
  295      1022.9       406.3    0.3838   1.00   0.50     2.4s
  296      1053.7       357.0    0.3835   1.00   0.50     2.2s
  297      1019.2       465.4    0.3831   1.00   0.50     2.3s
  298      1070.7       362.7    0.3826   1.00   0.50     2.2s
  299      1056.3       425.4    0.3821   1.00   0.50     2.5s
  [probe] gen=300 score=557.5 net=2.626 fell=0.700
  [plot] Saved fitness curve → fitness_curve_cpg.png
  300      1017.0       440.0    0.3817   1.00   0.50     2.5s
  301      1007.6       476.7    0.3813   1.00   0.50     2.5s
  302       982.1       381.1    0.3810   1.00   0.50     2.3s
  303       894.1       381.7    0.3806   1.00   0.50     2.4s
  304      1116.2       513.0    0.3800   1.00   0.50     2.6s
  305      1127.5       416.8    0.3795   1.00   0.50     2.4s
  306      1099.6       476.0    0.3789   1.00   0.50     2.4s
  307      1004.1       580.5    0.3784   1.00   0.50     2.8s
  308      1185.0       535.4    0.3781   1.00   0.50     2.8s
  309      1049.0       571.5    0.3778   1.00   0.50     2.6s
  [probe] gen=310 score=1004.2 net=4.474 fell=0.100
  310      1044.8       561.4    0.3777   1.00   0.50     2.7s
  311      1043.3       487.1    0.3773   1.00   0.50     2.6s
  312      1139.0       561.8    0.3770   1.00   0.50     2.6s
  313      1157.9       670.9    0.3767   1.00   0.50     3.2s
  314      1041.4       650.9    0.3763   1.00   0.50     2.9s
  315      1109.6       746.7    0.3759   1.00   0.50     3.0s
  316      1080.5       532.8    0.3754   1.00   0.50     2.5s
  317      1135.7       581.7    0.3749   1.00   0.50     2.8s
  318      1075.3       545.7    0.3745   1.00   0.50     2.7s
  319      1081.5       517.8    0.3740   1.00   0.50     2.3s
  [probe] gen=320 score=1117.4 net=5.245 fell=0.000
  320      1072.9       627.1    0.3737   1.00   0.50     2.6s
  321      1072.2       574.7    0.3733   1.00   0.50     2.3s
  322      1042.4       566.4    0.3729   1.00   0.50     2.8s
  323      1090.9       708.2    0.3724   1.00   0.50     3.0s
  324      1089.2       734.8    0.3721   1.00   0.50     3.0s
  [plot] Saved fitness curve → fitness_curve_cpg.png
  325      1112.1       629.3    0.3721   1.00   0.50     2.5s
  326      1121.5       665.7    0.3719   1.00   0.50     2.8s
  327      1151.9       638.5    0.3719   1.00   0.50     2.8s
  328      1104.9       622.4    0.3719   1.00   0.50     2.4s
  329      1068.0       588.8    0.3719   1.00   0.50     2.5s
  [probe] gen=330 score=1000.0 net=4.883 fell=0.200
  330      1191.8       575.2    0.3720   1.00   0.50     2.6s
  331      1279.7       639.3    0.3720   1.00   0.50     2.6s
  332      1172.4       676.7    0.3719   1.00   0.50     2.6s
  333      1104.7       683.4    0.3716   1.00   0.50     2.9s
  334      1204.0       610.1    0.3714   1.00   0.50     2.8s
  335      1122.5       628.0    0.3713   1.00   0.50     2.7s
  336      1090.1       614.3    0.3712   1.00   0.50     2.6s
  337      1123.6       580.1    0.3710   1.00   0.50     2.6s
  338      1083.6       710.1    0.3710   1.00   0.50     2.9s
  339      1107.9       768.0    0.3710   1.00   0.50     3.1s
  [probe] gen=340 score=987.6 net=4.518 fell=0.100
  340      1082.0       604.9    0.3709   1.00   0.50     2.5s
  341      1138.3       433.5    0.3708   1.00   0.50     2.2s
  342      1145.2       725.1    0.3706   1.00   0.50     3.0s
  343      1157.0       487.9    0.3704   1.00   0.50     2.2s
  344      1171.4       550.7    0.3703   1.00   0.50     2.5s
  345      1192.7       680.7    0.3703   1.00   0.50     2.7s
  346      1103.9       684.2    0.3703   1.00   0.50     2.8s
  347      1326.9       673.7    0.3705   1.00   0.50     2.7s
  348      1115.9       555.1    0.3707   1.00   0.50     2.3s
  349      1163.9       715.3    0.3710   1.00   0.50     2.8s
  [probe] gen=350 score=968.3 net=4.741 fell=0.200
  [plot] Saved fitness curve → fitness_curve_cpg.png
  350      1229.1       660.1    0.3713   1.00   0.50     2.6s
  351      1159.3       586.0    0.3717   1.00   0.50     2.2s
  352      1197.2       668.9    0.3723   1.00   0.50     2.7s
  353      1293.0       611.3    0.3727   1.00   0.50     2.6s
  354      1398.6       621.4    0.3730   1.00   0.50     2.5s
  355      1212.7       575.3    0.3733   1.00   0.50     2.4s
  356      1162.6       527.3    0.3735   1.00   0.50     2.2s
  357      1211.6       577.8    0.3738   1.00   0.50     2.3s
  358      1267.0       538.5    0.3741   1.00   0.50     2.3s
  359      1187.9       508.6    0.3743   1.00   0.50     2.4s
  [probe] gen=360 score=1032.9 net=5.143 fell=0.200
  360      1209.9       541.1    0.3747   1.00   0.50     2.3s
  361      1348.8       658.1    0.3750   1.00   0.50     2.7s
  362      1140.8       579.1    0.3753   1.00   0.50     2.5s
  363      1151.5       597.0    0.3757   1.00   0.50     2.5s
  364      1259.7       697.8    0.3759   1.00   0.50     2.9s
  365      1153.1       653.6    0.3761   1.00   0.50     2.7s
  366      1227.3       570.6    0.3764   1.00   0.50     2.6s
  367      1267.2       564.9    0.3767   1.00   0.50     2.5s
  368      1210.9       675.2    0.3768   1.00   0.50     2.4s
  369      1249.8       472.9    0.3770   1.00   0.50     2.1s
  [probe] gen=370 score=1130.1 net=5.148 fell=0.000
  370      1163.8       733.6    0.3771   1.00   0.50     2.8s
  371      1175.5       550.6    0.3772   1.00   0.50     2.3s
  372      1188.9       758.8    0.3773   1.00   0.50     2.9s
  373      1199.1       577.5    0.3774   1.00   0.50     2.7s
  374      1182.4       744.6    0.3774   1.00   0.50     2.9s
  [plot] Saved fitness curve → fitness_curve_cpg.png
  375      1306.4       669.0    0.3775   1.00   0.50     2.7s
  376      1143.3       669.6    0.3775   1.00   0.50     2.8s
  377      1217.3       572.7    0.3773   1.00   0.50     2.4s
  378      1205.6       750.0    0.3772   1.00   0.50     2.9s
  379      1321.4       629.1    0.3770   1.00   0.50     2.6s
  [probe] gen=380 score=1188.1 net=5.945 fell=0.400
  380      1317.8       725.5    0.3768   1.00   0.50     2.7s
  381      1272.1       760.8    0.3768   1.00   0.50     2.7s
  382      1355.3       625.1    0.3767   1.00   0.50     2.5s
  383      1227.8       753.5    0.3766   1.00   0.50     2.9s
  384      1171.3       589.4    0.3765   1.00   0.50     2.5s
  385      1217.8       723.3    0.3765   1.00   0.50     2.7s
  386      1160.0       752.1    0.3766   1.00   0.50     2.8s
  387      1338.3       633.4    0.3767   1.00   0.50     2.4s
  388      1212.0       756.9    0.3767   1.00   0.50     2.7s
  389      1121.5       646.2    0.3765   1.00   0.50     2.5s
  [probe] gen=390 score=1058.3 net=5.327 fell=0.300
  390      1232.3       692.2    0.3763   1.00   0.50     2.9s
  391      1245.8       725.8    0.3762   1.00   0.50     2.8s
  392      1222.7       820.6    0.3759   1.00   0.50     3.1s
  393      1210.2       706.9    0.3756   1.00   0.50     2.8s
  394      1228.4       767.3    0.3752   1.00   0.50     3.1s
  395      1319.3       754.3    0.3747   1.00   0.50     2.8s
  396      1319.8       679.7    0.3743   1.00   0.50     2.7s
  397      1230.0       665.9    0.3739   1.00   0.50     2.7s
  398      1230.5       633.1    0.3733   1.00   0.50     2.6s
  399      1193.4       639.7    0.3726   1.00   0.50     2.6s
  [probe] gen=400 score=1100.9 net=5.413 fell=0.300
  [plot] Saved fitness curve → fitness_curve_cpg.png
  400      1183.3       615.2    0.3719   1.00   0.50     2.5s
  401      1249.3       618.7    0.3713   1.00   0.50     2.5s
  402      1195.4       718.3    0.3706   1.00   0.50     2.6s
  403      1334.0       680.4    0.3700   1.00   0.50     2.7s
  404      1263.2       593.1    0.3692   1.00   0.50     2.5s
  405      1237.9       534.9    0.3684   1.00   0.50     2.4s
  406      1273.2       711.3    0.3675   1.00   0.50     2.8s
  407      1261.9       685.4    0.3667   1.00   0.50     2.7s
  408      1202.9       633.6    0.3659   1.00   0.50     2.5s
  409      1236.5       641.7    0.3651   1.00   0.50     2.6s
  [probe] gen=410 score=1046.6 net=5.218 fell=0.300
  410      1239.7       672.4    0.3644   1.00   0.50     2.5s
  411      1251.3       587.6    0.3636   1.00   0.50     2.4s
  412      1307.7       671.5    0.3631   1.00   0.50     2.6s
  413      1219.0       653.8    0.3626   1.00   0.50     2.7s
  414      1178.9       735.2    0.3621   1.00   0.50     2.9s
  415      1192.3       756.9    0.3616   1.00   0.50     2.9s
  416      1310.5       642.1    0.3609   1.00   0.50     2.4s
  417      1186.1       685.1    0.3605   1.00   0.50     2.5s
  418      1238.2       668.5    0.3601   1.00   0.50     2.5s
  419      1153.9       626.7    0.3597   1.00   0.50     2.5s
  [probe] gen=420 score=689.1 net=3.565 fell=0.500
  420      1160.7       596.7    0.3595   1.00   0.50     2.7s
  421      1217.2       729.6    0.3594   1.00   0.50     2.9s
  422      1199.6       651.0    0.3594   1.00   0.50     2.5s
  423      1297.4       512.7    0.3595   1.00   0.50     2.6s
  424      1267.6       768.3    0.3594   1.00   0.50     3.0s
  [plot] Saved fitness curve → fitness_curve_cpg.png
  425      1236.5       693.6    0.3593   1.00   0.50     2.9s
  426      1177.2       611.7    0.3592   1.00   0.50     2.5s
  427      1276.5       628.3    0.3592   1.00   0.50     2.6s
  428      1197.0       652.2    0.3591   1.00   0.50     2.6s
  429      1290.8       691.5    0.3590   1.00   0.50     2.7s
  [probe] gen=430 score=1080.7 net=5.210 fell=0.200
  430      1237.3       705.5    0.3591   1.00   0.50     2.4s
  431      1196.7       552.4    0.3591   1.00   0.50     2.1s
  432      1209.4       782.8    0.3593   1.00   0.50     2.9s
  433      1310.5       673.0    0.3595   1.00   0.50     2.7s
  434      1195.5       537.9    0.3596   1.00   0.50     2.3s
  435      1189.5       659.2    0.3597   1.00   0.50     2.6s
  436      1296.5       694.2    0.3597   1.00   0.50     2.7s
  437      1134.4       633.3    0.3597   1.00   0.50     2.4s
  438      1217.8       703.1    0.3598   1.00   0.50     2.6s
  439      1277.8       753.2    0.3599   1.00   0.50     2.8s
  [probe] gen=440 score=704.7 net=3.617 fell=0.300
  440      1186.8       683.3    0.3599   1.00   0.50     2.5s
  441      1233.5       758.8    0.3600   1.00   0.50     2.7s
  442      1301.6       445.7    0.3601   1.00   0.50     1.9s
  443      1145.6       526.4    0.3603   1.00   0.50     2.1s
  444      1178.8       524.9    0.3607   1.00   0.50     2.3s
  445      1264.6       587.5    0.3610   1.00   0.50     2.4s
  446      1142.1       600.0    0.3612   1.00   0.50     2.5s
  447      1232.7       711.4    0.3615   1.00   0.50     2.6s
  448      1201.8       584.9    0.3618   1.00   0.50     2.4s
  449      1181.9       733.3    0.3620   1.00   0.50     2.9s
  [probe] gen=450 score=1102.0 net=5.501 fell=0.300
  [plot] Saved fitness curve → fitness_curve_cpg.png
  450      1228.6       728.3    0.3621   1.00   0.50     2.8s
  451      1227.6       693.1    0.3623   1.00   0.50     2.7s
  452      1199.0       668.1    0.3625   1.00   0.50     2.5s
  453      1204.0       674.6    0.3627   1.00   0.50     2.7s
  454      1267.8       662.3    0.3629   1.00   0.50     2.6s
  455      1283.7       689.5    0.3631   1.00   0.50     2.6s
  456      1335.9       740.0    0.3633   1.00   0.50     2.8s
  457      1306.9       723.7    0.3637   1.00   0.50     2.7s
  458      1278.9       622.8    0.3640   1.00   0.50     2.4s
  459      1193.9       694.3    0.3643   1.00   0.50     2.7s
  [probe] gen=460 score=1182.0 net=5.652 fell=0.100
  460      1196.4       648.0    0.3644   1.00   0.50     2.5s
  461      1253.7       705.0    0.3647   1.00   0.50     2.7s
  462      1217.3       781.3    0.3649   1.00   0.50     3.0s
  463      1212.6       742.4    0.3651   1.00   0.50     2.8s
  464      1216.7       739.2    0.3653   1.00   0.50     2.9s
  465      1205.1       666.4    0.3655   1.00   0.50     2.6s
  466      1237.2       843.3    0.3656   1.00   0.50     3.1s
  467      1224.2       741.3    0.3660   1.00   0.50     2.7s
  468      1250.0       747.4    0.3664   1.00   0.50     3.0s
  469      1272.6       634.5    0.3669   1.00   0.50     2.5s
  [probe] gen=470 score=1121.2 net=5.337 fell=0.100
  470      1197.9       725.9    0.3672   1.00   0.50     2.8s
  471      1232.5       773.5    0.3674   1.00   0.50     2.7s
  472      1211.2       594.9    0.3677   1.00   0.50     2.5s
  473      1190.9       670.3    0.3681   1.00   0.50     2.7s
  474      1238.9       800.3    0.3686   1.00   0.50     2.9s
  [plot] Saved fitness curve → fitness_curve_cpg.png
  475      1174.7       729.8    0.3691   1.00   0.50     2.7s
  476      1256.0       771.3    0.3695   1.00   0.50     3.0s
  477      1256.6       710.5    0.3700   1.00   0.50     2.8s
  478      1252.4       671.1    0.3705   1.00   0.50     2.6s
  479      1237.6       759.1    0.3711   1.00   0.50     3.0s
  [probe] gen=480 score=1088.6 net=5.528 fell=0.500
  480      1229.3       749.2    0.3716   1.00   0.50     3.0s
  481      1182.9       723.5    0.3720   1.00   0.50     2.8s
  482      1137.3       697.1    0.3724   1.00   0.50     2.6s
  483      1226.7       804.5    0.3728   1.00   0.50     3.1s
  484      1199.6       733.8    0.3733   1.00   0.50     2.8s
  485      1300.4       782.0    0.3737   1.00   0.50     2.9s
  486      1273.9       662.7    0.3741   1.00   0.50     2.7s
  487      1254.5       726.2    0.3746   1.00   0.50     2.8s
  488      1248.4       706.8    0.3749   1.00   0.50     2.6s
  489      1208.9       774.8    0.3752   1.00   0.50     2.9s
  [probe] gen=490 score=1138.3 net=5.366 fell=0.100
  490      1236.3       699.2    0.3755   1.00   0.50     2.6s
  491      1249.3       814.4    0.3758   1.00   0.50     2.8s
  492      1265.3       747.9    0.3761   1.00   0.50     2.7s
  493      1220.7       781.3    0.3764   1.00   0.50     2.7s
  494      1164.0       640.6    0.3768   1.00   0.50     2.6s
  495      1215.4       713.4    0.3770   1.00   0.50     2.9s
  496      1220.9       603.2    0.3772   1.00   0.50     2.6s
  497      1246.3       709.1    0.3774   1.00   0.50     2.6s
  498      1210.7       650.3    0.3775   1.00   0.50     2.5s
  499      1286.8       733.4    0.3776   1.00   0.50     2.9s
CMA-ES stop reasons: {'maxiter': 500}
  [plot] Saved fitness curve → fitness_curve_cpg.png

Training complete. Best fitness: 1398.6
Best params → experiments/thesis/fixed_gravity/seed_06/working_checkpoints/best_params.npy
Fitness curve → fitness_curve_cpg.png
Final Earth scorecard | score=1167.0 net=6.027 fell=0.450
Gravity sweep | gravities=5 mean_net=4.974 worst_net=3.580
  [exp] Archived → experiments/thesis/fixed_gravity/seed_06/
  [exp] Wrote experiments/thesis/fixed_gravity/seed_06/training_log.csv
  [exp] Wrote experiments/thesis/fixed_gravity/seed_06/earth_probe.csv
  [exp] Wrote experiments/thesis/fixed_gravity/seed_06/gravity_sweep.csv
  [exp] Wrote experiments/thesis/fixed_gravity/seed_06/summary.json
