Walker2d-v5 | policy=CPG  params=504
Curriculum   : RandomUniform  gravity U[-12.0, -6.0]  seed=3
Run context | seed=3 arm=random_variable_gravity run_id=random_variable_gravity_seed_03


Starting CMA-ES | pop=40 | sigma0=0.5 | max_gen=500 | workers=8 | seed=3
Checkpoints → experiments/thesis/random_variable_gravity/seed_03/checkpoints/

  Gen        Best        Mean     Sigma    Gravity  Phase              Time
------------------------------------------------------------------------
  [probe] gen=0 score=-314.1 net=-0.077 fell=1.000
  [plot] Saved fitness curve → experiments/thesis/random_variable_gravity/seed_03/fitness_curve.png
    0      -313.9      -401.8    0.4904   -11.4861  random             1.5s
    1      -317.6      -383.3    0.4821    -8.2107  random             0.1s
    2      -293.3      -378.8    0.4747    -8.1086  random             0.1s
    3      -272.2      -370.9    0.4677    -7.6673  random             0.1s
    4      -241.9      -373.7    0.4615    -8.2902  random             0.2s
    5      -286.9      -362.6    0.4557   -11.2241  random             0.2s
    6      -198.7      -351.7    0.4505    -6.9051  random             0.2s
    7      -288.9      -352.9    0.4458    -7.7116  random             0.2s
    8       -83.3      -332.9    0.4415    -7.3883  random             0.2s
    9      -271.2      -329.6    0.4375    -7.2600  random             0.2s
  [probe] gen=10 score=-241.0 net=0.005 fell=1.000
   10       -84.8      -307.7    0.4339   -10.5470  random             0.2s
   11      -169.6      -311.0    0.4304    -7.7736  random             0.2s
   12      -156.5      -311.5    0.4275    -8.0567  random             0.3s
   13        38.1      -244.5    0.4248   -11.8332  random             0.4s
   14        49.0      -271.9    0.4224    -6.0722  random             0.4s
   15        28.1      -249.0    0.4203   -10.8481  random             0.5s
   16        18.0      -233.4    0.4184    -9.1056  random             0.5s
   17        72.9      -254.0    0.4165    -8.3596  random             0.6s
   18        20.1      -226.4    0.4149    -6.5817  random             0.5s
   19        21.1      -204.2    0.4134    -9.7561  random             0.5s
  [probe] gen=20 score=33.0 net=1.033 fell=1.000
   20        65.3      -199.2    0.4121    -6.6050  random             0.7s
   21       133.8      -146.8    0.4108    -8.1600  random             0.6s
   22       116.4       -45.3    0.4095    -8.9941  random             0.7s
   23       124.3      -185.6    0.4084    -8.9348  random             0.6s
   24        44.6      -134.4    0.4074    -8.2834  random             0.7s
  [plot] Saved fitness curve → experiments/thesis/random_variable_gravity/seed_03/fitness_curve.png
   25       108.2       -67.7    0.4066    -8.3237  random             0.8s
   26        93.4      -123.6    0.4058    -7.8995  random             0.7s
   27        77.6      -116.9    0.4051    -7.4367  random             0.8s
   28        77.0      -120.7    0.4043    -7.3575  random             0.7s
   29        66.0      -131.6    0.4037   -11.2544  random             0.6s
  [probe] gen=30 score=-4.0 net=0.840 fell=1.000
   30       129.2      -122.3    0.4030    -7.2925  random             0.9s
   31       164.3      -123.6    0.4025    -8.3572  random             0.7s
   32       190.2       -58.9    0.4020    -8.5338  random             0.8s
   33       174.7       -44.9    0.4015    -9.5609  random             0.9s
   34       193.6      -105.2    0.4010    -8.4035  random             0.8s
   35       207.9      -176.7    0.4008    -6.7328  random             0.9s
   36       154.2       -34.0    0.4005   -11.5836  random             0.7s
   37       293.8      -153.5    0.3999    -7.3552  random             0.7s
   38        82.1       -65.2    0.3993    -9.4159  random             0.8s
   39       152.2       -60.4    0.3987    -9.3334  random             0.8s
  [probe] gen=40 score=135.1 net=1.369 fell=1.000
   40       138.3      -121.3    0.3980    -9.1715  random             0.7s
   41       189.4      -116.3    0.3973   -10.8807  random             0.7s
   42       170.4       -65.6    0.3965    -7.9375  random             0.8s
   43       216.0       -46.9    0.3957    -8.3231  random             0.8s
   44       174.2       -78.2    0.3949   -10.3965  random             0.7s
   45       142.0      -105.0    0.3942    -6.1168  random             0.9s
   46       164.5       -60.7    0.3936    -7.5646  random             0.8s
   47       217.8       -47.5    0.3931    -8.1272  random             0.7s
   48       198.1      -102.3    0.3927    -8.6271  random             0.8s
   49       125.5       -78.3    0.3922    -7.4795  random             0.9s
  [probe] gen=50 score=-93.6 net=0.294 fell=1.000
  [plot] Saved fitness curve → experiments/thesis/random_variable_gravity/seed_03/fitness_curve.png
   50        94.0       -63.4    0.3918   -10.9534  random             0.7s
   51        89.1       -67.2    0.3914    -8.3055  random             0.8s
   52       142.5       -59.8    0.3912    -6.5602  random             0.9s
   53       183.3       -18.0    0.3909    -6.5174  random             0.9s
   54       110.5      -102.3    0.3907    -8.9727  random             0.8s
   55       139.3      -116.3    0.3905    -9.7158  random             0.7s
   56       175.6       -42.2    0.3903   -11.5610  random             0.7s
   57       151.6      -102.5    0.3903    -8.2709  random             0.7s
   58       195.9       -94.3    0.3903    -9.5965  random             0.7s
   59       164.6       -60.5    0.3902    -9.7851  random             0.7s
  [probe] gen=60 score=99.8 net=1.286 fell=1.000
   60       233.4       -27.0    0.3902    -6.5094  random             1.0s
   61       206.1      -101.5    0.3902   -11.5279  random             0.7s
   62       201.8        -2.2    0.3900    -9.3897  random             0.8s
   63       206.0       -39.9    0.3900   -10.7901  random             0.8s
   64       279.1       -65.2    0.3899    -6.6155  random             0.9s
   65       198.4       -63.2    0.3899    -8.7060  random             0.8s
   66       194.6        -0.3    0.3899   -10.2316  random             0.9s
   67       208.3       -70.3    0.3900    -7.8525  random             0.9s
   68       209.0       -65.3    0.3902    -8.9638  random             0.8s
   69       290.1       -91.4    0.3905    -8.1031  random             1.0s
  [probe] gen=70 score=141.9 net=1.305 fell=1.000
   70       231.6       -32.6    0.3908    -7.2411  random             0.9s
   71       232.3       -14.7    0.3912   -11.0877  random             0.7s
   72       224.0       -89.2    0.3915   -11.9767  random             0.7s
   73       187.3      -169.1    0.3917   -10.1784  random             0.9s
   74       240.2       -40.8    0.3920    -7.4749  random             0.8s
  [plot] Saved fitness curve → experiments/thesis/random_variable_gravity/seed_03/fitness_curve.png
   75       205.9       -47.4    0.3921   -10.1528  random             0.9s
   76       223.7       -73.6    0.3923   -11.9136  random             0.7s
   77       224.2       -32.6    0.3924    -8.5380  random             0.9s
   78       243.5       -76.0    0.3927   -10.0230  random             1.0s
   79       226.5        66.1    0.3930    -7.4072  random             1.0s
  [probe] gen=80 score=199.3 net=1.648 fell=1.000
   80       199.1         8.5    0.3933   -11.9311  random             0.9s
   81       307.2       -43.4    0.3937    -6.7429  random             1.1s
   82       283.3         1.4    0.3939    -8.9873  random             0.9s
   83       436.5        15.2    0.3941    -6.1467  random             1.1s
   84       263.2       -59.3    0.3942   -10.6890  random             0.8s
   85       246.4        -4.7    0.3943    -9.0517  random             0.9s
   86       413.6        97.1    0.3943    -7.5532  random             1.1s
   87       452.3       101.2    0.3943    -7.3510  random             1.2s
   88       345.9       -13.1    0.3943    -8.8256  random             1.0s
   89       275.4        70.8    0.3942    -9.4559  random             1.0s
  [probe] gen=90 score=212.1 net=1.746 fell=1.000
   90       356.6        32.0    0.3941    -7.1854  random             1.1s
   91       213.9        -0.1    0.3940   -11.1754  random             0.8s
   92       413.5       114.3    0.3939    -6.2744  random             1.2s
   93       548.6       121.7    0.3937    -6.4641  random             1.2s
   94       404.3        -3.8    0.3934    -6.8497  random             1.1s
   95       325.2        22.1    0.3931    -9.4548  random             0.9s
   96       422.7        -4.7    0.3929    -8.5081  random             1.1s
   97       574.1         9.0    0.3927    -8.0266  random             1.0s
   98       261.4        57.3    0.3925   -11.7727  random             0.8s
   99       532.3        36.1    0.3923    -6.0737  random             1.2s
  [probe] gen=100 score=234.6 net=1.706 fell=1.000
  [plot] Saved fitness curve → experiments/thesis/random_variable_gravity/seed_03/fitness_curve.png
  100       296.0        89.3    0.3921    -7.9077  random             1.1s
  101       285.8       -42.5    0.3919   -10.5688  random             0.8s
  102       452.6        58.8    0.3918    -7.2678  random             1.1s
  103       374.8        85.8    0.3918    -9.5244  random             1.0s
  104       321.4        84.4    0.3918    -9.7452  random             1.0s
  105       460.1       -24.4    0.3918    -6.6496  random             1.1s
  106       454.3         7.7    0.3917    -9.4797  random             1.0s
  107       280.8         5.3    0.3915   -11.7588  random             0.8s
  108       256.5       -65.4    0.3913   -11.0141  random             0.8s
  109       248.5        28.8    0.3914    -9.6162  random             1.0s
  [probe] gen=110 score=290.5 net=1.781 fell=1.000
  110       373.2        23.0    0.3915   -10.7294  random             1.0s
  111       320.6       -18.7    0.3917   -10.9597  random             0.9s
  112       335.3       -43.2    0.3920    -8.2833  random             0.9s
  113       427.7       -18.6    0.3922    -6.3011  random             1.1s
  114       500.8        54.6    0.3924    -7.0376  random             1.2s
  115       407.8        85.0    0.3925    -7.3170  random             1.2s
  116       257.3       -29.8    0.3924   -10.7934  random             0.8s
  117       296.5       -87.1    0.3921    -8.1739  random             0.9s
  118       347.2        32.7    0.3918    -8.8625  random             0.9s
  119       300.7       -88.7    0.3911    -9.5651  random             0.8s
  [probe] gen=120 score=217.9 net=1.582 fell=1.000
  120       335.4       -41.7    0.3905    -8.1428  random             1.1s
  121       404.5         2.6    0.3898    -7.4463  random             1.0s
  122       339.9       -48.6    0.3892   -10.0719  random             1.0s
  123       409.5        40.8    0.3886    -9.0535  random             1.0s
  124       361.9        77.1    0.3881    -8.0916  random             1.0s
  [plot] Saved fitness curve → experiments/thesis/random_variable_gravity/seed_03/fitness_curve.png
  125       315.7        47.2    0.3876    -7.6777  random             1.2s
  126       309.4        26.1    0.3870   -10.9739  random             1.0s
  127       348.0        62.7    0.3864    -8.9464  random             1.0s
  128       338.5        48.1    0.3857    -8.2605  random             1.1s
  129       428.9       140.1    0.3850    -6.9913  random             1.3s
  [probe] gen=130 score=126.2 net=1.360 fell=1.000
  130       411.6       135.2    0.3844    -6.3001  random             1.2s
  131       330.1       121.7    0.3840    -8.5305  random             1.0s
  132       309.2        23.4    0.3835    -9.7283  random             1.0s
  133       361.4       107.8    0.3828    -9.5592  random             1.0s
  134       427.5        36.5    0.3822    -8.8339  random             1.0s
  135       300.2        74.2    0.3817   -11.1809  random             0.9s
  136       640.2        82.3    0.3812    -6.3602  random             1.4s
  137       342.9        20.2    0.3808   -10.8764  random             0.9s
  138       474.2        59.9    0.3806    -7.9286  random             1.2s
  139       475.7        84.0    0.3805    -7.7882  random             1.1s
  [probe] gen=140 score=262.7 net=1.913 fell=1.000
  140       324.9        53.7    0.3803   -10.8090  random             1.0s
  141       517.0       129.5    0.3802    -7.5728  random             1.1s
  142       292.5         2.9    0.3800   -11.8821  random             0.9s
  143       533.2       163.5    0.3797    -6.4056  random             1.2s
  144       404.2        46.6    0.3794    -9.9041  random             1.0s
  145       657.5       177.5    0.3792    -6.7262  random             1.2s
  146       376.1        97.5    0.3788    -9.9894  random             1.1s
  147       330.4        24.4    0.3786    -9.6109  random             1.0s
  148       414.1        39.3    0.3783    -9.2086  random             1.0s
  149       412.5        63.5    0.3781    -7.9842  random             1.1s
  [probe] gen=150 score=-1.7 net=0.566 fell=1.000
  [plot] Saved fitness curve → experiments/thesis/random_variable_gravity/seed_03/fitness_curve.png
  150       492.2       109.0    0.3778    -7.1376  random             1.2s
  151       510.3       103.8    0.3775    -6.2996  random             1.2s
  152       610.3        46.9    0.3772    -7.8531  random             1.1s
  153       458.6        56.5    0.3768    -9.0268  random             1.0s
  154       456.9        50.3    0.3766    -7.5510  random             1.0s
  155       738.7       140.9    0.3765    -7.1115  random             1.1s
  156       524.6       123.0    0.3763    -6.0270  random             1.3s
  157       513.7       101.1    0.3760    -7.4621  random             1.1s
  158       397.4       -51.7    0.3757    -9.3919  random             0.9s
  159       441.8        48.6    0.3752    -8.9780  random             1.1s
  [probe] gen=160 score=349.0 net=2.153 fell=1.000
  160       376.0        92.9    0.3749    -9.3389  random             1.1s
  161       417.3        58.9    0.3746   -11.0846  random             0.9s
  162       301.0       -17.9    0.3741   -10.8514  random             0.9s
  163       320.7        46.8    0.3736   -11.1998  random             0.8s
  164       636.2       118.2    0.3732    -8.2906  random             1.0s
  165       453.4         2.3    0.3729    -8.0368  random             1.0s
  166       507.5        89.9    0.3726    -7.9928  random             1.0s
  167       416.0       146.5    0.3724    -7.9064  random             1.0s
  168       483.8       145.3    0.3723    -8.5387  random             1.0s
  169       275.4        55.5    0.3721   -11.6537  random             0.9s
  [probe] gen=170 score=354.7 net=2.318 fell=1.000
  170       406.4       111.6    0.3720    -9.1930  random             1.0s
  171       422.9       142.7    0.3717    -8.4667  random             1.1s
  172       481.4       172.6    0.3714    -7.6230  random             1.2s
  173       446.0       137.0    0.3710    -8.5318  random             1.1s
  174       419.8       108.3    0.3705    -9.9312  random             1.1s
  [plot] Saved fitness curve → experiments/thesis/random_variable_gravity/seed_03/fitness_curve.png
  175       680.1       176.2    0.3701    -6.1128  random             1.2s
  176       258.0         9.0    0.3699   -11.7540  random             0.9s
  177       372.3        59.8    0.3697   -11.5593  random             1.1s
  178       537.8       119.9    0.3695    -7.6883  random             1.2s
  179       603.5       133.6    0.3695    -8.0450  random             1.1s
  [probe] gen=180 score=353.4 net=2.298 fell=1.000
  180       482.6       193.3    0.3696    -8.3356  random             1.1s
  181       531.8       129.1    0.3696    -7.1715  random             1.1s
  182       615.3       181.9    0.3696    -7.3381  random             1.1s
  183       478.4       159.7    0.3697    -9.2484  random             1.1s
  184       324.9       110.9    0.3700   -10.3503  random             0.9s
  185       555.2       210.0    0.3701    -8.4490  random             1.1s
  186       518.1       139.4    0.3702    -9.5505  random             1.0s
  187       374.8       104.9    0.3702   -11.4113  random             0.9s
  188       630.2       243.6    0.3702    -7.2898  random             1.2s
  189       560.1       142.3    0.3703    -7.1913  random             1.2s
  [probe] gen=190 score=386.4 net=2.448 fell=1.000
  190       596.2       162.9    0.3704    -8.8212  random             1.0s
  191       524.6       122.9    0.3704   -10.4909  random             0.9s
  192       600.0       202.7    0.3704    -7.9091  random             1.1s
  193       691.6       175.9    0.3704    -6.2508  random             1.5s
  194       579.0        45.9    0.3706    -6.8814  random             1.2s
  195       499.0       116.4    0.3706   -11.0070  random             0.9s
  196       624.2       -22.7    0.3707    -7.5569  random             1.3s
  197       715.8       115.2    0.3708    -8.4730  random             1.1s
  198       759.6       173.7    0.3711    -6.9779  random             1.4s
  199       428.5       150.2    0.3714   -11.7815  random             1.0s
  [probe] gen=200 score=516.3 net=3.135 fell=1.000
  [plot] Saved fitness curve → experiments/thesis/random_variable_gravity/seed_03/fitness_curve.png
  200       709.9       150.3    0.3716    -9.0528  random             1.2s
  201       731.3       143.7    0.3718   -10.2349  random             1.0s
  202       557.6       128.3    0.3721   -10.0131  random             1.0s
  203       586.2       205.9    0.3724   -10.0810  random             1.1s
  204       844.9       221.9    0.3729    -7.9023  random             1.3s
  205       558.8       160.9    0.3734    -8.2880  random             1.3s
  206       836.1       235.8    0.3738    -7.3489  random             1.4s
  207       542.3       150.9    0.3740   -10.2055  random             1.1s
  208      1084.1       319.3    0.3741    -6.2643  random             1.6s
  209       729.4       255.6    0.3743    -7.2655  random             1.3s
  [probe] gen=210 score=542.9 net=3.356 fell=1.000
  210       492.8       137.0    0.3744   -10.0315  random             1.1s
  211       402.3       173.8    0.3745   -11.1960  random             0.9s
  212       710.9       254.4    0.3746    -7.7015  random             1.4s
  213       365.4        98.8    0.3746   -11.9729  random             0.9s
  214       907.4       248.7    0.3748    -8.3604  random             1.2s
  215       974.8       186.1    0.3751    -9.9366  random             1.2s
  216       725.3       152.5    0.3754    -9.2753  random             1.2s
  217       960.7       177.5    0.3757    -8.3822  random             1.3s
  218       545.9       162.3    0.3760    -9.9654  random             1.1s
  219       991.3       173.3    0.3764    -6.5782  random             1.4s
  [probe] gen=220 score=547.4 net=3.151 fell=1.000
  220       757.5       159.0    0.3768    -8.3950  random             1.2s
  221       651.3       191.6    0.3773    -9.9412  random             1.1s
  222       531.3       115.0    0.3777    -9.1167  random             1.1s
  223       476.8       132.2    0.3780   -11.6904  random             1.0s
  224       739.4        54.8    0.3782    -8.0039  random             1.1s
  [plot] Saved fitness curve → experiments/thesis/random_variable_gravity/seed_03/fitness_curve.png
  225       467.9        45.3    0.3784   -11.9658  random             1.0s
  226       635.9       166.8    0.3785    -9.4712  random             1.2s
  227       788.0       141.6    0.3786    -7.8191  random             1.4s
  228       774.9       230.3    0.3787    -6.3053  random             1.6s
  229       710.3       203.4    0.3786    -9.0987  random             1.1s
  [probe] gen=230 score=565.6 net=3.241 fell=1.000
  230       891.2       217.2    0.3784    -7.9531  random             1.4s
  231       486.5       205.7    0.3783    -9.5879  random             1.1s
  232       604.8       172.9    0.3784    -7.7624  random             1.2s
  233       431.9       115.3    0.3785   -10.7207  random             0.9s
  234      1088.3       307.9    0.3787    -6.5237  random             1.4s
  235       382.0       135.3    0.3789   -11.6211  random             0.9s
  236       884.4       272.2    0.3791    -6.3333  random             1.7s
  237       986.4       226.1    0.3792    -9.8477  random             1.2s
  238       831.3       169.6    0.3794    -8.2431  random             1.6s
  239       538.1        88.7    0.3796   -10.8945  random             1.0s
  [probe] gen=240 score=311.4 net=2.031 fell=1.000
  240       694.9       103.0    0.3796    -8.6291  random             1.2s
  241       452.7       105.5    0.3796   -10.7839  random             1.0s
  242       360.4        63.2    0.3796   -10.9548  random             1.2s
  243      1043.7       148.0    0.3795   -10.9766  random             1.1s
  244       459.8       125.2    0.3794   -11.1163  random             1.1s
  245       980.7       213.7    0.3793    -7.9022  random             1.6s
  246       487.6       128.6    0.3791   -11.6074  random             1.0s
  247      1547.5       361.7    0.3786    -7.2806  random             1.7s
  248       568.0       153.3    0.3781   -10.9534  random             1.1s
  249       693.3       277.5    0.3777    -8.6142  random             1.3s
  [probe] gen=250 score=901.1 net=4.631 fell=1.000
  [plot] Saved fitness curve → experiments/thesis/random_variable_gravity/seed_03/fitness_curve.png
  250      1112.9       284.2    0.3770    -8.9438  random             1.5s
  251       482.5       110.2    0.3764   -11.6970  random             1.0s
  252      1307.4       352.3    0.3758    -6.6827  random             1.6s
  253       630.4       108.8    0.3753    -9.7565  random             1.1s
  254      1150.7       277.9    0.3749    -7.0010  random             1.6s
  255       659.4       192.8    0.3745    -9.3648  random             1.1s
  256       853.7       238.1    0.3740    -8.6271  random             1.3s
  257      1010.1       368.4    0.3735    -8.0868  random             1.4s
  258       604.0       242.5    0.3730   -10.7977  random             1.2s
  259       990.5       295.1    0.3726    -8.7762  random             1.8s
  [probe] gen=260 score=894.5 net=4.607 fell=0.900
  260      1083.5       305.3    0.3722    -8.3757  random             1.5s
  261       825.8       246.6    0.3719   -10.1526  random             1.2s
  262       977.3       374.3    0.3715    -8.6866  random             1.6s
  263       859.7       275.6    0.3711    -7.9715  random             1.5s
  264      1081.6       273.6    0.3708   -10.5677  random             1.3s
  265       794.9       260.4    0.3707    -9.4413  random             1.6s
  266      1283.1       271.9    0.3704   -10.4174  random             1.4s
  267      1131.1       267.6    0.3699    -9.2835  random             1.5s
  268      1207.3       331.0    0.3694    -9.9877  random             1.6s
  269      1101.1       309.0    0.3690    -9.2384  random             1.7s
  [probe] gen=270 score=672.3 net=3.654 fell=0.900
  270       807.9       195.0    0.3683    -9.7101  random             1.4s
  271      1196.4       227.1    0.3676    -9.3746  random             1.4s
  272      1196.2       284.5    0.3669    -9.1185  random             1.4s
  273       859.0       327.2    0.3664    -7.2849  random             1.8s
  274      1305.8       274.8    0.3659    -8.4890  random             1.3s
  [plot] Saved fitness curve → experiments/thesis/random_variable_gravity/seed_03/fitness_curve.png
  275      1544.7       446.3    0.3655    -6.0187  random             1.9s
  276       378.1       109.2    0.3652   -11.6777  random             1.0s
  277      1126.0       297.1    0.3648    -7.7077  random             1.7s
  278       664.5       241.8    0.3645   -10.1418  random             1.3s
  279       732.0       239.2    0.3643    -7.1907  random             1.5s
  [probe] gen=280 score=2.6 net=0.369 fell=1.000
  280       634.2       109.8    0.3640   -11.4786  random             1.1s
  281       615.8       221.3    0.3638   -11.2432  random             1.1s
  282       523.0       163.0    0.3636   -11.4254  random             1.2s
  283      1036.3       222.5    0.3634    -8.7656  random             1.4s
  284      1192.8       216.0    0.3630    -9.2246  random             1.4s
  285       996.3       195.6    0.3627   -10.1375  random             1.3s
  286       929.3       237.8    0.3624    -7.5096  random             1.5s
  287      1145.3       272.7    0.3621    -7.5567  random             1.6s
  288      1040.6       334.0    0.3620    -6.4728  random             1.7s
  289      1136.5       319.6    0.3617    -7.7314  random             1.6s
  [probe] gen=290 score=658.3 net=3.046 fell=0.500
  290       875.2       158.9    0.3613   -10.2963  random             1.1s
  291      1044.6       280.9    0.3611    -9.5055  random             1.4s
  292      1164.4       385.1    0.3608    -6.9953  random             1.8s
  293      1012.4       269.8    0.3606   -10.2131  random             1.5s
  294      1205.0       290.3    0.3603    -9.8419  random             1.5s
  295       962.4       310.2    0.3601    -6.6181  random             1.6s
  296       486.3       120.3    0.3598   -11.3555  random             1.0s
  297       993.5       263.6    0.3596    -8.0327  random             1.4s
  298       907.1       217.4    0.3592    -8.9984  random             1.3s
  299      1244.9       246.0    0.3589    -8.0278  random             1.6s
  [probe] gen=300 score=559.4 net=3.205 fell=1.000
  [plot] Saved fitness curve → experiments/thesis/random_variable_gravity/seed_03/fitness_curve.png
  300       491.9       157.2    0.3585   -11.1820  random             1.0s
  301      1170.6       280.7    0.3581    -8.8701  random             1.4s
  302       541.9       175.9    0.3576   -11.6266  random             1.0s
  303      1302.2       284.0    0.3572    -6.8316  random             1.7s
  304       682.0       172.6    0.3569    -8.7118  random             1.2s
  305       610.7       142.7    0.3564   -11.9795  random             1.0s
  306       955.0       269.6    0.3558   -10.7964  random             1.3s
  307       954.8       223.5    0.3553   -10.7197  random             1.4s
  308       865.4       203.2    0.3547   -10.8815  random             1.4s
  309       930.1       318.9    0.3543    -9.5954  random             1.7s
  [probe] gen=310 score=331.3 net=2.003 fell=1.000
  310       642.7       140.3    0.3538   -11.9416  random             1.0s
  311       655.4       181.9    0.3533   -11.9412  random             1.1s
  312       989.4       321.4    0.3528   -10.2160  random             1.7s
  313      1002.6       265.2    0.3521   -10.0729  random             1.5s
  314       950.4       262.4    0.3514    -9.6294  random             1.4s
  315      1384.4       471.9    0.3508    -6.0303  random             2.4s
  316       932.7       208.8    0.3501   -10.3047  random             1.2s
  317       903.9       280.4    0.3494   -11.5814  random             1.3s
  318      1058.3       216.5    0.3487   -10.2393  random             1.5s
  319       733.4       189.4    0.3481   -10.3069  random             1.2s
  [probe] gen=320 score=297.0 net=2.080 fell=1.000
  320       937.6       384.3    0.3477    -7.3005  random             1.9s
  321      1043.1       254.9    0.3473   -10.1979  random             1.3s
  322      1082.9       376.5    0.3469    -6.1213  random             1.8s
  323      1178.7       228.7    0.3465    -9.9105  random             1.1s
  324      1142.2       314.0    0.3461    -8.2249  random             1.6s
  [plot] Saved fitness curve → experiments/thesis/random_variable_gravity/seed_03/fitness_curve.png
  325      1484.1       327.9    0.3458    -7.4673  random             1.9s
  326      1276.0       344.2    0.3456    -7.0103  random             1.8s
  327      1326.5       444.8    0.3452    -6.5973  random             2.1s
  328       709.4       186.0    0.3449   -11.8451  random             0.9s
  329      1156.2       263.7    0.3445    -7.8302  random             1.5s
  [probe] gen=330 score=622.9 net=2.718 fell=0.500
  330       956.1       212.7    0.3440   -11.7670  random             1.2s
  331       903.0       287.5    0.3436    -6.3467  random             1.6s
  332       904.9       256.4    0.3432   -11.0657  random             1.5s
  333      1109.9       247.8    0.3427   -10.3522  random             1.4s
  334       925.9       269.5    0.3422   -11.0517  random             1.7s
  335      1062.3       293.3    0.3418   -11.8086  random             1.5s
  336      1251.8       387.3    0.3413    -9.7683  random             2.0s
  337       682.4       246.6    0.3410   -10.6243  random             1.5s
  338      1018.1       324.9    0.3407    -9.8979  random             1.7s
  339       783.2       257.1    0.3403   -11.7919  random             1.3s
  [probe] gen=340 score=1197.5 net=5.570 fell=0.200
  340      1214.6       412.0    0.3399   -10.8012  random             1.9s
  341      1313.9       462.4    0.3397    -7.7877  random             2.3s
  342      1300.7       518.5    0.3395    -7.3918  random             2.5s
  343      1265.1       388.8    0.3394    -8.7253  random             1.9s
  344      1316.2       458.9    0.3391    -7.8383  random             1.9s
  345      1260.4       485.1    0.3388    -6.9336  random             2.4s
  346      1251.7       291.6    0.3386   -10.4113  random             1.2s
  347       913.7       216.4    0.3384   -11.2776  random             1.2s
  348      1436.0       399.5    0.3382    -6.5695  random             2.0s
  349      1297.9       406.6    0.3380    -9.3677  random             1.6s
  [probe] gen=350 score=649.1 net=3.795 fell=0.900
  [plot] Saved fitness curve → experiments/thesis/random_variable_gravity/seed_03/fitness_curve.png
  350       913.0       348.8    0.3379    -8.4440  random             1.4s
  351      1743.4       343.0    0.3379    -6.5672  random             1.7s
  352      1369.9       373.4    0.3380    -6.2983  random             1.7s
  353      1355.2       382.1    0.3379    -7.9492  random             1.5s
  354      1615.8       534.5    0.3378    -8.2152  random             1.9s
  355      1513.9       503.5    0.3378    -7.3967  random             2.0s
  356      1328.7       320.5    0.3379    -6.5713  random             1.9s
  357      1202.5       400.0    0.3379    -7.0632  random             1.9s
  358       889.4       273.0    0.3380    -9.7917  random             1.3s
  359      1210.6       433.0    0.3378    -8.6529  random             1.7s
  [probe] gen=360 score=562.8 net=2.855 fell=0.800
  360      1095.8       192.8    0.3378   -11.4949  random             1.4s
  361      1203.1       302.5    0.3377    -9.1434  random             1.7s
  362      1020.2       345.9    0.3377   -11.0713  random             1.4s
  363      1031.3       221.5    0.3376    -6.3700  random             1.9s
  364      1209.3       430.7    0.3374    -7.5031  random             2.0s
  365      1295.9       391.4    0.3372    -9.8553  random             1.5s
  366       919.5       289.2    0.3370   -10.7086  random             1.5s
  367      1163.1       366.8    0.3368    -6.6113  random             2.1s
  368      1541.3       450.5    0.3366    -6.6863  random             2.2s
  369      1200.8       437.7    0.3364    -6.3592  random             2.1s
  [probe] gen=370 score=850.3 net=3.860 fell=0.600
  370       914.6       247.2    0.3362   -11.2769  random             1.1s
  371      1068.9       229.2    0.3359   -10.7360  random             1.4s
  372      1284.4       423.1    0.3356    -8.3621  random             1.9s
  373      1322.7       411.5    0.3353    -6.3407  random             2.2s
  374      1087.7       278.6    0.3351   -10.3636  random             1.3s
  [plot] Saved fitness curve → experiments/thesis/random_variable_gravity/seed_03/fitness_curve.png
  375      1070.1       298.4    0.3349   -10.8071  random             1.4s
  376       889.1       228.2    0.3347   -11.5520  random             1.3s
  377      1203.6       452.7    0.3344    -9.0347  random             2.1s
  378      1073.0       329.0    0.3342    -8.3402  random             2.0s
  379      1264.4       414.3    0.3342    -9.5392  random             2.0s
  [probe] gen=380 score=659.4 net=3.819 fell=1.000
  380      1314.8       392.2    0.3341    -8.1839  random             2.1s
  381      1174.4       513.8    0.3340    -7.9645  random             2.2s
  382      1484.5       456.4    0.3340    -6.8815  random             2.1s
  383       953.4       239.8    0.3341   -11.2594  random             1.2s
  384       975.8       276.8    0.3344   -11.4534  random             1.2s
  385      1384.6       314.5    0.3348    -6.0542  random             1.9s
  386      1367.5       589.9    0.3351    -8.0998  random             2.1s
  387      1532.9       408.5    0.3352    -7.5619  random             2.0s
  388      1244.4       308.5    0.3354    -9.9356  random             1.4s
  389      1277.0       278.7    0.3355   -11.1922  random             1.4s
  [probe] gen=390 score=1102.2 net=5.243 fell=0.400
  390      1237.4       307.0    0.3356    -9.5093  random             1.7s
  391      1439.1       327.8    0.3358    -7.6674  random             1.9s
  392      1446.0       361.8    0.3360    -9.1658  random             1.8s
  393      1294.6       465.4    0.3360    -6.5233  random             2.1s
  394      1243.5       216.3    0.3362   -10.4685  random             1.6s
  395      1334.4       363.3    0.3363    -7.1156  random             2.1s
  396      1231.1       357.0    0.3364   -10.6860  random             1.5s
  397      1154.5       264.3    0.3364   -10.5206  random             1.5s
  398      1307.9       310.3    0.3364    -8.0717  random             1.7s
  399       934.6       195.8    0.3364   -11.6532  random             1.1s
  [probe] gen=400 score=588.2 net=3.243 fell=0.900
  [plot] Saved fitness curve → experiments/thesis/random_variable_gravity/seed_03/fitness_curve.png
  400      1053.1       347.8    0.3363    -9.3234  random             1.7s
  401      1082.1       329.0    0.3365   -10.3005  random             1.6s
  402      1177.9       356.4    0.3367    -7.5709  random             2.1s
  403       963.3       139.0    0.3369   -11.8698  random             1.1s
  404      1064.4       233.2    0.3372    -7.4989  random             1.8s
  405      1134.6       305.9    0.3375    -7.6272  random             1.9s
  406      1214.6       379.2    0.3380    -7.6145  random             2.0s
  407      1059.7       396.3    0.3383    -8.6478  random             2.1s
  408      1150.9       359.2    0.3386    -8.4961  random             2.3s
  409      1181.9       421.2    0.3389    -7.2193  random             2.7s
  [probe] gen=410 score=405.7 net=2.484 fell=1.000
  410      1300.5       429.6    0.3393    -6.3559  random             2.2s
  411      1108.3       251.6    0.3395    -7.0692  random             1.7s
  412       879.5       236.6    0.3396    -9.4778  random             1.5s
  413      1021.0       174.8    0.3397   -10.7495  random             1.5s
  414       970.4       321.9    0.3397   -10.5878  random             2.0s
  415      1061.7       287.6    0.3398   -11.2789  random             1.9s
  416      1086.2       356.4    0.3399    -8.9582  random             2.4s
  417      1150.6       265.4    0.3401    -6.8242  random             2.2s
  418      1223.0       347.9    0.3402    -9.1262  random             1.7s
  419      1297.1       469.9    0.3403    -8.2340  random             2.2s
  [probe] gen=420 score=589.6 net=2.997 fell=0.700
  420      1072.0       358.8    0.3403   -10.6055  random             1.8s
  421      1003.9       388.2    0.3402   -10.4512  random             2.0s
  422      1002.6       259.8    0.3401    -9.5367  random             1.9s
  423      1101.5       371.6    0.3398    -8.6785  random             2.3s
  424      1313.9       489.1    0.3396    -7.5050  random             2.4s
  [plot] Saved fitness curve → experiments/thesis/random_variable_gravity/seed_03/fitness_curve.png
  425      1133.6       354.2    0.3393    -7.8253  random             2.1s
  426      1046.0       362.2    0.3390    -9.5342  random             2.0s
  427       962.1       317.1    0.3388    -9.9908  random             1.9s
  428      1234.8       431.1    0.3387    -7.0287  random             2.4s
  429      1079.0       436.1    0.3386    -7.9584  random             2.4s
  [probe] gen=430 score=714.8 net=3.037 fell=0.300
  430       919.0       242.8    0.3386   -11.3631  random             1.4s
  431      1185.9       272.3    0.3385    -7.3374  random             1.9s
  432      1119.7       331.4    0.3386    -7.8865  random             1.9s
  433      1069.6       319.3    0.3386   -10.2417  random             1.8s
  434      1452.4       457.5    0.3387    -9.9435  random             2.1s
  435      1194.6       425.0    0.3387    -8.8680  random             2.3s
  436      1216.6       418.8    0.3387    -6.5080  random             2.3s
  437      1138.4       344.1    0.3388   -10.9476  random             1.6s
  438      1224.4       383.2    0.3389    -9.4476  random             2.0s
  439      1142.6       393.3    0.3390   -10.8403  random             1.7s
  [probe] gen=440 score=983.9 net=4.800 fell=0.600
  440       941.8       156.2    0.3391   -10.8694  random             1.3s
  441      1136.6       419.0    0.3394    -8.4181  random             2.1s
  442      1238.7       431.7    0.3396    -9.3229  random             2.1s
  443      1128.0       260.3    0.3397   -11.0507  random             1.5s
  444      1145.6       260.9    0.3397    -9.8223  random             1.9s
  445      1180.0       321.5    0.3396    -8.2788  random             2.1s
  446      1303.7       383.8    0.3394    -7.2756  random             2.1s
  447       803.4       273.5    0.3391   -10.6837  random             1.4s
  448      1035.6       314.8    0.3386    -9.4202  random             1.8s
  449      1354.5       268.6    0.3381   -11.7539  random             1.6s
  [probe] gen=450 score=393.7 net=2.379 fell=1.000
  [plot] Saved fitness curve → experiments/thesis/random_variable_gravity/seed_03/fitness_curve.png
  450      1225.6       352.4    0.3376    -8.4277  random             2.0s
  451      1219.1       460.3    0.3371    -9.1116  random             2.1s
  452      1241.8       309.9    0.3364    -8.5370  random             1.8s
  453      1113.1       332.2    0.3357   -10.7791  random             1.5s
  454       896.9       269.5    0.3349   -11.9467  random             1.4s
  455      1164.4       315.1    0.3341    -9.8806  random             1.6s
  456      1299.7       273.2    0.3332    -8.6622  random             1.7s
  457      1198.9       407.7    0.3324    -8.5285  random             2.1s
  458       894.9       244.1    0.3316    -9.7321  random             1.5s
  459      1267.9       398.2    0.3309    -7.9888  random             1.9s
  [probe] gen=460 score=1331.5 net=6.701 fell=0.800
  460      1247.3       474.4    0.3302    -8.3343  random             1.9s
  461      1395.9       359.1    0.3296   -10.8448  random             1.4s
  462      1283.3       255.7    0.3291    -9.4934  random             1.4s
  463      1671.0       610.5    0.3286    -7.6441  random             2.3s
  464      1399.7       314.0    0.3282    -6.3545  random             1.9s
  465      1358.2       306.4    0.3279   -10.3236  random             1.3s
  466      1307.9       433.4    0.3275    -7.7374  random             2.2s
  467      1456.8       297.9    0.3272    -9.4812  random             1.7s
  468      1080.5       368.6    0.3269   -10.4608  random             1.6s
  469      1524.7       422.6    0.3265    -9.1699  random             2.0s
  [probe] gen=470 score=1097.5 net=4.913 fell=0.000
  470      1252.7       333.6    0.3261   -11.2464  random             1.5s
  471      1310.4       306.8    0.3258    -7.5289  random             2.0s
  472      1365.5       428.9    0.3255    -9.2917  random             1.6s
  473      1510.4       478.2    0.3253    -8.7660  random             1.9s
  474      1652.5       381.6    0.3250    -6.7371  random             2.0s
  [plot] Saved fitness curve → experiments/thesis/random_variable_gravity/seed_03/fitness_curve.png
  475      1429.9       589.5    0.3246    -6.3255  random             2.2s
  476       707.8       274.3    0.3242   -10.7934  random             1.1s
  477      1392.5       314.9    0.3237    -9.7170  random             1.5s
  478      1125.0       315.9    0.3232    -9.7515  random             1.6s
  479      1293.2       302.0    0.3228    -9.7405  random             1.5s
  [probe] gen=480 score=498.4 net=3.168 fell=1.000
  480      1405.9       585.8    0.3223    -7.5611  random             2.2s
  481      1064.5       314.7    0.3219   -11.3099  random             1.1s
  482      1113.0       366.9    0.3214   -11.4363  random             1.3s
  483      1091.2       332.8    0.3210   -11.3526  random             1.5s
  484      1117.6       277.2    0.3206    -8.8616  random             1.6s
  485      1539.0       567.6    0.3203    -6.8070  random             2.5s
  486      1638.4       619.3    0.3200    -6.6611  random             2.2s
  487      1529.4       606.1    0.3198    -6.0970  random             2.3s
  488      1390.6       578.6    0.3195    -8.7959  random             1.9s
  489      1126.4       375.4    0.3191   -11.2747  random             1.3s
  [probe] gen=490 score=1041.9 net=5.005 fell=0.500
  490      1196.8       395.8    0.3187    -8.9706  random             1.7s
  491      1529.3       444.1    0.3183    -6.7381  random             2.2s
  492      1554.8       488.7    0.3180    -6.0311  random             2.1s
  493      1441.3       653.2    0.3179    -7.0543  random             2.3s
  494      1281.0       412.3    0.3177   -10.7020  random             1.6s
  495      1078.1       418.4    0.3174   -11.4846  random             1.4s
  496      1405.0       456.6    0.3172    -7.2730  random             2.1s
  497      1538.6       589.8    0.3171    -6.1175  random             2.1s
  498      1524.1       584.3    0.3171    -7.1890  random             2.3s
  499      1294.0       502.1    0.3169    -9.1139  random             1.5s
  [plot] Saved fitness curve → experiments/thesis/random_variable_gravity/seed_03/fitness_curve.png

Training complete. Best fitness: 1743.4
Best params → experiments/thesis/random_variable_gravity/seed_03/checkpoints/best_params.npy
Fitness curve → experiments/thesis/random_variable_gravity/seed_03/fitness_curve.png
Final Earth scorecard | score=783.9 net=4.578 fell=1.000
Gravity sweep | gravities=5 mean_net=4.482 worst_net=2.607
  [exp] Wrote experiments/thesis/random_variable_gravity/seed_03/experiment.json
  [exp] Wrote experiments/thesis/random_variable_gravity/seed_03/training_log.csv
  [exp] Wrote experiments/thesis/random_variable_gravity/seed_03/earth_probe.csv
  [exp] Wrote experiments/thesis/random_variable_gravity/seed_03/gravity_sweep.csv
  [exp] Wrote experiments/thesis/random_variable_gravity/seed_03/summary.json
