Walker2d-v5 | policy=CPG  params=504
CPGPolicy  |  total params = 504
  Joint       Amplitude  Freq(rad/step)   Phase(deg)
  --------------------------------------------------
  R-thigh         0.500          0.6931          0.0°
  R-leg           0.500          0.6931          0.0°
  R-foot          0.500          0.6931          0.0°
  L-thigh         0.500          0.6931          0.0°
  L-leg           0.500          0.6931          0.0°
  L-foot          0.500          0.6931          0.0°

  Feedback MLP hidden=16  correction_scale=0.5
Run context | seed=3 arm=fixed_gravity run_id=fixed_gravity_seed_03

Starting from structured scratch prior (no warm-start checkpoint).
Schedule | penalty_min=0.20 penalty_ramp_gen=200 corr_min=0.00 corr_max=0.50 corr_ramp_gen=200

Starting CMA-ES | pop=40 | sigma0=0.5 | max_gen=500 | workers=8 | seed=3

  Gen        Best        Mean     Sigma    Pen   Corr     Time
------------------------------------------------------------------
  [probe] gen=0 score=-235.5 net=0.084 fell=1.000
  [plot] Saved fitness curve → fitness_curve_cpg.png
    0        -5.6       -77.3    0.4902   0.20   0.00     1.4s
    1       -38.7       -73.2    0.4819   0.20   0.00     0.2s
    2       -46.2       -72.7    0.4746   0.21   0.01     0.2s
    3       -30.9       -65.6    0.4680   0.21   0.01     0.2s
    4         0.2       -61.2    0.4619   0.22   0.01     0.2s
    5       101.7       -46.5    0.4563   0.22   0.01     0.3s
    6        96.2       -36.6    0.4513   0.22   0.01     0.3s
    7       121.2       -46.6    0.4466   0.23   0.02     0.3s
    8       115.2       -50.1    0.4423   0.23   0.02     0.3s
    9       129.9       -18.2    0.4384   0.24   0.02     0.4s
  [probe] gen=10 score=28.8 net=1.003 fell=1.000
   10       171.1        -8.6    0.4348   0.24   0.03     0.3s
   11       160.7         7.8    0.4316   0.24   0.03     0.3s
   12       160.8        18.9    0.4290   0.25   0.03     0.4s
   13       164.8        46.1    0.4266   0.25   0.03     0.4s
   14       158.8        11.5    0.4243   0.26   0.04     0.4s
   15       159.7        32.7    0.4222   0.26   0.04     0.4s
   16       146.5        32.8    0.4203   0.26   0.04     0.5s
   17       162.0        52.0    0.4184   0.27   0.04     0.5s
   18       168.9        38.9    0.4168   0.27   0.04     0.5s
   19       191.6        41.1    0.4154   0.28   0.05     0.6s
  [probe] gen=20 score=-11.6 net=0.805 fell=1.000
   20       150.5        25.4    0.4139   0.28   0.05     0.5s
   21       151.2        22.7    0.4123   0.28   0.05     0.6s
   22       153.2        42.0    0.4109   0.29   0.06     0.6s
   23       155.3        66.4    0.4096   0.29   0.06     0.6s
   24       175.3        60.4    0.4084   0.30   0.06     0.7s
  [plot] Saved fitness curve → fitness_curve_cpg.png
   25       152.1        45.4    0.4074   0.30   0.06     0.6s
   26       174.1         8.4    0.4066   0.30   0.07     0.5s
   27       150.3        28.1    0.4059   0.31   0.07     0.6s
   28       151.7        21.3    0.4052   0.31   0.07     0.6s
   29       154.5        65.4    0.4045   0.32   0.07     0.6s
  [probe] gen=30 score=-0.5 net=0.611 fell=1.000
   30       179.4        80.8    0.4038   0.32   0.07     0.6s
   31       172.4        95.7    0.4030   0.32   0.08     0.6s
   32       229.4        21.8    0.4023   0.33   0.08     0.6s
   33       186.0        -1.8    0.4018   0.33   0.08     0.6s
   34       171.3        42.0    0.4012   0.34   0.09     0.6s
   35       161.8        52.4    0.4007   0.34   0.09     0.7s
   36       187.4        59.4    0.4003   0.34   0.09     0.6s
   37       186.4        52.4    0.3999   0.35   0.09     0.7s
   38       176.0        51.7    0.3998   0.35   0.10     0.7s
   39       150.0        36.3    0.3996   0.36   0.10     0.7s
  [probe] gen=40 score=-1.3 net=0.720 fell=1.000
   40       193.7        55.8    0.3993   0.36   0.10     0.7s
   41       160.3        57.7    0.3992   0.36   0.10     0.7s
   42       166.7        56.1    0.3991   0.37   0.10     0.7s
   43       190.5        24.3    0.3991   0.37   0.11     0.8s
   44       160.1        31.8    0.3990   0.38   0.11     0.8s
   45       164.0        39.3    0.3990   0.38   0.11     0.8s
   46       179.7        65.1    0.3991   0.38   0.12     0.7s
   47       167.7         9.2    0.3994   0.39   0.12     0.7s
   48       158.5        42.1    0.3996   0.39   0.12     0.9s
   49       239.8        62.9    0.3999   0.40   0.12     0.8s
  [probe] gen=50 score=82.0 net=0.990 fell=1.000
  [plot] Saved fitness curve → fitness_curve_cpg.png
   50       158.8        75.6    0.4002   0.40   0.12     0.7s
   51       180.2        76.7    0.4005   0.40   0.13     0.8s
   52       207.2        65.8    0.4007   0.41   0.13     1.0s
   53       194.1        58.0    0.4009   0.41   0.13     1.0s
   54       247.0        82.6    0.4010   0.42   0.14     1.1s
   55       310.3       105.6    0.4012   0.42   0.14     1.1s
   56       218.9        52.0    0.4016   0.42   0.14     1.0s
   57       168.0        58.9    0.4018   0.43   0.14     0.8s
   58       195.3        40.9    0.4022   0.43   0.14     0.7s
   59       183.1        59.3    0.4025   0.44   0.15     0.8s
  [probe] gen=60 score=204.7 net=0.837 fell=0.700
   60       228.1        12.4    0.4026   0.44   0.15     0.7s
   61       190.5       -12.2    0.4028   0.44   0.15     0.5s
   62       260.7        76.4    0.4029   0.45   0.15     0.8s
   63       280.5        52.5    0.4033   0.45   0.16     0.9s
   64       239.2        77.0    0.4037   0.46   0.16     0.7s
   65       194.8        89.8    0.4041   0.46   0.16     1.1s
   66       215.9        33.9    0.4046   0.46   0.17     0.8s
   67       215.2        56.4    0.4048   0.47   0.17     1.0s
   68       220.6        23.6    0.4051   0.47   0.17     0.9s
   69       230.1        67.1    0.4052   0.48   0.17     1.2s
  [probe] gen=70 score=15.9 net=0.093 fell=0.700
   70       220.7        65.5    0.4051   0.48   0.17     1.0s
   71       226.7        77.8    0.4052   0.48   0.18     1.2s
   72       209.2        52.6    0.4054   0.49   0.18     0.9s
   73       200.5        78.9    0.4056   0.49   0.18     1.3s
   74       208.9        74.4    0.4057   0.50   0.18     0.8s
  [plot] Saved fitness curve → fitness_curve_cpg.png
   75       213.3        72.0    0.4057   0.50   0.19     0.8s
   76       254.5        70.2    0.4057   0.50   0.19     0.9s
   77       212.2        59.2    0.4058   0.51   0.19     1.2s
   78       333.5       101.4    0.4060   0.51   0.20     1.2s
   79       250.5        58.6    0.4062   0.52   0.20     1.3s
  [probe] gen=80 score=191.9 net=1.033 fell=1.000
   80       221.0        63.0    0.4063   0.52   0.20     1.3s
   81       257.1        99.7    0.4062   0.52   0.20     1.4s
   82       257.4        69.8    0.4062   0.53   0.20     1.1s
   83       239.3       106.1    0.4062   0.53   0.21     1.4s
   84       264.6       113.1    0.4060   0.54   0.21     1.5s
   85       286.9       134.7    0.4056   0.54   0.21     1.2s
   86       262.4       165.5    0.4054   0.54   0.21     1.5s
   87       316.9       138.4    0.4050   0.55   0.22     1.5s
   88       266.6       116.3    0.4047   0.55   0.22     1.5s
   89       315.2       141.3    0.4045   0.56   0.22     1.6s
  [probe] gen=90 score=185.4 net=0.996 fell=1.000
   90       251.6       118.2    0.4041   0.56   0.23     1.6s
   91       313.5       124.2    0.4038   0.56   0.23     1.7s
   92       328.6       130.3    0.4035   0.57   0.23     1.8s
   93       325.8       146.4    0.4034   0.57   0.23     1.7s
   94       289.3       143.0    0.4033   0.58   0.23     1.7s
   95       330.0       144.4    0.4030   0.58   0.24     1.9s
   96       312.3       166.8    0.4029   0.58   0.24     2.0s
   97       322.7       177.0    0.4026   0.59   0.24     2.2s
   98       296.4       183.2    0.4025   0.59   0.24     2.5s
   99       321.8       179.7    0.4025   0.60   0.25     2.3s
  [probe] gen=100 score=218.4 net=0.953 fell=0.800
  [plot] Saved fitness curve → fitness_curve_cpg.png
  100       331.8       198.8    0.4024   0.60   0.25     2.4s
  101       294.4       189.3    0.4023   0.60   0.25     2.1s
  102       299.3       177.3    0.4022   0.61   0.26     2.3s
  103       300.9       205.8    0.4020   0.61   0.26     2.1s
  104       365.1       174.7    0.4021   0.62   0.26     2.3s
  105       322.6       190.8    0.4020   0.62   0.26     2.3s
  106       315.3       180.0    0.4020   0.62   0.27     2.1s
  107       342.5       208.5    0.4021   0.63   0.27     2.4s
  108       311.1       197.4    0.4021   0.63   0.27     2.4s
  109       315.9       198.4    0.4022   0.64   0.27     2.4s
  [probe] gen=110 score=279.8 net=1.067 fell=0.900
  110       323.0       214.5    0.4021   0.64   0.28     2.7s
  111       328.0       212.6    0.4019   0.64   0.28     2.5s
  112       302.5       222.4    0.4018   0.65   0.28     2.6s
  113       333.7       210.0    0.4019   0.65   0.28     2.4s
  114       357.2       206.5    0.4019   0.66   0.28     2.6s
  115       329.9       208.1    0.4017   0.66   0.29     2.0s
  116       325.0       171.6    0.4016   0.66   0.29     2.5s
  117       329.5       197.1    0.4014   0.67   0.29     2.3s
  118       353.6       224.4    0.4011   0.67   0.29     2.7s
  119       327.2       209.5    0.4009   0.68   0.30     2.7s
  [probe] gen=120 score=282.2 net=1.002 fell=0.700
  120       329.0       224.2    0.4007   0.68   0.30     2.5s
  121       337.0       200.0    0.4005   0.68   0.30     2.6s
  122       324.5       177.0    0.4005   0.69   0.30     2.3s
  123       315.9       174.0    0.4005   0.69   0.31     2.4s
  124       330.3       208.2    0.4006   0.70   0.31     2.4s
  [plot] Saved fitness curve → fitness_curve_cpg.png
  125       315.7       145.0    0.4008   0.70   0.31     2.5s
  126       343.6       148.4    0.4010   0.70   0.32     2.4s
  127       339.4       193.0    0.4011   0.71   0.32     2.4s
  128       336.5       175.8    0.4014   0.71   0.32     2.6s
  129       328.6       159.3    0.4017   0.72   0.32     2.5s
  [probe] gen=130 score=254.8 net=0.863 fell=0.700
  130       318.6       141.0    0.4020   0.72   0.33     2.2s
  131       326.3       169.0    0.4024   0.72   0.33     1.9s
  132       332.6       213.0    0.4028   0.73   0.33     2.3s
  133       317.2       189.2    0.4031   0.73   0.33     2.1s
  134       295.2       162.8    0.4033   0.74   0.34     2.0s
  135       322.9       133.7    0.4034   0.74   0.34     1.9s
  136       304.7       187.2    0.4037   0.74   0.34     2.1s
  137       308.1       188.3    0.4039   0.75   0.34     2.3s
  138       348.6       210.7    0.4042   0.75   0.34     2.4s
  139       352.7       210.4    0.4045   0.76   0.35     2.5s
  [probe] gen=140 score=235.9 net=1.091 fell=0.900
  140       323.5       201.4    0.4047   0.76   0.35     2.4s
  141       312.6       205.4    0.4048   0.76   0.35     2.3s
  142       331.4       208.3    0.4051   0.77   0.35     2.3s
  143       320.3       198.2    0.4054   0.77   0.36     2.3s
  144       311.0       195.3    0.4056   0.78   0.36     2.4s
  145       333.4       206.6    0.4058   0.78   0.36     2.6s
  146       356.2       187.7    0.4060   0.78   0.36     2.4s
  147       335.0       212.4    0.4061   0.79   0.37     2.7s
  148       318.4       202.1    0.4064   0.79   0.37     2.8s
  149       325.9       180.5    0.4064   0.80   0.37     2.6s
  [probe] gen=150 score=216.6 net=0.714 fell=0.500
  [plot] Saved fitness curve → fitness_curve_cpg.png
  150       349.1       195.3    0.4065   0.80   0.38     2.6s
  151       348.4       186.1    0.4064   0.80   0.38     3.2s
  152       303.1       214.4    0.4063   0.81   0.38     3.2s
  153       361.1       197.1    0.4060   0.81   0.38     3.0s
  154       302.5       141.6    0.4060   0.82   0.39     2.3s
  155       326.6       193.4    0.4059   0.82   0.39     2.6s
  156       354.4       204.2    0.4060   0.82   0.39     2.4s
  157       333.1       125.8    0.4060   0.83   0.39     2.0s
  158       329.7       191.7    0.4061   0.83   0.40     2.5s
  159       326.3       111.9    0.4062   0.84   0.40     2.0s
  [probe] gen=160 score=273.7 net=1.131 fell=0.900
  160       316.1       170.5    0.4063   0.84   0.40     2.3s
  161       302.4       148.5    0.4063   0.84   0.40     1.9s
  162       325.8       198.1    0.4062   0.85   0.41     2.2s
  163       327.7       190.1    0.4059   0.85   0.41     2.3s
  164       346.5       221.3    0.4057   0.86   0.41     2.6s
  165       330.7       226.9    0.4055   0.86   0.41     2.7s
  166       341.6       194.1    0.4053   0.86   0.41     2.5s
  167       330.9       188.9    0.4051   0.87   0.42     2.5s
  168       341.5       201.6    0.4049   0.87   0.42     2.5s
  169       321.9       229.7    0.4045   0.88   0.42     3.0s
  [probe] gen=170 score=268.3 net=1.087 fell=0.700
  170       345.8       218.2    0.4040   0.88   0.42     2.8s
  171       323.0       187.7    0.4034   0.88   0.43     2.4s
  172       350.6       200.4    0.4029   0.89   0.43     2.4s
  173       323.9       208.2    0.4024   0.89   0.43     2.7s
  174       322.7       204.4    0.4018   0.90   0.43     3.0s
  [plot] Saved fitness curve → fitness_curve_cpg.png
  175       350.7       196.4    0.4012   0.90   0.44     2.8s
  176       348.2       222.9    0.4007   0.90   0.44     2.7s
  177       335.6       211.9    0.4003   0.91   0.44     2.8s
  178       354.7       252.4    0.3998   0.91   0.45     3.0s
  179       347.4       234.5    0.3994   0.92   0.45     2.9s
  [probe] gen=180 score=269.1 net=1.262 fell=1.000
  180       331.3       226.3    0.3991   0.92   0.45     2.9s
  181       354.6       210.9    0.3987   0.92   0.45     3.1s
  182       308.5       178.1    0.3983   0.93   0.46     2.8s
  183       352.9       188.3    0.3978   0.93   0.46     2.6s
  184       362.1       221.6    0.3972   0.94   0.46     2.7s
  185       336.2       222.8    0.3967   0.94   0.46     2.7s
  186       353.5       227.7    0.3962   0.94   0.47     2.9s
  187       334.6       172.5    0.3955   0.95   0.47     2.1s
  188       376.8       221.3    0.3948   0.95   0.47     2.4s
  189       343.0       208.6    0.3942   0.96   0.47     2.8s
  [probe] gen=190 score=331.0 net=1.204 fell=1.000
  190       345.7       210.3    0.3936   0.96   0.47     2.6s
  191       350.3       253.8    0.3929   0.96   0.48     2.8s
  192       412.0       252.2    0.3923   0.97   0.48     2.8s
  193       346.0       248.8    0.3916   0.97   0.48     2.9s
  194       353.3       221.5    0.3912   0.98   0.48     2.9s
  195       354.5       234.6    0.3910   0.98   0.49     2.9s
  196       359.5       233.9    0.3907   0.98   0.49     2.7s
  197       334.8       225.6    0.3904   0.99   0.49     2.7s
  198       333.0       207.0    0.3900   0.99   0.49     2.5s
  199       367.0       205.3    0.3895   1.00   0.50     2.3s
  [probe] gen=200 score=394.9 net=1.486 fell=1.000
  [plot] Saved fitness curve → fitness_curve_cpg.png
  200       414.1       223.7    0.3892   1.00   0.50     2.7s
  201       397.7       204.7    0.3890   1.00   0.50     2.3s
  202       371.9       219.6    0.3888   1.00   0.50     2.5s
  203       412.4       203.0    0.3886   1.00   0.50     2.3s
  204       407.4       233.9    0.3883   1.00   0.50     2.5s
  205       410.9       253.4    0.3881   1.00   0.50     2.3s
  206       434.4       274.3    0.3879   1.00   0.50     2.6s
  207       423.1       210.8    0.3878   1.00   0.50     2.5s
  208       428.6       234.0    0.3877   1.00   0.50     2.4s
  209       416.4       257.7    0.3876   1.00   0.50     2.3s
  [probe] gen=210 score=253.3 net=0.879 fell=0.300
  210       433.0       261.0    0.3876   1.00   0.50     2.3s
  211       442.8       277.9    0.3877   1.00   0.50     2.3s
  212       418.0       276.1    0.3877   1.00   0.50     2.6s
  213       470.9       274.1    0.3877   1.00   0.50     2.4s
  214       434.4       282.3    0.3879   1.00   0.50     2.8s
  215       449.9       301.2    0.3882   1.00   0.50     2.7s
  216       435.8       259.8    0.3885   1.00   0.50     2.5s
  217       403.1       299.0    0.3885   1.00   0.50     2.8s
  218       415.2       278.9    0.3884   1.00   0.50     2.3s
  219       441.1       301.3    0.3883   1.00   0.50     2.7s
  [probe] gen=220 score=411.1 net=1.698 fell=1.000
  220       417.0       268.7    0.3882   1.00   0.50     2.3s
  221       447.8       312.2    0.3881   1.00   0.50     2.5s
  222       461.5       297.3    0.3879   1.00   0.50     2.6s
  223       407.8       292.8    0.3876   1.00   0.50     2.5s
  224       447.2       316.8    0.3874   1.00   0.50     2.6s
  [plot] Saved fitness curve → fitness_curve_cpg.png
  225       386.6       271.6    0.3872   1.00   0.50     2.5s
  226       457.6       314.8    0.3869   1.00   0.50     2.6s
  227       441.3       319.0    0.3866   1.00   0.50     2.6s
  228       464.7       303.4    0.3865   1.00   0.50     2.8s
  229       409.8       291.5    0.3864   1.00   0.50     2.6s
  [probe] gen=230 score=443.4 net=1.675 fell=1.000
  230       429.1       302.9    0.3864   1.00   0.50     2.6s
  231       459.9       333.9    0.3862   1.00   0.50     2.8s
  232       431.5       313.7    0.3860   1.00   0.50     2.9s
  233       456.9       273.1    0.3859   1.00   0.50     3.1s
  234       407.1       282.6    0.3859   1.00   0.50     2.7s
  235       473.4       284.0    0.3858   1.00   0.50     2.7s
  236       429.9       280.5    0.3858   1.00   0.50     2.7s
  237       424.9       313.0    0.3856   1.00   0.50     2.7s
  238       426.2       309.8    0.3855   1.00   0.50     2.7s
  239       448.5       285.0    0.3854   1.00   0.50     2.4s
  [probe] gen=240 score=411.7 net=1.613 fell=0.800
  240       463.1       311.6    0.3852   1.00   0.50     2.6s
  241       481.8       320.2    0.3850   1.00   0.50     2.6s
  242       460.0       313.7    0.3848   1.00   0.50     2.6s
  243       451.8       309.7    0.3845   1.00   0.50     2.6s
  244       468.0       304.9    0.3845   1.00   0.50     3.0s
  245       469.8       331.5    0.3844   1.00   0.50     2.7s
  246       440.5       249.2    0.3845   1.00   0.50     2.1s
  247       466.2       314.4    0.3846   1.00   0.50     2.8s
  248       413.4       272.2    0.3846   1.00   0.50     2.4s
  249       425.6       281.2    0.3844   1.00   0.50     2.4s
  [probe] gen=250 score=399.3 net=1.501 fell=0.900
  [plot] Saved fitness curve → fitness_curve_cpg.png
  250       457.4       346.8    0.3843   1.00   0.50     3.1s
  251       440.0       298.0    0.3842   1.00   0.50     2.6s
  252       461.1       327.0    0.3841   1.00   0.50     2.9s
  253       451.6       340.3    0.3841   1.00   0.50     2.8s
  254       468.7       312.8    0.3840   1.00   0.50     2.8s
  255       456.7       310.7    0.3839   1.00   0.50     2.9s
  256       451.2       327.4    0.3838   1.00   0.50     2.7s
  257       458.2       307.3    0.3837   1.00   0.50     3.0s
  258       458.9       295.1    0.3836   1.00   0.50     2.6s
  259       447.3       310.0    0.3835   1.00   0.50     2.7s
  [probe] gen=260 score=414.5 net=1.401 fell=0.100
  260       481.6       318.7    0.3833   1.00   0.50     2.8s
  261       470.1       286.0    0.3831   1.00   0.50     3.0s
  262       421.3       290.5    0.3829   1.00   0.50     2.5s
  263       419.1       266.0    0.3827   1.00   0.50     2.5s
  264       459.5       339.5    0.3826   1.00   0.50     2.7s
  265       458.4       269.1    0.3827   1.00   0.50     2.9s
  266       455.7       311.8    0.3827   1.00   0.50     3.0s
  267       432.8       289.5    0.3827   1.00   0.50     2.8s
  268       424.7       296.4    0.3829   1.00   0.50     2.8s
  269       449.2       279.9    0.3831   1.00   0.50     2.8s
  [probe] gen=270 score=429.0 net=1.579 fell=0.900
  270       420.0       287.5    0.3833   1.00   0.50     2.9s
  271       451.8       312.0    0.3835   1.00   0.50     2.8s
  272       429.8       254.5    0.3838   1.00   0.50     3.1s
  273       432.2       277.2    0.3841   1.00   0.50     2.6s
  274       446.9       285.1    0.3845   1.00   0.50     2.7s
  [plot] Saved fitness curve → fitness_curve_cpg.png
  275       440.8       294.9    0.3848   1.00   0.50     2.7s
  276       453.2       249.3    0.3851   1.00   0.50     2.8s
  277       440.3       287.5    0.3853   1.00   0.50     2.9s
  278       493.4       288.3    0.3855   1.00   0.50     2.9s
  279       493.1       258.3    0.3857   1.00   0.50     2.7s
  [probe] gen=280 score=420.4 net=1.776 fell=1.000
  280       467.2       301.9    0.3858   1.00   0.50     2.6s
  281       464.1       231.1    0.3859   1.00   0.50     2.4s
  282       468.7       306.2    0.3861   1.00   0.50     2.8s
  283       512.9       229.7    0.3862   1.00   0.50     2.4s
  284       474.7       271.7    0.3862   1.00   0.50     2.4s
  285       446.3       278.4    0.3863   1.00   0.50     2.8s
  286       399.3       240.5    0.3865   1.00   0.50     2.5s
  287       460.3       291.0    0.3867   1.00   0.50     2.7s
  288       470.7       283.6    0.3869   1.00   0.50     2.8s
  289       477.3       242.8    0.3870   1.00   0.50     2.1s
  [probe] gen=290 score=323.6 net=1.616 fell=1.000
  290       499.5       288.4    0.3872   1.00   0.50     2.7s
  291       488.0       286.1    0.3874   1.00   0.50     2.8s
  292       501.7       286.4    0.3877   1.00   0.50     2.6s
  293       525.9       296.9    0.3878   1.00   0.50     2.7s
  294       431.8       249.6    0.3878   1.00   0.50     2.8s
  295       557.7       260.3    0.3878   1.00   0.50     2.4s
  296       517.2       292.0    0.3876   1.00   0.50     2.8s
  297       496.2       270.4    0.3874   1.00   0.50     2.7s
  298       508.4       324.8    0.3874   1.00   0.50     2.7s
  299       512.0       270.0    0.3873   1.00   0.50     2.2s
  [probe] gen=300 score=495.0 net=1.842 fell=0.800
  [plot] Saved fitness curve → fitness_curve_cpg.png
  300       496.3       227.2    0.3874   1.00   0.50     2.4s
  301       515.2       190.5    0.3875   1.00   0.50     2.2s
  302       569.8       232.3    0.3876   1.00   0.50     2.7s
  303       533.4       314.9    0.3877   1.00   0.50     2.6s
  304       474.7       246.1    0.3876   1.00   0.50     2.6s
  305       483.8       229.6    0.3877   1.00   0.50     2.5s
  306       515.9       272.3    0.3877   1.00   0.50     2.7s
  307       523.8       300.7    0.3878   1.00   0.50     2.8s
  308       517.8       253.9    0.3880   1.00   0.50     2.8s
  309       515.1       251.3    0.3881   1.00   0.50     2.8s
  [probe] gen=310 score=452.1 net=1.677 fell=0.900
  310       525.5       275.9    0.3881   1.00   0.50     2.8s
  311       495.5       199.5    0.3880   1.00   0.50     2.4s
  312       466.1       237.5    0.3879   1.00   0.50     2.2s
  313       578.2       252.0    0.3879   1.00   0.50     2.6s
  314       512.3       316.2    0.3881   1.00   0.50     3.1s
  315       492.7       298.9    0.3882   1.00   0.50     2.9s
  316       523.8       259.6    0.3884   1.00   0.50     2.6s
  317       498.7       227.3    0.3887   1.00   0.50     2.6s
  318       536.5       238.0    0.3890   1.00   0.50     2.5s
  319       527.8       214.3    0.3890   1.00   0.50     2.5s
  [probe] gen=320 score=392.9 net=1.730 fell=1.000
  320       496.0       247.9    0.3889   1.00   0.50     2.3s
  321       511.8       250.3    0.3886   1.00   0.50     2.5s
  322       558.3       226.6    0.3883   1.00   0.50     2.3s
  323       524.0       303.5    0.3877   1.00   0.50     2.6s
  324       492.5       280.2    0.3872   1.00   0.50     2.8s
  [plot] Saved fitness curve → fitness_curve_cpg.png
  325       567.2       261.3    0.3868   1.00   0.50     2.8s
  326       535.1       273.6    0.3862   1.00   0.50     2.8s
  327       547.5       276.2    0.3857   1.00   0.50     2.5s
  328       573.5       285.2    0.3853   1.00   0.50     2.9s
  329       584.2       293.5    0.3846   1.00   0.50     2.7s
  [probe] gen=330 score=540.6 net=2.274 fell=1.000
  330       573.0       336.0    0.3839   1.00   0.50     2.8s
  331       517.7       307.1    0.3832   1.00   0.50     2.7s
  332       522.7       289.8    0.3825   1.00   0.50     2.4s
  333       551.6       265.1    0.3819   1.00   0.50     2.4s
  334       535.3       291.0    0.3812   1.00   0.50     2.6s
  335       466.7       251.6    0.3805   1.00   0.50     2.6s
  336       454.4       298.3    0.3798   1.00   0.50     2.9s
  337       517.8       324.6    0.3792   1.00   0.50     2.7s
  338       543.7       305.0    0.3787   1.00   0.50     2.8s
  339       486.6       287.4    0.3780   1.00   0.50     2.6s
  [probe] gen=340 score=475.2 net=1.744 fell=0.600
  340       503.2       292.5    0.3773   1.00   0.50     2.8s
  341       515.0       356.4    0.3767   1.00   0.50     2.7s
  342       526.1       363.8    0.3761   1.00   0.50     3.2s
  343       540.6       297.0    0.3754   1.00   0.50     3.0s
  344       495.8       262.4    0.3749   1.00   0.50     2.9s
  345       531.9       277.3    0.3743   1.00   0.50     2.8s
  346       555.7       343.2    0.3739   1.00   0.50     2.7s
  347       474.5       258.0    0.3735   1.00   0.50     2.5s
  348       558.7       267.3    0.3732   1.00   0.50     2.9s
  349       487.0       280.2    0.3728   1.00   0.50     2.7s
  [probe] gen=350 score=477.0 net=1.864 fell=1.000
  [plot] Saved fitness curve → fitness_curve_cpg.png
  350       498.0       314.6    0.3724   1.00   0.50     2.6s
  351       525.9       282.9    0.3721   1.00   0.50     2.7s
  352       508.3       300.0    0.3717   1.00   0.50     2.7s
  353       515.5       304.0    0.3712   1.00   0.50     3.1s
  354       548.5       304.8    0.3709   1.00   0.50     2.9s
  355       502.8       348.3    0.3706   1.00   0.50     3.1s
  356       563.5       340.9    0.3702   1.00   0.50     2.9s
  357       538.1       341.9    0.3697   1.00   0.50     2.9s
  358       511.4       308.4    0.3696   1.00   0.50     3.2s
  359       526.6       358.7    0.3693   1.00   0.50     3.3s
  [probe] gen=360 score=535.5 net=2.073 fell=0.900
  360       547.8       357.3    0.3689   1.00   0.50     2.8s
  361       519.7       369.6    0.3686   1.00   0.50     2.9s
  362       528.7       317.0    0.3683   1.00   0.50     3.0s
  363       552.6       376.8    0.3681   1.00   0.50     3.1s
  364       502.5       338.7    0.3678   1.00   0.50     2.8s
  365       559.7       336.6    0.3674   1.00   0.50     2.9s
  366       533.4       300.6    0.3669   1.00   0.50     2.8s
  367       526.1       366.3    0.3665   1.00   0.50     2.6s
  368       572.2       362.5    0.3660   1.00   0.50     2.7s
  369       530.6       352.6    0.3655   1.00   0.50     3.0s
  [probe] gen=370 score=495.2 net=1.891 fell=1.000
  370       493.0       334.7    0.3651   1.00   0.50     3.0s
  371       529.1       366.1    0.3646   1.00   0.50     3.1s
  372       534.4       376.3    0.3641   1.00   0.50     2.9s
  373       573.4       422.4    0.3637   1.00   0.50     3.1s
  374       538.7       345.5    0.3632   1.00   0.50     3.0s
  [plot] Saved fitness curve → fitness_curve_cpg.png
  375       507.1       391.2    0.3628   1.00   0.50     3.0s
  376       574.3       417.9    0.3624   1.00   0.50     3.0s
  377       552.1       370.5    0.3621   1.00   0.50     3.0s
  378       524.8       388.8    0.3617   1.00   0.50     2.9s
  379       556.2       390.9    0.3613   1.00   0.50     3.1s
  [probe] gen=380 score=460.0 net=1.885 fell=0.900
  380       519.5       359.8    0.3608   1.00   0.50     2.9s
  381       552.9       350.7    0.3602   1.00   0.50     2.9s
  382       606.2       385.9    0.3595   1.00   0.50     2.9s
  383       556.2       401.0    0.3589   1.00   0.50     3.2s
  384       563.4       383.7    0.3583   1.00   0.50     3.1s
  385       524.6       409.8    0.3579   1.00   0.50     3.1s
  386       557.3       397.9    0.3575   1.00   0.50     3.0s
  387       544.8       395.9    0.3572   1.00   0.50     2.9s
  388       554.9       388.3    0.3567   1.00   0.50     2.9s
  389       531.4       379.8    0.3562   1.00   0.50     2.7s
  [probe] gen=390 score=498.7 net=1.926 fell=1.000
  390       541.0       359.3    0.3557   1.00   0.50     2.7s
  391       529.6       359.4    0.3552   1.00   0.50     2.7s
  392       552.9       375.7    0.3547   1.00   0.50     2.7s
  393       571.4       378.5    0.3541   1.00   0.50     2.7s
  394       560.8       388.0    0.3538   1.00   0.50     2.9s
  395       544.1       393.9    0.3535   1.00   0.50     3.0s
  396       569.2       415.9    0.3533   1.00   0.50     3.0s
  397       537.9       407.2    0.3532   1.00   0.50     3.0s
  398       577.4       379.1    0.3531   1.00   0.50     2.9s
  399       575.9       408.6    0.3531   1.00   0.50     3.2s
  [probe] gen=400 score=515.5 net=2.062 fell=0.900
  [plot] Saved fitness curve → fitness_curve_cpg.png
  400       596.4       428.3    0.3530   1.00   0.50     3.0s
  401       588.0       414.1    0.3531   1.00   0.50     3.0s
  402       573.2       415.4    0.3531   1.00   0.50     2.8s
  403       557.4       405.1    0.3533   1.00   0.50     2.9s
  404       565.1       429.6    0.3535   1.00   0.50     2.9s
  405       614.3       423.6    0.3537   1.00   0.50     3.1s
  406       564.7       369.3    0.3540   1.00   0.50     2.7s
  407       588.5       375.6    0.3541   1.00   0.50     2.9s
  408       607.6       419.6    0.3540   1.00   0.50     3.0s
  409       581.0       423.9    0.3539   1.00   0.50     3.0s
  [probe] gen=410 score=540.6 net=2.170 fell=0.800
  410       633.9       453.8    0.3537   1.00   0.50     3.0s
  411       630.1       421.6    0.3536   1.00   0.50     2.8s
  412       657.6       463.6    0.3535   1.00   0.50     3.0s
  413       608.8       427.0    0.3537   1.00   0.50     3.0s
  414       577.6       436.1    0.3539   1.00   0.50     3.1s
  415       584.1       396.7    0.3541   1.00   0.50     3.1s
  416       551.2       429.8    0.3543   1.00   0.50     3.0s
  417       611.5       452.9    0.3544   1.00   0.50     3.1s
  418       596.6       432.3    0.3547   1.00   0.50     3.1s
  419       608.6       403.8    0.3550   1.00   0.50     3.3s
  [probe] gen=420 score=554.0 net=2.306 fell=1.000
  420       561.6       428.4    0.3553   1.00   0.50     2.9s
  421       607.8       418.8    0.3555   1.00   0.50     3.0s
  422       591.6       423.9    0.3556   1.00   0.50     3.1s
  423       628.8       423.6    0.3559   1.00   0.50     3.1s
  424       605.0       445.0    0.3560   1.00   0.50     3.1s
  [plot] Saved fitness curve → fitness_curve_cpg.png
  425       589.7       452.5    0.3564   1.00   0.50     3.1s
  426       584.5       399.4    0.3568   1.00   0.50     3.1s
  427       602.5       464.3    0.3572   1.00   0.50     3.1s
  428       573.5       406.3    0.3575   1.00   0.50     3.0s
  429       583.9       414.2    0.3576   1.00   0.50     2.9s
  [probe] gen=430 score=457.9 net=2.270 fell=1.000
  430       698.2       440.2    0.3578   1.00   0.50     3.0s
  431       620.6       452.9    0.3580   1.00   0.50     2.9s
  432       595.1       441.8    0.3583   1.00   0.50     2.8s
  433       596.2       387.3    0.3586   1.00   0.50     2.9s
  434       600.1       363.7    0.3588   1.00   0.50     3.1s
  435       658.2       436.6    0.3590   1.00   0.50     3.0s
  436       613.3       445.7    0.3593   1.00   0.50     3.2s
  437       571.7       412.9    0.3595   1.00   0.50     2.8s
  438       546.8       396.6    0.3597   1.00   0.50     2.6s
  439       600.1       449.1    0.3598   1.00   0.50     3.1s
  [probe] gen=440 score=564.5 net=2.096 fell=0.300
  440       569.1       426.0    0.3597   1.00   0.50     2.9s
  441       633.0       411.2    0.3598   1.00   0.50     2.9s
  442       614.2       434.0    0.3598   1.00   0.50     3.0s
  443       619.5       450.0    0.3599   1.00   0.50     3.0s
  444       592.4       433.2    0.3599   1.00   0.50     3.1s
  445       604.1       439.7    0.3598   1.00   0.50     3.0s
  446       654.1       481.4    0.3599   1.00   0.50     3.1s
  447       584.9       449.1    0.3599   1.00   0.50     3.1s
  448       614.5       411.2    0.3599   1.00   0.50     3.1s
  449       561.7       437.0    0.3600   1.00   0.50     3.1s
  [probe] gen=450 score=471.1 net=2.112 fell=0.900
  [plot] Saved fitness curve → fitness_curve_cpg.png
  450       539.0       413.3    0.3601   1.00   0.50     3.3s
  451       609.7       418.5    0.3602   1.00   0.50     3.1s
  452       571.9       407.7    0.3604   1.00   0.50     3.2s
  453       610.0       402.1    0.3607   1.00   0.50     3.2s
  454       591.4       432.4    0.3608   1.00   0.50     3.1s
  455       622.6       431.9    0.3609   1.00   0.50     3.0s
  456       590.4       422.2    0.3609   1.00   0.50     3.0s
  457       622.9       438.7    0.3609   1.00   0.50     3.2s
  458       635.7       398.3    0.3607   1.00   0.50     3.1s
  459       638.3       434.8    0.3605   1.00   0.50     3.1s
  [probe] gen=460 score=556.2 net=2.111 fell=0.300
  460       575.2       425.6    0.3604   1.00   0.50     2.9s
  461       636.4       442.1    0.3604   1.00   0.50     2.8s
  462       679.1       441.3    0.3603   1.00   0.50     3.0s
  463       747.3       477.4    0.3602   1.00   0.50     3.2s
  464       680.0       477.1    0.3602   1.00   0.50     3.2s
  465       631.0       433.9    0.3601   1.00   0.50     2.8s
  466       657.1       457.3    0.3602   1.00   0.50     2.8s
  467       643.7       461.0    0.3602   1.00   0.50     3.0s
  468       745.2       459.4    0.3602   1.00   0.50     3.1s
  469       631.0       400.9    0.3603   1.00   0.50     2.8s
  [probe] gen=470 score=672.3 net=2.831 fell=0.600
  470       691.6       433.9    0.3604   1.00   0.50     2.9s
  471       653.1       401.4    0.3605   1.00   0.50     2.7s
  472       971.4       367.7    0.3607   1.00   0.50     2.7s
  473       758.5       436.6    0.3610   1.00   0.50     3.0s
  474       794.2       404.0    0.3611   1.00   0.50     2.5s
  [plot] Saved fitness curve → fitness_curve_cpg.png
  475       670.7       450.9    0.3611   1.00   0.50     2.7s
  476       915.5       386.5    0.3612   1.00   0.50     2.5s
  477       855.8       304.9    0.3613   1.00   0.50     2.4s
  478       941.4       360.1    0.3613   1.00   0.50     2.5s
  479       904.6       375.4    0.3613   1.00   0.50     2.2s
  [probe] gen=480 score=820.7 net=3.995 fell=0.800
  480       952.9       299.5    0.3614   1.00   0.50     2.2s
  481       741.9       429.8    0.3616   1.00   0.50     2.4s
  482       949.2       421.3    0.3616   1.00   0.50     2.7s
  483       746.4       390.9    0.3618   1.00   0.50     2.4s
  484       768.5       423.5    0.3619   1.00   0.50     2.4s
  485       798.3       473.7    0.3620   1.00   0.50     2.7s
  486       923.8       396.2    0.3622   1.00   0.50     2.3s
  487       674.1       373.0    0.3625   1.00   0.50     2.4s
  488       911.3       484.7    0.3626   1.00   0.50     2.4s
  489       981.9       449.6    0.3627   1.00   0.50     2.5s
  [probe] gen=490 score=606.6 net=2.637 fell=0.700
  490       860.0       438.1    0.3629   1.00   0.50     2.6s
  491       807.1       360.7    0.3631   1.00   0.50     2.1s
  492       823.9       394.6    0.3632   1.00   0.50     2.4s
  493       793.6       416.6    0.3634   1.00   0.50     2.3s
  494       833.8       377.7    0.3635   1.00   0.50     2.4s
  495       853.2       449.3    0.3636   1.00   0.50     2.7s
  496       860.6       364.1    0.3637   1.00   0.50     2.5s
  497       733.0       342.6    0.3639   1.00   0.50     2.5s
  498       703.6       433.7    0.3640   1.00   0.50     2.6s
  499       701.0       367.2    0.3640   1.00   0.50     2.5s
CMA-ES stop reasons: {'maxiter': 500}
  [plot] Saved fitness curve → fitness_curve_cpg.png

Training complete. Best fitness: 981.9
Best params → experiments/thesis/fixed_gravity/seed_03/working_checkpoints/best_params.npy
Fitness curve → fitness_curve_cpg.png
Final Earth scorecard | score=443.4 net=2.339 fell=0.650
Gravity sweep | gravities=5 mean_net=1.333 worst_net=-0.879
  [exp] Archived → experiments/thesis/fixed_gravity/seed_03/
  [exp] Wrote experiments/thesis/fixed_gravity/seed_03/training_log.csv
  [exp] Wrote experiments/thesis/fixed_gravity/seed_03/earth_probe.csv
  [exp] Wrote experiments/thesis/fixed_gravity/seed_03/gravity_sweep.csv
  [exp] Wrote experiments/thesis/fixed_gravity/seed_03/summary.json
