Walker2d-v5 | policy=CPG  params=504
Curriculum   : AdaptiveProgression  [-1.6→-3.0→-5.0→-7.0→-9.81]  plateau=30gen  min_improve=5.0
Run context | seed=7 arm=adaptive_progression run_id=adaptive_progression_seed_07

Schedule | penalty_min=0.20 penalty_ramp_gen=200 corr_min=0.00 corr_max=0.50 corr_ramp_gen=200

Starting CMA-ES | pop=40 | sigma0=0.5 | max_gen=500 | workers=8 | seed=7
Checkpoints → experiments/thesis/adaptive_progression/seed_07/checkpoints/

  Gen        Best        Mean     Sigma    Pen   Corr    Gravity  Phase              Time
------------------------------------------------------------------------------------
  [probe] gen=0 score=-408.4 net=-0.216 fell=1.000 [new best earth]
  [plot] Saved fitness curve → experiments/thesis/adaptive_progression/seed_07/fitness_curve.png
    0       -46.5       -75.8    0.4903   0.20   0.00    -1.6000  lv0(-1.6)          1.5s
    1       -66.7       -76.7    0.4818   0.20   0.00    -1.6000  lv0(-1.6)          0.2s
    2       -56.8       -77.0    0.4743   0.21   0.01    -1.6000  lv0(-1.6)          0.2s
    3       -54.9       -73.0    0.4675   0.21   0.01    -1.6000  lv0(-1.6)          0.2s
    4       -63.1       -74.7    0.4615   0.22   0.01    -1.6000  lv0(-1.6)          0.2s
    5       -57.8       -75.1    0.4559   0.22   0.01    -1.6000  lv0(-1.6)          0.2s
    6       -57.2       -74.4    0.4510   0.22   0.01    -1.6000  lv0(-1.6)          0.2s
    7       -21.2       -72.3    0.4465   0.23   0.02    -1.6000  lv0(-1.6)          0.2s
    8       -58.6       -76.4    0.4425   0.23   0.02    -1.6000  lv0(-1.6)          0.2s
    9       -55.4       -76.7    0.4388   0.24   0.02    -1.6000  lv0(-1.6)          0.3s
  [probe] gen=10 score=-382.8 net=-0.330 fell=1.000 [new best earth]
   10       -46.9       -73.9    0.4355   0.24   0.03    -1.6000  lv0(-1.6)          0.2s
   11       -59.4       -73.4    0.4323   0.24   0.03    -1.6000  lv0(-1.6)          0.2s
   12       -47.6       -76.6    0.4293   0.25   0.03    -1.6000  lv0(-1.6)          0.3s
   13       -56.1       -77.1    0.4264   0.25   0.03    -1.6000  lv0(-1.6)          0.2s
   14       -37.5       -78.0    0.4236   0.26   0.04    -1.6000  lv0(-1.6)          0.3s
   15       -60.7       -78.4    0.4209   0.26   0.04    -1.6000  lv0(-1.6)          0.3s
   16        48.1       -76.6    0.4182   0.26   0.04    -1.6000  lv0(-1.6)          0.3s
   17       -50.7       -76.5    0.4158   0.27   0.04    -1.6000  lv0(-1.6)          0.2s
   18       -23.1       -71.9    0.4134   0.27   0.04    -1.6000  lv0(-1.6)          0.3s
   19         1.2       -73.3    0.4112   0.28   0.05    -1.6000  lv0(-1.6)          0.3s
  [probe] gen=20 score=-355.1 net=-0.217 fell=1.000 [new best earth]
   20        27.6       -69.5    0.4091   0.28   0.05    -1.6000  lv0(-1.6)          0.3s
   21        24.7       -64.7    0.4072   0.28   0.05    -1.6000  lv0(-1.6)          0.4s
   22        -5.7       -75.1    0.4054   0.29   0.06    -1.6000  lv0(-1.6)          0.4s
   23        66.5       -57.5    0.4037   0.29   0.06    -1.6000  lv0(-1.6)          0.5s
   24        72.4       -60.7    0.4020   0.30   0.06    -1.6000  lv0(-1.6)          0.5s
  [plot] Saved fitness curve → experiments/thesis/adaptive_progression/seed_07/fitness_curve.png
   25        37.6       -67.6    0.4003   0.30   0.06    -1.6000  lv0(-1.6)          0.5s
   26        72.1       -56.2    0.3986   0.30   0.07    -1.6000  lv0(-1.6)          0.4s
   27        90.7       -66.3    0.3972   0.31   0.07    -1.6000  lv0(-1.6)          0.4s
   28       109.1       -63.0    0.3958   0.31   0.07    -1.6000  lv0(-1.6)          0.5s
   29        68.7       -54.1    0.3945   0.32   0.07    -1.6000  lv0(-1.6)          0.6s
  [probe] gen=30 score=-398.5 net=-0.206 fell=1.000
   30        51.9       -73.2    0.3934   0.32   0.07    -1.6000  lv0(-1.6)          0.5s
   31        84.8       -68.5    0.3925   0.32   0.08    -1.6000  lv0(-1.6)          0.5s
   32       278.3       -58.7    0.3917   0.33   0.08    -1.6000  lv0(-1.6)          0.5s
   33        93.6       -71.3    0.3909   0.33   0.08    -1.6000  lv0(-1.6)          0.4s
   34       161.2       -38.9    0.3904   0.34   0.09    -1.6000  lv0(-1.6)          0.6s
   35       102.6       -56.1    0.3899   0.34   0.09    -1.6000  lv0(-1.6)          0.5s
   36       255.0       -37.0    0.3896   0.34   0.09    -1.6000  lv0(-1.6)          0.6s
   37       397.2        18.7    0.3892   0.35   0.09    -1.6000  lv0(-1.6)          0.8s
   38       309.6       -33.9    0.3887   0.35   0.10    -1.6000  lv0(-1.6)          0.6s
   39       150.4       -51.9    0.3884   0.36   0.10    -1.6000  lv0(-1.6)          0.7s
  [probe] gen=40 score=-418.1 net=-0.206 fell=1.000
   40       178.9       -48.8    0.3881   0.36   0.10    -1.6000  lv0(-1.6)          0.6s
   41       212.2       -29.1    0.3878   0.36   0.10    -1.6000  lv0(-1.6)          0.6s
   42       153.3       -26.6    0.3873   0.37   0.10    -1.6000  lv0(-1.6)          0.7s
   43       233.7        -0.7    0.3870   0.37   0.11    -1.6000  lv0(-1.6)          0.7s
   44       240.4       -19.2    0.3867   0.38   0.11    -1.6000  lv0(-1.6)          0.8s
   45       394.6       -19.0    0.3867   0.38   0.11    -1.6000  lv0(-1.6)          0.7s
   46       302.4        -9.4    0.3867   0.38   0.12    -1.6000  lv0(-1.6)          0.8s
   47       196.3       -20.6    0.3867   0.39   0.12    -1.6000  lv0(-1.6)          0.8s
   48       166.7       -26.7    0.3869   0.39   0.12    -1.6000  lv0(-1.6)          0.7s
   49       403.5        18.2    0.3871   0.40   0.12    -1.6000  lv0(-1.6)          0.8s
  [probe] gen=50 score=-253.8 net=0.062 fell=1.000 [new best earth]
  [plot] Saved fitness curve → experiments/thesis/adaptive_progression/seed_07/fitness_curve.png
   50       315.4         8.4    0.3874   0.40   0.12    -1.6000  lv0(-1.6)          0.7s
   51       378.6        24.4    0.3876   0.40   0.13    -1.6000  lv0(-1.6)          0.8s
   52       340.7        29.6    0.3877   0.41   0.13    -1.6000  lv0(-1.6)          0.8s
   53       315.0       -38.8    0.3876   0.41   0.13    -1.6000  lv0(-1.6)          0.7s
   54       286.4       -17.1    0.3875   0.42   0.14    -1.6000  lv0(-1.6)          0.8s
   55       285.3         1.8    0.3875   0.42   0.14    -1.6000  lv0(-1.6)          0.8s
   56       205.7       -18.7    0.3875   0.42   0.14    -1.6000  lv0(-1.6)          0.7s
   57       259.6         4.8    0.3877   0.43   0.14    -1.6000  lv0(-1.6)          0.8s
   58       304.7         7.7    0.3879   0.43   0.14    -1.6000  lv0(-1.6)          0.8s
   59       338.3        13.2    0.3881   0.44   0.15    -1.6000  lv0(-1.6)          0.8s
  [probe] gen=60 score=-69.6 net=0.821 fell=1.000 [new best earth]
   60       240.2        30.5    0.3883   0.44   0.15    -1.6000  lv0(-1.6)          0.8s
   61       226.6       -19.2    0.3884   0.44   0.15    -1.6000  lv0(-1.6)          0.7s
   62       190.6        19.1    0.3883   0.45   0.15    -1.6000  lv0(-1.6)          0.8s
   63       222.6       -37.4    0.3881   0.45   0.16    -1.6000  lv0(-1.6)          0.7s
   64       241.1         0.1    0.3877   0.46   0.16    -1.6000  lv0(-1.6)          0.7s
   65       280.9       -12.6    0.3874   0.46   0.16    -1.6000  lv0(-1.6)          0.6s
   66       318.4        -9.8    0.3871   0.46   0.17    -1.6000  lv0(-1.6)          0.8s
   67       187.3       -25.8    0.3867   0.47   0.17    -1.6000  lv0(-1.6)          0.7s
   68       310.2       -41.3    0.3863   0.47   0.17    -1.6000  lv0(-1.6)          0.8s
   69       289.1        16.7    0.3859   0.48   0.17    -1.6000  lv0(-1.6)          0.8s
  [probe] gen=70 score=-305.9 net=-0.059 fell=1.000
   70       395.6        11.8    0.3853   0.48   0.17    -1.6000  lv0(-1.6)          0.8s
   71       260.6       -14.7    0.3848   0.48   0.18    -1.6000  lv0(-1.6)          0.9s
   72       356.5        -8.5    0.3842   0.49   0.18    -1.6000  lv0(-1.6)          0.8s
   73       254.5       -28.0    0.3837   0.49   0.18    -1.6000  lv0(-1.6)          0.7s
   74       210.9       -24.8    0.3831   0.50   0.18    -1.6000  lv0(-1.6)          0.9s
  [plot] Saved fitness curve → experiments/thesis/adaptive_progression/seed_07/fitness_curve.png
   75       252.1       -18.8    0.3826   0.50   0.19    -1.6000  lv0(-1.6)          1.0s
   76       313.7        -3.1    0.3820   0.50   0.19    -1.6000  lv0(-1.6)          0.9s
   77       390.4        -7.8    0.3815   0.51   0.19    -1.6000  lv0(-1.6)          0.9s
   78       287.2        -8.8    0.3810   0.51   0.20    -1.6000  lv0(-1.6)          1.1s
  [stage] gen=79  gravity -1.60 → -3.00  ES restarted  remaining=420
   79       407.9         3.2    0.5000   0.52   0.20    -1.6000  lv0(-1.6)          0.9s
  [probe] gen=80 score=33.1 net=1.022 fell=1.000 [new best earth]
   80       331.6       -91.0    0.4903   0.52   0.20    -3.0000  lv1(-3.0)          1.0s
   81       302.5       -21.5    0.4820   0.52   0.20    -3.0000  lv1(-3.0)          1.1s
   82       458.0        -7.6    0.4745   0.53   0.20    -3.0000  lv1(-3.0)          1.3s
   83       482.2        49.1    0.4679   0.53   0.21    -3.0000  lv1(-3.0)          1.5s
   84       296.4       -16.0    0.4618   0.54   0.21    -3.0000  lv1(-3.0)          1.3s
   85       573.4        46.9    0.4562   0.54   0.21    -3.0000  lv1(-3.0)          1.6s
   86       564.0        81.1    0.4511   0.54   0.21    -3.0000  lv1(-3.0)          1.6s
   87       526.4        65.7    0.4466   0.55   0.22    -3.0000  lv1(-3.0)          1.6s
   88       520.9        91.3    0.4426   0.55   0.22    -3.0000  lv1(-3.0)          1.7s
   89       506.6        41.2    0.4390   0.56   0.22    -3.0000  lv1(-3.0)          1.6s
  [probe] gen=90 score=-150.0 net=0.160 fell=1.000
   90       435.1       124.4    0.4360   0.56   0.23    -3.0000  lv1(-3.0)          1.9s
   91       570.8       143.7    0.4331   0.56   0.23    -3.0000  lv1(-3.0)          1.9s
   92       523.9       105.7    0.4306   0.57   0.23    -3.0000  lv1(-3.0)          2.0s
   93       480.7       117.7    0.4283   0.57   0.23    -3.0000  lv1(-3.0)          1.9s
   94       509.1       156.2    0.4260   0.58   0.23    -3.0000  lv1(-3.0)          2.2s
   95       598.0       156.0    0.4238   0.58   0.24    -3.0000  lv1(-3.0)          1.9s
   96       491.3       191.0    0.4218   0.58   0.24    -3.0000  lv1(-3.0)          2.2s
   97       503.1       193.1    0.4199   0.59   0.24    -3.0000  lv1(-3.0)          2.1s
   98       563.3       191.7    0.4181   0.59   0.24    -3.0000  lv1(-3.0)          2.1s
   99       545.8       210.7    0.4164   0.60   0.25    -3.0000  lv1(-3.0)          2.1s
  [probe] gen=100 score=94.3 net=1.078 fell=0.900 [new best earth]
  [plot] Saved fitness curve → experiments/thesis/adaptive_progression/seed_07/fitness_curve.png
  100       574.7       250.8    0.4149   0.60   0.25    -3.0000  lv1(-3.0)          2.4s
  101       644.8       176.9    0.4136   0.60   0.25    -3.0000  lv1(-3.0)          1.9s
  102       606.8       213.2    0.4123   0.61   0.26    -3.0000  lv1(-3.0)          2.0s
  103       670.4       361.7    0.4112   0.61   0.26    -3.0000  lv1(-3.0)          2.3s
  104       695.4       295.5    0.4101   0.62   0.26    -3.0000  lv1(-3.0)          2.5s
  105       663.1       293.8    0.4092   0.62   0.26    -3.0000  lv1(-3.0)          2.4s
  106       641.9       180.5    0.4084   0.62   0.27    -3.0000  lv1(-3.0)          2.0s
  107       781.8       298.8    0.4078   0.63   0.27    -3.0000  lv1(-3.0)          2.0s
  108       710.5       365.9    0.4070   0.63   0.27    -3.0000  lv1(-3.0)          2.2s
  109       793.6       273.6    0.4063   0.64   0.27    -3.0000  lv1(-3.0)          2.2s
  [probe] gen=110 score=-28.2 net=0.559 fell=1.000
  110       894.9       333.7    0.4055   0.64   0.28    -3.0000  lv1(-3.0)          2.7s
  111       711.5       285.1    0.4049   0.64   0.28    -3.0000  lv1(-3.0)          2.5s
  112      1003.8       335.1    0.4044   0.65   0.28    -3.0000  lv1(-3.0)          2.6s
  113       738.4       318.2    0.4038   0.65   0.28    -3.0000  lv1(-3.0)          2.5s
  114       897.2       408.3    0.4032   0.66   0.28    -3.0000  lv1(-3.0)          2.6s
  115       838.9       388.3    0.4028   0.66   0.29    -3.0000  lv1(-3.0)          2.5s
  116       838.2       275.3    0.4026   0.66   0.29    -3.0000  lv1(-3.0)          2.0s
  117       842.0       373.1    0.4025   0.67   0.29    -3.0000  lv1(-3.0)          2.2s
  118       857.7       394.0    0.4025   0.67   0.29    -3.0000  lv1(-3.0)          2.3s
  119       882.1       394.3    0.4025   0.68   0.30    -3.0000  lv1(-3.0)          2.7s
  [probe] gen=120 score=-47.9 net=0.415 fell=0.900
  120       867.3       327.8    0.4025   0.68   0.30    -3.0000  lv1(-3.0)          2.2s
  121       778.1       400.9    0.4024   0.68   0.30    -3.0000  lv1(-3.0)          2.5s
  122       934.1       395.0    0.4026   0.69   0.30    -3.0000  lv1(-3.0)          2.6s
  123      1082.7       301.9    0.4028   0.69   0.31    -3.0000  lv1(-3.0)          2.2s
  124       740.2       289.2    0.4031   0.70   0.31    -3.0000  lv1(-3.0)          2.3s
  [plot] Saved fitness curve → experiments/thesis/adaptive_progression/seed_07/fitness_curve.png
  125       956.2       259.5    0.4035   0.70   0.31    -3.0000  lv1(-3.0)          2.4s
  126       970.0       381.0    0.4039   0.70   0.32    -3.0000  lv1(-3.0)          2.5s
  127       916.6       349.8    0.4043   0.71   0.32    -3.0000  lv1(-3.0)          2.4s
  128       965.8       315.3    0.4046   0.71   0.32    -3.0000  lv1(-3.0)          2.2s
  129      1038.6       341.7    0.4049   0.72   0.32    -3.0000  lv1(-3.0)          2.4s
  [probe] gen=130 score=291.8 net=1.497 fell=0.800 [new best earth]
  130       866.9       283.5    0.4050   0.72   0.33    -3.0000  lv1(-3.0)          2.2s
  131       958.4       381.6    0.4051   0.72   0.33    -3.0000  lv1(-3.0)          2.5s
  132       868.0       335.7    0.4051   0.73   0.33    -3.0000  lv1(-3.0)          2.3s
  133      1014.5       415.7    0.4054   0.73   0.33    -3.0000  lv1(-3.0)          2.6s
  134       899.0       262.3    0.4056   0.74   0.34    -3.0000  lv1(-3.0)          2.0s
  135       936.9       423.4    0.4057   0.74   0.34    -3.0000  lv1(-3.0)          2.3s
  136       826.9       322.3    0.4058   0.74   0.34    -3.0000  lv1(-3.0)          2.0s
  137       920.7       379.2    0.4058   0.75   0.34    -3.0000  lv1(-3.0)          2.4s
  138       775.4       267.0    0.4060   0.75   0.34    -3.0000  lv1(-3.0)          2.0s
  139       896.3       346.1    0.4060   0.76   0.35    -3.0000  lv1(-3.0)          2.3s
  [probe] gen=140 score=145.0 net=1.269 fell=1.000
  140       894.0       401.8    0.4060   0.76   0.35    -3.0000  lv1(-3.0)          2.2s
  141       723.2       341.1    0.4061   0.76   0.35    -3.0000  lv1(-3.0)          1.9s
  142       708.5       332.2    0.4062   0.77   0.35    -3.0000  lv1(-3.0)          2.4s
  143       779.8       302.6    0.4065   0.77   0.36    -3.0000  lv1(-3.0)          2.3s
  144       842.1       315.6    0.4068   0.78   0.36    -3.0000  lv1(-3.0)          2.5s
  145       872.7       272.2    0.4072   0.78   0.36    -3.0000  lv1(-3.0)          2.1s
  146       933.8       372.1    0.4076   0.78   0.36    -3.0000  lv1(-3.0)          2.6s
  147       835.2       369.8    0.4079   0.79   0.37    -3.0000  lv1(-3.0)          2.3s
  148      1104.3       326.4    0.4081   0.79   0.37    -3.0000  lv1(-3.0)          2.3s
  149       980.3       331.8    0.4083   0.80   0.37    -3.0000  lv1(-3.0)          2.3s
  [probe] gen=150 score=90.6 net=1.099 fell=1.000
  [plot] Saved fitness curve → experiments/thesis/adaptive_progression/seed_07/fitness_curve.png
  150       840.7       307.5    0.4085   0.80   0.38    -3.0000  lv1(-3.0)          2.2s
  151       789.4       356.5    0.4085   0.80   0.38    -3.0000  lv1(-3.0)          2.1s
  152       767.5       350.4    0.4086   0.81   0.38    -3.0000  lv1(-3.0)          2.4s
  153       875.1       373.8    0.4087   0.81   0.38    -3.0000  lv1(-3.0)          2.4s
  154       937.1       432.1    0.4086   0.82   0.39    -3.0000  lv1(-3.0)          2.1s
  155       900.7       402.3    0.4085   0.82   0.39    -3.0000  lv1(-3.0)          2.5s
  156       981.8       435.0    0.4084   0.82   0.39    -3.0000  lv1(-3.0)          2.1s
  157      1051.0       386.4    0.4083   0.83   0.39    -3.0000  lv1(-3.0)          2.5s
  158       963.6       371.4    0.4083   0.83   0.40    -3.0000  lv1(-3.0)          2.5s
  159       913.2       445.6    0.4084   0.84   0.40    -3.0000  lv1(-3.0)          2.5s
  [probe] gen=160 score=23.8 net=0.864 fell=1.000
  160      1144.8       404.9    0.4085   0.84   0.40    -3.0000  lv1(-3.0)          2.3s
  161       967.7       482.8    0.4085   0.84   0.40    -3.0000  lv1(-3.0)          2.6s
  162      1231.4       458.1    0.4086   0.85   0.41    -3.0000  lv1(-3.0)          2.7s
  163      1188.7       507.0    0.4088   0.85   0.41    -3.0000  lv1(-3.0)          2.9s
  164      1094.1       384.2    0.4089   0.86   0.41    -3.0000  lv1(-3.0)          2.3s
  165      1144.8       370.1    0.4088   0.86   0.41    -3.0000  lv1(-3.0)          2.4s
  166      1051.5       606.3    0.4087   0.86   0.41    -3.0000  lv1(-3.0)          2.7s
  167      1208.7       530.3    0.4084   0.87   0.42    -3.0000  lv1(-3.0)          2.8s
  168      1129.4       476.1    0.4082   0.87   0.42    -3.0000  lv1(-3.0)          2.6s
  169      1075.1       501.4    0.4081   0.88   0.42    -3.0000  lv1(-3.0)          2.6s
  [probe] gen=170 score=196.1 net=1.645 fell=1.000
  170      1249.6       513.2    0.4080   0.88   0.42    -3.0000  lv1(-3.0)          2.4s
  171      1207.3       560.3    0.4078   0.88   0.43    -3.0000  lv1(-3.0)          2.4s
  172      1480.1       621.2    0.4077   0.89   0.43    -3.0000  lv1(-3.0)          2.7s
  173      1222.1       585.4    0.4075   0.89   0.43    -3.0000  lv1(-3.0)          2.7s
  174      1163.4       480.6    0.4074   0.90   0.43    -3.0000  lv1(-3.0)          2.3s
  [plot] Saved fitness curve → experiments/thesis/adaptive_progression/seed_07/fitness_curve.png
  175      1199.6       479.6    0.4072   0.90   0.44    -3.0000  lv1(-3.0)          2.4s
  176      1144.3       523.6    0.4067   0.90   0.44    -3.0000  lv1(-3.0)          2.5s
  177      1244.9       515.2    0.4062   0.91   0.44    -3.0000  lv1(-3.0)          2.5s
  178      1215.5       456.3    0.4059   0.91   0.45    -3.0000  lv1(-3.0)          2.3s
  179      1216.1       478.0    0.4056   0.92   0.45    -3.0000  lv1(-3.0)          2.5s
  [probe] gen=180 score=444.5 net=1.814 fell=0.600 [new best earth]
  180      1296.4       585.9    0.4053   0.92   0.45    -3.0000  lv1(-3.0)          2.9s
  181      1320.2       534.2    0.4051   0.92   0.45    -3.0000  lv1(-3.0)          2.5s
  182      1322.0       479.4    0.4048   0.93   0.46    -3.0000  lv1(-3.0)          2.2s
  183      1245.8       613.4    0.4047   0.93   0.46    -3.0000  lv1(-3.0)          2.7s
  184      1247.9       509.0    0.4047   0.94   0.46    -3.0000  lv1(-3.0)          2.5s
  185      1488.1       595.8    0.4048   0.94   0.46    -3.0000  lv1(-3.0)          2.4s
  186      1188.1       659.7    0.4051   0.94   0.47    -3.0000  lv1(-3.0)          2.6s
  187      1378.5       655.5    0.4054   0.95   0.47    -3.0000  lv1(-3.0)          2.9s
  188      1143.8       580.4    0.4055   0.95   0.47    -3.0000  lv1(-3.0)          2.8s
  189      1151.0       395.6    0.4058   0.96   0.47    -3.0000  lv1(-3.0)          2.0s
  [probe] gen=190 score=350.7 net=1.756 fell=0.800
  190      1220.4       561.9    0.4060   0.96   0.47    -3.0000  lv1(-3.0)          2.4s
  191      1226.6       552.4    0.4061   0.96   0.48    -3.0000  lv1(-3.0)          2.9s
  192      1076.3       470.3    0.4061   0.97   0.48    -3.0000  lv1(-3.0)          2.3s
  193      1152.1       473.3    0.4061   0.97   0.48    -3.0000  lv1(-3.0)          2.6s
  194      1407.4       710.9    0.4062   0.98   0.48    -3.0000  lv1(-3.0)          2.8s
  195      1242.0       452.0    0.4062   0.98   0.49    -3.0000  lv1(-3.0)          2.1s
  196      1341.2       623.6    0.4063   0.98   0.49    -3.0000  lv1(-3.0)          2.7s
  197      1213.8       426.6    0.4062   0.99   0.49    -3.0000  lv1(-3.0)          2.2s
  198      1336.6       595.5    0.4064   0.99   0.49    -3.0000  lv1(-3.0)          2.8s
  199      1445.5       661.1    0.4066   1.00   0.50    -3.0000  lv1(-3.0)          2.8s
  [probe] gen=200 score=202.9 net=1.676 fell=1.000
  [plot] Saved fitness curve → experiments/thesis/adaptive_progression/seed_07/fitness_curve.png
  200      1485.0       644.3    0.4069   1.00   0.50    -3.0000  lv1(-3.0)          2.9s
  201      1390.1       640.5    0.4072   1.00   0.50    -3.0000  lv1(-3.0)          2.7s
  202      1335.9       686.5    0.4076   1.00   0.50    -3.0000  lv1(-3.0)          2.7s
  203      1580.8       652.4    0.4080   1.00   0.50    -3.0000  lv1(-3.0)          2.9s
  204      1281.1       658.5    0.4083   1.00   0.50    -3.0000  lv1(-3.0)          2.8s
  205      1383.4       665.0    0.4087   1.00   0.50    -3.0000  lv1(-3.0)          2.8s
  206      1262.8       627.4    0.4089   1.00   0.50    -3.0000  lv1(-3.0)          2.9s
  207      1140.1       495.4    0.4091   1.00   0.50    -3.0000  lv1(-3.0)          2.7s
  208      1452.3       524.0    0.4091   1.00   0.50    -3.0000  lv1(-3.0)          2.6s
  209      1299.7       664.0    0.4091   1.00   0.50    -3.0000  lv1(-3.0)          3.1s
  [probe] gen=210 score=105.2 net=1.180 fell=1.000
  210      1519.0       694.2    0.4091   1.00   0.50    -3.0000  lv1(-3.0)          3.1s
  211      1153.8       543.8    0.4092   1.00   0.50    -3.0000  lv1(-3.0)          2.8s
  212      1472.4       555.5    0.4092   1.00   0.50    -3.0000  lv1(-3.0)          2.6s
  213      1261.4       526.8    0.4092   1.00   0.50    -3.0000  lv1(-3.0)          2.4s
  214      1433.3       546.7    0.4093   1.00   0.50    -3.0000  lv1(-3.0)          2.7s
  215      1205.6       653.3    0.4094   1.00   0.50    -3.0000  lv1(-3.0)          2.7s
  216      1217.4       560.1    0.4096   1.00   0.50    -3.0000  lv1(-3.0)          2.6s
  217      1364.7       706.6    0.4097   1.00   0.50    -3.0000  lv1(-3.0)          2.8s
  218      1393.9       628.3    0.4099   1.00   0.50    -3.0000  lv1(-3.0)          3.0s
  219      1349.5       576.1    0.4099   1.00   0.50    -3.0000  lv1(-3.0)          2.6s
  [probe] gen=220 score=220.9 net=1.765 fell=1.000
  220      1368.7       619.0    0.4099   1.00   0.50    -3.0000  lv1(-3.0)          2.6s
  221      1185.4       704.7    0.4100   1.00   0.50    -3.0000  lv1(-3.0)          3.0s
  222      1370.3       635.7    0.4103   1.00   0.50    -3.0000  lv1(-3.0)          2.6s
  223      1495.3       693.1    0.4105   1.00   0.50    -3.0000  lv1(-3.0)          3.2s
  224      1165.4       602.1    0.4105   1.00   0.50    -3.0000  lv1(-3.0)          2.8s
  [plot] Saved fitness curve → experiments/thesis/adaptive_progression/seed_07/fitness_curve.png
  225      1403.8       630.8    0.4106   1.00   0.50    -3.0000  lv1(-3.0)          2.6s
  226      1326.4       633.0    0.4108   1.00   0.50    -3.0000  lv1(-3.0)          2.5s
  227      1457.0       758.0    0.4108   1.00   0.50    -3.0000  lv1(-3.0)          3.0s
  228      1272.0       709.6    0.4110   1.00   0.50    -3.0000  lv1(-3.0)          2.9s
  229      1283.9       879.5    0.4112   1.00   0.50    -3.0000  lv1(-3.0)          3.2s
  [probe] gen=230 score=73.4 net=1.228 fell=1.000
  230      1517.3       852.6    0.4115   1.00   0.50    -3.0000  lv1(-3.0)          3.0s
  231      1305.8       723.7    0.4119   1.00   0.50    -3.0000  lv1(-3.0)          2.6s
  232      1296.4       531.7    0.4121   1.00   0.50    -3.0000  lv1(-3.0)          2.3s
  [stage] gen=233  gravity -3.00 → -5.00  ES restarted  remaining=266
  233      1459.4       709.7    0.5000   1.00   0.50    -3.0000  lv1(-3.0)          2.7s
  234      1062.4       235.5    0.4903   1.00   0.50    -5.0000  lv2(-5.0)          1.8s
  235      1236.9       251.7    0.4820   1.00   0.50    -5.0000  lv2(-5.0)          1.9s
  236       857.4       306.2    0.4747   1.00   0.50    -5.0000  lv2(-5.0)          2.2s
  237      1077.6       503.8    0.4679   1.00   0.50    -5.0000  lv2(-5.0)          2.8s
  238      1153.8       410.1    0.4619   1.00   0.50    -5.0000  lv2(-5.0)          2.4s
  239      1073.9       481.0    0.4563   1.00   0.50    -5.0000  lv2(-5.0)          2.7s
  [probe] gen=240 score=390.6 net=2.207 fell=0.800
  240      1138.7       477.7    0.4511   1.00   0.50    -5.0000  lv2(-5.0)          2.8s
  241       969.6       551.2    0.4462   1.00   0.50    -5.0000  lv2(-5.0)          2.7s
  242      1132.4       620.3    0.4418   1.00   0.50    -5.0000  lv2(-5.0)          3.2s
  243      1136.9       531.7    0.4378   1.00   0.50    -5.0000  lv2(-5.0)          3.1s
  244      1128.9       538.4    0.4340   1.00   0.50    -5.0000  lv2(-5.0)          2.8s
  245      1145.4       628.0    0.4306   1.00   0.50    -5.0000  lv2(-5.0)          3.3s
  246      1026.2       443.4    0.4274   1.00   0.50    -5.0000  lv2(-5.0)          2.5s
  247      1210.9       507.3    0.4244   1.00   0.50    -5.0000  lv2(-5.0)          2.6s
  248      1119.1       448.4    0.4217   1.00   0.50    -5.0000  lv2(-5.0)          2.4s
  249      1185.5       412.6    0.4188   1.00   0.50    -5.0000  lv2(-5.0)          2.4s
  [probe] gen=250 score=397.9 net=2.137 fell=0.800
  [plot] Saved fitness curve → experiments/thesis/adaptive_progression/seed_07/fitness_curve.png
  250      1216.9       522.1    0.4161   1.00   0.50    -5.0000  lv2(-5.0)          2.7s
  251      1227.6       346.1    0.4137   1.00   0.50    -5.0000  lv2(-5.0)          2.1s
  252      1195.7       410.3    0.4112   1.00   0.50    -5.0000  lv2(-5.0)          2.1s
  253      1068.8       608.2    0.4091   1.00   0.50    -5.0000  lv2(-5.0)          3.0s
  254      1161.2       455.9    0.4071   1.00   0.50    -5.0000  lv2(-5.0)          2.6s
  255      1120.4       508.9    0.4052   1.00   0.50    -5.0000  lv2(-5.0)          2.9s
  256      1257.2       584.0    0.4033   1.00   0.50    -5.0000  lv2(-5.0)          2.8s
  257      1092.7       462.6    0.4013   1.00   0.50    -5.0000  lv2(-5.0)          2.5s
  258      1215.0       269.4    0.3994   1.00   0.50    -5.0000  lv2(-5.0)          2.0s
  259      1244.0       488.5    0.3976   1.00   0.50    -5.0000  lv2(-5.0)          2.7s
  [probe] gen=260 score=280.6 net=2.138 fell=1.000
  260      1281.8       507.8    0.3959   1.00   0.50    -5.0000  lv2(-5.0)          2.6s
  261      1121.5       526.7    0.3942   1.00   0.50    -5.0000  lv2(-5.0)          2.5s
  262      1022.7       476.7    0.3926   1.00   0.50    -5.0000  lv2(-5.0)          2.4s
  263      1257.1       618.0    0.3910   1.00   0.50    -5.0000  lv2(-5.0)          2.8s
  [stage] gen=264  gravity -5.00 → -7.00  ES restarted  remaining=235
  264      1118.8       474.1    0.5000   1.00   0.50    -5.0000  lv2(-5.0)          2.5s
  265       768.2       219.4    0.4903   1.00   0.50    -7.0000  lv3(-7.0)          2.0s
  266       752.9       216.1    0.4818   1.00   0.50    -7.0000  lv3(-7.0)          1.9s
  267       960.6       275.7    0.4743   1.00   0.50    -7.0000  lv3(-7.0)          1.8s
  268       828.3       295.0    0.4677   1.00   0.50    -7.0000  lv3(-7.0)          2.0s
  269       920.0       351.3    0.4616   1.00   0.50    -7.0000  lv3(-7.0)          2.2s
  [probe] gen=270 score=198.7 net=1.046 fell=0.700
  270       873.7       328.0    0.4561   1.00   0.50    -7.0000  lv3(-7.0)          2.0s
  271       843.3       414.5    0.4508   1.00   0.50    -7.0000  lv3(-7.0)          2.1s
  272       941.7       313.1    0.4459   1.00   0.50    -7.0000  lv3(-7.0)          2.1s
  273       908.5       282.7    0.4413   1.00   0.50    -7.0000  lv3(-7.0)          2.3s
  274       991.8       394.1    0.4370   1.00   0.50    -7.0000  lv3(-7.0)          2.5s
  [plot] Saved fitness curve → experiments/thesis/adaptive_progression/seed_07/fitness_curve.png
  275       965.8       357.3    0.4328   1.00   0.50    -7.0000  lv3(-7.0)          2.1s
  276       937.5       313.1    0.4289   1.00   0.50    -7.0000  lv3(-7.0)          2.0s
  277       985.0       434.4    0.4252   1.00   0.50    -7.0000  lv3(-7.0)          2.2s
  278      1058.9       327.8    0.4217   1.00   0.50    -7.0000  lv3(-7.0)          2.0s
  279       928.2       436.9    0.4185   1.00   0.50    -7.0000  lv3(-7.0)          2.2s
  [probe] gen=280 score=563.7 net=2.814 fell=0.700 [new best earth]
  280      1074.1       502.4    0.4155   1.00   0.50    -7.0000  lv3(-7.0)          2.4s
  281      1042.5       402.8    0.4127   1.00   0.50    -7.0000  lv3(-7.0)          2.1s
  282       847.4       441.7    0.4102   1.00   0.50    -7.0000  lv3(-7.0)          2.2s
  283      1000.0       345.4    0.4079   1.00   0.50    -7.0000  lv3(-7.0)          2.1s
  284      1005.5       546.5    0.4058   1.00   0.50    -7.0000  lv3(-7.0)          2.5s
  285       950.1       504.8    0.4037   1.00   0.50    -7.0000  lv3(-7.0)          2.6s
  286       980.1       563.2    0.4016   1.00   0.50    -7.0000  lv3(-7.0)          2.9s
  287      1010.5       399.3    0.3995   1.00   0.50    -7.0000  lv3(-7.0)          2.2s
  288       914.1       451.0    0.3974   1.00   0.50    -7.0000  lv3(-7.0)          2.3s
  289      1069.8       484.8    0.3954   1.00   0.50    -7.0000  lv3(-7.0)          2.3s
  [probe] gen=290 score=345.4 net=2.354 fell=1.000
  290       979.1       299.7    0.3935   1.00   0.50    -7.0000  lv3(-7.0)          1.9s
  291       992.1       491.2    0.3916   1.00   0.50    -7.0000  lv3(-7.0)          2.4s
  292      1145.9       421.0    0.3899   1.00   0.50    -7.0000  lv3(-7.0)          2.2s
  293      1142.7       574.2    0.3884   1.00   0.50    -7.0000  lv3(-7.0)          2.8s
  294       939.6       359.6    0.3868   1.00   0.50    -7.0000  lv3(-7.0)          1.9s
  [stage] gen=295  gravity -7.00 → -9.81  ES restarted  remaining=204
  295      1134.7       610.8    0.5000   1.00   0.50    -7.0000  lv3(-7.0)          2.4s
  296       525.1        58.4    0.4904   1.00   0.50    -9.8100  lv4(-9.8)          1.1s
  297       545.5        92.9    0.4819   1.00   0.50    -9.8100  lv4(-9.8)          1.4s
  298       681.0       172.4    0.4745   1.00   0.50    -9.8100  lv4(-9.8)          1.7s
  299       666.6       241.9    0.4678   1.00   0.50    -9.8100  lv4(-9.8)          2.1s
  [probe] gen=300 score=374.6 net=1.801 fell=0.700
  [plot] Saved fitness curve → experiments/thesis/adaptive_progression/seed_07/fitness_curve.png
  300       746.6       187.8    0.4618   1.00   0.50    -9.8100  lv4(-9.8)          1.8s
  301       546.1       246.2    0.4563   1.00   0.50    -9.8100  lv4(-9.8)          1.7s
  302       545.5       178.3    0.4513   1.00   0.50    -9.8100  lv4(-9.8)          1.5s
  303       869.7       281.5    0.4467   1.00   0.50    -9.8100  lv4(-9.8)          1.8s
  304       652.0       205.1    0.4426   1.00   0.50    -9.8100  lv4(-9.8)          1.6s
  305       591.5       181.4    0.4390   1.00   0.50    -9.8100  lv4(-9.8)          1.5s
  306       700.9       244.7    0.4357   1.00   0.50    -9.8100  lv4(-9.8)          1.8s
  307       618.6       279.2    0.4327   1.00   0.50    -9.8100  lv4(-9.8)          1.8s
  308       680.3       299.6    0.4301   1.00   0.50    -9.8100  lv4(-9.8)          2.2s
  309       565.1       248.1    0.4278   1.00   0.50    -9.8100  lv4(-9.8)          1.8s
  [probe] gen=310 score=428.9 net=2.306 fell=0.900
  310       688.6       296.9    0.4258   1.00   0.50    -9.8100  lv4(-9.8)          1.9s
  311       642.1       248.1    0.4239   1.00   0.50    -9.8100  lv4(-9.8)          1.8s
  312       636.2       250.6    0.4222   1.00   0.50    -9.8100  lv4(-9.8)          1.7s
  313       667.3       238.8    0.4206   1.00   0.50    -9.8100  lv4(-9.8)          1.5s
  314       556.2       288.0    0.4192   1.00   0.50    -9.8100  lv4(-9.8)          1.6s
  315       549.0       284.0    0.4179   1.00   0.50    -9.8100  lv4(-9.8)          1.6s
  316       651.7       280.5    0.4167   1.00   0.50    -9.8100  lv4(-9.8)          1.6s
  317       739.7       322.5    0.4158   1.00   0.50    -9.8100  lv4(-9.8)          2.0s
  318       644.6       259.8    0.4146   1.00   0.50    -9.8100  lv4(-9.8)          1.8s
  319       660.6       240.1    0.4137   1.00   0.50    -9.8100  lv4(-9.8)          1.8s
  [probe] gen=320 score=676.1 net=3.146 fell=1.000 [new best earth]
  320       761.7       317.3    0.4127   1.00   0.50    -9.8100  lv4(-9.8)          2.0s
  321       732.1       365.8    0.4117   1.00   0.50    -9.8100  lv4(-9.8)          1.9s
  322       629.2       213.5    0.4107   1.00   0.50    -9.8100  lv4(-9.8)          1.5s
  323       706.2       265.5    0.4099   1.00   0.50    -9.8100  lv4(-9.8)          1.8s
  324       772.8       225.7    0.4092   1.00   0.50    -9.8100  lv4(-9.8)          1.8s
  [plot] Saved fitness curve → experiments/thesis/adaptive_progression/seed_07/fitness_curve.png
  325       686.3       314.9    0.4086   1.00   0.50    -9.8100  lv4(-9.8)          2.1s
  326       743.9       335.5    0.4079   1.00   0.50    -9.8100  lv4(-9.8)          2.0s
  327       735.4       412.2    0.4075   1.00   0.50    -9.8100  lv4(-9.8)          2.2s
  328       811.9       296.4    0.4070   1.00   0.50    -9.8100  lv4(-9.8)          2.0s
  329       791.9       238.8    0.4066   1.00   0.50    -9.8100  lv4(-9.8)          1.9s
  [probe] gen=330 score=192.9 net=1.512 fell=1.000
  330       802.1       241.4    0.4062   1.00   0.50    -9.8100  lv4(-9.8)          1.8s
  331       779.4       209.2    0.4056   1.00   0.50    -9.8100  lv4(-9.8)          1.5s
  332       731.3       231.4    0.4050   1.00   0.50    -9.8100  lv4(-9.8)          1.8s
  333       741.5       368.1    0.4043   1.00   0.50    -9.8100  lv4(-9.8)          2.1s
  334       664.6       162.2    0.4036   1.00   0.50    -9.8100  lv4(-9.8)          1.5s
  335       729.7       312.7    0.4032   1.00   0.50    -9.8100  lv4(-9.8)          2.0s
  336       829.7       317.9    0.4028   1.00   0.50    -9.8100  lv4(-9.8)          1.9s
  337       703.4       364.0    0.4023   1.00   0.50    -9.8100  lv4(-9.8)          2.0s
  338       784.6       286.4    0.4019   1.00   0.50    -9.8100  lv4(-9.8)          1.9s
  339       667.8       279.5    0.4018   1.00   0.50    -9.8100  lv4(-9.8)          1.7s
  [probe] gen=340 score=295.9 net=1.748 fell=0.800
  340       629.2       309.3    0.4017   1.00   0.50    -9.8100  lv4(-9.8)          1.7s
  341       767.3       393.4    0.4017   1.00   0.50    -9.8100  lv4(-9.8)          2.1s
  342       910.3       348.8    0.4015   1.00   0.50    -9.8100  lv4(-9.8)          2.1s
  343       777.9       357.3    0.4014   1.00   0.50    -9.8100  lv4(-9.8)          2.2s
  344       729.9       320.9    0.4014   1.00   0.50    -9.8100  lv4(-9.8)          2.1s
  345       730.0       326.2    0.4014   1.00   0.50    -9.8100  lv4(-9.8)          2.2s
  346       626.4       229.5    0.4013   1.00   0.50    -9.8100  lv4(-9.8)          1.8s
  347       644.0       350.8    0.4013   1.00   0.50    -9.8100  lv4(-9.8)          2.0s
  348       643.2       306.3    0.4014   1.00   0.50    -9.8100  lv4(-9.8)          2.0s
  349       726.2       260.4    0.4014   1.00   0.50    -9.8100  lv4(-9.8)          1.8s
  [probe] gen=350 score=485.9 net=2.263 fell=0.600
  [plot] Saved fitness curve → experiments/thesis/adaptive_progression/seed_07/fitness_curve.png
  350       716.5       307.5    0.4015   1.00   0.50    -9.8100  lv4(-9.8)          2.1s
  351       761.8       265.0    0.4015   1.00   0.50    -9.8100  lv4(-9.8)          2.1s
  352       743.1       344.9    0.4016   1.00   0.50    -9.8100  lv4(-9.8)          2.2s
  353       619.8       273.3    0.4018   1.00   0.50    -9.8100  lv4(-9.8)          1.9s
  354       748.6       296.0    0.4020   1.00   0.50    -9.8100  lv4(-9.8)          2.2s
  355       791.5       253.8    0.4022   1.00   0.50    -9.8100  lv4(-9.8)          2.2s
  356       798.2       281.6    0.4025   1.00   0.50    -9.8100  lv4(-9.8)          2.2s
  357       701.4       178.4    0.4027   1.00   0.50    -9.8100  lv4(-9.8)          1.7s
  358       720.1       307.0    0.4031   1.00   0.50    -9.8100  lv4(-9.8)          2.4s
  359       734.0       328.9    0.4034   1.00   0.50    -9.8100  lv4(-9.8)          2.3s
  [probe] gen=360 score=232.3 net=1.684 fell=1.000
  360       744.0       293.1    0.4036   1.00   0.50    -9.8100  lv4(-9.8)          2.1s
  361       635.8       343.5    0.4041   1.00   0.50    -9.8100  lv4(-9.8)          2.0s
  362       711.2       314.1    0.4045   1.00   0.50    -9.8100  lv4(-9.8)          2.0s
  363       694.6       329.9    0.4050   1.00   0.50    -9.8100  lv4(-9.8)          2.1s
  364       811.8       325.8    0.4053   1.00   0.50    -9.8100  lv4(-9.8)          2.0s
  365       848.7       360.3    0.4057   1.00   0.50    -9.8100  lv4(-9.8)          2.6s
  366       781.8       387.2    0.4062   1.00   0.50    -9.8100  lv4(-9.8)          2.2s
  367       810.7       343.3    0.4068   1.00   0.50    -9.8100  lv4(-9.8)          2.2s
  368       793.0       294.8    0.4073   1.00   0.50    -9.8100  lv4(-9.8)          2.0s
  369       806.1       305.4    0.4076   1.00   0.50    -9.8100  lv4(-9.8)          2.2s
  [probe] gen=370 score=464.8 net=2.252 fell=0.900
  370       752.8       255.3    0.4081   1.00   0.50    -9.8100  lv4(-9.8)          2.1s
  371       747.2       340.3    0.4085   1.00   0.50    -9.8100  lv4(-9.8)          2.2s
  372       872.3       385.9    0.4086   1.00   0.50    -9.8100  lv4(-9.8)          2.3s
  373       788.5       399.2    0.4088   1.00   0.50    -9.8100  lv4(-9.8)          2.4s
  374       754.7       168.9    0.4091   1.00   0.50    -9.8100  lv4(-9.8)          1.9s
  [plot] Saved fitness curve → experiments/thesis/adaptive_progression/seed_07/fitness_curve.png
  375       715.8       334.4    0.4094   1.00   0.50    -9.8100  lv4(-9.8)          2.3s
  376       792.8       383.9    0.4095   1.00   0.50    -9.8100  lv4(-9.8)          2.3s
  377       801.0       343.9    0.4097   1.00   0.50    -9.8100  lv4(-9.8)          2.3s
  378       900.0       303.1    0.4099   1.00   0.50    -9.8100  lv4(-9.8)          2.1s
  379       722.7       294.2    0.4103   1.00   0.50    -9.8100  lv4(-9.8)          1.9s
  [probe] gen=380 score=475.1 net=2.594 fell=1.000
  380       753.9       367.5    0.4106   1.00   0.50    -9.8100  lv4(-9.8)          2.2s
  381       785.7       309.6    0.4109   1.00   0.50    -9.8100  lv4(-9.8)          2.1s
  382       776.3       388.3    0.4112   1.00   0.50    -9.8100  lv4(-9.8)          2.1s
  383       876.5       450.8    0.4117   1.00   0.50    -9.8100  lv4(-9.8)          2.4s
  384       715.4       333.0    0.4122   1.00   0.50    -9.8100  lv4(-9.8)          2.3s
  385       863.3       460.2    0.4126   1.00   0.50    -9.8100  lv4(-9.8)          2.7s
  386       806.6       458.2    0.4131   1.00   0.50    -9.8100  lv4(-9.8)          2.4s
  387       841.4       402.3    0.4135   1.00   0.50    -9.8100  lv4(-9.8)          2.3s
  388       785.8       372.7    0.4141   1.00   0.50    -9.8100  lv4(-9.8)          2.2s
  389       844.3       400.8    0.4146   1.00   0.50    -9.8100  lv4(-9.8)          2.1s
  [probe] gen=390 score=706.9 net=3.383 fell=0.800 [new best earth]
  390       808.5       296.0    0.4151   1.00   0.50    -9.8100  lv4(-9.8)          1.9s
  391       818.0       388.8    0.4155   1.00   0.50    -9.8100  lv4(-9.8)          2.3s
  392       749.1       409.0    0.4159   1.00   0.50    -9.8100  lv4(-9.8)          2.2s
  393       700.1       399.1    0.4164   1.00   0.50    -9.8100  lv4(-9.8)          2.3s
  394       767.7       381.8    0.4169   1.00   0.50    -9.8100  lv4(-9.8)          2.3s
  395       754.9       437.9    0.4176   1.00   0.50    -9.8100  lv4(-9.8)          3.1s
  396       774.5       456.8    0.4181   1.00   0.50    -9.8100  lv4(-9.8)          2.7s
  397       789.2       456.7    0.4185   1.00   0.50    -9.8100  lv4(-9.8)          2.6s
  398       892.2       474.7    0.4188   1.00   0.50    -9.8100  lv4(-9.8)          2.8s
  399       813.7       425.1    0.4191   1.00   0.50    -9.8100  lv4(-9.8)          2.3s
  [probe] gen=400 score=711.5 net=2.793 fell=0.100 [new best earth]
  [plot] Saved fitness curve → experiments/thesis/adaptive_progression/seed_07/fitness_curve.png
  400       797.3       433.8    0.4195   1.00   0.50    -9.8100  lv4(-9.8)          2.7s
  401       798.3       520.1    0.4198   1.00   0.50    -9.8100  lv4(-9.8)          2.5s
  402       835.6       413.9    0.4201   1.00   0.50    -9.8100  lv4(-9.8)          2.2s
  403       740.8       453.2    0.4203   1.00   0.50    -9.8100  lv4(-9.8)          2.4s
  404       874.4       291.5    0.4204   1.00   0.50    -9.8100  lv4(-9.8)          2.0s
  405       804.3       411.3    0.4204   1.00   0.50    -9.8100  lv4(-9.8)          2.1s
  406       862.5       492.1    0.4203   1.00   0.50    -9.8100  lv4(-9.8)          2.7s
  407       936.7       523.4    0.4202   1.00   0.50    -9.8100  lv4(-9.8)          2.7s
  408       884.4       480.9    0.4200   1.00   0.50    -9.8100  lv4(-9.8)          2.7s
  409       990.5       473.0    0.4197   1.00   0.50    -9.8100  lv4(-9.8)          2.5s
  [probe] gen=410 score=751.1 net=3.209 fell=0.200 [new best earth]
  410       801.9       435.0    0.4196   1.00   0.50    -9.8100  lv4(-9.8)          2.5s
  411       840.3       387.6    0.4197   1.00   0.50    -9.8100  lv4(-9.8)          2.2s
  412       938.3       417.3    0.4198   1.00   0.50    -9.8100  lv4(-9.8)          2.4s
  413       890.4       496.9    0.4199   1.00   0.50    -9.8100  lv4(-9.8)          2.9s
  414       862.4       463.1    0.4201   1.00   0.50    -9.8100  lv4(-9.8)          2.8s
  415       922.4       411.1    0.4201   1.00   0.50    -9.8100  lv4(-9.8)          2.4s
  416       881.9       423.4    0.4203   1.00   0.50    -9.8100  lv4(-9.8)          2.3s
  417       890.3       534.6    0.4205   1.00   0.50    -9.8100  lv4(-9.8)          2.7s
  418       917.6       456.9    0.4206   1.00   0.50    -9.8100  lv4(-9.8)          2.4s
  419       940.3       499.8    0.4209   1.00   0.50    -9.8100  lv4(-9.8)          2.7s
  [probe] gen=420 score=714.6 net=3.432 fell=0.700
  420       880.4       536.6    0.4211   1.00   0.50    -9.8100  lv4(-9.8)          2.7s
  421       813.8       552.4    0.4211   1.00   0.50    -9.8100  lv4(-9.8)          2.7s
  422       866.4       538.0    0.4212   1.00   0.50    -9.8100  lv4(-9.8)          2.7s
  423       832.1       470.4    0.4214   1.00   0.50    -9.8100  lv4(-9.8)          2.7s
  424       955.9       535.0    0.4217   1.00   0.50    -9.8100  lv4(-9.8)          2.7s
  [plot] Saved fitness curve → experiments/thesis/adaptive_progression/seed_07/fitness_curve.png
  425       919.3       483.5    0.4219   1.00   0.50    -9.8100  lv4(-9.8)          2.6s
  426       848.7       490.9    0.4220   1.00   0.50    -9.8100  lv4(-9.8)          2.4s
  427       850.3       548.4    0.4223   1.00   0.50    -9.8100  lv4(-9.8)          2.7s
  428       953.2       624.7    0.4226   1.00   0.50    -9.8100  lv4(-9.8)          3.0s
  429       918.6       575.7    0.4229   1.00   0.50    -9.8100  lv4(-9.8)          2.9s
  [probe] gen=430 score=674.2 net=3.439 fell=0.600
  430      1035.4       589.0    0.4233   1.00   0.50    -9.8100  lv4(-9.8)          2.7s
  431       999.3       536.8    0.4237   1.00   0.50    -9.8100  lv4(-9.8)          2.7s
  432       985.1       558.9    0.4239   1.00   0.50    -9.8100  lv4(-9.8)          2.7s
  433       919.6       574.0    0.4241   1.00   0.50    -9.8100  lv4(-9.8)          2.6s
  434       973.0       581.0    0.4242   1.00   0.50    -9.8100  lv4(-9.8)          2.7s
  435       834.7       567.3    0.4243   1.00   0.50    -9.8100  lv4(-9.8)          2.6s
  436      1010.9       610.1    0.4247   1.00   0.50    -9.8100  lv4(-9.8)          2.7s
  437      1010.0       665.1    0.4249   1.00   0.50    -9.8100  lv4(-9.8)          2.9s
  438      1025.6       583.3    0.4252   1.00   0.50    -9.8100  lv4(-9.8)          2.5s
  439       991.2       671.9    0.4254   1.00   0.50    -9.8100  lv4(-9.8)          2.9s
  [probe] gen=440 score=582.4 net=2.979 fell=0.800
  440       949.0       528.6    0.4255   1.00   0.50    -9.8100  lv4(-9.8)          2.5s
  441       994.1       669.0    0.4256   1.00   0.50    -9.8100  lv4(-9.8)          2.8s
  442       964.0       647.2    0.4256   1.00   0.50    -9.8100  lv4(-9.8)          2.7s
  443      1012.2       573.4    0.4257   1.00   0.50    -9.8100  lv4(-9.8)          2.6s
  444       938.0       545.2    0.4259   1.00   0.50    -9.8100  lv4(-9.8)          2.5s
  445       965.8       583.6    0.4262   1.00   0.50    -9.8100  lv4(-9.8)          2.3s
  446      1033.0       561.0    0.4265   1.00   0.50    -9.8100  lv4(-9.8)          2.7s
  447      1081.1       598.3    0.4266   1.00   0.50    -9.8100  lv4(-9.8)          2.7s
  448      1088.5       669.1    0.4267   1.00   0.50    -9.8100  lv4(-9.8)          2.6s
  449      1082.4       563.6    0.4267   1.00   0.50    -9.8100  lv4(-9.8)          2.6s
  [probe] gen=450 score=825.1 net=3.857 fell=0.300 [new best earth]
  [plot] Saved fitness curve → experiments/thesis/adaptive_progression/seed_07/fitness_curve.png
  450      1018.3       601.8    0.4266   1.00   0.50    -9.8100  lv4(-9.8)          2.6s
  451       962.5       545.2    0.4265   1.00   0.50    -9.8100  lv4(-9.8)          2.5s
  452      1020.3       533.8    0.4262   1.00   0.50    -9.8100  lv4(-9.8)          2.6s
  453       979.6       646.4    0.4258   1.00   0.50    -9.8100  lv4(-9.8)          2.7s
  454      1033.3       548.1    0.4253   1.00   0.50    -9.8100  lv4(-9.8)          2.7s
  455      1091.3       612.1    0.4248   1.00   0.50    -9.8100  lv4(-9.8)          2.7s
  456       996.1       579.7    0.4243   1.00   0.50    -9.8100  lv4(-9.8)          2.8s
  457       881.2       398.4    0.4239   1.00   0.50    -9.8100  lv4(-9.8)          2.3s
  458      1054.0       508.8    0.4235   1.00   0.50    -9.8100  lv4(-9.8)          2.7s
  459      1023.1       470.1    0.4232   1.00   0.50    -9.8100  lv4(-9.8)          2.6s
  [probe] gen=460 score=673.2 net=3.255 fell=0.500
  460      1023.3       533.9    0.4228   1.00   0.50    -9.8100  lv4(-9.8)          2.7s
  461       973.0       497.2    0.4225   1.00   0.50    -9.8100  lv4(-9.8)          2.4s
  462      1026.5       449.2    0.4222   1.00   0.50    -9.8100  lv4(-9.8)          2.3s
  463       936.1       460.2    0.4219   1.00   0.50    -9.8100  lv4(-9.8)          2.0s
  464      1083.4       476.9    0.4215   1.00   0.50    -9.8100  lv4(-9.8)          2.3s
  465      1005.2       610.0    0.4210   1.00   0.50    -9.8100  lv4(-9.8)          2.5s
  466       985.0       551.4    0.4205   1.00   0.50    -9.8100  lv4(-9.8)          2.6s
  467       975.9       536.5    0.4199   1.00   0.50    -9.8100  lv4(-9.8)          2.5s
  468       978.7       554.5    0.4193   1.00   0.50    -9.8100  lv4(-9.8)          2.5s
  469      1014.3       556.3    0.4186   1.00   0.50    -9.8100  lv4(-9.8)          2.6s
  [probe] gen=470 score=767.8 net=3.240 fell=0.100
  470       895.6       529.6    0.4181   1.00   0.50    -9.8100  lv4(-9.8)          2.4s
  471      1028.5       558.3    0.4177   1.00   0.50    -9.8100  lv4(-9.8)          2.6s
  472      1134.5       617.5    0.4173   1.00   0.50    -9.8100  lv4(-9.8)          2.6s
  473       955.0       573.3    0.4168   1.00   0.50    -9.8100  lv4(-9.8)          2.5s
  474      1006.5       533.2    0.4164   1.00   0.50    -9.8100  lv4(-9.8)          2.6s
  [plot] Saved fitness curve → experiments/thesis/adaptive_progression/seed_07/fitness_curve.png
  475      1010.7       670.5    0.4161   1.00   0.50    -9.8100  lv4(-9.8)          2.8s
  476       951.0       599.9    0.4158   1.00   0.50    -9.8100  lv4(-9.8)          2.7s
  477       971.6       609.6    0.4154   1.00   0.50    -9.8100  lv4(-9.8)          2.7s
  478       971.8       694.8    0.4151   1.00   0.50    -9.8100  lv4(-9.8)          2.9s
  479      1034.4       670.4    0.4148   1.00   0.50    -9.8100  lv4(-9.8)          3.0s
  [probe] gen=480 score=894.5 net=3.991 fell=0.100 [new best earth]
  480       952.9       609.1    0.4144   1.00   0.50    -9.8100  lv4(-9.8)          2.8s
  481      1002.2       627.0    0.4142   1.00   0.50    -9.8100  lv4(-9.8)          2.8s
  482      1002.8       474.9    0.4138   1.00   0.50    -9.8100  lv4(-9.8)          2.3s
  483      1060.0       559.5    0.4136   1.00   0.50    -9.8100  lv4(-9.8)          2.5s
  484      1023.2       527.3    0.4136   1.00   0.50    -9.8100  lv4(-9.8)          2.5s
  485      1019.6       630.1    0.4135   1.00   0.50    -9.8100  lv4(-9.8)          2.8s
  486       983.5       626.8    0.4135   1.00   0.50    -9.8100  lv4(-9.8)          2.8s
  487      1032.7       556.8    0.4133   1.00   0.50    -9.8100  lv4(-9.8)          2.5s
  488      1004.0       601.9    0.4133   1.00   0.50    -9.8100  lv4(-9.8)          2.5s
  489      1016.2       667.3    0.4134   1.00   0.50    -9.8100  lv4(-9.8)          2.8s
  [probe] gen=490 score=942.4 net=4.374 fell=0.300 [new best earth]
  490      1060.2       703.6    0.4133   1.00   0.50    -9.8100  lv4(-9.8)          3.0s
  491      1072.8       673.0    0.4131   1.00   0.50    -9.8100  lv4(-9.8)          3.1s
  492      1000.4       660.7    0.4128   1.00   0.50    -9.8100  lv4(-9.8)          2.7s
  493      1082.4       724.0    0.4127   1.00   0.50    -9.8100  lv4(-9.8)          3.2s
  494      1048.2       617.4    0.4125   1.00   0.50    -9.8100  lv4(-9.8)          2.9s
  495       993.1       489.6    0.4125   1.00   0.50    -9.8100  lv4(-9.8)          2.4s
  496      1028.9       676.2    0.4126   1.00   0.50    -9.8100  lv4(-9.8)          3.0s
  497      1081.2       628.7    0.4129   1.00   0.50    -9.8100  lv4(-9.8)          3.0s
  498      1121.9       687.2    0.4130   1.00   0.50    -9.8100  lv4(-9.8)          2.7s
  499      1108.3       713.2    0.4131   1.00   0.50    -9.8100  lv4(-9.8)          2.8s
  [plot] Saved fitness curve → experiments/thesis/adaptive_progression/seed_07/fitness_curve.png

Training complete. Best fitness: 1580.8
Best params → experiments/thesis/adaptive_progression/seed_07/checkpoints/best_params.npy
Fitness curve → experiments/thesis/adaptive_progression/seed_07/fitness_curve.png
Eval params  → best_earth_params (earth probe score: 942.4)
Final Earth scorecard | score=936.4 net=4.324 fell=0.150
Gravity sweep | gravities=5 mean_net=3.429 worst_net=0.438
  [exp] Wrote experiments/thesis/adaptive_progression/seed_07/experiment.json
  [exp] Wrote experiments/thesis/adaptive_progression/seed_07/training_log.csv
  [exp] Wrote experiments/thesis/adaptive_progression/seed_07/earth_probe.csv
  [exp] Wrote experiments/thesis/adaptive_progression/seed_07/gravity_sweep.csv
  [exp] Wrote experiments/thesis/adaptive_progression/seed_07/summary.json
