Walker2d-v5 | policy=CPG  params=504
Curriculum   : AdaptiveProgression  [-1.6→-3.0→-5.0→-7.0→-9.81]  plateau=30gen  min_improve=5.0
Run context | seed=3 arm=adaptive_progression run_id=adaptive_progression_seed_03

Schedule | penalty_min=0.20 penalty_ramp_gen=200 corr_min=0.00 corr_max=0.50 corr_ramp_gen=200

Starting CMA-ES | pop=40 | sigma0=0.5 | max_gen=500 | workers=8 | seed=3
Checkpoints → experiments/thesis/adaptive_progression/seed_03/checkpoints/

  Gen        Best        Mean     Sigma    Pen   Corr    Gravity  Phase              Time
------------------------------------------------------------------------------------
  [probe] gen=0 score=-368.2 net=-0.083 fell=1.000 [new best earth]
  [plot] Saved fitness curve → experiments/thesis/adaptive_progression/seed_03/fitness_curve.png
    0        21.0       -74.5    0.4903   0.20   0.00    -1.6000  lv0(-1.6)          1.5s
    1       -53.1       -72.9    0.4820   0.20   0.00    -1.6000  lv0(-1.6)          0.2s
    2       -46.3       -72.7    0.4746   0.21   0.01    -1.6000  lv0(-1.6)          0.2s
    3       -49.7       -70.1    0.4680   0.21   0.01    -1.6000  lv0(-1.6)          0.3s
    4       -33.3       -71.5    0.4621   0.22   0.01    -1.6000  lv0(-1.6)          0.2s
    5       -36.9       -71.2    0.4568   0.22   0.01    -1.6000  lv0(-1.6)          0.2s
    6       -45.8       -70.3    0.4519   0.22   0.01    -1.6000  lv0(-1.6)          0.2s
    7       -43.5       -76.3    0.4475   0.23   0.02    -1.6000  lv0(-1.6)          0.2s
    8       -55.9       -75.8    0.4436   0.23   0.02    -1.6000  lv0(-1.6)          0.2s
    9       -50.2       -67.7    0.4399   0.24   0.02    -1.6000  lv0(-1.6)          0.3s
  [probe] gen=10 score=-365.9 net=-0.114 fell=1.000 [new best earth]
   10       -58.7       -77.4    0.4363   0.24   0.03    -1.6000  lv0(-1.6)          0.2s
   11       -55.9       -77.6    0.4333   0.24   0.03    -1.6000  lv0(-1.6)          0.2s
   12       -48.6       -73.3    0.4303   0.25   0.03    -1.6000  lv0(-1.6)          0.3s
   13       -50.5       -76.2    0.4275   0.25   0.03    -1.6000  lv0(-1.6)          0.3s
   14       -25.8       -76.9    0.4249   0.26   0.04    -1.6000  lv0(-1.6)          0.3s
   15       -41.7       -83.7    0.4224   0.26   0.04    -1.6000  lv0(-1.6)          0.3s
   16       -41.7       -78.2    0.4200   0.26   0.04    -1.6000  lv0(-1.6)          0.3s
   17       -51.6       -82.3    0.4178   0.27   0.04    -1.6000  lv0(-1.6)          0.3s
   18       -34.5       -83.5    0.4157   0.27   0.04    -1.6000  lv0(-1.6)          0.3s
   19       -32.0       -82.8    0.4138   0.28   0.05    -1.6000  lv0(-1.6)          0.3s
  [probe] gen=20 score=-383.8 net=-0.157 fell=1.000
   20       -17.7       -86.2    0.4121   0.28   0.05    -1.6000  lv0(-1.6)          0.3s
   21       -36.5       -94.8    0.4104   0.28   0.05    -1.6000  lv0(-1.6)          0.3s
   22       -12.7       -81.7    0.4087   0.29   0.06    -1.6000  lv0(-1.6)          0.4s
   23       -40.7       -88.5    0.4069   0.29   0.06    -1.6000  lv0(-1.6)          0.3s
   24       -15.2       -81.5    0.4052   0.30   0.06    -1.6000  lv0(-1.6)          0.4s
  [plot] Saved fitness curve → experiments/thesis/adaptive_progression/seed_03/fitness_curve.png
   25        31.2       -78.9    0.4039   0.30   0.06    -1.6000  lv0(-1.6)          0.5s
   26        63.0       -69.8    0.4027   0.30   0.07    -1.6000  lv0(-1.6)          0.5s
   27       232.2       -63.6    0.4015   0.31   0.07    -1.6000  lv0(-1.6)          0.6s
   28        32.8       -66.6    0.4005   0.31   0.07    -1.6000  lv0(-1.6)          0.6s
   29       170.4       -68.4    0.3993   0.32   0.07    -1.6000  lv0(-1.6)          0.6s
  [probe] gen=30 score=-420.5 net=-0.607 fell=1.000
   30       203.8       -48.6    0.3981   0.32   0.07    -1.6000  lv0(-1.6)          0.7s
   31       354.9       -34.3    0.3971   0.32   0.08    -1.6000  lv0(-1.6)          0.8s
   32       298.0         0.8    0.3961   0.33   0.08    -1.6000  lv0(-1.6)          0.9s
   33       303.1         2.6    0.3953   0.33   0.08    -1.6000  lv0(-1.6)          1.1s
   34       281.5        49.2    0.3947   0.34   0.09    -1.6000  lv0(-1.6)          1.2s
   35       434.0        68.5    0.3941   0.34   0.09    -1.6000  lv0(-1.6)          1.3s
   36       408.4        83.1    0.3935   0.34   0.09    -1.6000  lv0(-1.6)          1.4s
   37       282.6        69.2    0.3929   0.35   0.09    -1.6000  lv0(-1.6)          1.5s
   38       356.2       113.5    0.3923   0.35   0.10    -1.6000  lv0(-1.6)          1.4s
   39       336.1        80.0    0.3917   0.36   0.10    -1.6000  lv0(-1.6)          1.5s
  [probe] gen=40 score=-332.6 net=-0.122 fell=1.000 [new best earth]
   40       549.8       115.2    0.3910   0.36   0.10    -1.6000  lv0(-1.6)          1.4s
   41       476.4        66.2    0.3904   0.36   0.10    -1.6000  lv0(-1.6)          1.3s
   42       598.3       149.1    0.3899   0.37   0.10    -1.6000  lv0(-1.6)          1.4s
   43       373.3       120.8    0.3895   0.37   0.11    -1.6000  lv0(-1.6)          1.5s
   44       593.0       113.0    0.3893   0.38   0.11    -1.6000  lv0(-1.6)          1.6s
   45       320.4       123.5    0.3890   0.38   0.11    -1.6000  lv0(-1.6)          1.7s
   46       522.0        97.4    0.3888   0.38   0.12    -1.6000  lv0(-1.6)          1.8s
   47       374.0        96.6    0.3887   0.39   0.12    -1.6000  lv0(-1.6)          1.6s
   48       366.4        66.8    0.3884   0.39   0.12    -1.6000  lv0(-1.6)          1.6s
   49       470.1       132.9    0.3881   0.40   0.12    -1.6000  lv0(-1.6)          1.7s
  [probe] gen=50 score=-331.2 net=-0.123 fell=1.000 [new best earth]
  [plot] Saved fitness curve → experiments/thesis/adaptive_progression/seed_03/fitness_curve.png
   50       474.2       157.1    0.3878   0.40   0.12    -1.6000  lv0(-1.6)          1.8s
   51       454.9       152.5    0.3876   0.40   0.13    -1.6000  lv0(-1.6)          1.7s
   52       679.8       136.1    0.3874   0.41   0.13    -1.6000  lv0(-1.6)          1.7s
   53       499.6       121.9    0.3873   0.41   0.13    -1.6000  lv0(-1.6)          1.7s
   54       574.3       154.5    0.3872   0.42   0.14    -1.6000  lv0(-1.6)          1.6s
   55       419.3       115.5    0.3871   0.42   0.14    -1.6000  lv0(-1.6)          1.6s
   56       366.1       146.7    0.3871   0.42   0.14    -1.6000  lv0(-1.6)          1.7s
   57       552.5       106.2    0.3871   0.43   0.14    -1.6000  lv0(-1.6)          1.6s
   58       522.7       203.3    0.3869   0.43   0.14    -1.6000  lv0(-1.6)          1.7s
   59       440.1       136.6    0.3867   0.44   0.15    -1.6000  lv0(-1.6)          1.7s
  [probe] gen=60 score=-114.7 net=0.333 fell=1.000 [new best earth]
   60       586.7       152.5    0.3866   0.44   0.15    -1.6000  lv0(-1.6)          1.8s
   61       683.6       155.1    0.3867   0.44   0.15    -1.6000  lv0(-1.6)          1.9s
   62       530.0       138.5    0.3867   0.45   0.15    -1.6000  lv0(-1.6)          1.8s
   63       564.2       145.0    0.3867   0.45   0.16    -1.6000  lv0(-1.6)          1.8s
   64       630.0       182.0    0.3869   0.46   0.16    -1.6000  lv0(-1.6)          1.9s
   65       608.0       169.0    0.3869   0.46   0.16    -1.6000  lv0(-1.6)          1.8s
   66       483.1       134.1    0.3871   0.46   0.17    -1.6000  lv0(-1.6)          1.8s
   67       524.4       144.1    0.3874   0.47   0.17    -1.6000  lv0(-1.6)          1.9s
   68       573.1       178.7    0.3877   0.47   0.17    -1.6000  lv0(-1.6)          1.9s
   69       683.8       164.2    0.3880   0.48   0.17    -1.6000  lv0(-1.6)          1.8s
  [probe] gen=70 score=5.9 net=0.771 fell=1.000 [new best earth]
   70       551.2       187.0    0.3884   0.48   0.17    -1.6000  lv0(-1.6)          1.7s
   71       678.0       234.0    0.3887   0.48   0.18    -1.6000  lv0(-1.6)          1.9s
   72       495.1       126.3    0.3890   0.49   0.18    -1.6000  lv0(-1.6)          1.7s
   73       560.5       157.4    0.3894   0.49   0.18    -1.6000  lv0(-1.6)          2.0s
   74       459.1       163.1    0.3899   0.50   0.18    -1.6000  lv0(-1.6)          1.9s
  [plot] Saved fitness curve → experiments/thesis/adaptive_progression/seed_03/fitness_curve.png
   75       701.5       172.6    0.3905   0.50   0.19    -1.6000  lv0(-1.6)          2.0s
   76       453.6       180.1    0.3911   0.50   0.19    -1.6000  lv0(-1.6)          1.9s
   77       568.9       203.8    0.3918   0.51   0.19    -1.6000  lv0(-1.6)          1.7s
   78       745.2       194.8    0.3924   0.51   0.20    -1.6000  lv0(-1.6)          1.8s
   79       509.8       154.0    0.3930   0.52   0.20    -1.6000  lv0(-1.6)          1.9s
  [probe] gen=80 score=-154.1 net=0.100 fell=1.000
   80       495.6       140.4    0.3936   0.52   0.20    -1.6000  lv0(-1.6)          1.8s
   81       629.7       202.1    0.3940   0.52   0.20    -1.6000  lv0(-1.6)          1.9s
   82       554.6       154.9    0.3946   0.53   0.20    -1.6000  lv0(-1.6)          1.7s
   83       553.2       166.2    0.3950   0.53   0.21    -1.6000  lv0(-1.6)          1.8s
   84       651.3       159.8    0.3955   0.54   0.21    -1.6000  lv0(-1.6)          1.7s
   85       689.5       223.2    0.3959   0.54   0.21    -1.6000  lv0(-1.6)          1.8s
   86       671.9       162.6    0.3962   0.54   0.21    -1.6000  lv0(-1.6)          1.7s
   87       613.9       191.4    0.3965   0.55   0.22    -1.6000  lv0(-1.6)          1.7s
   88       700.8       213.8    0.3967   0.55   0.22    -1.6000  lv0(-1.6)          1.8s
   89       650.3       142.1    0.3970   0.56   0.22    -1.6000  lv0(-1.6)          1.7s
  [probe] gen=90 score=44.0 net=1.069 fell=1.000 [new best earth]
   90       585.1       221.6    0.3973   0.56   0.23    -1.6000  lv0(-1.6)          1.8s
   91       650.6        85.5    0.3977   0.56   0.23    -1.6000  lv0(-1.6)          1.6s
   92       829.7       217.4    0.3983   0.57   0.23    -1.6000  lv0(-1.6)          1.7s
   93       774.5       247.6    0.3989   0.57   0.23    -1.6000  lv0(-1.6)          1.8s
   94       877.6       106.3    0.3996   0.58   0.23    -1.6000  lv0(-1.6)          1.5s
   95       675.4       240.3    0.4000   0.58   0.24    -1.6000  lv0(-1.6)          1.8s
   96       985.3       282.4    0.4004   0.58   0.24    -1.6000  lv0(-1.6)          2.0s
   97       645.7       191.6    0.4009   0.59   0.24    -1.6000  lv0(-1.6)          1.8s
   98       648.0       142.8    0.4013   0.59   0.24    -1.6000  lv0(-1.6)          1.8s
   99       716.4       191.6    0.4018   0.60   0.25    -1.6000  lv0(-1.6)          1.8s
  [probe] gen=100 score=-22.7 net=0.784 fell=1.000
  [plot] Saved fitness curve → experiments/thesis/adaptive_progression/seed_03/fitness_curve.png
  100       628.8       199.5    0.4021   0.60   0.25    -1.6000  lv0(-1.6)          1.7s
  101       844.1       284.1    0.4025   0.60   0.25    -1.6000  lv0(-1.6)          1.9s
  102       761.9       234.9    0.4029   0.61   0.26    -1.6000  lv0(-1.6)          1.9s
  103       874.3       271.6    0.4032   0.61   0.26    -1.6000  lv0(-1.6)          2.0s
  104       724.6       271.4    0.4033   0.62   0.26    -1.6000  lv0(-1.6)          1.9s
  105       714.0       297.6    0.4034   0.62   0.26    -1.6000  lv0(-1.6)          1.8s
  106       751.0       316.0    0.4036   0.62   0.27    -1.6000  lv0(-1.6)          1.8s
  107       871.6       312.7    0.4038   0.63   0.27    -1.6000  lv0(-1.6)          1.8s
  108       746.4       312.1    0.4041   0.63   0.27    -1.6000  lv0(-1.6)          2.0s
  109       927.8       308.4    0.4046   0.64   0.27    -1.6000  lv0(-1.6)          1.9s
  [probe] gen=110 score=77.9 net=1.237 fell=1.000 [new best earth]
  110       965.8       350.0    0.4051   0.64   0.28    -1.6000  lv0(-1.6)          1.9s
  111      1145.8       260.0    0.4056   0.64   0.28    -1.6000  lv0(-1.6)          1.9s
  112       813.6       360.2    0.4061   0.65   0.28    -1.6000  lv0(-1.6)          2.1s
  113       878.3       260.4    0.4066   0.65   0.28    -1.6000  lv0(-1.6)          1.9s
  114       976.7       270.2    0.4072   0.66   0.28    -1.6000  lv0(-1.6)          2.1s
  115      1003.7       364.2    0.4075   0.66   0.29    -1.6000  lv0(-1.6)          2.0s
  116       823.9       344.2    0.4077   0.66   0.29    -1.6000  lv0(-1.6)          2.1s
  117      1065.4       330.9    0.4079   0.67   0.29    -1.6000  lv0(-1.6)          1.9s
  118      1255.4       417.9    0.4080   0.67   0.29    -1.6000  lv0(-1.6)          2.0s
  119      1085.5       316.8    0.4082   0.68   0.30    -1.6000  lv0(-1.6)          1.9s
  [probe] gen=120 score=-80.4 net=0.539 fell=1.000
  120      1223.5       336.2    0.4082   0.68   0.30    -1.6000  lv0(-1.6)          2.0s
  121      1051.7       329.4    0.4082   0.68   0.30    -1.6000  lv0(-1.6)          1.8s
  122       970.7       365.0    0.4080   0.69   0.30    -1.6000  lv0(-1.6)          1.9s
  123      1463.9       377.4    0.4077   0.69   0.31    -1.6000  lv0(-1.6)          2.0s
  124      1132.7       317.9    0.4073   0.70   0.31    -1.6000  lv0(-1.6)          2.0s
  [plot] Saved fitness curve → experiments/thesis/adaptive_progression/seed_03/fitness_curve.png
  125       900.6       275.2    0.4069   0.70   0.31    -1.6000  lv0(-1.6)          1.8s
  126       932.6       185.5    0.4064   0.70   0.32    -1.6000  lv0(-1.6)          1.8s
  127       909.8       284.6    0.4059   0.71   0.32    -1.6000  lv0(-1.6)          1.8s
  128      1057.9       372.7    0.4053   0.71   0.32    -1.6000  lv0(-1.6)          1.8s
  129      1202.9       362.1    0.4046   0.72   0.32    -1.6000  lv0(-1.6)          1.8s
  [probe] gen=130 score=89.1 net=1.258 fell=1.000 [new best earth]
  130      1008.3       391.5    0.4039   0.72   0.33    -1.6000  lv0(-1.6)          1.9s
  131      1377.0       386.0    0.4033   0.72   0.33    -1.6000  lv0(-1.6)          1.9s
  132      1429.6       428.4    0.4026   0.73   0.33    -1.6000  lv0(-1.6)          2.2s
  133      1211.9       389.4    0.4022   0.73   0.33    -1.6000  lv0(-1.6)          1.9s
  134       943.2       327.2    0.4017   0.74   0.34    -1.6000  lv0(-1.6)          1.9s
  135      1245.6       480.7    0.4013   0.74   0.34    -1.6000  lv0(-1.6)          2.1s
  136      1012.1       384.3    0.4011   0.74   0.34    -1.6000  lv0(-1.6)          2.1s
  137       946.0       465.5    0.4009   0.75   0.34    -1.6000  lv0(-1.6)          2.2s
  138      1383.0       456.0    0.4007   0.75   0.34    -1.6000  lv0(-1.6)          2.2s
  139      1148.8       433.0    0.4004   0.76   0.35    -1.6000  lv0(-1.6)          2.2s
  [probe] gen=140 score=20.0 net=0.998 fell=1.000
  140      1173.2       374.9    0.4002   0.76   0.35    -1.6000  lv0(-1.6)          2.0s
  141      1087.5       380.7    0.3999   0.76   0.35    -1.6000  lv0(-1.6)          2.0s
  142      1162.6       455.1    0.3996   0.77   0.35    -1.6000  lv0(-1.6)          2.2s
  143       921.1       378.6    0.3993   0.77   0.36    -1.6000  lv0(-1.6)          2.1s
  144      1115.9       524.0    0.3987   0.78   0.36    -1.6000  lv0(-1.6)          2.4s
  145      1498.3       469.9    0.3984   0.78   0.36    -1.6000  lv0(-1.6)          2.3s
  146      1408.6       562.3    0.3982   0.78   0.36    -1.6000  lv0(-1.6)          2.5s
  147      1263.3       512.1    0.3979   0.79   0.37    -1.6000  lv0(-1.6)          2.6s
  148      1274.3       392.6    0.3977   0.79   0.37    -1.6000  lv0(-1.6)          2.3s
  149      1233.7       465.3    0.3976   0.80   0.37    -1.6000  lv0(-1.6)          2.5s
  [probe] gen=150 score=24.4 net=0.986 fell=1.000
  [plot] Saved fitness curve → experiments/thesis/adaptive_progression/seed_03/fitness_curve.png
  150      1193.9       408.2    0.3976   0.80   0.38    -1.6000  lv0(-1.6)          2.3s
  151      1411.8       459.0    0.3974   0.80   0.38    -1.6000  lv0(-1.6)          2.1s
  152      1257.9       461.8    0.3974   0.81   0.38    -1.6000  lv0(-1.6)          2.2s
  153      1465.9       372.1    0.3972   0.81   0.38    -1.6000  lv0(-1.6)          2.2s
  154      1318.6       568.7    0.3971   0.82   0.39    -1.6000  lv0(-1.6)          2.6s
  155      1235.9       379.0    0.3969   0.82   0.39    -1.6000  lv0(-1.6)          2.1s
  156      1432.2       603.8    0.3967   0.82   0.39    -1.6000  lv0(-1.6)          2.6s
  157      1549.8       577.4    0.3965   0.83   0.39    -1.6000  lv0(-1.6)          2.5s
  158      1107.7       424.1    0.3962   0.83   0.40    -1.6000  lv0(-1.6)          2.3s
  159      1229.4       455.7    0.3959   0.84   0.40    -1.6000  lv0(-1.6)          2.2s
  [probe] gen=160 score=209.3 net=1.713 fell=1.000 [new best earth]
  160      1317.2       554.3    0.3955   0.84   0.40    -1.6000  lv0(-1.6)          2.4s
  161      1531.3       622.4    0.3951   0.84   0.40    -1.6000  lv0(-1.6)          2.4s
  162      1461.1       583.8    0.3946   0.85   0.41    -1.6000  lv0(-1.6)          2.4s
  163      1280.5       614.3    0.3941   0.85   0.41    -1.6000  lv0(-1.6)          2.5s
  164      1483.1       603.4    0.3935   0.86   0.41    -1.6000  lv0(-1.6)          2.5s
  165      1602.9       564.3    0.3927   0.86   0.41    -1.6000  lv0(-1.6)          2.5s
  166      1312.2       453.5    0.3920   0.86   0.41    -1.6000  lv0(-1.6)          2.1s
  167      1244.5       476.5    0.3914   0.87   0.42    -1.6000  lv0(-1.6)          2.3s
  168      1215.1       613.9    0.3909   0.87   0.42    -1.6000  lv0(-1.6)          2.4s
  169      1336.6       493.7    0.3904   0.88   0.42    -1.6000  lv0(-1.6)          2.3s
  [probe] gen=170 score=40.7 net=1.078 fell=1.000
  170      1452.4       455.8    0.3900   0.88   0.42    -1.6000  lv0(-1.6)          2.1s
  171      1241.1       390.4    0.3896   0.88   0.43    -1.6000  lv0(-1.6)          2.2s
  172      1443.9       563.2    0.3891   0.89   0.43    -1.6000  lv0(-1.6)          2.4s
  173      1320.8       471.9    0.3886   0.89   0.43    -1.6000  lv0(-1.6)          2.4s
  174      1170.6       441.9    0.3883   0.90   0.43    -1.6000  lv0(-1.6)          2.3s
  [plot] Saved fitness curve → experiments/thesis/adaptive_progression/seed_03/fitness_curve.png
  175      1291.3       554.0    0.3879   0.90   0.44    -1.6000  lv0(-1.6)          2.5s
  176      1335.8       600.6    0.3876   0.90   0.44    -1.6000  lv0(-1.6)          2.5s
  177      1365.9       485.6    0.3873   0.91   0.44    -1.6000  lv0(-1.6)          2.4s
  178      1102.6       563.8    0.3872   0.91   0.45    -1.6000  lv0(-1.6)          2.6s
  179      1399.7       475.2    0.3870   0.92   0.45    -1.6000  lv0(-1.6)          2.2s
  [probe] gen=180 score=169.2 net=1.483 fell=1.000
  180      1359.7       524.1    0.3869   0.92   0.45    -1.6000  lv0(-1.6)          2.3s
  181      1262.6       560.1    0.3869   0.92   0.45    -1.6000  lv0(-1.6)          2.3s
  182      1437.4       546.2    0.3869   0.93   0.46    -1.6000  lv0(-1.6)          2.5s
  183      1356.7       581.1    0.3871   0.93   0.46    -1.6000  lv0(-1.6)          2.5s
  184      1293.8       513.6    0.3872   0.94   0.46    -1.6000  lv0(-1.6)          2.3s
  185      1208.9       600.5    0.3875   0.94   0.46    -1.6000  lv0(-1.6)          2.6s
  186      1311.5       513.9    0.3875   0.94   0.47    -1.6000  lv0(-1.6)          2.5s
  187      1527.0       608.2    0.3876   0.95   0.47    -1.6000  lv0(-1.6)          2.4s
  188      1422.3       552.1    0.3876   0.95   0.47    -1.6000  lv0(-1.6)          2.3s
  189      1237.1       612.2    0.3877   0.96   0.47    -1.6000  lv0(-1.6)          2.6s
  [probe] gen=190 score=16.6 net=0.996 fell=1.000
  190      1190.0       471.4    0.3878   0.96   0.47    -1.6000  lv0(-1.6)          2.2s
  191      1554.5       561.8    0.3878   0.96   0.48    -1.6000  lv0(-1.6)          2.5s
  192      1454.0       460.7    0.3878   0.97   0.48    -1.6000  lv0(-1.6)          2.3s
  193      1484.0       562.3    0.3878   0.97   0.48    -1.6000  lv0(-1.6)          2.5s
  194      1442.7       492.2    0.3879   0.98   0.48    -1.6000  lv0(-1.6)          2.3s
  [stage] gen=195  gravity -1.60 → -3.00  ES restarted  remaining=304
  195      1395.8       530.9    0.5000   0.98   0.49    -1.6000  lv0(-1.6)          2.2s
  196      1255.6       166.6    0.4905   0.98   0.49    -3.0000  lv1(-3.0)          1.5s
  197      1066.1       164.3    0.4820   0.99   0.49    -3.0000  lv1(-3.0)          1.5s
  198      1164.9       207.9    0.4745   0.99   0.49    -3.0000  lv1(-3.0)          1.5s
  199      1075.2       251.1    0.4676   1.00   0.50    -3.0000  lv1(-3.0)          1.5s
  [probe] gen=200 score=55.3 net=1.077 fell=1.000
  [plot] Saved fitness curve → experiments/thesis/adaptive_progression/seed_03/fitness_curve.png
  200       950.6       170.5    0.4614   1.00   0.50    -3.0000  lv1(-3.0)          1.6s
  201      1330.9       297.4    0.4558   1.00   0.50    -3.0000  lv1(-3.0)          1.6s
  202      1276.7       370.0    0.4504   1.00   0.50    -3.0000  lv1(-3.0)          1.8s
  203      1211.6       358.7    0.4455   1.00   0.50    -3.0000  lv1(-3.0)          1.9s
  204      1017.1       436.4    0.4410   1.00   0.50    -3.0000  lv1(-3.0)          2.0s
  205      1049.6       350.4    0.4370   1.00   0.50    -3.0000  lv1(-3.0)          1.6s
  206      1456.1       437.0    0.4334   1.00   0.50    -3.0000  lv1(-3.0)          2.0s
  207      1497.9       441.9    0.4298   1.00   0.50    -3.0000  lv1(-3.0)          1.9s
  208      1229.6       267.3    0.4265   1.00   0.50    -3.0000  lv1(-3.0)          1.8s
  209      1563.5       436.4    0.4236   1.00   0.50    -3.0000  lv1(-3.0)          1.9s
  [probe] gen=210 score=-38.9 net=0.501 fell=1.000
  210      1304.4       411.9    0.4208   1.00   0.50    -3.0000  lv1(-3.0)          1.7s
  211       977.4       425.7    0.4185   1.00   0.50    -3.0000  lv1(-3.0)          2.0s
  212      1215.2       492.8    0.4162   1.00   0.50    -3.0000  lv1(-3.0)          2.0s
  213      1455.3       552.5    0.4139   1.00   0.50    -3.0000  lv1(-3.0)          2.2s
  214      1187.3       461.7    0.4118   1.00   0.50    -3.0000  lv1(-3.0)          2.1s
  215      1400.4       493.0    0.4100   1.00   0.50    -3.0000  lv1(-3.0)          2.2s
  216      1448.1       542.4    0.4081   1.00   0.50    -3.0000  lv1(-3.0)          2.2s
  217      1589.1       543.5    0.4064   1.00   0.50    -3.0000  lv1(-3.0)          2.2s
  218      1371.9       466.1    0.4048   1.00   0.50    -3.0000  lv1(-3.0)          2.1s
  219      1587.9       723.0    0.4033   1.00   0.50    -3.0000  lv1(-3.0)          2.3s
  [probe] gen=220 score=-2.3 net=0.743 fell=1.000
  220      1505.5       646.0    0.4019   1.00   0.50    -3.0000  lv1(-3.0)          2.2s
  221      1220.0       485.7    0.4005   1.00   0.50    -3.0000  lv1(-3.0)          1.9s
  222      1379.9       393.2    0.3993   1.00   0.50    -3.0000  lv1(-3.0)          2.0s
  223      1297.7       482.3    0.3980   1.00   0.50    -3.0000  lv1(-3.0)          1.9s
  224      1340.4       552.8    0.3968   1.00   0.50    -3.0000  lv1(-3.0)          2.2s
  [plot] Saved fitness curve → experiments/thesis/adaptive_progression/seed_03/fitness_curve.png
  225      1443.6       543.7    0.3958   1.00   0.50    -3.0000  lv1(-3.0)          2.3s
  [stage] gen=226  gravity -3.00 → -5.00  ES restarted  remaining=273
  226      1427.7       580.1    0.5000   1.00   0.50    -3.0000  lv1(-3.0)          2.3s
  227       512.7       123.4    0.4902   1.00   0.50    -5.0000  lv2(-5.0)          1.1s
  228       781.0       187.6    0.4819   1.00   0.50    -5.0000  lv2(-5.0)          1.2s
  229      1091.5       168.8    0.4742   1.00   0.50    -5.0000  lv2(-5.0)          1.3s
  [probe] gen=230 score=110.0 net=1.302 fell=1.000
  230      1178.3       260.5    0.4673   1.00   0.50    -5.0000  lv2(-5.0)          1.5s
  231       935.3       323.8    0.4611   1.00   0.50    -5.0000  lv2(-5.0)          1.6s
  232       840.1       228.5    0.4554   1.00   0.50    -5.0000  lv2(-5.0)          1.2s
  233      1189.2       308.1    0.4501   1.00   0.50    -5.0000  lv2(-5.0)          1.5s
  234      1046.9       332.5    0.4451   1.00   0.50    -5.0000  lv2(-5.0)          1.5s
  235      1119.5       316.7    0.4406   1.00   0.50    -5.0000  lv2(-5.0)          1.4s
  236      1087.8       430.6    0.4363   1.00   0.50    -5.0000  lv2(-5.0)          1.7s
  237      1435.1       421.6    0.4321   1.00   0.50    -5.0000  lv2(-5.0)          1.7s
  238      1075.5       291.5    0.4282   1.00   0.50    -5.0000  lv2(-5.0)          1.5s
  239      1164.6       391.9    0.4245   1.00   0.50    -5.0000  lv2(-5.0)          1.7s
  [probe] gen=240 score=163.2 net=1.545 fell=1.000
  240      1476.5       440.1    0.4212   1.00   0.50    -5.0000  lv2(-5.0)          1.9s
  241      1279.4       333.2    0.4180   1.00   0.50    -5.0000  lv2(-5.0)          1.6s
  242      1178.6       346.3    0.4151   1.00   0.50    -5.0000  lv2(-5.0)          1.6s
  243      1264.9       416.7    0.4125   1.00   0.50    -5.0000  lv2(-5.0)          1.8s
  244      1414.3       493.7    0.4101   1.00   0.50    -5.0000  lv2(-5.0)          1.9s
  245      1189.9       454.1    0.4080   1.00   0.50    -5.0000  lv2(-5.0)          2.1s
  246      1427.5       510.6    0.4060   1.00   0.50    -5.0000  lv2(-5.0)          2.1s
  247      1096.7       461.3    0.4042   1.00   0.50    -5.0000  lv2(-5.0)          1.9s
  248      1515.6       484.6    0.4024   1.00   0.50    -5.0000  lv2(-5.0)          1.9s
  249      1471.2       497.2    0.4006   1.00   0.50    -5.0000  lv2(-5.0)          1.9s
  [probe] gen=250 score=177.1 net=1.521 fell=1.000
  [plot] Saved fitness curve → experiments/thesis/adaptive_progression/seed_03/fitness_curve.png
  250      1014.5       435.8    0.3989   1.00   0.50    -5.0000  lv2(-5.0)          1.8s
  251      1185.0       452.4    0.3972   1.00   0.50    -5.0000  lv2(-5.0)          1.8s
  252      1327.0       473.8    0.3955   1.00   0.50    -5.0000  lv2(-5.0)          1.8s
  253      1499.1       423.6    0.3940   1.00   0.50    -5.0000  lv2(-5.0)          2.0s
  254      1701.5       673.5    0.3925   1.00   0.50    -5.0000  lv2(-5.0)          2.3s
  255      1414.3       556.3    0.3911   1.00   0.50    -5.0000  lv2(-5.0)          1.9s
  256      1387.1       519.7    0.3899   1.00   0.50    -5.0000  lv2(-5.0)          1.8s
  257      1345.0       568.9    0.3888   1.00   0.50    -5.0000  lv2(-5.0)          2.0s
  258      1241.3       460.9    0.3879   1.00   0.50    -5.0000  lv2(-5.0)          1.9s
  259      1430.9       453.3    0.3871   1.00   0.50    -5.0000  lv2(-5.0)          1.7s
  [probe] gen=260 score=233.5 net=1.767 fell=1.000 [new best earth]
  260      1217.7       424.1    0.3863   1.00   0.50    -5.0000  lv2(-5.0)          1.8s
  261      1160.1       434.5    0.3854   1.00   0.50    -5.0000  lv2(-5.0)          1.7s
  262      1360.6       503.1    0.3845   1.00   0.50    -5.0000  lv2(-5.0)          1.9s
  263      1137.8       393.2    0.3837   1.00   0.50    -5.0000  lv2(-5.0)          1.8s
  264      1114.2       493.4    0.3828   1.00   0.50    -5.0000  lv2(-5.0)          2.2s
  265       980.5       426.9    0.3821   1.00   0.50    -5.0000  lv2(-5.0)          2.0s
  266      1395.0       527.3    0.3815   1.00   0.50    -5.0000  lv2(-5.0)          2.2s
  267      1385.4       514.3    0.3809   1.00   0.50    -5.0000  lv2(-5.0)          2.1s
  268      1397.8       562.7    0.3803   1.00   0.50    -5.0000  lv2(-5.0)          2.1s
  269      1200.3       485.4    0.3798   1.00   0.50    -5.0000  lv2(-5.0)          2.0s
  [probe] gen=270 score=177.6 net=1.539 fell=1.000
  270      1234.0       505.8    0.3793   1.00   0.50    -5.0000  lv2(-5.0)          1.9s
  271      1373.8       498.2    0.3789   1.00   0.50    -5.0000  lv2(-5.0)          1.9s
  272      1366.5       484.3    0.3786   1.00   0.50    -5.0000  lv2(-5.0)          2.0s
  273      1180.1       523.1    0.3781   1.00   0.50    -5.0000  lv2(-5.0)          2.2s
  274      1248.3       543.0    0.3777   1.00   0.50    -5.0000  lv2(-5.0)          2.2s
  [plot] Saved fitness curve → experiments/thesis/adaptive_progression/seed_03/fitness_curve.png
  275      1445.7       623.5    0.3774   1.00   0.50    -5.0000  lv2(-5.0)          2.2s
  276      1467.5       519.7    0.3770   1.00   0.50    -5.0000  lv2(-5.0)          2.0s
  277      1314.8       504.6    0.3765   1.00   0.50    -5.0000  lv2(-5.0)          2.1s
  278      1010.5       467.4    0.3760   1.00   0.50    -5.0000  lv2(-5.0)          1.9s
  279      1318.9       563.7    0.3755   1.00   0.50    -5.0000  lv2(-5.0)          2.3s
  [probe] gen=280 score=187.9 net=1.587 fell=1.000
  280      1305.5       520.3    0.3749   1.00   0.50    -5.0000  lv2(-5.0)          2.2s
  281      1253.2       569.1    0.3743   1.00   0.50    -5.0000  lv2(-5.0)          1.9s
  282      1481.3       569.4    0.3736   1.00   0.50    -5.0000  lv2(-5.0)          2.1s
  283      1314.9       635.3    0.3729   1.00   0.50    -5.0000  lv2(-5.0)          2.4s
  [stage] gen=284  gravity -5.00 → -7.00  ES restarted  remaining=215
  284      1405.1       691.7    0.5000   1.00   0.50    -5.0000  lv2(-5.0)          2.4s
  285       386.8       146.8    0.4902   1.00   0.50    -7.0000  lv3(-7.0)          1.0s
  286       527.5       234.3    0.4816   1.00   0.50    -7.0000  lv3(-7.0)          1.3s
  287       735.5       242.8    0.4742   1.00   0.50    -7.0000  lv3(-7.0)          1.2s
  288       749.2       289.7    0.4675   1.00   0.50    -7.0000  lv3(-7.0)          1.4s
  289       843.1       260.9    0.4616   1.00   0.50    -7.0000  lv3(-7.0)          1.6s
  [probe] gen=290 score=235.9 net=1.740 fell=1.000 [new best earth]
  290      1004.7       321.5    0.4562   1.00   0.50    -7.0000  lv3(-7.0)          1.6s
  291       856.5       274.1    0.4512   1.00   0.50    -7.0000  lv3(-7.0)          1.5s
  292       934.5       414.6    0.4467   1.00   0.50    -7.0000  lv3(-7.0)          2.0s
  293       741.4       278.0    0.4425   1.00   0.50    -7.0000  lv3(-7.0)          1.6s
  294       684.7       277.3    0.4388   1.00   0.50    -7.0000  lv3(-7.0)          1.5s
  295       953.8       311.6    0.4353   1.00   0.50    -7.0000  lv3(-7.0)          1.6s
  296       865.6       366.0    0.4324   1.00   0.50    -7.0000  lv3(-7.0)          1.9s
  297       843.3       231.3    0.4295   1.00   0.50    -7.0000  lv3(-7.0)          1.9s
  298      1004.2       286.1    0.4267   1.00   0.50    -7.0000  lv3(-7.0)          1.9s
  299       930.3       309.3    0.4241   1.00   0.50    -7.0000  lv3(-7.0)          1.9s
  [probe] gen=300 score=188.7 net=1.571 fell=1.000
  [plot] Saved fitness curve → experiments/thesis/adaptive_progression/seed_03/fitness_curve.png
  300       977.1       274.7    0.4216   1.00   0.50    -7.0000  lv3(-7.0)          1.7s
  301       711.1       263.9    0.4193   1.00   0.50    -7.0000  lv3(-7.0)          1.4s
  302      1114.8       347.0    0.4171   1.00   0.50    -7.0000  lv3(-7.0)          1.8s
  303       910.4       265.9    0.4151   1.00   0.50    -7.0000  lv3(-7.0)          1.6s
  304       752.7       217.9    0.4131   1.00   0.50    -7.0000  lv3(-7.0)          1.7s
  305      1003.9       237.0    0.4112   1.00   0.50    -7.0000  lv3(-7.0)          1.5s
  306       898.2       259.7    0.4093   1.00   0.50    -7.0000  lv3(-7.0)          2.0s
  307       888.5       302.5    0.4076   1.00   0.50    -7.0000  lv3(-7.0)          1.9s
  308      1032.6       352.4    0.4060   1.00   0.50    -7.0000  lv3(-7.0)          1.9s
  309       979.6       492.5    0.4047   1.00   0.50    -7.0000  lv3(-7.0)          2.5s
  [probe] gen=310 score=196.1 net=1.571 fell=1.000
  310       900.7       378.5    0.4034   1.00   0.50    -7.0000  lv3(-7.0)          1.8s
  311       914.9       410.3    0.4022   1.00   0.50    -7.0000  lv3(-7.0)          2.2s
  312       927.9       368.3    0.4009   1.00   0.50    -7.0000  lv3(-7.0)          1.8s
  313      1164.0       344.8    0.3997   1.00   0.50    -7.0000  lv3(-7.0)          1.8s
  314      1023.5       406.0    0.3986   1.00   0.50    -7.0000  lv3(-7.0)          2.2s
  [stage] gen=315  gravity -7.00 → -9.81  ES restarted  remaining=184
  315      1110.1       298.1    0.5000   1.00   0.50    -7.0000  lv3(-7.0)          2.0s
  316       201.7        82.4    0.4903   1.00   0.50    -9.8100  lv4(-9.8)          0.9s
  317       209.7       126.8    0.4818   1.00   0.50    -9.8100  lv4(-9.8)          0.9s
  318       216.9        96.3    0.4745   1.00   0.50    -9.8100  lv4(-9.8)          0.9s
  319       247.8       122.4    0.4679   1.00   0.50    -9.8100  lv4(-9.8)          1.0s
  [probe] gen=320 score=274.2 net=1.790 fell=1.000 [new best earth]
  320       251.0       110.4    0.4619   1.00   0.50    -9.8100  lv4(-9.8)          1.0s
  321       348.3       133.4    0.4563   1.00   0.50    -9.8100  lv4(-9.8)          0.9s
  322       328.7       142.9    0.4512   1.00   0.50    -9.8100  lv4(-9.8)          1.1s
  323       693.9       123.1    0.4465   1.00   0.50    -9.8100  lv4(-9.8)          1.1s
  324       563.0        67.6    0.4422   1.00   0.50    -9.8100  lv4(-9.8)          1.2s
  [plot] Saved fitness curve → experiments/thesis/adaptive_progression/seed_03/fitness_curve.png
  325       649.4       142.4    0.4384   1.00   0.50    -9.8100  lv4(-9.8)          1.3s
  326       375.1       125.0    0.4349   1.00   0.50    -9.8100  lv4(-9.8)          1.2s
  327       464.3       150.0    0.4316   1.00   0.50    -9.8100  lv4(-9.8)          1.2s
  328       717.3       153.2    0.4284   1.00   0.50    -9.8100  lv4(-9.8)          1.7s
  329       563.7       157.0    0.4255   1.00   0.50    -9.8100  lv4(-9.8)          1.6s
  [probe] gen=330 score=392.4 net=2.016 fell=0.800 [new best earth]
  330       490.0       131.2    0.4228   1.00   0.50    -9.8100  lv4(-9.8)          1.4s
  331       620.0        75.5    0.4203   1.00   0.50    -9.8100  lv4(-9.8)          1.5s
  332       684.3       146.3    0.4177   1.00   0.50    -9.8100  lv4(-9.8)          1.8s
  333       640.3       198.7    0.4153   1.00   0.50    -9.8100  lv4(-9.8)          1.9s
  334       666.6       110.7    0.4129   1.00   0.50    -9.8100  lv4(-9.8)          1.5s
  335       685.9       181.7    0.4105   1.00   0.50    -9.8100  lv4(-9.8)          1.6s
  336       628.1       207.8    0.4083   1.00   0.50    -9.8100  lv4(-9.8)          1.6s
  337       604.7       179.9    0.4062   1.00   0.50    -9.8100  lv4(-9.8)          2.3s
  338       679.6       154.4    0.4042   1.00   0.50    -9.8100  lv4(-9.8)          2.1s
  339       516.2       153.7    0.4024   1.00   0.50    -9.8100  lv4(-9.8)          1.9s
  [probe] gen=340 score=330.5 net=2.000 fell=1.000
  340       576.9       133.3    0.4007   1.00   0.50    -9.8100  lv4(-9.8)          1.7s
  341       787.3       204.1    0.3991   1.00   0.50    -9.8100  lv4(-9.8)          1.9s
  342       691.7       279.3    0.3976   1.00   0.50    -9.8100  lv4(-9.8)          1.9s
  343       608.6       145.3    0.3963   1.00   0.50    -9.8100  lv4(-9.8)          1.9s
  344       646.8       227.9    0.3950   1.00   0.50    -9.8100  lv4(-9.8)          1.9s
  345       645.3       182.3    0.3939   1.00   0.50    -9.8100  lv4(-9.8)          1.9s
  346       633.3       164.8    0.3927   1.00   0.50    -9.8100  lv4(-9.8)          2.0s
  347       604.0       206.4    0.3916   1.00   0.50    -9.8100  lv4(-9.8)          1.8s
  348       612.4       152.0    0.3906   1.00   0.50    -9.8100  lv4(-9.8)          2.0s
  349       651.2       141.3    0.3898   1.00   0.50    -9.8100  lv4(-9.8)          1.8s
  [probe] gen=350 score=603.5 net=2.826 fell=0.900 [new best earth]
  [plot] Saved fitness curve → experiments/thesis/adaptive_progression/seed_03/fitness_curve.png
  350       594.1       226.2    0.3890   1.00   0.50    -9.8100  lv4(-9.8)          1.7s
  351       731.3       206.2    0.3883   1.00   0.50    -9.8100  lv4(-9.8)          1.7s
  352       660.4        93.4    0.3876   1.00   0.50    -9.8100  lv4(-9.8)          1.8s
  353       691.4       146.4    0.3869   1.00   0.50    -9.8100  lv4(-9.8)          1.9s
  354       691.9       227.5    0.3863   1.00   0.50    -9.8100  lv4(-9.8)          1.7s
  355       700.0       295.7    0.3858   1.00   0.50    -9.8100  lv4(-9.8)          2.1s
  356       640.5       240.0    0.3853   1.00   0.50    -9.8100  lv4(-9.8)          1.8s
  357       700.5       148.5    0.3848   1.00   0.50    -9.8100  lv4(-9.8)          1.9s
  358       730.4       295.4    0.3843   1.00   0.50    -9.8100  lv4(-9.8)          2.3s
  359       720.5       221.1    0.3837   1.00   0.50    -9.8100  lv4(-9.8)          2.3s
  [probe] gen=360 score=680.7 net=3.111 fell=0.900 [new best earth]
  360       724.8       143.8    0.3832   1.00   0.50    -9.8100  lv4(-9.8)          1.9s
  361       648.6       212.6    0.3825   1.00   0.50    -9.8100  lv4(-9.8)          2.3s
  362       691.2       276.6    0.3818   1.00   0.50    -9.8100  lv4(-9.8)          2.1s
  363       617.2       273.6    0.3810   1.00   0.50    -9.8100  lv4(-9.8)          2.1s
  364       603.7       222.4    0.3803   1.00   0.50    -9.8100  lv4(-9.8)          2.1s
  365       701.1       256.7    0.3794   1.00   0.50    -9.8100  lv4(-9.8)          2.1s
  366       689.1       307.9    0.3786   1.00   0.50    -9.8100  lv4(-9.8)          2.3s
  367       542.5       260.2    0.3779   1.00   0.50    -9.8100  lv4(-9.8)          2.5s
  368       671.9       290.0    0.3772   1.00   0.50    -9.8100  lv4(-9.8)          2.1s
  369       700.8       237.5    0.3765   1.00   0.50    -9.8100  lv4(-9.8)          2.3s
  [probe] gen=370 score=627.2 net=2.456 fell=0.000
  370       631.5       295.9    0.3759   1.00   0.50    -9.8100  lv4(-9.8)          2.2s
  371       687.2       294.4    0.3753   1.00   0.50    -9.8100  lv4(-9.8)          2.6s
  372       663.5       226.6    0.3745   1.00   0.50    -9.8100  lv4(-9.8)          2.0s
  373       689.3       316.8    0.3737   1.00   0.50    -9.8100  lv4(-9.8)          2.6s
  374       709.2       363.7    0.3730   1.00   0.50    -9.8100  lv4(-9.8)          2.7s
  [plot] Saved fitness curve → experiments/thesis/adaptive_progression/seed_03/fitness_curve.png
  375       723.5       347.7    0.3725   1.00   0.50    -9.8100  lv4(-9.8)          2.4s
  376       680.6       344.4    0.3720   1.00   0.50    -9.8100  lv4(-9.8)          2.3s
  377       688.3       287.7    0.3717   1.00   0.50    -9.8100  lv4(-9.8)          2.0s
  378       870.0       332.4    0.3712   1.00   0.50    -9.8100  lv4(-9.8)          2.3s
  379       775.0       268.6    0.3709   1.00   0.50    -9.8100  lv4(-9.8)          2.3s
  [probe] gen=380 score=335.0 net=1.340 fell=0.600
  380       670.1       272.9    0.3706   1.00   0.50    -9.8100  lv4(-9.8)          2.0s
  381       655.3       312.4    0.3702   1.00   0.50    -9.8100  lv4(-9.8)          2.0s
  382       705.6       392.5    0.3698   1.00   0.50    -9.8100  lv4(-9.8)          2.6s
  383       739.3       331.6    0.3693   1.00   0.50    -9.8100  lv4(-9.8)          2.4s
  384       794.1       336.9    0.3689   1.00   0.50    -9.8100  lv4(-9.8)          2.2s
  385       681.9       350.5    0.3685   1.00   0.50    -9.8100  lv4(-9.8)          2.3s
  386       705.2       314.9    0.3680   1.00   0.50    -9.8100  lv4(-9.8)          2.3s
  387       677.0       303.7    0.3676   1.00   0.50    -9.8100  lv4(-9.8)          2.4s
  388       797.1       314.8    0.3670   1.00   0.50    -9.8100  lv4(-9.8)          2.4s
  389       692.8       328.2    0.3666   1.00   0.50    -9.8100  lv4(-9.8)          2.3s
  [probe] gen=390 score=499.8 net=2.391 fell=0.800
  390       750.6       351.7    0.3661   1.00   0.50    -9.8100  lv4(-9.8)          2.8s
  391       723.6       403.9    0.3655   1.00   0.50    -9.8100  lv4(-9.8)          2.7s
  392       757.0       383.9    0.3649   1.00   0.50    -9.8100  lv4(-9.8)          2.2s
  393       775.8       369.9    0.3642   1.00   0.50    -9.8100  lv4(-9.8)          2.5s
  394       706.5       353.5    0.3633   1.00   0.50    -9.8100  lv4(-9.8)          2.5s
  395       709.2       313.0    0.3625   1.00   0.50    -9.8100  lv4(-9.8)          2.1s
  396       670.2       363.6    0.3618   1.00   0.50    -9.8100  lv4(-9.8)          2.4s
  397       755.1       320.4    0.3611   1.00   0.50    -9.8100  lv4(-9.8)          2.4s
  398       735.0       356.2    0.3605   1.00   0.50    -9.8100  lv4(-9.8)          2.5s
  399       758.9       291.2    0.3600   1.00   0.50    -9.8100  lv4(-9.8)          2.4s
  [probe] gen=400 score=656.3 net=2.730 fell=0.100
  [plot] Saved fitness curve → experiments/thesis/adaptive_progression/seed_03/fitness_curve.png
  400       700.1       380.7    0.3598   1.00   0.50    -9.8100  lv4(-9.8)          2.8s
  401       753.0       327.5    0.3595   1.00   0.50    -9.8100  lv4(-9.8)          2.6s
  402       747.3       284.4    0.3592   1.00   0.50    -9.8100  lv4(-9.8)          2.6s
  403       717.6       314.8    0.3587   1.00   0.50    -9.8100  lv4(-9.8)          2.4s
  404       740.7       399.6    0.3582   1.00   0.50    -9.8100  lv4(-9.8)          3.2s
  405       809.7       318.8    0.3575   1.00   0.50    -9.8100  lv4(-9.8)          2.7s
  406       710.0       374.5    0.3568   1.00   0.50    -9.8100  lv4(-9.8)          2.8s
  407       742.9       402.3    0.3563   1.00   0.50    -9.8100  lv4(-9.8)          3.0s
  408       802.8       387.0    0.3555   1.00   0.50    -9.8100  lv4(-9.8)          2.7s
  409       755.6       364.1    0.3548   1.00   0.50    -9.8100  lv4(-9.8)          3.0s
  [probe] gen=410 score=704.2 net=2.925 fell=0.200 [new best earth]
  410       733.3       381.1    0.3543   1.00   0.50    -9.8100  lv4(-9.8)          2.9s
  411       779.5       452.2    0.3539   1.00   0.50    -9.8100  lv4(-9.8)          3.1s
  412       752.4       388.5    0.3535   1.00   0.50    -9.8100  lv4(-9.8)          2.9s
  413       772.3       390.3    0.3532   1.00   0.50    -9.8100  lv4(-9.8)          2.6s
  414       756.3       350.3    0.3529   1.00   0.50    -9.8100  lv4(-9.8)          2.7s
  415       845.3       333.0    0.3525   1.00   0.50    -9.8100  lv4(-9.8)          2.9s
  416       822.7       433.7    0.3522   1.00   0.50    -9.8100  lv4(-9.8)          2.8s
  417       820.5       385.3    0.3518   1.00   0.50    -9.8100  lv4(-9.8)          2.7s
  418       809.1       419.2    0.3513   1.00   0.50    -9.8100  lv4(-9.8)          2.5s
  419       853.6       405.7    0.3508   1.00   0.50    -9.8100  lv4(-9.8)          2.5s
  [probe] gen=420 score=702.1 net=3.279 fell=0.700
  420       862.1       342.4    0.3503   1.00   0.50    -9.8100  lv4(-9.8)          2.1s
  421       741.7       361.2    0.3498   1.00   0.50    -9.8100  lv4(-9.8)          2.4s
  422       809.0       418.2    0.3492   1.00   0.50    -9.8100  lv4(-9.8)          2.5s
  423       760.7       391.2    0.3486   1.00   0.50    -9.8100  lv4(-9.8)          2.8s
  424       912.8       392.8    0.3481   1.00   0.50    -9.8100  lv4(-9.8)          2.7s
  [plot] Saved fitness curve → experiments/thesis/adaptive_progression/seed_03/fitness_curve.png
  425       843.0       453.2    0.3477   1.00   0.50    -9.8100  lv4(-9.8)          2.9s
  426       782.7       416.6    0.3473   1.00   0.50    -9.8100  lv4(-9.8)          2.6s
  427       845.9       457.0    0.3469   1.00   0.50    -9.8100  lv4(-9.8)          2.7s
  428       738.0       352.3    0.3466   1.00   0.50    -9.8100  lv4(-9.8)          2.6s
  429       723.9       448.1    0.3465   1.00   0.50    -9.8100  lv4(-9.8)          3.1s
  [probe] gen=430 score=727.4 net=3.460 fell=0.800 [new best earth]
  430       926.6       488.4    0.3464   1.00   0.50    -9.8100  lv4(-9.8)          3.0s
  431       766.8       451.0    0.3463   1.00   0.50    -9.8100  lv4(-9.8)          2.6s
  432       912.1       529.6    0.3462   1.00   0.50    -9.8100  lv4(-9.8)          2.9s
  433       845.6       511.1    0.3463   1.00   0.50    -9.8100  lv4(-9.8)          2.7s
  434       826.4       512.1    0.3463   1.00   0.50    -9.8100  lv4(-9.8)          2.9s
  435       795.4       451.3    0.3461   1.00   0.50    -9.8100  lv4(-9.8)          2.4s
  436       790.7       404.7    0.3460   1.00   0.50    -9.8100  lv4(-9.8)          2.4s
  437       772.7       458.2    0.3460   1.00   0.50    -9.8100  lv4(-9.8)          3.0s
  438       944.0       500.8    0.3459   1.00   0.50    -9.8100  lv4(-9.8)          2.6s
  439       779.6       376.3    0.3458   1.00   0.50    -9.8100  lv4(-9.8)          2.4s
  [probe] gen=440 score=815.4 net=3.491 fell=0.100 [new best earth]
  440       791.9       386.6    0.3457   1.00   0.50    -9.8100  lv4(-9.8)          2.4s
  441       836.1       475.8    0.3455   1.00   0.50    -9.8100  lv4(-9.8)          2.6s
  442       799.0       518.1    0.3452   1.00   0.50    -9.8100  lv4(-9.8)          2.7s
  443       798.2       413.8    0.3451   1.00   0.50    -9.8100  lv4(-9.8)          2.6s
  444       782.9       398.4    0.3450   1.00   0.50    -9.8100  lv4(-9.8)          2.4s
  445       745.7       410.6    0.3448   1.00   0.50    -9.8100  lv4(-9.8)          2.5s
  446       817.1       471.0    0.3446   1.00   0.50    -9.8100  lv4(-9.8)          2.6s
  447       803.6       442.3    0.3444   1.00   0.50    -9.8100  lv4(-9.8)          2.6s
  448       866.6       361.0    0.3441   1.00   0.50    -9.8100  lv4(-9.8)          2.8s
  449       758.2       421.5    0.3438   1.00   0.50    -9.8100  lv4(-9.8)          3.1s
  [probe] gen=450 score=646.7 net=3.083 fell=0.700
  [plot] Saved fitness curve → experiments/thesis/adaptive_progression/seed_03/fitness_curve.png
  450       895.3       391.8    0.3434   1.00   0.50    -9.8100  lv4(-9.8)          2.6s
  451       802.7       453.9    0.3431   1.00   0.50    -9.8100  lv4(-9.8)          2.8s
  452       725.7       461.6    0.3428   1.00   0.50    -9.8100  lv4(-9.8)          2.6s
  453       801.8       435.7    0.3425   1.00   0.50    -9.8100  lv4(-9.8)          2.9s
  454       828.9       446.0    0.3421   1.00   0.50    -9.8100  lv4(-9.8)          2.9s
  455       766.5       487.0    0.3417   1.00   0.50    -9.8100  lv4(-9.8)          2.8s
  456       801.3       485.1    0.3413   1.00   0.50    -9.8100  lv4(-9.8)          2.9s
  457       869.8       411.8    0.3408   1.00   0.50    -9.8100  lv4(-9.8)          2.7s
  458       765.9       451.6    0.3403   1.00   0.50    -9.8100  lv4(-9.8)          3.0s
  459       764.6       499.9    0.3399   1.00   0.50    -9.8100  lv4(-9.8)          3.4s
  [probe] gen=460 score=746.3 net=3.102 fell=0.000
  460       738.7       306.0    0.3395   1.00   0.50    -9.8100  lv4(-9.8)          2.5s
  461       814.1       360.8    0.3392   1.00   0.50    -9.8100  lv4(-9.8)          2.8s
  462       877.4       478.7    0.3388   1.00   0.50    -9.8100  lv4(-9.8)          2.6s
  463       738.2       415.9    0.3384   1.00   0.50    -9.8100  lv4(-9.8)          2.8s
  464       823.7       475.6    0.3380   1.00   0.50    -9.8100  lv4(-9.8)          2.8s
  465       916.2       453.4    0.3376   1.00   0.50    -9.8100  lv4(-9.8)          2.7s
  466       759.4       419.9    0.3373   1.00   0.50    -9.8100  lv4(-9.8)          2.9s
  467       769.0       470.9    0.3370   1.00   0.50    -9.8100  lv4(-9.8)          2.9s
  468       760.0       288.7    0.3366   1.00   0.50    -9.8100  lv4(-9.8)          2.6s
  469       758.8       399.2    0.3364   1.00   0.50    -9.8100  lv4(-9.8)          2.3s
  [probe] gen=470 score=817.0 net=3.480 fell=0.000 [new best earth]
  470       808.8       301.8    0.3362   1.00   0.50    -9.8100  lv4(-9.8)          2.7s
  471       746.6       379.5    0.3360   1.00   0.50    -9.8100  lv4(-9.8)          2.5s
  472       819.4       504.6    0.3358   1.00   0.50    -9.8100  lv4(-9.8)          2.9s
  473       832.3       386.6    0.3356   1.00   0.50    -9.8100  lv4(-9.8)          2.4s
  474       808.3       444.1    0.3354   1.00   0.50    -9.8100  lv4(-9.8)          2.7s
  [plot] Saved fitness curve → experiments/thesis/adaptive_progression/seed_03/fitness_curve.png
  475       785.9       481.1    0.3352   1.00   0.50    -9.8100  lv4(-9.8)          2.9s
  476       801.7       429.2    0.3349   1.00   0.50    -9.8100  lv4(-9.8)          2.5s
  477       806.4       457.6    0.3347   1.00   0.50    -9.8100  lv4(-9.8)          3.0s
  478       861.2       371.4    0.3345   1.00   0.50    -9.8100  lv4(-9.8)          2.3s
  479       839.1       451.3    0.3342   1.00   0.50    -9.8100  lv4(-9.8)          2.8s
  [probe] gen=480 score=730.7 net=3.188 fell=0.300
  480       867.9       455.7    0.3338   1.00   0.50    -9.8100  lv4(-9.8)          2.7s
  481       815.4       443.5    0.3334   1.00   0.50    -9.8100  lv4(-9.8)          2.4s
  482       824.0       525.1    0.3331   1.00   0.50    -9.8100  lv4(-9.8)          3.0s
  483       816.4       474.4    0.3329   1.00   0.50    -9.8100  lv4(-9.8)          2.7s
  484       802.2       442.0    0.3326   1.00   0.50    -9.8100  lv4(-9.8)          2.6s
  485       838.3       449.5    0.3326   1.00   0.50    -9.8100  lv4(-9.8)          2.3s
  486       757.0       409.8    0.3324   1.00   0.50    -9.8100  lv4(-9.8)          2.4s
  487       769.8       440.7    0.3322   1.00   0.50    -9.8100  lv4(-9.8)          2.6s
  488       811.8       526.0    0.3322   1.00   0.50    -9.8100  lv4(-9.8)          3.2s
  489       848.7       523.0    0.3320   1.00   0.50    -9.8100  lv4(-9.8)          3.1s
  [probe] gen=490 score=807.0 net=3.742 fell=0.500
  490       942.9       533.6    0.3317   1.00   0.50    -9.8100  lv4(-9.8)          2.9s
  491       785.5       459.1    0.3313   1.00   0.50    -9.8100  lv4(-9.8)          2.5s
  492       767.0       355.7    0.3310   1.00   0.50    -9.8100  lv4(-9.8)          2.3s
  493       803.1       482.5    0.3306   1.00   0.50    -9.8100  lv4(-9.8)          2.9s
  494       766.4       497.5    0.3302   1.00   0.50    -9.8100  lv4(-9.8)          2.8s
  495       833.9       324.9    0.3299   1.00   0.50    -9.8100  lv4(-9.8)          2.4s
  496      1035.3       442.4    0.3297   1.00   0.50    -9.8100  lv4(-9.8)          2.4s
  497       783.6       493.6    0.3297   1.00   0.50    -9.8100  lv4(-9.8)          2.7s
  498       897.8       500.4    0.3298   1.00   0.50    -9.8100  lv4(-9.8)          2.9s
  499       862.4       485.7    0.3299   1.00   0.50    -9.8100  lv4(-9.8)          3.0s
  [plot] Saved fitness curve → experiments/thesis/adaptive_progression/seed_03/fitness_curve.png

Training complete. Best fitness: 1701.5
Best params → experiments/thesis/adaptive_progression/seed_03/checkpoints/best_params.npy
Fitness curve → experiments/thesis/adaptive_progression/seed_03/fitness_curve.png
Eval params  → best_earth_params (earth probe score: 817.0)
Final Earth scorecard | score=806.5 net=3.470 fell=0.050
Gravity sweep | gravities=5 mean_net=1.915 worst_net=0.282
  [exp] Wrote experiments/thesis/adaptive_progression/seed_03/experiment.json
  [exp] Wrote experiments/thesis/adaptive_progression/seed_03/training_log.csv
  [exp] Wrote experiments/thesis/adaptive_progression/seed_03/earth_probe.csv
  [exp] Wrote experiments/thesis/adaptive_progression/seed_03/gravity_sweep.csv
  [exp] Wrote experiments/thesis/adaptive_progression/seed_03/summary.json
