Walker2d-v5 | policy=CPG  params=504
Curriculum   : ArchiveBased  [-1.6→-3.0→-5.0→-7.0→-9.81]  plateau=30gen  archive_size=5
Run context | seed=9 arm=archive_based run_id=archive_based_seed_09

Schedule | penalty_min=0.20 penalty_ramp_gen=200 corr_min=0.00 corr_max=0.50 corr_ramp_gen=200

Starting CMA-ES | pop=40 | sigma0=0.5 | max_gen=500 | workers=8 | seed=9
Checkpoints → experiments/thesis/archive_based/seed_09/checkpoints/

  Gen        Best        Mean     Sigma    Pen   Corr    Gravity  Phase              Time
------------------------------------------------------------------------------------
  [probe] gen=0 score=-379.9 net=-0.232 fell=1.000 [new best earth]
  [plot] Saved fitness curve → experiments/thesis/archive_based/seed_09/fitness_curve.png
    0       -15.3       -72.9    0.4902   0.20   0.00    -1.6000  lv0(a=0)           1.6s
    1       -50.0       -76.5    0.4820   0.20   0.00    -1.6000  lv0(a=1)           0.1s
    2       -60.3       -73.6    0.4747   0.21   0.01    -1.6000  lv0(a=2)           0.2s
    3       -58.4       -73.5    0.4683   0.21   0.01    -1.6000  lv0(a=3)           0.3s
    4       -25.9       -73.8    0.4625   0.22   0.01    -1.6000  lv0(a=4)           0.2s
    5       -33.9       -72.8    0.4572   0.22   0.01    -1.6000  lv0(a=5)           0.2s
    6       -64.2       -74.8    0.4523   0.22   0.01    -1.6000  lv0(a=5)           0.2s
    7       -55.0       -72.6    0.4476   0.23   0.02    -1.6000  lv0(a=5)           0.2s
    8       -59.0       -70.8    0.4431   0.23   0.02    -1.6000  lv0(a=5)           0.3s
    9       -47.2       -71.8    0.4388   0.24   0.02    -1.6000  lv0(a=5)           0.3s
  [probe] gen=10 score=-365.2 net=-0.145 fell=1.000 [new best earth]
   10       -55.7       -71.9    0.4347   0.24   0.03    -1.6000  lv0(a=5)           0.3s
   11       -37.4       -67.8    0.4310   0.24   0.03    -1.6000  lv0(a=5)           0.3s
   12       -32.2       -67.6    0.4277   0.25   0.03    -1.6000  lv0(a=5)           0.4s
   13       -24.2       -69.0    0.4247   0.25   0.03    -1.6000  lv0(a=5)           0.4s
   14       -32.3       -63.8    0.4221   0.26   0.04    -1.6000  lv0(a=5)           0.4s
   15         8.4       -66.7    0.4197   0.26   0.04    -1.6000  lv0(a=5)           0.5s
   16        23.0       -69.9    0.4175   0.26   0.04    -1.6000  lv0(a=5)           0.4s
   17        52.6       -68.1    0.4154   0.27   0.04    -1.6000  lv0(a=5)           0.5s
   18        18.4       -64.4    0.4135   0.27   0.04    -1.6000  lv0(a=5)           0.5s
   19       111.7       -61.5    0.4117   0.28   0.05    -1.6000  lv0(a=5)           0.5s
  [probe] gen=20 score=-352.3 net=-0.463 fell=1.000 [new best earth]
   20        63.1       -64.7    0.4100   0.28   0.05    -1.6000  lv0(a=5)           0.5s
   21       342.6       -45.0    0.4084   0.28   0.05    -1.6000  lv0(a=5)           0.6s
   22       192.2       -47.8    0.4070   0.29   0.06    -1.6000  lv0(a=5)           0.6s
   23       130.3       -50.4    0.4056   0.29   0.06    -1.6000  lv0(a=5)           0.7s
   24       138.5       -29.4    0.4043   0.30   0.06    -1.6000  lv0(a=5)           0.7s
  [plot] Saved fitness curve → experiments/thesis/archive_based/seed_09/fitness_curve.png
   25        79.1       -43.7    0.4031   0.30   0.06    -1.6000  lv0(a=5)           0.6s
   26       287.2       -12.1    0.4020   0.30   0.07    -1.6000  lv0(a=5)           0.7s
   27       197.0       -33.5    0.4010   0.31   0.07    -1.6000  lv0(a=5)           0.7s
   28       152.8       -21.2    0.4000   0.31   0.07    -1.6000  lv0(a=5)           0.8s
   29       193.5       -11.8    0.3991   0.32   0.07    -1.6000  lv0(a=5)           0.8s
  [probe] gen=30 score=-358.5 net=-0.277 fell=1.000
   30       113.9       -30.6    0.3980   0.32   0.07    -1.6000  lv0(a=5)           0.7s
   31        90.1       -28.1    0.3970   0.32   0.08    -1.6000  lv0(a=5)           0.6s
   32        74.8       -48.7    0.3960   0.33   0.08    -1.6000  lv0(a=5)           0.6s
   33        88.7       -32.1    0.3950   0.33   0.08    -1.6000  lv0(a=5)           0.7s
   34        80.7       -45.3    0.3938   0.34   0.09    -1.6000  lv0(a=5)           0.6s
   35       144.0       -52.3    0.3927   0.34   0.09    -1.6000  lv0(a=5)           0.5s
   36        68.4       -36.2    0.3916   0.34   0.09    -1.6000  lv0(a=5)           0.6s
   37        80.9       -41.5    0.3905   0.35   0.09    -1.6000  lv0(a=5)           0.7s
   38        70.9       -39.7    0.3896   0.35   0.10    -1.6000  lv0(a=5)           0.6s
   39       116.8       -47.4    0.3888   0.36   0.10    -1.6000  lv0(a=5)           0.7s
  [probe] gen=40 score=-431.7 net=-0.717 fell=1.000
   40       128.9       -59.0    0.3881   0.36   0.10    -1.6000  lv0(a=5)           0.5s
   41       199.3       -37.7    0.3876   0.36   0.10    -1.6000  lv0(a=5)           0.7s
   42        78.9       -59.0    0.3873   0.37   0.10    -1.6000  lv0(a=5)           0.6s
   43       129.8       -18.5    0.3870   0.37   0.11    -1.6000  lv0(a=5)           0.8s
   44       201.2       -38.0    0.3868   0.38   0.11    -1.6000  lv0(a=5)           0.6s
   45       151.4        -8.4    0.3868   0.38   0.11    -1.6000  lv0(a=5)           0.9s
   46       131.7         7.4    0.3867   0.38   0.12    -1.6000  lv0(a=5)           0.8s
   47       131.0       -10.0    0.3866   0.39   0.12    -1.6000  lv0(a=5)           0.8s
   48       106.0       -39.6    0.3866   0.39   0.12    -1.6000  lv0(a=5)           0.8s
   49       182.9       -19.9    0.3865   0.40   0.12    -1.6000  lv0(a=5)           0.9s
  [probe] gen=50 score=-477.3 net=-0.841 fell=1.000
  [plot] Saved fitness curve → experiments/thesis/archive_based/seed_09/fitness_curve.png
   50       143.2       -18.8    0.3865   0.40   0.12    -1.6000  lv0(a=5)           0.8s
  [stage] gen=51  gravity -1.60 → -3.00  ES restarted  remaining=448
   51       266.4       -29.7    0.5000   0.40   0.13    -1.6000  lv0(a=5)           0.8s
   52        -2.4      -125.7    0.4904   0.41   0.13    -3.0000  lv1(a=0)           0.4s
   53       -16.9      -127.7    0.4820   0.41   0.13    -3.0000  lv1(a=1)           0.4s
   54        41.9      -129.9    0.4744   0.42   0.14    -3.0000  lv1(a=2)           0.4s
   55       135.0      -120.1    0.4676   0.42   0.14    -3.0000  lv1(a=3)           0.5s
   56        70.5      -110.5    0.4614   0.42   0.14    -3.0000  lv1(a=4)           0.5s
   57       106.5      -109.7    0.4559   0.43   0.14    -3.0000  lv1(a=5)           0.5s
   58        80.5       -96.3    0.4506   0.43   0.14    -3.0000  lv1(a=5)           0.6s
   59       231.2       -76.0    0.4458   0.44   0.15    -3.0000  lv1(a=5)           0.8s
  [probe] gen=60 score=-297.9 net=-0.045 fell=1.000 [new best earth]
   60       126.0       -64.5    0.4414   0.44   0.15    -3.0000  lv1(a=5)           0.9s
   61        98.7       -70.4    0.4375   0.44   0.15    -3.0000  lv1(a=5)           0.7s
   62       180.2       -45.9    0.4338   0.45   0.15    -3.0000  lv1(a=5)           0.7s
   63       136.0       -64.0    0.4302   0.45   0.16    -3.0000  lv1(a=5)           0.9s
   64       152.7       -17.1    0.4270   0.46   0.16    -3.0000  lv1(a=5)           0.8s
   65       291.1        -0.7    0.4241   0.46   0.16    -3.0000  lv1(a=5)           0.8s
   66       161.7       -14.8    0.4213   0.46   0.17    -3.0000  lv1(a=5)           0.9s
   67       180.2       -11.3    0.4189   0.47   0.17    -3.0000  lv1(a=5)           1.0s
   68       239.4       -14.1    0.4167   0.47   0.17    -3.0000  lv1(a=5)           0.9s
   69       163.8        -8.4    0.4143   0.48   0.17    -3.0000  lv1(a=5)           0.9s
  [probe] gen=70 score=-81.2 net=0.712 fell=1.000 [new best earth]
   70       192.0        13.2    0.4123   0.48   0.17    -3.0000  lv1(a=5)           1.0s
   71       208.3        14.9    0.4104   0.48   0.18    -3.0000  lv1(a=5)           1.1s
   72       228.3        11.5    0.4086   0.49   0.18    -3.0000  lv1(a=5)           1.0s
   73       193.3        -3.9    0.4070   0.49   0.18    -3.0000  lv1(a=5)           0.9s
   74       184.4        26.8    0.4055   0.50   0.18    -3.0000  lv1(a=5)           1.0s
  [plot] Saved fitness curve → experiments/thesis/archive_based/seed_09/fitness_curve.png
   75       153.0         9.5    0.4041   0.50   0.19    -3.0000  lv1(a=5)           1.0s
   76       184.4        36.9    0.4027   0.50   0.19    -3.0000  lv1(a=5)           1.1s
   77       178.4        51.5    0.4015   0.51   0.19    -3.0000  lv1(a=5)           1.2s
   78       189.4        71.9    0.4004   0.51   0.20    -3.0000  lv1(a=5)           1.2s
   79       203.1        48.6    0.3992   0.52   0.20    -3.0000  lv1(a=5)           1.2s
  [probe] gen=80 score=-50.6 net=0.640 fell=1.000 [new best earth]
   80       379.2        91.8    0.3982   0.52   0.20    -3.0000  lv1(a=5)           1.4s
   81       184.0        57.0    0.3972   0.52   0.20    -3.0000  lv1(a=5)           1.2s
   82       187.8       130.4    0.3965   0.53   0.20    -3.0000  lv1(a=5)           1.4s
   83       232.6       103.6    0.3958   0.53   0.21    -3.0000  lv1(a=5)           1.4s
   84       223.2        88.5    0.3951   0.54   0.21    -3.0000  lv1(a=5)           1.3s
   85       176.6        93.8    0.3945   0.54   0.21    -3.0000  lv1(a=5)           1.5s
   86       246.7       159.5    0.3939   0.54   0.21    -3.0000  lv1(a=5)           1.4s
   87       236.9       113.8    0.3934   0.55   0.22    -3.0000  lv1(a=5)           1.4s
   88       249.4       120.5    0.3929   0.55   0.22    -3.0000  lv1(a=5)           1.4s
   89       381.8        93.2    0.3925   0.56   0.22    -3.0000  lv1(a=5)           1.4s
  [probe] gen=90 score=-345.8 net=-0.506 fell=1.000
   90       229.4        83.6    0.3921   0.56   0.23    -3.0000  lv1(a=5)           1.3s
   91       382.7        58.0    0.3917   0.56   0.23    -3.0000  lv1(a=5)           1.3s
   92       261.8        78.2    0.3914   0.57   0.23    -3.0000  lv1(a=5)           1.3s
   93       381.2        92.9    0.3912   0.57   0.23    -3.0000  lv1(a=5)           1.5s
   94       301.5        56.7    0.3910   0.58   0.23    -3.0000  lv1(a=5)           1.4s
   95       378.5        88.1    0.3907   0.58   0.24    -3.0000  lv1(a=5)           1.4s
   96       339.9        96.3    0.3904   0.58   0.24    -3.0000  lv1(a=5)           1.5s
   97       356.7       110.3    0.3901   0.59   0.24    -3.0000  lv1(a=5)           1.6s
   98       342.0       100.6    0.3898   0.59   0.24    -3.0000  lv1(a=5)           1.5s
   99       355.0        74.9    0.3894   0.60   0.25    -3.0000  lv1(a=5)           1.5s
  [probe] gen=100 score=-423.2 net=-0.797 fell=1.000
  [plot] Saved fitness curve → experiments/thesis/archive_based/seed_09/fitness_curve.png
  100       432.0        96.8    0.3890   0.60   0.25    -3.0000  lv1(a=5)           1.6s
  101       421.1        59.6    0.3884   0.60   0.25    -3.0000  lv1(a=5)           1.5s
  102       383.8       149.9    0.3879   0.61   0.26    -3.0000  lv1(a=5)           1.7s
  103       428.6        23.0    0.3876   0.61   0.26    -3.0000  lv1(a=5)           1.5s
  104       446.9        98.1    0.3874   0.62   0.26    -3.0000  lv1(a=5)           1.5s
  105       775.8       172.0    0.3874   0.62   0.26    -3.0000  lv1(a=5)           1.7s
  106       394.8        98.0    0.3873   0.62   0.27    -3.0000  lv1(a=5)           1.7s
  107       390.0        74.2    0.3873   0.63   0.27    -3.0000  lv1(a=5)           1.5s
  108       401.5        27.2    0.3872   0.63   0.27    -3.0000  lv1(a=5)           1.6s
  109       441.9       100.5    0.3870   0.64   0.27    -3.0000  lv1(a=5)           1.6s
  [probe] gen=110 score=14.5 net=0.826 fell=1.000 [new best earth]
  110       308.4        52.2    0.3868   0.64   0.28    -3.0000  lv1(a=5)           1.4s
  111       481.8        73.4    0.3866   0.64   0.28    -3.0000  lv1(a=5)           1.4s
  112       483.8       166.0    0.3864   0.65   0.28    -3.0000  lv1(a=5)           1.6s
  113       457.2       128.1    0.3862   0.65   0.28    -3.0000  lv1(a=5)           1.6s
  114       550.9       173.3    0.3860   0.66   0.28    -3.0000  lv1(a=5)           1.7s
  115       459.8       117.0    0.3859   0.66   0.29    -3.0000  lv1(a=5)           1.6s
  116       415.5       137.6    0.3858   0.66   0.29    -3.0000  lv1(a=5)           1.6s
  117       450.0       153.5    0.3859   0.67   0.29    -3.0000  lv1(a=5)           1.6s
  118       555.2       146.1    0.3859   0.67   0.29    -3.0000  lv1(a=5)           1.8s
  119       464.5       116.8    0.3860   0.68   0.30    -3.0000  lv1(a=5)           1.6s
  [probe] gen=120 score=-122.2 net=0.268 fell=1.000
  120       601.7       179.2    0.3860   0.68   0.30    -3.0000  lv1(a=5)           1.8s
  121       500.5       163.5    0.3860   0.68   0.30    -3.0000  lv1(a=5)           1.6s
  122       571.5       137.9    0.3859   0.69   0.30    -3.0000  lv1(a=5)           1.6s
  123       541.6       158.2    0.3857   0.69   0.31    -3.0000  lv1(a=5)           1.6s
  124       502.3       172.7    0.3855   0.70   0.31    -3.0000  lv1(a=5)           1.8s
  [plot] Saved fitness curve → experiments/thesis/archive_based/seed_09/fitness_curve.png
  125       529.6       135.6    0.3854   0.70   0.31    -3.0000  lv1(a=5)           1.6s
  126       369.6       149.6    0.3852   0.70   0.32    -3.0000  lv1(a=5)           1.6s
  127       545.2       108.1    0.3850   0.71   0.32    -3.0000  lv1(a=5)           1.6s
  128       485.0       146.9    0.3848   0.71   0.32    -3.0000  lv1(a=5)           1.5s
  129       496.1       164.6    0.3847   0.72   0.32    -3.0000  lv1(a=5)           1.6s
  [probe] gen=130 score=-122.6 net=0.234 fell=1.000
  130       438.4       139.6    0.3846   0.72   0.33    -3.0000  lv1(a=5)           1.7s
  131       481.0        83.9    0.3845   0.72   0.33    -3.0000  lv1(a=5)           1.4s
  132       492.3        89.1    0.3847   0.73   0.33    -3.0000  lv1(a=5)           1.6s
  133       484.1       126.5    0.3849   0.73   0.33    -3.0000  lv1(a=5)           1.6s
  134       497.7       144.7    0.3851   0.74   0.34    -3.0000  lv1(a=5)           1.6s
  [stage] gen=135  gravity -3.00 → -5.00  ES restarted  remaining=364
  135       617.4       148.1    0.5000   0.74   0.34    -3.0000  lv1(a=5)           1.6s
  136       175.7      -226.4    0.4903   0.74   0.34    -5.0000  lv2(a=0)           0.8s
  137       171.0      -167.5    0.4820   0.75   0.34    -5.0000  lv2(a=1)           0.8s
  138       161.0      -164.9    0.4749   0.75   0.34    -5.0000  lv2(a=2)           1.0s
  139       196.6      -114.6    0.4686   0.76   0.35    -5.0000  lv2(a=3)           1.1s
  [probe] gen=140 score=-132.9 net=0.140 fell=1.000
  140       273.7       -46.6    0.4627   0.76   0.35    -5.0000  lv2(a=4)           1.1s
  141       200.0       -56.6    0.4576   0.76   0.35    -5.0000  lv2(a=5)           0.9s
  142       183.5        30.3    0.4527   0.77   0.35    -5.0000  lv2(a=5)           1.1s
  143       212.5        15.8    0.4484   0.77   0.36    -5.0000  lv2(a=5)           1.1s
  144       255.8        58.8    0.4445   0.78   0.36    -5.0000  lv2(a=5)           1.1s
  145       367.8        33.5    0.4407   0.78   0.36    -5.0000  lv2(a=5)           1.3s
  146       322.1        13.8    0.4373   0.78   0.36    -5.0000  lv2(a=5)           1.5s
  147       341.2        60.2    0.4341   0.79   0.37    -5.0000  lv2(a=5)           1.2s
  148       368.4        36.3    0.4313   0.79   0.37    -5.0000  lv2(a=5)           1.2s
  149       364.9        36.9    0.4287   0.80   0.37    -5.0000  lv2(a=5)           1.2s
  [probe] gen=150 score=-39.8 net=0.180 fell=1.000
  [plot] Saved fitness curve → experiments/thesis/archive_based/seed_09/fitness_curve.png
  150       357.5        45.9    0.4262   0.80   0.38    -5.0000  lv2(a=5)           1.3s
  151       385.2        35.0    0.4240   0.80   0.38    -5.0000  lv2(a=5)           1.3s
  152       276.9        63.3    0.4219   0.81   0.38    -5.0000  lv2(a=5)           1.1s
  153       527.4        -4.2    0.4199   0.81   0.38    -5.0000  lv2(a=5)           1.2s
  154       350.2        92.2    0.4182   0.82   0.39    -5.0000  lv2(a=5)           1.3s
  155       357.0        74.8    0.4167   0.82   0.39    -5.0000  lv2(a=5)           1.2s
  156       391.1        89.2    0.4154   0.82   0.39    -5.0000  lv2(a=5)           1.3s
  157       557.3        59.2    0.4139   0.83   0.39    -5.0000  lv2(a=5)           1.4s
  158       361.9        86.2    0.4125   0.83   0.40    -5.0000  lv2(a=5)           1.4s
  159       506.3        19.3    0.4112   0.84   0.40    -5.0000  lv2(a=5)           1.4s
  [probe] gen=160 score=38.2 net=0.900 fell=1.000 [new best earth]
  160       509.7       111.3    0.4097   0.84   0.40    -5.0000  lv2(a=5)           1.4s
  161       476.1        77.9    0.4082   0.84   0.40    -5.0000  lv2(a=5)           1.2s
  162       539.2        53.3    0.4068   0.85   0.41    -5.0000  lv2(a=5)           1.3s
  163       627.7        42.7    0.4055   0.85   0.41    -5.0000  lv2(a=5)           1.4s
  164       482.6       169.6    0.4043   0.86   0.41    -5.0000  lv2(a=5)           1.4s
  165       684.0       116.0    0.4032   0.86   0.41    -5.0000  lv2(a=5)           1.4s
  [stage] gen=166  gravity -5.00 → -7.00  ES restarted  remaining=333
  166       708.0       150.6    0.5000   0.86   0.41    -5.0000  lv2(a=5)           1.6s
  167       377.4       -77.6    0.4903   0.87   0.42    -7.0000  lv3(a=0)           0.9s
  168       379.5        -4.8    0.4818   0.87   0.42    -7.0000  lv3(a=1)           1.3s
  169       352.1       -19.0    0.4742   0.88   0.42    -7.0000  lv3(a=2)           1.3s
  [probe] gen=170 score=-111.8 net=0.279 fell=1.000
  170       348.3       101.9    0.4674   0.88   0.42    -7.0000  lv3(a=3)           1.3s
  171       350.8        46.2    0.4612   0.88   0.43    -7.0000  lv3(a=4)           1.1s
  172       249.4         9.3    0.4557   0.89   0.43    -7.0000  lv3(a=5)           1.1s
  173       323.1        37.3    0.4506   0.89   0.43    -7.0000  lv3(a=5)           1.2s
  174       318.5        15.1    0.4458   0.90   0.43    -7.0000  lv3(a=5)           1.2s
  [plot] Saved fitness curve → experiments/thesis/archive_based/seed_09/fitness_curve.png
  175       316.8        65.3    0.4413   0.90   0.44    -7.0000  lv3(a=5)           1.2s
  176       405.8        51.9    0.4369   0.90   0.44    -7.0000  lv3(a=5)           1.1s
  177       507.9        56.3    0.4330   0.91   0.44    -7.0000  lv3(a=5)           1.3s
  178       426.1        40.2    0.4294   0.91   0.45    -7.0000  lv3(a=5)           1.4s
  179       377.4       151.7    0.4259   0.92   0.45    -7.0000  lv3(a=5)           1.4s
  [probe] gen=180 score=-235.4 net=-0.299 fell=1.000
  180       412.3        90.3    0.4227   0.92   0.45    -7.0000  lv3(a=5)           1.3s
  181       405.9       145.3    0.4197   0.92   0.45    -7.0000  lv3(a=5)           1.3s
  182       396.0        24.3    0.4169   0.93   0.46    -7.0000  lv3(a=5)           1.4s
  183       584.0        47.3    0.4143   0.93   0.46    -7.0000  lv3(a=5)           1.3s
  184       397.6        97.6    0.4120   0.94   0.46    -7.0000  lv3(a=5)           1.3s
  185       580.2       172.3    0.4099   0.94   0.46    -7.0000  lv3(a=5)           1.4s
  186       468.8       222.7    0.4078   0.94   0.47    -7.0000  lv3(a=5)           1.4s
  187       361.4        49.9    0.4058   0.95   0.47    -7.0000  lv3(a=5)           1.3s
  188       456.0       136.0    0.4039   0.95   0.47    -7.0000  lv3(a=5)           1.5s
  189       435.9       146.6    0.4020   0.96   0.47    -7.0000  lv3(a=5)           1.3s
  [probe] gen=190 score=217.8 net=1.647 fell=1.000 [new best earth]
  190       657.2       112.2    0.4004   0.96   0.47    -7.0000  lv3(a=5)           1.3s
  191       582.1       141.9    0.3989   0.96   0.48    -7.0000  lv3(a=5)           1.5s
  192       731.9        92.2    0.3975   0.97   0.48    -7.0000  lv3(a=5)           1.3s
  193       541.2       161.5    0.3961   0.97   0.48    -7.0000  lv3(a=5)           1.5s
  194       560.2       131.8    0.3949   0.98   0.48    -7.0000  lv3(a=5)           1.5s
  195       480.2       158.6    0.3938   0.98   0.49    -7.0000  lv3(a=5)           1.3s
  196       557.3       195.5    0.3928   0.98   0.49    -7.0000  lv3(a=5)           1.4s
  [stage] gen=197  gravity -7.00 → -9.81  ES restarted  remaining=302
  197       574.8        91.4    0.5000   0.99   0.49    -7.0000  lv3(a=5)           1.4s
  198       303.7       -84.4    0.4904   0.99   0.49    -9.8100  lv4(a=0)           1.3s
  199       255.8      -106.6    0.4822   1.00   0.50    -9.8100  lv4(a=1)           1.0s
  [probe] gen=200 score=77.5 net=0.887 fell=1.000
  [plot] Saved fitness curve → experiments/thesis/archive_based/seed_09/fitness_curve.png
  200       264.6      -112.3    0.4748   1.00   0.50    -9.8100  lv4(a=2)           1.2s
  201       380.3       -36.5    0.4681   1.00   0.50    -9.8100  lv4(a=3)           1.1s
  202       306.4        69.9    0.4621   1.00   0.50    -9.8100  lv4(a=4)           1.4s
  203       359.1        82.7    0.4564   1.00   0.50    -9.8100  lv4(a=5)           1.4s
  204       369.7        25.8    0.4512   1.00   0.50    -9.8100  lv4(a=5)           1.3s
  205       268.6       -13.6    0.4463   1.00   0.50    -9.8100  lv4(a=5)           1.5s
  206       700.6        23.5    0.4419   1.00   0.50    -9.8100  lv4(a=5)           1.4s
  207       400.9        68.4    0.4377   1.00   0.50    -9.8100  lv4(a=5)           1.2s
  208       582.2        71.5    0.4338   1.00   0.50    -9.8100  lv4(a=5)           1.4s
  209       553.6        50.7    0.4302   1.00   0.50    -9.8100  lv4(a=5)           1.3s
  [probe] gen=210 score=284.2 net=1.330 fell=0.900 [new best earth]
  210       427.3       110.2    0.4265   1.00   0.50    -9.8100  lv4(a=5)           1.5s
  211       420.7        84.5    0.4230   1.00   0.50    -9.8100  lv4(a=5)           1.3s
  212       379.5        97.0    0.4198   1.00   0.50    -9.8100  lv4(a=5)           1.3s
  213       378.3       152.7    0.4166   1.00   0.50    -9.8100  lv4(a=5)           1.6s
  214       457.5        87.7    0.4137   1.00   0.50    -9.8100  lv4(a=5)           1.5s
  215       427.5       126.7    0.4110   1.00   0.50    -9.8100  lv4(a=5)           1.5s
  216       515.5       174.3    0.4085   1.00   0.50    -9.8100  lv4(a=5)           1.6s
  217       483.8       166.5    0.4062   1.00   0.50    -9.8100  lv4(a=5)           1.8s
  218       441.6        90.5    0.4041   1.00   0.50    -9.8100  lv4(a=5)           1.7s
  219       511.4        96.4    0.4020   1.00   0.50    -9.8100  lv4(a=5)           1.5s
  [probe] gen=220 score=319.7 net=1.537 fell=0.900 [new best earth]
  220       460.6       126.8    0.4000   1.00   0.50    -9.8100  lv4(a=5)           1.6s
  221       534.4        98.0    0.3981   1.00   0.50    -9.8100  lv4(a=5)           1.6s
  222       476.6       153.5    0.3961   1.00   0.50    -9.8100  lv4(a=5)           1.6s
  223       503.7        86.8    0.3941   1.00   0.50    -9.8100  lv4(a=5)           1.4s
  224       467.8       177.4    0.3924   1.00   0.50    -9.8100  lv4(a=5)           1.5s
  [plot] Saved fitness curve → experiments/thesis/archive_based/seed_09/fitness_curve.png
  225       425.3       192.0    0.3908   1.00   0.50    -9.8100  lv4(a=5)           2.0s
  226       527.8       142.9    0.3892   1.00   0.50    -9.8100  lv4(a=5)           1.8s
  227       503.3        70.8    0.3877   1.00   0.50    -9.8100  lv4(a=5)           1.8s
  228       507.9       145.0    0.3862   1.00   0.50    -9.8100  lv4(a=5)           1.6s
  229       571.2       205.5    0.3848   1.00   0.50    -9.8100  lv4(a=5)           1.7s
  [probe] gen=230 score=402.1 net=2.156 fell=1.000 [new best earth]
  230       583.7       201.3    0.3833   1.00   0.50    -9.8100  lv4(a=5)           1.7s
  231       501.3       211.5    0.3819   1.00   0.50    -9.8100  lv4(a=5)           2.1s
  232       494.6       229.0    0.3804   1.00   0.50    -9.8100  lv4(a=5)           1.9s
  233       737.9       132.0    0.3790   1.00   0.50    -9.8100  lv4(a=5)           1.8s
  234       794.9       157.6    0.3778   1.00   0.50    -9.8100  lv4(a=5)           1.9s
  235       416.7       111.1    0.3767   1.00   0.50    -9.8100  lv4(a=5)           1.9s
  236       488.1       153.3    0.3754   1.00   0.50    -9.8100  lv4(a=5)           1.8s
  237       453.2       175.4    0.3742   1.00   0.50    -9.8100  lv4(a=5)           1.7s
  238       525.7       208.8    0.3729   1.00   0.50    -9.8100  lv4(a=5)           2.3s
  239       571.2       237.0    0.3718   1.00   0.50    -9.8100  lv4(a=5)           2.3s
  [probe] gen=240 score=498.9 net=2.684 fell=1.000 [new best earth]
  240       740.7       225.8    0.3707   1.00   0.50    -9.8100  lv4(a=5)           2.2s
  241       626.4       250.1    0.3696   1.00   0.50    -9.8100  lv4(a=5)           2.2s
  242       620.7       240.7    0.3685   1.00   0.50    -9.8100  lv4(a=5)           2.6s
  243       556.0       233.9    0.3675   1.00   0.50    -9.8100  lv4(a=5)           2.5s
  244       635.1       170.0    0.3664   1.00   0.50    -9.8100  lv4(a=5)           2.3s
  245       589.1       231.1    0.3655   1.00   0.50    -9.8100  lv4(a=5)           2.4s
  246       741.6       294.4    0.3646   1.00   0.50    -9.8100  lv4(a=5)           2.7s
  247       532.6       183.7    0.3637   1.00   0.50    -9.8100  lv4(a=5)           2.1s
  248       729.7       340.2    0.3628   1.00   0.50    -9.8100  lv4(a=5)           2.7s
  249       678.5       270.8    0.3619   1.00   0.50    -9.8100  lv4(a=5)           2.6s
  [probe] gen=250 score=386.4 net=1.746 fell=0.800
  [plot] Saved fitness curve → experiments/thesis/archive_based/seed_09/fitness_curve.png
  250       849.7       375.7    0.3608   1.00   0.50    -9.8100  lv4(a=5)           2.5s
  251       698.6       334.4    0.3600   1.00   0.50    -9.8100  lv4(a=5)           2.4s
  252       915.9       341.3    0.3594   1.00   0.50    -9.8100  lv4(a=5)           2.2s
  253       687.5       353.5    0.3589   1.00   0.50    -9.8100  lv4(a=5)           2.1s
  254       870.1       368.4    0.3584   1.00   0.50    -9.8100  lv4(a=5)           2.4s
  255       712.9       222.5    0.3581   1.00   0.50    -9.8100  lv4(a=5)           2.0s
  256       853.3       421.2    0.3579   1.00   0.50    -9.8100  lv4(a=5)           2.5s
  257       779.1       398.5    0.3577   1.00   0.50    -9.8100  lv4(a=5)           2.8s
  258       869.2       388.5    0.3573   1.00   0.50    -9.8100  lv4(a=5)           2.9s
  259       872.0       434.4    0.3568   1.00   0.50    -9.8100  lv4(a=5)           2.8s
  [probe] gen=260 score=607.3 net=3.096 fell=0.900 [new best earth]
  260       893.8       348.0    0.3566   1.00   0.50    -9.8100  lv4(a=5)           2.4s
  261       751.0       318.5    0.3563   1.00   0.50    -9.8100  lv4(a=5)           2.1s
  262       912.6       388.6    0.3561   1.00   0.50    -9.8100  lv4(a=5)           2.4s
  263       656.2       307.3    0.3560   1.00   0.50    -9.8100  lv4(a=5)           2.2s
  264       816.4       368.8    0.3559   1.00   0.50    -9.8100  lv4(a=5)           2.5s
  265       871.2       368.1    0.3559   1.00   0.50    -9.8100  lv4(a=5)           2.4s
  266       806.2       400.3    0.3561   1.00   0.50    -9.8100  lv4(a=5)           2.2s
  267      1129.2       442.3    0.3562   1.00   0.50    -9.8100  lv4(a=5)           2.4s
  268       731.9       356.3    0.3564   1.00   0.50    -9.8100  lv4(a=5)           2.1s
  269       905.2       381.1    0.3565   1.00   0.50    -9.8100  lv4(a=5)           2.6s
  [probe] gen=270 score=343.5 net=1.504 fell=0.800
  270       763.7       336.4    0.3564   1.00   0.50    -9.8100  lv4(a=5)           2.1s
  271       884.2       386.4    0.3565   1.00   0.50    -9.8100  lv4(a=5)           2.4s
  272       823.0       410.5    0.3566   1.00   0.50    -9.8100  lv4(a=5)           2.0s
  273       873.5       398.4    0.3566   1.00   0.50    -9.8100  lv4(a=5)           2.4s
  274       907.4       342.8    0.3566   1.00   0.50    -9.8100  lv4(a=5)           2.3s
  [plot] Saved fitness curve → experiments/thesis/archive_based/seed_09/fitness_curve.png
  275       726.5       338.2    0.3566   1.00   0.50    -9.8100  lv4(a=5)           1.9s
  276       876.9       434.0    0.3567   1.00   0.50    -9.8100  lv4(a=5)           2.2s
  277       855.9       338.5    0.3568   1.00   0.50    -9.8100  lv4(a=5)           2.0s
  278       758.1       406.8    0.3569   1.00   0.50    -9.8100  lv4(a=5)           2.1s
  279       695.5       440.8    0.3571   1.00   0.50    -9.8100  lv4(a=5)           2.4s
  [probe] gen=280 score=346.8 net=1.848 fell=0.800
  280       982.9       525.8    0.3573   1.00   0.50    -9.8100  lv4(a=5)           2.8s
  281      1082.0       353.3    0.3575   1.00   0.50    -9.8100  lv4(a=5)           2.1s
  282       737.9       355.2    0.3576   1.00   0.50    -9.8100  lv4(a=5)           2.5s
  283       770.3       355.2    0.3577   1.00   0.50    -9.8100  lv4(a=5)           2.6s
  284       813.6       313.7    0.3579   1.00   0.50    -9.8100  lv4(a=5)           2.4s
  285       863.7       359.4    0.3581   1.00   0.50    -9.8100  lv4(a=5)           2.6s
  286       898.7       309.7    0.3583   1.00   0.50    -9.8100  lv4(a=5)           1.9s
  287       760.2       358.1    0.3587   1.00   0.50    -9.8100  lv4(a=5)           2.5s
  288      1109.1       393.3    0.3591   1.00   0.50    -9.8100  lv4(a=5)           2.4s
  289       784.6       373.5    0.3594   1.00   0.50    -9.8100  lv4(a=5)           2.6s
  [probe] gen=290 score=585.4 net=2.742 fell=0.700
  290       812.7       328.1    0.3598   1.00   0.50    -9.8100  lv4(a=5)           2.3s
  291       748.7       347.8    0.3601   1.00   0.50    -9.8100  lv4(a=5)           2.8s
  292      1004.9       475.6    0.3604   1.00   0.50    -9.8100  lv4(a=5)           2.9s
  293       979.6       419.6    0.3607   1.00   0.50    -9.8100  lv4(a=5)           2.6s
  294       946.6       319.8    0.3608   1.00   0.50    -9.8100  lv4(a=5)           2.7s
  295      1074.7       411.2    0.3609   1.00   0.50    -9.8100  lv4(a=5)           2.7s
  296      1025.5       379.2    0.3611   1.00   0.50    -9.8100  lv4(a=5)           2.5s
  297       945.9       464.8    0.3612   1.00   0.50    -9.8100  lv4(a=5)           2.5s
  298       970.8       454.4    0.3613   1.00   0.50    -9.8100  lv4(a=5)           2.7s
  299       842.9       404.6    0.3613   1.00   0.50    -9.8100  lv4(a=5)           2.5s
  [probe] gen=300 score=583.6 net=2.850 fell=1.000
  [plot] Saved fitness curve → experiments/thesis/archive_based/seed_09/fitness_curve.png
  300      1159.4       450.8    0.3614   1.00   0.50    -9.8100  lv4(a=5)           2.7s
  301       971.5       384.9    0.3615   1.00   0.50    -9.8100  lv4(a=5)           2.3s
  302       874.3       472.2    0.3616   1.00   0.50    -9.8100  lv4(a=5)           2.6s
  303       879.6       341.9    0.3617   1.00   0.50    -9.8100  lv4(a=5)           2.3s
  304       848.0       428.7    0.3619   1.00   0.50    -9.8100  lv4(a=5)           2.6s
  305       802.5       334.2    0.3622   1.00   0.50    -9.8100  lv4(a=5)           2.3s
  306       859.6       382.1    0.3625   1.00   0.50    -9.8100  lv4(a=5)           2.4s
  307       989.8       355.8    0.3627   1.00   0.50    -9.8100  lv4(a=5)           2.4s
  308       997.6       396.4    0.3629   1.00   0.50    -9.8100  lv4(a=5)           2.6s
  309       831.3       365.9    0.3631   1.00   0.50    -9.8100  lv4(a=5)           2.5s
  [probe] gen=310 score=839.0 net=3.920 fell=0.700 [new best earth]
  310       992.7       420.3    0.3630   1.00   0.50    -9.8100  lv4(a=5)           2.7s
  311      1173.4       245.5    0.3629   1.00   0.50    -9.8100  lv4(a=5)           2.4s
  312       871.3       333.9    0.3627   1.00   0.50    -9.8100  lv4(a=5)           2.2s
  313       850.5       447.7    0.3624   1.00   0.50    -9.8100  lv4(a=5)           2.5s
  314       951.7       434.3    0.3621   1.00   0.50    -9.8100  lv4(a=5)           2.6s
  315       937.7       478.7    0.3618   1.00   0.50    -9.8100  lv4(a=5)           2.9s
  316      1052.7       357.1    0.3615   1.00   0.50    -9.8100  lv4(a=5)           2.8s
  317       884.6       416.0    0.3612   1.00   0.50    -9.8100  lv4(a=5)           2.9s
  318      1552.0       527.5    0.3611   1.00   0.50    -9.8100  lv4(a=5)           2.6s
  319       933.4       412.2    0.3610   1.00   0.50    -9.8100  lv4(a=5)           2.1s
  [probe] gen=320 score=865.4 net=4.637 fell=1.000 [new best earth]
  320      1505.2       553.4    0.3609   1.00   0.50    -9.8100  lv4(a=5)           3.0s
  321      1164.0       524.6    0.3609   1.00   0.50    -9.8100  lv4(a=5)           2.7s
  322      1259.4       592.5    0.3609   1.00   0.50    -9.8100  lv4(a=5)           3.2s
  323      1074.4       500.0    0.3611   1.00   0.50    -9.8100  lv4(a=5)           2.4s
  324      1621.2       503.8    0.3613   1.00   0.50    -9.8100  lv4(a=5)           2.5s
  [plot] Saved fitness curve → experiments/thesis/archive_based/seed_09/fitness_curve.png
  325      1330.5       575.6    0.3614   1.00   0.50    -9.8100  lv4(a=5)           2.7s
  326       995.3       469.6    0.3615   1.00   0.50    -9.8100  lv4(a=5)           2.1s
  327      1208.2       535.4    0.3617   1.00   0.50    -9.8100  lv4(a=5)           2.5s
  328      1387.2       566.3    0.3617   1.00   0.50    -9.8100  lv4(a=5)           2.3s
  329      1443.0       526.7    0.3618   1.00   0.50    -9.8100  lv4(a=5)           2.4s
  [probe] gen=330 score=1048.6 net=5.335 fell=1.000 [new best earth]
  330      1442.8       497.2    0.3619   1.00   0.50    -9.8100  lv4(a=5)           2.1s
  331      1223.7       538.1    0.3619   1.00   0.50    -9.8100  lv4(a=5)           2.2s
  332      1190.5       445.6    0.3620   1.00   0.50    -9.8100  lv4(a=5)           1.9s
  333      1279.5       551.5    0.3621   1.00   0.50    -9.8100  lv4(a=5)           2.4s
  334       903.1       477.4    0.3620   1.00   0.50    -9.8100  lv4(a=5)           2.4s
  335      1125.6       526.6    0.3619   1.00   0.50    -9.8100  lv4(a=5)           2.5s
  336      1236.0       464.5    0.3617   1.00   0.50    -9.8100  lv4(a=5)           2.2s
  337      1120.5       428.3    0.3617   1.00   0.50    -9.8100  lv4(a=5)           1.8s
  338      1159.0       443.5    0.3619   1.00   0.50    -9.8100  lv4(a=5)           2.1s
  339      1052.1       494.6    0.3621   1.00   0.50    -9.8100  lv4(a=5)           2.3s
  [probe] gen=340 score=635.8 net=3.078 fell=0.800
  340      1233.9       484.7    0.3620   1.00   0.50    -9.8100  lv4(a=5)           2.4s
  341      1190.5       513.6    0.3618   1.00   0.50    -9.8100  lv4(a=5)           2.1s
  342      1285.4       469.1    0.3615   1.00   0.50    -9.8100  lv4(a=5)           2.1s
  343      1349.5       485.3    0.3613   1.00   0.50    -9.8100  lv4(a=5)           2.2s
  344      1521.6       503.4    0.3611   1.00   0.50    -9.8100  lv4(a=5)           2.1s
  345      1271.6       477.4    0.3609   1.00   0.50    -9.8100  lv4(a=5)           2.4s
  346      1532.5       493.8    0.3606   1.00   0.50    -9.8100  lv4(a=5)           2.2s
  347      1264.4       598.6    0.3604   1.00   0.50    -9.8100  lv4(a=5)           2.3s
  348      1345.6       607.4    0.3602   1.00   0.50    -9.8100  lv4(a=5)           2.2s
  349      1299.0       567.7    0.3599   1.00   0.50    -9.8100  lv4(a=5)           2.0s
  [probe] gen=350 score=936.2 net=4.711 fell=0.700
  [plot] Saved fitness curve → experiments/thesis/archive_based/seed_09/fitness_curve.png
  350      1314.7       545.2    0.3596   1.00   0.50    -9.8100  lv4(a=5)           2.3s
  351      1018.3       541.4    0.3592   1.00   0.50    -9.8100  lv4(a=5)           2.1s
  352      1326.3       516.8    0.3588   1.00   0.50    -9.8100  lv4(a=5)           2.5s
  353      1485.6       541.5    0.3585   1.00   0.50    -9.8100  lv4(a=5)           2.1s
  354      1272.6       498.9    0.3582   1.00   0.50    -9.8100  lv4(a=5)           2.2s
  355      1377.6       582.7    0.3580   1.00   0.50    -9.8100  lv4(a=5)           2.4s
  356      1559.1       622.4    0.3576   1.00   0.50    -9.8100  lv4(a=5)           2.4s
  357      1366.9       557.3    0.3572   1.00   0.50    -9.8100  lv4(a=5)           2.5s
  358      1401.2       507.5    0.3568   1.00   0.50    -9.8100  lv4(a=5)           2.3s
  359      1152.2       513.8    0.3563   1.00   0.50    -9.8100  lv4(a=5)           2.2s
  [probe] gen=360 score=1035.4 net=4.921 fell=0.600
  360      1199.3       523.8    0.3559   1.00   0.50    -9.8100  lv4(a=5)           2.3s
  361      1580.7       577.1    0.3555   1.00   0.50    -9.8100  lv4(a=5)           2.5s
  362      1356.3       497.2    0.3552   1.00   0.50    -9.8100  lv4(a=5)           2.1s
  363      1325.6       538.4    0.3549   1.00   0.50    -9.8100  lv4(a=5)           2.1s
  364      1331.2       517.5    0.3547   1.00   0.50    -9.8100  lv4(a=5)           2.4s
  365      1404.6       413.5    0.3545   1.00   0.50    -9.8100  lv4(a=5)           2.2s
  366      1100.1       413.6    0.3542   1.00   0.50    -9.8100  lv4(a=5)           2.0s
  367      1209.3       512.4    0.3538   1.00   0.50    -9.8100  lv4(a=5)           2.1s
  368      1404.8       583.4    0.3536   1.00   0.50    -9.8100  lv4(a=5)           2.3s
  369      1678.9       532.9    0.3534   1.00   0.50    -9.8100  lv4(a=5)           2.6s
  [probe] gen=370 score=1234.1 net=6.109 fell=0.500 [new best earth]
  370      1689.2       551.0    0.3533   1.00   0.50    -9.8100  lv4(a=5)           2.5s
  371      1595.6       546.4    0.3532   1.00   0.50    -9.8100  lv4(a=5)           2.2s
  372      1377.4       583.7    0.3530   1.00   0.50    -9.8100  lv4(a=5)           2.4s
  373      1238.3       485.8    0.3529   1.00   0.50    -9.8100  lv4(a=5)           2.3s
  374      1457.2       657.3    0.3526   1.00   0.50    -9.8100  lv4(a=5)           2.5s
  [plot] Saved fitness curve → experiments/thesis/archive_based/seed_09/fitness_curve.png
  375      1852.3       579.0    0.3525   1.00   0.50    -9.8100  lv4(a=5)           2.3s
  376      1545.1       761.6    0.3524   1.00   0.50    -9.8100  lv4(a=5)           2.3s
  377      1729.9       763.8    0.3523   1.00   0.50    -9.8100  lv4(a=5)           2.3s
  378      1678.9       679.7    0.3525   1.00   0.50    -9.8100  lv4(a=5)           2.0s
  379      1453.5       611.1    0.3528   1.00   0.50    -9.8100  lv4(a=5)           1.9s
  [probe] gen=380 score=1524.5 net=7.593 fell=0.300 [new best earth]
  380      1754.7       637.9    0.3531   1.00   0.50    -9.8100  lv4(a=5)           2.0s
  381      1470.9       663.9    0.3533   1.00   0.50    -9.8100  lv4(a=5)           2.1s
  382      1717.5       658.6    0.3535   1.00   0.50    -9.8100  lv4(a=5)           2.3s
  383      1804.7       685.3    0.3536   1.00   0.50    -9.8100  lv4(a=5)           2.3s
  384      1530.4       704.5    0.3539   1.00   0.50    -9.8100  lv4(a=5)           2.4s
  385      1653.4       737.0    0.3541   1.00   0.50    -9.8100  lv4(a=5)           2.3s
  386      1445.9       664.7    0.3544   1.00   0.50    -9.8100  lv4(a=5)           2.3s
  387      1681.3       783.0    0.3548   1.00   0.50    -9.8100  lv4(a=5)           2.5s
  388      1690.6       696.5    0.3551   1.00   0.50    -9.8100  lv4(a=5)           2.0s
  389      1661.9       746.1    0.3555   1.00   0.50    -9.8100  lv4(a=5)           2.1s
  [probe] gen=390 score=1577.1 net=7.692 fell=0.300 [new best earth]
  390      1664.0       562.6    0.3559   1.00   0.50    -9.8100  lv4(a=5)           2.2s
  391      1710.0       673.2    0.3564   1.00   0.50    -9.8100  lv4(a=5)           2.1s
  392      1417.2       720.3    0.3568   1.00   0.50    -9.8100  lv4(a=5)           2.1s
  393      1387.7       613.8    0.3571   1.00   0.50    -9.8100  lv4(a=5)           2.4s
  394      1884.9       906.8    0.3574   1.00   0.50    -9.8100  lv4(a=5)           2.6s
  395      1797.5       762.6    0.3577   1.00   0.50    -9.8100  lv4(a=5)           2.4s
  396      1740.4       714.8    0.3580   1.00   0.50    -9.8100  lv4(a=5)           2.5s
  397      1762.9       793.5    0.3583   1.00   0.50    -9.8100  lv4(a=5)           2.2s
  398      1828.0       686.5    0.3585   1.00   0.50    -9.8100  lv4(a=5)           1.9s
  399      1848.9       748.6    0.3588   1.00   0.50    -9.8100  lv4(a=5)           2.3s
  [probe] gen=400 score=1837.4 net=9.133 fell=0.100 [new best earth]
  [plot] Saved fitness curve → experiments/thesis/archive_based/seed_09/fitness_curve.png
  400      1904.5       660.7    0.3590   1.00   0.50    -9.8100  lv4(a=5)           2.1s
  401      1867.8       758.0    0.3593   1.00   0.50    -9.8100  lv4(a=5)           2.2s
  402      1826.8       815.9    0.3597   1.00   0.50    -9.8100  lv4(a=5)           2.1s
  403      1891.8       748.3    0.3599   1.00   0.50    -9.8100  lv4(a=5)           2.5s
  404      1738.5       603.8    0.3602   1.00   0.50    -9.8100  lv4(a=5)           2.1s
  405      1855.4       595.2    0.3605   1.00   0.50    -9.8100  lv4(a=5)           2.0s
  406      1558.4       661.6    0.3607   1.00   0.50    -9.8100  lv4(a=5)           2.0s
  407      2029.1       866.6    0.3611   1.00   0.50    -9.8100  lv4(a=5)           2.4s
  408      1793.7       799.3    0.3613   1.00   0.50    -9.8100  lv4(a=5)           2.2s
  409      1491.1       782.8    0.3616   1.00   0.50    -9.8100  lv4(a=5)           2.3s
  [probe] gen=410 score=1298.7 net=6.243 fell=0.400
  410      1587.2       701.4    0.3618   1.00   0.50    -9.8100  lv4(a=5)           2.4s
  411      1787.4       680.1    0.3619   1.00   0.50    -9.8100  lv4(a=5)           2.1s
  412      1671.0       858.9    0.3621   1.00   0.50    -9.8100  lv4(a=5)           2.9s
  413      1691.9       819.6    0.3622   1.00   0.50    -9.8100  lv4(a=5)           2.5s
  414      1694.9       889.7    0.3624   1.00   0.50    -9.8100  lv4(a=5)           2.6s
  415      1594.8       727.7    0.3627   1.00   0.50    -9.8100  lv4(a=5)           2.4s
  416      1736.8       752.9    0.3630   1.00   0.50    -9.8100  lv4(a=5)           2.4s
  417      1920.7       758.5    0.3634   1.00   0.50    -9.8100  lv4(a=5)           2.0s
  418      1872.7       757.1    0.3638   1.00   0.50    -9.8100  lv4(a=5)           2.5s
  419      1698.9       822.8    0.3643   1.00   0.50    -9.8100  lv4(a=5)           2.2s
  [probe] gen=420 score=1821.5 net=9.171 fell=0.200
  420      1915.5       693.7    0.3647   1.00   0.50    -9.8100  lv4(a=5)           2.2s
  421      1671.2       698.5    0.3651   1.00   0.50    -9.8100  lv4(a=5)           2.0s
  422      1649.5       638.0    0.3654   1.00   0.50    -9.8100  lv4(a=5)           2.2s
  423      1634.8       522.6    0.3658   1.00   0.50    -9.8100  lv4(a=5)           2.1s
  424      1429.0       474.0    0.3660   1.00   0.50    -9.8100  lv4(a=5)           2.0s
  [plot] Saved fitness curve → experiments/thesis/archive_based/seed_09/fitness_curve.png
  425      1892.7       692.5    0.3661   1.00   0.50    -9.8100  lv4(a=5)           2.2s
  426      1737.5       626.7    0.3663   1.00   0.50    -9.8100  lv4(a=5)           1.9s
  427      1746.3       619.7    0.3663   1.00   0.50    -9.8100  lv4(a=5)           2.1s
  428      1661.7       586.2    0.3664   1.00   0.50    -9.8100  lv4(a=5)           2.2s
  429      1600.9       617.9    0.3665   1.00   0.50    -9.8100  lv4(a=5)           1.9s
  [probe] gen=430 score=1639.7 net=8.097 fell=0.300
  430      1679.8       610.4    0.3667   1.00   0.50    -9.8100  lv4(a=5)           1.9s
  431      1542.8       665.1    0.3668   1.00   0.50    -9.8100  lv4(a=5)           2.1s
  432      1433.0       599.4    0.3669   1.00   0.50    -9.8100  lv4(a=5)           1.9s
  433      1717.4       687.4    0.3670   1.00   0.50    -9.8100  lv4(a=5)           2.1s
  434      1685.2       703.5    0.3670   1.00   0.50    -9.8100  lv4(a=5)           2.4s
  435      1627.0       676.2    0.3669   1.00   0.50    -9.8100  lv4(a=5)           2.1s
  436      1820.3       661.7    0.3668   1.00   0.50    -9.8100  lv4(a=5)           2.1s
  437      1596.2       565.3    0.3665   1.00   0.50    -9.8100  lv4(a=5)           1.7s
  438      1741.0       660.0    0.3663   1.00   0.50    -9.8100  lv4(a=5)           2.1s
  439      1820.1       625.8    0.3661   1.00   0.50    -9.8100  lv4(a=5)           2.1s
  [probe] gen=440 score=1738.8 net=8.407 fell=0.000
  440      1680.3       672.2    0.3659   1.00   0.50    -9.8100  lv4(a=5)           2.2s
  441      1710.1       588.3    0.3656   1.00   0.50    -9.8100  lv4(a=5)           1.8s
  442      1806.9       819.9    0.3654   1.00   0.50    -9.8100  lv4(a=5)           2.7s
  443      1548.1       683.5    0.3651   1.00   0.50    -9.8100  lv4(a=5)           2.3s
  444      2000.5       594.0    0.3647   1.00   0.50    -9.8100  lv4(a=5)           2.3s
  445      1795.3       774.7    0.3643   1.00   0.50    -9.8100  lv4(a=5)           2.6s
  446      1856.8       551.8    0.3640   1.00   0.50    -9.8100  lv4(a=5)           1.9s
  447      1607.7       564.2    0.3637   1.00   0.50    -9.8100  lv4(a=5)           2.1s
  448      1666.2       637.9    0.3636   1.00   0.50    -9.8100  lv4(a=5)           2.4s
  449      1867.4       712.5    0.3636   1.00   0.50    -9.8100  lv4(a=5)           2.1s
  [probe] gen=450 score=1560.7 net=7.723 fell=0.300
  [plot] Saved fitness curve → experiments/thesis/archive_based/seed_09/fitness_curve.png
  450      1537.6       573.9    0.3636   1.00   0.50    -9.8100  lv4(a=5)           2.2s
  451      1779.2       712.7    0.3634   1.00   0.50    -9.8100  lv4(a=5)           2.1s
  452      1741.2       765.9    0.3633   1.00   0.50    -9.8100  lv4(a=5)           2.3s
  453      1605.7       784.7    0.3632   1.00   0.50    -9.8100  lv4(a=5)           2.4s
  454      1854.2       905.4    0.3631   1.00   0.50    -9.8100  lv4(a=5)           2.8s
  455      1645.6       725.2    0.3630   1.00   0.50    -9.8100  lv4(a=5)           2.4s
  456      1899.2       672.7    0.3630   1.00   0.50    -9.8100  lv4(a=5)           2.5s
  457      1563.6       564.7    0.3630   1.00   0.50    -9.8100  lv4(a=5)           2.0s
  458      1305.9       435.7    0.3632   1.00   0.50    -9.8100  lv4(a=5)           1.7s
  459      1815.4       618.3    0.3632   1.00   0.50    -9.8100  lv4(a=5)           2.1s
  [probe] gen=460 score=1457.6 net=6.944 fell=0.100
  460      1590.7       612.3    0.3632   1.00   0.50    -9.8100  lv4(a=5)           2.2s
  461      1717.2       764.3    0.3630   1.00   0.50    -9.8100  lv4(a=5)           2.4s
  462      1964.4       653.7    0.3628   1.00   0.50    -9.8100  lv4(a=5)           2.4s
  463      1539.2       676.1    0.3628   1.00   0.50    -9.8100  lv4(a=5)           2.5s
  464      1590.2       590.0    0.3627   1.00   0.50    -9.8100  lv4(a=5)           2.3s
  465      1566.9       538.9    0.3624   1.00   0.50    -9.8100  lv4(a=5)           2.0s
  466      1824.8       563.9    0.3620   1.00   0.50    -9.8100  lv4(a=5)           2.2s
  467      1517.0       694.9    0.3616   1.00   0.50    -9.8100  lv4(a=5)           2.5s
  468      1673.4       598.5    0.3611   1.00   0.50    -9.8100  lv4(a=5)           2.0s
  469      1554.9       551.3    0.3606   1.00   0.50    -9.8100  lv4(a=5)           2.1s
  [probe] gen=470 score=1417.5 net=7.132 fell=0.400
  470      1616.5       587.5    0.3601   1.00   0.50    -9.8100  lv4(a=5)           2.0s
  471      1545.0       734.8    0.3597   1.00   0.50    -9.8100  lv4(a=5)           2.5s
  472      1669.1       632.1    0.3594   1.00   0.50    -9.8100  lv4(a=5)           2.0s
  473      1839.0       687.8    0.3591   1.00   0.50    -9.8100  lv4(a=5)           2.4s
  474      1931.4       773.3    0.3587   1.00   0.50    -9.8100  lv4(a=5)           2.1s
  [plot] Saved fitness curve → experiments/thesis/archive_based/seed_09/fitness_curve.png
  475      1631.8       583.5    0.3583   1.00   0.50    -9.8100  lv4(a=5)           1.9s
  476      1903.2       734.2    0.3580   1.00   0.50    -9.8100  lv4(a=5)           2.4s
  477      1764.6       608.1    0.3576   1.00   0.50    -9.8100  lv4(a=5)           1.8s
  478      1766.9       587.6    0.3573   1.00   0.50    -9.8100  lv4(a=5)           2.0s
  479      1629.9       553.9    0.3570   1.00   0.50    -9.8100  lv4(a=5)           1.8s
  [probe] gen=480 score=1515.1 net=8.080 fell=0.900
  480      1589.9       533.7    0.3566   1.00   0.50    -9.8100  lv4(a=5)           1.8s
  481      1559.2       608.8    0.3565   1.00   0.50    -9.8100  lv4(a=5)           1.8s
  482      1590.9       591.9    0.3564   1.00   0.50    -9.8100  lv4(a=5)           2.0s
  483      1791.9       649.8    0.3564   1.00   0.50    -9.8100  lv4(a=5)           2.2s
  484      1633.8       742.9    0.3563   1.00   0.50    -9.8100  lv4(a=5)           2.2s
  485      1669.1       622.1    0.3562   1.00   0.50    -9.8100  lv4(a=5)           2.1s
  486      1916.7       803.7    0.3560   1.00   0.50    -9.8100  lv4(a=5)           2.6s
  487      1832.4       988.5    0.3558   1.00   0.50    -9.8100  lv4(a=5)           2.7s
  488      1814.6       819.6    0.3554   1.00   0.50    -9.8100  lv4(a=5)           2.3s
  489      1791.3       717.9    0.3551   1.00   0.50    -9.8100  lv4(a=5)           2.4s
  [probe] gen=490 score=1799.8 net=8.876 fell=0.100
  490      1843.9       769.1    0.3548   1.00   0.50    -9.8100  lv4(a=5)           2.3s
  491      1649.3       706.7    0.3545   1.00   0.50    -9.8100  lv4(a=5)           2.1s
  492      1605.7       728.8    0.3543   1.00   0.50    -9.8100  lv4(a=5)           2.2s
  493      1851.0       773.0    0.3542   1.00   0.50    -9.8100  lv4(a=5)           2.2s
  494      1872.0       741.6    0.3540   1.00   0.50    -9.8100  lv4(a=5)           2.3s
  495      1618.0       629.3    0.3539   1.00   0.50    -9.8100  lv4(a=5)           2.5s
  496      1778.7       785.2    0.3538   1.00   0.50    -9.8100  lv4(a=5)           2.7s
  497      1647.1       721.6    0.3538   1.00   0.50    -9.8100  lv4(a=5)           2.3s
  498      1976.2       618.1    0.3537   1.00   0.50    -9.8100  lv4(a=5)           2.0s
  499      1753.8       591.2    0.3536   1.00   0.50    -9.8100  lv4(a=5)           2.1s
  [plot] Saved fitness curve → experiments/thesis/archive_based/seed_09/fitness_curve.png

Training complete. Best fitness: 2029.1
Best params → experiments/thesis/archive_based/seed_09/checkpoints/best_params.npy
Fitness curve → experiments/thesis/archive_based/seed_09/fitness_curve.png
Eval params  → best_earth_params (earth probe score: 1837.4)
Final Earth scorecard | score=1769.4 net=9.015 fell=0.300
Gravity sweep | gravities=5 mean_net=7.557 worst_net=4.250
  [exp] Wrote experiments/thesis/archive_based/seed_09/experiment.json
  [exp] Wrote experiments/thesis/archive_based/seed_09/training_log.csv
  [exp] Wrote experiments/thesis/archive_based/seed_09/earth_probe.csv
  [exp] Wrote experiments/thesis/archive_based/seed_09/gravity_sweep.csv
  [exp] Wrote experiments/thesis/archive_based/seed_09/summary.json
