Walker2d-v5 | policy=CPG  params=504
Curriculum   : GradualTransition  gravity -2.0 → -9.81  warmup=20%
Run context | seed=4 arm=curriculum_variable_gravity run_id=curriculum_variable_gravity_seed_04


Starting CMA-ES | pop=40 | sigma0=0.5 | max_gen=500 | workers=8 | seed=4
Checkpoints → experiments/thesis/curriculum_variable_gravity/seed_04/checkpoints/

  Gen        Best        Mean     Sigma    Gravity  Phase              Time
------------------------------------------------------------------------
  [probe] gen=0 score=-243.2 net=0.137 fell=1.000
  [plot] Saved fitness curve → experiments/thesis/curriculum_variable_gravity/seed_04/fitness_curve.png
    0      -253.7      -387.5    0.4906    -2.0000  warmup             1.5s
    1      -327.3      -379.5    0.4826    -2.0000  warmup             0.1s
    2      -313.7      -366.9    0.4752    -2.0000  warmup             0.1s
    3      -298.7      -368.9    0.4686    -2.0000  warmup             0.1s
    4      -170.7      -350.5    0.4626    -2.0000  warmup             0.1s
    5      -302.9      -359.8    0.4574    -2.0000  warmup             0.1s
    6      -166.5      -348.3    0.4527    -2.0000  warmup             0.2s
    7      -165.2      -335.3    0.4482    -2.0000  warmup             0.2s
    8      -270.5      -334.8    0.4440    -2.0000  warmup             0.2s
    9      -248.6      -340.4    0.4403    -2.0000  warmup             0.2s
  [probe] gen=10 score=-257.3 net=0.104 fell=1.000
   10      -261.2      -329.3    0.4369    -2.0000  warmup             0.2s
   11      -265.7      -337.6    0.4338    -2.0000  warmup             0.2s
   12      -148.5      -320.3    0.4309    -2.0000  warmup             0.2s
   13      -168.7      -324.0    0.4284    -2.0000  warmup             0.2s
   14      -147.6      -315.8    0.4260    -2.0000  warmup             0.2s
   15      -174.4      -322.7    0.4237    -2.0000  warmup             0.3s
   16      -181.6      -319.5    0.4217    -2.0000  warmup             0.3s
   17        -3.8      -299.5    0.4198    -2.0000  warmup             0.3s
   18       -17.4      -283.9    0.4179    -2.0000  warmup             0.4s
   19      -119.9      -292.8    0.4163    -2.0000  warmup             0.3s
  [probe] gen=20 score=-293.5 net=-0.094 fell=1.000
   20      -150.0      -287.4    0.4147    -2.0000  warmup             0.4s
   21       -16.3      -270.7    0.4132    -2.0000  warmup             0.4s
   22       144.4      -235.5    0.4116    -2.0000  warmup             0.6s
   23       -54.5      -241.7    0.4101    -2.0000  warmup             0.5s
   24       -80.3      -235.8    0.4086    -2.0000  warmup             0.5s
  [plot] Saved fitness curve → experiments/thesis/curriculum_variable_gravity/seed_04/fitness_curve.png
   25       -56.5      -262.2    0.4072    -2.0000  warmup             0.5s
   26       -58.4      -223.9    0.4060    -2.0000  warmup             0.5s
   27        21.1      -188.9    0.4051    -2.0000  warmup             0.6s
   28       -98.9      -213.7    0.4043    -2.0000  warmup             0.5s
   29       -27.0      -215.4    0.4036    -2.0000  warmup             0.5s
  [probe] gen=30 score=-38.8 net=0.826 fell=1.000
   30       -48.8      -232.9    0.4032    -2.0000  warmup             0.5s
   31        66.6      -178.0    0.4027    -2.0000  warmup             0.6s
   32        -2.4      -222.9    0.4022    -2.0000  warmup             0.5s
   33        15.6      -158.7    0.4019    -2.0000  warmup             0.6s
   34        35.8      -186.8    0.4016    -2.0000  warmup             0.5s
   35        99.2      -180.9    0.4014    -2.0000  warmup             0.6s
   36        89.4      -179.0    0.4013    -2.0000  warmup             0.6s
   37        82.6      -177.2    0.4012    -2.0000  warmup             0.7s
   38        39.6      -192.0    0.4009    -2.0000  warmup             0.5s
   39       -32.4      -164.4    0.4007    -2.0000  warmup             0.6s
  [probe] gen=40 score=26.0 net=1.024 fell=1.000
   40       155.3      -166.3    0.4004    -2.0000  warmup             0.5s
   41        31.9      -183.6    0.4003    -2.0000  warmup             0.6s
   42       129.8      -145.7    0.4002    -2.0000  warmup             0.5s
   43        44.4      -154.5    0.4000    -2.0000  warmup             0.6s
   44       199.1      -139.9    0.4000    -2.0000  warmup             0.6s
   45        19.9      -118.0    0.3999    -2.0000  warmup             0.6s
   46        59.2      -127.1    0.4000    -2.0000  warmup             0.6s
   47       307.1      -151.1    0.3999    -2.0000  warmup             0.5s
   48       129.2      -138.3    0.4001    -2.0000  warmup             0.6s
   49        44.9      -134.5    0.4003    -2.0000  warmup             0.5s
  [probe] gen=50 score=9.4 net=0.933 fell=1.000
  [plot] Saved fitness curve → experiments/thesis/curriculum_variable_gravity/seed_04/fitness_curve.png
   50       128.0      -127.8    0.4004    -2.0000  warmup             0.6s
   51       148.3      -155.1    0.4005    -2.0000  warmup             0.6s
   52       121.9      -183.1    0.4004    -2.0000  warmup             0.4s
   53        21.7      -166.6    0.4006    -2.0000  warmup             0.5s
   54        76.3      -149.3    0.4006    -2.0000  warmup             0.5s
   55       104.0      -128.0    0.4007    -2.0000  warmup             0.5s
   56       190.5      -111.3    0.4009    -2.0000  warmup             0.6s
   57       136.3      -116.1    0.4009    -2.0000  warmup             0.7s
   58       159.3      -142.7    0.4012    -2.0000  warmup             0.6s
   59        41.6      -151.1    0.4014    -2.0000  warmup             0.5s
  [probe] gen=60 score=-21.7 net=0.933 fell=1.000
   60        44.9      -144.5    0.4013    -2.0000  warmup             0.6s
   61        72.6      -118.8    0.4013    -2.0000  warmup             0.7s
   62       161.9       -99.2    0.4016    -2.0000  warmup             0.8s
   63       319.9      -159.2    0.4018    -2.0000  warmup             0.7s
   64       254.5       -86.0    0.4021    -2.0000  warmup             0.8s
   65       404.7      -122.3    0.4024    -2.0000  warmup             0.9s
   66       258.8      -124.2    0.4026    -2.0000  warmup             1.2s
   67       355.3       -68.1    0.4028    -2.0000  warmup             1.1s
   68       459.9       -98.7    0.4031    -2.0000  warmup             0.9s
   69       396.8       -88.4    0.4035    -2.0000  warmup             1.0s
  [probe] gen=70 score=-35.7 net=0.851 fell=1.000
   70       461.3      -103.9    0.4037    -2.0000  warmup             1.0s
   71       616.3      -103.7    0.4041    -2.0000  warmup             1.1s
   72       263.9       -93.5    0.4046    -2.0000  warmup             1.4s
   73       544.4       -35.7    0.4051    -2.0000  warmup             1.2s
   74       540.6       -60.2    0.4056    -2.0000  warmup             1.1s
  [plot] Saved fitness curve → experiments/thesis/curriculum_variable_gravity/seed_04/fitness_curve.png
   75       470.5       -83.8    0.4062    -2.0000  warmup             1.2s
   76       409.1       -65.9    0.4067    -2.0000  warmup             1.0s
   77       464.3       -50.5    0.4072    -2.0000  warmup             1.0s
   78       464.0        27.3    0.4076    -2.0000  warmup             1.4s
   79       389.6       -54.5    0.4082    -2.0000  warmup             1.1s
  [probe] gen=80 score=46.3 net=1.021 fell=1.000
   80       381.1       -54.4    0.4085    -2.0000  warmup             1.1s
   81       516.1       -60.4    0.4088    -2.0000  warmup             1.1s
   82       521.5       -34.0    0.4091    -2.0000  warmup             1.2s
   83       344.7       -16.2    0.4093    -2.0000  warmup             1.1s
   84       372.0       -79.2    0.4094    -2.0000  warmup             1.3s
   85       620.0        -7.2    0.4095    -2.0000  warmup             1.4s
   86       453.4        38.7    0.4096    -2.0000  warmup             1.5s
   87       620.6       172.5    0.4096    -2.0000  warmup             1.9s
   88       504.9        77.8    0.4095    -2.0000  warmup             1.9s
   89       648.1       221.1    0.4095    -2.0000  warmup             2.2s
  [probe] gen=90 score=49.8 net=0.820 fell=1.000
   90       833.7       228.5    0.4094    -2.0000  warmup             2.0s
   91       787.7       278.0    0.4094    -2.0000  warmup             2.1s
   92       678.0       222.3    0.4094    -2.0000  warmup             2.0s
   93       774.6       273.2    0.4094    -2.0000  warmup             2.1s
   94       658.3       305.0    0.4095    -2.0000  warmup             2.0s
   95       927.1       315.6    0.4094    -2.0000  warmup             2.2s
   96       772.5       337.1    0.4091    -2.0000  warmup             2.2s
   97       654.0       289.0    0.4090    -2.0000  warmup             2.0s
   98       815.2       359.3    0.4090    -2.0000  warmup             2.5s
   99       740.5       331.0    0.4091    -2.0000  warmup             2.4s
  [probe] gen=100 score=153.9 net=1.239 fell=1.000
  [plot] Saved fitness curve → experiments/thesis/curriculum_variable_gravity/seed_04/fitness_curve.png
  100       973.7       366.6    0.4089    -2.0000  warmup             2.3s
  101       745.4       350.5    0.4088    -2.0195  ramp 0%            2.4s
  102       764.6       285.3    0.4087    -2.0391  ramp 0%            2.5s
  103       800.0       454.4    0.4086    -2.0586  ramp 0%            2.9s
  104       930.2       304.8    0.4083    -2.0781  ramp 1%            2.5s
  105       833.5       383.9    0.4082    -2.0976  ramp 1%            2.5s
  106      1015.6       320.5    0.4080    -2.1172  ramp 1%            2.3s
  107       953.2       430.7    0.4079    -2.1367  ramp 1%            2.5s
  108      1035.4       576.5    0.4080    -2.1562  ramp 2%            2.8s
  109      1001.4       417.0    0.4081    -2.1757  ramp 2%            2.5s
  [probe] gen=110 score=183.7 net=0.941 fell=0.900
  110      1056.4       493.6    0.4081    -2.1953  ramp 2%            2.7s
  111      1041.7       472.6    0.4082    -2.2148  ramp 2%            2.7s
  112      1045.3       431.4    0.4083    -2.2343  ramp 3%            2.7s
  113      1100.9       584.3    0.4084    -2.2538  ramp 3%            3.1s
  114       870.7       437.2    0.4085    -2.2734  ramp 3%            2.8s
  115      1094.1       443.9    0.4085    -2.2929  ramp 3%            2.7s
  116      1027.2       433.5    0.4084    -2.3124  ramp 4%            2.7s
  117       992.8       419.1    0.4082    -2.3319  ramp 4%            2.8s
  118       909.6       437.8    0.4081    -2.3514  ramp 4%            2.8s
  119       831.6       304.8    0.4078    -2.3710  ramp 4%            2.2s
  [probe] gen=120 score=197.3 net=1.589 fell=1.000
  120       845.6       430.7    0.4074    -2.3905  ramp 5%            2.7s
  121      1115.4       497.1    0.4072    -2.4100  ramp 5%            2.6s
  122      1060.5       466.4    0.4071    -2.4295  ramp 5%            2.6s
  123       984.5       387.4    0.4070    -2.4491  ramp 5%            2.4s
  124      1146.3       532.5    0.4071    -2.4686  ramp 6%            2.7s
  [plot] Saved fitness curve → experiments/thesis/curriculum_variable_gravity/seed_04/fitness_curve.png
  125      1124.1       513.9    0.4071    -2.4881  ramp 6%            2.7s
  126      1177.4       442.3    0.4072    -2.5076  ramp 6%            2.4s
  127      1169.8       505.6    0.4074    -2.5272  ramp 6%            2.6s
  128      1137.2       381.0    0.4075    -2.5467  ramp 7%            2.4s
  129      1233.7       639.4    0.4076    -2.5662  ramp 7%            3.1s
  [probe] gen=130 score=393.4 net=1.930 fell=1.000
  130      1240.1       729.2    0.4076    -2.5857  ramp 7%            3.1s
  131      1250.8       487.7    0.4078    -2.6053  ramp 7%            2.4s
  132      1325.8       588.3    0.4082    -2.6248  ramp 8%            2.7s
  133      1291.4       452.4    0.4086    -2.6443  ramp 8%            2.6s
  134      1120.4       395.0    0.4092    -2.6639  ramp 8%            2.3s
  135      1302.3       488.8    0.4098    -2.6834  ramp 8%            2.5s
  136      1452.3       571.1    0.4103    -2.7029  ramp 9%            2.5s
  137      1273.4       529.1    0.4109    -2.7224  ramp 9%            2.5s
  138      1257.2       710.5    0.4115    -2.7420  ramp 9%            3.2s
  139      1276.3       640.8    0.4119    -2.7615  ramp 9%            2.9s
  [probe] gen=140 score=179.4 net=1.230 fell=1.000
  140      1151.0       687.0    0.4124    -2.7810  ramp 10%           2.9s
  141      1177.9       593.7    0.4127    -2.8005  ramp 10%           2.7s
  142      1293.7       671.8    0.4131    -2.8201  ramp 10%           3.0s
  143      1260.8       639.7    0.4133    -2.8396  ramp 10%           2.7s
  144      1240.3       550.4    0.4135    -2.8591  ramp 11%           3.0s
  145      1208.1       637.0    0.4137    -2.8786  ramp 11%           2.9s
  146      1246.6       661.1    0.4137    -2.8982  ramp 11%           3.0s
  147      1196.7       657.7    0.4137    -2.9177  ramp 11%           3.0s
  148      1392.5       760.2    0.4138    -2.9372  ramp 12%           3.2s
  149      1298.4       673.7    0.4139    -2.9567  ramp 12%           2.9s
  [probe] gen=150 score=230.9 net=1.437 fell=0.900
  [plot] Saved fitness curve → experiments/thesis/curriculum_variable_gravity/seed_04/fitness_curve.png
  150      1343.1       496.4    0.4143    -2.9763  ramp 12%           2.3s
  151      1505.3       789.6    0.4146    -2.9958  ramp 12%           2.8s
  152      1190.7       544.3    0.4149    -3.0153  ramp 13%           2.4s
  153      1331.1       444.6    0.4153    -3.0348  ramp 13%           2.2s
  154      1289.3       753.1    0.4156    -3.0544  ramp 13%           3.2s
  155      1274.4       553.4    0.4159    -3.0739  ramp 13%           2.4s
  156      1488.8       560.5    0.4159    -3.0934  ramp 14%           2.6s
  157      1319.1       752.9    0.4158    -3.1129  ramp 14%           3.1s
  158      1365.1       449.2    0.4157    -3.1324  ramp 14%           2.1s
  159      1390.6       638.6    0.4155    -3.1520  ramp 14%           2.6s
  [probe] gen=160 score=277.5 net=1.036 fell=0.500
  160      1433.3       584.3    0.4155    -3.1715  ramp 15%           2.6s
  161      1358.7       664.2    0.4155    -3.1910  ramp 15%           2.8s
  162      1355.7       828.8    0.4155    -3.2106  ramp 15%           3.2s
  163      1326.9       622.4    0.4154    -3.2301  ramp 15%           2.7s
  164      1403.7       784.9    0.4154    -3.2496  ramp 16%           3.0s
  165      1524.5       749.6    0.4155    -3.2691  ramp 16%           3.0s
  166      1532.0       810.0    0.4153    -3.2887  ramp 16%           2.9s
  167      1145.9       672.7    0.4152    -3.3082  ramp 16%           2.6s
  168      1388.5       669.0    0.4151    -3.3277  ramp 17%           2.6s
  169      1399.0       673.1    0.4150    -3.3472  ramp 17%           2.6s
  [probe] gen=170 score=187.4 net=1.247 fell=0.900
  170      1346.0       760.7    0.4149    -3.3667  ramp 17%           3.0s
  171      1378.3       852.5    0.4150    -3.3863  ramp 17%           3.2s
  172      1480.6       842.9    0.4150    -3.4058  ramp 18%           3.1s
  173      1115.8       668.5    0.4153    -3.4253  ramp 18%           2.9s
  174      1341.4       889.3    0.4156    -3.4448  ramp 18%           3.3s
  [plot] Saved fitness curve → experiments/thesis/curriculum_variable_gravity/seed_04/fitness_curve.png
  175      1411.2       816.5    0.4159    -3.4644  ramp 18%           2.9s
  176      1442.4       706.5    0.4160    -3.4839  ramp 19%           2.9s
  177      1414.8       587.4    0.4161    -3.5034  ramp 19%           2.5s
  178      1317.3       772.1    0.4162    -3.5230  ramp 19%           3.0s
  179      1476.6       814.0    0.4163    -3.5425  ramp 19%           3.1s
  [probe] gen=180 score=352.8 net=1.706 fell=0.800
  180      1573.7       791.4    0.4163    -3.5620  ramp 20%           2.8s
  181      1482.5       616.6    0.4163    -3.5815  ramp 20%           2.4s
  182      1368.2       749.1    0.4163    -3.6010  ramp 20%           3.0s
  183      1397.9       560.4    0.4164    -3.6206  ramp 20%           2.4s
  184      1477.9       603.1    0.4163    -3.6401  ramp 21%           2.7s
  185      1456.6       774.9    0.4161    -3.6596  ramp 21%           3.0s
  186      1308.9       543.6    0.4156    -3.6791  ramp 21%           2.3s
  187      1402.9       747.2    0.4152    -3.6987  ramp 21%           3.1s
  188      1340.3       615.5    0.4149    -3.7182  ramp 22%           2.5s
  189      1397.4       608.5    0.4144    -3.7377  ramp 22%           2.6s
  [probe] gen=190 score=290.2 net=1.686 fell=0.900
  190      1291.8       666.1    0.4140    -3.7572  ramp 22%           2.7s
  191      1381.7       713.7    0.4135    -3.7768  ramp 22%           2.8s
  192      1302.5       781.4    0.4129    -3.7963  ramp 23%           3.3s
  193      1345.1       825.2    0.4123    -3.8158  ramp 23%           3.3s
  194      1479.0       694.1    0.4119    -3.8354  ramp 23%           2.7s
  195      1371.3       643.7    0.4115    -3.8549  ramp 23%           2.9s
  196      1507.6       529.4    0.4111    -3.8744  ramp 24%           2.5s
  197      1328.3       621.6    0.4106    -3.8939  ramp 24%           2.5s
  198      1346.9       746.3    0.4102    -3.9135  ramp 24%           2.7s
  199      1467.5       678.7    0.4096    -3.9330  ramp 24%           2.9s
  [probe] gen=200 score=425.8 net=2.058 fell=0.800
  [plot] Saved fitness curve → experiments/thesis/curriculum_variable_gravity/seed_04/fitness_curve.png
  200      1220.3       675.4    0.4090    -3.9525  ramp 25%           2.6s
  201      1251.9       798.0    0.4084    -3.9720  ramp 25%           3.0s
  202      1460.4       743.5    0.4079    -3.9916  ramp 25%           2.9s
  203      1488.2       872.7    0.4073    -4.0111  ramp 25%           3.2s
  204      1332.6       565.0    0.4068    -4.0306  ramp 26%           2.5s
  205      1387.5       897.1    0.4063    -4.0501  ramp 26%           3.2s
  206      1487.2       759.1    0.4057    -4.0697  ramp 26%           2.6s
  207      1505.3       795.9    0.4051    -4.0892  ramp 26%           3.0s
  208      1562.8       731.4    0.4043    -4.1087  ramp 27%           2.7s
  209      1564.4       778.8    0.4037    -4.1282  ramp 27%           3.1s
  [probe] gen=210 score=467.0 net=2.310 fell=0.900
  210      1509.4       707.7    0.4030    -4.1478  ramp 27%           2.8s
  211      1566.0       853.5    0.4024    -4.1673  ramp 27%           2.9s
  212      1341.8       801.4    0.4019    -4.1868  ramp 28%           2.9s
  213      1345.2       778.6    0.4017    -4.2063  ramp 28%           3.0s
  214      1454.5       731.3    0.4015    -4.2258  ramp 28%           3.1s
  215      1412.1       735.7    0.4012    -4.2454  ramp 28%           3.0s
  216      1381.4       695.7    0.4009    -4.2649  ramp 28%           2.6s
  217      1473.1       890.2    0.4006    -4.2844  ramp 29%           3.3s
  218      1490.7       947.4    0.4004    -4.3040  ramp 29%           3.4s
  219      1324.9       620.4    0.4003    -4.3235  ramp 29%           2.6s
  [probe] gen=220 score=420.8 net=1.583 fell=0.600
  220      1537.2       878.9    0.4003    -4.3430  ramp 30%           3.2s
  221      1512.8       777.5    0.4003    -4.3625  ramp 30%           2.9s
  222      1402.8       619.6    0.4004    -4.3820  ramp 30%           2.6s
  223      1314.1       581.0    0.4003    -4.4016  ramp 30%           2.4s
  224      1340.2       769.6    0.4003    -4.4211  ramp 31%           3.1s
  [plot] Saved fitness curve → experiments/thesis/curriculum_variable_gravity/seed_04/fitness_curve.png
  225      1417.9       738.3    0.4004    -4.4406  ramp 31%           3.0s
  226      1382.1       725.0    0.4004    -4.4602  ramp 31%           3.0s
  227      1278.6       667.0    0.4005    -4.4797  ramp 31%           2.7s
  228      1294.7       703.3    0.4008    -4.4992  ramp 32%           2.7s
  229      1452.7       788.4    0.4010    -4.5187  ramp 32%           3.0s
  [probe] gen=230 score=214.7 net=1.513 fell=1.000
  230      1287.3       661.8    0.4013    -4.5382  ramp 32%           2.8s
  231      1385.7       801.3    0.4015    -4.5578  ramp 32%           3.1s
  232      1425.7       867.1    0.4018    -4.5773  ramp 33%           3.2s
  233      1315.2       786.6    0.4019    -4.5968  ramp 33%           3.2s
  234      1369.0       799.3    0.4022    -4.6164  ramp 33%           3.0s
  235      1353.2       936.1    0.4024    -4.6359  ramp 33%           3.3s
  236      1360.6       720.8    0.4025    -4.6554  ramp 34%           2.8s
  237      1384.2       858.9    0.4026    -4.6749  ramp 34%           3.2s
  238      1352.6       661.2    0.4025    -4.6944  ramp 34%           2.7s
  239      1444.9       656.9    0.4025    -4.7140  ramp 34%           2.6s
  [probe] gen=240 score=530.0 net=2.495 fell=0.900
  240      1407.3       640.9    0.4025    -4.7335  ramp 35%           2.5s
  241      1396.9       810.1    0.4025    -4.7530  ramp 35%           2.9s
  242      1560.5       735.8    0.4027    -4.7725  ramp 35%           2.8s
  243      1432.8       547.7    0.4027    -4.7921  ramp 35%           2.4s
  244      1361.8       697.0    0.4028    -4.8116  ramp 36%           2.9s
  245      1451.6       696.6    0.4030    -4.8311  ramp 36%           3.0s
  246      1732.2       890.5    0.4030    -4.8506  ramp 36%           3.3s
  247      1376.2       581.5    0.4030    -4.8702  ramp 36%           2.7s
  248      1455.7       731.4    0.4031    -4.8897  ramp 37%           2.9s
  249      1494.9       669.5    0.4030    -4.9092  ramp 37%           2.8s
  [probe] gen=250 score=126.0 net=1.261 fell=1.000
  [plot] Saved fitness curve → experiments/thesis/curriculum_variable_gravity/seed_04/fitness_curve.png
  250      1560.9       729.9    0.4030    -4.9287  ramp 37%           2.9s
  251      1442.5       591.6    0.4030    -4.9483  ramp 37%           2.4s
  252      1367.0       536.3    0.4030    -4.9678  ramp 38%           2.4s
  253      1357.0       696.5    0.4030    -4.9873  ramp 38%           2.9s
  254      1401.3       744.5    0.4032    -5.0069  ramp 38%           3.0s
  255      1582.9       701.5    0.4033    -5.0264  ramp 38%           2.7s
  256      1442.3       716.4    0.4035    -5.0459  ramp 39%           2.9s
  257      1441.2       678.3    0.4034    -5.0654  ramp 39%           2.7s
  258      1572.1       740.7    0.4033    -5.0850  ramp 39%           3.1s
  259      1584.4       670.2    0.4032    -5.1045  ramp 39%           2.6s
  [probe] gen=260 score=303.1 net=1.098 fell=0.400
  260      1404.7       757.5    0.4030    -5.1240  ramp 40%           2.8s
  261      1515.2       835.4    0.4029    -5.1435  ramp 40%           2.9s
  262      1479.3       787.9    0.4028    -5.1631  ramp 40%           2.9s
  263      1519.6       710.4    0.4027    -5.1826  ramp 40%           2.9s
  264      1428.6       630.5    0.4024    -5.2021  ramp 41%           2.6s
  265      1529.8       773.7    0.4020    -5.2216  ramp 41%           3.0s
  266      1446.9       769.0    0.4016    -5.2412  ramp 41%           3.0s
  267      1396.2       706.7    0.4010    -5.2607  ramp 41%           2.9s
  268      1330.0       644.5    0.4004    -5.2802  ramp 42%           2.9s
  269      1410.3       601.8    0.3997    -5.2997  ramp 42%           2.4s
  [probe] gen=270 score=325.4 net=1.054 fell=0.300
  270      1421.0       832.3    0.3988    -5.3193  ramp 42%           3.1s
  271      1385.5       815.5    0.3980    -5.3388  ramp 42%           2.9s
  272      1390.7       790.4    0.3971    -5.3583  ramp 43%           3.1s
  273      1420.2       849.5    0.3962    -5.3778  ramp 43%           3.1s
  274      1462.6       792.7    0.3955    -5.3974  ramp 43%           2.9s
  [plot] Saved fitness curve → experiments/thesis/curriculum_variable_gravity/seed_04/fitness_curve.png
  275      1457.7       705.3    0.3947    -5.4169  ramp 43%           2.9s
  276      1497.0       879.4    0.3942    -5.4364  ramp 44%           3.1s
  277      1416.4       777.5    0.3937    -5.4559  ramp 44%           2.9s
  278      1575.7       892.1    0.3932    -5.4755  ramp 44%           3.1s
  279      1479.5       786.8    0.3929    -5.4950  ramp 44%           3.0s
  [probe] gen=280 score=314.2 net=1.283 fell=0.400
  280      1434.0       822.8    0.3925    -5.5145  ramp 45%           3.1s
  281      1279.5       711.3    0.3921    -5.5340  ramp 45%           2.9s
  282      1477.8       740.5    0.3916    -5.5536  ramp 45%           2.8s
  283      1392.9       839.9    0.3912    -5.5731  ramp 45%           3.0s
  284      1476.5       843.8    0.3909    -5.5926  ramp 46%           3.2s
  285      1595.4       778.5    0.3906    -5.6121  ramp 46%           3.0s
  286      1461.8       856.8    0.3904    -5.6317  ramp 46%           2.9s
  287      1266.1       744.9    0.3903    -5.6512  ramp 46%           2.9s
  288      1434.6       859.3    0.3903    -5.6707  ramp 47%           3.1s
  289      1426.3       838.5    0.3903    -5.6902  ramp 47%           3.1s
  [probe] gen=290 score=519.5 net=2.428 fell=0.600
  290      1463.8       757.9    0.3904    -5.7097  ramp 47%           2.7s
  291      1392.1       606.6    0.3904    -5.7293  ramp 47%           2.5s
  292      1221.8       652.4    0.3903    -5.7488  ramp 48%           2.7s
  293      1477.6       894.1    0.3904    -5.7683  ramp 48%           3.3s
  294      1506.7       866.0    0.3907    -5.7879  ramp 48%           3.0s
  295      1475.6       836.5    0.3910    -5.8074  ramp 48%           2.9s
  296      1296.4       491.3    0.3911    -5.8269  ramp 49%           2.1s
  297      1318.8       668.4    0.3914    -5.8464  ramp 49%           2.7s
  298      1256.3       651.3    0.3918    -5.8659  ramp 49%           2.7s
  299      1323.7       714.3    0.3922    -5.8855  ramp 49%           2.9s
  [probe] gen=300 score=786.9 net=4.099 fell=0.700
  [plot] Saved fitness curve → experiments/thesis/curriculum_variable_gravity/seed_04/fitness_curve.png
  300      1434.6       767.3    0.3923    -5.9050  ramp 50%           2.9s
  301      1361.4       692.4    0.3924    -5.9245  ramp 50%           2.5s
  302      1296.7       580.3    0.3926    -5.9441  ramp 50%           2.3s
  303      1415.8       772.6    0.3929    -5.9636  ramp 50%           3.1s
  304      1425.9       781.6    0.3931    -5.9831  ramp 51%           2.9s
  305      1425.0       732.5    0.3934    -6.0026  ramp 51%           2.9s
  306      1373.2       774.7    0.3937    -6.0222  ramp 51%           2.9s
  307      1457.0       760.6    0.3939    -6.0417  ramp 51%           3.0s
  308      1444.3       725.2    0.3943    -6.0612  ramp 52%           2.9s
  309      1297.3       709.7    0.3946    -6.0807  ramp 52%           2.9s
  [probe] gen=310 score=750.7 net=3.879 fell=0.700
  310      1460.2       730.5    0.3949    -6.1003  ramp 52%           2.8s
  311      1370.7       778.6    0.3950    -6.1198  ramp 52%           2.8s
  312      1468.8       699.6    0.3950    -6.1393  ramp 53%           2.7s
  313      1428.7       859.1    0.3952    -6.1588  ramp 53%           3.1s
  314      1400.7       832.4    0.3952    -6.1784  ramp 53%           3.2s
  315      1331.2       665.9    0.3953    -6.1979  ramp 53%           2.7s
  316      1429.4       820.8    0.3955    -6.2174  ramp 54%           3.2s
  317      1612.4       837.5    0.3956    -6.2369  ramp 54%           3.1s
  318      1414.9       744.3    0.3956    -6.2565  ramp 54%           2.9s
  319      1403.1       695.3    0.3957    -6.2760  ramp 54%           2.8s
  [probe] gen=320 score=484.3 net=2.273 fell=0.600
  320      1512.5       664.1    0.3957    -6.2955  ramp 55%           2.6s
  321      1513.7       720.0    0.3959    -6.3150  ramp 55%           3.0s
  322      1399.3       758.7    0.3959    -6.3346  ramp 55%           3.1s
  323      1475.5       857.5    0.3958    -6.3541  ramp 55%           3.2s
  324      1416.7       847.6    0.3956    -6.3736  ramp 56%           3.1s
  [plot] Saved fitness curve → experiments/thesis/curriculum_variable_gravity/seed_04/fitness_curve.png
  325      1425.2       801.3    0.3955    -6.3931  ramp 56%           3.2s
  326      1431.8       771.5    0.3953    -6.4127  ramp 56%           2.7s
  327      1396.8       842.4    0.3952    -6.4322  ramp 56%           3.0s
  328      1453.8       831.6    0.3951    -6.4517  ramp 56%           3.1s
  329      1352.9       609.8    0.3951    -6.4712  ramp 57%           2.7s
  [probe] gen=330 score=595.9 net=3.083 fell=1.000
  330      1355.9       750.8    0.3951    -6.4908  ramp 57%           2.9s
  331      1378.6       698.6    0.3949    -6.5103  ramp 57%           2.8s
  332      1498.5       753.5    0.3947    -6.5298  ramp 57%           2.9s
  333      1434.4       687.4    0.3943    -6.5493  ramp 58%           2.8s
  334      1417.4       761.2    0.3939    -6.5689  ramp 58%           3.0s
  335      1332.8       702.2    0.3937    -6.5884  ramp 58%           2.9s
  336      1450.0       712.8    0.3935    -6.6079  ramp 59%           2.6s
  337      1342.9       851.6    0.3934    -6.6274  ramp 59%           3.0s
  338      1329.9       761.0    0.3932    -6.6470  ramp 59%           2.8s
  339      1434.5       749.7    0.3931    -6.6665  ramp 59%           2.8s
  [probe] gen=340 score=609.1 net=3.358 fell=1.000
  340      1376.7       833.1    0.3930    -6.6860  ramp 60%           3.1s
  341      1489.1       727.2    0.3931    -6.7055  ramp 60%           2.7s
  342      1468.5       737.3    0.3931    -6.7251  ramp 60%           2.7s
  343      1494.3       773.1    0.3932    -6.7446  ramp 60%           2.7s
  344      1451.2       778.1    0.3933    -6.7641  ramp 61%           2.8s
  345      1532.2       830.7    0.3938    -6.7836  ramp 61%           3.1s
  346      1533.9       710.1    0.3941    -6.8032  ramp 61%           2.9s
  347      1385.5       799.4    0.3943    -6.8227  ramp 61%           2.9s
  348      1631.7       805.1    0.3946    -6.8422  ramp 62%           2.9s
  349      1392.5       724.3    0.3949    -6.8617  ramp 62%           2.7s
  [probe] gen=350 score=680.0 net=3.495 fell=0.900
  [plot] Saved fitness curve → experiments/thesis/curriculum_variable_gravity/seed_04/fitness_curve.png
  350      1393.2       776.9    0.3950    -6.8813  ramp 62%           3.1s
  351      1311.2       850.0    0.3950    -6.9008  ramp 62%           3.0s
  352      1456.5       874.4    0.3952    -6.9203  ramp 63%           3.2s
  353      1352.3       631.6    0.3952    -6.9398  ramp 63%           2.6s
  354      1376.0       790.1    0.3953    -6.9594  ramp 63%           3.0s
  355      1421.8       712.5    0.3953    -6.9789  ramp 63%           2.6s
  356      1442.9       781.9    0.3953    -6.9984  ramp 64%           3.1s
  357      1405.8       653.8    0.3952    -7.0179  ramp 64%           2.8s
  358      1318.4       776.8    0.3953    -7.0375  ramp 64%           2.9s
  359      1348.2       768.0    0.3953    -7.0570  ramp 64%           2.9s
  [probe] gen=360 score=888.2 net=4.108 fell=0.500
  360      1343.3       637.2    0.3955    -7.0765  ramp 65%           2.6s
  361      1448.4       854.4    0.3955    -7.0960  ramp 65%           3.0s
  362      1476.6       689.6    0.3956    -7.1156  ramp 65%           2.8s
  363      1322.4       838.4    0.3959    -7.1351  ramp 65%           3.2s
  364      1423.0       797.5    0.3960    -7.1546  ramp 66%           3.0s
  365      1443.6       801.7    0.3961    -7.1741  ramp 66%           3.2s
  366      1404.0       822.0    0.3961    -7.1937  ramp 66%           3.0s
  367      1312.8       801.0    0.3960    -7.2132  ramp 66%           3.0s
  368      1406.6       784.2    0.3961    -7.2327  ramp 67%           2.9s
  369      1208.6       751.6    0.3959    -7.2522  ramp 67%           2.9s
  [probe] gen=370 score=214.8 net=1.192 fell=0.600
  370      1308.9       628.4    0.3958    -7.2718  ramp 67%           2.5s
  371      1315.4       569.6    0.3956    -7.2913  ramp 67%           2.6s
  372      1183.8       652.4    0.3954    -7.3108  ramp 68%           2.9s
  373      1219.2       824.8    0.3952    -7.3303  ramp 68%           3.2s
  374      1347.1       699.1    0.3949    -7.3499  ramp 68%           3.0s
  [plot] Saved fitness curve → experiments/thesis/curriculum_variable_gravity/seed_04/fitness_curve.png
  375      1258.6       735.3    0.3947    -7.3694  ramp 68%           2.9s
  376      1385.7       711.1    0.3945    -7.3889  ramp 69%           2.6s
  377      1338.7       713.8    0.3944    -7.4084  ramp 69%           2.9s
  378      1268.7       777.2    0.3943    -7.4280  ramp 69%           2.9s
  379      1346.4       788.3    0.3943    -7.4475  ramp 69%           3.2s
  [probe] gen=380 score=887.4 net=3.781 fell=0.100
  380      1200.5       675.2    0.3943    -7.4670  ramp 70%           2.9s
  381      1213.2       785.1    0.3941    -7.4865  ramp 70%           3.1s
  382      1447.9       669.7    0.3940    -7.5061  ramp 70%           2.7s
  383      1379.4       789.7    0.3941    -7.5256  ramp 70%           3.0s
  384      1337.8       588.5    0.3942    -7.5451  ramp 71%           2.4s
  385      1482.4       834.9    0.3943    -7.5646  ramp 71%           3.2s
  386      1393.2       664.5    0.3944    -7.5842  ramp 71%           2.3s
  387      1339.4       772.5    0.3945    -7.6037  ramp 71%           2.9s
  388      1348.3       773.9    0.3945    -7.6232  ramp 72%           3.0s
  389      1281.1       894.1    0.3945    -7.6427  ramp 72%           3.1s
  [probe] gen=390 score=493.3 net=2.872 fell=0.800
  390      1412.2       833.5    0.3943    -7.6623  ramp 72%           3.1s
  391      1332.5       598.7    0.3941    -7.6818  ramp 72%           2.4s
  392      1506.0       829.0    0.3940    -7.7013  ramp 73%           2.9s
  393      1373.3       730.4    0.3938    -7.7208  ramp 73%           2.9s
  394      1403.3       838.0    0.3935    -7.7404  ramp 73%           2.9s
  395      1330.3       784.6    0.3929    -7.7599  ramp 73%           2.9s
  396      1359.6       799.7    0.3925    -7.7794  ramp 74%           2.9s
  397      1335.7       757.6    0.3920    -7.7989  ramp 74%           2.9s
  398      1497.3       736.9    0.3916    -7.8185  ramp 74%           2.8s
  399      1347.3       697.6    0.3912    -7.8380  ramp 74%           2.8s
  [probe] gen=400 score=553.4 net=3.322 fell=0.800
  [plot] Saved fitness curve → experiments/thesis/curriculum_variable_gravity/seed_04/fitness_curve.png
  400      1413.7       800.1    0.3907    -7.8575  ramp 75%           3.0s
  401      1484.0       826.2    0.3902    -7.8770  ramp 75%           2.7s
  402      1408.4       720.0    0.3896    -7.8966  ramp 75%           2.8s
  403      1491.3       815.3    0.3891    -7.9161  ramp 75%           3.0s
  404      1268.1       886.6    0.3887    -7.9356  ramp 76%           3.3s
  405      1334.3       683.3    0.3883    -7.9551  ramp 76%           2.6s
  406      1332.9       809.3    0.3878    -7.9747  ramp 76%           3.0s
  407      1287.9       750.4    0.3875    -7.9942  ramp 76%           2.9s
  408      1321.1       799.5    0.3872    -8.0137  ramp 77%           2.9s
  409      1360.1       833.8    0.3870    -8.0332  ramp 77%           3.1s
  [probe] gen=410 score=832.1 net=4.047 fell=0.600
  410      1418.7       826.2    0.3868    -8.0527  ramp 77%           3.0s
  411      1421.9       824.4    0.3867    -8.0723  ramp 77%           3.1s
  412      1538.8       764.7    0.3866    -8.0918  ramp 78%           2.9s
  413      1351.6       704.9    0.3864    -8.1113  ramp 78%           2.7s
  414      1325.1       855.7    0.3861    -8.1309  ramp 78%           3.2s
  415      1538.6       679.6    0.3860    -8.1504  ramp 78%           2.7s
  416      1451.0       650.2    0.3860    -8.1699  ramp 79%           2.6s
  417      1380.6       756.2    0.3861    -8.1894  ramp 79%           2.8s
  418      1414.1       707.3    0.3861    -8.2090  ramp 79%           2.7s
  419      1462.8       749.3    0.3861    -8.2285  ramp 79%           2.7s
  [probe] gen=420 score=840.1 net=4.291 fell=0.600
  420      1364.1       810.8    0.3862    -8.2480  ramp 80%           2.9s
  421      1311.6       747.0    0.3862    -8.2675  ramp 80%           2.6s
  422      1351.4       815.3    0.3862    -8.2871  ramp 80%           2.9s
  423      1328.9       763.7    0.3859    -8.3066  ramp 80%           3.0s
  424      1231.6       670.1    0.3856    -8.3261  ramp 81%           2.7s
  [plot] Saved fitness curve → experiments/thesis/curriculum_variable_gravity/seed_04/fitness_curve.png
  425      1218.6       798.2    0.3851    -8.3456  ramp 81%           3.0s
  426      1426.9       830.1    0.3847    -8.3651  ramp 81%           2.9s
  427      1485.1       710.9    0.3843    -8.3847  ramp 81%           2.5s
  428      1350.1       720.8    0.3840    -8.4042  ramp 82%           2.9s
  429      1295.6       816.1    0.3836    -8.4237  ramp 82%           3.0s
  [probe] gen=430 score=1006.8 net=4.645 fell=0.000
  430      1252.8       809.4    0.3833    -8.4432  ramp 82%           3.2s
  431      1295.5       808.1    0.3831    -8.4628  ramp 82%           3.0s
  432      1280.1       847.7    0.3830    -8.4823  ramp 83%           3.1s
  433      1323.6       809.3    0.3829    -8.5018  ramp 83%           3.1s
  434      1364.2       823.2    0.3828    -8.5213  ramp 83%           3.1s
  435      1456.2       872.8    0.3826    -8.5409  ramp 83%           3.0s
  436      1318.6       691.9    0.3825    -8.5604  ramp 84%           2.5s
  437      1255.2       899.7    0.3822    -8.5799  ramp 84%           3.3s
  438      1396.6       779.3    0.3820    -8.5995  ramp 84%           3.0s
  439      1245.9       822.7    0.3817    -8.6190  ramp 84%           3.1s
  [probe] gen=440 score=967.7 net=4.634 fell=0.500
  440      1236.8       744.0    0.3816    -8.6385  ramp 85%           3.0s
  441      1279.9       779.3    0.3814    -8.6580  ramp 85%           2.8s
  442      1343.9       763.1    0.3813    -8.6776  ramp 85%           2.8s
  443      1413.3       719.4    0.3813    -8.6971  ramp 85%           2.7s
  444      1333.1       816.2    0.3809    -8.7166  ramp 86%           3.0s
  445      1334.6       799.6    0.3808    -8.7361  ramp 86%           2.9s
  446      1273.7       790.2    0.3804    -8.7556  ramp 86%           2.8s
  447      1221.0       738.3    0.3801    -8.7752  ramp 86%           2.9s
  448      1429.8       750.6    0.3798    -8.7947  ramp 87%           2.9s
  449      1413.5       823.1    0.3794    -8.8142  ramp 87%           3.0s
  [probe] gen=450 score=1126.1 net=5.372 fell=0.200
  [plot] Saved fitness curve → experiments/thesis/curriculum_variable_gravity/seed_04/fitness_curve.png
  450      1226.5       795.2    0.3792    -8.8338  ramp 87%           2.7s
  451      1290.9       730.6    0.3790    -8.8533  ramp 87%           2.5s
  452      1304.0       821.0    0.3789    -8.8728  ramp 88%           2.8s
  453      1278.4       812.4    0.3787    -8.8923  ramp 88%           2.9s
  454      1306.8       677.4    0.3785    -8.9119  ramp 88%           2.8s
  455      1207.1       709.4    0.3784    -8.9314  ramp 88%           2.8s
  456      1259.1       611.5    0.3782    -8.9509  ramp 89%           2.5s
  457      1371.7       673.3    0.3781    -8.9704  ramp 89%           2.4s
  458      1249.9       738.5    0.3781    -8.9900  ramp 89%           2.6s
  459      1255.9       688.2    0.3778    -9.0095  ramp 89%           2.9s
  [probe] gen=460 score=1215.1 net=6.030 fell=0.000
  460      1242.2       663.6    0.3778    -9.0290  ramp 90%           2.6s
  461      1226.2       762.7    0.3778    -9.0485  ramp 90%           2.8s
  462      1380.5       735.2    0.3779    -9.0680  ramp 90%           2.8s
  463      1331.5       773.7    0.3779    -9.0876  ramp 90%           2.8s
  464      1239.7       676.0    0.3778    -9.1071  ramp 91%           2.7s
  465      1274.4       849.3    0.3775    -9.1266  ramp 91%           3.2s
  466      1321.9       779.2    0.3773    -9.1462  ramp 91%           2.8s
  467      1411.3       800.7    0.3772    -9.1657  ramp 91%           3.0s
  468      1248.3       847.0    0.3771    -9.1852  ramp 92%           2.9s
  469      1258.8       733.5    0.3771    -9.2047  ramp 92%           2.7s
  [probe] gen=470 score=1120.4 net=5.713 fell=0.200
  470      1373.3       648.9    0.3770    -9.2243  ramp 92%           2.4s
  471      1311.1       730.4    0.3767    -9.2438  ramp 92%           2.6s
  472      1355.4       772.5    0.3764    -9.2633  ramp 93%           2.8s
  473      1407.8       887.4    0.3762    -9.2828  ramp 93%           3.2s
  474      1417.6       679.5    0.3761    -9.3024  ramp 93%           2.7s
  [plot] Saved fitness curve → experiments/thesis/curriculum_variable_gravity/seed_04/fitness_curve.png
  475      1241.7       530.6    0.3760    -9.3219  ramp 93%           2.1s
  476      1274.3       760.6    0.3760    -9.3414  ramp 94%           2.9s
  477      1345.0       708.3    0.3760    -9.3609  ramp 94%           2.7s
  478      1266.1       731.9    0.3759    -9.3804  ramp 94%           2.5s
  479      1295.8       823.5    0.3759    -9.4000  ramp 94%           2.9s
  [probe] gen=480 score=1079.0 net=5.232 fell=0.100
  480      1255.7       753.3    0.3759    -9.4195  ramp 95%           2.8s
  481      1359.1       782.3    0.3760    -9.4390  ramp 95%           2.7s
  482      1456.5       686.8    0.3762    -9.4585  ramp 95%           2.6s
  483      1434.9       663.0    0.3766    -9.4781  ramp 95%           2.5s
  484      1262.5       722.0    0.3767    -9.4976  ramp 96%           2.3s
  485      1124.9       581.5    0.3770    -9.5171  ramp 96%           2.1s
  486      1414.0       801.9    0.3773    -9.5366  ramp 96%           2.8s
  487      1472.7       864.3    0.3776    -9.5562  ramp 96%           2.8s
  488      1240.0       688.5    0.3779    -9.5757  ramp 97%           2.4s
  489      1234.2       724.3    0.3781    -9.5952  ramp 97%           2.6s
  [probe] gen=490 score=1058.5 net=5.482 fell=0.700
  490      1545.4       720.1    0.3784    -9.6148  ramp 97%           2.5s
  491      1493.2       773.5    0.3786    -9.6343  ramp 97%           2.6s
  492      1160.5       686.5    0.3790    -9.6538  ramp 98%           2.3s
  493      1288.1       733.9    0.3793    -9.6733  ramp 98%           2.4s
  494      1366.5       750.5    0.3796    -9.6928  ramp 98%           2.4s
  495      1275.9       607.1    0.3799    -9.7124  ramp 98%           2.2s
  496      1206.1       740.4    0.3800    -9.7319  ramp 99%           2.5s
  497      1344.1       698.8    0.3799    -9.7514  ramp 99%           2.5s
  498      1266.9       765.5    0.3798    -9.7709  ramp 99%           2.6s
  499      1207.3       611.6    0.3796    -9.7905  ramp 99%           2.3s
  [plot] Saved fitness curve → experiments/thesis/curriculum_variable_gravity/seed_04/fitness_curve.png

Training complete. Best fitness: 1732.2
Best params → experiments/thesis/curriculum_variable_gravity/seed_04/checkpoints/best_params.npy
Fitness curve → experiments/thesis/curriculum_variable_gravity/seed_04/fitness_curve.png
Final Earth scorecard | score=387.7 net=1.896 fell=0.700
Gravity sweep | gravities=5 mean_net=2.404 worst_net=1.337
  [exp] Wrote experiments/thesis/curriculum_variable_gravity/seed_04/experiment.json
  [exp] Wrote experiments/thesis/curriculum_variable_gravity/seed_04/training_log.csv
  [exp] Wrote experiments/thesis/curriculum_variable_gravity/seed_04/earth_probe.csv
  [exp] Wrote experiments/thesis/curriculum_variable_gravity/seed_04/gravity_sweep.csv
  [exp] Wrote experiments/thesis/curriculum_variable_gravity/seed_04/summary.json
