Walker2d-v5 | policy=CPG  params=504
Curriculum   : AdaptiveProgression  [-1.6→-3.0→-5.0→-7.0→-9.81]  plateau=30gen  min_improve=5.0
Run context | seed=5 arm=adaptive_progression run_id=adaptive_progression_seed_05

Schedule | penalty_min=0.20 penalty_ramp_gen=200 corr_min=0.00 corr_max=0.50 corr_ramp_gen=200

Starting CMA-ES | pop=40 | sigma0=0.5 | max_gen=500 | workers=8 | seed=5
Checkpoints → experiments/thesis/adaptive_progression/seed_05/checkpoints/

  Gen        Best        Mean     Sigma    Pen   Corr    Gravity  Phase              Time
------------------------------------------------------------------------------------
  [probe] gen=0 score=-367.2 net=-0.116 fell=1.000 [new best earth]
  [plot] Saved fitness curve → experiments/thesis/adaptive_progression/seed_05/fitness_curve.png
    0       -48.1       -74.3    0.4903   0.20   0.00    -1.6000  lv0(-1.6)          1.5s
    1       -57.0       -74.4    0.4820   0.20   0.00    -1.6000  lv0(-1.6)          0.2s
    2       -47.2       -71.5    0.4745   0.21   0.01    -1.6000  lv0(-1.6)          0.2s
    3       -28.2       -66.8    0.4680   0.21   0.01    -1.6000  lv0(-1.6)          0.3s
    4        56.8       -65.1    0.4622   0.22   0.01    -1.6000  lv0(-1.6)          0.3s
    5       -34.1       -70.3    0.4570   0.22   0.01    -1.6000  lv0(-1.6)          0.3s
    6        34.8       -70.3    0.4522   0.22   0.01    -1.6000  lv0(-1.6)          0.3s
    7       -34.6       -71.9    0.4477   0.23   0.02    -1.6000  lv0(-1.6)          0.3s
    8        13.1       -69.2    0.4434   0.23   0.02    -1.6000  lv0(-1.6)          0.3s
    9       -51.9       -68.5    0.4395   0.24   0.02    -1.6000  lv0(-1.6)          0.3s
  [probe] gen=10 score=-387.2 net=-0.085 fell=1.000
   10       -40.6       -75.9    0.4357   0.24   0.03    -1.6000  lv0(-1.6)          0.3s
   11       -39.6       -75.8    0.4324   0.24   0.03    -1.6000  lv0(-1.6)          0.3s
   12       -21.5       -76.1    0.4293   0.25   0.03    -1.6000  lv0(-1.6)          0.3s
   13       -16.0       -78.2    0.4264   0.25   0.03    -1.6000  lv0(-1.6)          0.3s
   14        -5.4       -73.0    0.4236   0.26   0.04    -1.6000  lv0(-1.6)          0.3s
   15        18.6       -71.2    0.4212   0.26   0.04    -1.6000  lv0(-1.6)          0.3s
   16       -32.7       -78.7    0.4187   0.26   0.04    -1.6000  lv0(-1.6)          0.3s
   17       -10.4       -76.6    0.4164   0.27   0.04    -1.6000  lv0(-1.6)          0.3s
   18        34.1       -75.9    0.4142   0.27   0.04    -1.6000  lv0(-1.6)          0.3s
   19        -0.7       -70.8    0.4123   0.28   0.05    -1.6000  lv0(-1.6)          0.4s
  [probe] gen=20 score=-381.1 net=-0.255 fell=1.000
   20        -2.7       -74.4    0.4105   0.28   0.05    -1.6000  lv0(-1.6)          0.4s
   21        -8.5       -83.2    0.4089   0.28   0.05    -1.6000  lv0(-1.6)          0.3s
   22        46.4       -75.8    0.4074   0.29   0.06    -1.6000  lv0(-1.6)          0.4s
   23         9.3       -70.6    0.4061   0.29   0.06    -1.6000  lv0(-1.6)          0.4s
   24        62.4       -59.6    0.4050   0.30   0.06    -1.6000  lv0(-1.6)          0.4s
  [plot] Saved fitness curve → experiments/thesis/adaptive_progression/seed_05/fitness_curve.png
   25        26.1       -73.5    0.4038   0.30   0.06    -1.6000  lv0(-1.6)          0.4s
   26        54.5       -55.7    0.4026   0.30   0.07    -1.6000  lv0(-1.6)          0.5s
   27        90.7       -65.1    0.4017   0.31   0.07    -1.6000  lv0(-1.6)          0.5s
   28        27.3       -75.5    0.4010   0.31   0.07    -1.6000  lv0(-1.6)          0.4s
   29        70.3       -56.6    0.4005   0.32   0.07    -1.6000  lv0(-1.6)          0.5s
  [probe] gen=30 score=-220.8 net=0.009 fell=1.000 [new best earth]
   30        47.5       -54.8    0.4003   0.32   0.07    -1.6000  lv0(-1.6)          0.5s
   31       164.3       -33.7    0.4003   0.32   0.08    -1.6000  lv0(-1.6)          0.5s
   32        33.1       -61.8    0.4004   0.33   0.08    -1.6000  lv0(-1.6)          0.5s
   33        28.8       -48.1    0.4007   0.33   0.08    -1.6000  lv0(-1.6)          0.6s
   34       102.7       -51.0    0.4011   0.34   0.09    -1.6000  lv0(-1.6)          0.5s
   35        52.8       -56.4    0.4014   0.34   0.09    -1.6000  lv0(-1.6)          0.5s
   36       100.7       -30.5    0.4016   0.34   0.09    -1.6000  lv0(-1.6)          0.6s
   37        69.1       -26.8    0.4020   0.35   0.09    -1.6000  lv0(-1.6)          0.6s
   38        82.1       -21.9    0.4023   0.35   0.10    -1.6000  lv0(-1.6)          0.5s
   39        56.3       -30.9    0.4026   0.36   0.10    -1.6000  lv0(-1.6)          0.6s
  [probe] gen=40 score=-141.6 net=0.462 fell=1.000 [new best earth]
   40       145.7       -35.3    0.4029   0.36   0.10    -1.6000  lv0(-1.6)          0.5s
   41        48.3       -33.6    0.4032   0.36   0.10    -1.6000  lv0(-1.6)          0.6s
   42       187.4       -12.1    0.4035   0.37   0.10    -1.6000  lv0(-1.6)          0.7s
   43       127.1       -53.9    0.4036   0.37   0.11    -1.6000  lv0(-1.6)          0.5s
   44       215.9         2.1    0.4037   0.38   0.11    -1.6000  lv0(-1.6)          0.8s
   45       181.3        -9.8    0.4039   0.38   0.11    -1.6000  lv0(-1.6)          0.7s
   46       249.5        15.7    0.4043   0.38   0.12    -1.6000  lv0(-1.6)          0.9s
   47       244.6        12.2    0.4047   0.39   0.12    -1.6000  lv0(-1.6)          1.0s
   48       242.8        34.6    0.4052   0.39   0.12    -1.6000  lv0(-1.6)          1.4s
   49       338.5       107.4    0.4056   0.40   0.12    -1.6000  lv0(-1.6)          1.6s
  [probe] gen=50 score=8.3 net=0.969 fell=1.000 [new best earth]
  [plot] Saved fitness curve → experiments/thesis/adaptive_progression/seed_05/fitness_curve.png
   50       286.1        91.9    0.4060   0.40   0.12    -1.6000  lv0(-1.6)          1.5s
   51       312.9       112.0    0.4064   0.40   0.13    -1.6000  lv0(-1.6)          1.7s
   52       294.6       114.8    0.4069   0.41   0.13    -1.6000  lv0(-1.6)          1.9s
   53       298.5        95.5    0.4075   0.41   0.13    -1.6000  lv0(-1.6)          2.1s
   54       299.9       121.9    0.4083   0.42   0.14    -1.6000  lv0(-1.6)          1.8s
   55       327.4       145.4    0.4090   0.42   0.14    -1.6000  lv0(-1.6)          2.1s
   56       336.3        94.6    0.4097   0.42   0.14    -1.6000  lv0(-1.6)          2.0s
   57       317.2       145.2    0.4106   0.43   0.14    -1.6000  lv0(-1.6)          2.0s
   58       308.6       160.9    0.4114   0.43   0.14    -1.6000  lv0(-1.6)          2.1s
   59       312.5       166.2    0.4120   0.44   0.15    -1.6000  lv0(-1.6)          2.1s
  [probe] gen=60 score=-113.5 net=0.236 fell=1.000
   60       328.6       118.6    0.4127   0.44   0.15    -1.6000  lv0(-1.6)          2.2s
   61       351.8       170.2    0.4134   0.44   0.15    -1.6000  lv0(-1.6)          2.3s
   62       338.3       146.5    0.4140   0.45   0.15    -1.6000  lv0(-1.6)          2.5s
   63       310.8       128.5    0.4146   0.45   0.16    -1.6000  lv0(-1.6)          2.4s
   64       327.0       193.2    0.4151   0.46   0.16    -1.6000  lv0(-1.6)          2.6s
   65       344.6       144.4    0.4156   0.46   0.16    -1.6000  lv0(-1.6)          2.4s
   66       341.5       126.0    0.4160   0.46   0.17    -1.6000  lv0(-1.6)          2.7s
   67       379.6       163.8    0.4165   0.47   0.17    -1.6000  lv0(-1.6)          2.4s
   68       347.7       155.4    0.4172   0.47   0.17    -1.6000  lv0(-1.6)          2.8s
   69       370.3       159.5    0.4177   0.48   0.17    -1.6000  lv0(-1.6)          2.7s
  [probe] gen=70 score=-173.4 net=-0.190 fell=1.000
   70       399.4       215.7    0.4183   0.48   0.17    -1.6000  lv0(-1.6)          2.8s
   71       366.8       113.7    0.4189   0.48   0.18    -1.6000  lv0(-1.6)          2.4s
   72       338.7       185.6    0.4195   0.49   0.18    -1.6000  lv0(-1.6)          2.7s
   73       319.2       133.1    0.4199   0.49   0.18    -1.6000  lv0(-1.6)          2.6s
   74       325.5       157.8    0.4204   0.50   0.18    -1.6000  lv0(-1.6)          2.6s
  [plot] Saved fitness curve → experiments/thesis/adaptive_progression/seed_05/fitness_curve.png
   75       327.3       181.3    0.4209   0.50   0.19    -1.6000  lv0(-1.6)          2.7s
   76       335.7       146.6    0.4213   0.50   0.19    -1.6000  lv0(-1.6)          2.5s
   77       326.1       161.1    0.4217   0.51   0.19    -1.6000  lv0(-1.6)          2.6s
   78       458.1       206.5    0.4220   0.51   0.20    -1.6000  lv0(-1.6)          2.7s
   79       353.5       180.6    0.4223   0.52   0.20    -1.6000  lv0(-1.6)          2.8s
  [probe] gen=80 score=144.8 net=1.063 fell=1.000 [new best earth]
   80       388.5       137.1    0.4227   0.52   0.20    -1.6000  lv0(-1.6)          2.5s
   81       382.7       174.8    0.4230   0.52   0.20    -1.6000  lv0(-1.6)          2.5s
   82       462.0       155.6    0.4231   0.53   0.20    -1.6000  lv0(-1.6)          2.4s
   83       743.3       241.9    0.4231   0.53   0.21    -1.6000  lv0(-1.6)          2.7s
   84       531.3       202.8    0.4232   0.54   0.21    -1.6000  lv0(-1.6)          2.6s
   85       634.4       174.4    0.4231   0.54   0.21    -1.6000  lv0(-1.6)          2.5s
   86       810.4       212.8    0.4230   0.54   0.21    -1.6000  lv0(-1.6)          2.7s
   87       475.5       195.8    0.4230   0.55   0.22    -1.6000  lv0(-1.6)          2.5s
   88       460.8       142.4    0.4230   0.55   0.22    -1.6000  lv0(-1.6)          2.7s
   89       595.2       163.6    0.4232   0.56   0.22    -1.6000  lv0(-1.6)          2.6s
  [probe] gen=90 score=158.2 net=0.895 fell=0.900 [new best earth]
   90       601.9       235.4    0.4233   0.56   0.23    -1.6000  lv0(-1.6)          2.8s
   91       556.9       239.4    0.4234   0.56   0.23    -1.6000  lv0(-1.6)          2.7s
   92       568.6       168.3    0.4235   0.57   0.23    -1.6000  lv0(-1.6)          2.7s
   93       665.6       186.2    0.4238   0.57   0.23    -1.6000  lv0(-1.6)          2.5s
   94       670.5       203.9    0.4239   0.58   0.23    -1.6000  lv0(-1.6)          2.8s
   95       744.2       249.5    0.4241   0.58   0.24    -1.6000  lv0(-1.6)          2.7s
   96       713.7       238.2    0.4241   0.58   0.24    -1.6000  lv0(-1.6)          2.7s
   97       731.4       217.4    0.4241   0.59   0.24    -1.6000  lv0(-1.6)          2.5s
   98       894.0       305.8    0.4239   0.59   0.24    -1.6000  lv0(-1.6)          2.7s
   99       932.3       315.0    0.4237   0.60   0.25    -1.6000  lv0(-1.6)          2.8s
  [probe] gen=100 score=214.6 net=1.380 fell=0.800 [new best earth]
  [plot] Saved fitness curve → experiments/thesis/adaptive_progression/seed_05/fitness_curve.png
  100      1084.9       264.2    0.4234   0.60   0.25    -1.6000  lv0(-1.6)          2.7s
  101       906.7       327.2    0.4233   0.60   0.25    -1.6000  lv0(-1.6)          2.4s
  102       809.6       370.0    0.4231   0.61   0.26    -1.6000  lv0(-1.6)          2.4s
  103       778.2       285.9    0.4230   0.61   0.26    -1.6000  lv0(-1.6)          2.4s
  104      1188.3       379.1    0.4232   0.62   0.26    -1.6000  lv0(-1.6)          2.6s
  105      1095.4       392.3    0.4235   0.62   0.26    -1.6000  lv0(-1.6)          2.7s
  106       885.9       392.9    0.4238   0.62   0.27    -1.6000  lv0(-1.6)          2.6s
  107       991.6       481.4    0.4242   0.63   0.27    -1.6000  lv0(-1.6)          2.8s
  108      1108.3       360.8    0.4244   0.63   0.27    -1.6000  lv0(-1.6)          2.4s
  109      1120.9       417.5    0.4245   0.64   0.27    -1.6000  lv0(-1.6)          2.5s
  [probe] gen=110 score=146.0 net=1.469 fell=1.000
  110       992.2       399.1    0.4246   0.64   0.28    -1.6000  lv0(-1.6)          2.3s
  111      1077.0       470.4    0.4247   0.64   0.28    -1.6000  lv0(-1.6)          2.6s
  112      1017.0       343.9    0.4249   0.65   0.28    -1.6000  lv0(-1.6)          2.3s
  113      1077.1       409.1    0.4251   0.65   0.28    -1.6000  lv0(-1.6)          2.5s
  114      1036.1       475.3    0.4253   0.66   0.28    -1.6000  lv0(-1.6)          2.6s
  115      1126.8       385.9    0.4253   0.66   0.29    -1.6000  lv0(-1.6)          2.5s
  116      1237.8       404.5    0.4255   0.66   0.29    -1.6000  lv0(-1.6)          2.5s
  117      1106.2       364.1    0.4256   0.67   0.29    -1.6000  lv0(-1.6)          2.2s
  118      1188.3       619.6    0.4258   0.67   0.29    -1.6000  lv0(-1.6)          2.8s
  119      1051.7       434.4    0.4262   0.68   0.30    -1.6000  lv0(-1.6)          2.6s
  [probe] gen=120 score=111.3 net=1.005 fell=1.000
  120      1128.3       498.8    0.4266   0.68   0.30    -1.6000  lv0(-1.6)          2.7s
  121      1115.6       476.2    0.4268   0.68   0.30    -1.6000  lv0(-1.6)          2.4s
  122      1070.5       375.9    0.4269   0.69   0.30    -1.6000  lv0(-1.6)          2.3s
  123       956.1       354.1    0.4271   0.69   0.31    -1.6000  lv0(-1.6)          2.4s
  124       886.7       359.1    0.4273   0.70   0.31    -1.6000  lv0(-1.6)          2.5s
  [plot] Saved fitness curve → experiments/thesis/adaptive_progression/seed_05/fitness_curve.png
  125      1101.3       509.4    0.4274   0.70   0.31    -1.6000  lv0(-1.6)          2.6s
  126      1204.3       437.9    0.4274   0.70   0.32    -1.6000  lv0(-1.6)          2.5s
  127      1038.6       317.2    0.4275   0.71   0.32    -1.6000  lv0(-1.6)          2.4s
  128      1241.5       469.6    0.4276   0.71   0.32    -1.6000  lv0(-1.6)          2.6s
  129      1091.6       406.2    0.4277   0.72   0.32    -1.6000  lv0(-1.6)          2.5s
  [probe] gen=130 score=485.1 net=2.218 fell=1.000 [new best earth]
  130      1289.9       440.9    0.4278   0.72   0.33    -1.6000  lv0(-1.6)          2.6s
  131      1116.8       411.2    0.4278   0.72   0.33    -1.6000  lv0(-1.6)          2.3s
  132      1032.1       282.3    0.4278   0.73   0.33    -1.6000  lv0(-1.6)          2.2s
  133      1084.4       489.8    0.4278   0.73   0.33    -1.6000  lv0(-1.6)          2.5s
  134      1046.2       435.7    0.4281   0.74   0.34    -1.6000  lv0(-1.6)          2.4s
  135      1193.4       484.7    0.4285   0.74   0.34    -1.6000  lv0(-1.6)          2.5s
  136      1431.3       403.4    0.4289   0.74   0.34    -1.6000  lv0(-1.6)          2.4s
  137      1082.4       425.0    0.4293   0.75   0.34    -1.6000  lv0(-1.6)          2.3s
  138      1115.3       384.4    0.4298   0.75   0.34    -1.6000  lv0(-1.6)          2.3s
  139      1069.2       403.3    0.4303   0.76   0.35    -1.6000  lv0(-1.6)          2.3s
  [probe] gen=140 score=322.3 net=1.964 fell=1.000
  140      1429.2       470.1    0.4309   0.76   0.35    -1.6000  lv0(-1.6)          2.5s
  141      1240.8       373.6    0.4315   0.76   0.35    -1.6000  lv0(-1.6)          2.2s
  142      1209.3       366.7    0.4321   0.77   0.35    -1.6000  lv0(-1.6)          2.1s
  143      1098.6       228.0    0.4327   0.77   0.36    -1.6000  lv0(-1.6)          2.1s
  144      1184.4       380.0    0.4334   0.78   0.36    -1.6000  lv0(-1.6)          2.2s
  145      1258.7       412.3    0.4339   0.78   0.36    -1.6000  lv0(-1.6)          2.2s
  146      1083.7       303.5    0.4344   0.78   0.36    -1.6000  lv0(-1.6)          2.0s
  147       961.2       328.7    0.4346   0.79   0.37    -1.6000  lv0(-1.6)          2.2s
  148      1188.6       259.4    0.4347   0.79   0.37    -1.6000  lv0(-1.6)          2.1s
  149      1112.1       435.7    0.4348   0.80   0.37    -1.6000  lv0(-1.6)          2.2s
  [probe] gen=150 score=644.2 net=3.370 fell=1.000 [new best earth]
  [plot] Saved fitness curve → experiments/thesis/adaptive_progression/seed_05/fitness_curve.png
  150      1098.2       360.5    0.4347   0.80   0.38    -1.6000  lv0(-1.6)          2.2s
  151      1327.0       451.7    0.4348   0.80   0.38    -1.6000  lv0(-1.6)          2.2s
  152      1062.2       474.8    0.4347   0.81   0.38    -1.6000  lv0(-1.6)          2.2s
  153      1333.7       457.1    0.4347   0.81   0.38    -1.6000  lv0(-1.6)          2.3s
  154      1046.2       425.1    0.4347   0.82   0.39    -1.6000  lv0(-1.6)          2.2s
  155      1254.2       402.5    0.4347   0.82   0.39    -1.6000  lv0(-1.6)          2.3s
  156      1337.0       385.3    0.4348   0.82   0.39    -1.6000  lv0(-1.6)          2.2s
  157      1321.5       642.0    0.4350   0.83   0.39    -1.6000  lv0(-1.6)          2.4s
  158      1162.6       443.2    0.4352   0.83   0.40    -1.6000  lv0(-1.6)          2.3s
  159      1389.3       422.0    0.4354   0.84   0.40    -1.6000  lv0(-1.6)          2.2s
  [probe] gen=160 score=308.8 net=2.307 fell=1.000
  160      1283.0       455.8    0.4354   0.84   0.40    -1.6000  lv0(-1.6)          2.3s
  161      1323.4       610.3    0.4354   0.84   0.40    -1.6000  lv0(-1.6)          2.5s
  162      1360.9       599.5    0.4354   0.85   0.41    -1.6000  lv0(-1.6)          2.6s
  163      1212.0       630.2    0.4353   0.85   0.41    -1.6000  lv0(-1.6)          2.5s
  164      1355.5       404.1    0.4352   0.86   0.41    -1.6000  lv0(-1.6)          2.2s
  165      1097.7       547.2    0.4352   0.86   0.41    -1.6000  lv0(-1.6)          2.4s
  [stage] gen=166  gravity -1.60 → -3.00  ES restarted  remaining=333
  166      1059.1       486.4    0.5000   0.86   0.41    -1.6000  lv0(-1.6)          2.3s
  167       752.1       147.2    0.4903   0.87   0.42    -3.0000  lv1(-3.0)          1.7s
  168      1290.9       226.7    0.4820   0.87   0.42    -3.0000  lv1(-3.0)          1.9s
  169       603.9       142.0    0.4746   0.88   0.42    -3.0000  lv1(-3.0)          1.5s
  [probe] gen=170 score=378.4 net=2.539 fell=1.000
  170      1034.7       362.2    0.4679   0.88   0.42    -3.0000  lv1(-3.0)          1.9s
  171       913.7       321.7    0.4619   0.88   0.43    -3.0000  lv1(-3.0)          1.7s
  172      1126.3       375.1    0.4564   0.89   0.43    -3.0000  lv1(-3.0)          1.9s
  173       694.4       307.0    0.4514   0.89   0.43    -3.0000  lv1(-3.0)          1.9s
  174       914.3       347.7    0.4467   0.90   0.43    -3.0000  lv1(-3.0)          1.9s
  [plot] Saved fitness curve → experiments/thesis/adaptive_progression/seed_05/fitness_curve.png
  175      1077.2       414.4    0.4423   0.90   0.44    -3.0000  lv1(-3.0)          2.1s
  176       883.9       360.2    0.4384   0.90   0.44    -3.0000  lv1(-3.0)          1.9s
  177       939.9       390.6    0.4346   0.91   0.44    -3.0000  lv1(-3.0)          1.9s
  178      1363.9       391.5    0.4310   0.91   0.45    -3.0000  lv1(-3.0)          1.9s
  179      1015.1       379.0    0.4277   0.92   0.45    -3.0000  lv1(-3.0)          1.9s
  [probe] gen=180 score=218.7 net=1.737 fell=1.000
  180      1309.5       444.6    0.4246   0.92   0.45    -3.0000  lv1(-3.0)          2.0s
  181      1131.2       351.7    0.4217   0.92   0.45    -3.0000  lv1(-3.0)          1.9s
  182      1299.6       475.8    0.4191   0.93   0.46    -3.0000  lv1(-3.0)          2.1s
  183      1298.3       405.3    0.4167   0.93   0.46    -3.0000  lv1(-3.0)          2.0s
  184      1358.2       409.7    0.4144   0.94   0.46    -3.0000  lv1(-3.0)          1.8s
  185      1199.5       459.0    0.4122   0.94   0.46    -3.0000  lv1(-3.0)          2.0s
  186      1638.8       483.1    0.4102   0.94   0.47    -3.0000  lv1(-3.0)          2.1s
  187      1434.3       504.9    0.4083   0.95   0.47    -3.0000  lv1(-3.0)          2.1s
  188      1271.7       519.3    0.4068   0.95   0.47    -3.0000  lv1(-3.0)          2.2s
  189      1268.9       608.6    0.4053   0.96   0.47    -3.0000  lv1(-3.0)          2.1s
  [probe] gen=190 score=315.0 net=2.230 fell=1.000
  190      1207.7       461.6    0.4040   0.96   0.47    -3.0000  lv1(-3.0)          2.0s
  191      1259.8       450.8    0.4027   0.96   0.48    -3.0000  lv1(-3.0)          2.1s
  192      1126.3       461.5    0.4015   0.97   0.48    -3.0000  lv1(-3.0)          1.9s
  193      1230.9       484.5    0.4002   0.97   0.48    -3.0000  lv1(-3.0)          2.0s
  194      1103.9       465.2    0.3992   0.98   0.48    -3.0000  lv1(-3.0)          2.0s
  195      1419.6       459.6    0.3982   0.98   0.49    -3.0000  lv1(-3.0)          2.0s
  196      1113.9       332.9    0.3973   0.98   0.49    -3.0000  lv1(-3.0)          1.9s
  197      1656.4       557.7    0.3963   0.99   0.49    -3.0000  lv1(-3.0)          2.2s
  198      1188.2       385.6    0.3955   0.99   0.49    -3.0000  lv1(-3.0)          2.0s
  199      1516.8       436.8    0.3947   1.00   0.50    -3.0000  lv1(-3.0)          2.0s
  [probe] gen=200 score=605.6 net=3.594 fell=1.000
  [plot] Saved fitness curve → experiments/thesis/adaptive_progression/seed_05/fitness_curve.png
  200      1341.4       512.2    0.3941   1.00   0.50    -3.0000  lv1(-3.0)          2.2s
  201      1064.7       381.3    0.3936   1.00   0.50    -3.0000  lv1(-3.0)          2.0s
  202      1399.9       503.6    0.3931   1.00   0.50    -3.0000  lv1(-3.0)          2.2s
  203      1507.5       559.8    0.3928   1.00   0.50    -3.0000  lv1(-3.0)          2.2s
  204      1354.2       490.7    0.3927   1.00   0.50    -3.0000  lv1(-3.0)          2.0s
  205      1175.7       569.3    0.3926   1.00   0.50    -3.0000  lv1(-3.0)          2.1s
  206      1129.7       451.8    0.3925   1.00   0.50    -3.0000  lv1(-3.0)          2.0s
  207      1109.6       402.2    0.3925   1.00   0.50    -3.0000  lv1(-3.0)          1.9s
  208      1256.6       632.9    0.3924   1.00   0.50    -3.0000  lv1(-3.0)          2.4s
  209      1287.8       487.6    0.3923   1.00   0.50    -3.0000  lv1(-3.0)          2.0s
  [probe] gen=210 score=311.5 net=2.115 fell=1.000
  210      1377.9       587.9    0.3922   1.00   0.50    -3.0000  lv1(-3.0)          2.3s
  211      1241.4       501.6    0.3921   1.00   0.50    -3.0000  lv1(-3.0)          2.1s
  212      1397.4       554.6    0.3922   1.00   0.50    -3.0000  lv1(-3.0)          2.2s
  213      1165.1       536.0    0.3923   1.00   0.50    -3.0000  lv1(-3.0)          2.0s
  214      1179.2       466.4    0.3925   1.00   0.50    -3.0000  lv1(-3.0)          2.1s
  215      1127.9       467.3    0.3925   1.00   0.50    -3.0000  lv1(-3.0)          2.3s
  216      1596.7       440.0    0.3926   1.00   0.50    -3.0000  lv1(-3.0)          2.1s
  217      1017.5       403.6    0.3928   1.00   0.50    -3.0000  lv1(-3.0)          2.2s
  218      1257.7       557.5    0.3930   1.00   0.50    -3.0000  lv1(-3.0)          2.3s
  219      1207.6       470.2    0.3932   1.00   0.50    -3.0000  lv1(-3.0)          2.2s
  [probe] gen=220 score=556.1 net=3.159 fell=1.000
  220      1255.4       449.3    0.3934   1.00   0.50    -3.0000  lv1(-3.0)          2.1s
  221      1145.2       361.3    0.3937   1.00   0.50    -3.0000  lv1(-3.0)          2.0s
  222       924.1       263.5    0.3938   1.00   0.50    -3.0000  lv1(-3.0)          1.8s
  223      1250.1       326.5    0.3939   1.00   0.50    -3.0000  lv1(-3.0)          2.0s
  224      1084.2       405.2    0.3939   1.00   0.50    -3.0000  lv1(-3.0)          2.0s
  [plot] Saved fitness curve → experiments/thesis/adaptive_progression/seed_05/fitness_curve.png
  225      1226.7       363.1    0.3941   1.00   0.50    -3.0000  lv1(-3.0)          1.9s
  226       952.4       424.4    0.3941   1.00   0.50    -3.0000  lv1(-3.0)          1.9s
  [stage] gen=227  gravity -3.00 → -5.00  ES restarted  remaining=272
  227      1158.8       475.8    0.5000   1.00   0.50    -3.0000  lv1(-3.0)          2.0s
  228       902.8       157.7    0.4904   1.00   0.50    -5.0000  lv2(-5.0)          1.3s
  229      1020.9       266.1    0.4819   1.00   0.50    -5.0000  lv2(-5.0)          1.6s
  [probe] gen=230 score=281.9 net=2.084 fell=1.000
  230      1089.1       239.4    0.4745   1.00   0.50    -5.0000  lv2(-5.0)          1.7s
  231       899.7       267.1    0.4678   1.00   0.50    -5.0000  lv2(-5.0)          1.6s
  232      1699.2       280.9    0.4617   1.00   0.50    -5.0000  lv2(-5.0)          1.6s
  233      1017.5       397.7    0.4562   1.00   0.50    -5.0000  lv2(-5.0)          2.0s
  234      1100.8       397.7    0.4512   1.00   0.50    -5.0000  lv2(-5.0)          2.1s
  235      1058.9       417.3    0.4465   1.00   0.50    -5.0000  lv2(-5.0)          2.0s
  236       928.6       285.2    0.4422   1.00   0.50    -5.0000  lv2(-5.0)          2.0s
  237       963.2       339.8    0.4382   1.00   0.50    -5.0000  lv2(-5.0)          2.0s
  238       946.5       371.5    0.4344   1.00   0.50    -5.0000  lv2(-5.0)          1.8s
  239      1204.1       440.0    0.4310   1.00   0.50    -5.0000  lv2(-5.0)          2.0s
  [probe] gen=240 score=583.8 net=3.324 fell=0.900
  240      1203.8       426.3    0.4280   1.00   0.50    -5.0000  lv2(-5.0)          1.9s
  241       996.3       474.6    0.4253   1.00   0.50    -5.0000  lv2(-5.0)          2.3s
  242      1072.1       342.4    0.4228   1.00   0.50    -5.0000  lv2(-5.0)          2.0s
  243       972.3       414.3    0.4205   1.00   0.50    -5.0000  lv2(-5.0)          2.2s
  244      1334.7       350.4    0.4183   1.00   0.50    -5.0000  lv2(-5.0)          2.0s
  245       897.6       450.1    0.4165   1.00   0.50    -5.0000  lv2(-5.0)          2.1s
  246      1192.8       494.6    0.4148   1.00   0.50    -5.0000  lv2(-5.0)          2.6s
  247      1587.6       461.9    0.4132   1.00   0.50    -5.0000  lv2(-5.0)          2.2s
  248      1333.6       522.4    0.4116   1.00   0.50    -5.0000  lv2(-5.0)          2.4s
  249      1296.8       536.0    0.4100   1.00   0.50    -5.0000  lv2(-5.0)          2.4s
  [probe] gen=250 score=487.0 net=2.975 fell=1.000
  [plot] Saved fitness curve → experiments/thesis/adaptive_progression/seed_05/fitness_curve.png
  250      1286.5       526.3    0.4085   1.00   0.50    -5.0000  lv2(-5.0)          2.4s
  251      1245.4       541.3    0.4070   1.00   0.50    -5.0000  lv2(-5.0)          2.5s
  252      1145.9       507.7    0.4058   1.00   0.50    -5.0000  lv2(-5.0)          2.3s
  253       958.4       479.8    0.4045   1.00   0.50    -5.0000  lv2(-5.0)          2.2s
  254      1269.9       479.3    0.4032   1.00   0.50    -5.0000  lv2(-5.0)          2.6s
  255      1168.8       516.0    0.4019   1.00   0.50    -5.0000  lv2(-5.0)          2.4s
  256      1027.5       479.8    0.4008   1.00   0.50    -5.0000  lv2(-5.0)          2.2s
  257      1173.4       470.6    0.3998   1.00   0.50    -5.0000  lv2(-5.0)          2.2s
  258      1045.3       549.3    0.3987   1.00   0.50    -5.0000  lv2(-5.0)          2.5s
  259      1155.4       535.1    0.3977   1.00   0.50    -5.0000  lv2(-5.0)          2.6s
  [probe] gen=260 score=627.9 net=3.375 fell=1.000
  260      1071.3       487.8    0.3968   1.00   0.50    -5.0000  lv2(-5.0)          2.4s
  261      1147.7       556.8    0.3958   1.00   0.50    -5.0000  lv2(-5.0)          2.7s
  [stage] gen=262  gravity -5.00 → -7.00  ES restarted  remaining=237
  262      1144.6       537.7    0.5000   1.00   0.50    -5.0000  lv2(-5.0)          2.4s
  263      1679.8       309.3    0.4903   1.00   0.50    -7.0000  lv3(-7.0)          1.8s
  264       976.9       229.9    0.4818   1.00   0.50    -7.0000  lv3(-7.0)          1.8s
  265       804.8       183.9    0.4743   1.00   0.50    -7.0000  lv3(-7.0)          1.6s
  266      1083.7       211.0    0.4676   1.00   0.50    -7.0000  lv3(-7.0)          1.7s
  267       868.8       289.6    0.4615   1.00   0.50    -7.0000  lv3(-7.0)          1.8s
  268       905.2       356.4    0.4557   1.00   0.50    -7.0000  lv3(-7.0)          2.1s
  269       931.3       298.9    0.4502   1.00   0.50    -7.0000  lv3(-7.0)          1.6s
  [probe] gen=270 score=422.6 net=2.799 fell=1.000
  270      1158.2       338.7    0.4451   1.00   0.50    -7.0000  lv3(-7.0)          1.7s
  271       989.6       365.0    0.4405   1.00   0.50    -7.0000  lv3(-7.0)          1.9s
  272       868.3       408.8    0.4363   1.00   0.50    -7.0000  lv3(-7.0)          2.0s
  273      1195.8       416.6    0.4324   1.00   0.50    -7.0000  lv3(-7.0)          2.0s
  274      1158.4       263.4    0.4288   1.00   0.50    -7.0000  lv3(-7.0)          1.6s
  [plot] Saved fitness curve → experiments/thesis/adaptive_progression/seed_05/fitness_curve.png
  275      1146.4       426.3    0.4256   1.00   0.50    -7.0000  lv3(-7.0)          1.8s
  276       794.3       280.8    0.4225   1.00   0.50    -7.0000  lv3(-7.0)          1.4s
  277       965.9       436.6    0.4197   1.00   0.50    -7.0000  lv3(-7.0)          1.9s
  278      1449.6       371.5    0.4169   1.00   0.50    -7.0000  lv3(-7.0)          1.9s
  279      1060.6       388.0    0.4143   1.00   0.50    -7.0000  lv3(-7.0)          1.8s
  [probe] gen=280 score=822.0 net=4.844 fell=1.000 [new best earth]
  280      1214.2       460.8    0.4121   1.00   0.50    -7.0000  lv3(-7.0)          2.0s
  281      1307.8       452.8    0.4100   1.00   0.50    -7.0000  lv3(-7.0)          1.9s
  282      1162.3       421.8    0.4081   1.00   0.50    -7.0000  lv3(-7.0)          1.9s
  283      1353.0       448.4    0.4062   1.00   0.50    -7.0000  lv3(-7.0)          2.1s
  284      1283.7       395.9    0.4045   1.00   0.50    -7.0000  lv3(-7.0)          2.2s
  285      1068.1       515.6    0.4029   1.00   0.50    -7.0000  lv3(-7.0)          1.9s
  286      1321.3       624.4    0.4013   1.00   0.50    -7.0000  lv3(-7.0)          2.2s
  287      1091.4       478.0    0.3998   1.00   0.50    -7.0000  lv3(-7.0)          2.1s
  288      1217.5       511.2    0.3983   1.00   0.50    -7.0000  lv3(-7.0)          2.1s
  289      1456.0       574.1    0.3970   1.00   0.50    -7.0000  lv3(-7.0)          2.1s
  [probe] gen=290 score=1076.3 net=5.765 fell=0.900 [new best earth]
  290      1412.3       547.3    0.3956   1.00   0.50    -7.0000  lv3(-7.0)          2.0s
  291      1248.9       588.8    0.3943   1.00   0.50    -7.0000  lv3(-7.0)          2.1s
  292      1349.9       610.4    0.3932   1.00   0.50    -7.0000  lv3(-7.0)          1.9s
  [stage] gen=293  gravity -7.00 → -9.81  ES restarted  remaining=206
  293      1688.5       588.2    0.5000   1.00   0.50    -7.0000  lv3(-7.0)          2.0s
  294       450.6       101.2    0.4905   1.00   0.50    -9.8100  lv4(-9.8)          1.3s
  295       804.2       254.3    0.4822   1.00   0.50    -9.8100  lv4(-9.8)          2.1s
  296      1014.4       206.4    0.4749   1.00   0.50    -9.8100  lv4(-9.8)          1.9s
  297       741.6       203.0    0.4683   1.00   0.50    -9.8100  lv4(-9.8)          2.2s
  298       554.5       182.0    0.4622   1.00   0.50    -9.8100  lv4(-9.8)          2.1s
  299       841.0       317.5    0.4566   1.00   0.50    -9.8100  lv4(-9.8)          1.7s
  [probe] gen=300 score=813.9 net=4.086 fell=0.700
  [plot] Saved fitness curve → experiments/thesis/adaptive_progression/seed_05/fitness_curve.png
  300      1041.8       294.7    0.4516   1.00   0.50    -9.8100  lv4(-9.8)          2.1s
  301       860.2       218.0    0.4469   1.00   0.50    -9.8100  lv4(-9.8)          1.5s
  302       862.7       277.5    0.4428   1.00   0.50    -9.8100  lv4(-9.8)          1.8s
  303      1301.2       392.8    0.4389   1.00   0.50    -9.8100  lv4(-9.8)          2.0s
  304      1485.9       412.1    0.4354   1.00   0.50    -9.8100  lv4(-9.8)          2.2s
  305      1418.9       389.4    0.4323   1.00   0.50    -9.8100  lv4(-9.8)          2.1s
  306      1532.2       422.1    0.4293   1.00   0.50    -9.8100  lv4(-9.8)          1.8s
  307      1215.5       354.1    0.4266   1.00   0.50    -9.8100  lv4(-9.8)          1.8s
  308      1281.6       433.3    0.4240   1.00   0.50    -9.8100  lv4(-9.8)          2.3s
  309      1246.7       382.8    0.4215   1.00   0.50    -9.8100  lv4(-9.8)          2.0s
  [probe] gen=310 score=908.7 net=4.065 fell=0.200
  310       991.4       269.1    0.4192   1.00   0.50    -9.8100  lv4(-9.8)          1.9s
  311      1129.2       292.6    0.4171   1.00   0.50    -9.8100  lv4(-9.8)          1.9s
  312      1393.6       382.8    0.4152   1.00   0.50    -9.8100  lv4(-9.8)          2.1s
  313       853.8       251.5    0.4133   1.00   0.50    -9.8100  lv4(-9.8)          1.7s
  314      1065.1       363.9    0.4113   1.00   0.50    -9.8100  lv4(-9.8)          2.0s
  315      1303.0       458.8    0.4094   1.00   0.50    -9.8100  lv4(-9.8)          2.5s
  316      1101.3       412.4    0.4077   1.00   0.50    -9.8100  lv4(-9.8)          2.2s
  317      1078.7       441.5    0.4060   1.00   0.50    -9.8100  lv4(-9.8)          2.0s
  318      1569.3       440.4    0.4043   1.00   0.50    -9.8100  lv4(-9.8)          2.2s
  319      1472.7       431.7    0.4025   1.00   0.50    -9.8100  lv4(-9.8)          2.1s
  [probe] gen=320 score=1122.0 net=5.349 fell=0.400 [new best earth]
  320      1084.2       403.5    0.4009   1.00   0.50    -9.8100  lv4(-9.8)          1.9s
  321      1190.3       345.5    0.3995   1.00   0.50    -9.8100  lv4(-9.8)          1.9s
  322      1476.2       450.0    0.3981   1.00   0.50    -9.8100  lv4(-9.8)          2.1s
  323      1309.1       505.3    0.3972   1.00   0.50    -9.8100  lv4(-9.8)          2.1s
  324      1118.1       402.0    0.3961   1.00   0.50    -9.8100  lv4(-9.8)          2.1s
  [plot] Saved fitness curve → experiments/thesis/adaptive_progression/seed_05/fitness_curve.png
  325       872.3       433.2    0.3953   1.00   0.50    -9.8100  lv4(-9.8)          2.5s
  326      1159.6       408.6    0.3945   1.00   0.50    -9.8100  lv4(-9.8)          2.4s
  327      1135.1       439.2    0.3936   1.00   0.50    -9.8100  lv4(-9.8)          2.7s
  328      1124.0       378.9    0.3927   1.00   0.50    -9.8100  lv4(-9.8)          1.8s
  329      1080.3       461.6    0.3920   1.00   0.50    -9.8100  lv4(-9.8)          2.2s
  [probe] gen=330 score=1111.8 net=5.752 fell=0.600
  330      1333.9       407.4    0.3914   1.00   0.50    -9.8100  lv4(-9.8)          1.9s
  331       883.7       431.5    0.3909   1.00   0.50    -9.8100  lv4(-9.8)          2.0s
  332       980.6       456.9    0.3903   1.00   0.50    -9.8100  lv4(-9.8)          1.9s
  333      1627.5       556.8    0.3899   1.00   0.50    -9.8100  lv4(-9.8)          2.7s
  334       837.4       445.3    0.3896   1.00   0.50    -9.8100  lv4(-9.8)          2.1s
  335      1350.0       576.0    0.3892   1.00   0.50    -9.8100  lv4(-9.8)          2.5s
  336      1561.1       534.2    0.3890   1.00   0.50    -9.8100  lv4(-9.8)          2.3s
  337      1045.7       483.6    0.3886   1.00   0.50    -9.8100  lv4(-9.8)          2.4s
  338      1306.1       542.4    0.3883   1.00   0.50    -9.8100  lv4(-9.8)          1.9s
  339      1673.0       587.6    0.3880   1.00   0.50    -9.8100  lv4(-9.8)          2.3s
  [probe] gen=340 score=705.1 net=4.123 fell=1.000
  340      1258.0       552.4    0.3879   1.00   0.50    -9.8100  lv4(-9.8)          2.2s
  341      1428.6       552.7    0.3879   1.00   0.50    -9.8100  lv4(-9.8)          2.4s
  342      1556.1       499.3    0.3879   1.00   0.50    -9.8100  lv4(-9.8)          2.4s
  343      1466.9       605.9    0.3880   1.00   0.50    -9.8100  lv4(-9.8)          2.6s
  344      1597.8       520.8    0.3880   1.00   0.50    -9.8100  lv4(-9.8)          2.3s
  345      1241.1       464.0    0.3879   1.00   0.50    -9.8100  lv4(-9.8)          2.2s
  346      1332.9       530.2    0.3878   1.00   0.50    -9.8100  lv4(-9.8)          2.1s
  347      1714.4       590.6    0.3876   1.00   0.50    -9.8100  lv4(-9.8)          2.2s
  348      1510.0       636.6    0.3874   1.00   0.50    -9.8100  lv4(-9.8)          2.6s
  349      1421.2       538.2    0.3870   1.00   0.50    -9.8100  lv4(-9.8)          2.1s
  [probe] gen=350 score=1701.9 net=8.476 fell=0.300 [new best earth]
  [plot] Saved fitness curve → experiments/thesis/adaptive_progression/seed_05/fitness_curve.png
  350      1719.6       649.1    0.3868   1.00   0.50    -9.8100  lv4(-9.8)          2.4s
  351      1274.5       589.0    0.3867   1.00   0.50    -9.8100  lv4(-9.8)          2.1s
  352      1583.9       656.7    0.3865   1.00   0.50    -9.8100  lv4(-9.8)          2.5s
  353      1602.6       648.3    0.3862   1.00   0.50    -9.8100  lv4(-9.8)          2.2s
  354      1582.8       604.4    0.3859   1.00   0.50    -9.8100  lv4(-9.8)          2.0s
  355      1738.2       705.7    0.3856   1.00   0.50    -9.8100  lv4(-9.8)          2.4s
  356      1545.0       765.1    0.3853   1.00   0.50    -9.8100  lv4(-9.8)          2.4s
  357      1649.4       647.0    0.3848   1.00   0.50    -9.8100  lv4(-9.8)          2.3s
  358      1538.1       547.4    0.3844   1.00   0.50    -9.8100  lv4(-9.8)          2.0s
  359      1422.2       520.7    0.3841   1.00   0.50    -9.8100  lv4(-9.8)          2.0s
  [probe] gen=360 score=1370.5 net=7.304 fell=0.600
  360      1759.3       636.9    0.3838   1.00   0.50    -9.8100  lv4(-9.8)          2.0s
  361      1534.5       546.7    0.3836   1.00   0.50    -9.8100  lv4(-9.8)          1.7s
  362      1776.6       732.8    0.3834   1.00   0.50    -9.8100  lv4(-9.8)          2.3s
  363      1785.3       784.9    0.3833   1.00   0.50    -9.8100  lv4(-9.8)          2.5s
  364      1645.5       630.9    0.3834   1.00   0.50    -9.8100  lv4(-9.8)          2.0s
  365      1872.5       472.5    0.3835   1.00   0.50    -9.8100  lv4(-9.8)          1.7s
  366      1596.6       656.7    0.3835   1.00   0.50    -9.8100  lv4(-9.8)          2.2s
  367      1616.1       686.0    0.3835   1.00   0.50    -9.8100  lv4(-9.8)          2.3s
  368      1793.0       703.1    0.3836   1.00   0.50    -9.8100  lv4(-9.8)          2.2s
  369      1464.9       517.3    0.3834   1.00   0.50    -9.8100  lv4(-9.8)          1.9s
  [probe] gen=370 score=1616.5 net=8.059 fell=0.400
  370      1778.7       761.1    0.3831   1.00   0.50    -9.8100  lv4(-9.8)          2.6s
  371      1603.6       635.2    0.3829   1.00   0.50    -9.8100  lv4(-9.8)          2.2s
  372      1435.8       606.6    0.3826   1.00   0.50    -9.8100  lv4(-9.8)          2.0s
  373      1466.3       627.8    0.3825   1.00   0.50    -9.8100  lv4(-9.8)          2.4s
  374      1622.2       593.4    0.3824   1.00   0.50    -9.8100  lv4(-9.8)          2.0s
  [plot] Saved fitness curve → experiments/thesis/adaptive_progression/seed_05/fitness_curve.png
  375      1340.7       545.8    0.3822   1.00   0.50    -9.8100  lv4(-9.8)          2.3s
  376      1504.7       661.2    0.3820   1.00   0.50    -9.8100  lv4(-9.8)          2.4s
  377      1701.4       674.1    0.3817   1.00   0.50    -9.8100  lv4(-9.8)          2.2s
  378      1931.4       679.7    0.3814   1.00   0.50    -9.8100  lv4(-9.8)          2.4s
  379      1686.2       774.4    0.3811   1.00   0.50    -9.8100  lv4(-9.8)          2.5s
  [probe] gen=380 score=1444.2 net=6.996 fell=0.100
  380      1491.3       608.6    0.3807   1.00   0.50    -9.8100  lv4(-9.8)          2.1s
  381      1449.9       634.5    0.3803   1.00   0.50    -9.8100  lv4(-9.8)          2.3s
  382      1525.1       702.3    0.3799   1.00   0.50    -9.8100  lv4(-9.8)          2.4s
  383      1517.6       718.0    0.3796   1.00   0.50    -9.8100  lv4(-9.8)          2.5s
  384      1708.8       598.7    0.3792   1.00   0.50    -9.8100  lv4(-9.8)          2.3s
  385      1630.1       620.5    0.3785   1.00   0.50    -9.8100  lv4(-9.8)          2.1s
  386      1391.0       679.3    0.3781   1.00   0.50    -9.8100  lv4(-9.8)          2.1s
  387      1611.5       685.3    0.3778   1.00   0.50    -9.8100  lv4(-9.8)          2.7s
  388      1570.6       695.9    0.3774   1.00   0.50    -9.8100  lv4(-9.8)          2.6s
  389      1461.5       654.9    0.3770   1.00   0.50    -9.8100  lv4(-9.8)          2.4s
  [probe] gen=390 score=1562.5 net=7.988 fell=0.400
  390      1787.4       707.5    0.3767   1.00   0.50    -9.8100  lv4(-9.8)          2.3s
  391      1520.1       659.0    0.3764   1.00   0.50    -9.8100  lv4(-9.8)          2.2s
  392      1619.2       721.4    0.3762   1.00   0.50    -9.8100  lv4(-9.8)          2.3s
  393      1788.1       751.5    0.3762   1.00   0.50    -9.8100  lv4(-9.8)          2.5s
  394      1660.6       742.6    0.3762   1.00   0.50    -9.8100  lv4(-9.8)          2.4s
  395      1525.7       649.3    0.3762   1.00   0.50    -9.8100  lv4(-9.8)          2.2s
  396      1749.6       653.1    0.3762   1.00   0.50    -9.8100  lv4(-9.8)          2.3s
  397      1822.0       593.7    0.3762   1.00   0.50    -9.8100  lv4(-9.8)          1.9s
  398      1723.7       657.8    0.3761   1.00   0.50    -9.8100  lv4(-9.8)          2.0s
  399      1497.6       642.2    0.3761   1.00   0.50    -9.8100  lv4(-9.8)          2.1s
  [probe] gen=400 score=1589.7 net=8.332 fell=0.400
  [plot] Saved fitness curve → experiments/thesis/adaptive_progression/seed_05/fitness_curve.png
  400      1911.0       715.7    0.3763   1.00   0.50    -9.8100  lv4(-9.8)          2.2s
  401      1824.0       790.5    0.3763   1.00   0.50    -9.8100  lv4(-9.8)          2.3s
  402      1776.3       778.8    0.3763   1.00   0.50    -9.8100  lv4(-9.8)          2.4s
  403      1796.3       730.4    0.3764   1.00   0.50    -9.8100  lv4(-9.8)          2.3s
  404      1682.7       711.9    0.3766   1.00   0.50    -9.8100  lv4(-9.8)          2.2s
  405      1961.5       680.5    0.3768   1.00   0.50    -9.8100  lv4(-9.8)          2.4s
  406      1757.4       704.9    0.3770   1.00   0.50    -9.8100  lv4(-9.8)          2.3s
  407      1414.3       571.6    0.3773   1.00   0.50    -9.8100  lv4(-9.8)          2.1s
  408      1519.4       697.8    0.3776   1.00   0.50    -9.8100  lv4(-9.8)          2.6s
  409      1757.6       863.9    0.3778   1.00   0.50    -9.8100  lv4(-9.8)          2.6s
  [probe] gen=410 score=1395.4 net=7.032 fell=0.400
  410      1534.6       690.1    0.3780   1.00   0.50    -9.8100  lv4(-9.8)          2.2s
  411      1842.5       775.6    0.3780   1.00   0.50    -9.8100  lv4(-9.8)          2.3s
  412      1507.4       688.5    0.3781   1.00   0.50    -9.8100  lv4(-9.8)          2.3s
  413      1537.5       698.8    0.3780   1.00   0.50    -9.8100  lv4(-9.8)          2.3s
  414      1682.9       851.5    0.3779   1.00   0.50    -9.8100  lv4(-9.8)          2.6s
  415      1945.4       829.9    0.3777   1.00   0.50    -9.8100  lv4(-9.8)          2.6s
  416      1573.7       695.9    0.3773   1.00   0.50    -9.8100  lv4(-9.8)          2.3s
  417      1876.4       872.4    0.3771   1.00   0.50    -9.8100  lv4(-9.8)          2.7s
  418      1421.8       721.2    0.3770   1.00   0.50    -9.8100  lv4(-9.8)          2.3s
  419      1631.5       808.5    0.3768   1.00   0.50    -9.8100  lv4(-9.8)          2.4s
  [probe] gen=420 score=1159.0 net=6.720 fell=0.900
  420      1784.8       745.4    0.3769   1.00   0.50    -9.8100  lv4(-9.8)          2.5s
  421      1799.0       842.3    0.3770   1.00   0.50    -9.8100  lv4(-9.8)          2.5s
  422      1600.0       749.5    0.3772   1.00   0.50    -9.8100  lv4(-9.8)          2.4s
  423      1671.1       722.2    0.3772   1.00   0.50    -9.8100  lv4(-9.8)          2.4s
  424      1777.7       749.8    0.3772   1.00   0.50    -9.8100  lv4(-9.8)          2.2s
  [plot] Saved fitness curve → experiments/thesis/adaptive_progression/seed_05/fitness_curve.png
  425      1583.7       797.1    0.3773   1.00   0.50    -9.8100  lv4(-9.8)          2.4s
  426      1725.9       861.2    0.3774   1.00   0.50    -9.8100  lv4(-9.8)          2.8s
  427      1762.0       808.3    0.3775   1.00   0.50    -9.8100  lv4(-9.8)          2.4s
  428      1924.9       740.3    0.3776   1.00   0.50    -9.8100  lv4(-9.8)          2.2s
  429      1767.4       862.5    0.3777   1.00   0.50    -9.8100  lv4(-9.8)          2.5s
  [probe] gen=430 score=1246.0 net=6.590 fell=0.700
  430      1705.9       755.6    0.3776   1.00   0.50    -9.8100  lv4(-9.8)          2.5s
  431      1785.8       756.0    0.3776   1.00   0.50    -9.8100  lv4(-9.8)          2.1s
  432      1626.1       799.5    0.3775   1.00   0.50    -9.8100  lv4(-9.8)          2.2s
  433      1664.3       763.2    0.3773   1.00   0.50    -9.8100  lv4(-9.8)          2.3s
  434      1720.1       688.2    0.3771   1.00   0.50    -9.8100  lv4(-9.8)          2.1s
  435      1690.6       753.5    0.3769   1.00   0.50    -9.8100  lv4(-9.8)          2.5s
  436      1819.3       765.9    0.3766   1.00   0.50    -9.8100  lv4(-9.8)          2.5s
  437      1805.5       679.1    0.3763   1.00   0.50    -9.8100  lv4(-9.8)          2.1s
  438      1678.3       684.8    0.3761   1.00   0.50    -9.8100  lv4(-9.8)          2.1s
  439      1406.2       596.5    0.3758   1.00   0.50    -9.8100  lv4(-9.8)          1.9s
  [probe] gen=440 score=963.7 net=5.225 fell=0.800
  440      1618.7       814.5    0.3755   1.00   0.50    -9.8100  lv4(-9.8)          2.4s
  441      1580.3       679.3    0.3752   1.00   0.50    -9.8100  lv4(-9.8)          2.0s
  442      1688.2       682.4    0.3751   1.00   0.50    -9.8100  lv4(-9.8)          2.0s
  443      1567.2       789.1    0.3750   1.00   0.50    -9.8100  lv4(-9.8)          2.3s
  444      1550.4       692.0    0.3748   1.00   0.50    -9.8100  lv4(-9.8)          2.4s
  445      1626.4       825.6    0.3748   1.00   0.50    -9.8100  lv4(-9.8)          2.5s
  446      1731.9       882.9    0.3746   1.00   0.50    -9.8100  lv4(-9.8)          2.9s
  447      2008.0       937.2    0.3745   1.00   0.50    -9.8100  lv4(-9.8)          2.6s
  448      1825.6       712.0    0.3744   1.00   0.50    -9.8100  lv4(-9.8)          2.1s
  449      1653.4       851.4    0.3742   1.00   0.50    -9.8100  lv4(-9.8)          2.5s
  [probe] gen=450 score=1680.2 net=8.215 fell=0.300
  [plot] Saved fitness curve → experiments/thesis/adaptive_progression/seed_05/fitness_curve.png
  450      1746.9       791.8    0.3739   1.00   0.50    -9.8100  lv4(-9.8)          2.1s
  451      1793.8       676.0    0.3737   1.00   0.50    -9.8100  lv4(-9.8)          2.1s
  452      1909.9       733.6    0.3736   1.00   0.50    -9.8100  lv4(-9.8)          2.1s
  453      1497.5       637.2    0.3735   1.00   0.50    -9.8100  lv4(-9.8)          1.9s
  454      1614.6       658.9    0.3734   1.00   0.50    -9.8100  lv4(-9.8)          2.1s
  455      1521.5       771.2    0.3733   1.00   0.50    -9.8100  lv4(-9.8)          2.2s
  456      1743.5       772.1    0.3732   1.00   0.50    -9.8100  lv4(-9.8)          2.2s
  457      1617.4       853.8    0.3730   1.00   0.50    -9.8100  lv4(-9.8)          2.5s
  458      1635.5       900.9    0.3729   1.00   0.50    -9.8100  lv4(-9.8)          2.8s
  459      1674.2       711.3    0.3727   1.00   0.50    -9.8100  lv4(-9.8)          2.4s
  [probe] gen=460 score=1792.0 net=8.952 fell=0.000 [new best earth]
  460      1806.0       748.7    0.3723   1.00   0.50    -9.8100  lv4(-9.8)          1.9s
  461      1605.3       770.9    0.3721   1.00   0.50    -9.8100  lv4(-9.8)          2.2s
  462      1608.3       764.0    0.3719   1.00   0.50    -9.8100  lv4(-9.8)          2.3s
  463      1615.4       927.8    0.3720   1.00   0.50    -9.8100  lv4(-9.8)          2.9s
  464      1776.6       827.3    0.3721   1.00   0.50    -9.8100  lv4(-9.8)          2.3s
  465      1677.2       735.6    0.3722   1.00   0.50    -9.8100  lv4(-9.8)          2.2s
  466      1512.0       776.5    0.3722   1.00   0.50    -9.8100  lv4(-9.8)          2.4s
  467      1820.5       795.7    0.3722   1.00   0.50    -9.8100  lv4(-9.8)          2.6s
  468      1710.9       957.2    0.3723   1.00   0.50    -9.8100  lv4(-9.8)          2.7s
  469      1747.1       801.0    0.3723   1.00   0.50    -9.8100  lv4(-9.8)          2.4s
  [probe] gen=470 score=1408.7 net=7.303 fell=0.500
  470      1710.1       949.4    0.3723   1.00   0.50    -9.8100  lv4(-9.8)          2.7s
  471      1840.3       778.8    0.3723   1.00   0.50    -9.8100  lv4(-9.8)          2.2s
  472      1659.8       826.4    0.3724   1.00   0.50    -9.8100  lv4(-9.8)          2.7s
  473      1609.0       777.4    0.3722   1.00   0.50    -9.8100  lv4(-9.8)          2.3s
  474      1723.0       732.6    0.3723   1.00   0.50    -9.8100  lv4(-9.8)          2.1s
  [plot] Saved fitness curve → experiments/thesis/adaptive_progression/seed_05/fitness_curve.png
  475      1749.7       713.3    0.3725   1.00   0.50    -9.8100  lv4(-9.8)          2.2s
  476      1658.0       818.4    0.3725   1.00   0.50    -9.8100  lv4(-9.8)          2.4s
  477      1626.5       817.1    0.3726   1.00   0.50    -9.8100  lv4(-9.8)          2.7s
  478      1828.5       850.0    0.3727   1.00   0.50    -9.8100  lv4(-9.8)          2.5s
  479      1853.0       822.4    0.3726   1.00   0.50    -9.8100  lv4(-9.8)          2.5s
  [probe] gen=480 score=771.4 net=4.463 fell=0.900
  480      1809.3       789.8    0.3726   1.00   0.50    -9.8100  lv4(-9.8)          2.1s
  481      1589.4       814.3    0.3725   1.00   0.50    -9.8100  lv4(-9.8)          2.1s
  482      1595.7       915.2    0.3722   1.00   0.50    -9.8100  lv4(-9.8)          2.8s
  483      1636.0       831.6    0.3719   1.00   0.50    -9.8100  lv4(-9.8)          2.5s
  484      1718.5       905.8    0.3714   1.00   0.50    -9.8100  lv4(-9.8)          2.6s
  485      1927.6       870.5    0.3708   1.00   0.50    -9.8100  lv4(-9.8)          2.6s
  486      1690.7       948.9    0.3701   1.00   0.50    -9.8100  lv4(-9.8)          2.8s
  487      1638.7       842.6    0.3695   1.00   0.50    -9.8100  lv4(-9.8)          2.3s
  488      1761.5       721.9    0.3688   1.00   0.50    -9.8100  lv4(-9.8)          1.9s
  489      1599.6       814.5    0.3681   1.00   0.50    -9.8100  lv4(-9.8)          2.4s
  [probe] gen=490 score=1570.9 net=8.096 fell=0.400
  490      1856.1       863.6    0.3675   1.00   0.50    -9.8100  lv4(-9.8)          2.3s
  491      1935.4       841.5    0.3668   1.00   0.50    -9.8100  lv4(-9.8)          2.2s
  492      1925.7       855.5    0.3663   1.00   0.50    -9.8100  lv4(-9.8)          2.2s
  493      1783.2       898.0    0.3657   1.00   0.50    -9.8100  lv4(-9.8)          2.4s
  494      1876.3       879.1    0.3651   1.00   0.50    -9.8100  lv4(-9.8)          2.2s
  495      1782.5       990.0    0.3645   1.00   0.50    -9.8100  lv4(-9.8)          2.8s
  496      1718.3       769.0    0.3639   1.00   0.50    -9.8100  lv4(-9.8)          2.3s
  497      1840.3       840.4    0.3633   1.00   0.50    -9.8100  lv4(-9.8)          2.1s
  498      1837.9       809.7    0.3628   1.00   0.50    -9.8100  lv4(-9.8)          2.5s
  499      1615.0       722.9    0.3622   1.00   0.50    -9.8100  lv4(-9.8)          2.2s
  [plot] Saved fitness curve → experiments/thesis/adaptive_progression/seed_05/fitness_curve.png

Training complete. Best fitness: 2008.0
Best params → experiments/thesis/adaptive_progression/seed_05/checkpoints/best_params.npy
Fitness curve → experiments/thesis/adaptive_progression/seed_05/fitness_curve.png
Eval params  → best_earth_params (earth probe score: 1792.0)
Final Earth scorecard | score=1561.8 net=7.946 fell=0.250
Gravity sweep | gravities=5 mean_net=7.133 worst_net=5.142
  [exp] Wrote experiments/thesis/adaptive_progression/seed_05/experiment.json
  [exp] Wrote experiments/thesis/adaptive_progression/seed_05/training_log.csv
  [exp] Wrote experiments/thesis/adaptive_progression/seed_05/earth_probe.csv
  [exp] Wrote experiments/thesis/adaptive_progression/seed_05/gravity_sweep.csv
  [exp] Wrote experiments/thesis/adaptive_progression/seed_05/summary.json
