Walker2d-v5 | policy=CPG  params=504
Curriculum   : GradualTransition  gravity -1.6 → -9.81  warmup=20%
Run context | seed=6 arm=gradual_transition run_id=gradual_transition_seed_06

Schedule | penalty_min=0.20 penalty_ramp_gen=200 corr_min=0.00 corr_max=0.50 corr_ramp_gen=200

Starting CMA-ES | pop=40 | sigma0=0.5 | max_gen=500 | workers=8 | seed=6
Checkpoints → experiments/thesis/gradual_transition/seed_06/checkpoints/

  Gen        Best        Mean     Sigma    Pen   Corr    Gravity  Phase              Time
------------------------------------------------------------------------------------
  [probe] gen=0 score=-354.8 net=-0.080 fell=1.000 [new best earth]
  [plot] Saved fitness curve → experiments/thesis/gradual_transition/seed_06/fitness_curve.png
    0       -58.0       -79.6    0.4902   0.20   0.00    -1.6000  warmup             1.5s
    1       -64.9       -78.2    0.4819   0.20   0.00    -1.6000  warmup             0.1s
    2       -57.7       -77.8    0.4745   0.21   0.01    -1.6000  warmup             0.2s
    3        -7.0       -71.8    0.4677   0.21   0.01    -1.6000  warmup             0.2s
    4       -13.6       -73.4    0.4616   0.22   0.01    -1.6000  warmup             0.2s
    5       -64.7       -79.3    0.4560   0.22   0.01    -1.6000  warmup             0.2s
    6       -55.5       -75.4    0.4509   0.22   0.01    -1.6000  warmup             0.2s
    7       -57.8       -72.5    0.4462   0.23   0.02    -1.6000  warmup             0.2s
    8       -61.4       -75.1    0.4420   0.23   0.02    -1.6000  warmup             0.2s
    9       -33.5       -71.1    0.4381   0.24   0.02    -1.6000  warmup             0.2s
  [probe] gen=10 score=-384.9 net=-0.113 fell=1.000
   10       -58.8       -73.7    0.4346   0.24   0.03    -1.6000  warmup             0.2s
   11       -54.3       -75.1    0.4313   0.24   0.03    -1.6000  warmup             0.2s
   12       -60.5       -75.3    0.4283   0.25   0.03    -1.6000  warmup             0.3s
   13       -53.6       -73.7    0.4253   0.25   0.03    -1.6000  warmup             0.3s
   14       -56.0       -74.9    0.4226   0.26   0.04    -1.6000  warmup             0.3s
   15       -17.1       -72.9    0.4200   0.26   0.04    -1.6000  warmup             0.3s
   16       -10.7       -77.5    0.4175   0.26   0.04    -1.6000  warmup             0.3s
   17       -50.5       -76.0    0.4153   0.27   0.04    -1.6000  warmup             0.3s
   18        -2.1       -70.2    0.4133   0.27   0.04    -1.6000  warmup             0.4s
   19        -6.7       -66.4    0.4115   0.28   0.05    -1.6000  warmup             0.4s
  [probe] gen=20 score=-356.3 net=-0.098 fell=1.000
   20        19.8       -65.4    0.4100   0.28   0.05    -1.6000  warmup             0.4s
   21       111.1       -63.3    0.4088   0.28   0.05    -1.6000  warmup             0.4s
   22        36.9       -51.0    0.4075   0.29   0.06    -1.6000  warmup             0.4s
   23        72.2       -62.3    0.4063   0.29   0.06    -1.6000  warmup             0.4s
   24        59.7       -57.0    0.4050   0.30   0.06    -1.6000  warmup             0.5s
  [plot] Saved fitness curve → experiments/thesis/gradual_transition/seed_06/fitness_curve.png
   25        16.8       -68.4    0.4038   0.30   0.06    -1.6000  warmup             0.4s
   26        68.9       -50.0    0.4027   0.30   0.07    -1.6000  warmup             0.5s
   27        66.1       -67.0    0.4015   0.31   0.07    -1.6000  warmup             0.4s
   28       168.3       -45.0    0.4001   0.31   0.07    -1.6000  warmup             0.5s
   29        58.2       -43.4    0.3987   0.32   0.07    -1.6000  warmup             0.5s
  [probe] gen=30 score=-164.8 net=0.354 fell=1.000 [new best earth]
   30        43.9       -47.1    0.3974   0.32   0.07    -1.6000  warmup             0.5s
   31        68.1       -27.0    0.3961   0.32   0.08    -1.6000  warmup             0.5s
   32       307.3       -38.9    0.3949   0.33   0.08    -1.6000  warmup             0.5s
   33       189.3       -41.0    0.3939   0.33   0.08    -1.6000  warmup             0.6s
   34        91.1       -40.1    0.3929   0.34   0.09    -1.6000  warmup             0.7s
   35       109.7       -51.6    0.3921   0.34   0.09    -1.6000  warmup             0.6s
   36       109.8       -47.4    0.3914   0.34   0.09    -1.6000  warmup             0.6s
   37        52.1       -64.1    0.3906   0.35   0.09    -1.6000  warmup             0.6s
   38       133.1       -57.7    0.3898   0.35   0.10    -1.6000  warmup             0.6s
   39       109.1       -51.5    0.3891   0.36   0.10    -1.6000  warmup             0.6s
  [probe] gen=40 score=-355.0 net=-0.227 fell=1.000
   40        77.5       -43.5    0.3886   0.36   0.10    -1.6000  warmup             0.6s
   41       141.8       -48.6    0.3882   0.36   0.10    -1.6000  warmup             0.6s
   42        74.5       -46.9    0.3878   0.37   0.10    -1.6000  warmup             0.6s
   43       149.7       -48.7    0.3873   0.37   0.11    -1.6000  warmup             0.7s
   44        86.0       -62.9    0.3869   0.38   0.11    -1.6000  warmup             0.5s
   45       135.6       -73.8    0.3866   0.38   0.11    -1.6000  warmup             0.5s
   46        92.8       -64.1    0.3863   0.38   0.12    -1.6000  warmup             0.6s
   47        47.4       -54.4    0.3860   0.39   0.12    -1.6000  warmup             0.7s
   48        93.7       -46.3    0.3857   0.39   0.12    -1.6000  warmup             0.7s
   49        49.4       -51.5    0.3852   0.40   0.12    -1.6000  warmup             0.7s
  [probe] gen=50 score=-189.9 net=0.168 fell=1.000
  [plot] Saved fitness curve → experiments/thesis/gradual_transition/seed_06/fitness_curve.png
   50        28.8       -65.5    0.3848   0.40   0.12    -1.6000  warmup             0.7s
   51       118.3       -40.7    0.3845   0.40   0.13    -1.6000  warmup             0.7s
   52       183.2       -52.6    0.3843   0.41   0.13    -1.6000  warmup             0.7s
   53        40.7       -94.7    0.3842   0.41   0.13    -1.6000  warmup             0.6s
   54       104.7       -49.0    0.3841   0.42   0.14    -1.6000  warmup             0.7s
   55       133.6       -52.9    0.3839   0.42   0.14    -1.6000  warmup             0.7s
   56       156.6       -41.4    0.3839   0.42   0.14    -1.6000  warmup             0.8s
   57       142.4       -35.2    0.3839   0.43   0.14    -1.6000  warmup             0.7s
   58       275.2       -18.4    0.3838   0.43   0.14    -1.6000  warmup             1.0s
   59       354.6       -51.1    0.3838   0.44   0.15    -1.6000  warmup             0.8s
  [probe] gen=60 score=-378.8 net=-0.598 fell=1.000
   60       208.7       -58.2    0.3837   0.44   0.15    -1.6000  warmup             0.7s
   61       198.0       -39.8    0.3835   0.44   0.15    -1.6000  warmup             0.7s
   62        93.3       -42.1    0.3833   0.45   0.15    -1.6000  warmup             0.8s
   63       101.9       -70.5    0.3830   0.45   0.16    -1.6000  warmup             0.9s
   64       217.4       -33.8    0.3827   0.46   0.16    -1.6000  warmup             0.9s
   65       218.6       -67.1    0.3824   0.46   0.16    -1.6000  warmup             0.8s
   66       117.5       -67.1    0.3821   0.46   0.17    -1.6000  warmup             0.7s
   67       176.3       -64.6    0.3817   0.47   0.17    -1.6000  warmup             0.8s
   68       219.2       -50.5    0.3816   0.47   0.17    -1.6000  warmup             0.8s
   69       199.8       -24.5    0.3816   0.48   0.17    -1.6000  warmup             0.8s
  [probe] gen=70 score=-250.2 net=-0.172 fell=1.000
   70       141.4       -10.8    0.3815   0.48   0.17    -1.6000  warmup             0.8s
   71       180.7       -24.5    0.3815   0.48   0.18    -1.6000  warmup             0.9s
   72       292.7       -30.2    0.3816   0.49   0.18    -1.6000  warmup             1.1s
   73       439.0       -42.9    0.3817   0.49   0.18    -1.6000  warmup             0.9s
   74       260.9       -12.2    0.3817   0.50   0.18    -1.6000  warmup             1.0s
  [plot] Saved fitness curve → experiments/thesis/gradual_transition/seed_06/fitness_curve.png
   75       488.0       -26.3    0.3819   0.50   0.19    -1.6000  warmup             1.0s
   76       204.4       -26.7    0.3821   0.50   0.19    -1.6000  warmup             0.9s
   77       264.3       -10.0    0.3824   0.51   0.19    -1.6000  warmup             1.0s
   78       439.7         4.9    0.3826   0.51   0.20    -1.6000  warmup             1.0s
   79       430.4       -29.2    0.3827   0.52   0.20    -1.6000  warmup             0.9s
  [probe] gen=80 score=-365.5 net=-0.406 fell=1.000
   80       294.7        14.1    0.3825   0.52   0.20    -1.6000  warmup             1.1s
   81       277.0        11.5    0.3825   0.52   0.20    -1.6000  warmup             1.0s
   82       198.6       -18.7    0.3825   0.53   0.20    -1.6000  warmup             1.2s
   83       313.2        10.7    0.3826   0.53   0.21    -1.6000  warmup             1.3s
   84       381.9        -6.2    0.3830   0.54   0.21    -1.6000  warmup             1.1s
   85       234.2         8.0    0.3833   0.54   0.21    -1.6000  warmup             1.2s
   86       498.8       -23.7    0.3836   0.54   0.21    -1.6000  warmup             1.0s
   87       325.7        -1.8    0.3840   0.55   0.22    -1.6000  warmup             1.1s
   88       386.0       -55.7    0.3842   0.55   0.22    -1.6000  warmup             1.0s
   89       309.9       -27.5    0.3845   0.56   0.22    -1.6000  warmup             0.9s
  [probe] gen=90 score=-304.8 net=-0.143 fell=1.000
   90       325.7       -19.5    0.3847   0.56   0.23    -1.6000  warmup             1.1s
   91       254.3       -26.4    0.3849   0.56   0.23    -1.6000  warmup             0.9s
   92       513.6       -24.4    0.3849   0.57   0.23    -1.6000  warmup             0.9s
   93       392.8       -24.4    0.3849   0.57   0.23    -1.6000  warmup             0.9s
   94       335.8       -50.0    0.3847   0.58   0.23    -1.6000  warmup             1.0s
   95       147.8       -33.9    0.3845   0.58   0.24    -1.6000  warmup             0.9s
   96       321.2       -37.8    0.3844   0.58   0.24    -1.6000  warmup             0.9s
   97       136.9       -59.2    0.3843   0.59   0.24    -1.6000  warmup             0.9s
   98       224.5       -15.5    0.3844   0.59   0.24    -1.6000  warmup             1.1s
   99       312.0       -14.2    0.3845   0.60   0.25    -1.6000  warmup             0.9s
  [probe] gen=100 score=-110.2 net=0.611 fell=1.000 [new best earth]
  [plot] Saved fitness curve → experiments/thesis/gradual_transition/seed_06/fitness_curve.png
  100       201.0       -32.5    0.3849   0.60   0.25    -1.6000  warmup             1.0s
  101       246.7       -33.1    0.3853   0.60   0.25    -1.6205  ramp 0%            1.0s
  102       443.9       -20.4    0.3858   0.61   0.26    -1.6411  ramp 0%            0.9s
  103       248.1        -2.1    0.3862   0.61   0.26    -1.6616  ramp 0%            1.0s
  104       198.8       -57.9    0.3868   0.62   0.26    -1.6821  ramp 1%            0.9s
  105       287.4       -50.7    0.3874   0.62   0.26    -1.7026  ramp 1%            0.9s
  106       147.1       -65.7    0.3880   0.62   0.27    -1.7232  ramp 1%            0.9s
  107       343.1        -7.3    0.3887   0.63   0.27    -1.7437  ramp 1%            1.0s
  108       262.8       -36.2    0.3894   0.63   0.27    -1.7642  ramp 2%            1.1s
  109       241.2       -46.1    0.3899   0.64   0.27    -1.7847  ramp 2%            0.9s
  [probe] gen=110 score=-176.6 net=0.188 fell=1.000
  110       333.8       -39.6    0.3905   0.64   0.28    -1.8053  ramp 2%            1.1s
  111       279.4       -86.6    0.3911   0.64   0.28    -1.8258  ramp 2%            0.8s
  112       246.0       -46.3    0.3917   0.65   0.28    -1.8463  ramp 3%            0.8s
  113       317.3       -31.2    0.3922   0.65   0.28    -1.8668  ramp 3%            1.0s
  114       342.9       -16.6    0.3927   0.66   0.28    -1.8874  ramp 3%            1.0s
  115       267.5       -55.4    0.3931   0.66   0.29    -1.9079  ramp 3%            1.0s
  116       376.3       -47.6    0.3935   0.66   0.29    -1.9284  ramp 4%            0.9s
  117       322.7       -55.8    0.3938   0.67   0.29    -1.9489  ramp 4%            1.0s
  118       343.3       -87.0    0.3940   0.67   0.29    -1.9695  ramp 4%            0.9s
  119       214.4       -94.9    0.3942   0.68   0.30    -1.9900  ramp 4%            0.8s
  [probe] gen=120 score=-29.1 net=0.821 fell=1.000 [new best earth]
  120       305.8       -58.1    0.3944   0.68   0.30    -2.0105  ramp 5%            0.8s
  121       226.8       -55.1    0.3945   0.68   0.30    -2.0310  ramp 5%            0.9s
  122       162.9       -65.4    0.3946   0.69   0.30    -2.0516  ramp 5%            0.8s
  123       281.8       -66.6    0.3946   0.69   0.31    -2.0721  ramp 5%            0.9s
  124       240.8       -48.6    0.3944   0.70   0.31    -2.0926  ramp 6%            0.9s
  [plot] Saved fitness curve → experiments/thesis/gradual_transition/seed_06/fitness_curve.png
  125       303.0       -34.6    0.3941   0.70   0.31    -2.1131  ramp 6%            1.0s
  126       218.3       -49.1    0.3939   0.70   0.32    -2.1337  ramp 6%            1.0s
  127       186.9       -53.1    0.3936   0.71   0.32    -2.1542  ramp 6%            1.0s
  128       290.5       -42.7    0.3935   0.71   0.32    -2.1747  ramp 7%            1.0s
  129       279.5       -39.4    0.3933   0.72   0.32    -2.1952  ramp 7%            1.0s
  [probe] gen=130 score=-38.0 net=0.846 fell=1.000
  130       269.1       -49.6    0.3931   0.72   0.33    -2.2157  ramp 7%            1.0s
  131       234.7       -47.8    0.3931   0.72   0.33    -2.2363  ramp 7%            0.9s
  132       329.7       -53.0    0.3933   0.73   0.33    -2.2568  ramp 8%            1.0s
  133       435.9       -87.3    0.3934   0.73   0.33    -2.2773  ramp 8%            1.0s
  134       213.5       -38.2    0.3935   0.74   0.34    -2.2979  ramp 8%            0.9s
  135       150.9       -76.3    0.3934   0.74   0.34    -2.3184  ramp 8%            0.9s
  136       202.4       -54.4    0.3934   0.74   0.34    -2.3389  ramp 9%            0.9s
  137       486.9       -46.4    0.3935   0.75   0.34    -2.3594  ramp 9%            0.9s
  138       195.3       -30.6    0.3935   0.75   0.34    -2.3800  ramp 9%            0.9s
  139       188.1       -91.8    0.3935   0.76   0.35    -2.4005  ramp 9%            0.9s
  [probe] gen=140 score=-80.9 net=0.638 fell=1.000
  140       357.7       -30.3    0.3934   0.76   0.35    -2.4210  ramp 10%           0.9s
  141       251.9       -51.1    0.3934   0.76   0.35    -2.4415  ramp 10%           0.9s
  142       206.9       -39.4    0.3935   0.77   0.35    -2.4621  ramp 10%           0.9s
  143       290.5       -31.6    0.3937   0.77   0.36    -2.4826  ramp 10%           0.8s
  144       247.8       -29.7    0.3936   0.78   0.36    -2.5031  ramp 11%           0.9s
  145       199.3       -44.8    0.3936   0.78   0.36    -2.5236  ramp 11%           0.9s
  146       246.1       -43.3    0.3933   0.78   0.36    -2.5442  ramp 11%           0.9s
  147       196.0       -39.7    0.3930   0.79   0.37    -2.5647  ramp 11%           0.9s
  148       235.2        -3.7    0.3927   0.79   0.37    -2.5852  ramp 12%           0.9s
  149       182.1       -71.9    0.3924   0.80   0.37    -2.6057  ramp 12%           0.9s
  [probe] gen=150 score=-19.2 net=0.884 fell=1.000 [new best earth]
  [plot] Saved fitness curve → experiments/thesis/gradual_transition/seed_06/fitness_curve.png
  150       201.0       -51.0    0.3922   0.80   0.38    -2.6263  ramp 12%           0.9s
  151       282.0       -35.9    0.3918   0.80   0.38    -2.6468  ramp 12%           1.0s
  152       269.9       -27.4    0.3914   0.81   0.38    -2.6673  ramp 13%           0.9s
  153       337.1       -34.0    0.3914   0.81   0.38    -2.6878  ramp 13%           1.0s
  154       116.9      -103.9    0.3913   0.82   0.39    -2.7084  ramp 13%           0.9s
  155       268.3       -44.8    0.3913   0.82   0.39    -2.7289  ramp 13%           0.9s
  156       224.8       -84.5    0.3913   0.82   0.39    -2.7494  ramp 14%           0.9s
  157       247.1       -67.8    0.3913   0.83   0.39    -2.7699  ramp 14%           0.9s
  158       232.1       -48.4    0.3913   0.83   0.40    -2.7904  ramp 14%           0.9s
  159       299.9       -33.8    0.3913   0.84   0.40    -2.8110  ramp 14%           0.9s
  [probe] gen=160 score=-55.3 net=0.752 fell=1.000
  160       271.2       -75.5    0.3911   0.84   0.40    -2.8315  ramp 15%           0.9s
  161       218.1       -48.5    0.3910   0.84   0.40    -2.8520  ramp 15%           0.8s
  162       259.7       -68.1    0.3909   0.85   0.41    -2.8726  ramp 15%           0.9s
  163       211.3       -52.0    0.3906   0.85   0.41    -2.8931  ramp 15%           0.8s
  164       289.1       -28.5    0.3903   0.86   0.41    -2.9136  ramp 16%           0.8s
  165       193.9       -66.1    0.3900   0.86   0.41    -2.9341  ramp 16%           0.9s
  166       240.1         7.6    0.3898   0.86   0.41    -2.9546  ramp 16%           0.9s
  167       275.7       -25.8    0.3895   0.87   0.42    -2.9752  ramp 16%           0.9s
  168       301.4       -69.3    0.3896   0.87   0.42    -2.9957  ramp 17%           1.1s
  169       284.9       -34.6    0.3896   0.88   0.42    -3.0162  ramp 17%           0.9s
  [probe] gen=170 score=-48.6 net=0.720 fell=1.000
  170       149.2       -92.0    0.3898   0.88   0.42    -3.0368  ramp 17%           0.9s
  171       319.2       -85.7    0.3899   0.88   0.43    -3.0573  ramp 17%           0.9s
  172       194.7       -86.0    0.3902   0.89   0.43    -3.0778  ramp 18%           0.9s
  173       283.5       -79.1    0.3905   0.89   0.43    -3.0983  ramp 18%           0.9s
  174       270.2       -82.3    0.3909   0.90   0.43    -3.1189  ramp 18%           0.9s
  [plot] Saved fitness curve → experiments/thesis/gradual_transition/seed_06/fitness_curve.png
  175       224.1       -58.1    0.3911   0.90   0.44    -3.1394  ramp 18%           0.9s
  176       164.0      -104.7    0.3912   0.90   0.44    -3.1599  ramp 19%           0.9s
  177       198.3       -73.1    0.3913   0.91   0.44    -3.1804  ramp 19%           1.0s
  178       378.9       -94.4    0.3915   0.91   0.45    -3.2010  ramp 19%           0.8s
  179       130.0       -53.3    0.3916   0.92   0.45    -3.2215  ramp 19%           0.9s
  [probe] gen=180 score=-22.2 net=0.879 fell=1.000
  180       151.4       -76.5    0.3918   0.92   0.45    -3.2420  ramp 20%           0.8s
  181       213.7       -81.2    0.3920   0.92   0.45    -3.2625  ramp 20%           0.8s
  182       169.7       -98.8    0.3920   0.93   0.46    -3.2831  ramp 20%           0.8s
  183       237.9       -43.3    0.3921   0.93   0.46    -3.3036  ramp 20%           1.0s
  184       200.3      -122.0    0.3923   0.94   0.46    -3.3241  ramp 21%           0.9s
  185       373.0       -76.9    0.3923   0.94   0.46    -3.3446  ramp 21%           1.0s
  186       195.5       -95.4    0.3923   0.94   0.47    -3.3652  ramp 21%           0.9s
  187       311.6       -96.3    0.3923   0.95   0.47    -3.3857  ramp 21%           0.9s
  188       182.2      -154.6    0.3922   0.95   0.47    -3.4062  ramp 22%           0.7s
  189       259.0      -122.6    0.3920   0.96   0.47    -3.4267  ramp 22%           0.9s
  [probe] gen=190 score=-19.7 net=0.833 fell=1.000
  190       223.3      -116.6    0.3918   0.96   0.47    -3.4473  ramp 22%           0.9s
  191       181.7      -101.4    0.3917   0.96   0.48    -3.4678  ramp 22%           0.8s
  192       179.5      -115.8    0.3914   0.97   0.48    -3.4883  ramp 23%           0.9s
  193       218.2      -133.6    0.3911   0.97   0.48    -3.5088  ramp 23%           0.8s
  194       292.3       -85.6    0.3910   0.98   0.48    -3.5293  ramp 23%           0.8s
  195       241.7      -105.3    0.3908   0.98   0.49    -3.5499  ramp 23%           0.9s
  196       288.2       -80.5    0.3907   0.98   0.49    -3.5704  ramp 24%           0.8s
  197       147.6       -88.3    0.3906   0.99   0.49    -3.5909  ramp 24%           0.8s
  198       104.2      -142.0    0.3905   0.99   0.49    -3.6115  ramp 24%           0.7s
  199       194.7      -137.2    0.3904   1.00   0.50    -3.6320  ramp 24%           0.9s
  [probe] gen=200 score=-31.2 net=0.832 fell=1.000
  [plot] Saved fitness curve → experiments/thesis/gradual_transition/seed_06/fitness_curve.png
  200       122.6      -127.1    0.3904   1.00   0.50    -3.6525  ramp 25%           0.8s
  201       296.8       -84.3    0.3904   1.00   0.50    -3.6730  ramp 25%           0.8s
  202       184.8       -83.7    0.3905   1.00   0.50    -3.6936  ramp 25%           0.9s
  203       321.1      -118.2    0.3906   1.00   0.50    -3.7141  ramp 25%           0.9s
  204       301.4       -81.1    0.3909   1.00   0.50    -3.7346  ramp 26%           0.9s
  205       200.0       -78.8    0.3910   1.00   0.50    -3.7551  ramp 26%           0.9s
  206       131.4       -81.5    0.3913   1.00   0.50    -3.7757  ramp 26%           0.9s
  207       101.9       -90.6    0.3914   1.00   0.50    -3.7962  ramp 26%           0.9s
  208       243.5       -51.1    0.3916   1.00   0.50    -3.8167  ramp 27%           0.9s
  209       286.1       -75.3    0.3917   1.00   0.50    -3.8372  ramp 27%           0.9s
  [probe] gen=210 score=-36.6 net=0.809 fell=1.000
  210       274.4      -100.4    0.3917   1.00   0.50    -3.8578  ramp 27%           1.0s
  211        73.0      -113.8    0.3916   1.00   0.50    -3.8783  ramp 27%           0.9s
  212       136.7       -91.7    0.3915   1.00   0.50    -3.8988  ramp 28%           0.9s
  213       225.0      -106.9    0.3913   1.00   0.50    -3.9193  ramp 28%           0.9s
  214       231.9       -64.5    0.3911   1.00   0.50    -3.9399  ramp 28%           0.9s
  215       208.9      -111.0    0.3910   1.00   0.50    -3.9604  ramp 28%           0.8s
  216       168.6      -148.7    0.3909   1.00   0.50    -3.9809  ramp 28%           0.9s
  217       299.4       -75.8    0.3907   1.00   0.50    -4.0014  ramp 29%           1.0s
  218       142.1      -138.7    0.3905   1.00   0.50    -4.0220  ramp 29%           0.9s
  219        31.9      -153.2    0.3903   1.00   0.50    -4.0425  ramp 29%           0.9s
  [probe] gen=220 score=-9.2 net=0.898 fell=1.000 [new best earth]
  220       150.5      -120.0    0.3902   1.00   0.50    -4.0630  ramp 30%           1.0s
  221       213.1       -80.4    0.3902   1.00   0.50    -4.0835  ramp 30%           1.0s
  222       103.0       -65.3    0.3900   1.00   0.50    -4.1041  ramp 30%           0.9s
  223       136.2       -62.2    0.3899   1.00   0.50    -4.1246  ramp 30%           0.8s
  224       347.7       -10.7    0.3898   1.00   0.50    -4.1451  ramp 31%           0.9s
  [plot] Saved fitness curve → experiments/thesis/gradual_transition/seed_06/fitness_curve.png
  225       205.0       -35.2    0.3898   1.00   0.50    -4.1656  ramp 31%           1.0s
  226       198.7        -1.0    0.3896   1.00   0.50    -4.1862  ramp 31%           0.9s
  227       217.2       -44.2    0.3894   1.00   0.50    -4.2067  ramp 31%           0.8s
  228       215.8       -30.4    0.3891   1.00   0.50    -4.2272  ramp 32%           0.9s
  229       186.0        -7.4    0.3888   1.00   0.50    -4.2477  ramp 32%           0.8s
  [probe] gen=230 score=-31.4 net=0.863 fell=1.000
  230       223.7       -19.8    0.3886   1.00   0.50    -4.2683  ramp 32%           0.9s
  231       253.4        -6.1    0.3884   1.00   0.50    -4.2888  ramp 32%           0.9s
  232       324.5       -48.4    0.3883   1.00   0.50    -4.3093  ramp 33%           0.7s
  233       212.5       -32.4    0.3883   1.00   0.50    -4.3298  ramp 33%           0.8s
  234       201.3       -22.9    0.3884   1.00   0.50    -4.3504  ramp 33%           0.8s
  235       176.3       -12.5    0.3886   1.00   0.50    -4.3709  ramp 33%           0.9s
  236       374.1        14.5    0.3886   1.00   0.50    -4.3914  ramp 34%           0.9s
  237       172.7       -10.6    0.3886   1.00   0.50    -4.4119  ramp 34%           0.9s
  238       230.4       -60.6    0.3886   1.00   0.50    -4.4325  ramp 34%           0.9s
  239       236.7       -14.8    0.3886   1.00   0.50    -4.4530  ramp 34%           0.9s
  [probe] gen=240 score=-22.4 net=0.903 fell=1.000
  240       300.6       -29.9    0.3886   1.00   0.50    -4.4735  ramp 35%           0.9s
  241       326.0       -24.4    0.3888   1.00   0.50    -4.4940  ramp 35%           0.9s
  242       174.6       -33.3    0.3890   1.00   0.50    -4.5145  ramp 35%           0.9s
  243       174.6       -58.5    0.3892   1.00   0.50    -4.5351  ramp 35%           0.9s
  244       278.3       -52.7    0.3894   1.00   0.50    -4.5556  ramp 36%           0.8s
  245       252.3       -19.4    0.3896   1.00   0.50    -4.5761  ramp 36%           0.8s
  246       254.9       -96.8    0.3896   1.00   0.50    -4.5967  ramp 36%           0.8s
  247       238.4       -65.2    0.3896   1.00   0.50    -4.6172  ramp 36%           0.9s
  248       288.9       -90.4    0.3896   1.00   0.50    -4.6377  ramp 37%           0.9s
  249       330.3       -98.8    0.3895   1.00   0.50    -4.6582  ramp 37%           1.0s
  [probe] gen=250 score=-27.1 net=0.874 fell=1.000
  [plot] Saved fitness curve → experiments/thesis/gradual_transition/seed_06/fitness_curve.png
  250       178.8       -83.8    0.3895   1.00   0.50    -4.6788  ramp 37%           0.8s
  251       261.6      -105.5    0.3894   1.00   0.50    -4.6993  ramp 37%           0.9s
  252       206.3       -35.3    0.3894   1.00   0.50    -4.7198  ramp 38%           0.9s
  253       227.7       -44.7    0.3896   1.00   0.50    -4.7403  ramp 38%           0.9s
  254       322.0        -1.2    0.3896   1.00   0.50    -4.7609  ramp 38%           0.9s
  255       252.4       -14.4    0.3896   1.00   0.50    -4.7814  ramp 38%           0.9s
  256       372.3       -23.5    0.3894   1.00   0.50    -4.8019  ramp 39%           0.9s
  257       280.4       -40.5    0.3894   1.00   0.50    -4.8224  ramp 39%           1.0s
  258       179.8      -108.4    0.3893   1.00   0.50    -4.8430  ramp 39%           0.9s
  259       333.6       -32.0    0.3893   1.00   0.50    -4.8635  ramp 39%           1.0s
  [probe] gen=260 score=-33.9 net=0.829 fell=1.000
  260       198.2      -145.5    0.3893   1.00   0.50    -4.8840  ramp 40%           1.0s
  261       321.8       -69.3    0.3891   1.00   0.50    -4.9045  ramp 40%           0.9s
  262       238.9       -10.7    0.3891   1.00   0.50    -4.9251  ramp 40%           0.9s
  263       171.3       -37.3    0.3890   1.00   0.50    -4.9456  ramp 40%           0.9s
  264       160.1       -49.0    0.3889   1.00   0.50    -4.9661  ramp 41%           0.8s
  265       233.9       -29.3    0.3890   1.00   0.50    -4.9866  ramp 41%           0.8s
  266       219.4      -101.8    0.3893   1.00   0.50    -5.0072  ramp 41%           0.9s
  267       179.6       -87.8    0.3896   1.00   0.50    -5.0277  ramp 41%           0.9s
  268       199.0       -67.0    0.3899   1.00   0.50    -5.0482  ramp 42%           0.9s
  269       198.8       -73.2    0.3902   1.00   0.50    -5.0687  ramp 42%           0.9s
  [probe] gen=270 score=-30.3 net=0.870 fell=1.000
  270       340.0       -20.8    0.3905   1.00   0.50    -5.0892  ramp 42%           0.9s
  271       226.0       -91.4    0.3906   1.00   0.50    -5.1098  ramp 42%           0.8s
  272       313.9       -58.5    0.3909   1.00   0.50    -5.1303  ramp 43%           0.9s
  273       337.0       -65.1    0.3913   1.00   0.50    -5.1508  ramp 43%           0.9s
  274       362.0       -48.9    0.3916   1.00   0.50    -5.1714  ramp 43%           0.9s
  [plot] Saved fitness curve → experiments/thesis/gradual_transition/seed_06/fitness_curve.png
  275       285.0       -59.2    0.3919   1.00   0.50    -5.1919  ramp 43%           0.9s
  276       307.3       -89.1    0.3921   1.00   0.50    -5.2124  ramp 44%           0.9s
  277       414.2        -5.7    0.3924   1.00   0.50    -5.2329  ramp 44%           0.9s
  278       284.4       -72.1    0.3927   1.00   0.50    -5.2535  ramp 44%           0.9s
  279       216.0       -50.4    0.3932   1.00   0.50    -5.2740  ramp 44%           0.9s
  [probe] gen=280 score=16.9 net=1.046 fell=1.000 [new best earth]
  280       195.4       -31.2    0.3935   1.00   0.50    -5.2945  ramp 45%           0.8s
  281       289.1       -60.6    0.3938   1.00   0.50    -5.3150  ramp 45%           0.9s
  282       337.7       -43.5    0.3940   1.00   0.50    -5.3356  ramp 45%           0.9s
  283       307.1         7.3    0.3941   1.00   0.50    -5.3561  ramp 45%           0.9s
  284       280.6        21.7    0.3943   1.00   0.50    -5.3766  ramp 46%           0.9s
  285       312.3       -59.7    0.3944   1.00   0.50    -5.3971  ramp 46%           0.9s
  286       298.7        22.1    0.3943   1.00   0.50    -5.4177  ramp 46%           1.0s
  287       394.6       -25.3    0.3941   1.00   0.50    -5.4382  ramp 46%           1.0s
  288       264.5         1.7    0.3941   1.00   0.50    -5.4587  ramp 47%           0.9s
  289       246.6       -48.8    0.3942   1.00   0.50    -5.4792  ramp 47%           0.9s
  [probe] gen=290 score=-26.1 net=0.895 fell=1.000
  290       277.0      -117.4    0.3943   1.00   0.50    -5.4998  ramp 47%           0.8s
  291       353.9        24.7    0.3945   1.00   0.50    -5.5203  ramp 47%           0.8s
  292       284.1         0.8    0.3947   1.00   0.50    -5.5408  ramp 48%           0.9s
  293       310.9        24.4    0.3949   1.00   0.50    -5.5613  ramp 48%           0.9s
  294       268.9        15.7    0.3953   1.00   0.50    -5.5819  ramp 48%           0.9s
  295       347.5        62.3    0.3956   1.00   0.50    -5.6024  ramp 48%           1.0s
  296       435.9       -72.7    0.3960   1.00   0.50    -5.6229  ramp 49%           0.9s
  297       333.0        78.6    0.3962   1.00   0.50    -5.6434  ramp 49%           1.1s
  298       351.5       -60.5    0.3966   1.00   0.50    -5.6639  ramp 49%           0.9s
  299       311.6         4.5    0.3971   1.00   0.50    -5.6845  ramp 49%           1.0s
  [probe] gen=300 score=75.7 net=1.313 fell=1.000 [new best earth]
  [plot] Saved fitness curve → experiments/thesis/gradual_transition/seed_06/fitness_curve.png
  300       375.9        37.3    0.3975   1.00   0.50    -5.7050  ramp 50%           1.1s
  301       340.5       -21.3    0.3980   1.00   0.50    -5.7255  ramp 50%           1.0s
  302       355.2        12.3    0.3985   1.00   0.50    -5.7461  ramp 50%           1.0s
  303       304.9        -8.6    0.3991   1.00   0.50    -5.7666  ramp 50%           1.1s
  304       616.8       -13.6    0.3998   1.00   0.50    -5.7871  ramp 51%           0.9s
  305       429.3        33.4    0.4007   1.00   0.50    -5.8076  ramp 51%           1.1s
  306       443.6        66.6    0.4018   1.00   0.50    -5.8282  ramp 51%           1.1s
  307       457.3       105.9    0.4028   1.00   0.50    -5.8487  ramp 51%           1.2s
  308       506.4        97.1    0.4037   1.00   0.50    -5.8692  ramp 52%           1.2s
  309       448.8        58.2    0.4045   1.00   0.50    -5.8897  ramp 52%           1.1s
  [probe] gen=310 score=86.9 net=1.263 fell=1.000 [new best earth]
  310       516.7         7.0    0.4051   1.00   0.50    -5.9103  ramp 52%           1.0s
  311       477.7        11.7    0.4057   1.00   0.50    -5.9308  ramp 52%           0.9s
  312       465.8        29.3    0.4061   1.00   0.50    -5.9513  ramp 53%           1.0s
  313       586.7       128.9    0.4066   1.00   0.50    -5.9718  ramp 53%           1.2s
  314       439.0        93.2    0.4072   1.00   0.50    -5.9924  ramp 53%           1.1s
  315       540.6       203.8    0.4078   1.00   0.50    -6.0129  ramp 53%           1.3s
  316       617.6       149.1    0.4083   1.00   0.50    -6.0334  ramp 54%           1.3s
  317       822.3       215.9    0.4090   1.00   0.50    -6.0539  ramp 54%           1.6s
  318       650.5        87.3    0.4097   1.00   0.50    -6.0745  ramp 54%           1.3s
  319       957.6       210.6    0.4106   1.00   0.50    -6.0950  ramp 54%           1.6s
  [probe] gen=320 score=213.6 net=1.619 fell=1.000 [new best earth]
  320       860.4        87.8    0.4114   1.00   0.50    -6.1155  ramp 55%           1.3s
  321       882.9        39.6    0.4122   1.00   0.50    -6.1360  ramp 55%           1.3s
  322       966.6       102.4    0.4130   1.00   0.50    -6.1566  ramp 55%           1.5s
  323      1027.9        43.6    0.4139   1.00   0.50    -6.1771  ramp 55%           1.4s
  324       536.8       127.4    0.4147   1.00   0.50    -6.1976  ramp 56%           1.7s
  [plot] Saved fitness curve → experiments/thesis/gradual_transition/seed_06/fitness_curve.png
  325       871.8       183.3    0.4155   1.00   0.50    -6.2181  ramp 56%           1.6s
  326       795.3        43.8    0.4164   1.00   0.50    -6.2386  ramp 56%           1.5s
  327       737.5        78.8    0.4172   1.00   0.50    -6.2592  ramp 56%           1.3s
  328       705.2       197.8    0.4180   1.00   0.50    -6.2797  ramp 56%           1.6s
  329       811.3       121.5    0.4186   1.00   0.50    -6.3002  ramp 57%           1.6s
  [probe] gen=330 score=129.9 net=1.101 fell=1.000
  330       618.2       131.1    0.4192   1.00   0.50    -6.3208  ramp 57%           1.6s
  331       810.6       194.7    0.4197   1.00   0.50    -6.3413  ramp 57%           1.5s
  332       755.5       214.7    0.4201   1.00   0.50    -6.3618  ramp 57%           1.8s
  333       884.1       184.1    0.4206   1.00   0.50    -6.3823  ramp 58%           1.7s
  334       668.5       129.8    0.4211   1.00   0.50    -6.4029  ramp 58%           1.5s
  335       761.7       171.5    0.4217   1.00   0.50    -6.4234  ramp 58%           1.7s
  336      1110.9       296.9    0.4223   1.00   0.50    -6.4439  ramp 59%           1.9s
  337       967.6       217.6    0.4229   1.00   0.50    -6.4644  ramp 59%           1.8s
  338       907.1       148.0    0.4233   1.00   0.50    -6.4849  ramp 59%           1.7s
  339       849.2       275.0    0.4235   1.00   0.50    -6.5055  ramp 59%           2.1s
  [probe] gen=340 score=351.4 net=2.263 fell=1.000 [new best earth]
  340       834.2       153.7    0.4239   1.00   0.50    -6.5260  ramp 60%           1.6s
  341      1012.9       212.9    0.4241   1.00   0.50    -6.5465  ramp 60%           1.6s
  342       984.6       231.3    0.4244   1.00   0.50    -6.5671  ramp 60%           2.1s
  343       955.1       166.3    0.4245   1.00   0.50    -6.5876  ramp 60%           1.8s
  344      1150.5       247.8    0.4248   1.00   0.50    -6.6081  ramp 61%           2.0s
  345      1104.9       252.1    0.4252   1.00   0.50    -6.6286  ramp 61%           1.9s
  346      1062.0       202.3    0.4258   1.00   0.50    -6.6492  ramp 61%           2.0s
  347       890.7       242.9    0.4264   1.00   0.50    -6.6697  ramp 61%           2.3s
  348       955.4       286.6    0.4269   1.00   0.50    -6.6902  ramp 62%           2.4s
  349       845.8       343.1    0.4273   1.00   0.50    -6.7107  ramp 62%           2.4s
  [probe] gen=350 score=613.2 net=3.052 fell=1.000 [new best earth]
  [plot] Saved fitness curve → experiments/thesis/gradual_transition/seed_06/fitness_curve.png
  350       919.9       243.9    0.4275   1.00   0.50    -6.7313  ramp 62%           2.1s
  351       899.7       247.2    0.4280   1.00   0.50    -6.7518  ramp 62%           2.2s
  352      1097.7       424.5    0.4283   1.00   0.50    -6.7723  ramp 63%           2.6s
  353      1121.7       288.4    0.4286   1.00   0.50    -6.7928  ramp 63%           2.7s
  354      1348.2       441.6    0.4289   1.00   0.50    -6.8134  ramp 63%           2.3s
  355       892.9       292.6    0.4294   1.00   0.50    -6.8339  ramp 63%           1.9s
  356      1039.8       315.3    0.4296   1.00   0.50    -6.8544  ramp 64%           2.1s
  357      1161.0       340.3    0.4298   1.00   0.50    -6.8749  ramp 64%           2.1s
  358      1176.5       396.1    0.4299   1.00   0.50    -6.8955  ramp 64%           2.2s
  359       948.0       372.7    0.4299   1.00   0.50    -6.9160  ramp 64%           2.1s
  [probe] gen=360 score=414.6 net=1.893 fell=0.700
  360      1045.2       384.4    0.4298   1.00   0.50    -6.9365  ramp 65%           2.1s
  361      1236.7       411.2    0.4298   1.00   0.50    -6.9570  ramp 65%           2.3s
  362      1219.2       469.0    0.4299   1.00   0.50    -6.9776  ramp 65%           2.4s
  363      1004.1       313.7    0.4299   1.00   0.50    -6.9981  ramp 65%           1.7s
  364      1083.5       367.7    0.4300   1.00   0.50    -7.0186  ramp 66%           1.9s
  365      1167.1       311.5    0.4300   1.00   0.50    -7.0391  ramp 66%           1.8s
  366       886.6       403.2    0.4299   1.00   0.50    -7.0597  ramp 66%           1.9s
  367      1171.2       361.9    0.4297   1.00   0.50    -7.0802  ramp 66%           2.3s
  368      1284.7       418.1    0.4296   1.00   0.50    -7.1007  ramp 67%           2.1s
  369      1350.8       266.0    0.4295   1.00   0.50    -7.1212  ramp 67%           1.9s
  [probe] gen=370 score=442.3 net=1.967 fell=0.800
  370       945.0       349.9    0.4293   1.00   0.50    -7.1418  ramp 67%           2.0s
  371      1138.9       414.0    0.4292   1.00   0.50    -7.1623  ramp 67%           1.9s
  372       998.3       376.1    0.4291   1.00   0.50    -7.1828  ramp 68%           1.9s
  373      1453.0       332.8    0.4292   1.00   0.50    -7.2033  ramp 68%           2.0s
  374       964.5       286.7    0.4292   1.00   0.50    -7.2239  ramp 68%           1.9s
  [plot] Saved fitness curve → experiments/thesis/gradual_transition/seed_06/fitness_curve.png
  375      1098.2       310.1    0.4293   1.00   0.50    -7.2444  ramp 68%           2.0s
  376      1175.4       468.5    0.4294   1.00   0.50    -7.2649  ramp 69%           2.0s
  377      1063.2       351.6    0.4295   1.00   0.50    -7.2854  ramp 69%           1.8s
  378      1121.4       397.5    0.4295   1.00   0.50    -7.3060  ramp 69%           2.2s
  379      1081.5       408.5    0.4293   1.00   0.50    -7.3265  ramp 69%           2.2s
  [probe] gen=380 score=292.3 net=1.294 fell=0.400
  380      1202.0       407.4    0.4291   1.00   0.50    -7.3470  ramp 70%           2.3s
  381      1145.1       300.1    0.4290   1.00   0.50    -7.3675  ramp 70%           1.8s
  382      1291.4       386.3    0.4288   1.00   0.50    -7.3880  ramp 70%           2.0s
  383      1025.1       251.4    0.4289   1.00   0.50    -7.4086  ramp 70%           1.7s
  384      1096.3       336.5    0.4290   1.00   0.50    -7.4291  ramp 71%           2.0s
  385      1134.0       310.3    0.4292   1.00   0.50    -7.4496  ramp 71%           2.0s
  386       984.7       454.7    0.4294   1.00   0.50    -7.4702  ramp 71%           2.2s
  387      1008.4       410.4    0.4295   1.00   0.50    -7.4907  ramp 71%           2.3s
  388      1449.8       454.2    0.4296   1.00   0.50    -7.5112  ramp 72%           2.0s
  389      1526.4       374.7    0.4298   1.00   0.50    -7.5317  ramp 72%           1.8s
  [probe] gen=390 score=540.5 net=3.251 fell=0.900
  390      1292.4       352.4    0.4301   1.00   0.50    -7.5523  ramp 72%           1.9s
  391      1322.0       384.7    0.4305   1.00   0.50    -7.5728  ramp 72%           2.0s
  392      1305.5       334.9    0.4306   1.00   0.50    -7.5933  ramp 73%           2.0s
  393      1336.4       351.1    0.4308   1.00   0.50    -7.6138  ramp 73%           1.9s
  394      1332.3       329.4    0.4309   1.00   0.50    -7.6344  ramp 73%           2.0s
  395      1421.6       405.4    0.4309   1.00   0.50    -7.6549  ramp 73%           1.9s
  396      1093.8       448.7    0.4307   1.00   0.50    -7.6754  ramp 74%           2.2s
  397      1179.0       285.3    0.4306   1.00   0.50    -7.6959  ramp 74%           1.9s
  398      1086.1       452.8    0.4307   1.00   0.50    -7.7165  ramp 74%           2.3s
  399      1169.9       257.4    0.4308   1.00   0.50    -7.7370  ramp 74%           1.8s
  [probe] gen=400 score=447.3 net=2.537 fell=0.900
  [plot] Saved fitness curve → experiments/thesis/gradual_transition/seed_06/fitness_curve.png
  400      1144.6       330.6    0.4311   1.00   0.50    -7.7575  ramp 75%           2.1s
  401      1255.4       414.5    0.4315   1.00   0.50    -7.7780  ramp 75%           2.0s
  402      1205.2       332.5    0.4321   1.00   0.50    -7.7986  ramp 75%           2.1s
  403      1229.5       491.5    0.4325   1.00   0.50    -7.8191  ramp 75%           2.2s
  404      1180.7       372.6    0.4331   1.00   0.50    -7.8396  ramp 76%           1.8s
  405      1280.1       480.5    0.4335   1.00   0.50    -7.8601  ramp 76%           2.2s
  406      1289.6       553.9    0.4339   1.00   0.50    -7.8807  ramp 76%           2.2s
  407      1447.1       474.3    0.4342   1.00   0.50    -7.9012  ramp 76%           2.1s
  408      1062.9       380.6    0.4344   1.00   0.50    -7.9217  ramp 77%           2.1s
  409      1105.6       347.2    0.4348   1.00   0.50    -7.9422  ramp 77%           2.2s
  [probe] gen=410 score=879.5 net=4.485 fell=0.600 [new best earth]
  410      1452.7       377.3    0.4352   1.00   0.50    -7.9628  ramp 77%           2.0s
  411      1138.5       308.1    0.4355   1.00   0.50    -7.9833  ramp 77%           1.8s
  412      1185.6       361.3    0.4359   1.00   0.50    -8.0038  ramp 78%           2.1s
  413      1381.1       406.2    0.4364   1.00   0.50    -8.0243  ramp 78%           2.3s
  414      1183.0       648.9    0.4370   1.00   0.50    -8.0449  ramp 78%           2.9s
  415      1376.8       381.8    0.4377   1.00   0.50    -8.0654  ramp 78%           2.2s
  416      1244.7       420.1    0.4383   1.00   0.50    -8.0859  ramp 79%           2.3s
  417      1289.9       254.1    0.4387   1.00   0.50    -8.1064  ramp 79%           2.0s
  418      1303.9       410.7    0.4393   1.00   0.50    -8.1270  ramp 79%           2.4s
  419      1434.2       478.1    0.4398   1.00   0.50    -8.1475  ramp 79%           2.3s
  [probe] gen=420 score=372.7 net=2.511 fell=1.000
  420      1271.9       520.2    0.4402   1.00   0.50    -8.1680  ramp 80%           2.3s
  421      1096.2       558.1    0.4405   1.00   0.50    -8.1885  ramp 80%           2.2s
  422      1322.0       395.1    0.4408   1.00   0.50    -8.2091  ramp 80%           1.9s
  423      1219.7       428.8    0.4410   1.00   0.50    -8.2296  ramp 80%           2.2s
  424      1216.1       550.1    0.4411   1.00   0.50    -8.2501  ramp 81%           2.5s
  [plot] Saved fitness curve → experiments/thesis/gradual_transition/seed_06/fitness_curve.png
  425      1338.6       528.2    0.4410   1.00   0.50    -8.2706  ramp 81%           2.5s
  426      1445.0       458.0    0.4408   1.00   0.50    -8.2912  ramp 81%           2.1s
  427      1260.7       472.0    0.4406   1.00   0.50    -8.3117  ramp 81%           2.4s
  428      1331.5       466.8    0.4404   1.00   0.50    -8.3322  ramp 82%           2.3s
  429      1212.3       394.4    0.4401   1.00   0.50    -8.3527  ramp 82%           2.1s
  [probe] gen=430 score=807.9 net=3.823 fell=0.500
  430      1172.0       350.8    0.4399   1.00   0.50    -8.3733  ramp 82%           2.0s
  431      1292.5       455.4    0.4395   1.00   0.50    -8.3938  ramp 82%           2.2s
  432      1431.4       446.8    0.4393   1.00   0.50    -8.4143  ramp 83%           2.1s
  433      1355.8       295.3    0.4390   1.00   0.50    -8.4348  ramp 83%           2.0s
  434      1341.4       369.7    0.4387   1.00   0.50    -8.4554  ramp 83%           2.2s
  435      1515.9       460.5    0.4385   1.00   0.50    -8.4759  ramp 83%           2.2s
  436      1280.8       258.4    0.4383   1.00   0.50    -8.4964  ramp 84%           1.9s
  437      1416.7       323.2    0.4381   1.00   0.50    -8.5169  ramp 84%           1.8s
  438      1523.9       392.8    0.4378   1.00   0.50    -8.5374  ramp 84%           2.3s
  439      1293.2       451.2    0.4373   1.00   0.50    -8.5580  ramp 84%           2.2s
  [probe] gen=440 score=1078.0 net=5.143 fell=0.100 [new best earth]
  440      1252.9       436.3    0.4368   1.00   0.50    -8.5785  ramp 85%           2.3s
  441      1403.6       313.6    0.4365   1.00   0.50    -8.5990  ramp 85%           2.1s
  442      1368.7       480.1    0.4359   1.00   0.50    -8.6196  ramp 85%           2.3s
  443      1385.7       473.9    0.4354   1.00   0.50    -8.6401  ramp 85%           2.3s
  444      1266.9       484.0    0.4350   1.00   0.50    -8.6606  ramp 86%           2.3s
  445      1307.1       308.4    0.4347   1.00   0.50    -8.6811  ramp 86%           1.8s
  446      1089.5       307.6    0.4344   1.00   0.50    -8.7017  ramp 86%           1.8s
  447      1483.9       389.9    0.4341   1.00   0.50    -8.7222  ramp 86%           2.1s
  448      1419.6       378.8    0.4338   1.00   0.50    -8.7427  ramp 87%           2.1s
  449      1209.5       439.7    0.4337   1.00   0.50    -8.7632  ramp 87%           2.3s
  [probe] gen=450 score=1142.3 net=5.658 fell=0.300 [new best earth]
  [plot] Saved fitness curve → experiments/thesis/gradual_transition/seed_06/fitness_curve.png
  450      1219.9       353.4    0.4338   1.00   0.50    -8.7838  ramp 87%           2.0s
  451      1202.1       287.5    0.4339   1.00   0.50    -8.8043  ramp 87%           1.8s
  452      1209.4       348.7    0.4340   1.00   0.50    -8.8248  ramp 88%           1.8s
  453      1123.1       336.5    0.4341   1.00   0.50    -8.8453  ramp 88%           2.2s
  454      1347.7       373.7    0.4343   1.00   0.50    -8.8659  ramp 88%           2.2s
  455      1222.4       548.5    0.4344   1.00   0.50    -8.8864  ramp 88%           2.5s
  456      1314.3       403.1    0.4345   1.00   0.50    -8.9069  ramp 89%           2.2s
  457      1051.3       388.8    0.4345   1.00   0.50    -8.9274  ramp 89%           2.5s
  458      1147.1       564.7    0.4344   1.00   0.50    -8.9480  ramp 89%           2.6s
  459      1392.0       520.2    0.4343   1.00   0.50    -8.9685  ramp 89%           2.6s
  [probe] gen=460 score=916.7 net=4.670 fell=0.600
  460      1434.6       304.3    0.4341   1.00   0.50    -8.9890  ramp 90%           2.1s
  461      1223.0       230.7    0.4338   1.00   0.50    -9.0095  ramp 90%           1.6s
  462      1268.2       284.9    0.4334   1.00   0.50    -9.0301  ramp 90%           1.9s
  463      1482.5       427.2    0.4331   1.00   0.50    -9.0506  ramp 90%           2.1s
  464       840.0       163.3    0.4329   1.00   0.50    -9.0711  ramp 91%           1.7s
  465      1276.6       235.3    0.4328   1.00   0.50    -9.0916  ramp 91%           1.9s
  466      1145.1       338.0    0.4326   1.00   0.50    -9.1122  ramp 91%           2.3s
  467      1311.5       119.1    0.4323   1.00   0.50    -9.1327  ramp 91%           1.5s
  468      1125.2       307.8    0.4322   1.00   0.50    -9.1532  ramp 92%           2.0s
  469      1156.9       183.7    0.4321   1.00   0.50    -9.1737  ramp 92%           1.7s
  [probe] gen=470 score=1145.7 net=5.113 fell=0.000 [new best earth]
  470      1235.5       206.8    0.4321   1.00   0.50    -9.1943  ramp 92%           1.7s
  471      1110.1       361.2    0.4323   1.00   0.50    -9.2148  ramp 92%           2.0s
  472      1220.4       293.4    0.4324   1.00   0.50    -9.2353  ramp 93%           2.0s
  473      1309.0       542.3    0.4324   1.00   0.50    -9.2558  ramp 93%           2.5s
  474      1201.4       475.0    0.4325   1.00   0.50    -9.2764  ramp 93%           2.6s
  [plot] Saved fitness curve → experiments/thesis/gradual_transition/seed_06/fitness_curve.png
  475      1227.3       409.9    0.4325   1.00   0.50    -9.2969  ramp 93%           2.2s
  476      1147.4       342.2    0.4325   1.00   0.50    -9.3174  ramp 94%           2.2s
  477      1160.3       434.5    0.4326   1.00   0.50    -9.3379  ramp 94%           2.3s
  478      1283.4       381.3    0.4324   1.00   0.50    -9.3585  ramp 94%           2.0s
  479      1168.9       374.9    0.4321   1.00   0.50    -9.3790  ramp 94%           2.0s
  [probe] gen=480 score=827.4 net=3.610 fell=0.100
  480      1002.7       250.2    0.4319   1.00   0.50    -9.3995  ramp 95%           1.9s
  481      1202.7       424.7    0.4317   1.00   0.50    -9.4200  ramp 95%           2.1s
  482      1408.9       344.0    0.4317   1.00   0.50    -9.4405  ramp 95%           1.8s
  483      1155.9       277.5    0.4315   1.00   0.50    -9.4611  ramp 95%           1.8s
  484      1099.2       400.1    0.4314   1.00   0.50    -9.4816  ramp 96%           2.2s
  485      1269.4       294.8    0.4312   1.00   0.50    -9.5021  ramp 96%           1.7s
  486      1114.7       429.8    0.4310   1.00   0.50    -9.5227  ramp 96%           2.1s
  487      1105.4       370.7    0.4308   1.00   0.50    -9.5432  ramp 96%           1.9s
  488      1270.9       437.3    0.4307   1.00   0.50    -9.5637  ramp 97%           2.2s
  489      1158.3       312.4    0.4306   1.00   0.50    -9.5842  ramp 97%           1.8s
  [probe] gen=490 score=659.4 net=3.752 fell=0.900
  490      1306.4       511.4    0.4307   1.00   0.50    -9.6048  ramp 97%           2.4s
  491      1105.6       339.8    0.4307   1.00   0.50    -9.6253  ramp 97%           2.0s
  492      1183.1       525.2    0.4307   1.00   0.50    -9.6458  ramp 98%           2.5s
  493      1174.0       466.7    0.4307   1.00   0.50    -9.6663  ramp 98%           2.4s
  494      1219.8       542.0    0.4307   1.00   0.50    -9.6868  ramp 98%           2.5s
  495      1147.8       563.7    0.4305   1.00   0.50    -9.7074  ramp 98%           2.6s
  496      1167.5       504.4    0.4303   1.00   0.50    -9.7279  ramp 99%           2.4s
  497      1134.6       448.4    0.4302   1.00   0.50    -9.7484  ramp 99%           2.5s
  498      1237.5       459.5    0.4301   1.00   0.50    -9.7690  ramp 99%           2.4s
  499      1242.1       486.7    0.4301   1.00   0.50    -9.7895  ramp 99%           2.3s
  [plot] Saved fitness curve → experiments/thesis/gradual_transition/seed_06/fitness_curve.png

Training complete. Best fitness: 1526.4
Best params → experiments/thesis/gradual_transition/seed_06/checkpoints/best_params.npy
Fitness curve → experiments/thesis/gradual_transition/seed_06/fitness_curve.png
Eval params  → best_earth_params (earth probe score: 1145.7)
Final Earth scorecard | score=1148.6 net=5.158 fell=0.000
Gravity sweep | gravities=5 mean_net=3.467 worst_net=0.012
  [exp] Wrote experiments/thesis/gradual_transition/seed_06/experiment.json
  [exp] Wrote experiments/thesis/gradual_transition/seed_06/training_log.csv
  [exp] Wrote experiments/thesis/gradual_transition/seed_06/earth_probe.csv
  [exp] Wrote experiments/thesis/gradual_transition/seed_06/gravity_sweep.csv
  [exp] Wrote experiments/thesis/gradual_transition/seed_06/summary.json
