Walker2d-v5 | policy=CPG  params=504
Curriculum   : AdaptiveProgression  [-1.6→-3.0→-5.0→-7.0→-9.81]  plateau=30gen  min_improve=5.0
Run context | seed=1 arm=adaptive_progression run_id=adaptive_progression_seed_01

Schedule | penalty_min=0.20 penalty_ramp_gen=200 corr_min=0.00 corr_max=0.50 corr_ramp_gen=200

Starting CMA-ES | pop=40 | sigma0=0.5 | max_gen=500 | workers=8 | seed=1
Checkpoints → experiments/thesis/adaptive_progression/seed_01/checkpoints/

  Gen        Best        Mean     Sigma    Pen   Corr    Gravity  Phase              Time
------------------------------------------------------------------------------------
  [probe] gen=0 score=-401.6 net=-0.190 fell=1.000 [new best earth]
  [plot] Saved fitness curve → experiments/thesis/adaptive_progression/seed_01/fitness_curve.png
    0       -63.5       -76.2    0.4905   0.20   0.00    -1.6000  lv0(-1.6)          1.5s
    1       -13.4       -74.4    0.4823   0.20   0.00    -1.6000  lv0(-1.6)          0.2s
    2       -38.8       -71.8    0.4749   0.21   0.01    -1.6000  lv0(-1.6)          0.2s
    3        22.9       -68.9    0.4685   0.21   0.01    -1.6000  lv0(-1.6)          0.2s
    4       -52.7       -70.4    0.4625   0.22   0.01    -1.6000  lv0(-1.6)          0.2s
    5       -54.4       -68.4    0.4568   0.22   0.01    -1.6000  lv0(-1.6)          0.2s
    6       -57.6       -71.4    0.4515   0.22   0.01    -1.6000  lv0(-1.6)          0.3s
    7       -55.5       -71.6    0.4468   0.23   0.02    -1.6000  lv0(-1.6)          0.3s
    8       -45.7       -68.9    0.4423   0.23   0.02    -1.6000  lv0(-1.6)          0.3s
    9       -39.4       -71.9    0.4381   0.24   0.02    -1.6000  lv0(-1.6)          0.4s
  [probe] gen=10 score=-356.5 net=-0.083 fell=1.000 [new best earth]
   10       -14.3       -67.4    0.4344   0.24   0.03    -1.6000  lv0(-1.6)          0.3s
   11       -43.7       -67.2    0.4309   0.24   0.03    -1.6000  lv0(-1.6)          0.4s
   12       -43.2       -67.0    0.4277   0.25   0.03    -1.6000  lv0(-1.6)          0.5s
   13       -47.1       -64.6    0.4246   0.25   0.03    -1.6000  lv0(-1.6)          0.4s
   14       -16.4       -62.7    0.4219   0.26   0.04    -1.6000  lv0(-1.6)          0.4s
   15       123.9       -58.8    0.4194   0.26   0.04    -1.6000  lv0(-1.6)          0.5s
   16       -22.6       -62.3    0.4171   0.26   0.04    -1.6000  lv0(-1.6)          0.6s
   17       -14.9       -65.0    0.4148   0.27   0.04    -1.6000  lv0(-1.6)          0.6s
   18        15.4       -66.4    0.4127   0.27   0.04    -1.6000  lv0(-1.6)          0.8s
   19        75.2       -61.9    0.4106   0.28   0.05    -1.6000  lv0(-1.6)          0.8s
  [probe] gen=20 score=-326.2 net=-0.043 fell=1.000 [new best earth]
   20        72.3       -51.3    0.4085   0.28   0.05    -1.6000  lv0(-1.6)          0.7s
   21       206.9       -54.6    0.4065   0.28   0.05    -1.6000  lv0(-1.6)          0.8s
   22       156.7       -49.4    0.4045   0.29   0.06    -1.6000  lv0(-1.6)          0.9s
   23       306.9       -31.3    0.4027   0.29   0.06    -1.6000  lv0(-1.6)          0.9s
   24       194.6       -21.7    0.4010   0.30   0.06    -1.6000  lv0(-1.6)          0.9s
  [plot] Saved fitness curve → experiments/thesis/adaptive_progression/seed_01/fitness_curve.png
   25       181.4       -24.9    0.3995   0.30   0.06    -1.6000  lv0(-1.6)          0.9s
   26       181.7       -14.3    0.3980   0.30   0.07    -1.6000  lv0(-1.6)          1.0s
   27       438.3        24.6    0.3966   0.31   0.07    -1.6000  lv0(-1.6)          1.1s
   28       312.5        36.3    0.3951   0.31   0.07    -1.6000  lv0(-1.6)          1.3s
   29       251.8        53.9    0.3936   0.32   0.07    -1.6000  lv0(-1.6)          1.4s
  [probe] gen=30 score=-314.8 net=-0.082 fell=1.000 [new best earth]
   30       210.7        30.4    0.3925   0.32   0.07    -1.6000  lv0(-1.6)          1.4s
   31       209.7        30.5    0.3915   0.32   0.08    -1.6000  lv0(-1.6)          1.3s
   32       413.8        94.0    0.3904   0.33   0.08    -1.6000  lv0(-1.6)          1.4s
   33       260.5        58.6    0.3895   0.33   0.08    -1.6000  lv0(-1.6)          1.4s
   34       251.9        47.0    0.3889   0.34   0.09    -1.6000  lv0(-1.6)          1.4s
   35       266.8       116.0    0.3881   0.34   0.09    -1.6000  lv0(-1.6)          1.6s
   36       377.7        88.5    0.3875   0.34   0.09    -1.6000  lv0(-1.6)          1.6s
   37       271.7       104.8    0.3869   0.35   0.09    -1.6000  lv0(-1.6)          1.7s
   38       282.2        84.5    0.3863   0.35   0.10    -1.6000  lv0(-1.6)          1.5s
   39       367.8       106.0    0.3856   0.36   0.10    -1.6000  lv0(-1.6)          1.7s
  [probe] gen=40 score=15.7 net=0.976 fell=1.000 [new best earth]
   40       259.6       118.9    0.3851   0.36   0.10    -1.6000  lv0(-1.6)          1.8s
   41       278.2       111.3    0.3845   0.36   0.10    -1.6000  lv0(-1.6)          1.6s
   42       368.6       159.3    0.3842   0.37   0.10    -1.6000  lv0(-1.6)          1.7s
   43       444.6       134.5    0.3839   0.37   0.11    -1.6000  lv0(-1.6)          1.9s
   44       365.6       121.7    0.3837   0.38   0.11    -1.6000  lv0(-1.6)          1.9s
   45       372.0       135.0    0.3834   0.38   0.11    -1.6000  lv0(-1.6)          1.8s
   46       463.4       157.8    0.3831   0.38   0.12    -1.6000  lv0(-1.6)          1.7s
   47       549.5       172.2    0.3827   0.39   0.12    -1.6000  lv0(-1.6)          1.8s
   48       448.6       139.4    0.3823   0.39   0.12    -1.6000  lv0(-1.6)          1.8s
   49       600.5       178.0    0.3819   0.40   0.12    -1.6000  lv0(-1.6)          1.7s
  [probe] gen=50 score=8.0 net=0.976 fell=1.000
  [plot] Saved fitness curve → experiments/thesis/adaptive_progression/seed_01/fitness_curve.png
   50       534.0       160.2    0.3816   0.40   0.12    -1.6000  lv0(-1.6)          1.9s
   51       467.2       119.4    0.3814   0.40   0.13    -1.6000  lv0(-1.6)          1.6s
   52       414.5       139.5    0.3813   0.41   0.13    -1.6000  lv0(-1.6)          1.8s
   53       522.4       174.7    0.3813   0.41   0.13    -1.6000  lv0(-1.6)          1.8s
   54       487.4       139.6    0.3814   0.42   0.14    -1.6000  lv0(-1.6)          1.9s
   55       427.6       140.0    0.3814   0.42   0.14    -1.6000  lv0(-1.6)          1.8s
   56       486.5       226.1    0.3815   0.42   0.14    -1.6000  lv0(-1.6)          1.8s
   57       582.2       189.0    0.3816   0.43   0.14    -1.6000  lv0(-1.6)          2.0s
   58       505.0       208.6    0.3818   0.43   0.14    -1.6000  lv0(-1.6)          1.8s
   59       437.5       195.2    0.3820   0.44   0.15    -1.6000  lv0(-1.6)          1.9s
  [probe] gen=60 score=8.3 net=0.963 fell=1.000
   60       483.9       143.0    0.3822   0.44   0.15    -1.6000  lv0(-1.6)          1.9s
   61       589.4       180.0    0.3823   0.44   0.15    -1.6000  lv0(-1.6)          1.8s
   62       681.5       221.1    0.3824   0.45   0.15    -1.6000  lv0(-1.6)          1.8s
   63       671.5       136.8    0.3825   0.45   0.16    -1.6000  lv0(-1.6)          1.8s
   64       846.7       238.2    0.3826   0.46   0.16    -1.6000  lv0(-1.6)          2.0s
   65       749.8       212.2    0.3826   0.46   0.16    -1.6000  lv0(-1.6)          1.8s
   66       422.1       189.5    0.3826   0.46   0.17    -1.6000  lv0(-1.6)          1.9s
   67       547.3       180.8    0.3827   0.47   0.17    -1.6000  lv0(-1.6)          2.0s
   68       659.6       232.1    0.3828   0.47   0.17    -1.6000  lv0(-1.6)          2.0s
   69       732.9       215.1    0.3828   0.48   0.17    -1.6000  lv0(-1.6)          1.8s
  [probe] gen=70 score=-212.1 net=-0.143 fell=1.000
   70       628.5       224.6    0.3828   0.48   0.17    -1.6000  lv0(-1.6)          2.0s
   71       470.6       230.8    0.3830   0.48   0.18    -1.6000  lv0(-1.6)          1.8s
   72       627.2       272.7    0.3832   0.49   0.18    -1.6000  lv0(-1.6)          2.1s
   73       607.6       210.9    0.3834   0.49   0.18    -1.6000  lv0(-1.6)          1.9s
   74       461.8       234.2    0.3835   0.50   0.18    -1.6000  lv0(-1.6)          2.0s
  [plot] Saved fitness curve → experiments/thesis/adaptive_progression/seed_01/fitness_curve.png
   75       694.3       224.9    0.3835   0.50   0.19    -1.6000  lv0(-1.6)          2.1s
   76       582.7       198.2    0.3834   0.50   0.19    -1.6000  lv0(-1.6)          1.9s
   77       485.3       216.8    0.3833   0.51   0.19    -1.6000  lv0(-1.6)          2.0s
   78       520.1       175.4    0.3833   0.51   0.20    -1.6000  lv0(-1.6)          1.8s
   79       714.2       249.2    0.3831   0.52   0.20    -1.6000  lv0(-1.6)          2.0s
  [probe] gen=80 score=-140.4 net=0.238 fell=1.000
   80       607.6       193.2    0.3831   0.52   0.20    -1.6000  lv0(-1.6)          1.8s
   81       719.8       199.2    0.3831   0.52   0.20    -1.6000  lv0(-1.6)          1.9s
   82       764.4       256.4    0.3832   0.53   0.20    -1.6000  lv0(-1.6)          1.9s
   83       633.3       268.2    0.3833   0.53   0.21    -1.6000  lv0(-1.6)          2.0s
   84       531.6       217.1    0.3835   0.54   0.21    -1.6000  lv0(-1.6)          2.0s
   85       621.3       297.2    0.3836   0.54   0.21    -1.6000  lv0(-1.6)          2.2s
   86       618.1       254.6    0.3836   0.54   0.21    -1.6000  lv0(-1.6)          2.2s
   87       549.1       201.7    0.3836   0.55   0.22    -1.6000  lv0(-1.6)          2.3s
   88       820.4       301.1    0.3836   0.55   0.22    -1.6000  lv0(-1.6)          2.3s
   89       714.7       180.3    0.3834   0.56   0.22    -1.6000  lv0(-1.6)          2.2s
  [probe] gen=90 score=-427.7 net=-0.921 fell=1.000
   90       713.5       260.6    0.3832   0.56   0.23    -1.6000  lv0(-1.6)          2.1s
   91       807.0       304.2    0.3829   0.56   0.23    -1.6000  lv0(-1.6)          2.1s
   92       739.2       234.5    0.3826   0.57   0.23    -1.6000  lv0(-1.6)          2.1s
   93       749.9       204.7    0.3822   0.57   0.23    -1.6000  lv0(-1.6)          2.6s
   94      1078.4       214.9    0.3819   0.58   0.23    -1.6000  lv0(-1.6)          2.1s
   95       768.0       266.8    0.3814   0.58   0.24    -1.6000  lv0(-1.6)          2.2s
   96       880.4       162.5    0.3808   0.58   0.24    -1.6000  lv0(-1.6)          2.1s
   97       842.5       197.0    0.3804   0.59   0.24    -1.6000  lv0(-1.6)          2.1s
   98       843.3       288.1    0.3799   0.59   0.24    -1.6000  lv0(-1.6)          2.5s
   99       914.5       219.3    0.3795   0.60   0.25    -1.6000  lv0(-1.6)          2.0s
  [probe] gen=100 score=-2.7 net=0.733 fell=1.000
  [plot] Saved fitness curve → experiments/thesis/adaptive_progression/seed_01/fitness_curve.png
  100       699.1       231.2    0.3791   0.60   0.25    -1.6000  lv0(-1.6)          2.2s
  101       819.3       288.7    0.3788   0.60   0.25    -1.6000  lv0(-1.6)          2.2s
  102       802.7       295.9    0.3785   0.61   0.26    -1.6000  lv0(-1.6)          2.3s
  103      1081.8       349.3    0.3782   0.61   0.26    -1.6000  lv0(-1.6)          2.4s
  104       853.0       313.3    0.3780   0.62   0.26    -1.6000  lv0(-1.6)          2.1s
  105       824.7       323.4    0.3778   0.62   0.26    -1.6000  lv0(-1.6)          2.3s
  106       666.6       234.5    0.3774   0.62   0.27    -1.6000  lv0(-1.6)          2.2s
  107       744.6       304.7    0.3771   0.63   0.27    -1.6000  lv0(-1.6)          2.4s
  108       825.6       349.2    0.3768   0.63   0.27    -1.6000  lv0(-1.6)          2.9s
  109      1221.8       300.0    0.3767   0.64   0.27    -1.6000  lv0(-1.6)          3.5s
  [probe] gen=110 score=-114.9 net=0.341 fell=1.000
  110       775.2       337.8    0.3766   0.64   0.28    -1.6000  lv0(-1.6)          2.6s
  111       963.8       343.5    0.3764   0.64   0.28    -1.6000  lv0(-1.6)          2.4s
  112       805.9       301.1    0.3762   0.65   0.28    -1.6000  lv0(-1.6)          2.3s
  113       774.1       341.5    0.3761   0.65   0.28    -1.6000  lv0(-1.6)          2.4s
  114       865.1       278.7    0.3760   0.66   0.28    -1.6000  lv0(-1.6)          2.3s
  115       869.0       358.4    0.3760   0.66   0.29    -1.6000  lv0(-1.6)          2.5s
  116       719.6       347.7    0.3760   0.66   0.29    -1.6000  lv0(-1.6)          2.4s
  117      1016.7       459.8    0.3760   0.67   0.29    -1.6000  lv0(-1.6)          2.7s
  118       739.7       414.8    0.3759   0.67   0.29    -1.6000  lv0(-1.6)          2.4s
  119      1115.2       314.0    0.3759   0.68   0.30    -1.6000  lv0(-1.6)          2.5s
  [probe] gen=120 score=198.0 net=1.591 fell=1.000 [new best earth]
  120       867.2       288.2    0.3760   0.68   0.30    -1.6000  lv0(-1.6)          2.1s
  121      1086.8       401.5    0.3759   0.68   0.30    -1.6000  lv0(-1.6)          2.6s
  122      1340.4       406.6    0.3759   0.69   0.30    -1.6000  lv0(-1.6)          2.6s
  123       838.5       231.1    0.3759   0.69   0.31    -1.6000  lv0(-1.6)          2.2s
  124      1272.9       444.0    0.3758   0.70   0.31    -1.6000  lv0(-1.6)          2.4s
  [plot] Saved fitness curve → experiments/thesis/adaptive_progression/seed_01/fitness_curve.png
  125      1223.2       442.5    0.3757   0.70   0.31    -1.6000  lv0(-1.6)          2.6s
  126      1361.9       312.5    0.3755   0.70   0.32    -1.6000  lv0(-1.6)          2.2s
  127       997.1       409.6    0.3754   0.71   0.32    -1.6000  lv0(-1.6)          2.3s
  128      1311.2       256.2    0.3753   0.71   0.32    -1.6000  lv0(-1.6)          2.1s
  129      1061.6       419.3    0.3753   0.72   0.32    -1.6000  lv0(-1.6)          2.5s
  [probe] gen=130 score=-398.6 net=-0.898 fell=1.000
  130      1207.4       455.3    0.3752   0.72   0.33    -1.6000  lv0(-1.6)          2.4s
  131      1103.4       369.6    0.3751   0.72   0.33    -1.6000  lv0(-1.6)          2.2s
  132       861.0       349.4    0.3751   0.73   0.33    -1.6000  lv0(-1.6)          2.2s
  133      1105.4       438.3    0.3750   0.73   0.33    -1.6000  lv0(-1.6)          2.5s
  134      1046.6       360.4    0.3750   0.74   0.34    -1.6000  lv0(-1.6)          2.2s
  135      1075.1       338.4    0.3751   0.74   0.34    -1.6000  lv0(-1.6)          2.3s
  136      1213.1       519.9    0.3751   0.74   0.34    -1.6000  lv0(-1.6)          2.8s
  137      1162.0       444.4    0.3753   0.75   0.34    -1.6000  lv0(-1.6)          2.5s
  138      1091.3       481.5    0.3755   0.75   0.34    -1.6000  lv0(-1.6)          2.7s
  139      1253.1       434.3    0.3757   0.76   0.35    -1.6000  lv0(-1.6)          2.5s
  [probe] gen=140 score=-167.4 net=0.064 fell=1.000
  140      1127.9       446.2    0.3759   0.76   0.35    -1.6000  lv0(-1.6)          2.4s
  141      1094.1       516.0    0.3762   0.76   0.35    -1.6000  lv0(-1.6)          2.4s
  142      1449.6       505.1    0.3764   0.77   0.35    -1.6000  lv0(-1.6)          2.4s
  143      1396.8       496.2    0.3767   0.77   0.36    -1.6000  lv0(-1.6)          2.7s
  144      1210.6       406.0    0.3768   0.78   0.36    -1.6000  lv0(-1.6)          2.3s
  145      1349.7       538.7    0.3770   0.78   0.36    -1.6000  lv0(-1.6)          2.5s
  146      1428.7       594.9    0.3774   0.78   0.36    -1.6000  lv0(-1.6)          2.7s
  147      1482.4       560.7    0.3777   0.79   0.37    -1.6000  lv0(-1.6)          2.7s
  148      1391.3       574.2    0.3780   0.79   0.37    -1.6000  lv0(-1.6)          2.8s
  149      1567.5       634.2    0.3786   0.80   0.37    -1.6000  lv0(-1.6)          2.9s
  [probe] gen=150 score=-152.7 net=0.054 fell=1.000
  [plot] Saved fitness curve → experiments/thesis/adaptive_progression/seed_01/fitness_curve.png
  150      1352.2       567.3    0.3792   0.80   0.38    -1.6000  lv0(-1.6)          2.6s
  151      1284.4       491.0    0.3797   0.80   0.38    -1.6000  lv0(-1.6)          2.3s
  152      1246.2       569.2    0.3801   0.81   0.38    -1.6000  lv0(-1.6)          2.8s
  153      1142.7       440.3    0.3805   0.81   0.38    -1.6000  lv0(-1.6)          2.5s
  154      1366.8       576.9    0.3810   0.82   0.39    -1.6000  lv0(-1.6)          2.7s
  155      1390.6       607.9    0.3815   0.82   0.39    -1.6000  lv0(-1.6)          2.8s
  156      1205.2       617.8    0.3820   0.82   0.39    -1.6000  lv0(-1.6)          2.8s
  157      1426.2       592.3    0.3825   0.83   0.39    -1.6000  lv0(-1.6)          2.7s
  158      1184.6       507.1    0.3829   0.83   0.40    -1.6000  lv0(-1.6)          2.7s
  159      1248.5       476.4    0.3833   0.84   0.40    -1.6000  lv0(-1.6)          2.5s
  [probe] gen=160 score=40.3 net=0.927 fell=1.000
  160      1194.9       539.4    0.3837   0.84   0.40    -1.6000  lv0(-1.6)          2.4s
  161      1273.2       503.0    0.3842   0.84   0.40    -1.6000  lv0(-1.6)          2.4s
  162      1581.0       621.1    0.3848   0.85   0.41    -1.6000  lv0(-1.6)          2.8s
  163      1400.1       611.4    0.3852   0.85   0.41    -1.6000  lv0(-1.6)          2.9s
  164      1490.8       599.0    0.3858   0.86   0.41    -1.6000  lv0(-1.6)          2.8s
  165      1523.7       616.4    0.3863   0.86   0.41    -1.6000  lv0(-1.6)          2.8s
  166      1231.5       516.6    0.3868   0.86   0.41    -1.6000  lv0(-1.6)          2.4s
  167      1335.0       504.8    0.3872   0.87   0.42    -1.6000  lv0(-1.6)          2.6s
  168      1551.9       666.6    0.3876   0.87   0.42    -1.6000  lv0(-1.6)          3.0s
  169      1435.2       501.3    0.3880   0.88   0.42    -1.6000  lv0(-1.6)          2.6s
  [probe] gen=170 score=-144.6 net=0.111 fell=1.000
  170      1246.1       505.4    0.3885   0.88   0.42    -1.6000  lv0(-1.6)          2.6s
  171      1566.0       497.6    0.3891   0.88   0.43    -1.6000  lv0(-1.6)          2.7s
  172      1108.9       454.5    0.3898   0.89   0.43    -1.6000  lv0(-1.6)          2.7s
  173      1222.7       498.7    0.3906   0.89   0.43    -1.6000  lv0(-1.6)          2.7s
  174      1354.3       575.7    0.3911   0.90   0.43    -1.6000  lv0(-1.6)          2.7s
  [plot] Saved fitness curve → experiments/thesis/adaptive_progression/seed_01/fitness_curve.png
  175      1411.5       661.4    0.3917   0.90   0.44    -1.6000  lv0(-1.6)          2.8s
  176      1441.6       596.0    0.3921   0.90   0.44    -1.6000  lv0(-1.6)          2.7s
  177      1510.1       581.9    0.3926   0.91   0.44    -1.6000  lv0(-1.6)          2.7s
  178      1549.3       628.4    0.3930   0.91   0.45    -1.6000  lv0(-1.6)          2.6s
  179      1451.9       568.2    0.3934   0.92   0.45    -1.6000  lv0(-1.6)          2.8s
  [probe] gen=180 score=228.4 net=1.721 fell=1.000 [new best earth]
  180      1390.4       627.5    0.3938   0.92   0.45    -1.6000  lv0(-1.6)          2.9s
  181      1489.5       583.0    0.3944   0.92   0.45    -1.6000  lv0(-1.6)          2.7s
  182      1162.0       358.7    0.3949   0.93   0.46    -1.6000  lv0(-1.6)          2.3s
  183      1404.9       573.1    0.3954   0.93   0.46    -1.6000  lv0(-1.6)          2.9s
  184      1489.3       621.0    0.3959   0.94   0.46    -1.6000  lv0(-1.6)          2.9s
  185      1453.9       572.6    0.3963   0.94   0.46    -1.6000  lv0(-1.6)          2.7s
  186      1255.3       547.7    0.3968   0.94   0.47    -1.6000  lv0(-1.6)          2.7s
  187      1592.6       541.4    0.3973   0.95   0.47    -1.6000  lv0(-1.6)          2.6s
  188      1397.8       511.0    0.3978   0.95   0.47    -1.6000  lv0(-1.6)          2.7s
  189      1494.9       623.2    0.3982   0.96   0.47    -1.6000  lv0(-1.6)          2.8s
  [probe] gen=190 score=183.4 net=1.604 fell=1.000
  190      1279.7       606.0    0.3987   0.96   0.47    -1.6000  lv0(-1.6)          3.0s
  191      1217.0       504.5    0.3991   0.96   0.48    -1.6000  lv0(-1.6)          2.7s
  192      1530.6       625.3    0.3995   0.97   0.48    -1.6000  lv0(-1.6)          2.8s
  193      1555.7       571.2    0.3998   0.97   0.48    -1.6000  lv0(-1.6)          2.7s
  194      1491.8       638.0    0.4000   0.98   0.48    -1.6000  lv0(-1.6)          2.8s
  195      1640.4       615.6    0.4001   0.98   0.49    -1.6000  lv0(-1.6)          2.8s
  196      1507.8       615.2    0.4002   0.98   0.49    -1.6000  lv0(-1.6)          2.6s
  197      1379.8       575.5    0.4002   0.99   0.49    -1.6000  lv0(-1.6)          2.7s
  198      1455.5       568.6    0.4005   0.99   0.49    -1.6000  lv0(-1.6)          2.4s
  199      1342.6       611.6    0.4009   1.00   0.50    -1.6000  lv0(-1.6)          2.8s
  [probe] gen=200 score=98.8 net=1.262 fell=1.000
  [plot] Saved fitness curve → experiments/thesis/adaptive_progression/seed_01/fitness_curve.png
  200      1542.7       585.4    0.4012   1.00   0.50    -1.6000  lv0(-1.6)          2.6s
  201      1444.7       438.5    0.4017   1.00   0.50    -1.6000  lv0(-1.6)          2.2s
  202      1313.3       523.8    0.4023   1.00   0.50    -1.6000  lv0(-1.6)          2.4s
  203      1246.8       462.7    0.4028   1.00   0.50    -1.6000  lv0(-1.6)          2.5s
  204      1539.2       456.0    0.4031   1.00   0.50    -1.6000  lv0(-1.6)          2.5s
  205      1594.8       544.8    0.4035   1.00   0.50    -1.6000  lv0(-1.6)          2.7s
  206      1374.4       619.7    0.4040   1.00   0.50    -1.6000  lv0(-1.6)          2.9s
  207      1456.2       587.8    0.4043   1.00   0.50    -1.6000  lv0(-1.6)          2.9s
  208      1671.4       637.5    0.4048   1.00   0.50    -1.6000  lv0(-1.6)          2.9s
  209      1445.2       684.9    0.4053   1.00   0.50    -1.6000  lv0(-1.6)          2.9s
  [probe] gen=210 score=32.5 net=1.027 fell=1.000
  210      1290.2       500.1    0.4058   1.00   0.50    -1.6000  lv0(-1.6)          2.5s
  211      1493.2       527.7    0.4062   1.00   0.50    -1.6000  lv0(-1.6)          2.5s
  212      1504.3       573.4    0.4068   1.00   0.50    -1.6000  lv0(-1.6)          2.6s
  213      1783.6       592.3    0.4074   1.00   0.50    -1.6000  lv0(-1.6)          2.6s
  214      1555.1       722.9    0.4079   1.00   0.50    -1.6000  lv0(-1.6)          2.9s
  215      1660.6       695.6    0.4084   1.00   0.50    -1.6000  lv0(-1.6)          2.8s
  216      1521.7       649.4    0.4090   1.00   0.50    -1.6000  lv0(-1.6)          2.8s
  217      1556.0       754.5    0.4093   1.00   0.50    -1.6000  lv0(-1.6)          3.0s
  218      1583.0       683.7    0.4096   1.00   0.50    -1.6000  lv0(-1.6)          2.7s
  219      1225.3       688.5    0.4099   1.00   0.50    -1.6000  lv0(-1.6)          3.0s
  [probe] gen=220 score=159.5 net=1.515 fell=1.000
  220      1566.2       645.7    0.4101   1.00   0.50    -1.6000  lv0(-1.6)          2.8s
  221      1291.6       511.6    0.4102   1.00   0.50    -1.6000  lv0(-1.6)          2.6s
  222      1468.6       656.9    0.4105   1.00   0.50    -1.6000  lv0(-1.6)          3.0s
  223      1528.7       643.0    0.4108   1.00   0.50    -1.6000  lv0(-1.6)          2.9s
  224      1780.9       656.5    0.4110   1.00   0.50    -1.6000  lv0(-1.6)          3.4s
  [plot] Saved fitness curve → experiments/thesis/adaptive_progression/seed_01/fitness_curve.png
  225      1436.9       675.0    0.4111   1.00   0.50    -1.6000  lv0(-1.6)          2.9s
  226      1480.6       706.8    0.4113   1.00   0.50    -1.6000  lv0(-1.6)          3.1s
  227      1570.3       746.3    0.4114   1.00   0.50    -1.6000  lv0(-1.6)          3.1s
  228      1325.3       668.8    0.4114   1.00   0.50    -1.6000  lv0(-1.6)          3.0s
  229      1474.6       673.3    0.4113   1.00   0.50    -1.6000  lv0(-1.6)          2.9s
  [probe] gen=230 score=174.3 net=1.554 fell=1.000
  230      1405.2       692.9    0.4112   1.00   0.50    -1.6000  lv0(-1.6)          2.9s
  231      1340.3       556.3    0.4111   1.00   0.50    -1.6000  lv0(-1.6)          2.8s
  232      1404.6       724.4    0.4111   1.00   0.50    -1.6000  lv0(-1.6)          3.0s
  233      1603.7       736.5    0.4109   1.00   0.50    -1.6000  lv0(-1.6)          2.9s
  234      1447.7       657.2    0.4110   1.00   0.50    -1.6000  lv0(-1.6)          3.0s
  235      1376.8       631.2    0.4111   1.00   0.50    -1.6000  lv0(-1.6)          2.8s
  236      1303.9       623.5    0.4115   1.00   0.50    -1.6000  lv0(-1.6)          2.8s
  237      1312.4       628.2    0.4118   1.00   0.50    -1.6000  lv0(-1.6)          2.9s
  238      1404.8       704.7    0.4121   1.00   0.50    -1.6000  lv0(-1.6)          2.9s
  239      1485.6       721.5    0.4123   1.00   0.50    -1.6000  lv0(-1.6)          3.0s
  [probe] gen=240 score=189.3 net=1.629 fell=1.000
  240      1536.8       667.2    0.4127   1.00   0.50    -1.6000  lv0(-1.6)          3.0s
  241      1532.9       575.5    0.4130   1.00   0.50    -1.6000  lv0(-1.6)          2.7s
  242      1463.3       757.0    0.4132   1.00   0.50    -1.6000  lv0(-1.6)          3.0s
  [stage] gen=243  gravity -1.60 → -3.00  ES restarted  remaining=256
  243      1459.1       678.1    0.5000   1.00   0.50    -1.6000  lv0(-1.6)          3.0s
  244       650.4       100.9    0.4903   1.00   0.50    -3.0000  lv1(-3.0)          1.2s
  245      1349.5       303.7    0.4818   1.00   0.50    -3.0000  lv1(-3.0)          1.7s
  246      1231.5       268.0    0.4742   1.00   0.50    -3.0000  lv1(-3.0)          1.7s
  247      1568.9       345.0    0.4676   1.00   0.50    -3.0000  lv1(-3.0)          1.9s
  248      1606.5       392.8    0.4615   1.00   0.50    -3.0000  lv1(-3.0)          1.9s
  249      1524.8       405.7    0.4558   1.00   0.50    -3.0000  lv1(-3.0)          2.1s
  [probe] gen=250 score=164.2 net=1.511 fell=1.000
  [plot] Saved fitness curve → experiments/thesis/adaptive_progression/seed_01/fitness_curve.png
  250      1410.4       521.5    0.4506   1.00   0.50    -3.0000  lv1(-3.0)          2.1s
  251      1404.8       463.0    0.4457   1.00   0.50    -3.0000  lv1(-3.0)          2.0s
  252      1490.4       420.2    0.4412   1.00   0.50    -3.0000  lv1(-3.0)          2.0s
  253      1310.7       395.4    0.4370   1.00   0.50    -3.0000  lv1(-3.0)          2.1s
  254      1141.1       403.6    0.4332   1.00   0.50    -3.0000  lv1(-3.0)          2.0s
  255      1426.5       488.2    0.4296   1.00   0.50    -3.0000  lv1(-3.0)          2.3s
  256      1501.2       427.7    0.4262   1.00   0.50    -3.0000  lv1(-3.0)          2.2s
  257      1756.9       465.0    0.4231   1.00   0.50    -3.0000  lv1(-3.0)          2.1s
  258      1589.1       404.2    0.4203   1.00   0.50    -3.0000  lv1(-3.0)          2.3s
  259      1691.0       618.3    0.4177   1.00   0.50    -3.0000  lv1(-3.0)          2.4s
  [probe] gen=260 score=76.5 net=1.069 fell=1.000
  260      1466.1       547.9    0.4154   1.00   0.50    -3.0000  lv1(-3.0)          2.4s
  261      1457.5       697.4    0.4133   1.00   0.50    -3.0000  lv1(-3.0)          2.6s
  262      1328.6       567.5    0.4113   1.00   0.50    -3.0000  lv1(-3.0)          2.4s
  263      1442.9       607.4    0.4094   1.00   0.50    -3.0000  lv1(-3.0)          2.5s
  264      1654.5       620.7    0.4074   1.00   0.50    -3.0000  lv1(-3.0)          2.4s
  265      1313.8       573.0    0.4055   1.00   0.50    -3.0000  lv1(-3.0)          2.5s
  266      1623.3       561.8    0.4035   1.00   0.50    -3.0000  lv1(-3.0)          2.3s
  267      1531.1       595.0    0.4015   1.00   0.50    -3.0000  lv1(-3.0)          2.5s
  268      1540.2       584.1    0.3997   1.00   0.50    -3.0000  lv1(-3.0)          2.5s
  269      1381.3       529.2    0.3978   1.00   0.50    -3.0000  lv1(-3.0)          2.5s
  [probe] gen=270 score=189.4 net=1.589 fell=1.000
  270      1281.5       605.2    0.3960   1.00   0.50    -3.0000  lv1(-3.0)          2.7s
  271      1373.4       636.4    0.3944   1.00   0.50    -3.0000  lv1(-3.0)          2.6s
  272      1482.5       556.3    0.3930   1.00   0.50    -3.0000  lv1(-3.0)          2.5s
  273      1451.7       640.5    0.3915   1.00   0.50    -3.0000  lv1(-3.0)          2.7s
  [stage] gen=274  gravity -3.00 → -5.00  ES restarted  remaining=225
  274      1434.1       701.0    0.5000   1.00   0.50    -3.0000  lv1(-3.0)          2.9s
  [plot] Saved fitness curve → experiments/thesis/adaptive_progression/seed_01/fitness_curve.png
  275      1130.9       126.5    0.4903   1.00   0.50    -5.0000  lv2(-5.0)          1.2s
  276      1073.0       170.9    0.4819   1.00   0.50    -5.0000  lv2(-5.0)          1.3s
  277       637.8       286.8    0.4743   1.00   0.50    -5.0000  lv2(-5.0)          1.5s
  278       928.4       254.5    0.4675   1.00   0.50    -5.0000  lv2(-5.0)          1.6s
  279       626.7       225.8    0.4613   1.00   0.50    -5.0000  lv2(-5.0)          1.3s
  [probe] gen=280 score=190.9 net=1.617 fell=1.000
  280       545.2       231.4    0.4558   1.00   0.50    -5.0000  lv2(-5.0)          1.5s
  281       569.8       246.5    0.4507   1.00   0.50    -5.0000  lv2(-5.0)          1.4s
  282       906.3       230.6    0.4459   1.00   0.50    -5.0000  lv2(-5.0)          1.5s
  283       944.7       326.6    0.4414   1.00   0.50    -5.0000  lv2(-5.0)          1.7s
  284       925.8       294.9    0.4372   1.00   0.50    -5.0000  lv2(-5.0)          1.7s
  285       978.3       308.0    0.4332   1.00   0.50    -5.0000  lv2(-5.0)          1.9s
  286      1131.1       266.5    0.4294   1.00   0.50    -5.0000  lv2(-5.0)          1.7s
  287      1058.8       393.2    0.4258   1.00   0.50    -5.0000  lv2(-5.0)          2.0s
  288      1025.3       370.1    0.4225   1.00   0.50    -5.0000  lv2(-5.0)          1.8s
  289      1233.7       358.5    0.4197   1.00   0.50    -5.0000  lv2(-5.0)          1.9s
  [probe] gen=290 score=237.7 net=1.754 fell=1.000 [new best earth]
  290      1337.9       538.3    0.4170   1.00   0.50    -5.0000  lv2(-5.0)          2.1s
  291      1134.9       435.4    0.4148   1.00   0.50    -5.0000  lv2(-5.0)          1.9s
  292      1485.4       623.4    0.4126   1.00   0.50    -5.0000  lv2(-5.0)          2.3s
  293      1361.6       531.6    0.4106   1.00   0.50    -5.0000  lv2(-5.0)          2.2s
  294      1196.6       415.3    0.4088   1.00   0.50    -5.0000  lv2(-5.0)          2.3s
  295      1180.2       529.9    0.4071   1.00   0.50    -5.0000  lv2(-5.0)          2.3s
  296      1218.0       417.7    0.4054   1.00   0.50    -5.0000  lv2(-5.0)          1.9s
  297      1235.5       421.2    0.4039   1.00   0.50    -5.0000  lv2(-5.0)          2.0s
  298      1272.2       393.3    0.4025   1.00   0.50    -5.0000  lv2(-5.0)          1.8s
  299      1206.9       463.1    0.4011   1.00   0.50    -5.0000  lv2(-5.0)          2.1s
  [probe] gen=300 score=192.1 net=1.604 fell=1.000
  [plot] Saved fitness curve → experiments/thesis/adaptive_progression/seed_01/fitness_curve.png
  300      1381.2       465.8    0.3998   1.00   0.50    -5.0000  lv2(-5.0)          2.2s
  301      1204.3       557.1    0.3988   1.00   0.50    -5.0000  lv2(-5.0)          2.4s
  302      1118.1       403.0    0.3980   1.00   0.50    -5.0000  lv2(-5.0)          2.3s
  303      1310.0       537.9    0.3971   1.00   0.50    -5.0000  lv2(-5.0)          2.5s
  304      1309.3       484.0    0.3965   1.00   0.50    -5.0000  lv2(-5.0)          2.5s
  [stage] gen=305  gravity -5.00 → -7.00  ES restarted  remaining=194
  305      1190.5       481.8    0.5000   1.00   0.50    -5.0000  lv2(-5.0)          2.5s
  306       335.4        79.9    0.4904   1.00   0.50    -7.0000  lv3(-7.0)          1.1s
  307       272.9        27.3    0.4820   1.00   0.50    -7.0000  lv3(-7.0)          1.0s
  308       287.0        48.5    0.4745   1.00   0.50    -7.0000  lv3(-7.0)          1.1s
  309       418.7       101.8    0.4677   1.00   0.50    -7.0000  lv3(-7.0)          1.1s
  [probe] gen=310 score=207.9 net=1.637 fell=1.000
  310       424.4        86.2    0.4612   1.00   0.50    -7.0000  lv3(-7.0)          1.1s
  311       469.7       104.6    0.4553   1.00   0.50    -7.0000  lv3(-7.0)          1.1s
  312       472.2       215.0    0.4498   1.00   0.50    -7.0000  lv3(-7.0)          1.1s
  313       526.2       213.2    0.4448   1.00   0.50    -7.0000  lv3(-7.0)          1.2s
  314       493.6       179.4    0.4404   1.00   0.50    -7.0000  lv3(-7.0)          1.2s
  315       491.9       202.0    0.4365   1.00   0.50    -7.0000  lv3(-7.0)          1.2s
  316       586.0       216.9    0.4328   1.00   0.50    -7.0000  lv3(-7.0)          1.4s
  317       710.4       228.5    0.4294   1.00   0.50    -7.0000  lv3(-7.0)          1.3s
  318       648.0       326.2    0.4262   1.00   0.50    -7.0000  lv3(-7.0)          1.6s
  319       769.7       228.7    0.4232   1.00   0.50    -7.0000  lv3(-7.0)          1.5s
  [probe] gen=320 score=214.7 net=1.675 fell=1.000
  320       926.7       248.2    0.4205   1.00   0.50    -7.0000  lv3(-7.0)          1.5s
  321       635.8       288.7    0.4178   1.00   0.50    -7.0000  lv3(-7.0)          1.5s
  322       693.7       273.1    0.4154   1.00   0.50    -7.0000  lv3(-7.0)          1.5s
  323       526.9       304.3    0.4132   1.00   0.50    -7.0000  lv3(-7.0)          1.6s
  324       808.3       343.4    0.4111   1.00   0.50    -7.0000  lv3(-7.0)          1.7s
  [plot] Saved fitness curve → experiments/thesis/adaptive_progression/seed_01/fitness_curve.png
  325       860.8       285.4    0.4092   1.00   0.50    -7.0000  lv3(-7.0)          1.7s
  326       968.5       256.6    0.4075   1.00   0.50    -7.0000  lv3(-7.0)          1.7s
  327       826.5       294.4    0.4060   1.00   0.50    -7.0000  lv3(-7.0)          1.7s
  328      1062.3       365.0    0.4045   1.00   0.50    -7.0000  lv3(-7.0)          1.8s
  329       705.9       306.2    0.4031   1.00   0.50    -7.0000  lv3(-7.0)          1.6s
  [probe] gen=330 score=276.8 net=1.890 fell=1.000 [new best earth]
  330       687.3       293.6    0.4017   1.00   0.50    -7.0000  lv3(-7.0)          1.5s
  331       818.9       305.0    0.4002   1.00   0.50    -7.0000  lv3(-7.0)          1.4s
  332       901.6       381.0    0.3990   1.00   0.50    -7.0000  lv3(-7.0)          1.6s
  333      1173.3       411.0    0.3981   1.00   0.50    -7.0000  lv3(-7.0)          1.9s
  334       659.2       255.2    0.3971   1.00   0.50    -7.0000  lv3(-7.0)          1.5s
  335       901.0       299.8    0.3961   1.00   0.50    -7.0000  lv3(-7.0)          1.8s
  [stage] gen=336  gravity -7.00 → -9.81  ES restarted  remaining=163
  336      1041.3       323.4    0.5000   1.00   0.50    -7.0000  lv3(-7.0)          2.0s
  337       194.7       -58.1    0.4904   1.00   0.50    -9.8100  lv4(-9.8)          1.6s
  338       247.4       -18.5    0.4821   1.00   0.50    -9.8100  lv4(-9.8)          1.1s
  339       231.1       -37.2    0.4745   1.00   0.50    -9.8100  lv4(-9.8)          0.9s
  [probe] gen=340 score=-97.8 net=0.237 fell=1.000
  340       240.6       -31.6    0.4677   1.00   0.50    -9.8100  lv4(-9.8)          1.0s
  341       283.5       -33.4    0.4614   1.00   0.50    -9.8100  lv4(-9.8)          1.1s
  342       322.2        48.4    0.4559   1.00   0.50    -9.8100  lv4(-9.8)          1.1s
  343       285.5       103.4    0.4508   1.00   0.50    -9.8100  lv4(-9.8)          1.0s
  344       262.3        71.8    0.4461   1.00   0.50    -9.8100  lv4(-9.8)          1.1s
  345       262.7        97.5    0.4418   1.00   0.50    -9.8100  lv4(-9.8)          1.0s
  346       282.4        45.6    0.4379   1.00   0.50    -9.8100  lv4(-9.8)          1.1s
  347       321.0        76.8    0.4344   1.00   0.50    -9.8100  lv4(-9.8)          1.0s
  348       322.0        26.3    0.4311   1.00   0.50    -9.8100  lv4(-9.8)          0.9s
  349       299.5        64.6    0.4279   1.00   0.50    -9.8100  lv4(-9.8)          1.0s
  [probe] gen=350 score=293.1 net=1.937 fell=1.000 [new best earth]
  [plot] Saved fitness curve → experiments/thesis/adaptive_progression/seed_01/fitness_curve.png
  350       335.7        91.9    0.4250   1.00   0.50    -9.8100  lv4(-9.8)          1.0s
  351       303.5       128.7    0.4224   1.00   0.50    -9.8100  lv4(-9.8)          1.1s
  352       316.5       157.2    0.4197   1.00   0.50    -9.8100  lv4(-9.8)          1.3s
  353       367.2       108.2    0.4172   1.00   0.50    -9.8100  lv4(-9.8)          1.2s
  354       312.8        71.7    0.4148   1.00   0.50    -9.8100  lv4(-9.8)          1.0s
  355       382.7       105.4    0.4124   1.00   0.50    -9.8100  lv4(-9.8)          1.1s
  356       345.0       116.5    0.4103   1.00   0.50    -9.8100  lv4(-9.8)          1.1s
  357       353.3       155.5    0.4084   1.00   0.50    -9.8100  lv4(-9.8)          1.1s
  358       337.1       140.8    0.4066   1.00   0.50    -9.8100  lv4(-9.8)          1.2s
  359       368.0       120.5    0.4047   1.00   0.50    -9.8100  lv4(-9.8)          1.2s
  [probe] gen=360 score=109.2 net=0.673 fell=0.900
  360       448.5       122.8    0.4029   1.00   0.50    -9.8100  lv4(-9.8)          1.2s
  361       344.4        95.8    0.4011   1.00   0.50    -9.8100  lv4(-9.8)          1.2s
  362       338.9        85.3    0.3995   1.00   0.50    -9.8100  lv4(-9.8)          1.1s
  363       580.0       193.8    0.3978   1.00   0.50    -9.8100  lv4(-9.8)          1.5s
  364       404.0       158.6    0.3961   1.00   0.50    -9.8100  lv4(-9.8)          1.3s
  365       361.3       152.7    0.3946   1.00   0.50    -9.8100  lv4(-9.8)          1.3s
  366       470.4       208.8    0.3932   1.00   0.50    -9.8100  lv4(-9.8)          1.4s
  367       339.8       204.0    0.3919   1.00   0.50    -9.8100  lv4(-9.8)          1.4s
  368       375.6       194.2    0.3904   1.00   0.50    -9.8100  lv4(-9.8)          1.3s
  369       372.1       216.9    0.3889   1.00   0.50    -9.8100  lv4(-9.8)          1.5s
  [probe] gen=370 score=382.5 net=2.037 fell=1.000 [new best earth]
  370       411.4       176.1    0.3874   1.00   0.50    -9.8100  lv4(-9.8)          1.5s
  371       420.1       212.7    0.3860   1.00   0.50    -9.8100  lv4(-9.8)          1.4s
  372       431.1       191.2    0.3846   1.00   0.50    -9.8100  lv4(-9.8)          1.5s
  373       479.8       178.7    0.3831   1.00   0.50    -9.8100  lv4(-9.8)          1.4s
  374       378.4       178.8    0.3817   1.00   0.50    -9.8100  lv4(-9.8)          1.6s
  [plot] Saved fitness curve → experiments/thesis/adaptive_progression/seed_01/fitness_curve.png
  375       437.3       180.9    0.3803   1.00   0.50    -9.8100  lv4(-9.8)          2.2s
  376       424.5       161.6    0.3792   1.00   0.50    -9.8100  lv4(-9.8)          1.9s
  377       410.5       223.6    0.3781   1.00   0.50    -9.8100  lv4(-9.8)          1.6s
  378       537.0       254.1    0.3771   1.00   0.50    -9.8100  lv4(-9.8)          1.7s
  379       439.7       198.7    0.3761   1.00   0.50    -9.8100  lv4(-9.8)          1.7s
  [probe] gen=380 score=384.9 net=2.079 fell=1.000 [new best earth]
  380       546.5       182.4    0.3752   1.00   0.50    -9.8100  lv4(-9.8)          1.7s
  381       455.9       200.8    0.3744   1.00   0.50    -9.8100  lv4(-9.8)          1.8s
  382       541.5       187.2    0.3735   1.00   0.50    -9.8100  lv4(-9.8)          1.9s
  383       537.3       155.6    0.3726   1.00   0.50    -9.8100  lv4(-9.8)          1.7s
  384       613.3       181.8    0.3719   1.00   0.50    -9.8100  lv4(-9.8)          1.8s
  385       601.6       179.9    0.3711   1.00   0.50    -9.8100  lv4(-9.8)          1.9s
  386       552.2       244.5    0.3705   1.00   0.50    -9.8100  lv4(-9.8)          2.0s
  387       557.3       233.9    0.3700   1.00   0.50    -9.8100  lv4(-9.8)          1.9s
  388       512.7       254.9    0.3693   1.00   0.50    -9.8100  lv4(-9.8)          1.7s
  389       590.7       224.2    0.3689   1.00   0.50    -9.8100  lv4(-9.8)          2.0s
  [probe] gen=390 score=618.8 net=2.859 fell=0.700 [new best earth]
  390       693.0       261.7    0.3683   1.00   0.50    -9.8100  lv4(-9.8)          2.0s
  391       709.2       242.4    0.3680   1.00   0.50    -9.8100  lv4(-9.8)          1.9s
  392       657.7       246.7    0.3676   1.00   0.50    -9.8100  lv4(-9.8)          2.2s
  393       612.1       271.6    0.3671   1.00   0.50    -9.8100  lv4(-9.8)          2.1s
  394       595.6       196.1    0.3666   1.00   0.50    -9.8100  lv4(-9.8)          1.6s
  395       554.6       265.3    0.3661   1.00   0.50    -9.8100  lv4(-9.8)          2.1s
  396       616.8       257.3    0.3656   1.00   0.50    -9.8100  lv4(-9.8)          1.9s
  397       651.5       268.5    0.3651   1.00   0.50    -9.8100  lv4(-9.8)          2.3s
  398       591.6       284.1    0.3646   1.00   0.50    -9.8100  lv4(-9.8)          1.9s
  399       600.0       310.3    0.3641   1.00   0.50    -9.8100  lv4(-9.8)          2.2s
  [probe] gen=400 score=491.2 net=1.957 fell=0.300
  [plot] Saved fitness curve → experiments/thesis/adaptive_progression/seed_01/fitness_curve.png
  400       603.9       271.6    0.3636   1.00   0.50    -9.8100  lv4(-9.8)          2.0s
  401       720.2       230.3    0.3630   1.00   0.50    -9.8100  lv4(-9.8)          1.7s
  402       645.7       266.0    0.3625   1.00   0.50    -9.8100  lv4(-9.8)          1.9s
  403       659.7       241.7    0.3619   1.00   0.50    -9.8100  lv4(-9.8)          2.1s
  404       718.9       282.5    0.3615   1.00   0.50    -9.8100  lv4(-9.8)          2.2s
  405       618.8       218.3    0.3610   1.00   0.50    -9.8100  lv4(-9.8)          2.3s
  406       572.4       205.8    0.3607   1.00   0.50    -9.8100  lv4(-9.8)          2.2s
  407       758.8       290.8    0.3606   1.00   0.50    -9.8100  lv4(-9.8)          2.5s
  408       630.4       193.3    0.3605   1.00   0.50    -9.8100  lv4(-9.8)          2.2s
  409       711.7       224.2    0.3604   1.00   0.50    -9.8100  lv4(-9.8)          2.4s
  [probe] gen=410 score=390.5 net=1.642 fell=0.600
  410       562.3       257.1    0.3604   1.00   0.50    -9.8100  lv4(-9.8)          2.3s
  411       657.7       274.2    0.3605   1.00   0.50    -9.8100  lv4(-9.8)          2.0s
  412       790.1       233.0    0.3606   1.00   0.50    -9.8100  lv4(-9.8)          2.2s
  413       724.3       260.0    0.3608   1.00   0.50    -9.8100  lv4(-9.8)          2.1s
  414       761.5       326.2    0.3610   1.00   0.50    -9.8100  lv4(-9.8)          2.5s
  415       560.0       200.9    0.3612   1.00   0.50    -9.8100  lv4(-9.8)          2.2s
  416       615.0       195.8    0.3614   1.00   0.50    -9.8100  lv4(-9.8)          2.3s
  417       661.5       233.7    0.3618   1.00   0.50    -9.8100  lv4(-9.8)          2.0s
  418       776.7       278.8    0.3621   1.00   0.50    -9.8100  lv4(-9.8)          2.1s
  419       755.2       299.4    0.3624   1.00   0.50    -9.8100  lv4(-9.8)          2.1s
  [probe] gen=420 score=535.0 net=2.479 fell=0.700
  420       818.7       343.9    0.3625   1.00   0.50    -9.8100  lv4(-9.8)          2.1s
  421       763.3       357.2    0.3627   1.00   0.50    -9.8100  lv4(-9.8)          2.4s
  422       846.6       233.8    0.3629   1.00   0.50    -9.8100  lv4(-9.8)          2.1s
  423       740.8       281.4    0.3631   1.00   0.50    -9.8100  lv4(-9.8)          2.2s
  424       740.6       328.5    0.3633   1.00   0.50    -9.8100  lv4(-9.8)          2.4s
  [plot] Saved fitness curve → experiments/thesis/adaptive_progression/seed_01/fitness_curve.png
  425       731.4       229.9    0.3637   1.00   0.50    -9.8100  lv4(-9.8)          2.2s
  426       892.4       316.7    0.3639   1.00   0.50    -9.8100  lv4(-9.8)          2.3s
  427       743.1       276.2    0.3641   1.00   0.50    -9.8100  lv4(-9.8)          2.3s
  428       701.5       302.6    0.3642   1.00   0.50    -9.8100  lv4(-9.8)          2.5s
  429       738.7       156.6    0.3642   1.00   0.50    -9.8100  lv4(-9.8)          2.1s
  [probe] gen=430 score=398.0 net=1.864 fell=0.600
  430       817.6       341.5    0.3642   1.00   0.50    -9.8100  lv4(-9.8)          2.5s
  431       706.7       301.3    0.3643   1.00   0.50    -9.8100  lv4(-9.8)          2.1s
  432       718.1       317.3    0.3642   1.00   0.50    -9.8100  lv4(-9.8)          2.2s
  433       689.9       268.3    0.3641   1.00   0.50    -9.8100  lv4(-9.8)          2.2s
  434       745.3       298.8    0.3640   1.00   0.50    -9.8100  lv4(-9.8)          2.6s
  435       787.3       346.5    0.3639   1.00   0.50    -9.8100  lv4(-9.8)          2.8s
  436       767.7       434.8    0.3637   1.00   0.50    -9.8100  lv4(-9.8)          2.8s
  437       751.4       353.1    0.3636   1.00   0.50    -9.8100  lv4(-9.8)          2.4s
  438       775.9       346.0    0.3633   1.00   0.50    -9.8100  lv4(-9.8)          2.0s
  439       841.5       358.8    0.3629   1.00   0.50    -9.8100  lv4(-9.8)          2.4s
  [probe] gen=440 score=611.1 net=2.933 fell=0.700
  440       713.7       240.7    0.3626   1.00   0.50    -9.8100  lv4(-9.8)          1.5s
  441       751.4       307.3    0.3623   1.00   0.50    -9.8100  lv4(-9.8)          1.9s
  442       728.0       361.5    0.3619   1.00   0.50    -9.8100  lv4(-9.8)          2.5s
  443       711.8       322.1    0.3616   1.00   0.50    -9.8100  lv4(-9.8)          2.5s
  444       732.7       366.0    0.3612   1.00   0.50    -9.8100  lv4(-9.8)          2.5s
  445       750.9       281.0    0.3609   1.00   0.50    -9.8100  lv4(-9.8)          2.8s
  446       673.1       278.7    0.3605   1.00   0.50    -9.8100  lv4(-9.8)          2.4s
  447       767.4       363.5    0.3600   1.00   0.50    -9.8100  lv4(-9.8)          2.7s
  448       853.0       255.4    0.3596   1.00   0.50    -9.8100  lv4(-9.8)          2.3s
  449       751.2       305.8    0.3591   1.00   0.50    -9.8100  lv4(-9.8)          2.4s
  [probe] gen=450 score=591.5 net=2.587 fell=0.300
  [plot] Saved fitness curve → experiments/thesis/adaptive_progression/seed_01/fitness_curve.png
  450       720.0       294.4    0.3588   1.00   0.50    -9.8100  lv4(-9.8)          2.1s
  451       715.7       291.0    0.3585   1.00   0.50    -9.8100  lv4(-9.8)          2.4s
  452       765.0       267.8    0.3582   1.00   0.50    -9.8100  lv4(-9.8)          2.2s
  453       817.7       348.8    0.3579   1.00   0.50    -9.8100  lv4(-9.8)          2.3s
  454       912.5       357.9    0.3576   1.00   0.50    -9.8100  lv4(-9.8)          2.2s
  455       801.2       447.2    0.3574   1.00   0.50    -9.8100  lv4(-9.8)          2.5s
  456       858.5       363.0    0.3571   1.00   0.50    -9.8100  lv4(-9.8)          2.3s
  457       765.2       367.6    0.3569   1.00   0.50    -9.8100  lv4(-9.8)          2.2s
  458       773.5       456.4    0.3568   1.00   0.50    -9.8100  lv4(-9.8)          3.0s
  459       815.7       423.2    0.3567   1.00   0.50    -9.8100  lv4(-9.8)          3.1s
  [probe] gen=460 score=711.8 net=2.947 fell=0.200 [new best earth]
  460       723.7       391.0    0.3567   1.00   0.50    -9.8100  lv4(-9.8)          2.7s
  461       785.7       354.1    0.3566   1.00   0.50    -9.8100  lv4(-9.8)          2.7s
  462       811.4       426.0    0.3563   1.00   0.50    -9.8100  lv4(-9.8)          2.6s
  463       873.9       484.6    0.3562   1.00   0.50    -9.8100  lv4(-9.8)          2.8s
  464       769.1       433.9    0.3561   1.00   0.50    -9.8100  lv4(-9.8)          2.7s
  465       824.5       420.7    0.3558   1.00   0.50    -9.8100  lv4(-9.8)          2.7s
  466       891.7       308.1    0.3556   1.00   0.50    -9.8100  lv4(-9.8)          2.4s
  467       835.9       386.0    0.3553   1.00   0.50    -9.8100  lv4(-9.8)          2.9s
  468       816.8       352.3    0.3551   1.00   0.50    -9.8100  lv4(-9.8)          2.4s
  469       773.2       448.0    0.3551   1.00   0.50    -9.8100  lv4(-9.8)          2.7s
  [probe] gen=470 score=401.5 net=1.810 fell=0.600
  470       774.7       316.2    0.3551   1.00   0.50    -9.8100  lv4(-9.8)          2.5s
  471       801.5       406.5    0.3551   1.00   0.50    -9.8100  lv4(-9.8)          2.3s
  472       849.0       380.2    0.3550   1.00   0.50    -9.8100  lv4(-9.8)          2.2s
  473       818.5       369.3    0.3548   1.00   0.50    -9.8100  lv4(-9.8)          2.2s
  474       828.8       495.4    0.3546   1.00   0.50    -9.8100  lv4(-9.8)          2.7s
  [plot] Saved fitness curve → experiments/thesis/adaptive_progression/seed_01/fitness_curve.png
  475       876.2       437.8    0.3543   1.00   0.50    -9.8100  lv4(-9.8)          2.5s
  476       831.7       380.7    0.3541   1.00   0.50    -9.8100  lv4(-9.8)          2.2s
  477       808.1       354.8    0.3539   1.00   0.50    -9.8100  lv4(-9.8)          2.4s
  478       826.1       466.9    0.3538   1.00   0.50    -9.8100  lv4(-9.8)          3.1s
  479       910.0       442.6    0.3537   1.00   0.50    -9.8100  lv4(-9.8)          2.8s
  [probe] gen=480 score=406.0 net=2.375 fell=1.000
  480       832.7       488.8    0.3537   1.00   0.50    -9.8100  lv4(-9.8)          2.5s
  481       771.7       410.0    0.3538   1.00   0.50    -9.8100  lv4(-9.8)          2.5s
  482       798.8       452.9    0.3540   1.00   0.50    -9.8100  lv4(-9.8)          2.8s
  483       846.4       467.3    0.3541   1.00   0.50    -9.8100  lv4(-9.8)          2.8s
  484       798.0       444.5    0.3543   1.00   0.50    -9.8100  lv4(-9.8)          2.8s
  485       784.3       481.7    0.3545   1.00   0.50    -9.8100  lv4(-9.8)          3.3s
  486       883.0       378.3    0.3547   1.00   0.50    -9.8100  lv4(-9.8)          2.2s
  487       776.5       451.2    0.3550   1.00   0.50    -9.8100  lv4(-9.8)          2.3s
  488       777.0       392.9    0.3554   1.00   0.50    -9.8100  lv4(-9.8)          2.0s
  489       860.5       470.6    0.3557   1.00   0.50    -9.8100  lv4(-9.8)          2.6s
  [probe] gen=490 score=694.3 net=3.189 fell=0.500
  490       942.3       479.3    0.3561   1.00   0.50    -9.8100  lv4(-9.8)          2.7s
  491       792.8       442.2    0.3566   1.00   0.50    -9.8100  lv4(-9.8)          2.7s
  492       847.8       527.8    0.3571   1.00   0.50    -9.8100  lv4(-9.8)          2.6s
  493       765.4       458.4    0.3575   1.00   0.50    -9.8100  lv4(-9.8)          2.5s
  494       902.1       501.8    0.3578   1.00   0.50    -9.8100  lv4(-9.8)          3.1s
  495       835.3       428.4    0.3582   1.00   0.50    -9.8100  lv4(-9.8)          2.3s
  496       923.1       547.4    0.3586   1.00   0.50    -9.8100  lv4(-9.8)          3.1s
  497       875.1       504.8    0.3590   1.00   0.50    -9.8100  lv4(-9.8)          2.5s
  498       873.8       510.9    0.3593   1.00   0.50    -9.8100  lv4(-9.8)          2.8s
  499       948.9       492.4    0.3596   1.00   0.50    -9.8100  lv4(-9.8)          2.8s
  [plot] Saved fitness curve → experiments/thesis/adaptive_progression/seed_01/fitness_curve.png

Training complete. Best fitness: 1783.6
Best params → experiments/thesis/adaptive_progression/seed_01/checkpoints/best_params.npy
Fitness curve → experiments/thesis/adaptive_progression/seed_01/fitness_curve.png
Eval params  → best_earth_params (earth probe score: 711.8)
Final Earth scorecard | score=678.7 net=2.815 fell=0.150
Gravity sweep | gravities=5 mean_net=1.316 worst_net=-0.149
  [exp] Wrote experiments/thesis/adaptive_progression/seed_01/experiment.json
  [exp] Wrote experiments/thesis/adaptive_progression/seed_01/training_log.csv
  [exp] Wrote experiments/thesis/adaptive_progression/seed_01/earth_probe.csv
  [exp] Wrote experiments/thesis/adaptive_progression/seed_01/gravity_sweep.csv
  [exp] Wrote experiments/thesis/adaptive_progression/seed_01/summary.json
