Walker2d-v5 | policy=CPG  params=504
Curriculum   : GradualTransition  gravity -2.0 → -9.81  warmup=20%
Run context | seed=6 arm=curriculum_variable_gravity run_id=curriculum_variable_gravity_seed_06


Starting CMA-ES | pop=40 | sigma0=0.5 | max_gen=500 | workers=8 | seed=6
Checkpoints → experiments/thesis/curriculum_variable_gravity/seed_06/checkpoints/

  Gen        Best        Mean     Sigma    Gravity  Phase              Time
------------------------------------------------------------------------
  [probe] gen=0 score=-361.3 net=-0.165 fell=1.000
  [plot] Saved fitness curve → experiments/thesis/curriculum_variable_gravity/seed_06/fitness_curve.png
    0      -328.9      -396.9    0.4903    -2.0000  warmup             1.4s
    1      -317.0      -383.1    0.4821    -2.0000  warmup             0.1s
    2      -306.4      -378.8    0.4748    -2.0000  warmup             0.1s
    3      -285.3      -354.4    0.4682    -2.0000  warmup             0.2s
    4      -295.3      -350.4    0.4622    -2.0000  warmup             0.1s
    5      -276.6      -343.8    0.4568    -2.0000  warmup             0.2s
    6      -286.7      -337.1    0.4518    -2.0000  warmup             0.3s
    7      -243.5      -328.0    0.4473    -2.0000  warmup             0.2s
    8      -285.8      -319.9    0.4432    -2.0000  warmup             0.2s
    9      -275.3      -321.3    0.4394    -2.0000  warmup             0.2s
  [probe] gen=10 score=-283.1 net=-0.115 fell=1.000
   10      -274.0      -312.6    0.4358    -2.0000  warmup             0.2s
   11      -258.5      -313.3    0.4326    -2.0000  warmup             0.3s
   12      -266.4      -318.2    0.4300    -2.0000  warmup             0.3s
   13      -264.5      -310.5    0.4274    -2.0000  warmup             0.3s
   14      -249.2      -317.8    0.4252    -2.0000  warmup             0.3s
   15      -238.4      -316.3    0.4231    -2.0000  warmup             0.3s
   16      -221.6      -306.8    0.4212    -2.0000  warmup             0.3s
   17      -198.8      -303.5    0.4195    -2.0000  warmup             0.3s
   18      -240.4      -287.0    0.4180    -2.0000  warmup             0.4s
   19      -188.7      -284.9    0.4165    -2.0000  warmup             0.4s
  [probe] gen=20 score=17.2 net=0.987 fell=1.000
   20        12.6      -272.3    0.4152    -2.0000  warmup             0.5s
   21       -75.6      -276.5    0.4140    -2.0000  warmup             0.6s
   22      -121.9      -272.5    0.4127    -2.0000  warmup             0.6s
   23       -95.7      -248.0    0.4113    -2.0000  warmup             0.7s
   24       203.6      -202.7    0.4100    -2.0000  warmup             0.8s
  [plot] Saved fitness curve → experiments/thesis/curriculum_variable_gravity/seed_06/fitness_curve.png
   25       110.0      -169.7    0.4088    -2.0000  warmup             0.9s
   26       124.9      -182.1    0.4078    -2.0000  warmup             1.0s
   27       336.4      -127.3    0.4069    -2.0000  warmup             1.2s
   28       306.4       -77.6    0.4061    -2.0000  warmup             1.5s
   29       259.6        -6.4    0.4054    -2.0000  warmup             1.5s
  [probe] gen=30 score=23.4 net=0.978 fell=1.000
   30       125.5       -57.4    0.4049    -2.0000  warmup             1.4s
   31       293.0        53.0    0.4044    -2.0000  warmup             1.4s
   32       268.4       -10.3    0.4040    -2.0000  warmup             1.5s
   33       457.9        14.2    0.4038    -2.0000  warmup             1.5s
   34       331.9         2.1    0.4037    -2.0000  warmup             1.5s
   35       488.4        39.9    0.4037    -2.0000  warmup             1.7s
   36       336.6         3.9    0.4037    -2.0000  warmup             1.6s
   37       642.8       -17.8    0.4038    -2.0000  warmup             1.6s
   38       428.7        15.0    0.4038    -2.0000  warmup             1.4s
   39       442.9        43.2    0.4038    -2.0000  warmup             1.6s
  [probe] gen=40 score=-200.6 net=-0.119 fell=1.000
   40       577.1        46.5    0.4036    -2.0000  warmup             1.6s
   41       772.6       -16.9    0.4035    -2.0000  warmup             1.5s
   42       434.3       -24.7    0.4034    -2.0000  warmup             1.5s
   43       249.0       -47.8    0.4031    -2.0000  warmup             1.5s
   44       488.9         5.1    0.4028    -2.0000  warmup             1.5s
   45       572.4        92.7    0.4027    -2.0000  warmup             1.6s
   46       374.4       -19.1    0.4024    -2.0000  warmup             1.5s
   47       379.5        19.9    0.4021    -2.0000  warmup             1.5s
   48       544.0       -28.7    0.4019    -2.0000  warmup             1.5s
   49       247.7         5.0    0.4018    -2.0000  warmup             1.6s
  [probe] gen=50 score=-119.7 net=0.237 fell=1.000
  [plot] Saved fitness curve → experiments/thesis/curriculum_variable_gravity/seed_06/fitness_curve.png
   50       524.8       -45.5    0.4016    -2.0000  warmup             1.5s
   51       306.3       -50.2    0.4016    -2.0000  warmup             1.3s
   52       286.5         6.1    0.4015    -2.0000  warmup             1.4s
   53       418.4        14.8    0.4016    -2.0000  warmup             1.5s
   54       569.0        10.0    0.4016    -2.0000  warmup             1.5s
   55       567.1        13.2    0.4017    -2.0000  warmup             1.5s
   56       418.1        66.9    0.4018    -2.0000  warmup             1.6s
   57       410.2        -1.6    0.4020    -2.0000  warmup             1.5s
   58       238.3        56.0    0.4022    -2.0000  warmup             1.6s
   59       316.6       -37.2    0.4023    -2.0000  warmup             1.5s
  [probe] gen=60 score=5.8 net=0.965 fell=1.000
   60       395.3        19.3    0.4023    -2.0000  warmup             1.5s
   61       461.4        62.1    0.4021    -2.0000  warmup             1.7s
   62       478.2        -8.1    0.4019    -2.0000  warmup             1.4s
   63       382.5       -12.8    0.4017    -2.0000  warmup             1.6s
   64       427.0       -22.9    0.4015    -2.0000  warmup             1.5s
   65       465.2       -21.1    0.4014    -2.0000  warmup             1.4s
   66       557.5         7.9    0.4013    -2.0000  warmup             1.5s
   67       371.7        -0.6    0.4013    -2.0000  warmup             1.5s
   68       389.5        44.8    0.4014    -2.0000  warmup             1.5s
   69       271.4        37.5    0.4014    -2.0000  warmup             1.6s
  [probe] gen=70 score=-77.0 net=0.421 fell=1.000
   70       391.4       -38.0    0.4015    -2.0000  warmup             1.4s
   71       309.9       -31.2    0.4015    -2.0000  warmup             1.4s
   72       255.4        37.2    0.4016    -2.0000  warmup             1.5s
   73       488.6        50.0    0.4017    -2.0000  warmup             1.6s
   74       629.9        31.4    0.4018    -2.0000  warmup             1.5s
  [plot] Saved fitness curve → experiments/thesis/curriculum_variable_gravity/seed_06/fitness_curve.png
   75       479.4        67.2    0.4019    -2.0000  warmup             1.6s
   76       409.2        34.4    0.4021    -2.0000  warmup             1.5s
   77       730.5        11.7    0.4023    -2.0000  warmup             1.5s
   78       420.0        50.1    0.4025    -2.0000  warmup             1.7s
   79       414.9        41.5    0.4028    -2.0000  warmup             1.5s
  [probe] gen=80 score=-154.7 net=0.110 fell=1.000
   80       622.2       113.7    0.4031    -2.0000  warmup             1.7s
   81       669.9        97.4    0.4034    -2.0000  warmup             1.5s
   82       419.4        20.4    0.4036    -2.0000  warmup             1.6s
   83       382.7        45.6    0.4039    -2.0000  warmup             1.6s
   84       604.2        86.5    0.4042    -2.0000  warmup             1.8s
   85       476.4        54.2    0.4046    -2.0000  warmup             1.7s
   86       473.5        18.2    0.4048    -2.0000  warmup             1.6s
   87       652.7        53.7    0.4050    -2.0000  warmup             1.6s
   88       609.3        72.5    0.4052    -2.0000  warmup             1.6s
   89       548.9        73.3    0.4052    -2.0000  warmup             1.6s
  [probe] gen=90 score=-298.8 net=-0.467 fell=1.000
   90       566.6        86.1    0.4052    -2.0000  warmup             1.7s
   91       525.0        67.3    0.4051    -2.0000  warmup             1.5s
   92       560.1        36.3    0.4052    -2.0000  warmup             1.5s
   93       400.1        75.6    0.4052    -2.0000  warmup             1.6s
   94       368.0        75.9    0.4052    -2.0000  warmup             1.5s
   95       338.4        59.4    0.4052    -2.0000  warmup             1.6s
   96       549.2        74.3    0.4053    -2.0000  warmup             1.6s
   97       432.8        35.8    0.4056    -2.0000  warmup             1.7s
   98       591.8       100.4    0.4059    -2.0000  warmup             1.8s
   99       440.1        91.1    0.4062    -2.0000  warmup             1.7s
  [probe] gen=100 score=-153.4 net=0.067 fell=1.000
  [plot] Saved fitness curve → experiments/thesis/curriculum_variable_gravity/seed_06/fitness_curve.png
  100       659.6        91.3    0.4065    -2.0000  warmup             1.7s
  101       561.8       145.1    0.4067    -2.0195  ramp 0%            1.6s
  102       594.1        86.2    0.4070    -2.0391  ramp 0%            1.6s
  103       722.9       113.6    0.4073    -2.0586  ramp 0%            1.7s
  104       487.0        49.4    0.4076    -2.0781  ramp 1%            1.5s
  105       925.5       202.1    0.4077    -2.0976  ramp 1%            1.8s
  106       923.1       133.1    0.4079    -2.1172  ramp 1%            1.7s
  107       899.1       121.9    0.4082    -2.1367  ramp 1%            1.8s
  108       973.6       168.0    0.4086    -2.1562  ramp 2%            1.8s
  109       927.0       234.9    0.4091    -2.1757  ramp 2%            1.6s
  [probe] gen=110 score=24.3 net=0.877 fell=1.000
  110       989.2       233.2    0.4094    -2.1953  ramp 2%            1.9s
  111       727.9       176.4    0.4098    -2.2148  ramp 2%            1.8s
  112       817.8       148.1    0.4103    -2.2343  ramp 3%            1.6s
  113       912.4        98.3    0.4106    -2.2538  ramp 3%            1.6s
  114       629.8        82.9    0.4111    -2.2734  ramp 3%            1.6s
  115       720.5        89.2    0.4116    -2.2929  ramp 3%            1.4s
  116       546.7       151.2    0.4120    -2.3124  ramp 4%            1.8s
  117      1020.3       148.7    0.4124    -2.3319  ramp 4%            1.6s
  118       792.9       167.8    0.4128    -2.3514  ramp 4%            1.7s
  119       888.1       123.8    0.4134    -2.3710  ramp 4%            1.6s
  [probe] gen=120 score=227.7 net=1.652 fell=1.000
  120       928.6       263.5    0.4139    -2.3905  ramp 5%            1.9s
  121      1003.0       249.7    0.4143    -2.4100  ramp 5%            1.8s
  122       793.8       240.2    0.4147    -2.4295  ramp 5%            1.6s
  123       693.3       171.3    0.4152    -2.4491  ramp 5%            1.6s
  124      1009.1       250.8    0.4156    -2.4686  ramp 6%            1.7s
  [plot] Saved fitness curve → experiments/thesis/curriculum_variable_gravity/seed_06/fitness_curve.png
  125      1108.6       260.3    0.4159    -2.4881  ramp 6%            1.7s
  126       981.7       222.8    0.4163    -2.5076  ramp 6%            1.6s
  127       838.3       298.9    0.4167    -2.5272  ramp 6%            1.8s
  128       704.9       141.7    0.4169    -2.5467  ramp 7%            1.7s
  129      1189.8       242.6    0.4171    -2.5662  ramp 7%            1.8s
  [probe] gen=130 score=165.0 net=1.419 fell=1.000
  130       854.6       235.1    0.4173    -2.5857  ramp 7%            1.6s
  131       833.5       257.3    0.4174    -2.6053  ramp 7%            1.6s
  132       782.6       340.8    0.4173    -2.6248  ramp 8%            1.6s
  133      1285.6       462.1    0.4173    -2.6443  ramp 8%            1.9s
  134      1223.5       404.7    0.4175    -2.6639  ramp 8%            1.8s
  135      1229.9       472.3    0.4180    -2.6834  ramp 8%            2.0s
  136      1307.8       358.4    0.4181    -2.7029  ramp 9%            1.6s
  137      1169.4       419.6    0.4181    -2.7224  ramp 9%            1.7s
  138       964.2       407.7    0.4181    -2.7420  ramp 9%            1.8s
  139      1553.6       372.6    0.4182    -2.7615  ramp 9%            1.9s
  [probe] gen=140 score=160.7 net=1.489 fell=1.000
  140      1528.2       371.1    0.4184    -2.7810  ramp 10%           1.8s
  141      1053.1       418.2    0.4186    -2.8005  ramp 10%           2.0s
  142      1074.6       335.7    0.4188    -2.8201  ramp 10%           1.8s
  143      1079.9       356.3    0.4189    -2.8396  ramp 10%           1.7s
  144      1022.6       408.9    0.4190    -2.8591  ramp 11%           1.9s
  145      1021.2       441.3    0.4189    -2.8786  ramp 11%           1.9s
  146      1343.4       470.0    0.4188    -2.8982  ramp 11%           2.0s
  147      1389.1       388.7    0.4187    -2.9177  ramp 11%           1.8s
  148      1185.2       363.3    0.4185    -2.9372  ramp 12%           1.8s
  149      1250.1       376.5    0.4185    -2.9567  ramp 12%           1.8s
  [probe] gen=150 score=47.5 net=1.105 fell=1.000
  [plot] Saved fitness curve → experiments/thesis/curriculum_variable_gravity/seed_06/fitness_curve.png
  150      1454.0       409.5    0.4185    -2.9763  ramp 12%           1.9s
  151      1270.7       522.4    0.4184    -2.9958  ramp 12%           1.8s
  152      1152.4       440.5    0.4183    -3.0153  ramp 13%           1.8s
  153      1338.7       434.1    0.4185    -3.0348  ramp 13%           1.8s
  154      1178.9       492.8    0.4188    -3.0544  ramp 13%           1.9s
  155      1195.4       383.5    0.4191    -3.0739  ramp 13%           1.8s
  156       991.2       430.7    0.4192    -3.0934  ramp 14%           1.8s
  157      1350.9       533.1    0.4193    -3.1129  ramp 14%           1.9s
  158      1539.9       487.1    0.4195    -3.1324  ramp 14%           1.8s
  159      1043.6       417.2    0.4196    -3.1520  ramp 14%           2.1s
  [probe] gen=160 score=320.9 net=2.128 fell=1.000
  160      1349.2       578.7    0.4197    -3.1715  ramp 15%           2.4s
  161      1611.3       454.7    0.4196    -3.1910  ramp 15%           1.9s
  162      1451.6       444.5    0.4195    -3.2106  ramp 15%           1.9s
  163      1329.0       426.0    0.4194    -3.2301  ramp 15%           2.0s
  164      1290.9       420.6    0.4193    -3.2496  ramp 16%           2.1s
  165      1194.1       513.6    0.4191    -3.2691  ramp 16%           2.1s
  166      1252.8       469.7    0.4190    -3.2887  ramp 16%           2.0s
  167      1301.5       581.5    0.4188    -3.3082  ramp 16%           2.3s
  168      1421.6       466.8    0.4184    -3.3277  ramp 17%           1.9s
  169      1474.6       488.7    0.4177    -3.3472  ramp 17%           2.0s
  [probe] gen=170 score=199.0 net=1.612 fell=1.000
  170      1383.1       548.9    0.4170    -3.3667  ramp 17%           1.9s
  171      1632.7       570.1    0.4165    -3.3863  ramp 17%           2.1s
  172      1189.6       527.7    0.4159    -3.4058  ramp 18%           2.0s
  173      1308.4       538.9    0.4153    -3.4253  ramp 18%           2.1s
  174      1293.4       443.0    0.4148    -3.4448  ramp 18%           1.8s
  [plot] Saved fitness curve → experiments/thesis/curriculum_variable_gravity/seed_06/fitness_curve.png
  175      1420.2       472.5    0.4144    -3.4644  ramp 18%           1.8s
  176      1417.2       497.3    0.4140    -3.4839  ramp 19%           1.8s
  177      1360.5       516.4    0.4135    -3.5034  ramp 19%           2.0s
  178      1316.6       542.2    0.4132    -3.5230  ramp 19%           2.0s
  179      1464.1       496.6    0.4129    -3.5425  ramp 19%           1.8s
  [probe] gen=180 score=215.7 net=1.688 fell=1.000
  180      1463.7       590.0    0.4127    -3.5620  ramp 20%           2.2s
  181      1318.8       556.2    0.4124    -3.5815  ramp 20%           2.0s
  182      1357.7       533.1    0.4121    -3.6010  ramp 20%           2.2s
  183      1373.0       507.8    0.4119    -3.6206  ramp 20%           2.1s
  184      1521.3       544.8    0.4115    -3.6401  ramp 21%           2.2s
  185      1201.9       541.9    0.4111    -3.6596  ramp 21%           2.1s
  186      1157.7       439.4    0.4108    -3.6791  ramp 21%           2.0s
  187      1440.7       568.5    0.4105    -3.6987  ramp 21%           2.3s
  188      1594.8       611.2    0.4103    -3.7182  ramp 22%           2.1s
  189      1388.6       488.3    0.4102    -3.7377  ramp 22%           1.8s
  [probe] gen=190 score=211.9 net=1.686 fell=1.000
  190      1434.0       625.4    0.4102    -3.7572  ramp 22%           2.3s
  191      1399.4       497.2    0.4103    -3.7768  ramp 22%           2.2s
  192      1281.7       413.2    0.4104    -3.7963  ramp 23%           1.9s
  193      1411.9       517.8    0.4104    -3.8158  ramp 23%           2.1s
  194      1591.7       574.4    0.4105    -3.8354  ramp 23%           2.2s
  195      1369.9       550.4    0.4105    -3.8549  ramp 23%           2.2s
  196      1208.0       501.0    0.4106    -3.8744  ramp 24%           2.2s
  197      1359.6       526.9    0.4107    -3.8939  ramp 24%           2.2s
  198      1247.7       550.1    0.4108    -3.9135  ramp 24%           2.2s
  199      1470.7       493.5    0.4109    -3.9330  ramp 24%           2.0s
  [probe] gen=200 score=243.4 net=1.805 fell=1.000
  [plot] Saved fitness curve → experiments/thesis/curriculum_variable_gravity/seed_06/fitness_curve.png
  200      1429.5       601.0    0.4109    -3.9525  ramp 25%           2.2s
  201      1312.8       468.7    0.4109    -3.9720  ramp 25%           1.9s
  202      1451.9       582.1    0.4108    -3.9916  ramp 25%           2.2s
  203      1246.6       583.9    0.4107    -4.0111  ramp 25%           2.3s
  204      1173.6       479.8    0.4105    -4.0306  ramp 26%           2.1s
  205      1270.7       552.7    0.4105    -4.0501  ramp 26%           2.3s
  206      1126.1       456.6    0.4104    -4.0697  ramp 26%           2.1s
  207      1359.9       446.7    0.4103    -4.0892  ramp 26%           2.0s
  208      1171.6       480.7    0.4103    -4.1087  ramp 27%           2.0s
  209      1127.0       525.3    0.4103    -4.1282  ramp 27%           2.3s
  [probe] gen=210 score=98.0 net=1.236 fell=1.000
  210      1305.0       532.8    0.4102    -4.1478  ramp 27%           2.2s
  211      1431.0       538.5    0.4100    -4.1673  ramp 27%           2.2s
  212      1338.8       535.4    0.4099    -4.1868  ramp 28%           2.1s
  213      1356.6       549.9    0.4098    -4.2063  ramp 28%           2.3s
  214      1304.6       546.5    0.4099    -4.2258  ramp 28%           2.2s
  215      1334.4       463.1    0.4101    -4.2454  ramp 28%           2.3s
  216      1522.7       591.2    0.4103    -4.2649  ramp 28%           2.7s
  217      1472.1       609.6    0.4106    -4.2844  ramp 29%           2.3s
  218      1313.9       593.4    0.4109    -4.3040  ramp 29%           2.3s
  219      1554.3       631.0    0.4113    -4.3235  ramp 29%           2.4s
  [probe] gen=220 score=-237.7 net=-0.323 fell=1.000
  220      1297.9       576.7    0.4115    -4.3430  ramp 30%           2.2s
  221      1576.2       662.3    0.4120    -4.3625  ramp 30%           2.4s
  222      1274.4       592.4    0.4127    -4.3820  ramp 30%           2.3s
  223      1468.4       573.7    0.4135    -4.4016  ramp 30%           2.2s
  224      1712.2       665.7    0.4143    -4.4211  ramp 31%           2.3s
  [plot] Saved fitness curve → experiments/thesis/curriculum_variable_gravity/seed_06/fitness_curve.png
  225      1511.3       630.7    0.4151    -4.4406  ramp 31%           2.3s
  226      1264.4       511.0    0.4160    -4.4602  ramp 31%           2.1s
  227      1421.0       706.3    0.4169    -4.4797  ramp 31%           2.4s
  228      1366.0       684.0    0.4178    -4.4992  ramp 32%           2.2s
  229      1453.9       777.1    0.4188    -4.5187  ramp 32%           2.6s
  [probe] gen=230 score=178.7 net=1.535 fell=1.000
  230      1498.1       721.4    0.4198    -4.5382  ramp 32%           2.3s
  231      1779.0       772.4    0.4208    -4.5578  ramp 32%           2.6s
  232      1409.9       613.6    0.4219    -4.5773  ramp 33%           2.3s
  233      1632.6       658.2    0.4230    -4.5968  ramp 33%           2.5s
  234      1514.9       784.8    0.4242    -4.6164  ramp 33%           2.6s
  235      1407.7       598.0    0.4251    -4.6359  ramp 33%           2.4s
  236      1540.0       691.9    0.4258    -4.6554  ramp 34%           2.5s
  237      1610.2       675.6    0.4265    -4.6749  ramp 34%           2.4s
  238      1527.3       638.8    0.4273    -4.6944  ramp 34%           2.4s
  239      1343.0       649.2    0.4279    -4.7140  ramp 34%           2.3s
  [probe] gen=240 score=142.7 net=1.345 fell=1.000
  240      1425.2       700.8    0.4285    -4.7335  ramp 35%           2.5s
  241      1399.1       561.8    0.4293    -4.7530  ramp 35%           2.1s
  242      1449.7       682.0    0.4300    -4.7725  ramp 35%           2.4s
  243      1570.9       607.5    0.4308    -4.7921  ramp 35%           2.3s
  244      1678.9       574.7    0.4315    -4.8116  ramp 36%           2.2s
  245      1709.9       705.8    0.4321    -4.8311  ramp 36%           2.3s
  246      1355.3       671.1    0.4327    -4.8506  ramp 36%           2.2s
  247      1452.5       739.2    0.4332    -4.8702  ramp 36%           2.5s
  248      1569.8       735.4    0.4336    -4.8897  ramp 37%           2.3s
  249      1637.1       607.3    0.4341    -4.9092  ramp 37%           2.1s
  [probe] gen=250 score=227.0 net=1.755 fell=1.000
  [plot] Saved fitness curve → experiments/thesis/curriculum_variable_gravity/seed_06/fitness_curve.png
  250      1692.2       774.5    0.4347    -4.9287  ramp 37%           2.5s
  251      1508.6       754.0    0.4354    -4.9483  ramp 37%           2.4s
  252      1432.0       637.8    0.4360    -4.9678  ramp 38%           2.1s
  253      1246.5       535.9    0.4369    -4.9873  ramp 38%           2.1s
  254      1354.0       540.8    0.4376    -5.0069  ramp 38%           2.2s
  255      1183.2       556.5    0.4383    -5.0264  ramp 38%           2.0s
  256      1493.9       698.9    0.4390    -5.0459  ramp 39%           2.5s
  257      1655.9       702.8    0.4396    -5.0654  ramp 39%           2.5s
  258      1544.8       791.7    0.4402    -5.0850  ramp 39%           2.6s
  259      1556.6       732.7    0.4406    -5.1045  ramp 39%           2.3s
  [probe] gen=260 score=225.2 net=1.712 fell=1.000
  260      1402.1       709.6    0.4411    -5.1240  ramp 40%           2.2s
  261      1771.7       784.3    0.4415    -5.1435  ramp 40%           2.2s
  262      1424.8       788.5    0.4419    -5.1631  ramp 40%           2.4s
  263      1729.9       677.5    0.4419    -5.1826  ramp 40%           2.3s
  264      1255.5       561.7    0.4421    -5.2021  ramp 41%           2.0s
  265      1555.1       701.7    0.4424    -5.2216  ramp 41%           2.2s
  266      1792.7       704.7    0.4427    -5.2412  ramp 41%           2.0s
  267      1441.1       874.0    0.4430    -5.2607  ramp 41%           2.5s
  268      1392.2       666.8    0.4431    -5.2802  ramp 42%           2.1s
  269      1685.2       663.6    0.4431    -5.2997  ramp 42%           2.1s
  [probe] gen=270 score=228.8 net=1.782 fell=1.000
  270      1622.6       584.1    0.4431    -5.3193  ramp 42%           1.9s
  271      1721.5       727.4    0.4431    -5.3388  ramp 42%           2.0s
  272      1565.1       601.4    0.4430    -5.3583  ramp 43%           1.8s
  273      1715.6       655.0    0.4427    -5.3778  ramp 43%           2.0s
  274      1601.7       725.9    0.4424    -5.3974  ramp 43%           2.2s
  [plot] Saved fitness curve → experiments/thesis/curriculum_variable_gravity/seed_06/fitness_curve.png
  275      1674.7       713.2    0.4421    -5.4169  ramp 43%           2.3s
  276      1805.8       856.8    0.4418    -5.4364  ramp 44%           2.4s
  277      1588.7       718.6    0.4415    -5.4559  ramp 44%           2.2s
  278      1555.4       729.2    0.4412    -5.4755  ramp 44%           2.3s
  279      1693.2       577.4    0.4410    -5.4950  ramp 44%           1.9s
  [probe] gen=280 score=145.2 net=1.423 fell=1.000
  280      1459.3       762.6    0.4408    -5.5145  ramp 45%           2.3s
  281      1420.1       604.6    0.4408    -5.5340  ramp 45%           1.9s
  282      1345.3       642.1    0.4409    -5.5536  ramp 45%           2.1s
  283      1795.3       691.1    0.4411    -5.5731  ramp 45%           2.2s
  284      1520.6       667.3    0.4414    -5.5926  ramp 46%           2.1s
  285      1658.3       651.0    0.4416    -5.6121  ramp 46%           2.2s
  286      1608.0       668.1    0.4417    -5.6317  ramp 46%           2.3s
  287      1682.5       664.8    0.4418    -5.6512  ramp 46%           2.4s
  288      1723.0       797.6    0.4419    -5.6707  ramp 47%           2.5s
  289      1488.9       727.9    0.4421    -5.6902  ramp 47%           2.3s
  [probe] gen=290 score=210.3 net=1.699 fell=1.000
  290      1740.8       731.4    0.4422    -5.7097  ramp 47%           2.2s
  291      1897.8       636.3    0.4424    -5.7293  ramp 47%           2.0s
  292      1381.9       615.7    0.4427    -5.7488  ramp 48%           1.9s
  293      1725.4       691.5    0.4430    -5.7683  ramp 48%           2.4s
  294      1703.6       818.8    0.4433    -5.7879  ramp 48%           2.5s
  295      1834.8       861.1    0.4435    -5.8074  ramp 48%           2.4s
  296      1583.6       783.5    0.4437    -5.8269  ramp 49%           2.3s
  297      1638.7       708.5    0.4440    -5.8464  ramp 49%           2.2s
  298      1685.0       714.3    0.4443    -5.8659  ramp 49%           2.2s
  299      1550.9       655.3    0.4445    -5.8855  ramp 49%           2.1s
  [probe] gen=300 score=122.7 net=1.382 fell=1.000
  [plot] Saved fitness curve → experiments/thesis/curriculum_variable_gravity/seed_06/fitness_curve.png
  300      1642.0       735.0    0.4448    -5.9050  ramp 50%           2.4s
  301      1715.9       755.6    0.4450    -5.9245  ramp 50%           2.3s
  302      1683.7       598.7    0.4453    -5.9441  ramp 50%           2.1s
  303      1785.7       783.6    0.4457    -5.9636  ramp 50%           2.3s
  304      1497.1       759.5    0.4461    -5.9831  ramp 51%           2.3s
  305      1680.7       735.3    0.4465    -6.0026  ramp 51%           2.5s
  306      1784.2       629.0    0.4469    -6.0222  ramp 51%           2.0s
  307      1670.1       740.5    0.4474    -6.0417  ramp 51%           2.4s
  308      1502.7       637.0    0.4478    -6.0612  ramp 52%           2.0s
  309      1578.9       688.5    0.4483    -6.0807  ramp 52%           2.2s
  [probe] gen=310 score=313.5 net=2.178 fell=1.000
  310      1696.8       758.5    0.4489    -6.1003  ramp 52%           2.4s
  311      1718.2       724.5    0.4495    -6.1198  ramp 52%           2.2s
  312      1569.1       754.3    0.4500    -6.1393  ramp 53%           2.3s
  313      1575.3       730.7    0.4504    -6.1588  ramp 53%           2.2s
  314      1802.0       835.9    0.4507    -6.1784  ramp 53%           2.3s
  315      1814.6       819.4    0.4510    -6.1979  ramp 53%           2.6s
  316      1822.0       696.3    0.4514    -6.2174  ramp 54%           2.1s
  317      1747.7       847.1    0.4518    -6.2369  ramp 54%           2.3s
  318      1721.1       817.7    0.4523    -6.2565  ramp 54%           2.2s
  319      1891.7       815.8    0.4528    -6.2760  ramp 54%           2.2s
  [probe] gen=320 score=234.9 net=1.775 fell=1.000
  320      1724.6       867.7    0.4533    -6.2955  ramp 55%           2.6s
  321      1756.7       718.3    0.4536    -6.3150  ramp 55%           2.3s
  322      1463.1       653.0    0.4537    -6.3346  ramp 55%           2.1s
  323      1556.0       705.7    0.4538    -6.3541  ramp 55%           2.1s
  324      1647.7       741.8    0.4539    -6.3736  ramp 56%           2.4s
  [plot] Saved fitness curve → experiments/thesis/curriculum_variable_gravity/seed_06/fitness_curve.png
  325      1444.5       630.1    0.4539    -6.3931  ramp 56%           2.2s
  326      1715.9       767.1    0.4538    -6.4127  ramp 56%           2.4s
  327      1541.5       639.1    0.4533    -6.4322  ramp 56%           2.2s
  328      1819.5       808.4    0.4529    -6.4517  ramp 56%           2.4s
  329      1431.1       780.8    0.4525    -6.4712  ramp 57%           2.4s
  [probe] gen=330 score=281.0 net=1.951 fell=1.000
  330      1544.5       861.1    0.4520    -6.4908  ramp 57%           2.5s
  331      1639.3       713.9    0.4517    -6.5103  ramp 57%           2.3s
  332      1703.4       900.3    0.4514    -6.5298  ramp 57%           2.5s
  333      1871.3       847.5    0.4512    -6.5493  ramp 58%           2.7s
  334      1746.1       908.4    0.4510    -6.5689  ramp 58%           2.3s
  335      1831.3       708.9    0.4510    -6.5884  ramp 58%           2.3s
  336      1518.3       660.3    0.4508    -6.6079  ramp 59%           2.1s
  337      1673.2       810.5    0.4510    -6.6274  ramp 59%           2.6s
  338      1702.9       923.4    0.4512    -6.6470  ramp 59%           2.8s
  339      1602.4       815.1    0.4514    -6.6665  ramp 59%           2.6s
  [probe] gen=340 score=194.3 net=1.651 fell=1.000
  340      1818.3       842.8    0.4516    -6.6860  ramp 60%           2.5s
  341      1784.4       861.1    0.4517    -6.7055  ramp 60%           2.4s
  342      1794.3       784.3    0.4519    -6.7251  ramp 60%           2.3s
  343      1692.5       696.1    0.4520    -6.7446  ramp 60%           2.1s
  344      1667.3       753.4    0.4523    -6.7641  ramp 61%           2.3s
  345      1718.0       762.2    0.4525    -6.7836  ramp 61%           2.4s
  346      1748.9       678.8    0.4527    -6.8032  ramp 61%           2.3s
  347      1801.4       704.7    0.4528    -6.8227  ramp 61%           2.2s
  348      1533.0       575.3    0.4529    -6.8422  ramp 62%           2.3s
  349      1371.6       570.1    0.4531    -6.8617  ramp 62%           2.2s
  [probe] gen=350 score=163.3 net=1.528 fell=1.000
  [plot] Saved fitness curve → experiments/thesis/curriculum_variable_gravity/seed_06/fitness_curve.png
  350      1575.4       781.2    0.4532    -6.8813  ramp 62%           2.6s
  351      1676.1       748.5    0.4533    -6.9008  ramp 62%           2.4s
  352      1735.9       658.8    0.4531    -6.9203  ramp 63%           2.1s
  353      1689.4       728.0    0.4531    -6.9398  ramp 63%           2.2s
  354      1763.8       849.0    0.4532    -6.9594  ramp 63%           2.5s
  355      1864.0       760.8    0.4532    -6.9789  ramp 63%           2.1s
  356      1680.5       699.0    0.4534    -6.9984  ramp 64%           2.1s
  357      1683.2       754.2    0.4537    -7.0179  ramp 64%           2.1s
  358      1871.9       913.5    0.4541    -7.0375  ramp 64%           2.5s
  359      1736.9       638.2    0.4545    -7.0570  ramp 64%           1.9s
  [probe] gen=360 score=185.6 net=1.591 fell=1.000
  360      1724.7       780.6    0.4547    -7.0765  ramp 65%           2.4s
  361      1737.3       676.6    0.4550    -7.0960  ramp 65%           2.3s
  362      1476.3       684.4    0.4553    -7.1156  ramp 65%           2.1s
  363      1703.6       596.9    0.4555    -7.1351  ramp 65%           2.0s
  364      1729.8       820.0    0.4558    -7.1546  ramp 66%           2.4s
  365      1566.6       874.7    0.4560    -7.1741  ramp 66%           2.6s
  366      1550.1       829.6    0.4561    -7.1937  ramp 66%           2.6s
  367      1619.9       777.0    0.4562    -7.2132  ramp 66%           2.6s
  368      1894.3       894.5    0.4563    -7.2327  ramp 67%           2.4s
  369      1719.6       834.8    0.4564    -7.2522  ramp 67%           2.7s
  [probe] gen=370 score=470.2 net=2.774 fell=1.000
  370      1608.5       854.1    0.4567    -7.2718  ramp 67%           2.5s
  371      1913.7       792.4    0.4568    -7.2913  ramp 67%           2.5s
  372      1644.9       704.9    0.4568    -7.3108  ramp 68%           2.4s
  373      1593.7       712.2    0.4569    -7.3303  ramp 68%           2.3s
  374      1674.5       719.0    0.4570    -7.3499  ramp 68%           2.2s
  [plot] Saved fitness curve → experiments/thesis/curriculum_variable_gravity/seed_06/fitness_curve.png
  375      1787.4       737.6    0.4571    -7.3694  ramp 68%           2.3s
  376      1741.8       816.4    0.4573    -7.3889  ramp 69%           2.5s
  377      1532.8       687.1    0.4574    -7.4084  ramp 69%           2.3s
  378      1800.7       689.9    0.4577    -7.4280  ramp 69%           2.2s
  379      1754.3       901.9    0.4580    -7.4475  ramp 69%           2.7s
  [probe] gen=380 score=173.6 net=1.530 fell=1.000
  380      1776.0       692.9    0.4585    -7.4670  ramp 70%           2.2s
  381      1945.4       794.4    0.4590    -7.4865  ramp 70%           2.3s
  382      1515.4       743.6    0.4595    -7.5061  ramp 70%           2.4s
  383      1621.8       718.6    0.4601    -7.5256  ramp 70%           2.5s
  384      1635.3       757.8    0.4607    -7.5451  ramp 71%           2.3s
  385      1705.1       671.6    0.4613    -7.5646  ramp 71%           2.2s
  386      1800.3       728.0    0.4616    -7.5842  ramp 71%           2.3s
  387      1624.7       664.7    0.4617    -7.6037  ramp 71%           2.3s
  388      1438.4       747.4    0.4617    -7.6232  ramp 72%           2.3s
  389      1842.3       841.7    0.4619    -7.6427  ramp 72%           2.7s
  [probe] gen=390 score=320.2 net=2.170 fell=1.000
  390      1601.5       682.6    0.4622    -7.6623  ramp 72%           2.5s
  391      1778.4       834.0    0.4625    -7.6818  ramp 72%           2.3s
  392      1676.5       773.5    0.4627    -7.7013  ramp 73%           2.1s
  393      1584.2       788.5    0.4628    -7.7208  ramp 73%           2.4s
  394      1855.5       802.0    0.4630    -7.7404  ramp 73%           2.2s
  395      1868.9       743.6    0.4632    -7.7599  ramp 73%           2.3s
  396      2000.8       766.3    0.4635    -7.7794  ramp 74%           2.3s
  397      1771.2       865.5    0.4638    -7.7989  ramp 74%           2.4s
  398      1841.6       675.7    0.4641    -7.8185  ramp 74%           2.0s
  399      1760.8       797.1    0.4643    -7.8380  ramp 74%           2.2s
  [probe] gen=400 score=279.4 net=1.913 fell=1.000
  [plot] Saved fitness curve → experiments/thesis/curriculum_variable_gravity/seed_06/fitness_curve.png
  400      1928.3       443.3    0.4646    -7.8575  ramp 75%           1.5s
  401      1770.4       671.2    0.4649    -7.8770  ramp 75%           1.9s
  402      1770.1       710.8    0.4651    -7.8966  ramp 75%           2.3s
  403      1873.9       863.9    0.4655    -7.9161  ramp 75%           2.6s
  404      1635.7       738.7    0.4657    -7.9356  ramp 76%           2.3s
  405      1434.4       610.8    0.4658    -7.9551  ramp 76%           1.9s
  406      1684.4       857.1    0.4657    -7.9747  ramp 76%           2.6s
  407      1786.4       867.6    0.4657    -7.9942  ramp 76%           2.4s
  408      1691.6       779.0    0.4657    -8.0137  ramp 77%           2.3s
  409      1794.1       774.6    0.4657    -8.0332  ramp 77%           2.5s
  [probe] gen=410 score=244.6 net=1.835 fell=1.000
  410      1824.4       904.4    0.4656    -8.0527  ramp 77%           2.5s
  411      1857.4       719.4    0.4656    -8.0723  ramp 77%           2.3s
  412      1898.4       879.9    0.4654    -8.0918  ramp 78%           2.5s
  413      1648.0       814.1    0.4653    -8.1113  ramp 78%           2.1s
  414      1791.1       678.7    0.4652    -8.1309  ramp 78%           2.3s
  415      1770.4       688.4    0.4648    -8.1504  ramp 78%           2.1s
  416      1750.7       691.1    0.4645    -8.1699  ramp 79%           2.3s
  417      1940.9       780.0    0.4643    -8.1894  ramp 79%           2.4s
  418      1654.6       877.2    0.4642    -8.2090  ramp 79%           2.8s
  419      1804.5       899.2    0.4641    -8.2285  ramp 79%           2.7s
  [probe] gen=420 score=348.9 net=2.341 fell=1.000
  420      1950.7       724.7    0.4639    -8.2480  ramp 80%           2.2s
  421      1849.4       935.7    0.4638    -8.2675  ramp 80%           2.6s
  422      1783.6       873.2    0.4637    -8.2871  ramp 80%           2.4s
  423      1696.4       863.6    0.4634    -8.3066  ramp 80%           2.7s
  424      1703.3       873.5    0.4629    -8.3261  ramp 81%           2.7s
  [plot] Saved fitness curve → experiments/thesis/curriculum_variable_gravity/seed_06/fitness_curve.png
  425      2046.2       995.7    0.4625    -8.3456  ramp 81%           2.8s
  426      1826.7       754.4    0.4623    -8.3651  ramp 81%           2.5s
  427      1798.6      1000.1    0.4620    -8.3847  ramp 81%           2.5s
  428      1898.2       881.7    0.4614    -8.4042  ramp 82%           2.4s
  429      1875.6      1056.0    0.4607    -8.4237  ramp 82%           2.8s
  [probe] gen=430 score=271.0 net=1.920 fell=1.000
  430      1882.7       772.2    0.4601    -8.4432  ramp 82%           2.0s
  431      1893.2      1012.1    0.4597    -8.4628  ramp 82%           2.6s
  432      2008.8       885.3    0.4593    -8.4823  ramp 83%           2.1s
  433      1815.6       833.5    0.4590    -8.5018  ramp 83%           2.2s
  434      1931.5       949.1    0.4586    -8.5213  ramp 83%           2.8s
  435      1938.1       872.5    0.4581    -8.5409  ramp 83%           2.4s
  436      1836.9       903.1    0.4575    -8.5604  ramp 84%           2.3s
  437      1874.8       992.8    0.4566    -8.5799  ramp 84%           2.6s
  438      1979.5       963.4    0.4558    -8.5995  ramp 84%           2.8s
  439      1898.5       937.6    0.4550    -8.6190  ramp 84%           2.7s
  [probe] gen=440 score=1112.8 net=5.718 fell=1.000
  440      1906.8       867.9    0.4543    -8.6385  ramp 85%           2.4s
  441      1961.0      1080.0    0.4537    -8.6580  ramp 85%           2.8s
  442      1961.6      1008.9    0.4531    -8.6776  ramp 85%           2.4s
  443      1989.4       899.6    0.4523    -8.6971  ramp 85%           2.4s
  444      1974.9      1013.0    0.4516    -8.7166  ramp 86%           2.6s
  445      1979.9       973.2    0.4510    -8.7361  ramp 86%           2.5s
  446      1865.8       976.4    0.4504    -8.7556  ramp 86%           2.4s
  447      1993.6       771.8    0.4500    -8.7752  ramp 86%           2.2s
  448      1851.3       863.0    0.4494    -8.7947  ramp 87%           2.4s
  449      1773.7      1035.9    0.4490    -8.8142  ramp 87%           2.6s
  [probe] gen=450 score=265.7 net=1.900 fell=1.000
  [plot] Saved fitness curve → experiments/thesis/curriculum_variable_gravity/seed_06/fitness_curve.png
  450      1876.8       966.7    0.4485    -8.8338  ramp 87%           2.5s
  451      1763.9       883.5    0.4479    -8.8533  ramp 87%           2.5s
  452      1924.3      1038.5    0.4476    -8.8728  ramp 88%           2.7s
  453      1810.7       890.0    0.4472    -8.8923  ramp 88%           2.5s
  454      1949.4       854.4    0.4466    -8.9119  ramp 88%           2.3s
  455      1722.0       819.0    0.4461    -8.9314  ramp 88%           2.5s
  456      1942.3       920.5    0.4457    -8.9509  ramp 89%           2.4s
  457      1776.2       816.0    0.4453    -8.9704  ramp 89%           2.2s
  458      1867.8       925.4    0.4451    -8.9900  ramp 89%           2.5s
  459      1906.7       882.6    0.4450    -9.0095  ramp 89%           2.5s
  [probe] gen=460 score=1591.9 net=7.961 fell=0.500
  460      1962.6      1017.0    0.4450    -9.0290  ramp 90%           2.6s
  461      2056.9       922.4    0.4448    -9.0485  ramp 90%           2.3s
  462      1830.4       897.6    0.4446    -9.0680  ramp 90%           2.3s
  463      2085.7      1007.6    0.4444    -9.0876  ramp 90%           2.4s
  464      1860.9       953.2    0.4443    -9.1071  ramp 91%           2.3s
  465      1947.0       877.6    0.4442    -9.1266  ramp 91%           2.5s
  466      1931.6       961.1    0.4442    -9.1462  ramp 91%           2.5s
  467      1853.2       875.9    0.4445    -9.1657  ramp 91%           2.4s
  468      1969.8       836.4    0.4449    -9.1852  ramp 92%           2.2s
  469      1990.2       879.3    0.4453    -9.2047  ramp 92%           2.4s
  [probe] gen=470 score=1139.9 net=6.031 fell=1.000
  470      1921.0       954.0    0.4456    -9.2243  ramp 92%           2.5s
  471      1849.2       908.2    0.4458    -9.2438  ramp 92%           2.3s
  472      2033.0       941.5    0.4463    -9.2633  ramp 93%           2.6s
  473      1913.3      1074.1    0.4466    -9.2828  ramp 93%           2.7s
  474      1819.4       947.9    0.4468    -9.3024  ramp 93%           2.6s
  [plot] Saved fitness curve → experiments/thesis/curriculum_variable_gravity/seed_06/fitness_curve.png
  475      1914.1       978.8    0.4470    -9.3219  ramp 93%           2.5s
  476      1938.3       933.3    0.4471    -9.3414  ramp 94%           2.4s
  477      1787.4       847.4    0.4470    -9.3609  ramp 94%           2.2s
  478      1961.1      1024.9    0.4469    -9.3804  ramp 94%           2.7s
  479      1950.8       786.7    0.4468    -9.4000  ramp 94%           1.9s
  [probe] gen=480 score=270.4 net=1.921 fell=1.000
  480      1860.4       601.7    0.4468    -9.4195  ramp 95%           1.8s
  481      1803.4       827.9    0.4470    -9.4390  ramp 95%           2.4s
  482      1730.7       904.0    0.4473    -9.4585  ramp 95%           2.5s
  483      1857.7       801.5    0.4475    -9.4781  ramp 95%           2.4s
  484      2042.0       864.7    0.4477    -9.4976  ramp 96%           2.5s
  485      1873.3       917.7    0.4479    -9.5171  ramp 96%           2.4s
  486      1739.3       620.8    0.4481    -9.5366  ramp 96%           2.0s
  487      1642.9       809.4    0.4483    -9.5562  ramp 96%           2.3s
  488      1908.3       817.9    0.4484    -9.5757  ramp 97%           2.5s
  489      1844.2       832.1    0.4486    -9.5952  ramp 97%           2.3s
  [probe] gen=490 score=1565.8 net=7.270 fell=0.000
  490      1666.5       731.0    0.4488    -9.6148  ramp 97%           2.5s
  491      1793.1       882.1    0.4491    -9.6343  ramp 97%           2.3s
  492      1631.6       860.5    0.4492    -9.6538  ramp 98%           2.4s
  493      1825.7      1028.1    0.4492    -9.6733  ramp 98%           3.0s
  494      1593.0       677.0    0.4492    -9.6928  ramp 98%           2.3s
  495      1690.4       771.1    0.4490    -9.7124  ramp 98%           2.3s
  496      1696.4       847.1    0.4487    -9.7319  ramp 99%           2.6s
  497      1725.4       915.0    0.4484    -9.7514  ramp 99%           2.5s
  498      1819.4       814.8    0.4479    -9.7709  ramp 99%           2.3s
  499      1749.6       823.6    0.4474    -9.7905  ramp 99%           2.4s
  [plot] Saved fitness curve → experiments/thesis/curriculum_variable_gravity/seed_06/fitness_curve.png

Training complete. Best fitness: 2085.7
Best params → experiments/thesis/curriculum_variable_gravity/seed_06/checkpoints/best_params.npy
Fitness curve → experiments/thesis/curriculum_variable_gravity/seed_06/fitness_curve.png
Final Earth scorecard | score=1257.2 net=6.612 fell=0.650
Gravity sweep | gravities=5 mean_net=5.361 worst_net=1.293
  [exp] Wrote experiments/thesis/curriculum_variable_gravity/seed_06/experiment.json
  [exp] Wrote experiments/thesis/curriculum_variable_gravity/seed_06/training_log.csv
  [exp] Wrote experiments/thesis/curriculum_variable_gravity/seed_06/earth_probe.csv
  [exp] Wrote experiments/thesis/curriculum_variable_gravity/seed_06/gravity_sweep.csv
  [exp] Wrote experiments/thesis/curriculum_variable_gravity/seed_06/summary.json
