Walker2d-v5 | policy=CPG  params=504
CPGPolicy  |  total params = 504
  Joint       Amplitude  Freq(rad/step)   Phase(deg)
  --------------------------------------------------
  R-thigh         0.500          0.6931          0.0°
  R-leg           0.500          0.6931          0.0°
  R-foot          0.500          0.6931          0.0°
  L-thigh         0.500          0.6931          0.0°
  L-leg           0.500          0.6931          0.0°
  L-foot          0.500          0.6931          0.0°

  Feedback MLP hidden=16  correction_scale=0.5
Run context | seed=1 arm=fixed_gravity run_id=fixed_gravity_seed_01

Starting from structured scratch prior (no warm-start checkpoint).
Schedule | penalty_min=0.20 penalty_ramp_gen=200 corr_min=0.00 corr_max=0.50 corr_ramp_gen=200

Starting CMA-ES | pop=40 | sigma0=0.5 | max_gen=500 | workers=8 | seed=1

  Gen        Best        Mean     Sigma    Pen   Corr     Time
------------------------------------------------------------------
  [probe] gen=0 score=-309.0 net=-0.139 fell=1.000
  [plot] Saved fitness curve → fitness_curve_cpg.png
    0       -60.3       -75.9    0.4905   0.20   0.00     1.6s
    1       -50.9       -75.7    0.4823   0.20   0.00     0.2s
    2       -51.4       -71.2    0.4748   0.21   0.01     0.2s
    3       -49.6       -70.2    0.4682   0.21   0.01     0.2s
    4       -34.6       -67.1    0.4620   0.22   0.01     0.2s
    5       -25.0       -59.8    0.4564   0.22   0.01     0.2s
    6       -30.1       -62.7    0.4511   0.22   0.01     0.3s
    7        53.4       -58.0    0.4462   0.23   0.02     0.3s
    8        30.5       -50.8    0.4418   0.23   0.02     0.3s
    9        13.0       -52.0    0.4378   0.24   0.02     0.3s
  [probe] gen=10 score=-131.8 net=0.441 fell=1.000
   10        58.6       -47.0    0.4341   0.24   0.03     0.3s
   11        70.4       -49.2    0.4306   0.24   0.03     0.3s
   12       105.7       -44.3    0.4276   0.25   0.03     0.4s
   13       141.9       -33.2    0.4250   0.25   0.03     0.4s
   14       141.6        -4.2    0.4226   0.26   0.04     0.5s
   15       149.9        10.6    0.4203   0.26   0.04     0.5s
   16       156.9        21.2    0.4184   0.26   0.04     0.5s
   17       161.7        35.1    0.4167   0.27   0.04     0.5s
   18       151.2        53.9    0.4152   0.27   0.04     0.6s
   19       153.9        69.7    0.4137   0.28   0.05     0.6s
  [probe] gen=20 score=50.2 net=1.086 fell=1.000
   20       173.5        46.5    0.4123   0.28   0.05     0.6s
   21       152.8        53.3    0.4110   0.28   0.05     0.6s
   22       190.3         3.0    0.4097   0.29   0.06     0.6s
   23       147.3       -13.7    0.4085   0.29   0.06     0.4s
   24       147.6         3.5    0.4075   0.30   0.06     0.5s
  [plot] Saved fitness curve → fitness_curve_cpg.png
   25       152.7         8.9    0.4064   0.30   0.06     0.6s
   26       158.1        47.6    0.4053   0.30   0.07     0.6s
   27       159.3        15.6    0.4043   0.31   0.07     0.6s
   28       154.0        32.5    0.4033   0.31   0.07     0.5s
   29       161.8        34.7    0.4023   0.32   0.07     0.5s
  [probe] gen=30 score=39.3 net=1.029 fell=1.000
   30       158.9        46.2    0.4014   0.32   0.07     0.6s
   31       149.7        79.1    0.4006   0.32   0.08     0.6s
   32       169.5        25.1    0.4001   0.33   0.08     0.7s
   33       152.6        40.2    0.3997   0.33   0.08     0.8s
   34       160.9         3.8    0.3991   0.34   0.09     0.7s
   35       151.5        33.5    0.3986   0.34   0.09     0.7s
   36       161.2        49.1    0.3981   0.34   0.09     0.7s
   37       191.7        34.3    0.3979   0.35   0.09     0.7s
   38       169.1        71.9    0.3976   0.35   0.10     0.7s
   39       166.3        31.7    0.3974   0.36   0.10     1.0s
  [probe] gen=40 score=65.9 net=1.110 fell=1.000
   40       171.8        66.3    0.3972   0.36   0.10     0.8s
   41       189.9        62.7    0.3971   0.36   0.10     0.8s
   42       202.0        50.3    0.3971   0.37   0.10     0.9s
   43       182.8        51.8    0.3970   0.37   0.11     0.8s
   44       180.0        63.4    0.3970   0.38   0.11     0.8s
   45       280.9        41.2    0.3970   0.38   0.11     0.8s
   46       159.6        35.5    0.3970   0.38   0.12     0.8s
   47       195.8        42.6    0.3971   0.39   0.12     0.9s
   48       200.7        91.8    0.3972   0.39   0.12     0.9s
   49       236.2        88.5    0.3974   0.40   0.12     0.8s
  [probe] gen=50 score=-8.0 net=0.681 fell=1.000
  [plot] Saved fitness curve → fitness_curve_cpg.png
   50       184.9        64.9    0.3977   0.40   0.12     0.9s
   51       178.6         4.8    0.3979   0.40   0.13     0.9s
   52       188.7        72.3    0.3981   0.41   0.13     0.8s
   53       183.4        15.2    0.3983   0.41   0.13     0.8s
   54       173.4        61.2    0.3985   0.42   0.14     0.9s
   55       177.8        22.6    0.3986   0.42   0.14     0.9s
   56       163.4        14.2    0.3986   0.42   0.14     0.9s
   57       183.9        59.9    0.3987   0.43   0.14     0.9s
   58       193.3        48.2    0.3988   0.43   0.14     0.9s
   59       164.9        66.8    0.3989   0.44   0.15     0.9s
  [probe] gen=60 score=102.8 net=1.175 fell=1.000
   60       178.5         6.4    0.3990   0.44   0.15     1.0s
   61       201.8        39.4    0.3991   0.44   0.15     1.0s
   62       179.4        46.7    0.3993   0.45   0.15     1.0s
   63       182.3         0.7    0.3997   0.45   0.16     1.0s
   64       159.4        17.9    0.4001   0.46   0.16     0.9s
   65       144.9        27.3    0.4003   0.46   0.16     0.9s
   66       172.6        70.8    0.4005   0.46   0.17     0.9s
   67       167.3        61.7    0.4007   0.47   0.17     0.8s
   68       182.0        60.2    0.4009   0.47   0.17     0.8s
   69       197.1        25.6    0.4012   0.48   0.17     0.8s
  [probe] gen=70 score=-12.2 net=0.745 fell=1.000
   70       157.4        40.0    0.4014   0.48   0.17     0.8s
   71       199.8        38.6    0.4018   0.48   0.18     0.8s
   72       167.4        72.0    0.4024   0.49   0.18     0.9s
   73       150.7        19.8    0.4030   0.49   0.18     0.9s
   74       180.7        48.7    0.4037   0.50   0.18     0.9s
  [plot] Saved fitness curve → fitness_curve_cpg.png
   75       150.6        29.7    0.4044   0.50   0.19     0.9s
   76       166.2        64.1    0.4050   0.50   0.19     0.9s
   77       186.8        15.4    0.4055   0.51   0.19     1.0s
   78       154.1        26.3    0.4060   0.51   0.20     1.0s
   79       176.2        78.1    0.4064   0.52   0.20     1.0s
  [probe] gen=80 score=83.5 net=1.204 fell=1.000
   80       168.0        88.2    0.4068   0.52   0.20     0.9s
   81       144.5        80.9    0.4074   0.52   0.20     0.9s
   82       161.4        29.1    0.4081   0.53   0.20     1.0s
   83       182.0        92.0    0.4090   0.53   0.21     1.0s
   84       184.5        87.6    0.4099   0.54   0.21     0.9s
   85       193.6        96.8    0.4106   0.54   0.21     1.0s
   86       228.9       111.5    0.4113   0.54   0.21     1.1s
   87       225.5        73.5    0.4121   0.55   0.22     1.0s
   88       221.1        -3.0    0.4129   0.55   0.22     0.9s
   89       237.8        87.5    0.4137   0.56   0.22     0.9s
  [probe] gen=90 score=111.7 net=1.278 fell=1.000
   90       228.4        88.6    0.4145   0.56   0.23     0.9s
   91       223.9        70.8    0.4152   0.56   0.23     0.9s
   92       215.5        50.1    0.4160   0.57   0.23     0.9s
   93       224.4        93.7    0.4166   0.57   0.23     0.9s
   94       277.4        76.9    0.4172   0.58   0.23     1.2s
   95       233.8        99.4    0.4178   0.58   0.24     1.0s
   96       274.4        45.8    0.4184   0.58   0.24     1.0s
   97       241.3        53.5    0.4190   0.59   0.24     1.0s
   98       259.6        57.9    0.4197   0.59   0.24     0.9s
   99       266.1        27.9    0.4202   0.60   0.25     1.1s
  [probe] gen=100 score=196.3 net=1.571 fell=1.000
  [plot] Saved fitness curve → fitness_curve_cpg.png
  100       251.0        50.8    0.4206   0.60   0.25     1.0s
  101       245.0        59.1    0.4208   0.60   0.25     0.9s
  102       231.4        53.7    0.4210   0.61   0.26     0.9s
  103       245.2       108.3    0.4212   0.61   0.26     1.0s
  104       260.6       106.3    0.4213   0.62   0.26     1.1s
  105       268.1       107.0    0.4215   0.62   0.26     1.0s
  106       272.3       140.7    0.4217   0.62   0.27     1.0s
  107       272.2        74.3    0.4220   0.63   0.27     1.0s
  108       262.2        93.7    0.4223   0.63   0.27     1.1s
  109       306.1        35.4    0.4226   0.64   0.27     1.1s
  [probe] gen=110 score=-69.9 net=0.328 fell=1.000
  110       247.7        86.8    0.4228   0.64   0.28     1.0s
  111       276.5        65.2    0.4229   0.64   0.28     1.0s
  112       277.7        82.5    0.4231   0.65   0.28     1.0s
  113       264.9        35.2    0.4232   0.65   0.28     1.0s
  114       293.5        71.6    0.4232   0.66   0.28     1.1s
  115       254.2        10.8    0.4232   0.66   0.29     1.2s
  116       255.3        88.9    0.4232   0.66   0.29     1.0s
  117       271.4        21.8    0.4234   0.67   0.29     1.1s
  118       251.8        37.8    0.4237   0.67   0.29     1.1s
  119       273.2        63.6    0.4241   0.68   0.30     1.0s
  [probe] gen=120 score=207.0 net=1.389 fell=1.000
  120       266.9        84.1    0.4243   0.68   0.30     1.1s
  121       233.7        73.9    0.4244   0.68   0.30     1.0s
  122       259.5       101.1    0.4246   0.69   0.30     1.1s
  123       346.8       119.7    0.4249   0.69   0.31     1.1s
  124       277.5        94.7    0.4253   0.70   0.31     1.3s
  [plot] Saved fitness curve → fitness_curve_cpg.png
  125       303.9        20.7    0.4257   0.70   0.31     1.4s
  126       252.2        94.9    0.4261   0.70   0.32     1.5s
  127       274.9        93.5    0.4265   0.71   0.32     1.2s
  128       346.5        78.7    0.4270   0.71   0.32     1.2s
  129       435.5       110.8    0.4275   0.72   0.32     1.2s
  [probe] gen=130 score=183.1 net=1.483 fell=1.000
  130       298.4        85.5    0.4279   0.72   0.33     1.2s
  131       317.3        31.4    0.4281   0.72   0.33     1.2s
  132       321.3       137.7    0.4281   0.73   0.33     1.3s
  133       257.3        77.1    0.4283   0.73   0.33     1.1s
  134       287.1        89.3    0.4285   0.74   0.34     1.3s
  135       306.9        40.6    0.4288   0.74   0.34     1.2s
  136       353.5        58.7    0.4293   0.74   0.34     1.2s
  137       325.9        33.9    0.4299   0.75   0.34     1.1s
  138       312.3        58.5    0.4306   0.75   0.34     1.3s
  139       376.8        77.6    0.4313   0.76   0.35     1.2s
  [probe] gen=140 score=347.3 net=2.042 fell=1.000
  140       318.4        -1.1    0.4319   0.76   0.35     1.3s
  141       414.2        64.1    0.4327   0.76   0.35     1.2s
  142       429.5        87.4    0.4333   0.77   0.35     1.4s
  143       379.1        -1.0    0.4340   0.77   0.36     1.2s
  144       318.0        66.2    0.4344   0.78   0.36     1.3s
  145       337.3       103.3    0.4349   0.78   0.36     1.7s
  146       714.1       155.3    0.4353   0.78   0.36     1.5s
  147       596.9       170.9    0.4356   0.79   0.37     1.5s
  148       380.2         5.0    0.4359   0.79   0.37     1.3s
  149       497.5        76.3    0.4363   0.80   0.37     1.4s
  [probe] gen=150 score=130.0 net=1.166 fell=1.000
  [plot] Saved fitness curve → fitness_curve_cpg.png
  150       428.1       187.8    0.4367   0.80   0.38     1.9s
  151       398.5        -8.0    0.4371   0.80   0.38     1.2s
  152       428.7        64.1    0.4374   0.81   0.38     1.8s
  153       578.0       108.6    0.4377   0.81   0.38     1.5s
  154       518.7       117.4    0.4382   0.82   0.39     1.6s
  155       405.0       153.7    0.4386   0.82   0.39     1.3s
  156       434.3       123.3    0.4391   0.82   0.39     1.4s
  157       603.4       138.4    0.4397   0.83   0.39     1.4s
  158       432.7        57.3    0.4404   0.83   0.40     1.6s
  159       757.4       252.3    0.4412   0.84   0.40     1.7s
  [probe] gen=160 score=259.6 net=1.535 fell=1.000
  160       561.5       138.6    0.4418   0.84   0.40     1.8s
  161       437.9       140.3    0.4423   0.84   0.40     1.4s
  162       444.2        49.6    0.4428   0.85   0.41     1.5s
  163       524.2       213.8    0.4433   0.85   0.41     1.4s
  164       697.4       125.6    0.4438   0.86   0.41     1.6s
  165       742.4       206.1    0.4444   0.86   0.41     1.4s
  166       654.0       170.9    0.4449   0.86   0.41     1.6s
  167       837.5       204.3    0.4453   0.87   0.42     1.7s
  168       527.7        60.7    0.4456   0.87   0.42     1.5s
  169       501.0        95.0    0.4458   0.88   0.42     1.6s
  [probe] gen=170 score=377.3 net=2.076 fell=1.000
  170       578.1        98.3    0.4462   0.88   0.42     1.6s
  171       693.1        57.8    0.4463   0.88   0.43     1.5s
  172       607.1        76.5    0.4466   0.89   0.43     1.5s
  173       635.2        85.9    0.4470   0.89   0.43     1.4s
  174       451.4        97.1    0.4472   0.90   0.43     1.5s
  [plot] Saved fitness curve → fitness_curve_cpg.png
  175       587.2       108.9    0.4474   0.90   0.44     1.7s
  176       627.4       120.0    0.4477   0.90   0.44     1.5s
  177       518.2       135.5    0.4478   0.91   0.44     1.6s
  178       518.0       192.9    0.4478   0.91   0.45     1.7s
  179       583.3       171.7    0.4475   0.92   0.45     1.7s
  [probe] gen=180 score=617.6 net=3.033 fell=0.800
  180       680.9       161.2    0.4473   0.92   0.45     1.7s
  181       982.7       149.9    0.4472   0.92   0.45     1.4s
  182       685.6       177.2    0.4469   0.93   0.46     1.7s
  183       986.6       141.3    0.4466   0.93   0.46     1.7s
  184       713.5       174.5    0.4465   0.94   0.46     1.6s
  185       821.6       179.4    0.4465   0.94   0.46     1.7s
  186       697.4       186.1    0.4463   0.94   0.47     1.6s
  187       928.7       275.1    0.4459   0.95   0.47     1.7s
  188       726.0       241.8    0.4456   0.95   0.47     1.9s
  189       520.6        96.4    0.4451   0.96   0.47     1.7s
  [probe] gen=190 score=754.5 net=4.093 fell=0.900
  190       869.5       138.6    0.4449   0.96   0.47     1.5s
  191       658.6       105.6    0.4447   0.96   0.48     1.7s
  192       597.1       164.1    0.4445   0.97   0.48     1.8s
  193       657.2       158.3    0.4441   0.97   0.48     1.5s
  194       639.9       157.4    0.4439   0.98   0.48     1.7s
  195       801.3       162.2    0.4438   0.98   0.49     1.5s
  196       800.6       104.7    0.4436   0.98   0.49     1.5s
  197       748.2       193.6    0.4434   0.99   0.49     1.8s
  198      1128.0       120.8    0.4434   0.99   0.49     1.6s
  199       587.3       196.3    0.4434   1.00   0.50     1.7s
  [probe] gen=200 score=600.5 net=3.432 fell=1.000
  [plot] Saved fitness curve → fitness_curve_cpg.png
  200       854.2       200.6    0.4432   1.00   0.50     1.8s
  201       839.1       149.8    0.4430   1.00   0.50     1.4s
  202       642.7       131.0    0.4427   1.00   0.50     1.5s
  203       928.9       159.1    0.4426   1.00   0.50     1.6s
  204       497.5       138.0    0.4423   1.00   0.50     1.5s
  205       766.5       192.9    0.4421   1.00   0.50     1.7s
  206      1270.8       191.7    0.4422   1.00   0.50     1.8s
  207      1003.8       178.5    0.4421   1.00   0.50     1.6s
  208      1312.3       234.4    0.4423   1.00   0.50     1.8s
  209       761.0       220.3    0.4425   1.00   0.50     1.7s
  [probe] gen=210 score=633.2 net=3.579 fell=1.000
  210       618.6       178.5    0.4426   1.00   0.50     1.7s
  211       635.4       151.8    0.4428   1.00   0.50     1.8s
  212      1058.7       255.2    0.4432   1.00   0.50     1.8s
  213      1029.3       243.0    0.4435   1.00   0.50     2.0s
  214       636.9       214.4    0.4438   1.00   0.50     1.9s
  215       738.5       175.3    0.4441   1.00   0.50     1.7s
  216       657.4       162.4    0.4444   1.00   0.50     1.8s
  217      1143.9       215.4    0.4447   1.00   0.50     2.0s
  218       801.5       166.6    0.4451   1.00   0.50     2.0s
  219       853.0       270.6    0.4454   1.00   0.50     2.0s
  [probe] gen=220 score=838.7 net=4.368 fell=0.600
  220      1036.4       150.9    0.4457   1.00   0.50     1.9s
  221       941.5       210.9    0.4460   1.00   0.50     1.7s
  222       857.0       190.0    0.4464   1.00   0.50     2.2s
  223      1111.0       227.0    0.4467   1.00   0.50     2.0s
  224       828.9       183.8    0.4470   1.00   0.50     2.0s
  [plot] Saved fitness curve → fitness_curve_cpg.png
  225       779.6       162.5    0.4474   1.00   0.50     1.7s
  226       998.5       136.2    0.4479   1.00   0.50     1.9s
  227       614.7       136.1    0.4486   1.00   0.50     1.5s
  228       865.3       238.7    0.4492   1.00   0.50     1.8s
  229       808.5       117.6    0.4496   1.00   0.50     1.7s
  [probe] gen=230 score=735.5 net=3.437 fell=0.700
  230       887.0       103.5    0.4500   1.00   0.50     1.7s
  231       769.9       193.7    0.4504   1.00   0.50     1.5s
  232      1106.7       255.2    0.4506   1.00   0.50     1.8s
  233       705.6       175.3    0.4508   1.00   0.50     1.4s
  234      1022.2       195.3    0.4509   1.00   0.50     1.7s
  235       892.6       224.7    0.4509   1.00   0.50     1.6s
  236       785.8       142.0    0.4509   1.00   0.50     1.4s
  237      1061.0       306.7    0.4509   1.00   0.50     1.6s
  238       836.1        51.0    0.4509   1.00   0.50     1.7s
  239       708.5       170.2    0.4510   1.00   0.50     1.7s
  [probe] gen=240 score=849.1 net=4.513 fell=1.000
  240      1045.4       217.1    0.4510   1.00   0.50     1.7s
  241      1030.6       193.1    0.4510   1.00   0.50     1.9s
  242      1108.3       166.5    0.4510   1.00   0.50     1.6s
  243      1452.1       254.8    0.4510   1.00   0.50     2.1s
  244       851.8       319.4    0.4511   1.00   0.50     2.3s
  245       584.3       188.9    0.4510   1.00   0.50     1.8s
  246       939.4       312.7    0.4510   1.00   0.50     2.4s
  247       839.4       211.0    0.4510   1.00   0.50     2.0s
  248      1037.6       245.0    0.4509   1.00   0.50     2.3s
  249      1064.3       287.8    0.4509   1.00   0.50     2.0s
  [probe] gen=250 score=825.4 net=4.289 fell=0.900
  [plot] Saved fitness curve → fitness_curve_cpg.png
  250      1092.1       336.6    0.4508   1.00   0.50     2.1s
  251      1039.9       419.0    0.4505   1.00   0.50     2.4s
  252       921.8       348.8    0.4503   1.00   0.50     2.1s
  253      1267.5       380.1    0.4500   1.00   0.50     1.9s
  254       951.1       233.8    0.4498   1.00   0.50     2.0s
  255      1065.4       345.7    0.4498   1.00   0.50     2.0s
  256      1174.7       371.7    0.4496   1.00   0.50     2.3s
  257      1194.5       319.0    0.4495   1.00   0.50     2.2s
  258      1627.2       380.1    0.4496   1.00   0.50     2.5s
  259      1195.4       390.5    0.4497   1.00   0.50     2.1s
  [probe] gen=260 score=886.4 net=4.984 fell=1.000
  260      1290.5       232.9    0.4500   1.00   0.50     1.9s
  261      1019.1       315.8    0.4504   1.00   0.50     2.1s
  262      1134.6       341.3    0.4508   1.00   0.50     2.2s
  263      1044.0       359.5    0.4513   1.00   0.50     2.3s
  264      1043.1       309.1    0.4517   1.00   0.50     2.2s
  265      1143.8       244.2    0.4519   1.00   0.50     2.3s
  266      1014.4       322.3    0.4518   1.00   0.50     2.0s
  267       908.9       268.5    0.4517   1.00   0.50     2.4s
  268      1197.7       481.7    0.4515   1.00   0.50     2.3s
  269       922.7       369.3    0.4514   1.00   0.50     2.0s
  [probe] gen=270 score=906.2 net=5.014 fell=1.000
  270      1074.7       397.8    0.4513   1.00   0.50     2.3s
  271      1314.1       437.5    0.4512   1.00   0.50     2.3s
  272      1115.6       399.0    0.4514   1.00   0.50     2.1s
  273      1168.2       332.4    0.4515   1.00   0.50     2.3s
  274      1171.1       335.6    0.4515   1.00   0.50     2.2s
  [plot] Saved fitness curve → fitness_curve_cpg.png
  275      1142.8       389.2    0.4515   1.00   0.50     2.4s
  276       897.3       345.7    0.4517   1.00   0.50     2.0s
  277      1396.7       370.7    0.4518   1.00   0.50     2.0s
  278      1283.9       508.0    0.4519   1.00   0.50     2.5s
  279      1113.1       302.4    0.4519   1.00   0.50     2.6s
  [probe] gen=280 score=780.0 net=4.222 fell=1.000
  280      1247.9       419.4    0.4520   1.00   0.50     4.8s
  281      1061.5       331.0    0.4524   1.00   0.50     2.6s
  282      1093.8       366.7    0.4526   1.00   0.50     2.4s
  283      1115.1       313.2    0.4527   1.00   0.50     2.4s
  284      1120.1       332.1    0.4528   1.00   0.50     2.0s
  285       935.5       246.6    0.4530   1.00   0.50     2.4s
  286      1522.9       351.1    0.4531   1.00   0.50     2.5s
  287      1370.6       394.6    0.4532   1.00   0.50     2.4s
  288      1611.5       506.8    0.4534   1.00   0.50     2.4s
  289      1144.1       412.9    0.4535   1.00   0.50     2.2s
  [probe] gen=290 score=595.8 net=3.391 fell=1.000
  290      1179.3       352.9    0.4536   1.00   0.50     2.3s
  291      1123.2       350.2    0.4534   1.00   0.50     2.1s
  292      1231.5       394.7    0.4531   1.00   0.50     2.2s
  293      1040.3       326.5    0.4530   1.00   0.50     1.9s
  294       940.7       394.9    0.4527   1.00   0.50     2.3s
  295      1188.9       354.2    0.4523   1.00   0.50     2.0s
  296       983.1       290.1    0.4521   1.00   0.50     2.0s
  297      1099.8       356.1    0.4521   1.00   0.50     2.1s
  298      1372.5       418.9    0.4522   1.00   0.50     2.0s
  299      1076.0       366.7    0.4520   1.00   0.50     2.1s
  [probe] gen=300 score=1193.8 net=5.823 fell=0.400
  [plot] Saved fitness curve → fitness_curve_cpg.png
  300      1455.9       409.0    0.4521   1.00   0.50     2.2s
  301      1336.5       435.9    0.4521   1.00   0.50     2.2s
  302      1533.4       308.5    0.4523   1.00   0.50     2.0s
  303      1136.7       407.3    0.4525   1.00   0.50     2.1s
  304      1249.4       425.9    0.4527   1.00   0.50     2.1s
  305      1722.3       461.4    0.4528   1.00   0.50     2.3s
  306      1182.7       386.4    0.4532   1.00   0.50     2.3s
  307      1467.5       352.6    0.4538   1.00   0.50     2.3s
  308      1212.0       374.0    0.4543   1.00   0.50     2.4s
  309      1221.5       445.2    0.4547   1.00   0.50     2.5s
  [probe] gen=310 score=727.5 net=3.873 fell=0.900
  310      1483.6       476.3    0.4550   1.00   0.50     2.4s
  311      1093.6       322.1    0.4555   1.00   0.50     1.9s
  312      1326.0       419.1    0.4560   1.00   0.50     2.4s
  313      1263.8       515.7    0.4566   1.00   0.50     2.4s
  314      1265.2       442.0    0.4570   1.00   0.50     2.2s
  315      1308.6       427.0    0.4575   1.00   0.50     2.4s
  316      1290.5       305.5    0.4579   1.00   0.50     1.7s
  317      1244.1       430.7    0.4583   1.00   0.50     2.1s
  318      1538.8       478.1    0.4589   1.00   0.50     2.1s
  319      1172.3       397.8    0.4594   1.00   0.50     2.0s
  [probe] gen=320 score=1086.3 net=5.245 fell=0.400
  320      1298.5       511.7    0.4601   1.00   0.50     2.2s
  321      1682.4       337.8    0.4606   1.00   0.50     2.0s
  322      1360.0       400.1    0.4609   1.00   0.50     2.2s
  323      1292.6       454.2    0.4610   1.00   0.50     2.1s
  324      1392.9       472.5    0.4612   1.00   0.50     2.2s
  [plot] Saved fitness curve → fitness_curve_cpg.png
  325      1291.1       444.4    0.4614   1.00   0.50     2.7s
  326      1559.3       479.6    0.4616   1.00   0.50     2.6s
  327      1129.0       425.7    0.4619   1.00   0.50     2.1s
  328      1247.5       430.3    0.4622   1.00   0.50     2.2s
  329      1532.6       345.5    0.4625   1.00   0.50     2.0s
  [probe] gen=330 score=832.3 net=4.514 fell=0.800
  330      1302.1       524.9    0.4629   1.00   0.50     2.3s
  331      1277.7       470.5    0.4635   1.00   0.50     2.2s
  332      1564.1       582.8    0.4640   1.00   0.50     2.5s
  333      1204.8       516.6    0.4645   1.00   0.50     2.6s
  334      1539.1       536.5    0.4650   1.00   0.50     2.5s
  335      1362.1       560.6    0.4654   1.00   0.50     2.5s
  336      1324.0       653.3    0.4659   1.00   0.50     2.7s
  337      1355.0       547.0    0.4660   1.00   0.50     2.1s
  338      1276.9       547.8    0.4662   1.00   0.50     2.2s
  339      1421.6       548.0    0.4662   1.00   0.50     2.9s
  [probe] gen=340 score=1433.0 net=6.903 fell=0.300
  340      1577.9       554.6    0.4661   1.00   0.50     2.2s
  341      1283.0       584.7    0.4660   1.00   0.50     2.5s
  342      1485.3       547.9    0.4660   1.00   0.50     2.5s
  343      1474.0       580.4    0.4661   1.00   0.50     2.9s
  344      1510.4       485.2    0.4660   1.00   0.50     2.4s
  345      1592.7       794.0    0.4660   1.00   0.50     3.3s
  346      1576.1       647.5    0.4657   1.00   0.50     2.7s
  347      1329.0       527.7    0.4654   1.00   0.50     2.3s
  348      1433.6       514.5    0.4651   1.00   0.50     2.3s
  349      1499.9       544.8    0.4649   1.00   0.50     2.6s
  [probe] gen=350 score=1346.6 net=6.538 fell=0.300
  [plot] Saved fitness curve → fitness_curve_cpg.png
  350      1522.0       525.6    0.4645   1.00   0.50     2.4s
  351      1503.6       590.9    0.4642   1.00   0.50     2.5s
  352      1457.9       468.6    0.4639   1.00   0.50     2.2s
  353      1243.9       517.2    0.4635   1.00   0.50     2.4s
  354      1400.2       538.4    0.4632   1.00   0.50     2.6s
  355      1483.4       548.8    0.4629   1.00   0.50     2.7s
  356      1320.6       593.3    0.4628   1.00   0.50     2.8s
  357      1385.8       546.3    0.4628   1.00   0.50     2.4s
  358      1418.3       551.7    0.4628   1.00   0.50     2.6s
  359      1174.1       385.5    0.4628   1.00   0.50     2.1s
  [probe] gen=360 score=1103.2 net=5.634 fell=0.700
  360      1473.6       557.6    0.4627   1.00   0.50     2.5s
  361      1717.7       805.2    0.4627   1.00   0.50     3.0s
  362      1628.3       638.2    0.4628   1.00   0.50     2.8s
  363      1444.2       562.4    0.4631   1.00   0.50     2.5s
  364      1450.2       634.2    0.4633   1.00   0.50     2.3s
  365      1584.1       631.9    0.4637   1.00   0.50     2.6s
  366      1531.0       625.4    0.4640   1.00   0.50     2.6s
  367      1395.6       429.3    0.4642   1.00   0.50     2.3s
  368      1837.3       598.9    0.4646   1.00   0.50     2.4s
  369      1409.8       526.2    0.4649   1.00   0.50     2.2s
  [probe] gen=370 score=508.9 net=2.993 fell=0.700
  370      1624.0       552.1    0.4654   1.00   0.50     2.3s
  371      1796.1       633.0    0.4659   1.00   0.50     2.3s
  372      1498.8       569.8    0.4663   1.00   0.50     2.5s
  373      1386.3       582.2    0.4669   1.00   0.50     2.7s
  374      1466.8       579.1    0.4672   1.00   0.50     4.5s
  [plot] Saved fitness curve → fitness_curve_cpg.png
  375      1408.3       545.5    0.4677   1.00   0.50     2.6s
  376      1443.0       423.2    0.4682   1.00   0.50     2.2s
  377      1387.5       501.5    0.4687   1.00   0.50     2.5s
  378      1474.1       534.4    0.4691   1.00   0.50     2.6s
  379      1499.5       593.7    0.4695   1.00   0.50     2.6s
  [probe] gen=380 score=1190.6 net=5.549 fell=0.300
  380      1316.7       546.2    0.4700   1.00   0.50     2.7s
  381      1606.9       586.3    0.4704   1.00   0.50     2.8s
  382      1453.7       650.3    0.4707   1.00   0.50     2.8s
  383      1286.0       567.1    0.4712   1.00   0.50     3.1s
  384      1400.4       483.1    0.4716   1.00   0.50     3.7s
  385      1622.4       677.8    0.4720   1.00   0.50     3.2s
  386      1500.1       652.0    0.4723   1.00   0.50     2.8s
  387      1484.9       606.9    0.4727   1.00   0.50     2.8s
  388      1547.4       502.8    0.4730   1.00   0.50     2.4s
  389      1501.3       666.7    0.4733   1.00   0.50     2.9s
  [probe] gen=390 score=1330.6 net=6.212 fell=0.200
  390      1361.9       646.4    0.4736   1.00   0.50     2.6s
  391      1493.5       541.8    0.4739   1.00   0.50     2.2s
  392      1586.5       724.2    0.4743   1.00   0.50     2.9s
  393      1378.2       528.0    0.4746   1.00   0.50     2.4s
  394      1343.6       524.3    0.4750   1.00   0.50     2.3s
  395      1560.3       625.5    0.4753   1.00   0.50     2.4s
  396      1757.9       522.4    0.4756   1.00   0.50     2.2s
  397      1330.1       515.0    0.4758   1.00   0.50     2.3s
  398      1433.4       473.5    0.4761   1.00   0.50     2.2s
  399      1552.4       398.9    0.4762   1.00   0.50     2.0s
  [probe] gen=400 score=1192.5 net=5.699 fell=0.300
  [plot] Saved fitness curve → fitness_curve_cpg.png
  400      1353.9       427.3    0.4764   1.00   0.50     2.3s
  401      1704.1       641.0    0.4765   1.00   0.50     2.7s
  402      1291.6       509.9    0.4766   1.00   0.50     2.2s
  403      1392.5       561.9    0.4768   1.00   0.50     2.2s
  404      1815.4       675.2    0.4770   1.00   0.50     2.6s
  405      1254.8       500.7    0.4772   1.00   0.50     2.2s
  406      1537.3       427.1    0.4773   1.00   0.50     2.4s
  407      1506.6       434.6    0.4775   1.00   0.50     2.3s
  408      1414.2       628.7    0.4776   1.00   0.50     2.5s
  409      1575.9       494.9    0.4777   1.00   0.50     1.9s
  [probe] gen=410 score=1172.0 net=5.615 fell=0.400
  410      1436.6       533.7    0.4778   1.00   0.50     2.2s
  411      1421.4       485.2    0.4780   1.00   0.50     2.2s
  412      1452.9       466.4    0.4781   1.00   0.50     2.3s
  413      1618.3       599.9    0.4783   1.00   0.50     2.3s
  414      1319.1       490.7    0.4785   1.00   0.50     2.1s
  415      1518.0       464.8    0.4788   1.00   0.50     2.1s
  416      1711.7       669.0    0.4788   1.00   0.50     2.3s
  417      1686.6       509.2    0.4788   1.00   0.50     2.0s
  418      1606.9       681.5    0.4788   1.00   0.50     2.5s
  419      1462.5       563.3    0.4786   1.00   0.50     2.2s
  [probe] gen=420 score=1276.9 net=6.626 fell=0.500
  420      1561.2       621.5    0.4783   1.00   0.50     2.5s
  421      1629.8       697.1    0.4779   1.00   0.50     2.6s
  422      1680.1       633.8    0.4773   1.00   0.50     2.2s
  423      1259.0       506.3    0.4769   1.00   0.50     2.3s
  424      1653.2       725.8    0.4763   1.00   0.50     2.9s
  [plot] Saved fitness curve → fitness_curve_cpg.png
  425      1668.7       734.8    0.4757   1.00   0.50     3.0s
  426      1562.9       583.9    0.4752   1.00   0.50     2.4s
  427      1600.9       616.1    0.4750   1.00   0.50     2.3s
  428      1433.2       778.5    0.4745   1.00   0.50     2.9s
  429      1515.4       610.7    0.4741   1.00   0.50     2.7s
  [probe] gen=430 score=1028.0 net=4.948 fell=0.400
  430      1444.5       550.2    0.4736   1.00   0.50     2.3s
  431      1748.3       664.3    0.4730   1.00   0.50     2.9s
  432      1463.4       594.2    0.4726   1.00   0.50     3.2s
  433      1710.6       678.6    0.4720   1.00   0.50     3.5s
  434      1812.3       582.7    0.4716   1.00   0.50     2.8s
  435      1619.1       678.8    0.4713   1.00   0.50     2.6s
  436      1675.8       599.3    0.4711   1.00   0.50     2.3s
  437      1680.1       818.2    0.4710   1.00   0.50     2.4s
  438      1885.9       877.4    0.4709   1.00   0.50     2.6s
  439      1645.7       703.1    0.4708   1.00   0.50     2.5s
  [probe] gen=440 score=1332.3 net=6.630 fell=0.300
  440      1600.9       677.3    0.4708   1.00   0.50     2.4s
  441      1458.6       726.4    0.4709   1.00   0.50     2.3s
  442      1439.8       561.9    0.4713   1.00   0.50     2.2s
  443      1525.3       832.9    0.4718   1.00   0.50     2.8s
  444      1434.5       667.8    0.4721   1.00   0.50     2.4s
  445      1758.4       643.8    0.4723   1.00   0.50     2.4s
  446      1684.8       799.4    0.4724   1.00   0.50     2.5s
  447      1642.2       540.9    0.4723   1.00   0.50     1.9s
  448      1416.0       544.4    0.4721   1.00   0.50     2.4s
  449      1563.4       714.0    0.4718   1.00   0.50     2.5s
  [probe] gen=450 score=1384.3 net=6.453 fell=0.100
  [plot] Saved fitness curve → fitness_curve_cpg.png
  450      1480.5       629.7    0.4716   1.00   0.50     2.7s
  451      1380.5       522.5    0.4714   1.00   0.50     2.3s
  452      1604.3       589.2    0.4711   1.00   0.50     2.2s
  453      1446.1       668.9    0.4708   1.00   0.50     2.6s
  454      1579.1       661.5    0.4702   1.00   0.50     2.5s
  455      1581.9       744.7    0.4699   1.00   0.50     2.7s
  456      1409.8       673.6    0.4698   1.00   0.50     2.5s
  457      1410.4       627.9    0.4696   1.00   0.50     2.3s
  458      1586.0       529.9    0.4695   1.00   0.50     1.8s
  459      1376.9       636.5    0.4693   1.00   0.50     2.4s
  [probe] gen=460 score=1138.1 net=5.821 fell=0.500
  460      1580.2       734.9    0.4689   1.00   0.50     2.7s
  461      1605.8       551.7    0.4683   1.00   0.50     2.0s
  462      1585.4       764.8    0.4675   1.00   0.50     2.4s
  463      1386.2       718.6    0.4668   1.00   0.50     2.2s
  464      1451.3       644.0    0.4660   1.00   0.50     2.4s
  465      1575.5       723.3    0.4652   1.00   0.50     2.4s
  466      1477.5       687.5    0.4645   1.00   0.50     2.1s
  467      1579.3       606.8    0.4638   1.00   0.50     2.4s
  468      1636.5       634.9    0.4632   1.00   0.50     2.2s
  469      1936.0       685.2    0.4626   1.00   0.50     2.4s
  [probe] gen=470 score=1353.6 net=6.484 fell=0.300
  470      1484.3       610.0    0.4620   1.00   0.50     2.4s
  471      1706.4       759.0    0.4615   1.00   0.50     2.7s
  472      1706.0       814.5    0.4609   1.00   0.50     2.6s
  473      1640.6       658.7    0.4604   1.00   0.50     2.4s
  474      1411.9       615.3    0.4599   1.00   0.50     2.2s
  [plot] Saved fitness curve → fitness_curve_cpg.png
  475      1711.4       835.7    0.4596   1.00   0.50     2.5s
  476      1669.7       653.0    0.4593   1.00   0.50     2.1s
  477      1468.9       650.1    0.4588   1.00   0.50     2.2s
  478      1376.2       578.3    0.4584   1.00   0.50     2.5s
  479      1503.3       535.8    0.4581   1.00   0.50     2.0s
  [probe] gen=480 score=1455.7 net=6.989 fell=0.100
  480      1562.5       662.0    0.4580   1.00   0.50     2.3s
  481      1590.1       640.9    0.4578   1.00   0.50     2.0s
  482      1757.9       767.9    0.4575   1.00   0.50     2.3s
  483      1635.7       764.6    0.4574   1.00   0.50     2.3s
  484      1693.7       725.7    0.4573   1.00   0.50     2.4s
  485      1760.7       804.0    0.4574   1.00   0.50     2.2s
  486      1451.0       601.4    0.4574   1.00   0.50     2.0s
  487      1495.8       822.9    0.4575   1.00   0.50     2.4s
  488      1778.0       746.1    0.4577   1.00   0.50     2.3s
  489      1691.9       661.8    0.4577   1.00   0.50     2.1s
  [probe] gen=490 score=1356.2 net=6.869 fell=0.500
  490      1644.9       681.0    0.4575   1.00   0.50     2.3s
  491      1430.1       787.9    0.4570   1.00   0.50     2.3s
  492      1427.2       772.8    0.4565   1.00   0.50     2.3s
  493      1774.5       868.6    0.4559   1.00   0.50     2.8s
  494      1510.6       797.9    0.4552   1.00   0.50     2.5s
  495      1499.0       706.1    0.4544   1.00   0.50     2.8s
  496      1559.2       706.5    0.4535   1.00   0.50     2.4s
  497      1603.0       789.6    0.4526   1.00   0.50     2.5s
  498      1746.3       888.0    0.4515   1.00   0.50     2.8s
  499      1913.5       741.1    0.4505   1.00   0.50     2.0s
CMA-ES stop reasons: {'maxiter': 500}
  [plot] Saved fitness curve → fitness_curve_cpg.png

Training complete. Best fitness: 1936.0
Best params → experiments/thesis/fixed_gravity/seed_01/working_checkpoints/best_params.npy
Fitness curve → fitness_curve_cpg.png
Final Earth scorecard | score=1113.0 net=6.057 fell=0.650
Gravity sweep | gravities=5 mean_net=4.884 worst_net=2.898
  [exp] Archived → experiments/thesis/fixed_gravity/seed_01/
  [exp] Wrote experiments/thesis/fixed_gravity/seed_01/training_log.csv
  [exp] Wrote experiments/thesis/fixed_gravity/seed_01/earth_probe.csv
  [exp] Wrote experiments/thesis/fixed_gravity/seed_01/gravity_sweep.csv
  [exp] Wrote experiments/thesis/fixed_gravity/seed_01/summary.json
