Walker2d-v5 | policy=CPG  params=504
Curriculum   : StagedEvolution  -1.6 (33%) → -5.0 (33%) → -9.81 (33%)
Run context | seed=2 arm=staged_evolution run_id=staged_evolution_seed_02

Schedule | penalty_min=0.20 penalty_ramp_gen=200 corr_min=0.00 corr_max=0.50 corr_ramp_gen=200

Starting CMA-ES | pop=40 | sigma0=0.5 | max_gen=500 | workers=8 | seed=2
Checkpoints → experiments/thesis/staged_evolution/seed_02/checkpoints/

  Gen        Best        Mean     Sigma    Pen   Corr    Gravity  Phase              Time
------------------------------------------------------------------------------------
  [probe] gen=0 score=-394.2 net=-0.197 fell=1.000 [new best earth]
  [plot] Saved fitness curve → experiments/thesis/staged_evolution/seed_02/fitness_curve.png
    0       -49.5       -75.9    0.4905   0.20   0.00    -1.6000  moon               1.5s
    1       -59.4       -75.3    0.4820   0.20   0.00    -1.6000  moon               0.2s
    2       -60.7       -76.6    0.4745   0.21   0.01    -1.6000  moon               0.2s
    3       -59.8       -79.1    0.4678   0.21   0.01    -1.6000  moon               0.2s
    4       -56.8       -76.1    0.4619   0.22   0.01    -1.6000  moon               0.2s
    5       -59.1       -77.5    0.4565   0.22   0.01    -1.6000  moon               0.2s
    6       -57.9       -75.2    0.4516   0.22   0.01    -1.6000  moon               0.3s
    7       -56.0       -71.9    0.4471   0.23   0.02    -1.6000  moon               0.2s
    8       -56.4       -71.4    0.4428   0.23   0.02    -1.6000  moon               0.3s
    9       -53.2       -69.6    0.4388   0.24   0.02    -1.6000  moon               0.3s
  [probe] gen=10 score=-388.2 net=-0.115 fell=1.000 [new best earth]
   10       -35.1       -67.8    0.4350   0.24   0.03    -1.6000  moon               0.3s
   11       -35.7       -64.7    0.4317   0.24   0.03    -1.6000  moon               0.4s
   12       -39.4       -60.6    0.4285   0.25   0.03    -1.6000  moon               0.5s
   13       -17.1       -52.5    0.4254   0.25   0.03    -1.6000  moon               0.5s
   14       -16.8       -50.9    0.4224   0.26   0.04    -1.6000  moon               0.6s
   15         5.7       -44.5    0.4199   0.26   0.04    -1.6000  moon               0.6s
   16       115.3       -23.5    0.4175   0.26   0.04    -1.6000  moon               0.8s
   17       204.9        -8.0    0.4153   0.27   0.04    -1.6000  moon               0.9s
   18       299.5        -9.3    0.4133   0.27   0.04    -1.6000  moon               1.0s
   19       259.5        12.5    0.4114   0.28   0.05    -1.6000  moon               1.1s
  [probe] gen=20 score=-377.7 net=-0.310 fell=1.000 [new best earth]
   20       213.6        65.3    0.4097   0.28   0.05    -1.6000  moon               1.2s
   21       210.3       112.9    0.4084   0.28   0.05    -1.6000  moon               1.4s
   22       351.4       134.5    0.4072   0.29   0.06    -1.6000  moon               1.4s
   23       323.8       138.2    0.4064   0.29   0.06    -1.6000  moon               1.5s
   24       244.9       134.2    0.4056   0.30   0.06    -1.6000  moon               1.6s
  [plot] Saved fitness curve → experiments/thesis/staged_evolution/seed_02/fitness_curve.png
   25       301.8       112.0    0.4048   0.30   0.06    -1.6000  moon               1.7s
   26       389.0        94.6    0.4041   0.30   0.07    -1.6000  moon               1.6s
   27       449.4       156.2    0.4034   0.31   0.07    -1.6000  moon               1.8s
   28       301.2        97.3    0.4028   0.31   0.07    -1.6000  moon               1.8s
   29       320.7        95.5    0.4021   0.32   0.07    -1.6000  moon               1.8s
  [probe] gen=30 score=-358.5 net=-0.181 fell=1.000 [new best earth]
   30       451.1       118.8    0.4014   0.32   0.07    -1.6000  moon               1.8s
   31       347.6       120.1    0.4008   0.32   0.08    -1.6000  moon               2.0s
   32       353.9        78.8    0.4003   0.33   0.08    -1.6000  moon               1.8s
   33       361.7       126.2    0.3998   0.33   0.08    -1.6000  moon               1.8s
   34       443.0       181.3    0.3991   0.34   0.09    -1.6000  moon               1.7s
   35       527.9       137.1    0.3984   0.34   0.09    -1.6000  moon               1.9s
   36       476.4       163.7    0.3977   0.34   0.09    -1.6000  moon               2.1s
   37       467.9       167.8    0.3970   0.35   0.09    -1.6000  moon               2.0s
   38       460.2       179.5    0.3963   0.35   0.10    -1.6000  moon               1.9s
   39       416.7       169.7    0.3958   0.36   0.10    -1.6000  moon               2.0s
  [probe] gen=40 score=64.8 net=1.181 fell=1.000 [new best earth]
   40       517.9       179.4    0.3954   0.36   0.10    -1.6000  moon               1.7s
   41       558.5       199.1    0.3950   0.36   0.10    -1.6000  moon               1.8s
   42       608.1       184.2    0.3946   0.37   0.10    -1.6000  moon               1.9s
   43       474.3       212.0    0.3943   0.37   0.11    -1.6000  moon               1.8s
   44       440.3       159.2    0.3940   0.38   0.11    -1.6000  moon               2.1s
   45       468.5       151.4    0.3938   0.38   0.11    -1.6000  moon               1.9s
   46       450.1       167.7    0.3935   0.38   0.12    -1.6000  moon               2.1s
   47       533.0       130.2    0.3932   0.39   0.12    -1.6000  moon               2.0s
   48       606.7       209.2    0.3927   0.39   0.12    -1.6000  moon               2.0s
   49       510.2       167.3    0.3922   0.40   0.12    -1.6000  moon               1.8s
  [probe] gen=50 score=-452.0 net=-0.935 fell=1.000
  [plot] Saved fitness curve → experiments/thesis/staged_evolution/seed_02/fitness_curve.png
   50       579.1       202.8    0.3916   0.40   0.12    -1.6000  moon               1.9s
   51       546.6       172.1    0.3910   0.40   0.13    -1.6000  moon               1.9s
   52       640.6       257.0    0.3904   0.41   0.13    -1.6000  moon               1.8s
   53       723.2       245.3    0.3901   0.41   0.13    -1.6000  moon               1.9s
   54       588.7       245.5    0.3897   0.42   0.14    -1.6000  moon               1.9s
   55       757.8       243.7    0.3893   0.42   0.14    -1.6000  moon               1.8s
   56       570.2       191.4    0.3889   0.42   0.14    -1.6000  moon               1.7s
   57       607.4       264.0    0.3884   0.43   0.14    -1.6000  moon               2.0s
   58       630.0       238.7    0.3880   0.43   0.14    -1.6000  moon               1.9s
   59       646.0       301.7    0.3877   0.44   0.15    -1.6000  moon               1.9s
  [probe] gen=60 score=222.8 net=1.791 fell=1.000 [new best earth]
   60       852.1       259.6    0.3873   0.44   0.15    -1.6000  moon               1.9s
   61       895.5       340.0    0.3869   0.44   0.15    -1.6000  moon               2.1s
   62       756.6       292.6    0.3865   0.45   0.15    -1.6000  moon               2.0s
   63       804.9       235.7    0.3859   0.45   0.16    -1.6000  moon               2.2s
   64       718.3       239.2    0.3855   0.46   0.16    -1.6000  moon               2.0s
   65       596.2       243.4    0.3850   0.46   0.16    -1.6000  moon               2.1s
   66      1033.5       267.9    0.3845   0.46   0.17    -1.6000  moon               2.2s
   67       825.2       252.1    0.3839   0.47   0.17    -1.6000  moon               1.9s
   68       775.0       268.5    0.3833   0.47   0.17    -1.6000  moon               2.0s
   69      1022.0       319.7    0.3828   0.48   0.17    -1.6000  moon               2.1s
  [probe] gen=70 score=-450.7 net=-0.901 fell=1.000
   70       807.1       184.6    0.3823   0.48   0.17    -1.6000  moon               2.0s
   71       764.5       227.2    0.3819   0.48   0.18    -1.6000  moon               1.8s
   72       799.6       251.8    0.3815   0.49   0.18    -1.6000  moon               2.0s
   73       800.6       334.7    0.3810   0.49   0.18    -1.6000  moon               2.1s
   74       904.5       293.6    0.3805   0.50   0.18    -1.6000  moon               1.9s
  [plot] Saved fitness curve → experiments/thesis/staged_evolution/seed_02/fitness_curve.png
   75       943.9       282.6    0.3800   0.50   0.19    -1.6000  moon               2.2s
   76       759.7       202.4    0.3797   0.50   0.19    -1.6000  moon               2.0s
   77       771.5       294.6    0.3792   0.51   0.19    -1.6000  moon               1.9s
   78       824.4       317.0    0.3788   0.51   0.20    -1.6000  moon               2.0s
   79       786.1       278.3    0.3782   0.52   0.20    -1.6000  moon               1.9s
  [probe] gen=80 score=143.3 net=1.493 fell=1.000
   80      1044.7       393.7    0.3777   0.52   0.20    -1.6000  moon               2.1s
   81      1012.0       343.2    0.3772   0.52   0.20    -1.6000  moon               2.1s
   82       964.7       377.5    0.3767   0.53   0.20    -1.6000  moon               2.0s
   83       944.9       323.3    0.3763   0.53   0.21    -1.6000  moon               2.2s
   84       749.3       343.7    0.3759   0.54   0.21    -1.6000  moon               1.9s
   85       788.5       352.9    0.3756   0.54   0.21    -1.6000  moon               2.1s
   86      1067.5       355.5    0.3752   0.54   0.21    -1.6000  moon               2.1s
   87       906.7       402.2    0.3748   0.55   0.22    -1.6000  moon               2.3s
   88       837.6       459.4    0.3746   0.55   0.22    -1.6000  moon               2.4s
   89       965.3       291.4    0.3743   0.56   0.22    -1.6000  moon               1.9s
  [probe] gen=90 score=9.4 net=0.729 fell=1.000
   90      1084.3       429.5    0.3743   0.56   0.23    -1.6000  moon               2.3s
   91      1004.0       397.4    0.3741   0.56   0.23    -1.6000  moon               2.2s
   92      1199.4       426.9    0.3742   0.57   0.23    -1.6000  moon               2.1s
   93       966.5       342.9    0.3741   0.57   0.23    -1.6000  moon               2.1s
   94       846.6       301.2    0.3738   0.58   0.23    -1.6000  moon               1.9s
   95       980.7       358.4    0.3735   0.58   0.24    -1.6000  moon               2.0s
   96      1099.6       365.2    0.3731   0.58   0.24    -1.6000  moon               2.2s
   97       916.0       362.6    0.3727   0.59   0.24    -1.6000  moon               1.9s
   98      1173.1       490.3    0.3725   0.59   0.24    -1.6000  moon               2.1s
   99      1155.9       433.2    0.3721   0.60   0.25    -1.6000  moon               2.1s
  [probe] gen=100 score=-175.0 net=0.041 fell=1.000
  [plot] Saved fitness curve → experiments/thesis/staged_evolution/seed_02/fitness_curve.png
  100      1274.9       387.7    0.3718   0.60   0.25    -1.6000  moon               2.1s
  101      1147.3       372.8    0.3713   0.60   0.25    -1.6000  moon               1.9s
  102       972.9       347.7    0.3711   0.61   0.26    -1.6000  moon               2.0s
  103      1043.5       245.7    0.3709   0.61   0.26    -1.6000  moon               1.8s
  104      1145.2       393.1    0.3707   0.62   0.26    -1.6000  moon               2.1s
  105      1101.7       379.6    0.3703   0.62   0.26    -1.6000  moon               2.0s
  106      1044.4       444.1    0.3700   0.62   0.27    -1.6000  moon               2.2s
  107       966.9       243.1    0.3697   0.63   0.27    -1.6000  moon               1.7s
  108      1032.6       320.1    0.3695   0.63   0.27    -1.6000  moon               1.9s
  109      1088.9       275.0    0.3693   0.64   0.27    -1.6000  moon               1.9s
  [probe] gen=110 score=198.0 net=1.737 fell=1.000
  110       989.6       307.1    0.3691   0.64   0.28    -1.6000  moon               1.8s
  111      1102.8       351.6    0.3688   0.64   0.28    -1.6000  moon               1.9s
  112      1083.8       428.7    0.3685   0.65   0.28    -1.6000  moon               2.0s
  113       922.4       384.3    0.3683   0.65   0.28    -1.6000  moon               1.9s
  114      1199.2       514.7    0.3682   0.66   0.28    -1.6000  moon               2.2s
  115      1151.4       436.8    0.3680   0.66   0.29    -1.6000  moon               2.3s
  116      1082.1       341.2    0.3678   0.66   0.29    -1.6000  moon               2.3s
  117      1241.7       439.5    0.3676   0.67   0.29    -1.6000  moon               2.2s
  118      1020.0       332.4    0.3673   0.67   0.29    -1.6000  moon               1.9s
  119      1092.4       325.0    0.3670   0.68   0.30    -1.6000  moon               2.0s
  [probe] gen=120 score=364.2 net=2.440 fell=1.000 [new best earth]
  120      1427.9       446.2    0.3668   0.68   0.30    -1.6000  moon               2.1s
  121      1323.6       393.1    0.3667   0.68   0.30    -1.6000  moon               2.0s
  122      1298.3       462.3    0.3665   0.69   0.30    -1.6000  moon               2.2s
  123      1369.2       507.9    0.3662   0.69   0.31    -1.6000  moon               2.3s
  124      1250.7       369.7    0.3659   0.70   0.31    -1.6000  moon               2.1s
  [plot] Saved fitness curve → experiments/thesis/staged_evolution/seed_02/fitness_curve.png
  125       968.2       449.1    0.3656   0.70   0.31    -1.6000  moon               2.2s
  126      1265.3       347.2    0.3653   0.70   0.32    -1.6000  moon               2.0s
  127      1353.5       454.2    0.3651   0.71   0.32    -1.6000  moon               2.4s
  128      1471.8       489.3    0.3651   0.71   0.32    -1.6000  moon               2.2s
  129      1501.2       450.0    0.3650   0.72   0.32    -1.6000  moon               2.2s
  [probe] gen=130 score=225.3 net=1.779 fell=1.000
  130      1630.5       598.5    0.3648   0.72   0.33    -1.6000  moon               2.3s
  131      1256.1       602.8    0.3646   0.72   0.33    -1.6000  moon               2.3s
  132      1435.0       508.0    0.3647   0.73   0.33    -1.6000  moon               2.2s
  133      1086.0       612.0    0.3647   0.73   0.33    -1.6000  moon               2.4s
  134      1139.7       454.7    0.3648   0.74   0.34    -1.6000  moon               2.2s
  135      1068.9       497.1    0.3648   0.74   0.34    -1.6000  moon               2.1s
  136      1324.8       465.0    0.3651   0.74   0.34    -1.6000  moon               2.2s
  137      1391.3       517.5    0.3652   0.75   0.34    -1.6000  moon               2.2s
  138      1100.3       534.0    0.3655   0.75   0.34    -1.6000  moon               2.3s
  139      1246.7       371.9    0.3657   0.76   0.35    -1.6000  moon               2.2s
  [probe] gen=140 score=226.1 net=1.833 fell=1.000
  140      1157.4       473.8    0.3658   0.76   0.35    -1.6000  moon               2.3s
  141      1170.0       474.9    0.3660   0.76   0.35    -1.6000  moon               2.1s
  142      1221.6       485.0    0.3661   0.77   0.35    -1.6000  moon               2.2s
  143      1078.3       439.1    0.3663   0.77   0.36    -1.6000  moon               2.2s
  144      1278.6       464.6    0.3664   0.78   0.36    -1.6000  moon               2.3s
  145      1099.9       413.0    0.3665   0.78   0.36    -1.6000  moon               2.2s
  146      1101.7       522.2    0.3666   0.78   0.36    -1.6000  moon               2.3s
  147      1013.0       384.2    0.3667   0.79   0.37    -1.6000  moon               2.2s
  148      1445.0       481.3    0.3668   0.79   0.37    -1.6000  moon               2.1s
  149      1234.9       492.6    0.3669   0.80   0.37    -1.6000  moon               2.4s
  [probe] gen=150 score=341.1 net=2.336 fell=1.000
  [plot] Saved fitness curve → experiments/thesis/staged_evolution/seed_02/fitness_curve.png
  150      1238.0       368.0    0.3671   0.80   0.38    -1.6000  moon               2.2s
  151      1403.9       504.3    0.3672   0.80   0.38    -1.6000  moon               2.2s
  152      1458.0       608.1    0.3674   0.81   0.38    -1.6000  moon               2.3s
  153      1301.7       506.1    0.3674   0.81   0.38    -1.6000  moon               2.3s
  154      1401.4       581.9    0.3674   0.82   0.39    -1.6000  moon               2.5s
  155      1310.8       520.3    0.3675   0.82   0.39    -1.6000  moon               2.3s
  156      1299.1       416.2    0.3677   0.82   0.39    -1.6000  moon               2.1s
  157      1258.0       629.8    0.3678   0.83   0.39    -1.6000  moon               2.4s
  158      1586.7       692.7    0.3679   0.83   0.40    -1.6000  moon               2.4s
  159      1436.4       438.8    0.3680   0.84   0.40    -1.6000  moon               2.2s
  [probe] gen=160 score=253.9 net=1.915 fell=1.000
  160      1256.9       529.9    0.3679   0.84   0.40    -1.6000  moon               2.3s
  161      1265.2       588.8    0.3678   0.84   0.40    -1.6000  moon               2.3s
  162      1216.2       477.1    0.3677   0.85   0.41    -1.6000  moon               2.2s
  163      1332.1       456.9    0.3675   0.85   0.41    -1.6000  moon               2.2s
  164      1483.6       490.0    0.3674   0.86   0.41    -1.6000  moon               2.2s
  165      1419.8       623.0    0.3672   0.86   0.41    -1.6000  moon               2.5s
  166      1276.5       555.3    0.3671   0.86   0.41    -1.6000  moon               2.5s
  [stage] gen=167  gravity -5.00 → -5.00  ES restarted  remaining=332
  167      1362.5       401.6    0.5000   0.87   0.42    -5.0000  mid                1.7s
  168       655.2        24.2    0.4903   0.87   0.42    -5.0000  mid                1.2s
  169      1529.4       222.2    0.4819   0.88   0.42    -5.0000  mid                1.5s
  [probe] gen=170 score=384.0 net=2.558 fell=1.000 [new best earth]
  170      1076.2       104.1    0.4744   0.88   0.42    -5.0000  mid                1.5s
  171       782.1       202.0    0.4676   0.88   0.43    -5.0000  mid                1.5s
  172       712.7       126.5    0.4613   0.89   0.43    -5.0000  mid                1.2s
  173      1449.9       118.7    0.4555   0.89   0.43    -5.0000  mid                1.3s
  174      1050.3       166.7    0.4501   0.90   0.43    -5.0000  mid                1.3s
  [plot] Saved fitness curve → experiments/thesis/staged_evolution/seed_02/fitness_curve.png
  175      1706.9       240.7    0.4452   0.90   0.44    -5.0000  mid                1.5s
  176      1260.3       322.7    0.4405   0.90   0.44    -5.0000  mid                1.7s
  177      1229.8       309.6    0.4361   0.91   0.44    -5.0000  mid                1.5s
  178      1082.7       259.2    0.4320   0.91   0.45    -5.0000  mid                1.6s
  179      1022.3       108.4    0.4283   0.92   0.45    -5.0000  mid                1.3s
  [probe] gen=180 score=326.1 net=2.192 fell=1.000
  180       673.3       257.4    0.4247   0.92   0.45    -5.0000  mid                1.5s
  181      1039.5       292.3    0.4212   0.92   0.45    -5.0000  mid                1.6s
  182      1010.4       157.6    0.4179   0.93   0.46    -5.0000  mid                1.4s
  183       939.0       242.0    0.4151   0.93   0.46    -5.0000  mid                1.5s
  184      1392.9       363.6    0.4122   0.94   0.46    -5.0000  mid                1.7s
  185       954.6       152.3    0.4096   0.94   0.46    -5.0000  mid                1.4s
  186      1208.0       361.1    0.4071   0.94   0.47    -5.0000  mid                1.7s
  187      1515.6       271.8    0.4048   0.95   0.47    -5.0000  mid                1.6s
  188      1233.9       299.8    0.4027   0.95   0.47    -5.0000  mid                1.6s
  189      1665.7       474.0    0.4006   0.96   0.47    -5.0000  mid                1.9s
  [probe] gen=190 score=-375.9 net=-0.894 fell=1.000
  190       909.6       253.6    0.3987   0.96   0.47    -5.0000  mid                1.6s
  191      1551.9       418.9    0.3970   0.96   0.48    -5.0000  mid                1.9s
  192      1590.8       458.1    0.3953   0.97   0.48    -5.0000  mid                1.8s
  193      1325.3       356.5    0.3936   0.97   0.48    -5.0000  mid                1.9s
  194      1647.0       342.1    0.3920   0.98   0.48    -5.0000  mid                1.8s
  195      1516.9       320.3    0.3904   0.98   0.49    -5.0000  mid                1.7s
  196      1648.0       368.1    0.3888   0.98   0.49    -5.0000  mid                1.8s
  197      1263.5       328.2    0.3874   0.99   0.49    -5.0000  mid                1.7s
  198      1593.6       394.6    0.3861   0.99   0.49    -5.0000  mid                1.9s
  199      1421.2       497.2    0.3850   1.00   0.50    -5.0000  mid                2.1s
  [probe] gen=200 score=-63.8 net=0.533 fell=1.000
  [plot] Saved fitness curve → experiments/thesis/staged_evolution/seed_02/fitness_curve.png
  200      1503.0       263.7    0.3839   1.00   0.50    -5.0000  mid                1.6s
  201      1343.2       381.8    0.3828   1.00   0.50    -5.0000  mid                1.8s
  202      1373.4       390.1    0.3818   1.00   0.50    -5.0000  mid                1.8s
  203      1265.0       361.0    0.3810   1.00   0.50    -5.0000  mid                1.7s
  204      1759.3       436.0    0.3801   1.00   0.50    -5.0000  mid                2.0s
  205      1623.0       344.3    0.3794   1.00   0.50    -5.0000  mid                1.6s
  206      1334.5       337.9    0.3788   1.00   0.50    -5.0000  mid                1.8s
  207      1199.7       348.9    0.3783   1.00   0.50    -5.0000  mid                1.8s
  208      1332.0       413.1    0.3779   1.00   0.50    -5.0000  mid                2.0s
  209      1242.2       425.3    0.3776   1.00   0.50    -5.0000  mid                1.8s
  [probe] gen=210 score=436.4 net=2.857 fell=1.000 [new best earth]
  210      1872.4       471.7    0.3772   1.00   0.50    -5.0000  mid                1.8s
  211      1457.7       393.5    0.3769   1.00   0.50    -5.0000  mid                2.1s
  212      1509.8       314.8    0.3767   1.00   0.50    -5.0000  mid                1.6s
  213      1459.4       396.6    0.3764   1.00   0.50    -5.0000  mid                1.8s
  214      1740.6       483.6    0.3760   1.00   0.50    -5.0000  mid                2.2s
  215      1395.8       314.2    0.3757   1.00   0.50    -5.0000  mid                1.8s
  216      1199.5       515.5    0.3753   1.00   0.50    -5.0000  mid                2.0s
  217      1318.8       335.7    0.3749   1.00   0.50    -5.0000  mid                1.6s
  218      1610.5       484.3    0.3744   1.00   0.50    -5.0000  mid                2.0s
  219      1685.7       482.5    0.3738   1.00   0.50    -5.0000  mid                2.1s
  [probe] gen=220 score=423.4 net=2.854 fell=1.000
  220      1939.7       429.1    0.3732   1.00   0.50    -5.0000  mid                1.8s
  221      1577.8       488.2    0.3724   1.00   0.50    -5.0000  mid                2.1s
  222      1311.4       480.2    0.3716   1.00   0.50    -5.0000  mid                1.9s
  223      1338.7       512.1    0.3706   1.00   0.50    -5.0000  mid                1.9s
  224      1625.9       548.3    0.3697   1.00   0.50    -5.0000  mid                2.0s
  [plot] Saved fitness curve → experiments/thesis/staged_evolution/seed_02/fitness_curve.png
  225      1694.4       616.0    0.3690   1.00   0.50    -5.0000  mid                2.2s
  226      1842.8       615.6    0.3682   1.00   0.50    -5.0000  mid                2.1s
  227      1454.8       500.5    0.3675   1.00   0.50    -5.0000  mid                2.0s
  228      1744.8       529.8    0.3668   1.00   0.50    -5.0000  mid                2.0s
  229      1608.2       658.8    0.3663   1.00   0.50    -5.0000  mid                2.2s
  [probe] gen=230 score=726.7 net=3.980 fell=0.700 [new best earth]
  230      1551.6       552.9    0.3658   1.00   0.50    -5.0000  mid                1.9s
  231      1874.0       570.4    0.3654   1.00   0.50    -5.0000  mid                1.9s
  232      1693.2       628.8    0.3648   1.00   0.50    -5.0000  mid                2.1s
  233      1642.8       631.9    0.3641   1.00   0.50    -5.0000  mid                2.2s
  234      1458.7       622.2    0.3634   1.00   0.50    -5.0000  mid                2.3s
  235      1455.5       534.2    0.3627   1.00   0.50    -5.0000  mid                1.9s
  236      1582.3       586.4    0.3621   1.00   0.50    -5.0000  mid                1.9s
  237      1628.7       612.1    0.3615   1.00   0.50    -5.0000  mid                2.2s
  238      1775.2       758.3    0.3609   1.00   0.50    -5.0000  mid                2.2s
  239      1788.7       497.2    0.3603   1.00   0.50    -5.0000  mid                1.9s
  [probe] gen=240 score=-129.3 net=0.327 fell=1.000
  240      1563.8       549.2    0.3595   1.00   0.50    -5.0000  mid                2.0s
  241      1429.2       599.2    0.3589   1.00   0.50    -5.0000  mid                1.9s
  242      1409.4       496.6    0.3584   1.00   0.50    -5.0000  mid                1.8s
  243      1741.2       598.4    0.3580   1.00   0.50    -5.0000  mid                2.0s
  244      1567.2       548.1    0.3575   1.00   0.50    -5.0000  mid                2.0s
  245      1685.4       604.6    0.3571   1.00   0.50    -5.0000  mid                2.3s
  246      1755.6       564.0    0.3566   1.00   0.50    -5.0000  mid                2.1s
  247      1979.1       704.6    0.3561   1.00   0.50    -5.0000  mid                2.4s
  248      1528.6       723.6    0.3557   1.00   0.50    -5.0000  mid                2.3s
  249      1913.6       756.9    0.3553   1.00   0.50    -5.0000  mid                2.2s
  [probe] gen=250 score=640.5 net=4.085 fell=1.000
  [plot] Saved fitness curve → experiments/thesis/staged_evolution/seed_02/fitness_curve.png
  250      1479.4       611.0    0.3550   1.00   0.50    -5.0000  mid                2.2s
  251      1911.1       800.5    0.3549   1.00   0.50    -5.0000  mid                2.2s
  252      1702.3       713.3    0.3547   1.00   0.50    -5.0000  mid                2.2s
  253      1969.9       775.2    0.3545   1.00   0.50    -5.0000  mid                2.4s
  254      1618.0       563.3    0.3544   1.00   0.50    -5.0000  mid                1.9s
  255      1796.7       678.2    0.3541   1.00   0.50    -5.0000  mid                2.2s
  256      1904.9       783.3    0.3541   1.00   0.50    -5.0000  mid                2.3s
  257      1634.1       813.8    0.3541   1.00   0.50    -5.0000  mid                2.1s
  258      1581.4       645.6    0.3542   1.00   0.50    -5.0000  mid                2.1s
  259      1809.2       735.9    0.3541   1.00   0.50    -5.0000  mid                2.2s
  [probe] gen=260 score=-233.7 net=-0.248 fell=1.000
  260      1818.2       685.0    0.3541   1.00   0.50    -5.0000  mid                2.1s
  261      1712.4       616.5    0.3541   1.00   0.50    -5.0000  mid                2.0s
  262      1744.0       602.7    0.3542   1.00   0.50    -5.0000  mid                2.2s
  263      1860.8       731.1    0.3544   1.00   0.50    -5.0000  mid                2.1s
  264      1821.3       737.7    0.3546   1.00   0.50    -5.0000  mid                2.2s
  265      2140.8       748.3    0.3546   1.00   0.50    -5.0000  mid                2.4s
  266      1773.3       901.8    0.3548   1.00   0.50    -5.0000  mid                2.5s
  267      1427.4       485.5    0.3548   1.00   0.50    -5.0000  mid                1.8s
  268      1818.6       757.8    0.3547   1.00   0.50    -5.0000  mid                2.2s
  269      1644.6       598.0    0.3547   1.00   0.50    -5.0000  mid                2.0s
  [probe] gen=270 score=442.8 net=3.004 fell=1.000
  270      1961.5       572.1    0.3546   1.00   0.50    -5.0000  mid                2.0s
  271      1664.8       613.6    0.3544   1.00   0.50    -5.0000  mid                2.0s
  272      1909.4       636.4    0.3543   1.00   0.50    -5.0000  mid                2.1s
  273      1593.0       721.1    0.3541   1.00   0.50    -5.0000  mid                2.2s
  274      1679.7       601.7    0.3540   1.00   0.50    -5.0000  mid                1.9s
  [plot] Saved fitness curve → experiments/thesis/staged_evolution/seed_02/fitness_curve.png
  275      1812.2       698.8    0.3538   1.00   0.50    -5.0000  mid                2.3s
  276      1615.8       630.5    0.3536   1.00   0.50    -5.0000  mid                2.1s
  277      1909.3       707.3    0.3535   1.00   0.50    -5.0000  mid                2.3s
  278      1747.9       805.6    0.3532   1.00   0.50    -5.0000  mid                2.4s
  279      1983.8       679.5    0.3530   1.00   0.50    -5.0000  mid                2.1s
  [probe] gen=280 score=336.1 net=2.349 fell=1.000
  280      1924.3       620.9    0.3528   1.00   0.50    -5.0000  mid                2.1s
  281      1779.8       692.9    0.3525   1.00   0.50    -5.0000  mid                2.1s
  282      1669.7       548.7    0.3522   1.00   0.50    -5.0000  mid                2.0s
  283      1763.5       720.1    0.3519   1.00   0.50    -5.0000  mid                2.1s
  284      1615.2       691.7    0.3516   1.00   0.50    -5.0000  mid                2.1s
  285      1903.6       808.5    0.3513   1.00   0.50    -5.0000  mid                2.3s
  286      1759.6       736.9    0.3511   1.00   0.50    -5.0000  mid                2.2s
  287      1673.8       729.5    0.3511   1.00   0.50    -5.0000  mid                2.1s
  288      2024.9       761.1    0.3510   1.00   0.50    -5.0000  mid                2.3s
  289      1483.3       653.8    0.3512   1.00   0.50    -5.0000  mid                2.0s
  [probe] gen=290 score=132.1 net=1.441 fell=1.000
  290      1724.0       611.0    0.3513   1.00   0.50    -5.0000  mid                2.1s
  291      1756.5       669.6    0.3514   1.00   0.50    -5.0000  mid                2.1s
  292      1388.7       778.5    0.3516   1.00   0.50    -5.0000  mid                2.1s
  293      1617.3       615.3    0.3517   1.00   0.50    -5.0000  mid                2.0s
  294      1924.9       840.6    0.3517   1.00   0.50    -5.0000  mid                2.6s
  295      1810.2       697.8    0.3517   1.00   0.50    -5.0000  mid                2.2s
  296      1887.8       884.0    0.3517   1.00   0.50    -5.0000  mid                2.3s
  297      1796.6       682.0    0.3517   1.00   0.50    -5.0000  mid                2.0s
  298      1884.8       887.0    0.3517   1.00   0.50    -5.0000  mid                2.4s
  299      1742.2       674.9    0.3518   1.00   0.50    -5.0000  mid                2.2s
  [probe] gen=300 score=399.8 net=2.699 fell=1.000
  [plot] Saved fitness curve → experiments/thesis/staged_evolution/seed_02/fitness_curve.png
  300      2072.5       792.2    0.3519   1.00   0.50    -5.0000  mid                2.2s
  301      1844.7       672.0    0.3519   1.00   0.50    -5.0000  mid                2.0s
  302      1865.7       605.9    0.3518   1.00   0.50    -5.0000  mid                2.1s
  303      1653.2       728.3    0.3517   1.00   0.50    -5.0000  mid                2.1s
  304      1855.2       647.0    0.3518   1.00   0.50    -5.0000  mid                2.2s
  305      1871.8       810.3    0.3518   1.00   0.50    -5.0000  mid                2.5s
  306      1876.3       740.1    0.3520   1.00   0.50    -5.0000  mid                2.3s
  307      2029.8       766.9    0.3520   1.00   0.50    -5.0000  mid                2.4s
  308      1649.9       665.3    0.3521   1.00   0.50    -5.0000  mid                2.2s
  309      1883.2       796.3    0.3521   1.00   0.50    -5.0000  mid                2.5s
  [probe] gen=310 score=509.0 net=3.253 fell=1.000
  310      1895.4       615.6    0.3521   1.00   0.50    -5.0000  mid                2.1s
  311      1685.4       696.8    0.3521   1.00   0.50    -5.0000  mid                2.2s
  312      1610.5       711.9    0.3520   1.00   0.50    -5.0000  mid                2.2s
  313      1621.0       535.4    0.3519   1.00   0.50    -5.0000  mid                2.0s
  314      1633.3       648.8    0.3519   1.00   0.50    -5.0000  mid                2.2s
  315      1953.8       638.9    0.3517   1.00   0.50    -5.0000  mid                2.3s
  316      1526.3       555.3    0.3516   1.00   0.50    -5.0000  mid                1.9s
  317      1652.1       699.8    0.3515   1.00   0.50    -5.0000  mid                2.2s
  318      1322.9       425.7    0.3513   1.00   0.50    -5.0000  mid                1.8s
  319      1504.1       577.0    0.3512   1.00   0.50    -5.0000  mid                2.1s
  [probe] gen=320 score=445.5 net=3.019 fell=1.000
  320      1794.7       660.4    0.3510   1.00   0.50    -5.0000  mid                2.1s
  321      1745.9       615.0    0.3508   1.00   0.50    -5.0000  mid                2.1s
  322      1850.2       623.2    0.3506   1.00   0.50    -5.0000  mid                2.1s
  323      1526.0       700.5    0.3503   1.00   0.50    -5.0000  mid                2.4s
  324      1931.6       741.3    0.3500   1.00   0.50    -5.0000  mid                2.2s
  [plot] Saved fitness curve → experiments/thesis/staged_evolution/seed_02/fitness_curve.png
  325      1564.8       650.3    0.3497   1.00   0.50    -5.0000  mid                2.2s
  326      1616.7       530.7    0.3496   1.00   0.50    -5.0000  mid                1.9s
  327      1688.5       717.2    0.3494   1.00   0.50    -5.0000  mid                2.3s
  328      1403.3       628.5    0.3493   1.00   0.50    -5.0000  mid                2.2s
  329      1754.3       640.1    0.3491   1.00   0.50    -5.0000  mid                2.2s
  [probe] gen=330 score=397.3 net=2.688 fell=1.000
  330      1604.1       701.7    0.3491   1.00   0.50    -5.0000  mid                1.9s
  331      1763.1       680.0    0.3490   1.00   0.50    -5.0000  mid                2.1s
  332      1759.5       816.8    0.3487   1.00   0.50    -5.0000  mid                2.4s
  333      1715.1       697.6    0.3484   1.00   0.50    -5.0000  mid                2.2s
  [stage] gen=334  gravity -9.81 → -9.81  ES restarted  remaining=165
  334      1842.3       528.5    0.5000   1.00   0.50    -9.8100  earth              1.7s
  335       805.1       171.4    0.4904   1.00   0.50    -9.8100  earth              1.4s
  336       617.9        96.0    0.4822   1.00   0.50    -9.8100  earth              1.3s
  337       723.3       104.6    0.4748   1.00   0.50    -9.8100  earth              1.1s
  338       941.1       154.3    0.4681   1.00   0.50    -9.8100  earth              1.3s
  339       750.4        63.4    0.4622   1.00   0.50    -9.8100  earth              1.1s
  [probe] gen=340 score=1373.7 net=7.125 fell=0.700 [new best earth]
  340      1300.4       162.3    0.4567   1.00   0.50    -9.8100  earth              1.3s
  341      1082.9       309.9    0.4517   1.00   0.50    -9.8100  earth              1.5s
  342      1205.7       279.8    0.4471   1.00   0.50    -9.8100  earth              1.3s
  343       967.0       236.4    0.4429   1.00   0.50    -9.8100  earth              1.5s
  344      1326.2       267.6    0.4391   1.00   0.50    -9.8100  earth              1.3s
  345      1352.3       320.7    0.4357   1.00   0.50    -9.8100  earth              1.5s
  346      1568.1       307.7    0.4325   1.00   0.50    -9.8100  earth              1.6s
  347      1140.4       365.9    0.4294   1.00   0.50    -9.8100  earth              1.5s
  348      1531.9       302.2    0.4268   1.00   0.50    -9.8100  earth              1.5s
  349      1075.0       310.1    0.4243   1.00   0.50    -9.8100  earth              1.5s
  [probe] gen=350 score=543.9 net=3.141 fell=0.900
  [plot] Saved fitness curve → experiments/thesis/staged_evolution/seed_02/fitness_curve.png
  350      1244.0       312.7    0.4219   1.00   0.50    -9.8100  earth              1.5s
  351      1322.5       387.9    0.4196   1.00   0.50    -9.8100  earth              1.6s
  352      1876.9       284.9    0.4173   1.00   0.50    -9.8100  earth              1.5s
  353      1292.2       349.9    0.4153   1.00   0.50    -9.8100  earth              1.7s
  354      1436.2       238.5    0.4132   1.00   0.50    -9.8100  earth              1.4s
  355       658.0       245.7    0.4116   1.00   0.50    -9.8100  earth              1.2s
  356      1633.8       398.0    0.4100   1.00   0.50    -9.8100  earth              1.6s
  357      1204.0       338.4    0.4084   1.00   0.50    -9.8100  earth              1.7s
  358      1540.9       435.8    0.4069   1.00   0.50    -9.8100  earth              1.7s
  359      1353.6       339.4    0.4055   1.00   0.50    -9.8100  earth              1.7s
  [probe] gen=360 score=1533.3 net=7.589 fell=0.400 [new best earth]
  360      1300.9       423.1    0.4042   1.00   0.50    -9.8100  earth              1.6s
  361      1307.0       321.3    0.4030   1.00   0.50    -9.8100  earth              1.4s
  362      1300.9       507.9    0.4018   1.00   0.50    -9.8100  earth              1.7s
  363      1520.5       536.0    0.4008   1.00   0.50    -9.8100  earth              1.8s
  364      1631.6       395.8    0.3996   1.00   0.50    -9.8100  earth              1.5s
  365      1651.3       546.8    0.3986   1.00   0.50    -9.8100  earth              2.0s
  366      1772.8       618.8    0.3978   1.00   0.50    -9.8100  earth              2.1s
  367      1452.9       482.2    0.3971   1.00   0.50    -9.8100  earth              2.0s
  368      1137.5       465.9    0.3963   1.00   0.50    -9.8100  earth              1.8s
  369      1868.7       444.7    0.3955   1.00   0.50    -9.8100  earth              1.6s
  [probe] gen=370 score=1251.4 net=6.500 fell=0.900
  370      1508.5       542.5    0.3945   1.00   0.50    -9.8100  earth              1.8s
  371      1566.2       496.7    0.3937   1.00   0.50    -9.8100  earth              1.6s
  372      1646.8       483.0    0.3929   1.00   0.50    -9.8100  earth              1.7s
  373      1848.9       647.2    0.3921   1.00   0.50    -9.8100  earth              2.0s
  374      1619.1       553.0    0.3914   1.00   0.50    -9.8100  earth              1.8s
  [plot] Saved fitness curve → experiments/thesis/staged_evolution/seed_02/fitness_curve.png
  375      1682.2       565.6    0.3907   1.00   0.50    -9.8100  earth              1.9s
  376      1821.1       584.2    0.3902   1.00   0.50    -9.8100  earth              1.8s
  377      1469.8       376.7    0.3898   1.00   0.50    -9.8100  earth              1.6s
  378      1661.3       457.1    0.3892   1.00   0.50    -9.8100  earth              1.6s
  379      1477.7       512.1    0.3886   1.00   0.50    -9.8100  earth              1.9s
  [probe] gen=380 score=1407.0 net=7.126 fell=0.500
  380      1759.4       342.0    0.3879   1.00   0.50    -9.8100  earth              1.7s
  381      1817.3       548.8    0.3874   1.00   0.50    -9.8100  earth              1.8s
  382      1641.7       551.8    0.3867   1.00   0.50    -9.8100  earth              1.9s
  383      1680.3       561.3    0.3860   1.00   0.50    -9.8100  earth              2.0s
  384      1600.3       387.8    0.3854   1.00   0.50    -9.8100  earth              1.8s
  385      1303.1       389.0    0.3850   1.00   0.50    -9.8100  earth              1.9s
  386      1474.6       476.2    0.3846   1.00   0.50    -9.8100  earth              2.0s
  387      1579.9       384.8    0.3844   1.00   0.50    -9.8100  earth              1.7s
  388      1265.8       503.4    0.3842   1.00   0.50    -9.8100  earth              1.8s
  389      1047.3       487.9    0.3840   1.00   0.50    -9.8100  earth              1.8s
  [probe] gen=390 score=963.9 net=5.521 fell=0.900
  390      1598.3       510.2    0.3835   1.00   0.50    -9.8100  earth              2.0s
  391      1617.7       436.5    0.3830   1.00   0.50    -9.8100  earth              1.7s
  392      1381.0       397.9    0.3826   1.00   0.50    -9.8100  earth              1.8s
  393      1625.3       451.5    0.3825   1.00   0.50    -9.8100  earth              1.8s
  394      1784.8       473.3    0.3823   1.00   0.50    -9.8100  earth              1.7s
  395      1621.1       424.0    0.3820   1.00   0.50    -9.8100  earth              2.0s
  396      1686.1       620.8    0.3817   1.00   0.50    -9.8100  earth              2.1s
  397      1786.6       682.9    0.3812   1.00   0.50    -9.8100  earth              2.3s
  398      1669.9       582.9    0.3808   1.00   0.50    -9.8100  earth              2.1s
  399      1537.4       540.7    0.3803   1.00   0.50    -9.8100  earth              2.0s
  [probe] gen=400 score=1564.2 net=7.459 fell=0.100 [new best earth]
  [plot] Saved fitness curve → experiments/thesis/staged_evolution/seed_02/fitness_curve.png
  400      1609.2       580.8    0.3799   1.00   0.50    -9.8100  earth              2.0s
  401      1649.4       658.8    0.3796   1.00   0.50    -9.8100  earth              2.1s
  402      1637.7       649.1    0.3795   1.00   0.50    -9.8100  earth              2.0s
  403      1624.5       616.7    0.3793   1.00   0.50    -9.8100  earth              2.0s
  404      1689.5       560.9    0.3793   1.00   0.50    -9.8100  earth              2.1s
  405      1650.5       639.6    0.3792   1.00   0.50    -9.8100  earth              2.0s
  406      1685.6       562.0    0.3790   1.00   0.50    -9.8100  earth              1.9s
  407      1715.6       624.2    0.3789   1.00   0.50    -9.8100  earth              2.1s
  408      1742.6       418.7    0.3787   1.00   0.50    -9.8100  earth              1.8s
  409      1706.7       622.7    0.3784   1.00   0.50    -9.8100  earth              2.1s
  [probe] gen=410 score=1708.3 net=8.241 fell=0.000 [new best earth]
  410      1784.8       820.6    0.3782   1.00   0.50    -9.8100  earth              2.0s
  411      1800.2       624.4    0.3780   1.00   0.50    -9.8100  earth              1.9s
  412      1711.0       717.0    0.3778   1.00   0.50    -9.8100  earth              2.1s
  413      1691.3       670.2    0.3776   1.00   0.50    -9.8100  earth              2.2s
  414      1657.0       610.9    0.3776   1.00   0.50    -9.8100  earth              2.4s
  415      1748.4       601.9    0.3776   1.00   0.50    -9.8100  earth              2.0s
  416      1875.8       621.7    0.3777   1.00   0.50    -9.8100  earth              2.2s
  417      1985.8       766.8    0.3779   1.00   0.50    -9.8100  earth              2.3s
  418      1847.6       772.8    0.3782   1.00   0.50    -9.8100  earth              2.1s
  419      1587.5       487.0    0.3784   1.00   0.50    -9.8100  earth              1.6s
  [probe] gen=420 score=1544.2 net=7.519 fell=0.200
  420      1721.2       698.3    0.3788   1.00   0.50    -9.8100  earth              2.0s
  421      1683.3       659.4    0.3790   1.00   0.50    -9.8100  earth              2.1s
  422      1653.3       696.7    0.3793   1.00   0.50    -9.8100  earth              2.1s
  423      1617.8       709.5    0.3796   1.00   0.50    -9.8100  earth              2.3s
  424      1825.0       645.4    0.3798   1.00   0.50    -9.8100  earth              2.2s
  [plot] Saved fitness curve → experiments/thesis/staged_evolution/seed_02/fitness_curve.png
  425      1841.1       696.6    0.3801   1.00   0.50    -9.8100  earth              2.2s
  426      1608.4       639.0    0.3803   1.00   0.50    -9.8100  earth              2.2s
  427      1731.5       645.0    0.3805   1.00   0.50    -9.8100  earth              2.0s
  428      1476.0       484.3    0.3809   1.00   0.50    -9.8100  earth              1.7s
  429      1915.9       683.1    0.3810   1.00   0.50    -9.8100  earth              2.1s
  [probe] gen=430 score=1546.6 net=8.111 fell=0.600
  430      1835.6       739.3    0.3812   1.00   0.50    -9.8100  earth              2.1s
  431      2176.5       578.4    0.3814   1.00   0.50    -9.8100  earth              1.9s
  432      1799.4       562.4    0.3813   1.00   0.50    -9.8100  earth              1.6s
  433      2092.4       732.6    0.3814   1.00   0.50    -9.8100  earth              2.1s
  434      1665.6       798.5    0.3813   1.00   0.50    -9.8100  earth              2.4s
  435      1708.0       632.2    0.3813   1.00   0.50    -9.8100  earth              2.1s
  436      1655.1       734.2    0.3813   1.00   0.50    -9.8100  earth              1.9s
  437      1858.4       818.9    0.3812   1.00   0.50    -9.8100  earth              2.4s
  438      2017.1       750.7    0.3809   1.00   0.50    -9.8100  earth              2.0s
  439      1823.3       631.6    0.3807   1.00   0.50    -9.8100  earth              2.2s
  [probe] gen=440 score=1654.1 net=8.165 fell=0.400
  440      1711.6       710.1    0.3805   1.00   0.50    -9.8100  earth              1.9s
  441      1593.4       604.2    0.3803   1.00   0.50    -9.8100  earth              2.0s
  442      1906.3       754.1    0.3802   1.00   0.50    -9.8100  earth              2.1s
  443      1543.9       580.4    0.3801   1.00   0.50    -9.8100  earth              1.7s
  444      1808.9       809.0    0.3801   1.00   0.50    -9.8100  earth              2.3s
  445      1774.0       845.9    0.3801   1.00   0.50    -9.8100  earth              2.5s
  446      1661.3       604.3    0.3803   1.00   0.50    -9.8100  earth              1.9s
  447      1571.0       740.0    0.3803   1.00   0.50    -9.8100  earth              2.6s
  448      1631.4       661.9    0.3804   1.00   0.50    -9.8100  earth              2.0s
  449      1705.7       611.9    0.3806   1.00   0.50    -9.8100  earth              2.1s
  [probe] gen=450 score=1314.6 net=6.289 fell=0.400
  [plot] Saved fitness curve → experiments/thesis/staged_evolution/seed_02/fitness_curve.png
  450      1706.8       744.5    0.3808   1.00   0.50    -9.8100  earth              2.3s
  451      1798.4       509.6    0.3809   1.00   0.50    -9.8100  earth              1.8s
  452      1567.2       543.3    0.3810   1.00   0.50    -9.8100  earth              2.0s
  453      1505.9       508.9    0.3810   1.00   0.50    -9.8100  earth              1.7s
  454      1596.5       555.3    0.3810   1.00   0.50    -9.8100  earth              1.9s
  455      1869.1       519.5    0.3811   1.00   0.50    -9.8100  earth              2.0s
  456      1844.6       707.1    0.3811   1.00   0.50    -9.8100  earth              2.1s
  457      1582.9       665.9    0.3812   1.00   0.50    -9.8100  earth              2.0s
  458      1920.2       712.2    0.3814   1.00   0.50    -9.8100  earth              2.1s
  459      1699.6       622.0    0.3817   1.00   0.50    -9.8100  earth              1.9s
  [probe] gen=460 score=1496.6 net=7.513 fell=0.400
  460      1787.5       649.4    0.3818   1.00   0.50    -9.8100  earth              2.0s
  461      1745.2       659.9    0.3819   1.00   0.50    -9.8100  earth              2.1s
  462      1641.7       645.8    0.3821   1.00   0.50    -9.8100  earth              1.8s
  463      1663.6       652.3    0.3823   1.00   0.50    -9.8100  earth              1.9s
  464      1747.2       671.1    0.3825   1.00   0.50    -9.8100  earth              2.1s
  465      1669.4       679.1    0.3827   1.00   0.50    -9.8100  earth              2.2s
  466      1553.1       679.4    0.3830   1.00   0.50    -9.8100  earth              2.3s
  467      1665.9       624.9    0.3830   1.00   0.50    -9.8100  earth              2.1s
  468      1204.5       488.4    0.3829   1.00   0.50    -9.8100  earth              1.5s
  469      1492.7       634.8    0.3829   1.00   0.50    -9.8100  earth              2.0s
  [probe] gen=470 score=1317.0 net=6.504 fell=0.500
  470      1506.0       583.9    0.3826   1.00   0.50    -9.8100  earth              2.1s
  471      1641.8       628.4    0.3825   1.00   0.50    -9.8100  earth              2.1s
  472      1567.5       611.2    0.3823   1.00   0.50    -9.8100  earth              2.0s
  473      1661.6       656.7    0.3821   1.00   0.50    -9.8100  earth              2.4s
  474      1580.6       617.7    0.3820   1.00   0.50    -9.8100  earth              2.2s
  [plot] Saved fitness curve → experiments/thesis/staged_evolution/seed_02/fitness_curve.png
  475      1545.6       809.1    0.3819   1.00   0.50    -9.8100  earth              2.3s
  476      1595.3       776.3    0.3818   1.00   0.50    -9.8100  earth              2.3s
  477      1974.9       785.1    0.3814   1.00   0.50    -9.8100  earth              2.2s
  478      1609.9       728.0    0.3811   1.00   0.50    -9.8100  earth              2.2s
  479      1769.2       866.4    0.3808   1.00   0.50    -9.8100  earth              2.5s
  [probe] gen=480 score=1106.4 net=6.218 fell=1.000
  480      1763.0       733.9    0.3806   1.00   0.50    -9.8100  earth              2.2s
  481      1746.2       774.7    0.3803   1.00   0.50    -9.8100  earth              2.3s
  482      2103.6       919.3    0.3801   1.00   0.50    -9.8100  earth              2.5s
  483      1892.6       723.7    0.3799   1.00   0.50    -9.8100  earth              2.2s
  484      1714.2       646.0    0.3797   1.00   0.50    -9.8100  earth              2.1s
  485      1574.7       599.4    0.3793   1.00   0.50    -9.8100  earth              2.1s
  486      1865.3       567.1    0.3788   1.00   0.50    -9.8100  earth              1.8s
  487      1772.1       910.3    0.3783   1.00   0.50    -9.8100  earth              2.5s
  488      1923.2       842.0    0.3777   1.00   0.50    -9.8100  earth              2.3s
  489      1653.6       512.8    0.3772   1.00   0.50    -9.8100  earth              1.8s
  [probe] gen=490 score=1508.6 net=7.876 fell=0.500
  490      1643.7       587.1    0.3769   1.00   0.50    -9.8100  earth              2.0s
  491      1816.3       652.8    0.3767   1.00   0.50    -9.8100  earth              1.8s
  492      1996.1       838.3    0.3765   1.00   0.50    -9.8100  earth              2.1s
  493      2206.0       843.0    0.3761   1.00   0.50    -9.8100  earth              2.2s
  494      1682.2       841.0    0.3759   1.00   0.50    -9.8100  earth              2.2s
  495      1794.6       766.2    0.3754   1.00   0.50    -9.8100  earth              2.0s
  496      1912.5       720.1    0.3747   1.00   0.50    -9.8100  earth              2.1s
  497      1981.7       742.6    0.3741   1.00   0.50    -9.8100  earth              2.3s
  498      1986.4       751.4    0.3733   1.00   0.50    -9.8100  earth              2.4s
  499      1813.3       830.3    0.3726   1.00   0.50    -9.8100  earth              2.4s
  [plot] Saved fitness curve → experiments/thesis/staged_evolution/seed_02/fitness_curve.png

Training complete. Best fitness: 2206.0
Best params → experiments/thesis/staged_evolution/seed_02/checkpoints/best_params.npy
Fitness curve → experiments/thesis/staged_evolution/seed_02/fitness_curve.png
Eval params  → best_earth_params (earth probe score: 1708.3)
Final Earth scorecard | score=1673.0 net=8.213 fell=0.300
Gravity sweep | gravities=5 mean_net=6.640 worst_net=4.255
  [exp] Wrote experiments/thesis/staged_evolution/seed_02/experiment.json
  [exp] Wrote experiments/thesis/staged_evolution/seed_02/training_log.csv
  [exp] Wrote experiments/thesis/staged_evolution/seed_02/earth_probe.csv
  [exp] Wrote experiments/thesis/staged_evolution/seed_02/gravity_sweep.csv
  [exp] Wrote experiments/thesis/staged_evolution/seed_02/summary.json
