Walker2d-v5 | policy=CPG  params=504
Curriculum   : StagedEvolution  -1.6 (33%) → -5.0 (33%) → -9.81 (33%)
Run context | seed=1 arm=staged_evolution run_id=staged_evolution_seed_01

Schedule | penalty_min=0.20 penalty_ramp_gen=200 corr_min=0.00 corr_max=0.50 corr_ramp_gen=200

Starting CMA-ES | pop=40 | sigma0=0.5 | max_gen=500 | workers=8 | seed=1
Checkpoints → experiments/thesis/staged_evolution/seed_01/checkpoints/

  Gen        Best        Mean     Sigma    Pen   Corr    Gravity  Phase              Time
------------------------------------------------------------------------------------
  [probe] gen=0 score=-401.6 net=-0.190 fell=1.000 [new best earth]
  [plot] Saved fitness curve → experiments/thesis/staged_evolution/seed_01/fitness_curve.png
    0       -63.5       -76.2    0.4905   0.20   0.00    -1.6000  moon               1.5s
    1       -13.4       -74.4    0.4823   0.20   0.00    -1.6000  moon               0.2s
    2       -38.8       -71.8    0.4749   0.21   0.01    -1.6000  moon               0.2s
    3        22.9       -68.9    0.4685   0.21   0.01    -1.6000  moon               0.2s
    4       -52.7       -70.4    0.4625   0.22   0.01    -1.6000  moon               0.2s
    5       -54.4       -68.4    0.4568   0.22   0.01    -1.6000  moon               0.2s
    6       -57.6       -71.4    0.4515   0.22   0.01    -1.6000  moon               0.3s
    7       -55.5       -71.6    0.4468   0.23   0.02    -1.6000  moon               0.3s
    8       -45.7       -68.9    0.4423   0.23   0.02    -1.6000  moon               0.3s
    9       -39.4       -71.9    0.4381   0.24   0.02    -1.6000  moon               0.3s
  [probe] gen=10 score=-356.5 net=-0.083 fell=1.000 [new best earth]
   10       -14.3       -67.4    0.4344   0.24   0.03    -1.6000  moon               0.3s
   11       -43.7       -67.2    0.4309   0.24   0.03    -1.6000  moon               0.4s
   12       -43.2       -67.0    0.4277   0.25   0.03    -1.6000  moon               0.5s
   13       -47.1       -64.6    0.4246   0.25   0.03    -1.6000  moon               0.4s
   14       -16.4       -62.7    0.4219   0.26   0.04    -1.6000  moon               0.4s
   15       123.9       -58.8    0.4194   0.26   0.04    -1.6000  moon               0.5s
   16       -22.6       -62.3    0.4171   0.26   0.04    -1.6000  moon               0.6s
   17       -14.9       -65.0    0.4148   0.27   0.04    -1.6000  moon               0.6s
   18        15.4       -66.4    0.4127   0.27   0.04    -1.6000  moon               0.6s
   19        75.2       -61.9    0.4106   0.28   0.05    -1.6000  moon               0.7s
  [probe] gen=20 score=-326.2 net=-0.043 fell=1.000 [new best earth]
   20        72.3       -51.3    0.4085   0.28   0.05    -1.6000  moon               0.6s
   21       206.9       -54.6    0.4065   0.28   0.05    -1.6000  moon               0.7s
   22       156.7       -49.4    0.4045   0.29   0.06    -1.6000  moon               0.8s
   23       306.9       -31.3    0.4027   0.29   0.06    -1.6000  moon               0.9s
   24       194.6       -21.7    0.4010   0.30   0.06    -1.6000  moon               0.9s
  [plot] Saved fitness curve → experiments/thesis/staged_evolution/seed_01/fitness_curve.png
   25       181.4       -24.9    0.3995   0.30   0.06    -1.6000  moon               1.0s
   26       181.7       -14.3    0.3980   0.30   0.07    -1.6000  moon               1.0s
   27       438.3        24.6    0.3966   0.31   0.07    -1.6000  moon               1.1s
   28       312.5        36.3    0.3951   0.31   0.07    -1.6000  moon               1.3s
   29       251.8        53.9    0.3936   0.32   0.07    -1.6000  moon               1.5s
  [probe] gen=30 score=-314.8 net=-0.082 fell=1.000 [new best earth]
   30       210.7        30.4    0.3925   0.32   0.07    -1.6000  moon               1.4s
   31       209.7        30.5    0.3915   0.32   0.08    -1.6000  moon               1.3s
   32       413.8        94.0    0.3904   0.33   0.08    -1.6000  moon               1.4s
   33       260.5        58.6    0.3895   0.33   0.08    -1.6000  moon               1.4s
   34       251.9        47.0    0.3889   0.34   0.09    -1.6000  moon               1.4s
   35       266.8       116.0    0.3881   0.34   0.09    -1.6000  moon               1.6s
   36       377.7        88.5    0.3875   0.34   0.09    -1.6000  moon               1.5s
   37       271.7       104.8    0.3869   0.35   0.09    -1.6000  moon               1.7s
   38       282.2        84.5    0.3863   0.35   0.10    -1.6000  moon               1.5s
   39       367.8       106.0    0.3856   0.36   0.10    -1.6000  moon               1.7s
  [probe] gen=40 score=15.7 net=0.976 fell=1.000 [new best earth]
   40       259.6       118.9    0.3851   0.36   0.10    -1.6000  moon               1.9s
   41       278.2       111.3    0.3845   0.36   0.10    -1.6000  moon               1.6s
   42       368.6       159.3    0.3842   0.37   0.10    -1.6000  moon               1.7s
   43       444.6       134.5    0.3839   0.37   0.11    -1.6000  moon               1.9s
   44       365.6       121.7    0.3837   0.38   0.11    -1.6000  moon               1.9s
   45       372.0       135.0    0.3834   0.38   0.11    -1.6000  moon               1.7s
   46       463.4       157.8    0.3831   0.38   0.12    -1.6000  moon               1.7s
   47       549.5       172.2    0.3827   0.39   0.12    -1.6000  moon               1.8s
   48       448.6       139.4    0.3823   0.39   0.12    -1.6000  moon               1.8s
   49       600.5       178.0    0.3819   0.40   0.12    -1.6000  moon               1.8s
  [probe] gen=50 score=8.0 net=0.976 fell=1.000
  [plot] Saved fitness curve → experiments/thesis/staged_evolution/seed_01/fitness_curve.png
   50       534.0       160.2    0.3816   0.40   0.12    -1.6000  moon               2.2s
   51       467.2       119.4    0.3814   0.40   0.13    -1.6000  moon               1.7s
   52       414.5       139.5    0.3813   0.41   0.13    -1.6000  moon               1.8s
   53       522.4       174.7    0.3813   0.41   0.13    -1.6000  moon               1.8s
   54       487.4       139.6    0.3814   0.42   0.14    -1.6000  moon               1.9s
   55       427.6       140.0    0.3814   0.42   0.14    -1.6000  moon               1.8s
   56       486.5       226.1    0.3815   0.42   0.14    -1.6000  moon               1.9s
   57       582.2       189.0    0.3816   0.43   0.14    -1.6000  moon               2.0s
   58       505.0       208.6    0.3818   0.43   0.14    -1.6000  moon               1.9s
   59       437.5       195.2    0.3820   0.44   0.15    -1.6000  moon               1.9s
  [probe] gen=60 score=8.3 net=0.963 fell=1.000
   60       483.9       143.0    0.3822   0.44   0.15    -1.6000  moon               1.9s
   61       589.4       180.0    0.3823   0.44   0.15    -1.6000  moon               1.8s
   62       681.5       221.1    0.3824   0.45   0.15    -1.6000  moon               1.8s
   63       671.5       136.8    0.3825   0.45   0.16    -1.6000  moon               1.8s
   64       846.7       238.2    0.3826   0.46   0.16    -1.6000  moon               2.0s
   65       749.8       212.2    0.3826   0.46   0.16    -1.6000  moon               1.8s
   66       422.1       189.5    0.3826   0.46   0.17    -1.6000  moon               1.9s
   67       547.3       180.8    0.3827   0.47   0.17    -1.6000  moon               2.0s
   68       659.6       232.1    0.3828   0.47   0.17    -1.6000  moon               2.1s
   69       732.9       215.1    0.3828   0.48   0.17    -1.6000  moon               1.8s
  [probe] gen=70 score=-212.1 net=-0.143 fell=1.000
   70       628.5       224.6    0.3828   0.48   0.17    -1.6000  moon               2.0s
   71       470.6       230.8    0.3830   0.48   0.18    -1.6000  moon               1.8s
   72       627.2       272.7    0.3832   0.49   0.18    -1.6000  moon               2.1s
   73       607.6       210.9    0.3834   0.49   0.18    -1.6000  moon               1.9s
   74       461.8       234.2    0.3835   0.50   0.18    -1.6000  moon               2.0s
  [plot] Saved fitness curve → experiments/thesis/staged_evolution/seed_01/fitness_curve.png
   75       694.3       224.9    0.3835   0.50   0.19    -1.6000  moon               2.0s
   76       582.7       198.2    0.3834   0.50   0.19    -1.6000  moon               1.9s
   77       485.3       216.8    0.3833   0.51   0.19    -1.6000  moon               2.0s
   78       520.1       175.4    0.3833   0.51   0.20    -1.6000  moon               1.9s
   79       714.2       249.2    0.3831   0.52   0.20    -1.6000  moon               2.1s
  [probe] gen=80 score=-140.4 net=0.238 fell=1.000
   80       607.6       193.2    0.3831   0.52   0.20    -1.6000  moon               1.9s
   81       719.8       199.2    0.3831   0.52   0.20    -1.6000  moon               1.9s
   82       764.4       256.4    0.3832   0.53   0.20    -1.6000  moon               1.9s
   83       633.3       268.2    0.3833   0.53   0.21    -1.6000  moon               2.0s
   84       531.6       217.1    0.3835   0.54   0.21    -1.6000  moon               2.0s
   85       621.3       297.2    0.3836   0.54   0.21    -1.6000  moon               2.1s
   86       618.1       254.6    0.3836   0.54   0.21    -1.6000  moon               2.0s
   87       549.1       201.7    0.3836   0.55   0.22    -1.6000  moon               1.9s
   88       820.4       301.1    0.3836   0.55   0.22    -1.6000  moon               2.0s
   89       714.7       180.3    0.3834   0.56   0.22    -1.6000  moon               2.0s
  [probe] gen=90 score=-427.7 net=-0.921 fell=1.000
   90       713.5       260.6    0.3832   0.56   0.23    -1.6000  moon               2.1s
   91       807.0       304.2    0.3829   0.56   0.23    -1.6000  moon               2.0s
   92       739.2       234.5    0.3826   0.57   0.23    -1.6000  moon               2.0s
   93       749.9       204.7    0.3822   0.57   0.23    -1.6000  moon               1.9s
   94      1078.4       214.9    0.3819   0.58   0.23    -1.6000  moon               1.8s
   95       768.0       266.8    0.3814   0.58   0.24    -1.6000  moon               2.0s
   96       880.4       162.5    0.3808   0.58   0.24    -1.6000  moon               1.8s
   97       842.5       197.0    0.3804   0.59   0.24    -1.6000  moon               1.9s
   98       843.3       288.1    0.3799   0.59   0.24    -1.6000  moon               2.1s
   99       914.5       219.3    0.3795   0.60   0.25    -1.6000  moon               1.9s
  [probe] gen=100 score=-2.7 net=0.733 fell=1.000
  [plot] Saved fitness curve → experiments/thesis/staged_evolution/seed_01/fitness_curve.png
  100       699.1       231.2    0.3791   0.60   0.25    -1.6000  moon               2.0s
  101       819.3       288.7    0.3788   0.60   0.25    -1.6000  moon               2.0s
  102       802.7       295.9    0.3785   0.61   0.26    -1.6000  moon               2.5s
  103      1081.8       349.3    0.3782   0.61   0.26    -1.6000  moon               2.5s
  104       853.0       313.3    0.3780   0.62   0.26    -1.6000  moon               2.1s
  105       824.7       323.4    0.3778   0.62   0.26    -1.6000  moon               2.1s
  106       666.6       234.5    0.3774   0.62   0.27    -1.6000  moon               2.0s
  107       744.6       304.7    0.3771   0.63   0.27    -1.6000  moon               2.0s
  108       825.6       349.2    0.3768   0.63   0.27    -1.6000  moon               2.4s
  109      1221.8       300.0    0.3767   0.64   0.27    -1.6000  moon               2.4s
  [probe] gen=110 score=-114.9 net=0.341 fell=1.000
  110       775.2       337.8    0.3766   0.64   0.28    -1.6000  moon               2.7s
  111       963.8       343.5    0.3764   0.64   0.28    -1.6000  moon               2.3s
  112       805.9       301.1    0.3762   0.65   0.28    -1.6000  moon               2.3s
  113       774.1       341.5    0.3761   0.65   0.28    -1.6000  moon               2.3s
  114       865.1       278.7    0.3760   0.66   0.28    -1.6000  moon               2.2s
  115       869.0       358.4    0.3760   0.66   0.29    -1.6000  moon               2.2s
  116       719.6       347.7    0.3760   0.66   0.29    -1.6000  moon               2.3s
  117      1016.7       459.8    0.3760   0.67   0.29    -1.6000  moon               2.5s
  118       739.7       414.8    0.3759   0.67   0.29    -1.6000  moon               2.2s
  119      1115.2       314.0    0.3759   0.68   0.30    -1.6000  moon               2.3s
  [probe] gen=120 score=198.0 net=1.591 fell=1.000 [new best earth]
  120       867.2       288.2    0.3760   0.68   0.30    -1.6000  moon               2.0s
  121      1086.8       401.5    0.3759   0.68   0.30    -1.6000  moon               2.4s
  122      1340.4       406.6    0.3759   0.69   0.30    -1.6000  moon               2.5s
  123       838.5       231.1    0.3759   0.69   0.31    -1.6000  moon               2.1s
  124      1272.9       444.0    0.3758   0.70   0.31    -1.6000  moon               2.3s
  [plot] Saved fitness curve → experiments/thesis/staged_evolution/seed_01/fitness_curve.png
  125      1223.2       442.5    0.3757   0.70   0.31    -1.6000  moon               2.4s
  126      1361.9       312.5    0.3755   0.70   0.32    -1.6000  moon               2.1s
  127       997.1       409.6    0.3754   0.71   0.32    -1.6000  moon               2.2s
  128      1311.2       256.2    0.3753   0.71   0.32    -1.6000  moon               2.1s
  129      1061.6       419.3    0.3753   0.72   0.32    -1.6000  moon               2.4s
  [probe] gen=130 score=-398.6 net=-0.898 fell=1.000
  130      1207.4       455.3    0.3752   0.72   0.33    -1.6000  moon               2.3s
  131      1103.4       369.6    0.3751   0.72   0.33    -1.6000  moon               2.1s
  132       861.0       349.4    0.3751   0.73   0.33    -1.6000  moon               2.1s
  133      1105.4       438.3    0.3750   0.73   0.33    -1.6000  moon               2.3s
  134      1046.6       360.4    0.3750   0.74   0.34    -1.6000  moon               2.1s
  135      1075.1       338.4    0.3751   0.74   0.34    -1.6000  moon               2.2s
  136      1213.1       519.9    0.3751   0.74   0.34    -1.6000  moon               2.6s
  137      1162.0       444.4    0.3753   0.75   0.34    -1.6000  moon               2.4s
  138      1091.3       481.5    0.3755   0.75   0.34    -1.6000  moon               2.6s
  139      1253.1       434.3    0.3757   0.76   0.35    -1.6000  moon               2.4s
  [probe] gen=140 score=-167.4 net=0.064 fell=1.000
  140      1127.9       446.2    0.3759   0.76   0.35    -1.6000  moon               2.3s
  141      1094.1       516.0    0.3762   0.76   0.35    -1.6000  moon               2.4s
  142      1449.6       505.1    0.3764   0.77   0.35    -1.6000  moon               2.3s
  143      1396.8       496.2    0.3767   0.77   0.36    -1.6000  moon               2.5s
  144      1210.6       406.0    0.3768   0.78   0.36    -1.6000  moon               2.3s
  145      1349.7       538.7    0.3770   0.78   0.36    -1.6000  moon               2.5s
  146      1428.7       594.9    0.3774   0.78   0.36    -1.6000  moon               2.6s
  147      1482.4       560.7    0.3777   0.79   0.37    -1.6000  moon               2.5s
  148      1391.3       574.2    0.3780   0.79   0.37    -1.6000  moon               2.6s
  149      1567.5       634.2    0.3786   0.80   0.37    -1.6000  moon               2.7s
  [probe] gen=150 score=-152.7 net=0.054 fell=1.000
  [plot] Saved fitness curve → experiments/thesis/staged_evolution/seed_01/fitness_curve.png
  150      1352.2       567.3    0.3792   0.80   0.38    -1.6000  moon               2.5s
  151      1284.4       491.0    0.3797   0.80   0.38    -1.6000  moon               2.2s
  152      1246.2       569.2    0.3801   0.81   0.38    -1.6000  moon               2.7s
  153      1142.7       440.3    0.3805   0.81   0.38    -1.6000  moon               2.3s
  154      1366.8       576.9    0.3810   0.82   0.39    -1.6000  moon               2.5s
  155      1390.6       607.9    0.3815   0.82   0.39    -1.6000  moon               2.7s
  156      1205.2       617.8    0.3820   0.82   0.39    -1.6000  moon               2.7s
  157      1426.2       592.3    0.3825   0.83   0.39    -1.6000  moon               2.6s
  158      1184.6       507.1    0.3829   0.83   0.40    -1.6000  moon               2.6s
  159      1248.5       476.4    0.3833   0.84   0.40    -1.6000  moon               2.4s
  [probe] gen=160 score=40.3 net=0.927 fell=1.000
  160      1194.9       539.4    0.3837   0.84   0.40    -1.6000  moon               2.4s
  161      1273.2       503.0    0.3842   0.84   0.40    -1.6000  moon               2.3s
  162      1581.0       621.1    0.3848   0.85   0.41    -1.6000  moon               2.7s
  163      1400.1       611.4    0.3852   0.85   0.41    -1.6000  moon               2.7s
  164      1490.8       599.0    0.3858   0.86   0.41    -1.6000  moon               2.6s
  165      1523.7       616.4    0.3863   0.86   0.41    -1.6000  moon               2.7s
  166      1231.5       516.6    0.3868   0.86   0.41    -1.6000  moon               2.4s
  [stage] gen=167  gravity -5.00 → -5.00  ES restarted  remaining=332
  167       509.6       241.5    0.5000   0.87   0.42    -5.0000  mid                1.4s
  168      1007.6       109.0    0.4902   0.87   0.42    -5.0000  mid                1.2s
  169       433.1        57.4    0.4817   0.88   0.42    -5.0000  mid                1.2s
  [probe] gen=170 score=68.3 net=1.041 fell=1.000
  170      1041.3       266.5    0.4741   0.88   0.42    -5.0000  mid                1.7s
  171      1185.6       174.2    0.4674   0.88   0.43    -5.0000  mid                1.3s
  172       760.2       204.3    0.4611   0.89   0.43    -5.0000  mid                1.6s
  173       662.8       133.1    0.4553   0.89   0.43    -5.0000  mid                1.4s
  174      1065.5       256.3    0.4501   0.90   0.43    -5.0000  mid                1.6s
  [plot] Saved fitness curve → experiments/thesis/staged_evolution/seed_01/fitness_curve.png
  175       926.9       218.9    0.4455   0.90   0.44    -5.0000  mid                1.6s
  176       772.3       251.9    0.4413   0.90   0.44    -5.0000  mid                1.7s
  177      1009.4       257.0    0.4374   0.91   0.44    -5.0000  mid                1.8s
  178       983.2       329.4    0.4338   0.91   0.45    -5.0000  mid                2.1s
  179      1105.4       335.5    0.4305   0.92   0.45    -5.0000  mid                2.0s
  [probe] gen=180 score=147.4 net=1.402 fell=1.000
  180      1210.0       247.2    0.4275   0.92   0.45    -5.0000  mid                1.9s
  181      1073.0       316.2    0.4248   0.92   0.45    -5.0000  mid                1.9s
  182       984.4       402.1    0.4223   0.93   0.46    -5.0000  mid                2.1s
  183       972.0       290.7    0.4202   0.93   0.46    -5.0000  mid                2.2s
  184      1378.9       364.5    0.4182   0.94   0.46    -5.0000  mid                2.3s
  185      1296.3       277.6    0.4161   0.94   0.46    -5.0000  mid                2.0s
  186      1147.3       372.1    0.4143   0.94   0.47    -5.0000  mid                2.1s
  187      1143.8       260.6    0.4124   0.95   0.47    -5.0000  mid                1.9s
  188      1285.7       398.3    0.4106   0.95   0.47    -5.0000  mid                2.1s
  189      1395.3       500.6    0.4088   0.96   0.47    -5.0000  mid                2.2s
  [probe] gen=190 score=196.9 net=1.577 fell=1.000
  190      1243.6       345.1    0.4074   0.96   0.47    -5.0000  mid                1.9s
  191      1395.0       518.5    0.4060   0.96   0.48    -5.0000  mid                2.3s
  192      1161.9       421.4    0.4047   0.97   0.48    -5.0000  mid                2.2s
  193       960.5       405.8    0.4035   0.97   0.48    -5.0000  mid                2.1s
  194       892.4       271.5    0.4022   0.98   0.48    -5.0000  mid                1.7s
  195      1273.0       384.3    0.4012   0.98   0.49    -5.0000  mid                2.1s
  196      1255.0       421.7    0.4003   0.98   0.49    -5.0000  mid                2.1s
  197      1368.9       395.7    0.3994   0.99   0.49    -5.0000  mid                2.2s
  198      1211.7       479.3    0.3986   0.99   0.49    -5.0000  mid                2.6s
  199      1097.1       329.2    0.3975   1.00   0.50    -5.0000  mid                2.0s
  [probe] gen=200 score=191.4 net=1.547 fell=1.000
  [plot] Saved fitness curve → experiments/thesis/staged_evolution/seed_01/fitness_curve.png
  200      1243.8       419.1    0.3966   1.00   0.50    -5.0000  mid                2.3s
  201      1236.3       328.7    0.3956   1.00   0.50    -5.0000  mid                1.9s
  202      1301.3       409.4    0.3947   1.00   0.50    -5.0000  mid                2.0s
  203      1178.1       412.4    0.3939   1.00   0.50    -5.0000  mid                2.0s
  204      1068.2       479.4    0.3931   1.00   0.50    -5.0000  mid                2.3s
  205      1408.6       404.6    0.3923   1.00   0.50    -5.0000  mid                2.3s
  206      1334.8       598.8    0.3916   1.00   0.50    -5.0000  mid                2.4s
  207      1132.0       555.3    0.3908   1.00   0.50    -5.0000  mid                2.3s
  208      1289.1       530.3    0.3900   1.00   0.50    -5.0000  mid                2.2s
  209      1193.1       383.6    0.3892   1.00   0.50    -5.0000  mid                1.9s
  [probe] gen=210 score=-258.4 net=-0.397 fell=1.000
  210      1102.8       438.4    0.3883   1.00   0.50    -5.0000  mid                2.0s
  211      1514.8       551.6    0.3876   1.00   0.50    -5.0000  mid                2.2s
  212      1349.6       478.4    0.3870   1.00   0.50    -5.0000  mid                2.1s
  213      1294.6       483.6    0.3865   1.00   0.50    -5.0000  mid                2.2s
  214      1135.6       399.9    0.3859   1.00   0.50    -5.0000  mid                2.4s
  215      1347.3       470.7    0.3853   1.00   0.50    -5.0000  mid                2.4s
  216      1237.6       531.8    0.3847   1.00   0.50    -5.0000  mid                2.4s
  217      1561.1       581.7    0.3841   1.00   0.50    -5.0000  mid                2.4s
  218      1165.4       413.7    0.3836   1.00   0.50    -5.0000  mid                2.3s
  219      1214.2       480.1    0.3832   1.00   0.50    -5.0000  mid                2.5s
  [probe] gen=220 score=-80.9 net=0.365 fell=1.000
  220      1283.7       505.0    0.3829   1.00   0.50    -5.0000  mid                2.3s
  221      1174.6       474.1    0.3828   1.00   0.50    -5.0000  mid                2.4s
  222      1168.9       446.7    0.3826   1.00   0.50    -5.0000  mid                2.3s
  223      1193.9       521.3    0.3825   1.00   0.50    -5.0000  mid                2.7s
  224      1116.1       414.7    0.3823   1.00   0.50    -5.0000  mid                2.3s
  [plot] Saved fitness curve → experiments/thesis/staged_evolution/seed_01/fitness_curve.png
  225      1126.4       475.1    0.3823   1.00   0.50    -5.0000  mid                2.1s
  226      1186.7       440.7    0.3823   1.00   0.50    -5.0000  mid                2.2s
  227      1256.5       512.9    0.3825   1.00   0.50    -5.0000  mid                2.2s
  228      1122.0       444.6    0.3827   1.00   0.50    -5.0000  mid                2.1s
  229      1240.1       621.7    0.3827   1.00   0.50    -5.0000  mid                2.4s
  [probe] gen=230 score=206.6 net=1.612 fell=1.000 [new best earth]
  230      1391.6       511.8    0.3827   1.00   0.50    -5.0000  mid                2.2s
  231      1253.3       563.3    0.3827   1.00   0.50    -5.0000  mid                2.2s
  232      1096.5       497.7    0.3828   1.00   0.50    -5.0000  mid                2.3s
  233      1318.4       591.7    0.3828   1.00   0.50    -5.0000  mid                2.5s
  234      1154.0       530.3    0.3827   1.00   0.50    -5.0000  mid                2.2s
  235      1227.7       531.9    0.3825   1.00   0.50    -5.0000  mid                2.4s
  236      1125.5       476.7    0.3824   1.00   0.50    -5.0000  mid                2.1s
  237      1251.7       553.9    0.3822   1.00   0.50    -5.0000  mid                2.5s
  238      1274.0       546.3    0.3819   1.00   0.50    -5.0000  mid                2.4s
  239      1445.8       579.7    0.3818   1.00   0.50    -5.0000  mid                2.5s
  [probe] gen=240 score=196.2 net=1.602 fell=1.000
  240      1469.8       547.6    0.3818   1.00   0.50    -5.0000  mid                2.3s
  241      1174.0       590.1    0.3815   1.00   0.50    -5.0000  mid                2.3s
  242      1462.4       652.2    0.3812   1.00   0.50    -5.0000  mid                2.6s
  243      1147.3       560.2    0.3809   1.00   0.50    -5.0000  mid                2.4s
  244      1132.9       573.9    0.3805   1.00   0.50    -5.0000  mid                2.5s
  245      1492.5       567.6    0.3802   1.00   0.50    -5.0000  mid                2.6s
  246      1386.9       641.4    0.3800   1.00   0.50    -5.0000  mid                2.5s
  247      1414.3       581.6    0.3800   1.00   0.50    -5.0000  mid                2.2s
  248      1429.9       612.4    0.3799   1.00   0.50    -5.0000  mid                2.4s
  249      1009.9       535.6    0.3797   1.00   0.50    -5.0000  mid                2.2s
  [probe] gen=250 score=48.8 net=1.058 fell=1.000
  [plot] Saved fitness curve → experiments/thesis/staged_evolution/seed_01/fitness_curve.png
  250      1296.8       520.3    0.3795   1.00   0.50    -5.0000  mid                2.4s
  251      1305.4       449.9    0.3790   1.00   0.50    -5.0000  mid                2.5s
  252      1241.2       563.1    0.3785   1.00   0.50    -5.0000  mid                2.2s
  253      1331.8       529.5    0.3780   1.00   0.50    -5.0000  mid                2.0s
  254      1137.4       400.8    0.3775   1.00   0.50    -5.0000  mid                2.2s
  255      1370.8       682.1    0.3771   1.00   0.50    -5.0000  mid                2.6s
  256      1126.1       508.5    0.3769   1.00   0.50    -5.0000  mid                2.0s
  257      1299.0       584.2    0.3769   1.00   0.50    -5.0000  mid                2.3s
  258      1482.9       564.6    0.3768   1.00   0.50    -5.0000  mid                2.2s
  259      1417.1       676.5    0.3767   1.00   0.50    -5.0000  mid                2.8s
  [probe] gen=260 score=163.1 net=1.505 fell=1.000
  260      1381.7       601.2    0.3766   1.00   0.50    -5.0000  mid                2.2s
  261      1210.4       619.0    0.3764   1.00   0.50    -5.0000  mid                2.6s
  262      1357.8       657.2    0.3763   1.00   0.50    -5.0000  mid                2.7s
  263      1562.0       546.8    0.3764   1.00   0.50    -5.0000  mid                2.4s
  264      1390.3       661.6    0.3766   1.00   0.50    -5.0000  mid                2.6s
  265      1159.2       518.1    0.3766   1.00   0.50    -5.0000  mid                2.2s
  266      1391.2       560.1    0.3765   1.00   0.50    -5.0000  mid                2.4s
  267      1261.4       518.7    0.3766   1.00   0.50    -5.0000  mid                2.6s
  268      1373.3       433.2    0.3767   1.00   0.50    -5.0000  mid                2.1s
  269      1418.4       599.8    0.3767   1.00   0.50    -5.0000  mid                2.5s
  [probe] gen=270 score=117.3 net=1.355 fell=1.000
  270      1203.9       585.9    0.3767   1.00   0.50    -5.0000  mid                2.2s
  271      1487.2       662.7    0.3767   1.00   0.50    -5.0000  mid                2.6s
  272      1350.5       616.5    0.3768   1.00   0.50    -5.0000  mid                2.6s
  273      1336.0       723.2    0.3771   1.00   0.50    -5.0000  mid                2.6s
  274      1484.0       674.4    0.3776   1.00   0.50    -5.0000  mid                2.6s
  [plot] Saved fitness curve → experiments/thesis/staged_evolution/seed_01/fitness_curve.png
  275      1374.6       698.3    0.3780   1.00   0.50    -5.0000  mid                2.7s
  276      1522.8       634.6    0.3783   1.00   0.50    -5.0000  mid                2.6s
  277      1493.2       637.6    0.3787   1.00   0.50    -5.0000  mid                2.6s
  278      1480.4       627.7    0.3791   1.00   0.50    -5.0000  mid                2.3s
  279      1345.9       720.6    0.3794   1.00   0.50    -5.0000  mid                2.7s
  [probe] gen=280 score=198.6 net=1.588 fell=1.000
  280      1486.3       696.1    0.3799   1.00   0.50    -5.0000  mid                3.0s
  281      1250.8       552.0    0.3802   1.00   0.50    -5.0000  mid                2.2s
  282      1335.0       607.0    0.3806   1.00   0.50    -5.0000  mid                2.2s
  283      1495.5       727.7    0.3809   1.00   0.50    -5.0000  mid                2.4s
  284      1237.9       672.1    0.3813   1.00   0.50    -5.0000  mid                2.5s
  285      1352.1       550.8    0.3818   1.00   0.50    -5.0000  mid                2.4s
  286      1160.4       540.4    0.3823   1.00   0.50    -5.0000  mid                2.2s
  287      1505.0       516.2    0.3827   1.00   0.50    -5.0000  mid                2.0s
  288      1334.2       613.1    0.3830   1.00   0.50    -5.0000  mid                2.4s
  289      1191.8       533.7    0.3834   1.00   0.50    -5.0000  mid                2.3s
  [probe] gen=290 score=209.4 net=1.653 fell=1.000 [new best earth]
  290      1358.8       592.6    0.3838   1.00   0.50    -5.0000  mid                2.4s
  291      1254.0       564.3    0.3841   1.00   0.50    -5.0000  mid                2.2s
  292      1390.8       496.2    0.3844   1.00   0.50    -5.0000  mid                2.3s
  293      1501.3       665.9    0.3846   1.00   0.50    -5.0000  mid                2.4s
  294      1382.0       575.7    0.3849   1.00   0.50    -5.0000  mid                2.2s
  295      1335.7       621.1    0.3853   1.00   0.50    -5.0000  mid                2.3s
  296      1495.9       703.9    0.3855   1.00   0.50    -5.0000  mid                2.6s
  297      1352.5       711.2    0.3858   1.00   0.50    -5.0000  mid                2.7s
  298      1454.8       611.9    0.3861   1.00   0.50    -5.0000  mid                2.2s
  299      1365.9       654.1    0.3864   1.00   0.50    -5.0000  mid                2.5s
  [probe] gen=300 score=142.0 net=1.417 fell=1.000
  [plot] Saved fitness curve → experiments/thesis/staged_evolution/seed_01/fitness_curve.png
  300      1413.4       602.3    0.3868   1.00   0.50    -5.0000  mid                2.5s
  301      1474.2       707.5    0.3871   1.00   0.50    -5.0000  mid                2.6s
  302      1343.4       627.1    0.3875   1.00   0.50    -5.0000  mid                2.4s
  303      1216.6       586.3    0.3877   1.00   0.50    -5.0000  mid                2.6s
  304      1286.7       567.3    0.3881   1.00   0.50    -5.0000  mid                2.2s
  305      1221.9       636.7    0.3885   1.00   0.50    -5.0000  mid                2.6s
  306      1157.4       635.7    0.3888   1.00   0.50    -5.0000  mid                2.5s
  307      1337.4       527.2    0.3892   1.00   0.50    -5.0000  mid                2.1s
  308      1155.5       589.0    0.3896   1.00   0.50    -5.0000  mid                2.5s
  309      1275.1       677.0    0.3899   1.00   0.50    -5.0000  mid                2.7s
  [probe] gen=310 score=187.7 net=1.550 fell=1.000
  310      1184.9       540.5    0.3902   1.00   0.50    -5.0000  mid                2.5s
  311      1476.4       629.8    0.3904   1.00   0.50    -5.0000  mid                2.3s
  312      1355.1       707.4    0.3905   1.00   0.50    -5.0000  mid                2.7s
  313      1278.8       680.1    0.3907   1.00   0.50    -5.0000  mid                2.5s
  314      1572.3       567.9    0.3908   1.00   0.50    -5.0000  mid                2.5s
  315      1342.7       696.8    0.3909   1.00   0.50    -5.0000  mid                2.5s
  316      1334.1       645.9    0.3909   1.00   0.50    -5.0000  mid                2.4s
  317      1428.5       550.0    0.3909   1.00   0.50    -5.0000  mid                2.2s
  318      1402.3       605.3    0.3911   1.00   0.50    -5.0000  mid                2.3s
  319      1490.7       737.4    0.3912   1.00   0.50    -5.0000  mid                2.7s
  [probe] gen=320 score=197.3 net=1.575 fell=1.000
  320      1490.8       631.5    0.3913   1.00   0.50    -5.0000  mid                2.4s
  321      1562.0       700.2    0.3911   1.00   0.50    -5.0000  mid                2.6s
  322      1104.1       551.4    0.3911   1.00   0.50    -5.0000  mid                2.1s
  323      1249.3       612.0    0.3909   1.00   0.50    -5.0000  mid                2.6s
  324      1394.9       595.9    0.3909   1.00   0.50    -5.0000  mid                2.3s
  [plot] Saved fitness curve → experiments/thesis/staged_evolution/seed_01/fitness_curve.png
  325      1476.8       543.9    0.3909   1.00   0.50    -5.0000  mid                2.3s
  326      1176.5       582.0    0.3909   1.00   0.50    -5.0000  mid                2.4s
  327      1254.2       581.1    0.3908   1.00   0.50    -5.0000  mid                2.3s
  328      1371.0       566.5    0.3906   1.00   0.50    -5.0000  mid                2.5s
  329      1371.5       593.8    0.3903   1.00   0.50    -5.0000  mid                2.4s
  [probe] gen=330 score=194.0 net=1.618 fell=1.000
  330      1461.0       627.6    0.3898   1.00   0.50    -5.0000  mid                2.5s
  331      1373.5       569.1    0.3893   1.00   0.50    -5.0000  mid                2.5s
  332      1505.8       663.6    0.3888   1.00   0.50    -5.0000  mid                2.5s
  333      1510.9       652.1    0.3883   1.00   0.50    -5.0000  mid                2.5s
  [stage] gen=334  gravity -9.81 → -9.81  ES restarted  remaining=165
  334       273.0       172.3    0.5000   1.00   0.50    -9.8100  earth              1.0s
  335       172.3      -162.9    0.4904   1.00   0.50    -9.8100  earth              0.9s
  336       226.4      -123.1    0.4822   1.00   0.50    -9.8100  earth              0.9s
  337       280.0       -54.4    0.4750   1.00   0.50    -9.8100  earth              0.9s
  338       227.4       -93.9    0.4685   1.00   0.50    -9.8100  earth              1.0s
  339       247.2        32.9    0.4627   1.00   0.50    -9.8100  earth              1.0s
  [probe] gen=340 score=-5.0 net=0.451 fell=0.900
  340       352.1        71.8    0.4574   1.00   0.50    -9.8100  earth              1.1s
  341       324.8        26.0    0.4524   1.00   0.50    -9.8100  earth              1.1s
  342       350.3         8.5    0.4478   1.00   0.50    -9.8100  earth              1.1s
  343       384.1        23.4    0.4435   1.00   0.50    -9.8100  earth              1.1s
  344       389.6        12.0    0.4396   1.00   0.50    -9.8100  earth              1.2s
  345       313.8       100.2    0.4359   1.00   0.50    -9.8100  earth              1.1s
  346       282.7       120.5    0.4326   1.00   0.50    -9.8100  earth              1.4s
  347       320.2       103.2    0.4294   1.00   0.50    -9.8100  earth              1.2s
  348       325.2       124.9    0.4266   1.00   0.50    -9.8100  earth              1.4s
  349       456.3       179.3    0.4241   1.00   0.50    -9.8100  earth              1.4s
  [probe] gen=350 score=341.9 net=1.742 fell=1.000 [new best earth]
  [plot] Saved fitness curve → experiments/thesis/staged_evolution/seed_01/fitness_curve.png
  350       391.1       158.5    0.4219   1.00   0.50    -9.8100  earth              1.5s
  351       448.4        82.0    0.4198   1.00   0.50    -9.8100  earth              1.5s
  352       469.2       134.0    0.4179   1.00   0.50    -9.8100  earth              1.5s
  353       737.9       164.8    0.4162   1.00   0.50    -9.8100  earth              1.6s
  354       592.5       101.7    0.4146   1.00   0.50    -9.8100  earth              1.3s
  355       682.4       167.8    0.4131   1.00   0.50    -9.8100  earth              1.7s
  356       535.6       218.4    0.4118   1.00   0.50    -9.8100  earth              1.8s
  357       632.4       163.3    0.4105   1.00   0.50    -9.8100  earth              1.8s
  358       748.9       203.6    0.4094   1.00   0.50    -9.8100  earth              2.0s
  359       664.9       333.8    0.4083   1.00   0.50    -9.8100  earth              2.1s
  [probe] gen=360 score=478.6 net=1.948 fell=0.200 [new best earth]
  360       708.7       267.8    0.4070   1.00   0.50    -9.8100  earth              2.3s
  361       875.8       282.9    0.4059   1.00   0.50    -9.8100  earth              2.1s
  362       719.0       188.2    0.4050   1.00   0.50    -9.8100  earth              1.9s
  363       577.2       177.1    0.4042   1.00   0.50    -9.8100  earth              2.2s
  364       894.9       333.5    0.4033   1.00   0.50    -9.8100  earth              2.5s
  365       622.6       286.8    0.4025   1.00   0.50    -9.8100  earth              2.3s
  366       703.1       316.8    0.4019   1.00   0.50    -9.8100  earth              2.1s
  367       679.8       297.5    0.4012   1.00   0.50    -9.8100  earth              2.2s
  368       786.1       287.9    0.4006   1.00   0.50    -9.8100  earth              2.3s
  369       803.9       330.2    0.4000   1.00   0.50    -9.8100  earth              2.6s
  [probe] gen=370 score=494.9 net=2.533 fell=0.900 [new best earth]
  370       718.2       378.3    0.3995   1.00   0.50    -9.8100  earth              2.1s
  371       661.9       347.9    0.3990   1.00   0.50    -9.8100  earth              2.2s
  372       705.0       389.8    0.3983   1.00   0.50    -9.8100  earth              2.6s
  373       784.9       380.0    0.3976   1.00   0.50    -9.8100  earth              2.3s
  374       681.3       378.0    0.3971   1.00   0.50    -9.8100  earth              2.7s
  [plot] Saved fitness curve → experiments/thesis/staged_evolution/seed_01/fitness_curve.png
  375       728.0       379.4    0.3968   1.00   0.50    -9.8100  earth              2.6s
  376       733.7       259.7    0.3965   1.00   0.50    -9.8100  earth              2.4s
  377       715.4       368.7    0.3964   1.00   0.50    -9.8100  earth              2.5s
  378       767.8       320.2    0.3964   1.00   0.50    -9.8100  earth              2.5s
  379       816.5       370.3    0.3964   1.00   0.50    -9.8100  earth              2.4s
  [probe] gen=380 score=438.4 net=2.300 fell=1.000
  380       771.0       309.4    0.3964   1.00   0.50    -9.8100  earth              2.4s
  381       651.1       344.3    0.3964   1.00   0.50    -9.8100  earth              2.3s
  382       864.6       323.3    0.3963   1.00   0.50    -9.8100  earth              2.4s
  383       900.9       402.1    0.3964   1.00   0.50    -9.8100  earth              2.6s
  384       837.0       317.8    0.3967   1.00   0.50    -9.8100  earth              2.1s
  385       712.2       237.5    0.3970   1.00   0.50    -9.8100  earth              2.4s
  386       781.6       310.2    0.3973   1.00   0.50    -9.8100  earth              2.7s
  387       754.7       324.2    0.3973   1.00   0.50    -9.8100  earth              2.7s
  388       727.9       308.9    0.3975   1.00   0.50    -9.8100  earth              2.4s
  389       805.5       373.3    0.3976   1.00   0.50    -9.8100  earth              2.7s
  [probe] gen=390 score=513.5 net=2.513 fell=1.000 [new best earth]
  390       668.3       270.8    0.3977   1.00   0.50    -9.8100  earth              2.4s
  391       756.6       295.7    0.3979   1.00   0.50    -9.8100  earth              2.2s
  392       751.2       387.4    0.3981   1.00   0.50    -9.8100  earth              2.5s
  393       749.0       303.7    0.3982   1.00   0.50    -9.8100  earth              2.5s
  394       760.9       366.3    0.3982   1.00   0.50    -9.8100  earth              2.7s
  395       656.8       305.9    0.3982   1.00   0.50    -9.8100  earth              2.6s
  396       792.9       273.0    0.3983   1.00   0.50    -9.8100  earth              2.1s
  397       796.6       395.1    0.3983   1.00   0.50    -9.8100  earth              2.4s
  398       789.9       339.7    0.3983   1.00   0.50    -9.8100  earth              2.7s
  399       769.3       336.7    0.3984   1.00   0.50    -9.8100  earth              2.3s
  [probe] gen=400 score=749.6 net=3.390 fell=0.900 [new best earth]
  [plot] Saved fitness curve → experiments/thesis/staged_evolution/seed_01/fitness_curve.png
  400       814.1       328.6    0.3985   1.00   0.50    -9.8100  earth              2.2s
  401       751.3       292.7    0.3986   1.00   0.50    -9.8100  earth              2.2s
  402       920.8       399.3    0.3986   1.00   0.50    -9.8100  earth              2.8s
  403       814.4       337.3    0.3988   1.00   0.50    -9.8100  earth              2.1s
  404       768.6       362.8    0.3988   1.00   0.50    -9.8100  earth              2.4s
  405       794.4       352.0    0.3990   1.00   0.50    -9.8100  earth              2.6s
  406       741.7       320.1    0.3990   1.00   0.50    -9.8100  earth              2.4s
  407       848.1       366.7    0.3991   1.00   0.50    -9.8100  earth              2.4s
  408       643.6       309.1    0.3990   1.00   0.50    -9.8100  earth              2.0s
  409       831.6       281.6    0.3989   1.00   0.50    -9.8100  earth              2.2s
  [probe] gen=410 score=701.9 net=2.960 fell=0.400
  410       876.3       365.1    0.3989   1.00   0.50    -9.8100  earth              2.1s
  411       784.1       319.7    0.3989   1.00   0.50    -9.8100  earth              2.3s
  412       667.1       315.0    0.3990   1.00   0.50    -9.8100  earth              2.1s
  413       713.1       345.3    0.3991   1.00   0.50    -9.8100  earth              2.5s
  414       800.9       306.0    0.3992   1.00   0.50    -9.8100  earth              2.2s
  415       806.0       396.4    0.3993   1.00   0.50    -9.8100  earth              2.5s
  416       735.3       333.1    0.3994   1.00   0.50    -9.8100  earth              2.4s
  417       758.9       287.1    0.3994   1.00   0.50    -9.8100  earth              2.2s
  418       925.3       279.7    0.3995   1.00   0.50    -9.8100  earth              2.1s
  419       762.3       356.6    0.3995   1.00   0.50    -9.8100  earth              2.9s
  [probe] gen=420 score=801.5 net=3.616 fell=0.900 [new best earth]
  420       814.1       268.7    0.3995   1.00   0.50    -9.8100  earth              2.2s
  421       870.8       291.6    0.3996   1.00   0.50    -9.8100  earth              2.1s
  422       683.0       350.7    0.3998   1.00   0.50    -9.8100  earth              2.2s
  423       776.3       308.6    0.4001   1.00   0.50    -9.8100  earth              2.5s
  424       784.2       348.7    0.4003   1.00   0.50    -9.8100  earth              2.9s
  [plot] Saved fitness curve → experiments/thesis/staged_evolution/seed_01/fitness_curve.png
  425       767.2       423.1    0.4007   1.00   0.50    -9.8100  earth              2.9s
  426       756.1       384.2    0.4009   1.00   0.50    -9.8100  earth              2.9s
  427       828.2       273.8    0.4011   1.00   0.50    -9.8100  earth              2.3s
  428       872.4       402.7    0.4014   1.00   0.50    -9.8100  earth              2.1s
  429       983.6       382.4    0.4017   1.00   0.50    -9.8100  earth              2.2s
  [probe] gen=430 score=720.9 net=3.506 fell=0.800
  430       949.7       342.8    0.4022   1.00   0.50    -9.8100  earth              2.0s
  431       912.1       404.9    0.4025   1.00   0.50    -9.8100  earth              2.1s
  432       823.9       388.1    0.4028   1.00   0.50    -9.8100  earth              2.5s
  433       838.0       374.7    0.4028   1.00   0.50    -9.8100  earth              2.4s
  434       810.5       383.0    0.4028   1.00   0.50    -9.8100  earth              2.5s
  435       760.6       372.8    0.4028   1.00   0.50    -9.8100  earth              2.3s
  436       726.9       337.4    0.4028   1.00   0.50    -9.8100  earth              2.2s
  437       843.5       430.8    0.4027   1.00   0.50    -9.8100  earth              2.5s
  438       800.8       372.7    0.4025   1.00   0.50    -9.8100  earth              2.5s
  439       784.8       356.3    0.4024   1.00   0.50    -9.8100  earth              2.2s
  [probe] gen=440 score=705.6 net=2.978 fell=0.200
  440       787.5       423.6    0.4021   1.00   0.50    -9.8100  earth              2.1s
  441       768.2       329.6    0.4018   1.00   0.50    -9.8100  earth              2.2s
  442       873.0       365.8    0.4015   1.00   0.50    -9.8100  earth              2.4s
  443       788.2       362.2    0.4011   1.00   0.50    -9.8100  earth              2.5s
  444       852.0       394.3    0.4007   1.00   0.50    -9.8100  earth              2.4s
  445       805.7       377.0    0.4002   1.00   0.50    -9.8100  earth              2.3s
  446       818.8       362.7    0.3998   1.00   0.50    -9.8100  earth              2.0s
  447       825.3       388.6    0.3994   1.00   0.50    -9.8100  earth              2.3s
  448       833.8       356.9    0.3989   1.00   0.50    -9.8100  earth              2.3s
  449       772.2       381.4    0.3986   1.00   0.50    -9.8100  earth              2.5s
  [probe] gen=450 score=669.2 net=3.305 fell=1.000
  [plot] Saved fitness curve → experiments/thesis/staged_evolution/seed_01/fitness_curve.png
  450       913.0       418.5    0.3983   1.00   0.50    -9.8100  earth              2.5s
  451       810.2       447.1    0.3980   1.00   0.50    -9.8100  earth              2.2s
  452       815.5       399.4    0.3977   1.00   0.50    -9.8100  earth              2.5s
  453       855.0       407.8    0.3975   1.00   0.50    -9.8100  earth              2.8s
  454       675.5       356.0    0.3974   1.00   0.50    -9.8100  earth              2.8s
  455       802.3       400.5    0.3974   1.00   0.50    -9.8100  earth              2.8s
  456       837.6       388.9    0.3974   1.00   0.50    -9.8100  earth              2.6s
  457       796.8       425.5    0.3974   1.00   0.50    -9.8100  earth              2.4s
  458       732.1       411.3    0.3973   1.00   0.50    -9.8100  earth              2.7s
  459       933.1       423.1    0.3973   1.00   0.50    -9.8100  earth              2.4s
  [probe] gen=460 score=781.4 net=3.484 fell=0.500
  460       850.3       414.2    0.3974   1.00   0.50    -9.8100  earth              2.3s
  461       881.8       458.4    0.3974   1.00   0.50    -9.8100  earth              2.6s
  462       848.1       445.5    0.3972   1.00   0.50    -9.8100  earth              2.4s
  463       772.0       365.6    0.3971   1.00   0.50    -9.8100  earth              2.2s
  464       882.3       314.9    0.3970   1.00   0.50    -9.8100  earth              2.2s
  465       928.2       402.3    0.3968   1.00   0.50    -9.8100  earth              2.5s
  466       893.1       466.9    0.3968   1.00   0.50    -9.8100  earth              2.9s
  467       708.5       452.7    0.3969   1.00   0.50    -9.8100  earth              2.5s
  468       682.2       350.9    0.3971   1.00   0.50    -9.8100  earth              2.2s
  469       844.3       419.2    0.3974   1.00   0.50    -9.8100  earth              2.4s
  [probe] gen=470 score=546.5 net=2.665 fell=0.800
  470       758.0       398.1    0.3978   1.00   0.50    -9.8100  earth              2.1s
  471       712.6       384.7    0.3981   1.00   0.50    -9.8100  earth              2.3s
  472       788.7       395.1    0.3984   1.00   0.50    -9.8100  earth              2.5s
  473       805.0       371.2    0.3986   1.00   0.50    -9.8100  earth              2.7s
  474       770.1       423.4    0.3988   1.00   0.50    -9.8100  earth              2.6s
  [plot] Saved fitness curve → experiments/thesis/staged_evolution/seed_01/fitness_curve.png
  475       723.4       453.6    0.3991   1.00   0.50    -9.8100  earth              2.8s
  476       795.8       388.3    0.3993   1.00   0.50    -9.8100  earth              2.3s
  477       756.9       361.5    0.3997   1.00   0.50    -9.8100  earth              2.3s
  478       650.6       377.7    0.3999   1.00   0.50    -9.8100  earth              2.3s
  479       697.0       341.1    0.4000   1.00   0.50    -9.8100  earth              2.3s
  [probe] gen=480 score=577.6 net=2.818 fell=1.000
  480       837.7       438.0    0.4000   1.00   0.50    -9.8100  earth              2.5s
  481       802.3       421.6    0.3999   1.00   0.50    -9.8100  earth              2.5s
  482       656.3       361.9    0.3997   1.00   0.50    -9.8100  earth              2.5s
  483       968.2       343.1    0.3995   1.00   0.50    -9.8100  earth              2.4s
  484       779.2       434.8    0.3993   1.00   0.50    -9.8100  earth              2.8s
  485       812.0       437.4    0.3992   1.00   0.50    -9.8100  earth              2.7s
  486       825.1       408.0    0.3990   1.00   0.50    -9.8100  earth              2.6s
  487       850.8       459.3    0.3987   1.00   0.50    -9.8100  earth              2.7s
  488       790.1       440.4    0.3983   1.00   0.50    -9.8100  earth              2.2s
  489       814.9       447.5    0.3979   1.00   0.50    -9.8100  earth              2.6s
  [probe] gen=490 score=532.2 net=2.771 fell=0.900
  490       912.8       457.9    0.3976   1.00   0.50    -9.8100  earth              2.6s
  491       980.9       514.2    0.3972   1.00   0.50    -9.8100  earth              2.7s
  492       906.7       547.5    0.3967   1.00   0.50    -9.8100  earth              2.7s
  493       885.8       516.1    0.3962   1.00   0.50    -9.8100  earth              2.8s
  494       770.2       509.9    0.3958   1.00   0.50    -9.8100  earth              2.8s
  495       830.8       432.6    0.3952   1.00   0.50    -9.8100  earth              2.7s
  496       811.2       503.7    0.3947   1.00   0.50    -9.8100  earth              2.7s
  497       829.7       437.5    0.3942   1.00   0.50    -9.8100  earth              2.6s
  498       784.5       409.3    0.3936   1.00   0.50    -9.8100  earth              2.6s
  499       867.1       462.6    0.3931   1.00   0.50    -9.8100  earth              2.7s
  [plot] Saved fitness curve → experiments/thesis/staged_evolution/seed_01/fitness_curve.png

Training complete. Best fitness: 1581.0
Best params → experiments/thesis/staged_evolution/seed_01/checkpoints/best_params.npy
Fitness curve → experiments/thesis/staged_evolution/seed_01/fitness_curve.png
Eval params  → best_earth_params (earth probe score: 801.5)
Final Earth scorecard | score=700.3 net=3.147 fell=0.750
Gravity sweep | gravities=5 mean_net=1.355 worst_net=-0.294
  [exp] Wrote experiments/thesis/staged_evolution/seed_01/experiment.json
  [exp] Wrote experiments/thesis/staged_evolution/seed_01/training_log.csv
  [exp] Wrote experiments/thesis/staged_evolution/seed_01/earth_probe.csv
  [exp] Wrote experiments/thesis/staged_evolution/seed_01/gravity_sweep.csv
  [exp] Wrote experiments/thesis/staged_evolution/seed_01/summary.json
