Walker2d-v5 | policy=CPG  params=504
CPGPolicy  |  total params = 504
  Joint       Amplitude  Freq(rad/step)   Phase(deg)
  --------------------------------------------------
  R-thigh         0.500          0.6931          0.0°
  R-leg           0.500          0.6931          0.0°
  R-foot          0.500          0.6931          0.0°
  L-thigh         0.500          0.6931          0.0°
  L-leg           0.500          0.6931          0.0°
  L-foot          0.500          0.6931          0.0°

  Feedback MLP hidden=16  correction_scale=0.5
Run context | seed=7 arm=fixed_gravity run_id=fixed_gravity_seed_07

Starting from structured scratch prior (no warm-start checkpoint).
Schedule | penalty_min=0.20 penalty_ramp_gen=200 corr_min=0.00 corr_max=0.50 corr_ramp_gen=200

Starting CMA-ES | pop=40 | sigma0=0.5 | max_gen=500 | workers=8 | seed=7

  Gen        Best        Mean     Sigma    Pen   Corr     Time
------------------------------------------------------------------
  [probe] gen=0 score=-227.6 net=0.122 fell=1.000
  [plot] Saved fitness curve → fitness_curve_cpg.png
    0       -12.3       -74.4    0.4904   0.20   0.00     1.5s
    1       -55.4       -75.6    0.4819   0.20   0.00     0.2s
    2       -21.8       -71.9    0.4744   0.21   0.01     0.2s
    3       -17.4       -71.6    0.4676   0.21   0.01     0.2s
    4       -37.2       -68.1    0.4615   0.22   0.01     0.2s
    5        10.0       -58.7    0.4559   0.22   0.01     0.3s
    6       130.9       -35.7    0.4508   0.22   0.01     0.3s
    7       122.1       -36.5    0.4460   0.23   0.02     0.3s
    8        90.7       -47.2    0.4417   0.23   0.02     0.3s
    9       149.3       -31.5    0.4378   0.24   0.02     0.3s
  [probe] gen=10 score=-14.4 net=0.902 fell=1.000
   10       129.6       -30.3    0.4343   0.24   0.03     0.4s
   11       150.8       -15.9    0.4310   0.24   0.03     0.4s
   12       151.6        28.1    0.4279   0.25   0.03     0.5s
   13       154.5        36.6    0.4249   0.25   0.03     0.5s
   14       155.4        17.1    0.4222   0.26   0.04     0.4s
   15       155.6        23.5    0.4195   0.26   0.04     0.5s
   16       154.8        30.7    0.4169   0.26   0.04     0.4s
   17       154.5        45.7    0.4146   0.27   0.04     0.5s
   18       151.6        29.8    0.4124   0.27   0.04     0.5s
   19       152.4        47.1    0.4103   0.28   0.05     0.6s
  [probe] gen=20 score=11.5 net=0.950 fell=1.000
   20       150.0        37.2    0.4082   0.28   0.05     0.5s
   21       159.6        53.7    0.4063   0.28   0.05     0.6s
   22       149.8        45.0    0.4047   0.29   0.06     0.5s
   23       166.1        56.9    0.4032   0.29   0.06     0.6s
   24       164.2        40.3    0.4018   0.30   0.06     0.7s
  [plot] Saved fitness curve → fitness_curve_cpg.png
   25       161.6        45.7    0.4004   0.30   0.06     0.6s
   26       179.3        28.4    0.3993   0.30   0.07     0.7s
   27       173.3        41.5    0.3981   0.31   0.07     0.7s
   28       166.0        41.8    0.3970   0.31   0.07     0.7s
   29       168.8        27.0    0.3961   0.32   0.07     0.7s
  [probe] gen=30 score=22.2 net=0.843 fell=1.000
   30       170.3        23.7    0.3953   0.32   0.07     0.7s
   31       163.9        24.1    0.3947   0.32   0.08     0.7s
   32       179.2        91.7    0.3940   0.33   0.08     0.8s
   33       180.7        34.4    0.3935   0.33   0.08     0.8s
   34       163.9        83.5    0.3930   0.34   0.09     0.8s
   35       158.2        69.5    0.3926   0.34   0.09     0.7s
   36       184.8        22.6    0.3922   0.34   0.09     0.8s
   37       177.9        74.3    0.3920   0.35   0.09     0.8s
   38       162.2        59.6    0.3918   0.35   0.10     0.8s
   39       172.2        66.1    0.3917   0.36   0.10     0.9s
  [probe] gen=40 score=-7.6 net=0.616 fell=1.000
   40       190.5         4.4    0.3917   0.36   0.10     0.7s
   41       175.9        18.7    0.3915   0.36   0.10     0.9s
   42       169.2        21.6    0.3913   0.37   0.10     0.8s
   43       177.1        25.0    0.3910   0.37   0.11     0.8s
   44       169.0        44.8    0.3908   0.38   0.11     0.9s
   45       168.9        25.6    0.3906   0.38   0.11     1.0s
   46       171.4        93.5    0.3903   0.38   0.12     1.0s
   47       170.4        84.6    0.3901   0.39   0.12     0.9s
   48       185.9        77.4    0.3899   0.39   0.12     1.1s
   49       209.9        76.7    0.3898   0.40   0.12     1.0s
  [probe] gen=50 score=182.7 net=1.004 fell=1.000
  [plot] Saved fitness curve → fitness_curve_cpg.png
   50       255.8        66.1    0.3895   0.40   0.12     1.1s
   51       204.3        65.6    0.3893   0.40   0.13     1.0s
   52       175.7        89.2    0.3891   0.41   0.13     0.9s
   53       249.7        81.8    0.3888   0.41   0.13     1.2s
   54       190.1        97.7    0.3885   0.42   0.14     1.0s
   55       209.3       135.8    0.3882   0.42   0.14     1.1s
   56       273.5       144.1    0.3881   0.42   0.14     1.3s
   57       272.2        86.7    0.3880   0.43   0.14     1.5s
   58       270.8        83.2    0.3880   0.43   0.14     1.4s
   59       233.6        72.8    0.3878   0.44   0.15     1.4s
  [probe] gen=60 score=129.1 net=0.468 fell=0.600
   60       260.0        62.8    0.3876   0.44   0.15     1.4s
   61       295.0       108.2    0.3874   0.44   0.15     1.6s
   62       337.9        92.7    0.3873   0.45   0.15     1.8s
   63       316.5       111.5    0.3871   0.45   0.16     1.7s
   64       343.5       110.0    0.3868   0.46   0.16     2.0s
   65       285.9        71.7    0.3867   0.46   0.16     1.7s
   66       320.0       126.9    0.3867   0.46   0.17     1.9s
   67       306.5       119.3    0.3867   0.47   0.17     2.1s
   68       324.7       110.4    0.3867   0.47   0.17     2.3s
   69       296.8       128.5    0.3866   0.48   0.17     2.1s
  [probe] gen=70 score=237.8 net=0.911 fell=1.000
   70       298.0        97.4    0.3865   0.48   0.17     1.8s
   71       315.9       113.1    0.3864   0.48   0.18     1.9s
   72       285.3        86.0    0.3865   0.49   0.18     2.0s
   73       318.1       112.7    0.3866   0.49   0.18     2.1s
   74       305.5        98.8    0.3865   0.50   0.18     2.0s
  [plot] Saved fitness curve → fitness_curve_cpg.png
   75       299.3        75.5    0.3866   0.50   0.19     2.2s
   76       317.4       113.6    0.3869   0.50   0.19     2.1s
   77       259.8       128.8    0.3872   0.51   0.19     1.9s
   78       325.2       168.7    0.3876   0.51   0.20     2.3s
   79       317.2        93.3    0.3880   0.52   0.20     2.2s
  [probe] gen=80 score=262.1 net=0.806 fell=0.500
   80       330.9       115.9    0.3884   0.52   0.20     2.1s
   81       274.8       134.6    0.3887   0.52   0.20     2.4s
   82       286.2       145.3    0.3891   0.53   0.20     2.3s
   83       287.6        95.4    0.3893   0.53   0.21     2.1s
   84       272.6        90.8    0.3894   0.54   0.21     2.3s
   85       298.8       111.2    0.3897   0.54   0.21     1.9s
   86       304.9       151.2    0.3900   0.54   0.21     2.4s
   87       302.6       119.4    0.3903   0.55   0.22     2.0s
   88       298.5       137.9    0.3906   0.55   0.22     2.0s
   89       312.1       105.3    0.3906   0.56   0.22     2.0s
  [probe] gen=90 score=243.3 net=0.897 fell=1.000
   90       290.1       149.3    0.3909   0.56   0.23     2.1s
   91       290.7       129.2    0.3912   0.56   0.23     2.2s
   92       299.4       160.9    0.3916   0.57   0.23     2.5s
   93       319.3       168.9    0.3921   0.57   0.23     2.4s
   94       315.4       142.7    0.3926   0.58   0.23     2.4s
   95       312.7       161.3    0.3931   0.58   0.24     2.4s
   96       327.2       158.9    0.3936   0.58   0.24     2.4s
   97       286.9       133.8    0.3940   0.59   0.24     2.6s
   98       312.7       173.9    0.3943   0.59   0.24     2.9s
   99       314.8       123.2    0.3946   0.60   0.25     2.5s
  [probe] gen=100 score=259.1 net=0.786 fell=0.500
  [plot] Saved fitness curve → fitness_curve_cpg.png
  100       306.5       152.5    0.3951   0.60   0.25     2.7s
  101       304.7       153.6    0.3955   0.60   0.25     2.0s
  102       317.9       190.4    0.3958   0.61   0.26     2.8s
  103       317.2       151.6    0.3961   0.61   0.26     3.0s
  104       312.9       153.2    0.3964   0.62   0.26     2.9s
  105       300.9       183.8    0.3966   0.62   0.26     2.7s
  106       311.1       191.1    0.3968   0.62   0.27     2.8s
  107       278.8       161.1    0.3969   0.63   0.27     2.9s
  108       297.3       109.0    0.3971   0.63   0.27     2.1s
  109       323.4       157.1    0.3969   0.64   0.27     2.4s
  [probe] gen=110 score=272.3 net=0.832 fell=0.400
  110       331.7       166.7    0.3968   0.64   0.28     2.9s
  111       316.6       192.7    0.3966   0.64   0.28     2.8s
  112       321.7       195.8    0.3962   0.65   0.28     2.8s
  113       321.6       166.6    0.3959   0.65   0.28     2.7s
  114       303.6       194.1    0.3958   0.66   0.28     2.6s
  115       304.3       156.4    0.3958   0.66   0.29     2.7s
  116       307.7       171.9    0.3959   0.66   0.29     2.9s
  117       306.5       173.8    0.3958   0.67   0.29     2.7s
  118       311.4       176.3    0.3956   0.67   0.29     2.5s
  119       312.1       193.3    0.3953   0.68   0.30     2.8s
  [probe] gen=120 score=153.4 net=0.341 fell=0.000
  120       328.2       188.4    0.3953   0.68   0.30     3.0s
  121       316.9       207.1    0.3952   0.68   0.30     3.1s
  122       306.7       161.2    0.3951   0.69   0.30     3.2s
  123       319.6       158.1    0.3951   0.69   0.31     2.8s
  124       314.2       142.8    0.3950   0.70   0.31     2.8s
  [plot] Saved fitness curve → fitness_curve_cpg.png
  125       328.6       159.5    0.3950   0.70   0.31     3.1s
  126       311.2       158.6    0.3950   0.70   0.32     3.3s
  127       285.9       155.0    0.3950   0.71   0.32     3.0s
  128       292.0       177.4    0.3951   0.71   0.32     2.8s
  129       303.2       167.4    0.3949   0.72   0.32     3.1s
  [probe] gen=130 score=239.4 net=0.846 fell=0.800
  130       310.5       162.1    0.3948   0.72   0.33     2.7s
  131       307.9       141.9    0.3948   0.72   0.33     2.5s
  132       298.8       110.1    0.3947   0.73   0.33     2.2s
  133       298.6       139.3    0.3945   0.73   0.33     2.7s
  134       298.1       165.8    0.3941   0.74   0.34     2.8s
  135       292.8       148.2    0.3939   0.74   0.34     2.8s
  136       303.4        83.3    0.3937   0.74   0.34     2.2s
  137       302.8       111.0    0.3937   0.75   0.34     2.4s
  138       294.1       198.5    0.3936   0.75   0.34     2.9s
  139       299.6       184.2    0.3935   0.76   0.35     3.0s
  [probe] gen=140 score=252.5 net=0.903 fell=0.900
  140       287.6       184.4    0.3932   0.76   0.35     2.7s
  141       295.3       150.8    0.3930   0.76   0.35     2.5s
  142       307.4       186.0    0.3927   0.77   0.35     2.9s
  143       291.1       161.1    0.3927   0.77   0.36     2.7s
  144       290.8       119.7    0.3924   0.78   0.36     3.1s
  145       283.1       159.4    0.3923   0.78   0.36     3.1s
  146       293.1        94.5    0.3921   0.78   0.36     2.9s
  147       286.9       140.6    0.3919   0.79   0.37     2.6s
  148       289.7       121.3    0.3918   0.79   0.37     3.0s
  149       298.8       196.2    0.3916   0.80   0.37     3.1s
  [probe] gen=150 score=199.8 net=0.523 fell=0.100
  [plot] Saved fitness curve → fitness_curve_cpg.png
  150       297.3       211.0    0.3914   0.80   0.38     3.2s
  151       301.9       188.4    0.3912   0.80   0.38     3.0s
  152       294.9       192.8    0.3910   0.81   0.38     3.2s
  153       299.3       145.9    0.3908   0.81   0.38     2.8s
  154       299.4       167.4    0.3907   0.82   0.39     2.8s
  155       293.9       188.6    0.3908   0.82   0.39     3.2s
  156       292.7       193.2    0.3910   0.82   0.39     3.0s
  157       294.3       170.0    0.3912   0.83   0.39     3.2s
  158       295.7       166.3    0.3913   0.83   0.40     3.2s
  159       272.7       149.9    0.3911   0.84   0.40     3.6s
  [probe] gen=160 score=185.7 net=0.721 fell=0.600
  160       286.4       187.0    0.3908   0.84   0.40     3.2s
  161       291.8       165.4    0.3907   0.84   0.40     2.9s
  162       284.6       194.4    0.3906   0.85   0.41     3.2s
  163       288.4       192.5    0.3905   0.85   0.41     3.1s
  164       288.8       200.0    0.3904   0.86   0.41     3.2s
  165       282.8       191.0    0.3901   0.86   0.41     2.8s
  166       295.4       220.6    0.3896   0.86   0.41     3.0s
  167       267.3       156.3    0.3892   0.87   0.42     3.0s
  168       279.5       220.1    0.3886   0.87   0.42     3.0s
  169       293.8       156.5    0.3880   0.88   0.42     3.0s
  [probe] gen=170 score=256.6 net=0.899 fell=1.000
  170       273.2       184.8    0.3875   0.88   0.42     2.9s
  171       289.6       193.5    0.3870   0.88   0.43     3.0s
  172       301.1       168.6    0.3865   0.89   0.43     3.1s
  173       301.7       138.1    0.3861   0.89   0.43     3.1s
  174       302.0       177.0    0.3857   0.90   0.43     3.3s
  [plot] Saved fitness curve → fitness_curve_cpg.png
  175       287.9       159.5    0.3854   0.90   0.44     3.3s
  176       297.4       203.0    0.3851   0.90   0.44     3.3s
  177       353.9       110.5    0.3849   0.91   0.44     2.8s
  178       404.7       145.9    0.3846   0.91   0.45     3.0s
  179       317.7       133.2    0.3844   0.92   0.45     2.8s
  [probe] gen=180 score=291.3 net=1.044 fell=1.000
  180       299.3       115.7    0.3842   0.92   0.45     3.2s
  181       356.2       175.2    0.3839   0.92   0.45     3.1s
  182       372.8       189.3    0.3837   0.93   0.46     3.2s
  183       318.0       140.8    0.3834   0.93   0.46     3.0s
  184       302.0       184.0    0.3831   0.94   0.46     3.1s
  185       295.3       171.5    0.3828   0.94   0.46     3.0s
  186       282.9       154.0    0.3828   0.94   0.47     2.9s
  187       295.8       190.8    0.3827   0.95   0.47     3.0s
  188       320.3       176.4    0.3826   0.95   0.47     3.2s
  189       545.1       207.4    0.3825   0.96   0.47     3.2s
  [probe] gen=190 score=361.8 net=1.402 fell=1.000
  190       400.0       207.5    0.3824   0.96   0.47     3.2s
  191       421.8       212.4    0.3824   0.96   0.48     3.2s
  192       313.4       165.5    0.3823   0.97   0.48     3.1s
  193       378.7       200.8    0.3822   0.97   0.48     3.0s
  194       369.4       169.6    0.3821   0.98   0.48     3.0s
  195       391.8       202.6    0.3819   0.98   0.49     3.0s
  196       338.0       145.4    0.3817   0.98   0.49     2.9s
  197       414.3       157.3    0.3815   0.99   0.49     2.8s
  198       455.8       183.7    0.3813   0.99   0.49     3.0s
  199       390.8       188.9    0.3811   1.00   0.50     2.9s
  [probe] gen=200 score=194.7 net=0.578 fell=0.500
  [plot] Saved fitness curve → fitness_curve_cpg.png
  200       522.0       225.5    0.3808   1.00   0.50     2.9s
  201       386.8       197.4    0.3805   1.00   0.50     2.9s
  202       382.0       185.2    0.3801   1.00   0.50     2.9s
  203       378.5       200.2    0.3796   1.00   0.50     3.1s
  204       403.1       158.5    0.3793   1.00   0.50     2.9s
  205       387.9       217.1    0.3788   1.00   0.50     2.8s
  206       366.5       177.9    0.3785   1.00   0.50     3.1s
  207       370.0       199.3    0.3781   1.00   0.50     2.8s
  208       450.2       222.7    0.3776   1.00   0.50     2.9s
  209       404.1       209.3    0.3772   1.00   0.50     2.8s
  [probe] gen=210 score=347.5 net=1.331 fell=1.000
  210       402.5       257.3    0.3768   1.00   0.50     3.1s
  211       438.0       242.4    0.3767   1.00   0.50     3.0s
  212       405.6       221.4    0.3765   1.00   0.50     3.3s
  213       423.3       247.5    0.3766   1.00   0.50     3.2s
  214       403.2       178.5    0.3765   1.00   0.50     3.3s
  215       405.6       219.9    0.3764   1.00   0.50     2.9s
  216       389.2       230.0    0.3765   1.00   0.50     3.1s
  217       352.2       180.3    0.3765   1.00   0.50     3.2s
  218       403.0       168.7    0.3766   1.00   0.50     2.9s
  219       413.8       213.1    0.3768   1.00   0.50     2.7s
  [probe] gen=220 score=289.5 net=1.349 fell=1.000
  220       403.0       211.3    0.3769   1.00   0.50     2.9s
  221       405.8       242.3    0.3770   1.00   0.50     2.9s
  222       476.2       217.6    0.3770   1.00   0.50     3.1s
  223       386.8       156.9    0.3769   1.00   0.50     2.6s
  224       513.4       205.4    0.3767   1.00   0.50     3.0s
  [plot] Saved fitness curve → fitness_curve_cpg.png
  225       450.8       179.9    0.3764   1.00   0.50     2.9s
  226       410.8       170.8    0.3761   1.00   0.50     2.7s
  227       515.5       201.4    0.3756   1.00   0.50     2.9s
  228       411.7       245.8    0.3755   1.00   0.50     2.9s
  229       398.8       208.8    0.3753   1.00   0.50     2.9s
  [probe] gen=230 score=241.0 net=0.896 fell=0.800
  230       394.6       196.4    0.3752   1.00   0.50     3.0s
  231       358.5       159.8    0.3750   1.00   0.50     2.9s
  232       414.7       213.9    0.3748   1.00   0.50     2.8s
  233       362.3       210.0    0.3747   1.00   0.50     3.0s
  234       451.0       216.1    0.3748   1.00   0.50     3.0s
  235       418.2       225.7    0.3749   1.00   0.50     3.1s
  236       445.2       165.8    0.3748   1.00   0.50     2.8s
  237       487.0       156.7    0.3747   1.00   0.50     2.6s
  238       441.1       202.4    0.3746   1.00   0.50     2.6s
  239       389.5       198.0    0.3744   1.00   0.50     2.8s
  [probe] gen=240 score=296.8 net=1.159 fell=1.000
  240       347.0       178.2    0.3741   1.00   0.50     3.0s
  241       437.5       225.8    0.3738   1.00   0.50     3.1s
  242       421.4       207.0    0.3735   1.00   0.50     2.8s
  243       429.0       225.7    0.3732   1.00   0.50     3.1s
  244       494.6       222.9    0.3730   1.00   0.50     3.0s
  245       402.6       233.9    0.3729   1.00   0.50     2.8s
  246       373.6       203.2    0.3727   1.00   0.50     2.6s
  247       415.2       214.4    0.3724   1.00   0.50     2.8s
  248       353.8       225.7    0.3723   1.00   0.50     2.6s
  249       475.0       250.1    0.3720   1.00   0.50     3.1s
  [probe] gen=250 score=258.9 net=1.012 fell=0.800
  [plot] Saved fitness curve → fitness_curve_cpg.png
  250       363.5       210.4    0.3718   1.00   0.50     2.6s
  251       372.2       204.4    0.3716   1.00   0.50     2.4s
  252       439.3       218.2    0.3713   1.00   0.50     2.7s
  253       417.4       205.8    0.3710   1.00   0.50     2.5s
  254       522.3       234.1    0.3706   1.00   0.50     2.8s
  255       348.0       229.1    0.3704   1.00   0.50     2.9s
  256       504.8       233.5    0.3703   1.00   0.50     2.9s
  257       446.1       247.3    0.3702   1.00   0.50     2.8s
  258       410.0       183.1    0.3701   1.00   0.50     2.9s
  259       440.7       168.4    0.3698   1.00   0.50     2.9s
  [probe] gen=260 score=444.1 net=1.752 fell=1.000
  260       447.2       224.3    0.3696   1.00   0.50     3.0s
  261       440.6       223.3    0.3693   1.00   0.50     2.8s
  262       460.5       223.1    0.3690   1.00   0.50     3.0s
  263       409.1       192.2    0.3688   1.00   0.50     2.8s
  264       490.0       286.9    0.3687   1.00   0.50     3.2s
  265       446.3       257.5    0.3686   1.00   0.50     2.9s
  266       464.0       218.2    0.3684   1.00   0.50     2.5s
  267       559.5       290.3    0.3683   1.00   0.50     2.5s
  268       552.4       217.6    0.3682   1.00   0.50     2.8s
  269       545.0       229.9    0.3681   1.00   0.50     2.6s
  [probe] gen=270 score=501.5 net=2.139 fell=1.000
  270       584.7       237.2    0.3681   1.00   0.50     2.4s
  271       714.6       167.3    0.3681   1.00   0.50     2.5s
  272       639.6       133.9    0.3681   1.00   0.50     2.6s
  273       525.3       187.1    0.3681   1.00   0.50     2.5s
  274       804.4       248.2    0.3681   1.00   0.50     2.4s
  [plot] Saved fitness curve → fitness_curve_cpg.png
  275       766.8       230.8    0.3680   1.00   0.50     2.6s
  276       648.0       234.3    0.3681   1.00   0.50     2.3s
  277       660.8       244.4    0.3681   1.00   0.50     2.4s
  278      1065.9       195.5    0.3682   1.00   0.50     2.1s
  279       636.8       186.0    0.3684   1.00   0.50     2.3s
  [probe] gen=280 score=427.0 net=2.389 fell=0.900
  280       695.0       219.1    0.3686   1.00   0.50     2.2s
  281       568.8       292.1    0.3689   1.00   0.50     2.2s
  282       706.3       119.9    0.3690   1.00   0.50     2.0s
  283       675.6       329.7    0.3692   1.00   0.50     2.6s
  284       730.2       311.4    0.3695   1.00   0.50     2.7s
  285       648.6       284.0    0.3698   1.00   0.50     2.3s
  286       777.4       319.1    0.3702   1.00   0.50     2.6s
  287       605.7       261.2    0.3705   1.00   0.50     2.2s
  288       690.7       308.0    0.3707   1.00   0.50     2.2s
  289       812.9       391.0    0.3709   1.00   0.50     2.6s
  [probe] gen=290 score=540.6 net=2.240 fell=0.700
  290       732.2       227.4    0.3712   1.00   0.50     2.3s
  291       625.8       284.6    0.3714   1.00   0.50     2.5s
  292       683.0       235.1    0.3715   1.00   0.50     2.5s
  293       713.3       323.7    0.3716   1.00   0.50     2.3s
  294       824.1       250.3    0.3717   1.00   0.50     2.1s
  295       898.9       318.4    0.3717   1.00   0.50     2.3s
  296       706.6       263.8    0.3717   1.00   0.50     2.6s
  297       697.6       363.5    0.3716   1.00   0.50     2.7s
  298       835.1       362.8    0.3715   1.00   0.50     2.4s
  299       744.1       263.7    0.3715   1.00   0.50     2.3s
  [probe] gen=300 score=701.9 net=3.423 fell=0.600
  [plot] Saved fitness curve → fitness_curve_cpg.png
  300       709.2       293.5    0.3715   1.00   0.50     2.4s
  301       745.6       349.1    0.3714   1.00   0.50     2.4s
  302       719.1       260.1    0.3713   1.00   0.50     2.5s
  303       721.2       252.7    0.3713   1.00   0.50     2.4s
  304       939.9       365.6    0.3712   1.00   0.50     2.4s
  305       928.1       225.0    0.3710   1.00   0.50     2.5s
  306       706.0       307.7    0.3709   1.00   0.50     2.4s
  307       726.6       317.3    0.3706   1.00   0.50     2.5s
  308       846.1       264.9    0.3705   1.00   0.50     2.5s
  309      1018.1       387.2    0.3703   1.00   0.50     2.5s
  [probe] gen=310 score=604.3 net=3.105 fell=0.700
  310       949.5       257.9    0.3702   1.00   0.50     2.0s
  311      1078.0       395.6    0.3702   1.00   0.50     2.3s
  312      1357.2       349.9    0.3700   1.00   0.50     2.2s
  313      1167.9       323.3    0.3699   1.00   0.50     2.2s
  314       995.8       344.4    0.3700   1.00   0.50     2.3s
  315       761.4       264.3    0.3700   1.00   0.50     1.9s
  316       824.2       356.1    0.3700   1.00   0.50     2.0s
  317       873.6       300.6    0.3700   1.00   0.50     1.9s
  318       830.0       347.9    0.3698   1.00   0.50     2.1s
  319       816.4       339.7    0.3696   1.00   0.50     2.1s
  [probe] gen=320 score=863.3 net=4.369 fell=0.700
  320       928.6       333.3    0.3695   1.00   0.50     2.2s
  321       771.9       362.6    0.3696   1.00   0.50     2.0s
  322       920.3       422.5    0.3696   1.00   0.50     2.2s
  323      1026.7       361.1    0.3695   1.00   0.50     2.0s
  324       824.4       261.1    0.3694   1.00   0.50     1.9s
  [plot] Saved fitness curve → fitness_curve_cpg.png
  325      1044.6       315.1    0.3692   1.00   0.50     2.0s
  326      1086.5       206.1    0.3690   1.00   0.50     1.7s
  327      1083.4       339.7    0.3690   1.00   0.50     2.1s
  328       859.2       300.2    0.3690   1.00   0.50     1.9s
  329       764.4       322.1    0.3688   1.00   0.50     1.9s
  [probe] gen=330 score=782.5 net=4.084 fell=0.700
  330      1211.2       232.5    0.3687   1.00   0.50     2.0s
  331       871.2       227.2    0.3687   1.00   0.50     1.7s
  332       890.1       321.6    0.3688   1.00   0.50     2.0s
  333       807.0       393.3    0.3688   1.00   0.50     2.1s
  334       990.0       365.8    0.3687   1.00   0.50     2.0s
  335      1140.8       346.0    0.3686   1.00   0.50     2.2s
  336      1019.2       297.6    0.3685   1.00   0.50     2.1s
  337      1036.1       296.8    0.3683   1.00   0.50     2.0s
  338       820.2       361.9    0.3681   1.00   0.50     1.9s
  339      1149.4       351.3    0.3679   1.00   0.50     2.0s
  [probe] gen=340 score=724.9 net=3.928 fell=0.900
  340       953.9       347.1    0.3676   1.00   0.50     2.2s
  341       833.9       178.9    0.3673   1.00   0.50     1.6s
  342       914.1       314.2    0.3672   1.00   0.50     1.6s
  343       999.4       261.1    0.3670   1.00   0.50     2.0s
  344       917.1       206.3    0.3671   1.00   0.50     1.7s
  345      1065.6       368.9    0.3672   1.00   0.50     2.1s
  346       884.9       321.1    0.3672   1.00   0.50     2.1s
  347      1209.3       408.5    0.3672   1.00   0.50     2.0s
  348       926.9       385.1    0.3672   1.00   0.50     2.1s
  349       957.4       402.9    0.3673   1.00   0.50     2.1s
  [probe] gen=350 score=859.1 net=4.515 fell=0.900
  [plot] Saved fitness curve → fitness_curve_cpg.png
  350       819.2       382.2    0.3675   1.00   0.50     1.8s
  351       896.3       448.1    0.3677   1.00   0.50     2.0s
  352       826.2       356.5    0.3678   1.00   0.50     2.2s
  353       942.8       397.3    0.3680   1.00   0.50     2.1s
  354       865.4       348.7    0.3681   1.00   0.50     2.1s
  355      1011.9       428.0    0.3682   1.00   0.50     2.2s
  356       863.7       293.1    0.3684   1.00   0.50     2.2s
  357       970.5       353.8    0.3687   1.00   0.50     2.6s
  358       989.4       427.7    0.3690   1.00   0.50     2.4s
  359       942.6       389.6    0.3692   1.00   0.50     2.1s
  [probe] gen=360 score=674.9 net=3.189 fell=0.700
  360       871.2       407.6    0.3693   1.00   0.50     2.1s
  361       905.2       382.8    0.3694   1.00   0.50     2.1s
  362      1087.5       337.6    0.3695   1.00   0.50     2.0s
  363      1270.3       309.5    0.3697   1.00   0.50     2.0s
  364       914.5       446.9    0.3698   1.00   0.50     2.2s
  365      1126.9       418.7    0.3699   1.00   0.50     2.1s
  366      1138.6       328.9    0.3699   1.00   0.50     2.0s
  367      1009.1       501.3    0.3699   1.00   0.50     2.1s
  368       974.5       460.4    0.3699   1.00   0.50     2.2s
  369      1048.9       531.9    0.3699   1.00   0.50     2.4s
  [probe] gen=370 score=749.9 net=3.488 fell=0.700
  370      1062.2       405.5    0.3698   1.00   0.50     2.3s
  371       952.9       468.8    0.3697   1.00   0.50     2.3s
  372       973.6       414.3    0.3696   1.00   0.50     2.4s
  373       834.2       419.7    0.3695   1.00   0.50     2.6s
  374       960.0       545.3    0.3695   1.00   0.50     2.6s
  [plot] Saved fitness curve → fitness_curve_cpg.png
  375      1216.9       447.4    0.3693   1.00   0.50     2.5s
  376      1017.5       511.2    0.3692   1.00   0.50     2.6s
  377      1056.2       448.1    0.3692   1.00   0.50     2.5s
  378       938.4       423.2    0.3693   1.00   0.50     2.4s
  379       880.9       361.7    0.3695   1.00   0.50     2.3s
  [probe] gen=380 score=779.2 net=4.241 fell=0.800
  380      1121.3       450.8    0.3698   1.00   0.50     2.7s
  381       939.6       441.6    0.3701   1.00   0.50     2.5s
  382      1021.3       448.9    0.3704   1.00   0.50     2.7s
  383      1171.3       581.0    0.3708   1.00   0.50     2.9s
  384      1197.7       539.2    0.3712   1.00   0.50     2.9s
  385      1194.3       481.5    0.3715   1.00   0.50     2.4s
  386      1128.5       543.5    0.3717   1.00   0.50     2.5s
  387       865.1       417.8    0.3720   1.00   0.50     2.3s
  388       962.9       508.1    0.3722   1.00   0.50     2.7s
  389      1167.1       489.1    0.3723   1.00   0.50     2.5s
  [probe] gen=390 score=969.9 net=4.819 fell=0.800
  390      1143.8       489.0    0.3724   1.00   0.50     2.6s
  391      1047.4       453.9    0.3727   1.00   0.50     2.3s
  392       939.5       516.1    0.3729   1.00   0.50     2.7s
  393      1209.2       593.9    0.3733   1.00   0.50     2.8s
  394      1464.3       546.1    0.3735   1.00   0.50     2.5s
  395      1163.1       417.9    0.3738   1.00   0.50     2.2s
  396      1070.5       482.4    0.3742   1.00   0.50     2.5s
  397      1062.4       486.5    0.3747   1.00   0.50     2.5s
  398      1249.7       513.7    0.3753   1.00   0.50     2.4s
  399       976.9       421.8    0.3757   1.00   0.50     2.0s
  [probe] gen=400 score=722.8 net=3.343 fell=0.300
  [plot] Saved fitness curve → fitness_curve_cpg.png
  400       858.0       233.6    0.3760   1.00   0.50     2.2s
  401      1302.2       415.4    0.3763   1.00   0.50     2.0s
  402      1199.9       435.9    0.3765   1.00   0.50     2.0s
  403      1241.6       491.7    0.3769   1.00   0.50     2.6s
  404      1436.8       463.4    0.3772   1.00   0.50     2.2s
  405      1273.8       398.1    0.3774   1.00   0.50     2.1s
  406      1164.8       496.4    0.3777   1.00   0.50     2.4s
  407      1191.0       485.7    0.3781   1.00   0.50     2.0s
  408      1203.8       439.6    0.3783   1.00   0.50     2.1s
  409      1101.6       507.1    0.3786   1.00   0.50     2.1s
  [probe] gen=410 score=1071.2 net=5.447 fell=0.500
  410      1042.5       445.0    0.3789   1.00   0.50     1.9s
  411      1062.4       474.1    0.3794   1.00   0.50     2.1s
  412      1179.5       448.2    0.3798   1.00   0.50     1.8s
  413      1237.0       450.4    0.3803   1.00   0.50     2.0s
  414      1293.3       589.5    0.3809   1.00   0.50     2.4s
  415       975.0       488.6    0.3814   1.00   0.50     2.1s
  416      1193.1       448.9    0.3820   1.00   0.50     2.3s
  417      1303.8       498.0    0.3826   1.00   0.50     2.1s
  418      1279.5       326.4    0.3831   1.00   0.50     2.0s
  419      1309.3       563.0    0.3838   1.00   0.50     2.3s
  [probe] gen=420 score=706.1 net=3.710 fell=0.800
  420      1079.1       448.5    0.3844   1.00   0.50     2.4s
  421      1126.7       244.0    0.3851   1.00   0.50     1.8s
  422      1366.7       567.9    0.3857   1.00   0.50     2.3s
  423      1093.0       479.8    0.3863   1.00   0.50     2.1s
  424      1161.1       460.0    0.3868   1.00   0.50     2.3s
  [plot] Saved fitness curve → fitness_curve_cpg.png
  425      1637.3       550.7    0.3872   1.00   0.50     2.6s
  426      1654.9       528.1    0.3877   1.00   0.50     2.2s
  427      1418.1       604.9    0.3881   1.00   0.50     2.3s
  428      1446.1       461.3    0.3885   1.00   0.50     2.1s
  429      1334.1       453.6    0.3889   1.00   0.50     2.2s
  [probe] gen=430 score=1396.9 net=6.610 fell=0.000
  430      1185.4       407.7    0.3893   1.00   0.50     1.9s
  431      1240.6       515.1    0.3896   1.00   0.50     2.1s
  432      1607.5       626.3    0.3898   1.00   0.50     2.1s
  433      1337.2       500.3    0.3899   1.00   0.50     2.0s
  434      1366.5       626.7    0.3900   1.00   0.50     2.4s
  435      1368.5       522.2    0.3902   1.00   0.50     2.2s
  436      1809.1       294.0    0.3904   1.00   0.50     1.8s
  437      1359.4       499.5    0.3904   1.00   0.50     2.2s
  438      1004.6       318.5    0.3904   1.00   0.50     1.8s
  439      1213.9       392.1    0.3907   1.00   0.50     2.1s
  [probe] gen=440 score=551.1 net=2.823 fell=0.900
  440      1201.7       442.4    0.3908   1.00   0.50     2.1s
  441      1257.2       357.3    0.3911   1.00   0.50     2.0s
  442      1228.0       475.0    0.3913   1.00   0.50     2.1s
  443      1528.8       569.2    0.3916   1.00   0.50     2.4s
  444       982.3       409.4    0.3920   1.00   0.50     2.3s
  445      1566.5       504.1    0.3923   1.00   0.50     2.4s
  446      1214.4       420.0    0.3926   1.00   0.50     2.1s
  447      1299.3       520.7    0.3930   1.00   0.50     2.0s
  448       890.7       354.4    0.3931   1.00   0.50     2.0s
  449      1392.9       475.3    0.3933   1.00   0.50     2.3s
  [probe] gen=450 score=1052.7 net=5.367 fell=0.500
  [plot] Saved fitness curve → fitness_curve_cpg.png
  450      1341.2       512.7    0.3933   1.00   0.50     2.3s
  451      1639.6       482.0    0.3934   1.00   0.50     2.3s
  452      1179.0       570.9    0.3936   1.00   0.50     2.3s
  453      1266.7       595.6    0.3937   1.00   0.50     2.4s
  454      1204.3       582.2    0.3938   1.00   0.50     2.4s
  455       956.8       483.4    0.3938   1.00   0.50     2.4s
  456      1066.2       475.2    0.3938   1.00   0.50     2.6s
  457      1036.1       517.8    0.3937   1.00   0.50     2.5s
  458      1032.6       489.2    0.3935   1.00   0.50     2.1s
  459      1424.9       551.6    0.3933   1.00   0.50     2.5s
  [probe] gen=460 score=1268.1 net=5.949 fell=0.200
  460      1321.5       491.8    0.3930   1.00   0.50     2.4s
  461      1150.3       519.9    0.3928   1.00   0.50     1.9s
  462       999.3       537.3    0.3927   1.00   0.50     2.2s
  463       935.9       505.0    0.3927   1.00   0.50     2.4s
  464      1105.3       591.1    0.3926   1.00   0.50     2.5s
  465      1044.5       581.5    0.3925   1.00   0.50     2.5s
  466      1182.6       599.4    0.3922   1.00   0.50     2.7s
  467      1463.9       571.4    0.3920   1.00   0.50     2.3s
  468      1076.6       498.5    0.3918   1.00   0.50     2.6s
  469      1097.5       426.5    0.3915   1.00   0.50     2.1s
  [probe] gen=470 score=837.7 net=4.627 fell=1.000
  470      1208.1       425.5    0.3913   1.00   0.50     2.2s
  471      1300.6       367.9    0.3911   1.00   0.50     1.9s
  472       954.9       473.9    0.3910   1.00   0.50     1.8s
  473      1486.5       513.5    0.3909   1.00   0.50     2.3s
  474      1111.1       596.6    0.3907   1.00   0.50     2.5s
  [plot] Saved fitness curve → fitness_curve_cpg.png
  475      1288.2       481.6    0.3905   1.00   0.50     2.5s
  476      1187.7       376.4    0.3905   1.00   0.50     2.0s
  477      1157.6       584.2    0.3904   1.00   0.50     2.3s
  478      1241.3       497.1    0.3903   1.00   0.50     2.3s
  479       932.7       465.4    0.3902   1.00   0.50     2.1s
  [probe] gen=480 score=960.3 net=4.939 fell=0.500
  480      1209.7       543.0    0.3901   1.00   0.50     2.5s
  481      1415.0       523.3    0.3901   1.00   0.50     2.4s
  482      1224.4       552.3    0.3901   1.00   0.50     2.2s
  483      1249.4       586.0    0.3899   1.00   0.50     2.6s
  484      1414.1       564.9    0.3899   1.00   0.50     2.5s
  485      1164.8       375.5    0.3897   1.00   0.50     2.2s
  486      1149.3       437.2    0.3898   1.00   0.50     2.4s
  487      1394.9       387.2    0.3898   1.00   0.50     2.3s
  488      1150.5       375.1    0.3900   1.00   0.50     2.1s
  489      1234.7       489.1    0.3902   1.00   0.50     2.2s
  [probe] gen=490 score=889.2 net=4.612 fell=0.900
  490      1246.7       437.0    0.3905   1.00   0.50     2.1s
  491      1354.1       386.8    0.3905   1.00   0.50     2.3s
  492      1095.4       503.8    0.3905   1.00   0.50     2.5s
  493      1243.5       538.3    0.3904   1.00   0.50     2.5s
  494       998.7       435.2    0.3904   1.00   0.50     2.6s
  495      1085.4       546.0    0.3904   1.00   0.50     2.8s
  496      1220.0       496.5    0.3902   1.00   0.50     2.5s
  497      1160.6       392.1    0.3900   1.00   0.50     2.0s
  498      1006.1       385.2    0.3899   1.00   0.50     2.0s
  499      1022.2       482.7    0.3898   1.00   0.50     2.2s
CMA-ES stop reasons: {'maxiter': 500}
  [plot] Saved fitness curve → fitness_curve_cpg.png

Training complete. Best fitness: 1809.1
Best params → experiments/thesis/fixed_gravity/seed_07/working_checkpoints/best_params.npy
Fitness curve → fitness_curve_cpg.png
Final Earth scorecard | score=1074.2 net=5.684 fell=0.700
Gravity sweep | gravities=5 mean_net=4.247 worst_net=3.307
  [exp] Archived → experiments/thesis/fixed_gravity/seed_07/
  [exp] Wrote experiments/thesis/fixed_gravity/seed_07/training_log.csv
  [exp] Wrote experiments/thesis/fixed_gravity/seed_07/earth_probe.csv
  [exp] Wrote experiments/thesis/fixed_gravity/seed_07/gravity_sweep.csv
  [exp] Wrote experiments/thesis/fixed_gravity/seed_07/summary.json
