Walker2d-v5 | policy=CPG  params=504
Curriculum   : GradualTransition  gravity -2.0 → -9.81  warmup=20%
Run context | seed=7 arm=curriculum_variable_gravity run_id=curriculum_variable_gravity_seed_07


Starting CMA-ES | pop=40 | sigma0=0.5 | max_gen=500 | workers=8 | seed=7
Checkpoints → experiments/thesis/curriculum_variable_gravity/seed_07/checkpoints/

  Gen        Best        Mean     Sigma    Gravity  Phase              Time
------------------------------------------------------------------------
  [probe] gen=0 score=-353.5 net=-0.227 fell=1.000
  [plot] Saved fitness curve → experiments/thesis/curriculum_variable_gravity/seed_07/fitness_curve.png
    0      -327.8      -394.1    0.4903    -2.0000  warmup             1.5s
    1      -288.2      -387.5    0.4820    -2.0000  warmup             0.1s
    2      -275.7      -374.0    0.4745    -2.0000  warmup             0.1s
    3      -289.0      -362.9    0.4679    -2.0000  warmup             0.2s
    4      -308.3      -361.3    0.4620    -2.0000  warmup             0.1s
    5      -285.5      -350.1    0.4568    -2.0000  warmup             0.2s
    6      -264.4      -332.2    0.4520    -2.0000  warmup             0.2s
    7      -270.2      -331.0    0.4476    -2.0000  warmup             0.2s
    8      -229.3      -334.9    0.4436    -2.0000  warmup             0.3s
    9      -278.4      -324.2    0.4401    -2.0000  warmup             0.3s
  [probe] gen=10 score=-350.0 net=-0.362 fell=1.000
   10      -248.0      -323.2    0.4368    -2.0000  warmup             0.2s
   11      -257.1      -321.8    0.4339    -2.0000  warmup             0.3s
   12      -250.0      -339.2    0.4311    -2.0000  warmup             0.3s
   13      -260.3      -322.5    0.4287    -2.0000  warmup             0.3s
   14      -223.9      -308.9    0.4264    -2.0000  warmup             0.4s
   15      -136.0      -301.8    0.4243    -2.0000  warmup             0.3s
   16      -198.3      -311.4    0.4223    -2.0000  warmup             0.4s
   17      -240.0      -309.8    0.4204    -2.0000  warmup             0.4s
   18      -219.6      -307.1    0.4185    -2.0000  warmup             0.5s
   19        42.4      -284.1    0.4168    -2.0000  warmup             0.5s
  [probe] gen=20 score=-16.7 net=0.747 fell=1.000
   20       104.9      -260.3    0.4152    -2.0000  warmup             0.6s
   21       148.6      -219.9    0.4139    -2.0000  warmup             0.7s
   22       145.3      -182.0    0.4128    -2.0000  warmup             0.9s
   23       156.6      -174.4    0.4119    -2.0000  warmup             1.0s
   24       237.2      -119.3    0.4112    -2.0000  warmup             1.1s
  [plot] Saved fitness curve → experiments/thesis/curriculum_variable_gravity/seed_07/fitness_curve.png
   25       455.3       -97.8    0.4105    -2.0000  warmup             1.1s
   26       196.8       -77.6    0.4101    -2.0000  warmup             1.1s
   27       341.6       -43.4    0.4095    -2.0000  warmup             1.3s
   28       404.2       -34.0    0.4088    -2.0000  warmup             1.3s
   29       336.5       -16.7    0.4081    -2.0000  warmup             1.3s
  [probe] gen=30 score=77.9 net=1.125 fell=1.000
   30       302.4         3.2    0.4075    -2.0000  warmup             1.3s
   31       845.0        22.2    0.4070    -2.0000  warmup             1.4s
   32       394.2       -19.5    0.4064    -2.0000  warmup             1.3s
   33       402.2        13.9    0.4059    -2.0000  warmup             1.5s
   34       353.1        46.2    0.4053    -2.0000  warmup             1.4s
   35       250.3         6.2    0.4047    -2.0000  warmup             1.4s
   36       335.1       -37.7    0.4043    -2.0000  warmup             1.3s
   37       267.9       -44.2    0.4039    -2.0000  warmup             1.3s
   38       353.7       -65.2    0.4035    -2.0000  warmup             1.3s
   39       401.7       -23.6    0.4032    -2.0000  warmup             1.3s
  [probe] gen=40 score=20.3 net=0.979 fell=1.000
   40       287.5       -26.5    0.4029    -2.0000  warmup             1.4s
   41       157.8        -7.2    0.4026    -2.0000  warmup             1.4s
   42       426.4       -18.2    0.4024    -2.0000  warmup             1.4s
   43       412.7        39.2    0.4023    -2.0000  warmup             1.5s
   44       392.7        45.9    0.4021    -2.0000  warmup             1.5s
   45       316.7       -50.1    0.4021    -2.0000  warmup             1.4s
   46       297.2       -11.6    0.4020    -2.0000  warmup             1.4s
   47       304.0        26.1    0.4018    -2.0000  warmup             1.4s
   48       157.8       -73.0    0.4017    -2.0000  warmup             1.4s
   49       359.9        17.4    0.4015    -2.0000  warmup             1.5s
  [probe] gen=50 score=-341.6 net=-0.689 fell=1.000
  [plot] Saved fitness curve → experiments/thesis/curriculum_variable_gravity/seed_07/fitness_curve.png
   50       360.7        35.0    0.4014    -2.0000  warmup             1.5s
   51       105.3         3.4    0.4012    -2.0000  warmup             1.4s
   52       207.8        69.1    0.4009    -2.0000  warmup             1.5s
   53       259.0        10.6    0.4008    -2.0000  warmup             1.5s
   54       313.4       -12.0    0.4006    -2.0000  warmup             1.5s
   55       351.1       -32.6    0.4003    -2.0000  warmup             1.5s
   56       278.3        20.0    0.4002    -2.0000  warmup             1.5s
   57       347.9        -4.2    0.4002    -2.0000  warmup             1.4s
   58       305.5        41.8    0.4002    -2.0000  warmup             1.5s
   59       218.5        15.7    0.4001    -2.0000  warmup             1.5s
  [probe] gen=60 score=-3.9 net=0.944 fell=1.000
   60       254.5        28.5    0.4000    -2.0000  warmup             1.5s
   61       244.6        57.9    0.3999    -2.0000  warmup             1.4s
   62       577.5        27.3    0.3997    -2.0000  warmup             1.7s
   63       319.8       -35.8    0.3994    -2.0000  warmup             1.4s
   64       373.9        10.4    0.3993    -2.0000  warmup             1.4s
   65       200.9       -24.5    0.3991    -2.0000  warmup             1.5s
   66       329.9       -26.3    0.3988    -2.0000  warmup             1.4s
   67       286.0        -9.3    0.3984    -2.0000  warmup             1.4s
   68       385.5        26.2    0.3979    -2.0000  warmup             1.4s
   69       462.6        44.7    0.3974    -2.0000  warmup             1.4s
  [probe] gen=70 score=18.8 net=0.983 fell=1.000
   70       323.4        -7.8    0.3970    -2.0000  warmup             1.4s
   71       431.1        32.3    0.3966    -2.0000  warmup             1.4s
   72       604.7        51.7    0.3960    -2.0000  warmup             1.5s
   73       452.2       -44.0    0.3956    -2.0000  warmup             1.3s
   74       374.1       -27.1    0.3950    -2.0000  warmup             1.3s
  [plot] Saved fitness curve → experiments/thesis/curriculum_variable_gravity/seed_07/fitness_curve.png
   75       413.3        52.2    0.3945    -2.0000  warmup             1.5s
   76       380.2        26.3    0.3939    -2.0000  warmup             1.4s
   77       504.9        50.6    0.3932    -2.0000  warmup             1.6s
   78       540.2        64.8    0.3924    -2.0000  warmup             1.5s
   79       392.9       -36.1    0.3916    -2.0000  warmup             1.4s
  [probe] gen=80 score=43.0 net=0.995 fell=1.000
   80       388.5         5.1    0.3908    -2.0000  warmup             1.5s
   81       326.6        -4.9    0.3900    -2.0000  warmup             1.4s
   82       351.7        19.7    0.3892    -2.0000  warmup             1.4s
   83       524.8         1.7    0.3884    -2.0000  warmup             1.4s
   84       376.6        -3.9    0.3875    -2.0000  warmup             1.5s
   85       434.2        80.7    0.3867    -2.0000  warmup             1.6s
   86       626.3        76.8    0.3860    -2.0000  warmup             1.6s
   87       228.3       -55.1    0.3853    -2.0000  warmup             1.4s
   88       567.4       120.3    0.3845    -2.0000  warmup             1.7s
   89       484.9        41.3    0.3839    -2.0000  warmup             1.5s
  [probe] gen=90 score=-274.1 net=-0.395 fell=1.000
   90       699.5        66.8    0.3833    -2.0000  warmup             1.6s
   91       434.6        -8.5    0.3828    -2.0000  warmup             1.4s
   92       510.3        67.7    0.3823    -2.0000  warmup             1.6s
   93       430.1        38.0    0.3818    -2.0000  warmup             1.5s
   94       649.9        74.1    0.3815    -2.0000  warmup             1.5s
   95       548.1        92.2    0.3811    -2.0000  warmup             1.6s
   96       531.2        45.5    0.3808    -2.0000  warmup             1.6s
   97       519.5        66.0    0.3806    -2.0000  warmup             1.7s
   98       501.9        83.6    0.3805    -2.0000  warmup             1.7s
   99       399.6        86.6    0.3803    -2.0000  warmup             1.6s
  [probe] gen=100 score=-134.2 net=0.190 fell=1.000
  [plot] Saved fitness curve → experiments/thesis/curriculum_variable_gravity/seed_07/fitness_curve.png
  100       428.2        20.1    0.3801    -2.0000  warmup             1.5s
  101       761.1       100.7    0.3799    -2.0195  ramp 0%            1.6s
  102       363.9        74.5    0.3798    -2.0391  ramp 0%            1.6s
  103       367.5        49.3    0.3796    -2.0586  ramp 0%            1.6s
  104       672.3        57.3    0.3792    -2.0781  ramp 1%            1.7s
  105       802.1        96.9    0.3790    -2.0976  ramp 1%            1.7s
  106       396.4        37.1    0.3786    -2.1172  ramp 1%            1.6s
  107       591.8        49.3    0.3783    -2.1367  ramp 1%            1.6s
  108       675.6       113.3    0.3781    -2.1562  ramp 2%            1.7s
  109       679.4       144.9    0.3778    -2.1757  ramp 2%            1.7s
  [probe] gen=110 score=-259.8 net=-0.329 fell=1.000
  110       433.4        62.0    0.3775    -2.1953  ramp 2%            1.5s
  111       462.3       142.2    0.3773    -2.2148  ramp 2%            1.6s
  112       548.2       142.0    0.3771    -2.2343  ramp 3%            1.6s
  113       566.9       125.0    0.3768    -2.2538  ramp 3%            1.6s
  114       530.3        98.3    0.3765    -2.2734  ramp 3%            1.7s
  115       562.3       150.0    0.3762    -2.2929  ramp 3%            1.8s
  116       571.8       136.9    0.3759    -2.3124  ramp 4%            1.6s
  117       661.5       173.0    0.3759    -2.3319  ramp 4%            1.7s
  118       657.4       155.5    0.3757    -2.3514  ramp 4%            1.7s
  119       528.8       131.7    0.3754    -2.3710  ramp 4%            1.6s
  [probe] gen=120 score=48.1 net=1.079 fell=1.000
  120       496.4        65.7    0.3750    -2.3905  ramp 5%            1.6s
  121       509.5        93.5    0.3748    -2.4100  ramp 5%            1.5s
  122       489.4       157.2    0.3746    -2.4295  ramp 5%            1.6s
  123       604.8       111.2    0.3744    -2.4491  ramp 5%            1.6s
  124       541.8        57.9    0.3745    -2.4686  ramp 6%            1.6s
  [plot] Saved fitness curve → experiments/thesis/curriculum_variable_gravity/seed_07/fitness_curve.png
  125       596.4       123.6    0.3744    -2.4881  ramp 6%            1.6s
  126       743.6        47.6    0.3743    -2.5076  ramp 6%            1.5s
  127       475.4       113.1    0.3743    -2.5272  ramp 6%            1.5s
  128       792.3        89.3    0.3744    -2.5467  ramp 7%            1.5s
  129       507.7       137.6    0.3745    -2.5662  ramp 7%            1.5s
  [probe] gen=130 score=-81.0 net=0.437 fell=1.000
  130       575.8       218.4    0.3748    -2.5857  ramp 7%            1.7s
  131       777.4       137.2    0.3750    -2.6053  ramp 7%            1.6s
  132       473.7        90.4    0.3752    -2.6248  ramp 8%            1.5s
  133       524.7       104.2    0.3754    -2.6443  ramp 8%            1.6s
  134       568.7       117.8    0.3756    -2.6639  ramp 8%            1.5s
  135       506.0       113.6    0.3757    -2.6834  ramp 8%            1.6s
  136       524.3       155.3    0.3758    -2.7029  ramp 9%            1.7s
  137       631.7       193.0    0.3758    -2.7224  ramp 9%            1.7s
  138       671.2       167.6    0.3757    -2.7420  ramp 9%            1.6s
  139       543.8        44.0    0.3755    -2.7615  ramp 9%            1.4s
  [probe] gen=140 score=-69.3 net=0.479 fell=1.000
  140       655.6        65.5    0.3754    -2.7810  ramp 10%           1.4s
  141       580.0        95.2    0.3752    -2.8005  ramp 10%           1.6s
  142       612.1        88.9    0.3751    -2.8201  ramp 10%           1.5s
  143       592.3       178.2    0.3750    -2.8396  ramp 10%           1.5s
  144       668.3       110.5    0.3751    -2.8591  ramp 11%           1.5s
  145       691.9        49.9    0.3753    -2.8786  ramp 11%           1.4s
  146       605.5        50.7    0.3753    -2.8982  ramp 11%           1.4s
  147       768.0       113.8    0.3753    -2.9177  ramp 11%           1.6s
  148       654.4       132.0    0.3753    -2.9372  ramp 12%           1.5s
  149       865.3       152.3    0.3754    -2.9567  ramp 12%           1.5s
  [probe] gen=150 score=-285.2 net=-0.450 fell=1.000
  [plot] Saved fitness curve → experiments/thesis/curriculum_variable_gravity/seed_07/fitness_curve.png
  150       705.4       182.7    0.3752    -2.9763  ramp 12%           1.5s
  151       475.1       189.0    0.3752    -2.9958  ramp 12%           1.5s
  152       489.7       193.8    0.3751    -3.0153  ramp 13%           1.5s
  153       595.0       148.4    0.3752    -3.0348  ramp 13%           1.5s
  154       528.3       148.2    0.3753    -3.0544  ramp 13%           1.5s
  155       723.1       146.4    0.3753    -3.0739  ramp 13%           1.6s
  156       639.4       115.2    0.3753    -3.0934  ramp 14%           1.6s
  157       491.7       108.0    0.3755    -3.1129  ramp 14%           1.5s
  158       495.0       195.8    0.3756    -3.1324  ramp 14%           1.6s
  159       671.7       159.0    0.3756    -3.1520  ramp 14%           1.5s
  [probe] gen=160 score=-303.2 net=-0.509 fell=1.000
  160       710.2       234.2    0.3756    -3.1715  ramp 15%           1.6s
  161       608.6       223.3    0.3758    -3.1910  ramp 15%           1.5s
  162       574.0       181.2    0.3760    -3.2106  ramp 15%           1.5s
  163       831.5       153.0    0.3762    -3.2301  ramp 15%           1.4s
  164       710.3       264.4    0.3763    -3.2496  ramp 16%           1.5s
  165       725.9       185.3    0.3763    -3.2691  ramp 16%           1.5s
  166       555.3       242.8    0.3763    -3.2887  ramp 16%           1.6s
  167       494.5        96.0    0.3763    -3.3082  ramp 16%           1.4s
  168       716.1       177.6    0.3764    -3.3277  ramp 17%           1.5s
  169       544.7       161.7    0.3765    -3.3472  ramp 17%           1.5s
  [probe] gen=170 score=-59.4 net=0.493 fell=1.000
  170       621.0       193.6    0.3764    -3.3667  ramp 17%           1.5s
  171       733.3       155.4    0.3763    -3.3863  ramp 17%           1.4s
  172       844.5       195.5    0.3764    -3.4058  ramp 18%           1.5s
  173       525.5       212.6    0.3766    -3.4253  ramp 18%           1.5s
  174       592.3       221.6    0.3766    -3.4448  ramp 18%           1.4s
  [plot] Saved fitness curve → experiments/thesis/curriculum_variable_gravity/seed_07/fitness_curve.png
  175       613.7       209.6    0.3766    -3.4644  ramp 18%           1.4s
  176       603.0       192.2    0.3767    -3.4839  ramp 19%           1.4s
  177       641.9       251.6    0.3771    -3.5034  ramp 19%           1.5s
  178       772.0       236.0    0.3773    -3.5230  ramp 19%           1.5s
  179       831.2       291.7    0.3776    -3.5425  ramp 19%           1.7s
  [probe] gen=180 score=-156.1 net=0.156 fell=1.000
  180       673.0       282.6    0.3779    -3.5620  ramp 20%           1.5s
  181       623.5       264.2    0.3781    -3.5815  ramp 20%           1.5s
  182      1012.0       312.1    0.3784    -3.6010  ramp 20%           1.5s
  183       652.3       300.0    0.3787    -3.6206  ramp 20%           1.6s
  184       736.6       306.8    0.3788    -3.6401  ramp 21%           1.6s
  185       646.3       263.7    0.3790    -3.6596  ramp 21%           1.5s
  186       836.0       249.3    0.3792    -3.6791  ramp 21%           1.5s
  187       800.6       280.7    0.3793    -3.6987  ramp 21%           1.5s
  188       832.9       393.3    0.3796    -3.7182  ramp 22%           1.6s
  189       728.2       260.2    0.3798    -3.7377  ramp 22%           1.5s
  [probe] gen=190 score=-257.9 net=-0.358 fell=1.000
  190       954.2       296.2    0.3801    -3.7572  ramp 22%           1.6s
  191       689.3       275.5    0.3803    -3.7768  ramp 22%           1.5s
  192       815.8       307.1    0.3806    -3.7963  ramp 23%           1.5s
  193       930.0       295.3    0.3807    -3.8158  ramp 23%           1.5s
  194       877.3       354.6    0.3808    -3.8354  ramp 23%           1.6s
  195       700.0       313.7    0.3808    -3.8549  ramp 23%           1.5s
  196       797.4       285.9    0.3809    -3.8744  ramp 24%           1.7s
  197       721.8       231.7    0.3811    -3.8939  ramp 24%           1.5s
  198       800.5       224.3    0.3811    -3.9135  ramp 24%           1.7s
  199       714.2       237.7    0.3810    -3.9330  ramp 24%           1.3s
  [probe] gen=200 score=-183.2 net=-0.009 fell=1.000
  [plot] Saved fitness curve → experiments/thesis/curriculum_variable_gravity/seed_07/fitness_curve.png
  200       794.6       295.2    0.3809    -3.9525  ramp 25%           1.5s
  201       795.4       220.8    0.3809    -3.9720  ramp 25%           1.4s
  202       680.9       250.4    0.3809    -3.9916  ramp 25%           1.4s
  203       718.4       156.6    0.3809    -4.0111  ramp 25%           1.5s
  204       758.8       275.2    0.3810    -4.0306  ramp 26%           1.5s
  205       860.9       323.0    0.3809    -4.0501  ramp 26%           1.6s
  206       715.9       308.8    0.3809    -4.0697  ramp 26%           1.5s
  207       719.4       274.7    0.3809    -4.0892  ramp 26%           1.5s
  208       786.0       252.6    0.3811    -4.1087  ramp 27%           1.5s
  209       770.5       289.0    0.3812    -4.1282  ramp 27%           1.5s
  [probe] gen=210 score=-404.3 net=-0.897 fell=1.000
  210       843.2       256.6    0.3813    -4.1478  ramp 27%           1.4s
  211      1287.5       207.7    0.3814    -4.1673  ramp 27%           1.4s
  212       978.0       350.4    0.3814    -4.1868  ramp 28%           1.5s
  213      1017.9       281.2    0.3816    -4.2063  ramp 28%           1.5s
  214       791.0       336.6    0.3817    -4.2258  ramp 28%           1.6s
  215       933.8       370.3    0.3816    -4.2454  ramp 28%           1.7s
  216       843.2       273.6    0.3816    -4.2649  ramp 28%           1.6s
  217       715.6       240.9    0.3817    -4.2844  ramp 29%           1.5s
  218       489.2       132.7    0.3818    -4.3040  ramp 29%           1.2s
  219       769.8       273.6    0.3820    -4.3235  ramp 29%           1.5s
  [probe] gen=220 score=-140.4 net=0.091 fell=1.000
  220       690.4       241.8    0.3822    -4.3430  ramp 30%           1.5s
  221       680.5       349.2    0.3824    -4.3625  ramp 30%           1.5s
  222       734.9       335.4    0.3828    -4.3820  ramp 30%           1.6s
  223      1105.6       298.4    0.3832    -4.4016  ramp 30%           1.4s
  224       925.9       259.1    0.3835    -4.4211  ramp 31%           1.5s
  [plot] Saved fitness curve → experiments/thesis/curriculum_variable_gravity/seed_07/fitness_curve.png
  225       795.5        52.0    0.3838    -4.4406  ramp 31%           1.2s
  226       817.6       197.3    0.3842    -4.4602  ramp 31%           1.3s
  227      1102.9       356.5    0.3845    -4.4797  ramp 31%           1.5s
  228      1030.3       245.4    0.3851    -4.4992  ramp 32%           1.5s
  229      1065.1       243.5    0.3857    -4.5187  ramp 32%           1.4s
  [probe] gen=230 score=-37.4 net=0.557 fell=1.000
  230       839.6       358.5    0.3863    -4.5382  ramp 32%           1.4s
  231       791.0       202.8    0.3868    -4.5578  ramp 32%           1.3s
  232       780.3       354.9    0.3871    -4.5773  ramp 33%           1.6s
  233       685.7       248.7    0.3875    -4.5968  ramp 33%           1.6s
  234       889.0       266.9    0.3877    -4.6164  ramp 33%           1.5s
  235       673.9       294.6    0.3880    -4.6359  ramp 33%           1.4s
  236       986.6       271.2    0.3885    -4.6554  ramp 34%           1.5s
  237       824.9       311.1    0.3891    -4.6749  ramp 34%           1.6s
  238       882.6       323.1    0.3897    -4.6944  ramp 34%           1.6s
  239       980.8       380.5    0.3902    -4.7140  ramp 34%           1.7s
  [probe] gen=240 score=-194.7 net=-0.102 fell=1.000
  240       833.2       352.0    0.3908    -4.7335  ramp 35%           1.5s
  241       928.0       354.8    0.3915    -4.7530  ramp 35%           1.6s
  242       960.2       349.5    0.3921    -4.7725  ramp 35%           1.6s
  243       971.7       380.5    0.3925    -4.7921  ramp 35%           1.6s
  244       909.8       316.4    0.3928    -4.8116  ramp 36%           1.5s
  245       826.1       223.0    0.3931    -4.8311  ramp 36%           1.5s
  246       875.3       307.5    0.3936    -4.8506  ramp 36%           1.5s
  247       786.8       316.4    0.3940    -4.8702  ramp 36%           1.6s
  248       857.3       270.6    0.3944    -4.8897  ramp 37%           1.4s
  249       899.4       349.5    0.3946    -4.9092  ramp 37%           1.6s
  [probe] gen=250 score=-148.3 net=0.018 fell=1.000
  [plot] Saved fitness curve → experiments/thesis/curriculum_variable_gravity/seed_07/fitness_curve.png
  250       798.9       340.2    0.3949    -4.9287  ramp 37%           1.7s
  251       792.0       390.4    0.3950    -4.9483  ramp 37%           1.7s
  252      1159.0       354.7    0.3951    -4.9678  ramp 38%           1.5s
  253      1042.6       333.7    0.3950    -4.9873  ramp 38%           1.5s
  254      1095.9       314.1    0.3949    -5.0069  ramp 38%           1.5s
  255       744.4       319.6    0.3947    -5.0264  ramp 38%           1.4s
  256      1235.2       450.6    0.3947    -5.0459  ramp 39%           1.7s
  257       856.9       220.5    0.3946    -5.0654  ramp 39%           1.5s
  258       719.4       274.4    0.3945    -5.0850  ramp 39%           1.6s
  259      1038.6       203.5    0.3945    -5.1045  ramp 39%           1.5s
  [probe] gen=260 score=-317.6 net=-0.571 fell=1.000
  260      1205.6       166.4    0.3945    -5.1240  ramp 40%           1.4s
  261       867.5       209.7    0.3946    -5.1435  ramp 40%           1.4s
  262       624.1       192.3    0.3945    -5.1631  ramp 40%           1.4s
  263       929.7       232.8    0.3942    -5.1826  ramp 40%           1.3s
  264      1112.1       274.1    0.3941    -5.2021  ramp 41%           1.4s
  265      1134.6       182.4    0.3942    -5.2216  ramp 41%           1.5s
  266       924.0       188.4    0.3942    -5.2412  ramp 41%           1.3s
  267       824.9       222.3    0.3941    -5.2607  ramp 41%           1.5s
  268      1019.7       246.7    0.3941    -5.2802  ramp 42%           1.5s
  269      1021.9       271.5    0.3940    -5.2997  ramp 42%           1.5s
  [probe] gen=270 score=-194.7 net=0.036 fell=1.000
  270       888.6       222.1    0.3941    -5.3193  ramp 42%           1.4s
  271       976.0       292.5    0.3941    -5.3388  ramp 42%           1.5s
  272       818.0       272.1    0.3941    -5.3583  ramp 43%           1.4s
  273       811.1       298.0    0.3943    -5.3778  ramp 43%           1.5s
  274       971.7       332.3    0.3946    -5.3974  ramp 43%           1.6s
  [plot] Saved fitness curve → experiments/thesis/curriculum_variable_gravity/seed_07/fitness_curve.png
  275       755.9       323.6    0.3949    -5.4169  ramp 43%           1.5s
  276       837.5       355.4    0.3951    -5.4364  ramp 44%           1.5s
  277       989.7       298.7    0.3953    -5.4559  ramp 44%           1.5s
  278       884.3       455.8    0.3955    -5.4755  ramp 44%           1.7s
  279       683.3       374.0    0.3957    -5.4950  ramp 44%           1.6s
  [probe] gen=280 score=-251.7 net=-0.483 fell=1.000
  280      1048.5       350.1    0.3959    -5.5145  ramp 45%           1.6s
  281      1143.7       347.3    0.3961    -5.5340  ramp 45%           1.6s
  282       752.8       332.0    0.3962    -5.5536  ramp 45%           1.6s
  283       799.3       230.8    0.3963    -5.5731  ramp 45%           1.4s
  284       813.7       305.7    0.3962    -5.5926  ramp 46%           1.6s
  285       787.0       314.6    0.3960    -5.6121  ramp 46%           1.6s
  286       756.8       325.1    0.3958    -5.6317  ramp 46%           1.5s
  287      1402.2       314.5    0.3956    -5.6512  ramp 46%           1.5s
  288       679.4       308.9    0.3956    -5.6707  ramp 47%           1.6s
  289       823.1       342.4    0.3956    -5.6902  ramp 47%           1.6s
  [probe] gen=290 score=-26.5 net=0.719 fell=1.000
  290      1077.4       254.1    0.3955    -5.7097  ramp 47%           1.6s
  291       900.5       249.2    0.3954    -5.7293  ramp 47%           1.5s
  292       962.4       308.2    0.3954    -5.7488  ramp 48%           1.5s
  293       941.6       378.8    0.3953    -5.7683  ramp 48%           1.6s
  294      1030.3       324.9    0.3952    -5.7879  ramp 48%           1.6s
  295       793.6       261.4    0.3950    -5.8074  ramp 48%           1.5s
  296       732.3       295.7    0.3948    -5.8269  ramp 49%           1.5s
  297       810.9       305.3    0.3946    -5.8464  ramp 49%           1.6s
  298       715.5       334.6    0.3946    -5.8659  ramp 49%           1.6s
  299      1012.9       418.2    0.3945    -5.8855  ramp 49%           1.8s
  [probe] gen=300 score=264.7 net=2.037 fell=1.000
  [plot] Saved fitness curve → experiments/thesis/curriculum_variable_gravity/seed_07/fitness_curve.png
  300       762.5       336.5    0.3945    -5.9050  ramp 50%           1.6s
  301       931.0       388.0    0.3944    -5.9245  ramp 50%           1.6s
  302       695.3       353.4    0.3941    -5.9441  ramp 50%           1.6s
  303      1197.4       273.6    0.3938    -5.9636  ramp 50%           1.5s
  304      1243.9       405.8    0.3937    -5.9831  ramp 51%           1.6s
  305       979.3       262.0    0.3935    -6.0026  ramp 51%           1.5s
  306       768.1       275.4    0.3933    -6.0222  ramp 51%           1.6s
  307       926.5       304.8    0.3930    -6.0417  ramp 51%           1.6s
  308       885.0       340.1    0.3926    -6.0612  ramp 52%           1.6s
  309       791.8       308.7    0.3922    -6.0807  ramp 52%           1.7s
  [probe] gen=310 score=-42.4 net=0.785 fell=1.000
  310       843.7       255.4    0.3918    -6.1003  ramp 52%           1.5s
  311      1007.1       373.9    0.3916    -6.1198  ramp 52%           1.6s
  312       799.6       308.0    0.3914    -6.1393  ramp 53%           1.5s
  313      1082.9       344.8    0.3911    -6.1588  ramp 53%           1.6s
  314      1147.2       363.1    0.3909    -6.1784  ramp 53%           1.6s
  315       972.9       359.6    0.3905    -6.1979  ramp 53%           1.6s
  316      1005.9       314.4    0.3900    -6.2174  ramp 54%           1.7s
  317      1216.5       388.2    0.3895    -6.2369  ramp 54%           1.8s
  318       792.1       352.3    0.3887    -6.2565  ramp 54%           1.7s
  319      1462.1       354.0    0.3880    -6.2760  ramp 54%           1.6s
  [probe] gen=320 score=473.0 net=3.055 fell=1.000
  320       926.4       446.1    0.3873    -6.2955  ramp 55%           1.7s
  321      1244.2       401.5    0.3866    -6.3150  ramp 55%           1.7s
  322       987.1       425.7    0.3859    -6.3346  ramp 55%           1.6s
  323      1388.4       469.0    0.3852    -6.3541  ramp 55%           1.8s
  324       875.9       355.0    0.3843    -6.3736  ramp 56%           1.7s
  [plot] Saved fitness curve → experiments/thesis/curriculum_variable_gravity/seed_07/fitness_curve.png
  325       900.0       346.0    0.3836    -6.3931  ramp 56%           1.5s
  326      1061.2       396.7    0.3831    -6.4127  ramp 56%           1.6s
  327      1193.0       448.9    0.3826    -6.4322  ramp 56%           1.6s
  328      1143.1       376.0    0.3821    -6.4517  ramp 56%           1.7s
  329      1091.1       392.1    0.3818    -6.4712  ramp 57%           1.7s
  [probe] gen=330 score=-158.2 net=0.200 fell=1.000
  330       956.2       357.6    0.3812    -6.4908  ramp 57%           1.6s
  331      1056.7       383.2    0.3807    -6.5103  ramp 57%           1.6s
  332       861.1       334.4    0.3802    -6.5298  ramp 57%           1.5s
  333      1301.7       430.3    0.3796    -6.5493  ramp 58%           1.7s
  334      1054.7       377.6    0.3792    -6.5689  ramp 58%           1.6s
  335      1444.8       402.3    0.3788    -6.5884  ramp 58%           1.6s
  336      1209.2       376.6    0.3782    -6.6079  ramp 59%           1.5s
  337      1197.3       390.8    0.3778    -6.6274  ramp 59%           1.5s
  338      1474.1       420.9    0.3773    -6.6470  ramp 59%           1.6s
  339      1389.9       506.3    0.3769    -6.6665  ramp 59%           1.9s
  [probe] gen=340 score=207.4 net=1.990 fell=1.000
  340      1120.7       510.2    0.3764    -6.6860  ramp 60%           1.9s
  341      1839.1       393.2    0.3759    -6.7055  ramp 60%           1.5s
  342      1614.4       544.5    0.3755    -6.7251  ramp 60%           1.8s
  343      1738.3       498.0    0.3751    -6.7446  ramp 60%           1.6s
  344      1225.5       393.4    0.3748    -6.7641  ramp 61%           1.7s
  345      1165.3       434.3    0.3746    -6.7836  ramp 61%           1.6s
  346      1348.2       460.5    0.3744    -6.8032  ramp 61%           1.7s
  347      1251.6       548.5    0.3743    -6.8227  ramp 61%           1.7s
  348      1399.6       512.0    0.3743    -6.8422  ramp 62%           1.8s
  349      1547.3       395.3    0.3743    -6.8617  ramp 62%           1.6s
  [probe] gen=350 score=781.5 net=4.784 fell=1.000
  [plot] Saved fitness curve → experiments/thesis/curriculum_variable_gravity/seed_07/fitness_curve.png
  350      1297.4       448.0    0.3744    -6.8813  ramp 62%           1.6s
  351      1111.2       461.1    0.3746    -6.9008  ramp 62%           1.5s
  352      1663.6       556.8    0.3747    -6.9203  ramp 63%           1.8s
  353      1158.7       449.9    0.3750    -6.9398  ramp 63%           1.6s
  354      1331.2       476.1    0.3751    -6.9594  ramp 63%           1.6s
  355      1280.8       507.0    0.3752    -6.9789  ramp 63%           1.8s
  356      1440.7       406.9    0.3752    -6.9984  ramp 64%           1.7s
  357      1293.3       503.8    0.3752    -7.0179  ramp 64%           1.8s
  358      1208.8       462.5    0.3753    -7.0375  ramp 64%           1.8s
  359      1422.6       461.3    0.3754    -7.0570  ramp 64%           1.9s
  [probe] gen=360 score=891.0 net=5.271 fell=1.000
  360      1622.2       573.6    0.3754    -7.0765  ramp 65%           1.8s
  361      1471.6       353.9    0.3754    -7.0960  ramp 65%           1.7s
  362      1358.0       521.8    0.3754    -7.1156  ramp 65%           1.7s
  363       966.9       391.6    0.3754    -7.1351  ramp 65%           1.6s
  364      1124.4       407.7    0.3753    -7.1546  ramp 66%           1.9s
  365      1352.6       505.9    0.3751    -7.1741  ramp 66%           1.8s
  366      1729.1       610.2    0.3749    -7.1937  ramp 66%           2.0s
  367      1220.7       473.7    0.3745    -7.2132  ramp 66%           1.8s
  368      1495.2       508.1    0.3741    -7.2327  ramp 67%           2.0s
  369      1448.6       626.0    0.3739    -7.2522  ramp 67%           2.0s
  [probe] gen=370 score=461.8 net=3.038 fell=1.000
  370      1632.4       556.8    0.3738    -7.2718  ramp 67%           1.9s
  371      1572.7       454.7    0.3737    -7.2913  ramp 67%           1.6s
  372      1635.2       558.9    0.3736    -7.3108  ramp 68%           1.9s
  373      1450.2       432.2    0.3737    -7.3303  ramp 68%           1.6s
  374      1608.4       517.6    0.3739    -7.3499  ramp 68%           1.9s
  [plot] Saved fitness curve → experiments/thesis/curriculum_variable_gravity/seed_07/fitness_curve.png
  375      1581.5       560.1    0.3741    -7.3694  ramp 68%           2.0s
  376      1303.2       585.2    0.3743    -7.3889  ramp 69%           1.9s
  377      1332.2       434.6    0.3746    -7.4084  ramp 69%           1.7s
  378      1258.3       471.5    0.3748    -7.4280  ramp 69%           1.6s
  379      1538.9       532.9    0.3750    -7.4475  ramp 69%           1.8s
  [probe] gen=380 score=539.6 net=3.387 fell=1.000
  380      1214.7       546.9    0.3751    -7.4670  ramp 70%           1.8s
  381      1419.3       374.6    0.3752    -7.4865  ramp 70%           1.5s
  382      1157.9       389.9    0.3754    -7.5061  ramp 70%           1.7s
  383      1339.8       439.8    0.3757    -7.5256  ramp 70%           1.5s
  384      1400.6       498.8    0.3761    -7.5451  ramp 71%           2.0s
  385      1235.7       407.4    0.3765    -7.5646  ramp 71%           2.0s
  386      1467.9       396.6    0.3767    -7.5842  ramp 71%           1.8s
  387      1128.1       413.4    0.3767    -7.6037  ramp 71%           1.5s
  388       960.3       407.3    0.3769    -7.6232  ramp 72%           1.6s
  389      1481.8       363.7    0.3769    -7.6427  ramp 72%           1.6s
  [probe] gen=390 score=531.2 net=3.416 fell=1.000
  390      1168.4       365.2    0.3768    -7.6623  ramp 72%           1.6s
  391      1199.7       449.3    0.3768    -7.6818  ramp 72%           1.5s
  392      1225.3       433.4    0.3768    -7.7013  ramp 73%           1.6s
  393      1264.2       415.7    0.3766    -7.7208  ramp 73%           1.4s
  394      1806.7       517.0    0.3765    -7.7404  ramp 73%           1.6s
  395      1310.3       479.2    0.3764    -7.7599  ramp 73%           1.6s
  396      1766.5       618.7    0.3762    -7.7794  ramp 74%           1.9s
  397      1529.1       542.1    0.3761    -7.7989  ramp 74%           1.9s
  398      1129.7       401.6    0.3760    -7.8185  ramp 74%           1.6s
  399      1355.6       445.2    0.3759    -7.8380  ramp 74%           1.7s
  [probe] gen=400 score=882.7 net=4.816 fell=0.800
  [plot] Saved fitness curve → experiments/thesis/curriculum_variable_gravity/seed_07/fitness_curve.png
  400      1347.9       550.2    0.3758    -7.8575  ramp 75%           2.0s
  401      1430.2       354.7    0.3758    -7.8770  ramp 75%           1.8s
  402      1470.6       455.9    0.3759    -7.8966  ramp 75%           1.7s
  403      1851.3       382.3    0.3761    -7.9161  ramp 75%           1.6s
  404      1500.8       470.5    0.3763    -7.9356  ramp 76%           1.8s
  405      1505.9       475.7    0.3765    -7.9551  ramp 76%           1.7s
  406      1028.2       356.7    0.3766    -7.9747  ramp 76%           1.7s
  407      1710.7       376.2    0.3768    -7.9942  ramp 76%           1.7s
  408      1195.3       484.1    0.3768    -8.0137  ramp 77%           1.8s
  409      1556.8       442.3    0.3769    -8.0332  ramp 77%           1.6s
  [probe] gen=410 score=648.7 net=4.107 fell=1.000
  410      1451.3       506.9    0.3769    -8.0527  ramp 77%           1.8s
  411      1717.9       513.6    0.3768    -8.0723  ramp 77%           1.7s
  412      1431.2       505.4    0.3766    -8.0918  ramp 78%           1.6s
  413      1462.4       461.6    0.3765    -8.1113  ramp 78%           1.9s
  414      1329.2       419.6    0.3764    -8.1309  ramp 78%           1.9s
  415      1246.7       383.6    0.3763    -8.1504  ramp 78%           1.9s
  416      1700.7       561.0    0.3761    -8.1699  ramp 79%           1.9s
  417      1403.3       528.8    0.3759    -8.1894  ramp 79%           1.8s
  418      1513.8       544.4    0.3757    -8.2090  ramp 79%           2.0s
  419      1479.8       537.7    0.3755    -8.2285  ramp 79%           1.9s
  [probe] gen=420 score=1492.1 net=8.113 fell=0.700
  420      1542.8       433.1    0.3754    -8.2480  ramp 80%           1.9s
  421      1624.9       591.2    0.3754    -8.2675  ramp 80%           2.0s
  422      1533.3       521.9    0.3754    -8.2871  ramp 80%           1.9s
  423      1443.3       510.5    0.3753    -8.3066  ramp 80%           1.9s
  424      1675.1       533.8    0.3750    -8.3261  ramp 81%           1.9s
  [plot] Saved fitness curve → experiments/thesis/curriculum_variable_gravity/seed_07/fitness_curve.png
  425      1384.5       432.7    0.3748    -8.3456  ramp 81%           2.1s
  426      1568.6       574.5    0.3747    -8.3651  ramp 81%           2.1s
  427      1617.5       574.2    0.3745    -8.3847  ramp 81%           1.8s
  428      1320.5       522.5    0.3743    -8.4042  ramp 82%           1.8s
  429      1544.0       620.9    0.3740    -8.4237  ramp 82%           1.9s
  [probe] gen=430 score=888.0 net=5.041 fell=0.800
  430      1516.2       553.2    0.3737    -8.4432  ramp 82%           1.8s
  431      1388.2       622.6    0.3733    -8.4628  ramp 82%           1.9s
  432      1445.2       540.9    0.3729    -8.4823  ramp 83%           1.9s
  433      1719.6       470.1    0.3725    -8.5018  ramp 83%           1.7s
  434      1856.9       607.2    0.3723    -8.5213  ramp 83%           1.8s
  435      1424.6       558.7    0.3720    -8.5409  ramp 83%           2.0s
  436      1689.4       644.4    0.3716    -8.5604  ramp 84%           2.2s
  437      1664.0       676.4    0.3711    -8.5799  ramp 84%           2.2s
  438      1727.6       597.3    0.3706    -8.5995  ramp 84%           1.9s
  439      1575.4       542.4    0.3702    -8.6190  ramp 84%           1.9s
  [probe] gen=440 score=1278.3 net=7.023 fell=0.900
  440      1769.0       711.2    0.3698    -8.6385  ramp 85%           2.2s
  441      1726.0       454.5    0.3694    -8.6580  ramp 85%           1.9s
  442      1610.3       520.6    0.3691    -8.6776  ramp 85%           2.0s
  443      1547.1       512.9    0.3689    -8.6971  ramp 85%           1.9s
  444      1783.4       518.7    0.3686    -8.7166  ramp 86%           1.9s
  445      1566.0       522.4    0.3683    -8.7361  ramp 86%           1.7s
  446      1759.5       508.8    0.3680    -8.7556  ramp 86%           1.9s
  447      1499.7       497.0    0.3675    -8.7752  ramp 86%           2.0s
  448      1908.0       643.4    0.3671    -8.7947  ramp 87%           2.0s
  449      1659.5       586.6    0.3667    -8.8142  ramp 87%           1.8s
  [probe] gen=450 score=1563.5 net=7.509 fell=0.400
  [plot] Saved fitness curve → experiments/thesis/curriculum_variable_gravity/seed_07/fitness_curve.png
  450      1564.1       549.8    0.3662    -8.8338  ramp 87%           1.8s
  451      1701.3       640.1    0.3655    -8.8533  ramp 87%           2.0s
  452      1500.3       566.5    0.3649    -8.8728  ramp 88%           1.9s
  453      1624.3       485.9    0.3641    -8.8923  ramp 88%           1.6s
  454      1720.8       554.7    0.3634    -8.9119  ramp 88%           2.1s
  455      1441.2       521.9    0.3626    -8.9314  ramp 88%           2.0s
  456      1245.5       472.1    0.3619    -8.9509  ramp 89%           2.0s
  457      1730.2       780.4    0.3611    -8.9704  ramp 89%           2.2s
  458      1842.3       537.9    0.3604    -8.9900  ramp 89%           1.9s
  459      1845.5       737.9    0.3596    -9.0095  ramp 89%           2.2s
  [probe] gen=460 score=1549.6 net=7.648 fell=0.300
  460      1671.8       482.0    0.3590    -9.0290  ramp 90%           1.7s
  461      1792.7       814.7    0.3584    -9.0485  ramp 90%           2.0s
  462      2039.0       614.8    0.3579    -9.0680  ramp 90%           1.8s
  463      1602.3       514.4    0.3575    -9.0876  ramp 90%           1.8s
  464      1604.0       478.5    0.3573    -9.1071  ramp 91%           1.9s
  465      1687.6       532.0    0.3570    -9.1266  ramp 91%           1.9s
  466      1615.9       711.4    0.3567    -9.1462  ramp 91%           2.2s
  467      1717.8       857.5    0.3564    -9.1657  ramp 91%           2.4s
  468      1909.0       662.8    0.3561    -9.1852  ramp 92%           2.1s
  469      1878.0       672.9    0.3559    -9.2047  ramp 92%           2.1s
  [probe] gen=470 score=1493.5 net=7.107 fell=0.100
  470      1529.7       592.5    0.3555    -9.2243  ramp 92%           2.0s
  471      1924.4       605.1    0.3552    -9.2438  ramp 92%           2.0s
  472      1684.0       654.7    0.3550    -9.2633  ramp 93%           2.2s
  473      1762.3       757.6    0.3546    -9.2828  ramp 93%           2.1s
  474      1827.2       727.6    0.3543    -9.3024  ramp 93%           2.3s
  [plot] Saved fitness curve → experiments/thesis/curriculum_variable_gravity/seed_07/fitness_curve.png
  475      1475.9       600.0    0.3542    -9.3219  ramp 93%           1.7s
  476      1730.6       637.6    0.3540    -9.3414  ramp 94%           2.2s
  477      1662.0       771.4    0.3538    -9.3609  ramp 94%           2.2s
  478      1657.8       693.9    0.3533    -9.3804  ramp 94%           2.3s
  479      1662.0       633.7    0.3527    -9.4000  ramp 94%           2.0s
  [probe] gen=480 score=1497.1 net=8.249 fell=0.900
  480      1800.8       699.9    0.3522    -9.4195  ramp 95%           2.1s
  481      1575.7       709.6    0.3517    -9.4390  ramp 95%           1.8s
  482      1577.2       722.1    0.3511    -9.4585  ramp 95%           2.1s
  483      1610.8       700.8    0.3506    -9.4781  ramp 95%           2.2s
  484      1563.1       645.2    0.3501    -9.4976  ramp 96%           2.1s
  485      1609.7       640.4    0.3497    -9.5171  ramp 96%           2.4s
  486      1951.2       702.3    0.3493    -9.5366  ramp 96%           2.3s
  487      1620.4       717.0    0.3489    -9.5562  ramp 96%           2.1s
  488      1437.8       731.5    0.3486    -9.5757  ramp 97%           2.2s
  489      1502.1       590.0    0.3483    -9.5952  ramp 97%           2.0s
  [probe] gen=490 score=1678.7 net=8.343 fell=0.200
  490      1718.2       902.9    0.3481    -9.6148  ramp 97%           2.5s
  491      1927.0       686.8    0.3480    -9.6343  ramp 97%           1.9s
  492      1782.5       725.8    0.3479    -9.6538  ramp 98%           2.0s
  493      1616.9       632.0    0.3479    -9.6733  ramp 98%           2.0s
  494      1818.4       785.6    0.3478    -9.6928  ramp 98%           2.3s
  495      1746.6       713.1    0.3478    -9.7124  ramp 98%           2.3s
  496      1747.3       807.9    0.3479    -9.7319  ramp 99%           2.3s
  497      1695.5       777.3    0.3480    -9.7514  ramp 99%           2.3s
  498      1839.4       765.0    0.3481    -9.7709  ramp 99%           2.0s
  499      1665.6       750.1    0.3482    -9.7905  ramp 99%           2.1s
  [plot] Saved fitness curve → experiments/thesis/curriculum_variable_gravity/seed_07/fitness_curve.png

Training complete. Best fitness: 2039.0
Best params → experiments/thesis/curriculum_variable_gravity/seed_07/checkpoints/best_params.npy
Fitness curve → experiments/thesis/curriculum_variable_gravity/seed_07/fitness_curve.png
Final Earth scorecard | score=1012.4 net=5.828 fell=0.950
Gravity sweep | gravities=5 mean_net=5.566 worst_net=2.339
  [exp] Wrote experiments/thesis/curriculum_variable_gravity/seed_07/experiment.json
  [exp] Wrote experiments/thesis/curriculum_variable_gravity/seed_07/training_log.csv
  [exp] Wrote experiments/thesis/curriculum_variable_gravity/seed_07/earth_probe.csv
  [exp] Wrote experiments/thesis/curriculum_variable_gravity/seed_07/gravity_sweep.csv
  [exp] Wrote experiments/thesis/curriculum_variable_gravity/seed_07/summary.json
