Walker2d-v5 | policy=CPG  params=504
Curriculum   : ArchiveBased  [-1.6→-3.0→-5.0→-7.0→-9.81]  plateau=30gen  archive_size=5
Run context | seed=4 arm=archive_based run_id=archive_based_seed_04

Schedule | penalty_min=0.20 penalty_ramp_gen=200 corr_min=0.00 corr_max=0.50 corr_ramp_gen=200

Starting CMA-ES | pop=40 | sigma0=0.5 | max_gen=500 | workers=8 | seed=4
Checkpoints → experiments/thesis/archive_based/seed_04/checkpoints/

  Gen        Best        Mean     Sigma    Pen   Corr    Gravity  Phase              Time
------------------------------------------------------------------------------------
  [probe] gen=0 score=-385.1 net=-0.195 fell=1.000 [new best earth]
  [plot] Saved fitness curve → experiments/thesis/archive_based/seed_04/fitness_curve.png
    0       -60.2       -76.5    0.4904   0.20   0.00    -1.6000  lv0(a=0)           1.8s
    1       -46.5       -73.0    0.4820   0.20   0.00    -1.6000  lv0(a=1)           0.2s
    2       -54.5       -73.5    0.4746   0.21   0.01    -1.6000  lv0(a=2)           0.2s
    3       -49.3       -72.1    0.4681   0.21   0.01    -1.6000  lv0(a=3)           0.2s
    4       -52.6       -72.5    0.4624   0.22   0.01    -1.6000  lv0(a=4)           0.2s
    5       -50.9       -70.4    0.4569   0.22   0.01    -1.6000  lv0(a=5)           0.2s
    6       -53.9       -72.3    0.4520   0.22   0.01    -1.6000  lv0(a=5)           0.3s
    7       -50.8       -71.4    0.4474   0.23   0.02    -1.6000  lv0(a=5)           0.2s
    8       -48.6       -72.0    0.4432   0.23   0.02    -1.6000  lv0(a=5)           0.2s
    9       -46.9       -69.7    0.4394   0.24   0.02    -1.6000  lv0(a=5)           0.3s
  [probe] gen=10 score=-373.3 net=-0.082 fell=1.000 [new best earth]
   10       -47.2       -70.2    0.4357   0.24   0.03    -1.6000  lv0(a=5)           0.3s
   11       -50.9       -68.7    0.4324   0.24   0.03    -1.6000  lv0(a=5)           0.3s
   12       -48.9       -74.2    0.4295   0.25   0.03    -1.6000  lv0(a=5)           0.3s
   13       -30.3       -74.3    0.4268   0.25   0.03    -1.6000  lv0(a=5)           0.3s
   14       -34.8       -67.5    0.4242   0.26   0.04    -1.6000  lv0(a=5)           0.3s
   15       -43.3       -73.2    0.4218   0.26   0.04    -1.6000  lv0(a=5)           0.4s
   16        -6.1       -66.8    0.4196   0.26   0.04    -1.6000  lv0(a=5)           0.5s
   17         8.6       -68.0    0.4175   0.27   0.04    -1.6000  lv0(a=5)           0.4s
   18         5.5       -69.8    0.4155   0.27   0.04    -1.6000  lv0(a=5)           0.6s
   19       312.9       -51.5    0.4136   0.28   0.05    -1.6000  lv0(a=5)           0.6s
  [probe] gen=20 score=-355.1 net=-0.255 fell=1.000 [new best earth]
   20        43.5       -63.2    0.4120   0.28   0.05    -1.6000  lv0(a=5)           0.5s
   21       151.7       -57.4    0.4105   0.28   0.05    -1.6000  lv0(a=5)           0.7s
   22       145.6       -38.5    0.4092   0.29   0.06    -1.6000  lv0(a=5)           0.9s
   23       284.5         4.1    0.4080   0.29   0.06    -1.6000  lv0(a=5)           1.2s
   24       294.8       -13.9    0.4070   0.30   0.06    -1.6000  lv0(a=5)           1.1s
  [plot] Saved fitness curve → experiments/thesis/archive_based/seed_04/fitness_curve.png
   25       225.3       -22.2    0.4059   0.30   0.06    -1.6000  lv0(a=5)           1.2s
   26       292.0        44.2    0.4049   0.30   0.07    -1.6000  lv0(a=5)           1.3s
   27       322.4        43.8    0.4041   0.31   0.07    -1.6000  lv0(a=5)           1.4s
   28       300.4        59.5    0.4034   0.31   0.07    -1.6000  lv0(a=5)           1.3s
   29       327.9        81.3    0.4030   0.32   0.07    -1.6000  lv0(a=5)           1.3s
  [probe] gen=30 score=-262.8 net=-0.038 fell=1.000 [new best earth]
   30       372.6        83.7    0.4029   0.32   0.07    -1.6000  lv0(a=5)           1.4s
   31       361.9       103.4    0.4027   0.32   0.08    -1.6000  lv0(a=5)           1.4s
   32       470.8       173.7    0.4024   0.33   0.08    -1.6000  lv0(a=5)           1.6s
   33       356.4       118.2    0.4022   0.33   0.08    -1.6000  lv0(a=5)           1.5s
   34       445.2       148.7    0.4020   0.34   0.09    -1.6000  lv0(a=5)           1.8s
   35       317.3        86.1    0.4018   0.34   0.09    -1.6000  lv0(a=5)           1.7s
   36       377.1       147.6    0.4016   0.34   0.09    -1.6000  lv0(a=5)           1.8s
   37       385.1       102.4    0.4015   0.35   0.09    -1.6000  lv0(a=5)           1.7s
   38       435.2       149.1    0.4013   0.35   0.10    -1.6000  lv0(a=5)           2.0s
   39       401.6       102.1    0.4011   0.36   0.10    -1.6000  lv0(a=5)           2.0s
  [probe] gen=40 score=14.0 net=0.994 fell=1.000 [new best earth]
   40       433.7       118.8    0.4011   0.36   0.10    -1.6000  lv0(a=5)           1.8s
   41       331.2       135.6    0.4011   0.36   0.10    -1.6000  lv0(a=5)           1.8s
   42       370.7       155.9    0.4013   0.37   0.10    -1.6000  lv0(a=5)           1.8s
   43       384.6       114.5    0.4016   0.37   0.11    -1.6000  lv0(a=5)           1.7s
   44       413.7       181.3    0.4020   0.38   0.11    -1.6000  lv0(a=5)           1.8s
   45       390.1       172.3    0.4023   0.38   0.11    -1.6000  lv0(a=5)           1.9s
   46       432.7       142.1    0.4026   0.38   0.12    -1.6000  lv0(a=5)           2.2s
   47       298.3       115.4    0.4031   0.39   0.12    -1.6000  lv0(a=5)           2.0s
   48       320.4        96.2    0.4037   0.39   0.12    -1.6000  lv0(a=5)           1.9s
   49       380.3        78.4    0.4044   0.40   0.12    -1.6000  lv0(a=5)           1.9s
  [probe] gen=50 score=69.3 net=1.154 fell=1.000 [new best earth]
  [plot] Saved fitness curve → experiments/thesis/archive_based/seed_04/fitness_curve.png
   50       409.3       149.4    0.4052   0.40   0.12    -1.6000  lv0(a=5)           2.2s
   51       393.1       158.4    0.4059   0.40   0.13    -1.6000  lv0(a=5)           2.0s
   52       366.7       207.1    0.4065   0.41   0.13    -1.6000  lv0(a=5)           2.3s
   53       389.2       167.7    0.4070   0.41   0.13    -1.6000  lv0(a=5)           2.0s
   54       463.3       184.9    0.4076   0.42   0.14    -1.6000  lv0(a=5)           2.2s
   55       557.1       219.1    0.4081   0.42   0.14    -1.6000  lv0(a=5)           2.2s
   56       440.1       195.1    0.4087   0.42   0.14    -1.6000  lv0(a=5)           2.3s
   57       502.6       249.1    0.4093   0.43   0.14    -1.6000  lv0(a=5)           2.1s
   58       575.5       207.4    0.4098   0.43   0.14    -1.6000  lv0(a=5)           2.0s
   59       495.7       228.2    0.4102   0.44   0.15    -1.6000  lv0(a=5)           2.4s
  [probe] gen=60 score=-91.6 net=0.168 fell=0.900
   60       602.5       199.5    0.4108   0.44   0.15    -1.6000  lv0(a=5)           2.2s
   61       804.5       207.5    0.4113   0.44   0.15    -1.6000  lv0(a=5)           2.1s
   62       643.1       288.3    0.4118   0.45   0.15    -1.6000  lv0(a=5)           2.2s
   63       689.1       275.3    0.4123   0.45   0.16    -1.6000  lv0(a=5)           2.3s
   64       536.9       240.8    0.4125   0.46   0.16    -1.6000  lv0(a=5)           2.1s
   65       699.2       296.0    0.4127   0.46   0.16    -1.6000  lv0(a=5)           2.3s
   66       686.4       240.1    0.4129   0.46   0.17    -1.6000  lv0(a=5)           1.9s
   67       606.0       227.2    0.4132   0.47   0.17    -1.6000  lv0(a=5)           2.0s
   68       751.6       305.5    0.4133   0.47   0.17    -1.6000  lv0(a=5)           2.1s
   69       692.3       256.8    0.4134   0.48   0.17    -1.6000  lv0(a=5)           2.1s
  [probe] gen=70 score=78.3 net=1.114 fell=1.000 [new best earth]
   70       650.8       226.6    0.4135   0.48   0.17    -1.6000  lv0(a=5)           2.1s
   71      1251.3       215.2    0.4138   0.48   0.18    -1.6000  lv0(a=5)           2.2s
   72       713.9       332.9    0.4142   0.49   0.18    -1.6000  lv0(a=5)           2.2s
   73       837.2       243.4    0.4144   0.49   0.18    -1.6000  lv0(a=5)           2.1s
   74       823.6       249.9    0.4146   0.50   0.18    -1.6000  lv0(a=5)           2.3s
  [plot] Saved fitness curve → experiments/thesis/archive_based/seed_04/fitness_curve.png
   75       796.0       269.7    0.4149   0.50   0.19    -1.6000  lv0(a=5)           2.1s
   76       784.0       341.4    0.4152   0.50   0.19    -1.6000  lv0(a=5)           2.2s
   77       812.6       362.2    0.4157   0.51   0.19    -1.6000  lv0(a=5)           2.4s
   78       892.6       338.7    0.4162   0.51   0.20    -1.6000  lv0(a=5)           2.4s
   79       955.6       387.1    0.4165   0.52   0.20    -1.6000  lv0(a=5)           2.4s
  [probe] gen=80 score=-245.8 net=-0.239 fell=1.000
   80       872.3       291.4    0.4169   0.52   0.20    -1.6000  lv0(a=5)           2.1s
   81       871.2       331.7    0.4177   0.52   0.20    -1.6000  lv0(a=5)           2.3s
   82       826.6       392.8    0.4183   0.53   0.20    -1.6000  lv0(a=5)           2.5s
   83       810.3       252.3    0.4188   0.53   0.21    -1.6000  lv0(a=5)           2.1s
   84      1219.7       320.5    0.4192   0.54   0.21    -1.6000  lv0(a=5)           2.2s
   85       751.0       286.7    0.4196   0.54   0.21    -1.6000  lv0(a=5)           2.3s
   86       881.9       346.9    0.4199   0.54   0.21    -1.6000  lv0(a=5)           2.4s
   87      1072.4       284.0    0.4202   0.55   0.22    -1.6000  lv0(a=5)           2.2s
   88       993.2       266.4    0.4206   0.55   0.22    -1.6000  lv0(a=5)           2.1s
   89       815.6       330.9    0.4210   0.56   0.22    -1.6000  lv0(a=5)           2.2s
  [probe] gen=90 score=74.6 net=1.222 fell=1.000
   90       880.3       323.5    0.4213   0.56   0.23    -1.6000  lv0(a=5)           2.3s
   91      1159.2       386.1    0.4215   0.56   0.23    -1.6000  lv0(a=5)           2.2s
   92      1158.4       314.2    0.4217   0.57   0.23    -1.6000  lv0(a=5)           1.9s
   93      1100.6       343.7    0.4219   0.57   0.23    -1.6000  lv0(a=5)           2.2s
   94      1017.4       369.8    0.4222   0.58   0.23    -1.6000  lv0(a=5)           2.2s
   95       986.0       390.9    0.4224   0.58   0.24    -1.6000  lv0(a=5)           2.3s
   96      1195.6       395.5    0.4228   0.58   0.24    -1.6000  lv0(a=5)           2.2s
   97      1407.8       410.6    0.4231   0.59   0.24    -1.6000  lv0(a=5)           2.4s
   98      1256.4       436.9    0.4235   0.59   0.24    -1.6000  lv0(a=5)           2.3s
   99      1171.6       367.2    0.4240   0.60   0.25    -1.6000  lv0(a=5)           2.2s
  [probe] gen=100 score=88.6 net=1.195 fell=1.000 [new best earth]
  [plot] Saved fitness curve → experiments/thesis/archive_based/seed_04/fitness_curve.png
  100      1134.4       457.1    0.4245   0.60   0.25    -1.6000  lv0(a=5)           2.4s
  101      1141.0       449.1    0.4250   0.60   0.25    -1.6000  lv0(a=5)           2.2s
  102      1219.6       442.5    0.4258   0.61   0.26    -1.6000  lv0(a=5)           2.3s
  103       973.0       337.8    0.4265   0.61   0.26    -1.6000  lv0(a=5)           2.3s
  104      1215.9       425.4    0.4273   0.62   0.26    -1.6000  lv0(a=5)           2.3s
  105      1076.7       397.1    0.4280   0.62   0.26    -1.6000  lv0(a=5)           2.3s
  106      1127.5       352.8    0.4287   0.62   0.27    -1.6000  lv0(a=5)           2.3s
  107      1002.2       363.7    0.4293   0.63   0.27    -1.6000  lv0(a=5)           2.2s
  108      1186.2       335.3    0.4300   0.63   0.27    -1.6000  lv0(a=5)           2.3s
  109      1362.2       535.7    0.4304   0.64   0.27    -1.6000  lv0(a=5)           2.6s
  [probe] gen=110 score=117.3 net=1.333 fell=1.000 [new best earth]
  110      1181.7       326.4    0.4309   0.64   0.28    -1.6000  lv0(a=5)           2.2s
  111      1223.0       314.0    0.4315   0.64   0.28    -1.6000  lv0(a=5)           2.1s
  112      1190.0       344.7    0.4321   0.65   0.28    -1.6000  lv0(a=5)           2.4s
  113      1101.1       350.8    0.4329   0.65   0.28    -1.6000  lv0(a=5)           2.4s
  114      1104.3       403.5    0.4337   0.66   0.28    -1.6000  lv0(a=5)           2.3s
  115      1296.6       338.2    0.4343   0.66   0.29    -1.6000  lv0(a=5)           2.3s
  116      1327.2       427.8    0.4349   0.66   0.29    -1.6000  lv0(a=5)           2.3s
  117      1548.6       539.1    0.4355   0.67   0.29    -1.6000  lv0(a=5)           2.4s
  118      1168.3       372.1    0.4361   0.67   0.29    -1.6000  lv0(a=5)           2.3s
  119      1246.3       377.3    0.4369   0.68   0.30    -1.6000  lv0(a=5)           2.3s
  [probe] gen=120 score=94.8 net=1.278 fell=1.000
  120      1082.6       458.6    0.4377   0.68   0.30    -1.6000  lv0(a=5)           2.1s
  121      1255.5       451.7    0.4386   0.68   0.30    -1.6000  lv0(a=5)           2.3s
  122      1348.9       561.1    0.4396   0.69   0.30    -1.6000  lv0(a=5)           2.7s
  123      1275.9       415.3    0.4405   0.69   0.31    -1.6000  lv0(a=5)           2.3s
  124      1484.8       576.8    0.4411   0.70   0.31    -1.6000  lv0(a=5)           2.5s
  [plot] Saved fitness curve → experiments/thesis/archive_based/seed_04/fitness_curve.png
  125      1512.6       370.6    0.4415   0.70   0.31    -1.6000  lv0(a=5)           2.1s
  126      1080.0       407.4    0.4419   0.70   0.32    -1.6000  lv0(a=5)           2.6s
  127      1608.5       466.8    0.4423   0.71   0.32    -1.6000  lv0(a=5)           2.4s
  128      1702.1       495.3    0.4427   0.71   0.32    -1.6000  lv0(a=5)           2.4s
  129      1199.4       585.6    0.4430   0.72   0.32    -1.6000  lv0(a=5)           2.6s
  [probe] gen=130 score=187.9 net=1.628 fell=1.000 [new best earth]
  130      1383.3       580.0    0.4433   0.72   0.33    -1.6000  lv0(a=5)           2.6s
  131      1458.9       401.6    0.4436   0.72   0.33    -1.6000  lv0(a=5)           2.2s
  132      1064.0       320.7    0.4439   0.73   0.33    -1.6000  lv0(a=5)           2.1s
  133      1061.6       349.3    0.4444   0.73   0.33    -1.6000  lv0(a=5)           2.1s
  134      1106.8       403.6    0.4448   0.74   0.34    -1.6000  lv0(a=5)           2.1s
  135      1110.2       446.7    0.4452   0.74   0.34    -1.6000  lv0(a=5)           2.3s
  136      1234.2       392.0    0.4456   0.74   0.34    -1.6000  lv0(a=5)           2.2s
  137      1198.2       457.3    0.4461   0.75   0.34    -1.6000  lv0(a=5)           2.3s
  138      1375.0       558.4    0.4465   0.75   0.34    -1.6000  lv0(a=5)           2.3s
  139      1427.2       577.1    0.4468   0.76   0.35    -1.6000  lv0(a=5)           2.5s
  [probe] gen=140 score=189.3 net=1.595 fell=1.000 [new best earth]
  140      1362.9       532.9    0.4469   0.76   0.35    -1.6000  lv0(a=5)           2.4s
  141      1311.2       528.6    0.4468   0.76   0.35    -1.6000  lv0(a=5)           2.5s
  142      1439.9       480.3    0.4468   0.77   0.35    -1.6000  lv0(a=5)           2.2s
  143      1246.4       555.4    0.4466   0.77   0.36    -1.6000  lv0(a=5)           2.3s
  144      1355.8       561.7    0.4464   0.78   0.36    -1.6000  lv0(a=5)           2.3s
  145      1428.3       509.4    0.4463   0.78   0.36    -1.6000  lv0(a=5)           2.4s
  146      1311.0       560.7    0.4462   0.78   0.36    -1.6000  lv0(a=5)           2.6s
  147      1480.2       610.0    0.4460   0.79   0.37    -1.6000  lv0(a=5)           2.6s
  148      1158.1       529.9    0.4460   0.79   0.37    -1.6000  lv0(a=5)           2.3s
  149      1467.2       493.1    0.4460   0.80   0.37    -1.6000  lv0(a=5)           2.3s
  [probe] gen=150 score=145.9 net=1.445 fell=1.000
  [plot] Saved fitness curve → experiments/thesis/archive_based/seed_04/fitness_curve.png
  150      1149.4       618.0    0.4460   0.80   0.38    -1.6000  lv0(a=5)           2.6s
  151      1252.5       548.3    0.4460   0.80   0.38    -1.6000  lv0(a=5)           2.2s
  152      1174.1       515.4    0.4462   0.81   0.38    -1.6000  lv0(a=5)           2.3s
  153      1465.2       610.1    0.4465   0.81   0.38    -1.6000  lv0(a=5)           2.6s
  154      1103.3       482.2    0.4467   0.82   0.39    -1.6000  lv0(a=5)           2.2s
  155      1184.4       499.6    0.4468   0.82   0.39    -1.6000  lv0(a=5)           2.5s
  156      1565.7       686.3    0.4469   0.82   0.39    -1.6000  lv0(a=5)           2.6s
  157      1229.2       523.7    0.4470   0.83   0.39    -1.6000  lv0(a=5)           2.4s
  [stage] gen=158  gravity -1.60 → -3.00  ES restarted  remaining=341
  158      1232.3       450.7    0.5000   0.83   0.40    -1.6000  lv0(a=5)           2.2s
  159      1058.1       258.3    0.4904   0.84   0.40    -3.0000  lv1(a=0)           1.7s
  [probe] gen=160 score=215.8 net=1.711 fell=1.000 [new best earth]
  160       984.5       285.8    0.4821   0.84   0.40    -3.0000  lv1(a=1)           1.7s
  161      1244.1       275.7    0.4746   0.84   0.40    -3.0000  lv1(a=2)           1.7s
  162      1156.7       168.4    0.4678   0.85   0.41    -3.0000  lv1(a=3)           1.6s
  163       729.0       246.6    0.4615   0.85   0.41    -3.0000  lv1(a=4)           1.5s
  164      1501.0       331.5    0.4558   0.86   0.41    -3.0000  lv1(a=5)           1.9s
  165      1266.1       363.2    0.4507   0.86   0.41    -3.0000  lv1(a=5)           1.7s
  166      1415.1       495.1    0.4461   0.86   0.41    -3.0000  lv1(a=5)           2.1s
  167      1187.4       402.3    0.4419   0.87   0.42    -3.0000  lv1(a=5)           1.8s
  168      1586.5       486.2    0.4380   0.87   0.42    -3.0000  lv1(a=5)           2.0s
  169      1309.3       453.0    0.4343   0.88   0.42    -3.0000  lv1(a=5)           2.0s
  [probe] gen=170 score=196.6 net=1.643 fell=1.000
  170      1246.2       375.7    0.4306   0.88   0.42    -3.0000  lv1(a=5)           1.9s
  171      1346.0       461.9    0.4273   0.88   0.43    -3.0000  lv1(a=5)           2.0s
  172      1593.2       516.8    0.4243   0.89   0.43    -3.0000  lv1(a=5)           2.2s
  173      1372.9       561.2    0.4213   0.89   0.43    -3.0000  lv1(a=5)           2.0s
  174      1713.4       433.9    0.4187   0.90   0.43    -3.0000  lv1(a=5)           2.1s
  [plot] Saved fitness curve → experiments/thesis/archive_based/seed_04/fitness_curve.png
  175      1394.2       467.2    0.4164   0.90   0.44    -3.0000  lv1(a=5)           2.0s
  176      1454.5       479.6    0.4141   0.90   0.44    -3.0000  lv1(a=5)           2.1s
  177      1467.6       479.4    0.4120   0.91   0.44    -3.0000  lv1(a=5)           2.0s
  178      1317.6       534.0    0.4102   0.91   0.45    -3.0000  lv1(a=5)           2.0s
  179      1578.2       607.7    0.4086   0.92   0.45    -3.0000  lv1(a=5)           2.1s
  [probe] gen=180 score=147.3 net=1.327 fell=1.000
  180      1261.9       439.9    0.4072   0.92   0.45    -3.0000  lv1(a=5)           2.1s
  181      1365.8       548.0    0.4058   0.92   0.45    -3.0000  lv1(a=5)           2.0s
  182      1416.4       582.9    0.4046   0.93   0.46    -3.0000  lv1(a=5)           2.2s
  183      1527.8       552.1    0.4033   0.93   0.46    -3.0000  lv1(a=5)           2.1s
  184      1440.6       561.7    0.4020   0.94   0.46    -3.0000  lv1(a=5)           2.2s
  185      1693.6       567.1    0.4008   0.94   0.46    -3.0000  lv1(a=5)           1.9s
  186      1317.4       545.1    0.3998   0.94   0.47    -3.0000  lv1(a=5)           2.0s
  187      1553.6       597.1    0.3989   0.95   0.47    -3.0000  lv1(a=5)           2.3s
  188      1443.3       656.7    0.3981   0.95   0.47    -3.0000  lv1(a=5)           2.2s
  189      1628.1       667.0    0.3975   0.96   0.47    -3.0000  lv1(a=5)           2.5s
  [probe] gen=190 score=197.3 net=1.651 fell=1.000
  190      1485.2       677.5    0.3971   0.96   0.47    -3.0000  lv1(a=5)           2.4s
  191      1635.5       675.7    0.3967   0.96   0.48    -3.0000  lv1(a=5)           2.5s
  192      1682.2       716.0    0.3963   0.97   0.48    -3.0000  lv1(a=5)           2.3s
  193      1371.4       557.3    0.3958   0.97   0.48    -3.0000  lv1(a=5)           2.2s
  194      1755.3       766.3    0.3952   0.98   0.48    -3.0000  lv1(a=5)           2.5s
  195      1736.8       539.1    0.3947   0.98   0.49    -3.0000  lv1(a=5)           2.3s
  196      1857.9       612.2    0.3943   0.98   0.49    -3.0000  lv1(a=5)           2.4s
  197      1666.7       681.8    0.3938   0.99   0.49    -3.0000  lv1(a=5)           2.4s
  198      1161.6       581.1    0.3936   0.99   0.49    -3.0000  lv1(a=5)           2.3s
  199      1669.0       717.9    0.3933   1.00   0.50    -3.0000  lv1(a=5)           2.4s
  [probe] gen=200 score=-92.1 net=0.288 fell=1.000
  [plot] Saved fitness curve → experiments/thesis/archive_based/seed_04/fitness_curve.png
  200      1414.9       672.4    0.3931   1.00   0.50    -3.0000  lv1(a=5)           2.3s
  201      1377.0       690.4    0.3927   1.00   0.50    -3.0000  lv1(a=5)           2.2s
  202      1526.1       624.1    0.3922   1.00   0.50    -3.0000  lv1(a=5)           2.3s
  203      1814.5       701.7    0.3917   1.00   0.50    -3.0000  lv1(a=5)           2.4s
  204      1897.8       693.0    0.3913   1.00   0.50    -3.0000  lv1(a=5)           2.5s
  205      1605.6       624.2    0.3910   1.00   0.50    -3.0000  lv1(a=5)           2.3s
  206      1420.1       627.8    0.3907   1.00   0.50    -3.0000  lv1(a=5)           2.3s
  207      1718.1       816.7    0.3904   1.00   0.50    -3.0000  lv1(a=5)           2.4s
  208      1605.1       814.9    0.3901   1.00   0.50    -3.0000  lv1(a=5)           2.5s
  209      1582.2       777.4    0.3898   1.00   0.50    -3.0000  lv1(a=5)           2.3s
  [probe] gen=210 score=187.5 net=1.613 fell=1.000
  210      1375.8       623.0    0.3894   1.00   0.50    -3.0000  lv1(a=5)           2.3s
  211      1481.6       720.6    0.3892   1.00   0.50    -3.0000  lv1(a=5)           2.3s
  212      1456.9       692.7    0.3890   1.00   0.50    -3.0000  lv1(a=5)           2.2s
  213      1589.7       804.2    0.3889   1.00   0.50    -3.0000  lv1(a=5)           2.6s
  214      1700.1       797.7    0.3888   1.00   0.50    -3.0000  lv1(a=5)           2.5s
  215      1907.3       749.8    0.3887   1.00   0.50    -3.0000  lv1(a=5)           2.6s
  216      1585.5       689.5    0.3886   1.00   0.50    -3.0000  lv1(a=5)           2.3s
  217      1928.3       808.8    0.3888   1.00   0.50    -3.0000  lv1(a=5)           2.6s
  218      1687.7       707.2    0.3890   1.00   0.50    -3.0000  lv1(a=5)           2.3s
  219      1721.7       672.7    0.3891   1.00   0.50    -3.0000  lv1(a=5)           2.4s
  [probe] gen=220 score=147.4 net=1.417 fell=1.000
  220      1607.5       839.2    0.3891   1.00   0.50    -3.0000  lv1(a=5)           2.7s
  221      1774.7       727.5    0.3892   1.00   0.50    -3.0000  lv1(a=5)           2.4s
  222      1604.4       722.6    0.3894   1.00   0.50    -3.0000  lv1(a=5)           2.3s
  223      1821.4       768.4    0.3894   1.00   0.50    -3.0000  lv1(a=5)           2.4s
  224      1663.3       736.1    0.3895   1.00   0.50    -3.0000  lv1(a=5)           2.3s
  [plot] Saved fitness curve → experiments/thesis/archive_based/seed_04/fitness_curve.png
  225      1738.7       778.8    0.3895   1.00   0.50    -3.0000  lv1(a=5)           2.7s
  226      1932.2       709.6    0.3896   1.00   0.50    -3.0000  lv1(a=5)           2.3s
  227      1676.1       866.9    0.3897   1.00   0.50    -3.0000  lv1(a=5)           2.5s
  228      1619.4       855.6    0.3898   1.00   0.50    -3.0000  lv1(a=5)           2.5s
  229      1744.1       710.6    0.3899   1.00   0.50    -3.0000  lv1(a=5)           2.2s
  [probe] gen=230 score=198.2 net=1.685 fell=1.000
  230      1729.6       875.9    0.3899   1.00   0.50    -3.0000  lv1(a=5)           2.6s
  231      1825.0       868.4    0.3900   1.00   0.50    -3.0000  lv1(a=5)           2.5s
  232      2007.4       802.4    0.3900   1.00   0.50    -3.0000  lv1(a=5)           2.4s
  233      1905.7       969.8    0.3901   1.00   0.50    -3.0000  lv1(a=5)           2.8s
  234      1550.5       805.7    0.3899   1.00   0.50    -3.0000  lv1(a=5)           2.3s
  235      1745.5       841.4    0.3896   1.00   0.50    -3.0000  lv1(a=5)           2.5s
  236      1723.6       884.3    0.3894   1.00   0.50    -3.0000  lv1(a=5)           2.8s
  237      1944.8       816.7    0.3891   1.00   0.50    -3.0000  lv1(a=5)           2.4s
  238      1919.4       906.2    0.3888   1.00   0.50    -3.0000  lv1(a=5)           2.6s
  239      2084.0       975.9    0.3885   1.00   0.50    -3.0000  lv1(a=5)           2.6s
  [probe] gen=240 score=122.9 net=1.410 fell=1.000
  240      1851.2       969.9    0.3881   1.00   0.50    -3.0000  lv1(a=5)           2.7s
  241      1918.0      1094.2    0.3877   1.00   0.50    -3.0000  lv1(a=5)           2.7s
  242      1827.9      1079.7    0.3874   1.00   0.50    -3.0000  lv1(a=5)           2.9s
  243      1779.8       897.8    0.3871   1.00   0.50    -3.0000  lv1(a=5)           2.5s
  244      1719.9       890.0    0.3866   1.00   0.50    -3.0000  lv1(a=5)           2.7s
  245      1851.1      1007.4    0.3861   1.00   0.50    -3.0000  lv1(a=5)           2.6s
  246      1656.2       892.3    0.3856   1.00   0.50    -3.0000  lv1(a=5)           2.5s
  247      1773.4       729.7    0.3852   1.00   0.50    -3.0000  lv1(a=5)           2.4s
  248      1718.3       950.8    0.3847   1.00   0.50    -3.0000  lv1(a=5)           2.7s
  249      1566.1       785.2    0.3843   1.00   0.50    -3.0000  lv1(a=5)           2.6s
  [probe] gen=250 score=115.7 net=1.257 fell=1.000
  [plot] Saved fitness curve → experiments/thesis/archive_based/seed_04/fitness_curve.png
  250      1734.6       865.8    0.3839   1.00   0.50    -3.0000  lv1(a=5)           2.6s
  251      1680.0       800.0    0.3835   1.00   0.50    -3.0000  lv1(a=5)           2.6s
  252      1765.8       955.9    0.3830   1.00   0.50    -3.0000  lv1(a=5)           2.7s
  253      1773.9       950.0    0.3826   1.00   0.50    -3.0000  lv1(a=5)           2.6s
  254      1655.4       813.5    0.3820   1.00   0.50    -3.0000  lv1(a=5)           2.5s
  255      1818.3       799.5    0.3816   1.00   0.50    -3.0000  lv1(a=5)           2.4s
  256      1896.0       778.2    0.3813   1.00   0.50    -3.0000  lv1(a=5)           2.3s
  257      1642.4       698.1    0.3809   1.00   0.50    -3.0000  lv1(a=5)           2.3s
  258      1643.6       711.8    0.3806   1.00   0.50    -3.0000  lv1(a=5)           2.5s
  259      1881.4       850.8    0.3803   1.00   0.50    -3.0000  lv1(a=5)           2.3s
  [probe] gen=260 score=192.3 net=1.643 fell=1.000
  260      1774.3       887.6    0.3799   1.00   0.50    -3.0000  lv1(a=5)           2.7s
  261      1895.3       954.0    0.3796   1.00   0.50    -3.0000  lv1(a=5)           2.5s
  262      1713.7       815.2    0.3791   1.00   0.50    -3.0000  lv1(a=5)           2.3s
  263      1944.2       866.7    0.3786   1.00   0.50    -3.0000  lv1(a=5)           2.4s
  264      2006.6       943.5    0.3780   1.00   0.50    -3.0000  lv1(a=5)           2.6s
  265      2081.8       946.6    0.3774   1.00   0.50    -3.0000  lv1(a=5)           2.8s
  266      1893.5      1093.2    0.3767   1.00   0.50    -3.0000  lv1(a=5)           2.9s
  267      2163.8       954.1    0.3762   1.00   0.50    -3.0000  lv1(a=5)           2.7s
  268      2012.3      1044.5    0.3756   1.00   0.50    -3.0000  lv1(a=5)           2.9s
  269      2200.3       870.6    0.3751   1.00   0.50    -3.0000  lv1(a=5)           2.5s
  [probe] gen=270 score=160.4 net=1.561 fell=1.000
  270      2079.2      1029.4    0.3746   1.00   0.50    -3.0000  lv1(a=5)           2.7s
  271      1999.5       902.0    0.3738   1.00   0.50    -3.0000  lv1(a=5)           2.6s
  272      2026.8      1010.1    0.3731   1.00   0.50    -3.0000  lv1(a=5)           2.8s
  273      2270.6      1204.7    0.3724   1.00   0.50    -3.0000  lv1(a=5)           2.9s
  274      2171.1      1109.8    0.3719   1.00   0.50    -3.0000  lv1(a=5)           2.9s
  [plot] Saved fitness curve → experiments/thesis/archive_based/seed_04/fitness_curve.png
  275      2047.3       976.0    0.3713   1.00   0.50    -3.0000  lv1(a=5)           2.5s
  276      2146.3      1195.0    0.3707   1.00   0.50    -3.0000  lv1(a=5)           2.8s
  277      2257.3       921.6    0.3702   1.00   0.50    -3.0000  lv1(a=5)           2.7s
  278      1936.2       998.3    0.3698   1.00   0.50    -3.0000  lv1(a=5)           2.6s
  279      2050.0      1210.8    0.3695   1.00   0.50    -3.0000  lv1(a=5)           3.0s
  [probe] gen=280 score=99.7 net=1.308 fell=1.000
  280      1925.3      1081.9    0.3693   1.00   0.50    -3.0000  lv1(a=5)           2.7s
  281      2230.8       952.7    0.3690   1.00   0.50    -3.0000  lv1(a=5)           2.5s
  282      1930.7      1037.4    0.3687   1.00   0.50    -3.0000  lv1(a=5)           2.6s
  283      2043.3      1024.5    0.3683   1.00   0.50    -3.0000  lv1(a=5)           2.6s
  284      2212.5      1184.9    0.3678   1.00   0.50    -3.0000  lv1(a=5)           2.8s
  285      1977.6      1086.8    0.3675   1.00   0.50    -3.0000  lv1(a=5)           2.6s
  286      2320.6      1052.5    0.3673   1.00   0.50    -3.0000  lv1(a=5)           2.6s
  287      2077.5      1204.5    0.3673   1.00   0.50    -3.0000  lv1(a=5)           2.8s
  288      2100.9      1201.7    0.3673   1.00   0.50    -3.0000  lv1(a=5)           2.8s
  289      2001.9      1185.1    0.3670   1.00   0.50    -3.0000  lv1(a=5)           2.8s
  [probe] gen=290 score=101.4 net=1.316 fell=1.000
  290      2063.3      1104.4    0.3668   1.00   0.50    -3.0000  lv1(a=5)           2.6s
  291      2096.4      1082.3    0.3667   1.00   0.50    -3.0000  lv1(a=5)           2.6s
  292      1972.1      1225.6    0.3665   1.00   0.50    -3.0000  lv1(a=5)           2.9s
  293      2092.0      1098.2    0.3664   1.00   0.50    -3.0000  lv1(a=5)           2.8s
  294      1952.7      1109.6    0.3663   1.00   0.50    -3.0000  lv1(a=5)           2.6s
  295      2067.0      1211.9    0.3662   1.00   0.50    -3.0000  lv1(a=5)           2.8s
  296      2216.5      1038.2    0.3661   1.00   0.50    -3.0000  lv1(a=5)           2.5s
  297      2188.3      1014.1    0.3657   1.00   0.50    -3.0000  lv1(a=5)           2.7s
  298      1980.9      1066.2    0.3653   1.00   0.50    -3.0000  lv1(a=5)           2.7s
  299      1914.4      1279.7    0.3651   1.00   0.50    -3.0000  lv1(a=5)           3.1s
  [probe] gen=300 score=118.3 net=1.383 fell=1.000
  [plot] Saved fitness curve → experiments/thesis/archive_based/seed_04/fitness_curve.png
  300      2219.0      1265.5    0.3649   1.00   0.50    -3.0000  lv1(a=5)           3.1s
  301      2115.5      1295.7    0.3648   1.00   0.50    -3.0000  lv1(a=5)           2.8s
  302      2088.0      1287.6    0.3646   1.00   0.50    -3.0000  lv1(a=5)           2.8s
  303      2065.1      1054.3    0.3644   1.00   0.50    -3.0000  lv1(a=5)           2.5s
  304      2187.3       869.0    0.3642   1.00   0.50    -3.0000  lv1(a=5)           2.4s
  305      1980.3      1058.5    0.3640   1.00   0.50    -3.0000  lv1(a=5)           2.8s
  306      2118.1      1061.0    0.3637   1.00   0.50    -3.0000  lv1(a=5)           2.5s
  307      2196.5      1064.5    0.3635   1.00   0.50    -3.0000  lv1(a=5)           2.8s
  308      2051.1      1130.3    0.3633   1.00   0.50    -3.0000  lv1(a=5)           2.7s
  309      1985.2      1219.3    0.3631   1.00   0.50    -3.0000  lv1(a=5)           2.9s
  [probe] gen=310 score=88.6 net=1.280 fell=1.000
  310      2177.8      1281.7    0.3630   1.00   0.50    -3.0000  lv1(a=5)           3.1s
  311      2090.8      1072.9    0.3629   1.00   0.50    -3.0000  lv1(a=5)           2.5s
  312      2058.6      1278.0    0.3627   1.00   0.50    -3.0000  lv1(a=5)           2.8s
  313      2168.5      1185.6    0.3625   1.00   0.50    -3.0000  lv1(a=5)           2.8s
  314      1978.0      1121.1    0.3622   1.00   0.50    -3.0000  lv1(a=5)           2.7s
  315      2136.3      1310.6    0.3619   1.00   0.50    -3.0000  lv1(a=5)           3.1s
  [stage] gen=316  gravity -3.00 → -5.00  ES restarted  remaining=183
  316      2055.9      1128.4    0.5000   1.00   0.50    -3.0000  lv1(a=5)           2.9s
  317      1990.0       288.5    0.4904   1.00   0.50    -5.0000  lv2(a=0)           1.2s
  318      1700.6       490.0    0.4819   1.00   0.50    -5.0000  lv2(a=1)           1.7s
  319      1542.8       598.0    0.4742   1.00   0.50    -5.0000  lv2(a=2)           1.7s
  [probe] gen=320 score=116.8 net=1.338 fell=1.000
  320      2085.2       752.3    0.4673   1.00   0.50    -5.0000  lv2(a=3)           2.3s
  321      1578.9       682.1    0.4610   1.00   0.50    -5.0000  lv2(a=4)           1.8s
  322      1902.0       659.8    0.4554   1.00   0.50    -5.0000  lv2(a=5)           2.1s
  323      1701.2       657.4    0.4501   1.00   0.50    -5.0000  lv2(a=5)           2.2s
  324      1760.4       810.3    0.4452   1.00   0.50    -5.0000  lv2(a=5)           2.3s
  [plot] Saved fitness curve → experiments/thesis/archive_based/seed_04/fitness_curve.png
  325      1858.9       734.6    0.4408   1.00   0.50    -5.0000  lv2(a=5)           2.3s
  326      1758.5       704.4    0.4368   1.00   0.50    -5.0000  lv2(a=5)           2.4s
  327      1607.8       724.4    0.4332   1.00   0.50    -5.0000  lv2(a=5)           2.1s
  328      1758.1       889.9    0.4297   1.00   0.50    -5.0000  lv2(a=5)           2.6s
  329      1959.6       766.3    0.4263   1.00   0.50    -5.0000  lv2(a=5)           2.3s
  [probe] gen=330 score=189.9 net=1.601 fell=1.000
  330      1779.9      1002.0    0.4232   1.00   0.50    -5.0000  lv2(a=5)           2.7s
  331      1856.2       909.2    0.4202   1.00   0.50    -5.0000  lv2(a=5)           2.6s
  332      1758.6       958.8    0.4175   1.00   0.50    -5.0000  lv2(a=5)           2.5s
  333      1719.6       961.1    0.4148   1.00   0.50    -5.0000  lv2(a=5)           2.8s
  334      1811.0       873.8    0.4122   1.00   0.50    -5.0000  lv2(a=5)           2.5s
  335      1902.4       809.2    0.4099   1.00   0.50    -5.0000  lv2(a=5)           2.4s
  336      1778.0       909.3    0.4079   1.00   0.50    -5.0000  lv2(a=5)           2.6s
  337      1828.3       694.3    0.4059   1.00   0.50    -5.0000  lv2(a=5)           2.2s
  338      1916.8       959.5    0.4041   1.00   0.50    -5.0000  lv2(a=5)           2.8s
  339      1888.7       875.3    0.4022   1.00   0.50    -5.0000  lv2(a=5)           2.5s
  [probe] gen=340 score=167.9 net=1.554 fell=1.000
  340      1912.1       928.7    0.4005   1.00   0.50    -5.0000  lv2(a=5)           2.6s
  341      1923.6       895.3    0.3989   1.00   0.50    -5.0000  lv2(a=5)           2.6s
  342      1722.6       854.9    0.3973   1.00   0.50    -5.0000  lv2(a=5)           2.4s
  343      1967.5       990.5    0.3960   1.00   0.50    -5.0000  lv2(a=5)           2.6s
  344      1912.0      1050.0    0.3949   1.00   0.50    -5.0000  lv2(a=5)           2.8s
  345      1952.9      1102.3    0.3938   1.00   0.50    -5.0000  lv2(a=5)           2.9s
  346      1985.7      1202.5    0.3925   1.00   0.50    -5.0000  lv2(a=5)           2.8s
  [stage] gen=347  gravity -5.00 → -7.00  ES restarted  remaining=152
  347      1981.9      1041.9    0.5000   1.00   0.50    -5.0000  lv2(a=5)           2.5s
  348       920.4       221.1    0.4904   1.00   0.50    -7.0000  lv3(a=0)           1.2s
  349      1448.9       241.8    0.4821   1.00   0.50    -7.0000  lv3(a=1)           1.1s
  [probe] gen=350 score=194.7 net=1.622 fell=1.000
  [plot] Saved fitness curve → experiments/thesis/archive_based/seed_04/fitness_curve.png
  350       996.4       352.8    0.4748   1.00   0.50    -7.0000  lv3(a=2)           1.5s
  351      1330.1       473.8    0.4680   1.00   0.50    -7.0000  lv3(a=3)           1.5s
  352      1197.0       436.1    0.4619   1.00   0.50    -7.0000  lv3(a=4)           1.7s
  353      1191.3       463.4    0.4565   1.00   0.50    -7.0000  lv3(a=5)           1.7s
  354      1333.4       515.1    0.4515   1.00   0.50    -7.0000  lv3(a=5)           2.0s
  355      1471.4       496.2    0.4471   1.00   0.50    -7.0000  lv3(a=5)           2.0s
  356      1304.9       568.4    0.4430   1.00   0.50    -7.0000  lv3(a=5)           2.0s
  357      1381.2       512.2    0.4392   1.00   0.50    -7.0000  lv3(a=5)           1.9s
  358      1377.1       551.5    0.4357   1.00   0.50    -7.0000  lv3(a=5)           1.9s
  359      1422.5       671.8    0.4324   1.00   0.50    -7.0000  lv3(a=5)           2.3s
  [probe] gen=360 score=226.1 net=1.770 fell=1.000 [new best earth]
  360      1516.4       533.5    0.4293   1.00   0.50    -7.0000  lv3(a=5)           2.0s
  361      1406.1       632.8    0.4263   1.00   0.50    -7.0000  lv3(a=5)           2.3s
  362      1356.9       677.0    0.4236   1.00   0.50    -7.0000  lv3(a=5)           2.1s
  363      1614.2       852.3    0.4211   1.00   0.50    -7.0000  lv3(a=5)           2.7s
  364      1553.9       813.7    0.4187   1.00   0.50    -7.0000  lv3(a=5)           2.6s
  365      1468.3       779.4    0.4165   1.00   0.50    -7.0000  lv3(a=5)           2.5s
  366      1645.8       773.7    0.4144   1.00   0.50    -7.0000  lv3(a=5)           2.6s
  367      1467.5       714.4    0.4127   1.00   0.50    -7.0000  lv3(a=5)           2.2s
  368      1513.3       832.1    0.4111   1.00   0.50    -7.0000  lv3(a=5)           2.7s
  369      1940.2       803.2    0.4095   1.00   0.50    -7.0000  lv3(a=5)           2.4s
  [probe] gen=370 score=224.1 net=1.633 fell=1.000
  370      1580.2       692.2    0.4080   1.00   0.50    -7.0000  lv3(a=5)           2.3s
  371      1564.4       671.8    0.4065   1.00   0.50    -7.0000  lv3(a=5)           2.2s
  372      1437.4       762.4    0.4051   1.00   0.50    -7.0000  lv3(a=5)           2.5s
  373      1607.6       916.6    0.4038   1.00   0.50    -7.0000  lv3(a=5)           3.1s
  374      1603.0       829.3    0.4025   1.00   0.50    -7.0000  lv3(a=5)           2.6s
  [plot] Saved fitness curve → experiments/thesis/archive_based/seed_04/fitness_curve.png
  375      1671.7       693.6    0.4015   1.00   0.50    -7.0000  lv3(a=5)           2.2s
  376      1522.3       882.8    0.4004   1.00   0.50    -7.0000  lv3(a=5)           2.7s
  377      1441.1       794.8    0.3996   1.00   0.50    -7.0000  lv3(a=5)           2.8s
  [stage] gen=378  gravity -7.00 → -9.81  ES restarted  remaining=121
  378      1492.5       697.7    0.5000   1.00   0.50    -7.0000  lv3(a=5)           2.6s
  379       308.6       178.4    0.4904   1.00   0.50    -9.8100  lv4(a=0)           1.1s
  [probe] gen=380 score=297.1 net=1.792 fell=1.000 [new best earth]
  380       402.7       201.7    0.4819   1.00   0.50    -9.8100  lv4(a=1)           1.3s
  381       994.3       228.3    0.4744   1.00   0.50    -9.8100  lv4(a=2)           1.3s
  382       707.9       250.1    0.4676   1.00   0.50    -9.8100  lv4(a=3)           1.3s
  383       509.6       274.2    0.4613   1.00   0.50    -9.8100  lv4(a=4)           1.8s
  384       807.1       298.4    0.4555   1.00   0.50    -9.8100  lv4(a=5)           1.7s
  385       969.1       358.5    0.4501   1.00   0.50    -9.8100  lv4(a=5)           1.9s
  386       981.2       423.7    0.4451   1.00   0.50    -9.8100  lv4(a=5)           1.9s
  387       914.2       385.2    0.4405   1.00   0.50    -9.8100  lv4(a=5)           2.1s
  388      1096.5       500.8    0.4363   1.00   0.50    -9.8100  lv4(a=5)           2.3s
  389      1346.0       379.3    0.4323   1.00   0.50    -9.8100  lv4(a=5)           2.0s
  [probe] gen=390 score=735.6 net=3.861 fell=1.000 [new best earth]
  390      1123.7       505.5    0.4285   1.00   0.50    -9.8100  lv4(a=5)           2.3s
  391      1159.4       443.3    0.4250   1.00   0.50    -9.8100  lv4(a=5)           2.1s
  392      1505.9       503.1    0.4216   1.00   0.50    -9.8100  lv4(a=5)           2.1s
  393      1185.3       488.0    0.4185   1.00   0.50    -9.8100  lv4(a=5)           2.3s
  394      1089.0       451.8    0.4155   1.00   0.50    -9.8100  lv4(a=5)           2.4s
  395      1458.6       499.4    0.4127   1.00   0.50    -9.8100  lv4(a=5)           2.4s
  396       988.5       478.9    0.4102   1.00   0.50    -9.8100  lv4(a=5)           2.5s
  397      1285.6       485.8    0.4079   1.00   0.50    -9.8100  lv4(a=5)           2.5s
  398      1149.1       470.2    0.4057   1.00   0.50    -9.8100  lv4(a=5)           2.6s
  399      1094.6       405.8    0.4037   1.00   0.50    -9.8100  lv4(a=5)           2.0s
  [probe] gen=400 score=899.4 net=4.111 fell=0.500 [new best earth]
  [plot] Saved fitness curve → experiments/thesis/archive_based/seed_04/fitness_curve.png
  400      1067.1       401.8    0.4017   1.00   0.50    -9.8100  lv4(a=5)           2.2s
  401      1100.2       444.5    0.3997   1.00   0.50    -9.8100  lv4(a=5)           2.2s
  402      1133.9       510.6    0.3978   1.00   0.50    -9.8100  lv4(a=5)           2.3s
  403      1233.1       450.6    0.3960   1.00   0.50    -9.8100  lv4(a=5)           2.1s
  404      1304.9       491.3    0.3942   1.00   0.50    -9.8100  lv4(a=5)           2.2s
  405       962.3       355.3    0.3923   1.00   0.50    -9.8100  lv4(a=5)           1.9s
  406      1218.1       454.3    0.3906   1.00   0.50    -9.8100  lv4(a=5)           2.2s
  407      1198.5       436.8    0.3888   1.00   0.50    -9.8100  lv4(a=5)           1.9s
  408      1081.6       371.8    0.3873   1.00   0.50    -9.8100  lv4(a=5)           2.1s
  409      1232.6       407.6    0.3859   1.00   0.50    -9.8100  lv4(a=5)           2.1s
  [probe] gen=410 score=1052.9 net=5.423 fell=0.900 [new best earth]
  410       924.7       389.4    0.3845   1.00   0.50    -9.8100  lv4(a=5)           2.1s
  411      1037.6       496.2    0.3831   1.00   0.50    -9.8100  lv4(a=5)           2.2s
  412      1104.3       534.6    0.3816   1.00   0.50    -9.8100  lv4(a=5)           2.4s
  413      1318.3       500.5    0.3802   1.00   0.50    -9.8100  lv4(a=5)           2.2s
  414      1092.0       481.7    0.3789   1.00   0.50    -9.8100  lv4(a=5)           2.3s
  415      1360.5       519.2    0.3777   1.00   0.50    -9.8100  lv4(a=5)           2.3s
  416      1498.9       629.5    0.3767   1.00   0.50    -9.8100  lv4(a=5)           2.3s
  417      1145.1       498.5    0.3758   1.00   0.50    -9.8100  lv4(a=5)           2.0s
  418      1190.0       555.9    0.3749   1.00   0.50    -9.8100  lv4(a=5)           2.5s
  419      1140.3       484.9    0.3740   1.00   0.50    -9.8100  lv4(a=5)           2.1s
  [probe] gen=420 score=822.2 net=4.294 fell=0.900
  420      1133.4       474.4    0.3729   1.00   0.50    -9.8100  lv4(a=5)           2.2s
  421      1105.6       494.6    0.3720   1.00   0.50    -9.8100  lv4(a=5)           2.4s
  422      1163.6       500.0    0.3712   1.00   0.50    -9.8100  lv4(a=5)           2.1s
  423      1240.0       644.5    0.3704   1.00   0.50    -9.8100  lv4(a=5)           2.4s
  424      1308.3       644.6    0.3697   1.00   0.50    -9.8100  lv4(a=5)           2.4s
  [plot] Saved fitness curve → experiments/thesis/archive_based/seed_04/fitness_curve.png
  425      1212.3       610.7    0.3689   1.00   0.50    -9.8100  lv4(a=5)           2.4s
  426      1158.3       590.6    0.3681   1.00   0.50    -9.8100  lv4(a=5)           2.6s
  427      1231.4       696.3    0.3672   1.00   0.50    -9.8100  lv4(a=5)           2.7s
  428      1260.8       615.4    0.3663   1.00   0.50    -9.8100  lv4(a=5)           2.5s
  429      1149.9       588.9    0.3654   1.00   0.50    -9.8100  lv4(a=5)           2.3s
  [probe] gen=430 score=1161.5 net=5.426 fell=0.300 [new best earth]
  430      1098.2       608.0    0.3646   1.00   0.50    -9.8100  lv4(a=5)           2.3s
  431      1151.4       568.9    0.3640   1.00   0.50    -9.8100  lv4(a=5)           2.7s
  432      1129.0       589.3    0.3634   1.00   0.50    -9.8100  lv4(a=5)           2.8s
  433      1083.3       655.4    0.3629   1.00   0.50    -9.8100  lv4(a=5)           3.3s
  434      1292.7       663.0    0.3623   1.00   0.50    -9.8100  lv4(a=5)           3.1s
  435      1315.7       628.6    0.3620   1.00   0.50    -9.8100  lv4(a=5)           2.5s
  436      1262.6       557.3    0.3616   1.00   0.50    -9.8100  lv4(a=5)           2.3s
  437      1334.5       688.3    0.3612   1.00   0.50    -9.8100  lv4(a=5)           2.9s
  438      1450.7       698.7    0.3607   1.00   0.50    -9.8100  lv4(a=5)           2.7s
  439      1129.4       572.8    0.3601   1.00   0.50    -9.8100  lv4(a=5)           2.8s
  [probe] gen=440 score=857.3 net=4.744 fell=1.000
  440      1410.8       582.5    0.3596   1.00   0.50    -9.8100  lv4(a=5)           2.4s
  441      1130.6       555.5    0.3591   1.00   0.50    -9.8100  lv4(a=5)           2.5s
  442      1250.6       559.3    0.3586   1.00   0.50    -9.8100  lv4(a=5)           2.6s
  443      1200.6       524.7    0.3580   1.00   0.50    -9.8100  lv4(a=5)           2.2s
  444      1425.4       561.7    0.3573   1.00   0.50    -9.8100  lv4(a=5)           2.8s
  445      1154.4       559.7    0.3566   1.00   0.50    -9.8100  lv4(a=5)           2.2s
  446      1198.9       643.0    0.3559   1.00   0.50    -9.8100  lv4(a=5)           2.8s
  447      1071.0       547.6    0.3552   1.00   0.50    -9.8100  lv4(a=5)           2.3s
  448      1270.4       574.9    0.3546   1.00   0.50    -9.8100  lv4(a=5)           2.5s
  449      1131.1       528.8    0.3540   1.00   0.50    -9.8100  lv4(a=5)           2.3s
  [probe] gen=450 score=957.1 net=4.470 fell=0.600
  [plot] Saved fitness curve → experiments/thesis/archive_based/seed_04/fitness_curve.png
  450       997.4       586.5    0.3536   1.00   0.50    -9.8100  lv4(a=5)           2.6s
  451      1034.4       572.7    0.3532   1.00   0.50    -9.8100  lv4(a=5)           2.7s
  452      1013.0       636.6    0.3528   1.00   0.50    -9.8100  lv4(a=5)           2.5s
  453      1276.9       655.7    0.3523   1.00   0.50    -9.8100  lv4(a=5)           2.8s
  454      1028.9       536.8    0.3518   1.00   0.50    -9.8100  lv4(a=5)           2.4s
  455      1060.3       561.0    0.3514   1.00   0.50    -9.8100  lv4(a=5)           2.6s
  456      1325.2       528.1    0.3509   1.00   0.50    -9.8100  lv4(a=5)           2.9s
  457       933.1       466.6    0.3504   1.00   0.50    -9.8100  lv4(a=5)           2.8s
  458      1224.2       628.0    0.3498   1.00   0.50    -9.8100  lv4(a=5)           2.8s
  459      1364.1       603.6    0.3493   1.00   0.50    -9.8100  lv4(a=5)           2.5s
  [probe] gen=460 score=1299.2 net=6.049 fell=0.400 [new best earth]
  460      1239.7       615.7    0.3487   1.00   0.50    -9.8100  lv4(a=5)           2.8s
  461      1289.3       569.4    0.3480   1.00   0.50    -9.8100  lv4(a=5)           2.9s
  462      1239.3       595.3    0.3474   1.00   0.50    -9.8100  lv4(a=5)           2.6s
  463      1483.7       701.2    0.3467   1.00   0.50    -9.8100  lv4(a=5)           3.0s
  464      1297.6       656.5    0.3461   1.00   0.50    -9.8100  lv4(a=5)           2.7s
  465      1145.3       706.6    0.3455   1.00   0.50    -9.8100  lv4(a=5)           2.9s
  466      1091.2       578.3    0.3450   1.00   0.50    -9.8100  lv4(a=5)           2.8s
  467      1259.9       631.4    0.3445   1.00   0.50    -9.8100  lv4(a=5)           2.9s
  468      1112.8       627.1    0.3441   1.00   0.50    -9.8100  lv4(a=5)           2.8s
  469      1401.2       643.6    0.3437   1.00   0.50    -9.8100  lv4(a=5)           2.7s
  [probe] gen=470 score=1291.4 net=6.056 fell=0.400
  470      1305.6       644.8    0.3434   1.00   0.50    -9.8100  lv4(a=5)           2.8s
  471      1200.2       592.4    0.3432   1.00   0.50    -9.8100  lv4(a=5)           3.0s
  472      1405.4       763.4    0.3430   1.00   0.50    -9.8100  lv4(a=5)           3.4s
  473      1326.2       680.6    0.3428   1.00   0.50    -9.8100  lv4(a=5)           2.9s
  474      1294.3       662.8    0.3426   1.00   0.50    -9.8100  lv4(a=5)           2.7s
  [plot] Saved fitness curve → experiments/thesis/archive_based/seed_04/fitness_curve.png
  475      1532.5       670.7    0.3424   1.00   0.50    -9.8100  lv4(a=5)           3.0s
  476      1307.5       657.1    0.3420   1.00   0.50    -9.8100  lv4(a=5)           2.6s
  477      1404.1       609.5    0.3417   1.00   0.50    -9.8100  lv4(a=5)           2.4s
  478      1303.0       714.1    0.3413   1.00   0.50    -9.8100  lv4(a=5)           2.6s
  479      1298.7       617.3    0.3409   1.00   0.50    -9.8100  lv4(a=5)           2.7s
  [probe] gen=480 score=1009.4 net=5.015 fell=0.700
  480      1503.2       635.9    0.3405   1.00   0.50    -9.8100  lv4(a=5)           3.0s
  481      1233.3       674.3    0.3403   1.00   0.50    -9.8100  lv4(a=5)           2.5s
  482      1395.5       564.0    0.3400   1.00   0.50    -9.8100  lv4(a=5)           2.3s
  483      1419.7       692.0    0.3397   1.00   0.50    -9.8100  lv4(a=5)           2.5s
  484      1285.9       719.0    0.3392   1.00   0.50    -9.8100  lv4(a=5)           3.0s
  485      1272.5       747.5    0.3387   1.00   0.50    -9.8100  lv4(a=5)           3.0s
  486      1273.4       625.4    0.3383   1.00   0.50    -9.8100  lv4(a=5)           2.4s
  487      1411.6       717.3    0.3378   1.00   0.50    -9.8100  lv4(a=5)           2.7s
  488      1540.1       776.4    0.3374   1.00   0.50    -9.8100  lv4(a=5)           2.6s
  489      1330.7       759.6    0.3371   1.00   0.50    -9.8100  lv4(a=5)           2.5s
  [probe] gen=490 score=1170.1 net=5.467 fell=0.300
  490      1274.5       716.5    0.3369   1.00   0.50    -9.8100  lv4(a=5)           2.7s
  491      1446.6       709.9    0.3365   1.00   0.50    -9.8100  lv4(a=5)           2.3s
  492      1245.4       644.3    0.3363   1.00   0.50    -9.8100  lv4(a=5)           2.4s
  493      1366.8       746.3    0.3362   1.00   0.50    -9.8100  lv4(a=5)           2.7s
  494      1464.0       860.9    0.3362   1.00   0.50    -9.8100  lv4(a=5)           3.1s
  495      1283.5       831.8    0.3360   1.00   0.50    -9.8100  lv4(a=5)           3.1s
  496      1591.4       777.4    0.3359   1.00   0.50    -9.8100  lv4(a=5)           2.8s
  497      1455.2       740.3    0.3357   1.00   0.50    -9.8100  lv4(a=5)           2.4s
  498      1465.5       844.3    0.3355   1.00   0.50    -9.8100  lv4(a=5)           2.8s
  499      1361.0       721.3    0.3353   1.00   0.50    -9.8100  lv4(a=5)           2.3s
  [plot] Saved fitness curve → experiments/thesis/archive_based/seed_04/fitness_curve.png

Training complete. Best fitness: 2320.6
Best params → experiments/thesis/archive_based/seed_04/checkpoints/best_params.npy
Fitness curve → experiments/thesis/archive_based/seed_04/fitness_curve.png
Eval params  → best_earth_params (earth probe score: 1299.2)
Final Earth scorecard | score=1330.9 net=6.127 fell=0.150
Gravity sweep | gravities=5 mean_net=3.165 worst_net=1.380
  [exp] Wrote experiments/thesis/archive_based/seed_04/experiment.json
  [exp] Wrote experiments/thesis/archive_based/seed_04/training_log.csv
  [exp] Wrote experiments/thesis/archive_based/seed_04/earth_probe.csv
  [exp] Wrote experiments/thesis/archive_based/seed_04/gravity_sweep.csv
  [exp] Wrote experiments/thesis/archive_based/seed_04/summary.json
