Walker2d-v5 | policy=CPG  params=504
Curriculum   : AdaptiveProgression  [-1.6→-3.0→-5.0→-7.0→-9.81]  plateau=30gen  min_improve=5.0
Run context | seed=9 arm=adaptive_progression run_id=adaptive_progression_seed_09

Schedule | penalty_min=0.20 penalty_ramp_gen=200 corr_min=0.00 corr_max=0.50 corr_ramp_gen=200

Starting CMA-ES | pop=40 | sigma0=0.5 | max_gen=500 | workers=8 | seed=9
Checkpoints → experiments/thesis/adaptive_progression/seed_09/checkpoints/

  Gen        Best        Mean     Sigma    Pen   Corr    Gravity  Phase              Time
------------------------------------------------------------------------------------
  [probe] gen=0 score=-379.9 net=-0.232 fell=1.000 [new best earth]
  [plot] Saved fitness curve → experiments/thesis/adaptive_progression/seed_09/fitness_curve.png
    0       -15.3       -72.9    0.4902   0.20   0.00    -1.6000  lv0(-1.6)          1.5s
    1       -50.0       -76.5    0.4820   0.20   0.00    -1.6000  lv0(-1.6)          0.1s
    2       -60.3       -73.6    0.4747   0.21   0.01    -1.6000  lv0(-1.6)          0.2s
    3       -58.4       -73.5    0.4683   0.21   0.01    -1.6000  lv0(-1.6)          0.2s
    4       -25.9       -73.8    0.4625   0.22   0.01    -1.6000  lv0(-1.6)          0.2s
    5       -33.9       -72.8    0.4572   0.22   0.01    -1.6000  lv0(-1.6)          0.2s
    6       -64.2       -74.8    0.4523   0.22   0.01    -1.6000  lv0(-1.6)          0.2s
    7       -55.0       -72.6    0.4476   0.23   0.02    -1.6000  lv0(-1.6)          0.2s
    8       -59.0       -70.8    0.4431   0.23   0.02    -1.6000  lv0(-1.6)          0.3s
    9       -47.2       -71.8    0.4388   0.24   0.02    -1.6000  lv0(-1.6)          0.3s
  [probe] gen=10 score=-365.2 net=-0.145 fell=1.000 [new best earth]
   10       -55.7       -71.9    0.4347   0.24   0.03    -1.6000  lv0(-1.6)          0.3s
   11       -37.4       -67.8    0.4310   0.24   0.03    -1.6000  lv0(-1.6)          0.3s
   12       -32.2       -67.6    0.4277   0.25   0.03    -1.6000  lv0(-1.6)          0.4s
   13       -24.2       -69.0    0.4247   0.25   0.03    -1.6000  lv0(-1.6)          0.4s
   14       -32.3       -63.8    0.4221   0.26   0.04    -1.6000  lv0(-1.6)          0.4s
   15         8.4       -66.7    0.4197   0.26   0.04    -1.6000  lv0(-1.6)          0.4s
   16        23.0       -69.9    0.4175   0.26   0.04    -1.6000  lv0(-1.6)          0.4s
   17        52.6       -68.1    0.4154   0.27   0.04    -1.6000  lv0(-1.6)          0.4s
   18        18.4       -64.4    0.4135   0.27   0.04    -1.6000  lv0(-1.6)          0.5s
   19       111.7       -61.5    0.4117   0.28   0.05    -1.6000  lv0(-1.6)          0.5s
  [probe] gen=20 score=-352.3 net=-0.463 fell=1.000 [new best earth]
   20        63.1       -64.7    0.4100   0.28   0.05    -1.6000  lv0(-1.6)          0.5s
   21       342.6       -45.0    0.4084   0.28   0.05    -1.6000  lv0(-1.6)          0.5s
   22       192.2       -47.8    0.4070   0.29   0.06    -1.6000  lv0(-1.6)          0.6s
   23       130.3       -50.4    0.4056   0.29   0.06    -1.6000  lv0(-1.6)          0.7s
   24       138.5       -29.4    0.4043   0.30   0.06    -1.6000  lv0(-1.6)          0.7s
  [plot] Saved fitness curve → experiments/thesis/adaptive_progression/seed_09/fitness_curve.png
   25        79.1       -43.7    0.4031   0.30   0.06    -1.6000  lv0(-1.6)          0.6s
   26       287.2       -12.1    0.4020   0.30   0.07    -1.6000  lv0(-1.6)          0.7s
   27       197.0       -33.5    0.4010   0.31   0.07    -1.6000  lv0(-1.6)          0.7s
   28       152.8       -21.2    0.4000   0.31   0.07    -1.6000  lv0(-1.6)          0.8s
   29       193.5       -11.8    0.3991   0.32   0.07    -1.6000  lv0(-1.6)          0.7s
  [probe] gen=30 score=-358.5 net=-0.277 fell=1.000
   30       113.9       -30.6    0.3980   0.32   0.07    -1.6000  lv0(-1.6)          0.7s
   31        90.1       -28.1    0.3970   0.32   0.08    -1.6000  lv0(-1.6)          0.6s
   32        74.8       -48.7    0.3960   0.33   0.08    -1.6000  lv0(-1.6)          0.6s
   33        88.7       -32.1    0.3950   0.33   0.08    -1.6000  lv0(-1.6)          0.7s
   34        80.7       -45.3    0.3938   0.34   0.09    -1.6000  lv0(-1.6)          0.6s
   35       144.0       -52.3    0.3927   0.34   0.09    -1.6000  lv0(-1.6)          0.5s
   36        68.4       -36.2    0.3916   0.34   0.09    -1.6000  lv0(-1.6)          0.6s
   37        80.9       -41.5    0.3905   0.35   0.09    -1.6000  lv0(-1.6)          0.6s
   38        70.9       -39.7    0.3896   0.35   0.10    -1.6000  lv0(-1.6)          0.6s
   39       116.8       -47.4    0.3888   0.36   0.10    -1.6000  lv0(-1.6)          0.6s
  [probe] gen=40 score=-431.7 net=-0.717 fell=1.000
   40       128.9       -59.0    0.3881   0.36   0.10    -1.6000  lv0(-1.6)          0.5s
   41       199.3       -37.7    0.3876   0.36   0.10    -1.6000  lv0(-1.6)          0.7s
   42        78.9       -59.0    0.3873   0.37   0.10    -1.6000  lv0(-1.6)          0.6s
   43       129.8       -18.5    0.3870   0.37   0.11    -1.6000  lv0(-1.6)          0.8s
   44       201.2       -38.0    0.3868   0.38   0.11    -1.6000  lv0(-1.6)          0.6s
   45       151.4        -8.4    0.3868   0.38   0.11    -1.6000  lv0(-1.6)          0.9s
   46       131.7         7.4    0.3867   0.38   0.12    -1.6000  lv0(-1.6)          0.8s
   47       131.0       -10.0    0.3866   0.39   0.12    -1.6000  lv0(-1.6)          0.8s
   48       106.0       -39.6    0.3866   0.39   0.12    -1.6000  lv0(-1.6)          0.8s
   49       182.9       -19.9    0.3865   0.40   0.12    -1.6000  lv0(-1.6)          0.9s
  [probe] gen=50 score=-477.3 net=-0.841 fell=1.000
  [plot] Saved fitness curve → experiments/thesis/adaptive_progression/seed_09/fitness_curve.png
   50       143.2       -18.8    0.3865   0.40   0.12    -1.6000  lv0(-1.6)          0.8s
  [stage] gen=51  gravity -1.60 → -3.00  ES restarted  remaining=448
   51       266.4       -29.7    0.5000   0.40   0.13    -1.6000  lv0(-1.6)          0.8s
   52        -2.4      -125.7    0.4904   0.41   0.13    -3.0000  lv1(-3.0)          0.4s
   53       -16.9      -127.7    0.4820   0.41   0.13    -3.0000  lv1(-3.0)          0.4s
   54        41.9      -129.9    0.4744   0.42   0.14    -3.0000  lv1(-3.0)          0.4s
   55       135.0      -120.1    0.4676   0.42   0.14    -3.0000  lv1(-3.0)          0.5s
   56        70.5      -110.5    0.4614   0.42   0.14    -3.0000  lv1(-3.0)          0.5s
   57       106.5      -109.7    0.4559   0.43   0.14    -3.0000  lv1(-3.0)          0.5s
   58        80.5       -96.3    0.4506   0.43   0.14    -3.0000  lv1(-3.0)          0.6s
   59       231.2       -76.0    0.4458   0.44   0.15    -3.0000  lv1(-3.0)          0.8s
  [probe] gen=60 score=-297.9 net=-0.045 fell=1.000 [new best earth]
   60       126.0       -64.5    0.4414   0.44   0.15    -3.0000  lv1(-3.0)          0.9s
   61        98.7       -70.4    0.4375   0.44   0.15    -3.0000  lv1(-3.0)          0.7s
   62       180.2       -45.9    0.4338   0.45   0.15    -3.0000  lv1(-3.0)          0.7s
   63       136.0       -64.0    0.4302   0.45   0.16    -3.0000  lv1(-3.0)          0.9s
   64       152.7       -17.1    0.4270   0.46   0.16    -3.0000  lv1(-3.0)          0.7s
   65       291.1        -0.7    0.4241   0.46   0.16    -3.0000  lv1(-3.0)          0.7s
   66       161.7       -14.8    0.4213   0.46   0.17    -3.0000  lv1(-3.0)          0.9s
   67       180.2       -11.3    0.4189   0.47   0.17    -3.0000  lv1(-3.0)          0.9s
   68       239.4       -14.1    0.4167   0.47   0.17    -3.0000  lv1(-3.0)          0.8s
   69       163.8        -8.4    0.4143   0.48   0.17    -3.0000  lv1(-3.0)          0.9s
  [probe] gen=70 score=-81.2 net=0.712 fell=1.000 [new best earth]
   70       192.0        13.2    0.4123   0.48   0.17    -3.0000  lv1(-3.0)          1.0s
   71       208.3        14.9    0.4104   0.48   0.18    -3.0000  lv1(-3.0)          1.0s
   72       228.3        11.5    0.4086   0.49   0.18    -3.0000  lv1(-3.0)          0.9s
   73       193.3        -3.9    0.4070   0.49   0.18    -3.0000  lv1(-3.0)          0.9s
   74       184.4        26.8    0.4055   0.50   0.18    -3.0000  lv1(-3.0)          1.0s
  [plot] Saved fitness curve → experiments/thesis/adaptive_progression/seed_09/fitness_curve.png
   75       153.0         9.5    0.4041   0.50   0.19    -3.0000  lv1(-3.0)          1.0s
   76       184.4        36.9    0.4027   0.50   0.19    -3.0000  lv1(-3.0)          1.1s
   77       178.4        51.5    0.4015   0.51   0.19    -3.0000  lv1(-3.0)          1.1s
   78       189.4        71.9    0.4004   0.51   0.20    -3.0000  lv1(-3.0)          1.1s
   79       203.1        48.6    0.3992   0.52   0.20    -3.0000  lv1(-3.0)          1.1s
  [probe] gen=80 score=-50.6 net=0.640 fell=1.000 [new best earth]
   80       379.2        91.8    0.3982   0.52   0.20    -3.0000  lv1(-3.0)          1.3s
   81       184.0        57.0    0.3972   0.52   0.20    -3.0000  lv1(-3.0)          1.1s
   82       187.8       130.4    0.3965   0.53   0.20    -3.0000  lv1(-3.0)          1.3s
   83       232.6       103.6    0.3958   0.53   0.21    -3.0000  lv1(-3.0)          1.3s
   84       223.2        88.5    0.3951   0.54   0.21    -3.0000  lv1(-3.0)          1.2s
   85       176.6        93.8    0.3945   0.54   0.21    -3.0000  lv1(-3.0)          1.4s
   86       246.7       159.5    0.3939   0.54   0.21    -3.0000  lv1(-3.0)          1.4s
   87       236.9       113.8    0.3934   0.55   0.22    -3.0000  lv1(-3.0)          1.3s
   88       249.4       120.5    0.3929   0.55   0.22    -3.0000  lv1(-3.0)          1.3s
   89       381.8        93.2    0.3925   0.56   0.22    -3.0000  lv1(-3.0)          1.3s
  [probe] gen=90 score=-345.8 net=-0.506 fell=1.000
   90       229.4        83.6    0.3921   0.56   0.23    -3.0000  lv1(-3.0)          1.2s
   91       382.7        58.0    0.3917   0.56   0.23    -3.0000  lv1(-3.0)          1.2s
   92       261.8        78.2    0.3914   0.57   0.23    -3.0000  lv1(-3.0)          1.2s
   93       381.2        92.9    0.3912   0.57   0.23    -3.0000  lv1(-3.0)          1.4s
   94       301.5        56.7    0.3910   0.58   0.23    -3.0000  lv1(-3.0)          1.3s
   95       378.5        88.1    0.3907   0.58   0.24    -3.0000  lv1(-3.0)          1.4s
   96       339.9        96.3    0.3904   0.58   0.24    -3.0000  lv1(-3.0)          1.5s
   97       356.7       110.3    0.3901   0.59   0.24    -3.0000  lv1(-3.0)          1.5s
   98       342.0       100.6    0.3898   0.59   0.24    -3.0000  lv1(-3.0)          1.4s
   99       355.0        74.9    0.3894   0.60   0.25    -3.0000  lv1(-3.0)          1.4s
  [probe] gen=100 score=-423.2 net=-0.797 fell=1.000
  [plot] Saved fitness curve → experiments/thesis/adaptive_progression/seed_09/fitness_curve.png
  100       432.0        96.8    0.3890   0.60   0.25    -3.0000  lv1(-3.0)          1.5s
  101       421.1        59.6    0.3884   0.60   0.25    -3.0000  lv1(-3.0)          1.4s
  102       383.8       149.9    0.3879   0.61   0.26    -3.0000  lv1(-3.0)          1.7s
  103       428.6        23.0    0.3876   0.61   0.26    -3.0000  lv1(-3.0)          1.5s
  104       446.9        98.1    0.3874   0.62   0.26    -3.0000  lv1(-3.0)          1.4s
  105       775.8       172.0    0.3874   0.62   0.26    -3.0000  lv1(-3.0)          1.6s
  106       394.8        98.0    0.3873   0.62   0.27    -3.0000  lv1(-3.0)          1.7s
  107       390.0        74.2    0.3873   0.63   0.27    -3.0000  lv1(-3.0)          1.5s
  108       401.5        27.2    0.3872   0.63   0.27    -3.0000  lv1(-3.0)          1.5s
  109       441.9       100.5    0.3870   0.64   0.27    -3.0000  lv1(-3.0)          1.5s
  [probe] gen=110 score=14.5 net=0.826 fell=1.000 [new best earth]
  110       308.4        52.2    0.3868   0.64   0.28    -3.0000  lv1(-3.0)          1.3s
  111       481.8        73.4    0.3866   0.64   0.28    -3.0000  lv1(-3.0)          1.3s
  112       483.8       166.0    0.3864   0.65   0.28    -3.0000  lv1(-3.0)          1.5s
  113       457.2       128.1    0.3862   0.65   0.28    -3.0000  lv1(-3.0)          1.5s
  114       550.9       173.3    0.3860   0.66   0.28    -3.0000  lv1(-3.0)          1.6s
  115       459.8       117.0    0.3859   0.66   0.29    -3.0000  lv1(-3.0)          1.5s
  116       415.5       137.6    0.3858   0.66   0.29    -3.0000  lv1(-3.0)          1.5s
  117       450.0       153.5    0.3859   0.67   0.29    -3.0000  lv1(-3.0)          1.5s
  118       555.2       146.1    0.3859   0.67   0.29    -3.0000  lv1(-3.0)          1.7s
  119       464.5       116.8    0.3860   0.68   0.30    -3.0000  lv1(-3.0)          1.5s
  [probe] gen=120 score=-122.2 net=0.268 fell=1.000
  120       601.7       179.2    0.3860   0.68   0.30    -3.0000  lv1(-3.0)          1.7s
  121       500.5       163.5    0.3860   0.68   0.30    -3.0000  lv1(-3.0)          1.5s
  122       571.5       137.9    0.3859   0.69   0.30    -3.0000  lv1(-3.0)          1.5s
  123       541.6       158.2    0.3857   0.69   0.31    -3.0000  lv1(-3.0)          1.5s
  124       502.3       172.7    0.3855   0.70   0.31    -3.0000  lv1(-3.0)          1.8s
  [plot] Saved fitness curve → experiments/thesis/adaptive_progression/seed_09/fitness_curve.png
  125       529.6       135.6    0.3854   0.70   0.31    -3.0000  lv1(-3.0)          1.5s
  126       369.6       149.6    0.3852   0.70   0.32    -3.0000  lv1(-3.0)          1.5s
  127       545.2       108.1    0.3850   0.71   0.32    -3.0000  lv1(-3.0)          1.5s
  128       485.0       146.9    0.3848   0.71   0.32    -3.0000  lv1(-3.0)          1.4s
  129       496.1       164.6    0.3847   0.72   0.32    -3.0000  lv1(-3.0)          1.5s
  [probe] gen=130 score=-122.6 net=0.234 fell=1.000
  130       438.4       139.6    0.3846   0.72   0.33    -3.0000  lv1(-3.0)          1.6s
  131       481.0        83.9    0.3845   0.72   0.33    -3.0000  lv1(-3.0)          1.4s
  132       492.3        89.1    0.3847   0.73   0.33    -3.0000  lv1(-3.0)          1.5s
  133       484.1       126.5    0.3849   0.73   0.33    -3.0000  lv1(-3.0)          1.5s
  134       497.7       144.7    0.3851   0.74   0.34    -3.0000  lv1(-3.0)          1.5s
  [stage] gen=135  gravity -3.00 → -5.00  ES restarted  remaining=364
  135       617.4       148.1    0.5000   0.74   0.34    -3.0000  lv1(-3.0)          1.5s
  136       175.7      -226.4    0.4903   0.74   0.34    -5.0000  lv2(-5.0)          0.7s
  137       171.0      -167.5    0.4820   0.75   0.34    -5.0000  lv2(-5.0)          0.8s
  138       161.0      -164.9    0.4749   0.75   0.34    -5.0000  lv2(-5.0)          0.9s
  139       196.6      -114.6    0.4686   0.76   0.35    -5.0000  lv2(-5.0)          1.1s
  [probe] gen=140 score=-132.9 net=0.140 fell=1.000
  140       273.7       -46.6    0.4627   0.76   0.35    -5.0000  lv2(-5.0)          1.0s
  141       200.0       -56.6    0.4576   0.76   0.35    -5.0000  lv2(-5.0)          0.9s
  142       183.5        30.3    0.4527   0.77   0.35    -5.0000  lv2(-5.0)          1.1s
  143       212.5        15.8    0.4484   0.77   0.36    -5.0000  lv2(-5.0)          1.1s
  144       255.8        58.8    0.4445   0.78   0.36    -5.0000  lv2(-5.0)          1.1s
  145       367.8        33.5    0.4407   0.78   0.36    -5.0000  lv2(-5.0)          1.2s
  146       322.1        13.8    0.4373   0.78   0.36    -5.0000  lv2(-5.0)          1.5s
  147       341.2        60.2    0.4341   0.79   0.37    -5.0000  lv2(-5.0)          1.2s
  148       368.4        36.3    0.4313   0.79   0.37    -5.0000  lv2(-5.0)          1.1s
  149       364.9        36.9    0.4287   0.80   0.37    -5.0000  lv2(-5.0)          1.2s
  [probe] gen=150 score=-39.8 net=0.180 fell=1.000
  [plot] Saved fitness curve → experiments/thesis/adaptive_progression/seed_09/fitness_curve.png
  150       357.5        45.9    0.4262   0.80   0.38    -5.0000  lv2(-5.0)          1.3s
  151       385.2        35.0    0.4240   0.80   0.38    -5.0000  lv2(-5.0)          1.3s
  152       276.9        63.3    0.4219   0.81   0.38    -5.0000  lv2(-5.0)          1.1s
  153       527.4        -4.2    0.4199   0.81   0.38    -5.0000  lv2(-5.0)          1.3s
  154       350.2        92.2    0.4182   0.82   0.39    -5.0000  lv2(-5.0)          1.3s
  155       357.0        74.8    0.4167   0.82   0.39    -5.0000  lv2(-5.0)          1.2s
  156       391.1        89.2    0.4154   0.82   0.39    -5.0000  lv2(-5.0)          1.3s
  157       557.3        59.2    0.4139   0.83   0.39    -5.0000  lv2(-5.0)          1.4s
  158       361.9        86.2    0.4125   0.83   0.40    -5.0000  lv2(-5.0)          1.3s
  159       506.3        19.3    0.4112   0.84   0.40    -5.0000  lv2(-5.0)          1.4s
  [probe] gen=160 score=38.2 net=0.900 fell=1.000 [new best earth]
  160       509.7       111.3    0.4097   0.84   0.40    -5.0000  lv2(-5.0)          1.3s
  161       476.1        77.9    0.4082   0.84   0.40    -5.0000  lv2(-5.0)          1.2s
  162       539.2        53.3    0.4068   0.85   0.41    -5.0000  lv2(-5.0)          1.3s
  163       627.7        42.7    0.4055   0.85   0.41    -5.0000  lv2(-5.0)          1.4s
  164       482.6       169.6    0.4043   0.86   0.41    -5.0000  lv2(-5.0)          1.3s
  165       684.0       116.0    0.4032   0.86   0.41    -5.0000  lv2(-5.0)          1.3s
  [stage] gen=166  gravity -5.00 → -7.00  ES restarted  remaining=333
  166       708.0       150.6    0.5000   0.86   0.41    -5.0000  lv2(-5.0)          1.5s
  167       136.8      -317.2    0.4904   0.87   0.42    -7.0000  lv3(-7.0)          0.6s
  168       176.0      -228.5    0.4822   0.87   0.42    -7.0000  lv3(-7.0)          0.8s
  169       223.6      -173.9    0.4750   0.88   0.42    -7.0000  lv3(-7.0)          0.9s
  [probe] gen=170 score=18.6 net=0.844 fell=1.000
  170       201.6      -101.3    0.4685   0.88   0.42    -7.0000  lv3(-7.0)          0.9s
  171       187.2       -92.0    0.4627   0.88   0.43    -7.0000  lv3(-7.0)          0.9s
  172       210.4       -48.3    0.4574   0.89   0.43    -7.0000  lv3(-7.0)          0.9s
  173       160.8       -49.4    0.4528   0.89   0.43    -7.0000  lv3(-7.0)          1.1s
  174       228.3       -39.6    0.4485   0.90   0.43    -7.0000  lv3(-7.0)          1.1s
  [plot] Saved fitness curve → experiments/thesis/adaptive_progression/seed_09/fitness_curve.png
  175       330.1       -19.6    0.4446   0.90   0.44    -7.0000  lv3(-7.0)          1.0s
  176       252.0         6.9    0.4410   0.90   0.44    -7.0000  lv3(-7.0)          1.3s
  177       245.0        17.9    0.4377   0.91   0.44    -7.0000  lv3(-7.0)          1.2s
  178       286.2       -16.0    0.4345   0.91   0.45    -7.0000  lv3(-7.0)          1.2s
  179       251.3        16.1    0.4317   0.92   0.45    -7.0000  lv3(-7.0)          1.6s
  [probe] gen=180 score=130.6 net=1.187 fell=1.000 [new best earth]
  180       197.5       -92.3    0.4292   0.92   0.45    -7.0000  lv3(-7.0)          1.3s
  181       172.1        10.3    0.4269   0.92   0.45    -7.0000  lv3(-7.0)          1.3s
  182       167.0       -27.5    0.4247   0.93   0.46    -7.0000  lv3(-7.0)          1.0s
  183       204.6        29.6    0.4225   0.93   0.46    -7.0000  lv3(-7.0)          1.3s
  184       204.9         8.2    0.4204   0.94   0.46    -7.0000  lv3(-7.0)          1.3s
  185       213.6        49.1    0.4184   0.94   0.46    -7.0000  lv3(-7.0)          1.4s
  186       273.5         6.3    0.4163   0.94   0.47    -7.0000  lv3(-7.0)          1.5s
  187       294.2        46.1    0.4143   0.95   0.47    -7.0000  lv3(-7.0)          1.3s
  188       225.8        38.7    0.4121   0.95   0.47    -7.0000  lv3(-7.0)          1.3s
  189       236.5        33.8    0.4101   0.96   0.47    -7.0000  lv3(-7.0)          1.2s
  [probe] gen=190 score=183.0 net=1.468 fell=1.000 [new best earth]
  190       266.6        40.9    0.4083   0.96   0.47    -7.0000  lv3(-7.0)          1.3s
  191       230.1       -15.7    0.4065   0.96   0.48    -7.0000  lv3(-7.0)          1.5s
  192       214.0        17.5    0.4049   0.97   0.48    -7.0000  lv3(-7.0)          1.2s
  193       282.6        52.6    0.4034   0.97   0.48    -7.0000  lv3(-7.0)          1.2s
  194       259.4        22.7    0.4020   0.98   0.48    -7.0000  lv3(-7.0)          1.3s
  195       264.6        42.4    0.4008   0.98   0.49    -7.0000  lv3(-7.0)          1.2s
  196       315.5        52.3    0.3996   0.98   0.49    -7.0000  lv3(-7.0)          1.3s
  [stage] gen=197  gravity -7.00 → -9.81  ES restarted  remaining=302
  197       357.2        74.4    0.5000   0.99   0.49    -7.0000  lv3(-7.0)          1.6s
  198        72.9      -362.9    0.4905   0.99   0.49    -9.8100  lv4(-9.8)          0.5s
  199        63.8      -344.2    0.4823   1.00   0.50    -9.8100  lv4(-9.8)          0.6s
  [probe] gen=200 score=3.4 net=0.519 fell=1.000
  [plot] Saved fitness curve → experiments/thesis/adaptive_progression/seed_09/fitness_curve.png
  200       150.7      -299.7    0.4749   1.00   0.50    -9.8100  lv4(-9.8)          0.7s
  201       117.6      -182.4    0.4681   1.00   0.50    -9.8100  lv4(-9.8)          0.9s
  202       163.3      -150.6    0.4619   1.00   0.50    -9.8100  lv4(-9.8)          0.8s
  203       191.3      -172.5    0.4562   1.00   0.50    -9.8100  lv4(-9.8)          0.8s
  204        92.9      -144.9    0.4508   1.00   0.50    -9.8100  lv4(-9.8)          0.9s
  205       181.0       -96.6    0.4459   1.00   0.50    -9.8100  lv4(-9.8)          0.8s
  206       195.9       -57.1    0.4414   1.00   0.50    -9.8100  lv4(-9.8)          0.8s
  207       143.2       -47.3    0.4371   1.00   0.50    -9.8100  lv4(-9.8)          0.9s
  208       229.3       -39.1    0.4333   1.00   0.50    -9.8100  lv4(-9.8)          0.9s
  209       216.0       -43.1    0.4297   1.00   0.50    -9.8100  lv4(-9.8)          1.0s
  [probe] gen=210 score=151.2 net=1.455 fell=1.000
  210       194.6       -13.3    0.4265   1.00   0.50    -9.8100  lv4(-9.8)          1.0s
  211       216.8       -28.3    0.4235   1.00   0.50    -9.8100  lv4(-9.8)          0.9s
  212       217.1       -86.8    0.4206   1.00   0.50    -9.8100  lv4(-9.8)          1.0s
  213       286.3        32.9    0.4178   1.00   0.50    -9.8100  lv4(-9.8)          1.0s
  214       305.5       -12.4    0.4152   1.00   0.50    -9.8100  lv4(-9.8)          1.0s
  215       232.8        34.0    0.4128   1.00   0.50    -9.8100  lv4(-9.8)          1.0s
  216       254.2       -53.9    0.4105   1.00   0.50    -9.8100  lv4(-9.8)          1.0s
  217       284.1        32.6    0.4082   1.00   0.50    -9.8100  lv4(-9.8)          1.0s
  218       235.4       -52.7    0.4060   1.00   0.50    -9.8100  lv4(-9.8)          1.2s
  219       222.4       -50.2    0.4041   1.00   0.50    -9.8100  lv4(-9.8)          1.0s
  [probe] gen=220 score=175.1 net=1.467 fell=1.000
  220       195.8        -0.3    0.4026   1.00   0.50    -9.8100  lv4(-9.8)          1.0s
  221       239.7        53.4    0.4012   1.00   0.50    -9.8100  lv4(-9.8)          1.0s
  222       248.5        32.7    0.3998   1.00   0.50    -9.8100  lv4(-9.8)          1.1s
  223       240.5         1.2    0.3986   1.00   0.50    -9.8100  lv4(-9.8)          1.1s
  224       247.4       -35.8    0.3975   1.00   0.50    -9.8100  lv4(-9.8)          1.0s
  [plot] Saved fitness curve → experiments/thesis/adaptive_progression/seed_09/fitness_curve.png
  225       297.3        43.0    0.3965   1.00   0.50    -9.8100  lv4(-9.8)          1.2s
  226       226.9        40.8    0.3954   1.00   0.50    -9.8100  lv4(-9.8)          1.1s
  227       223.1       -33.1    0.3944   1.00   0.50    -9.8100  lv4(-9.8)          1.0s
  228       272.6      -124.3    0.3935   1.00   0.50    -9.8100  lv4(-9.8)          1.0s
  229       224.4       -23.6    0.3927   1.00   0.50    -9.8100  lv4(-9.8)          1.0s
  [probe] gen=230 score=223.6 net=1.385 fell=1.000 [new best earth]
  230       276.5        -2.8    0.3919   1.00   0.50    -9.8100  lv4(-9.8)          1.0s
  231       232.6       -30.7    0.3910   1.00   0.50    -9.8100  lv4(-9.8)          1.0s
  232       223.0        -2.4    0.3903   1.00   0.50    -9.8100  lv4(-9.8)          1.0s
  233       306.6       -21.5    0.3898   1.00   0.50    -9.8100  lv4(-9.8)          1.0s
  234       311.6        27.3    0.3892   1.00   0.50    -9.8100  lv4(-9.8)          1.0s
  235       300.1       -26.7    0.3885   1.00   0.50    -9.8100  lv4(-9.8)          1.1s
  236       245.9       -19.7    0.3879   1.00   0.50    -9.8100  lv4(-9.8)          1.1s
  237       396.6         3.2    0.3874   1.00   0.50    -9.8100  lv4(-9.8)          1.1s
  238       297.7       -27.6    0.3868   1.00   0.50    -9.8100  lv4(-9.8)          1.2s
  239       363.3        54.3    0.3865   1.00   0.50    -9.8100  lv4(-9.8)          1.2s
  [probe] gen=240 score=190.6 net=1.599 fell=1.000
  240       255.0         8.2    0.3863   1.00   0.50    -9.8100  lv4(-9.8)          1.1s
  241       301.5        50.0    0.3861   1.00   0.50    -9.8100  lv4(-9.8)          1.1s
  242       258.7        31.2    0.3858   1.00   0.50    -9.8100  lv4(-9.8)          1.2s
  243       320.7        86.5    0.3855   1.00   0.50    -9.8100  lv4(-9.8)          1.2s
  244       266.1        11.8    0.3851   1.00   0.50    -9.8100  lv4(-9.8)          1.2s
  245       244.3       -28.4    0.3847   1.00   0.50    -9.8100  lv4(-9.8)          1.1s
  246       315.1        72.9    0.3842   1.00   0.50    -9.8100  lv4(-9.8)          1.3s
  247       291.6        62.4    0.3837   1.00   0.50    -9.8100  lv4(-9.8)          1.4s
  248       297.9        50.8    0.3834   1.00   0.50    -9.8100  lv4(-9.8)          1.2s
  249       277.1        37.3    0.3830   1.00   0.50    -9.8100  lv4(-9.8)          1.2s
  [probe] gen=250 score=225.2 net=1.600 fell=1.000 [new best earth]
  [plot] Saved fitness curve → experiments/thesis/adaptive_progression/seed_09/fitness_curve.png
  250       288.3       106.0    0.3828   1.00   0.50    -9.8100  lv4(-9.8)          1.3s
  251       264.3       121.9    0.3826   1.00   0.50    -9.8100  lv4(-9.8)          1.3s
  252       256.6        57.7    0.3826   1.00   0.50    -9.8100  lv4(-9.8)          1.4s
  253       271.0        64.8    0.3826   1.00   0.50    -9.8100  lv4(-9.8)          1.3s
  254       346.1       126.9    0.3827   1.00   0.50    -9.8100  lv4(-9.8)          1.4s
  255       306.9        35.2    0.3828   1.00   0.50    -9.8100  lv4(-9.8)          1.4s
  256       303.8        81.6    0.3829   1.00   0.50    -9.8100  lv4(-9.8)          1.3s
  257       360.9        -3.5    0.3830   1.00   0.50    -9.8100  lv4(-9.8)          1.4s
  258       342.6       -18.3    0.3832   1.00   0.50    -9.8100  lv4(-9.8)          1.4s
  259       362.2       114.4    0.3835   1.00   0.50    -9.8100  lv4(-9.8)          1.5s
  [probe] gen=260 score=311.2 net=1.757 fell=1.000 [new best earth]
  260       331.4       104.4    0.3839   1.00   0.50    -9.8100  lv4(-9.8)          1.4s
  261       438.0        46.5    0.3844   1.00   0.50    -9.8100  lv4(-9.8)          1.4s
  262       329.9        91.7    0.3848   1.00   0.50    -9.8100  lv4(-9.8)          1.4s
  263       348.9        48.2    0.3853   1.00   0.50    -9.8100  lv4(-9.8)          1.3s
  264       349.7        37.3    0.3857   1.00   0.50    -9.8100  lv4(-9.8)          1.4s
  265       309.6        67.7    0.3862   1.00   0.50    -9.8100  lv4(-9.8)          1.4s
  266       365.9        89.3    0.3866   1.00   0.50    -9.8100  lv4(-9.8)          1.4s
  267       383.9        96.6    0.3870   1.00   0.50    -9.8100  lv4(-9.8)          1.5s
  268       301.3        40.8    0.3875   1.00   0.50    -9.8100  lv4(-9.8)          1.4s
  269       327.6       104.4    0.3880   1.00   0.50    -9.8100  lv4(-9.8)          1.6s
  [probe] gen=270 score=311.2 net=1.895 fell=1.000 [new best earth]
  270       348.2       120.2    0.3884   1.00   0.50    -9.8100  lv4(-9.8)          1.5s
  271       327.3        97.8    0.3889   1.00   0.50    -9.8100  lv4(-9.8)          1.5s
  272       331.2        84.9    0.3893   1.00   0.50    -9.8100  lv4(-9.8)          1.5s
  273       357.2       147.1    0.3898   1.00   0.50    -9.8100  lv4(-9.8)          1.6s
  274       361.6       137.2    0.3902   1.00   0.50    -9.8100  lv4(-9.8)          1.7s
  [plot] Saved fitness curve → experiments/thesis/adaptive_progression/seed_09/fitness_curve.png
  275       348.0        87.1    0.3905   1.00   0.50    -9.8100  lv4(-9.8)          1.7s
  276       326.9        82.1    0.3908   1.00   0.50    -9.8100  lv4(-9.8)          1.7s
  277       319.6       162.1    0.3910   1.00   0.50    -9.8100  lv4(-9.8)          1.9s
  278       378.2       110.3    0.3911   1.00   0.50    -9.8100  lv4(-9.8)          1.8s
  279       421.0       142.2    0.3913   1.00   0.50    -9.8100  lv4(-9.8)          2.0s
  [probe] gen=280 score=213.3 net=1.314 fell=1.000
  280       385.2        66.8    0.3915   1.00   0.50    -9.8100  lv4(-9.8)          1.9s
  281       440.2       139.2    0.3917   1.00   0.50    -9.8100  lv4(-9.8)          1.9s
  282       511.9       176.9    0.3919   1.00   0.50    -9.8100  lv4(-9.8)          2.2s
  283       370.6       104.7    0.3921   1.00   0.50    -9.8100  lv4(-9.8)          2.2s
  284       403.2       121.7    0.3923   1.00   0.50    -9.8100  lv4(-9.8)          2.3s
  285       418.1       173.1    0.3925   1.00   0.50    -9.8100  lv4(-9.8)          2.4s
  286       450.9       170.9    0.3925   1.00   0.50    -9.8100  lv4(-9.8)          2.5s
  287       506.2       158.1    0.3925   1.00   0.50    -9.8100  lv4(-9.8)          2.4s
  288       474.0       138.0    0.3925   1.00   0.50    -9.8100  lv4(-9.8)          2.3s
  289       494.2       206.9    0.3925   1.00   0.50    -9.8100  lv4(-9.8)          2.7s
  [probe] gen=290 score=429.3 net=1.875 fell=1.000 [new best earth]
  290       522.4       179.4    0.3925   1.00   0.50    -9.8100  lv4(-9.8)          2.7s
  291       448.5       188.6    0.3926   1.00   0.50    -9.8100  lv4(-9.8)          2.3s
  292       462.9       168.4    0.3927   1.00   0.50    -9.8100  lv4(-9.8)          2.4s
  293       525.0       133.9    0.3926   1.00   0.50    -9.8100  lv4(-9.8)          2.2s
  294       462.9        91.0    0.3924   1.00   0.50    -9.8100  lv4(-9.8)          2.3s
  295       453.1       149.6    0.3924   1.00   0.50    -9.8100  lv4(-9.8)          2.6s
  296       501.3       163.6    0.3925   1.00   0.50    -9.8100  lv4(-9.8)          2.4s
  297       414.0        87.1    0.3926   1.00   0.50    -9.8100  lv4(-9.8)          2.4s
  298       486.4       177.9    0.3927   1.00   0.50    -9.8100  lv4(-9.8)          2.3s
  299       386.9        47.8    0.3929   1.00   0.50    -9.8100  lv4(-9.8)          2.1s
  [probe] gen=300 score=455.7 net=1.968 fell=1.000 [new best earth]
  [plot] Saved fitness curve → experiments/thesis/adaptive_progression/seed_09/fitness_curve.png
  300       464.6       173.3    0.3931   1.00   0.50    -9.8100  lv4(-9.8)          2.2s
  301       487.9       184.7    0.3932   1.00   0.50    -9.8100  lv4(-9.8)          2.3s
  302       364.9        95.7    0.3934   1.00   0.50    -9.8100  lv4(-9.8)          1.9s
  303       470.3       179.8    0.3935   1.00   0.50    -9.8100  lv4(-9.8)          2.2s
  304       503.9       178.4    0.3937   1.00   0.50    -9.8100  lv4(-9.8)          2.6s
  305       575.1       139.0    0.3938   1.00   0.50    -9.8100  lv4(-9.8)          2.2s
  306       490.8       167.9    0.3940   1.00   0.50    -9.8100  lv4(-9.8)          2.5s
  307       484.6       134.9    0.3940   1.00   0.50    -9.8100  lv4(-9.8)          2.1s
  308       500.5       106.2    0.3942   1.00   0.50    -9.8100  lv4(-9.8)          2.2s
  309       520.8       166.9    0.3943   1.00   0.50    -9.8100  lv4(-9.8)          2.0s
  [probe] gen=310 score=500.3 net=1.989 fell=0.700 [new best earth]
  310       526.0       235.4    0.3945   1.00   0.50    -9.8100  lv4(-9.8)          2.6s
  311       475.7       116.8    0.3947   1.00   0.50    -9.8100  lv4(-9.8)          2.4s
  312       469.7        65.6    0.3950   1.00   0.50    -9.8100  lv4(-9.8)          2.2s
  313       559.9       261.8    0.3953   1.00   0.50    -9.8100  lv4(-9.8)          2.6s
  314       512.9       215.2    0.3956   1.00   0.50    -9.8100  lv4(-9.8)          2.9s
  315       483.6       115.7    0.3959   1.00   0.50    -9.8100  lv4(-9.8)          2.5s
  316       485.9       175.8    0.3963   1.00   0.50    -9.8100  lv4(-9.8)          2.3s
  317       421.4       127.5    0.3967   1.00   0.50    -9.8100  lv4(-9.8)          2.4s
  318       449.3       141.5    0.3971   1.00   0.50    -9.8100  lv4(-9.8)          2.2s
  319       506.4       186.5    0.3975   1.00   0.50    -9.8100  lv4(-9.8)          2.3s
  [probe] gen=320 score=513.5 net=2.102 fell=1.000 [new best earth]
  320       477.0       150.1    0.3979   1.00   0.50    -9.8100  lv4(-9.8)          2.5s
  321       468.2       146.3    0.3983   1.00   0.50    -9.8100  lv4(-9.8)          2.1s
  322       483.8       146.7    0.3987   1.00   0.50    -9.8100  lv4(-9.8)          2.4s
  323       442.4       189.2    0.3993   1.00   0.50    -9.8100  lv4(-9.8)          2.5s
  324       548.2       189.1    0.3999   1.00   0.50    -9.8100  lv4(-9.8)          2.4s
  [plot] Saved fitness curve → experiments/thesis/adaptive_progression/seed_09/fitness_curve.png
  325       480.8        76.4    0.4005   1.00   0.50    -9.8100  lv4(-9.8)          2.2s
  326       555.7       117.7    0.4009   1.00   0.50    -9.8100  lv4(-9.8)          2.3s
  327       511.3        95.5    0.4013   1.00   0.50    -9.8100  lv4(-9.8)          2.5s
  328       531.8       131.5    0.4016   1.00   0.50    -9.8100  lv4(-9.8)          2.3s
  329       527.9       132.8    0.4019   1.00   0.50    -9.8100  lv4(-9.8)          2.2s
  [probe] gen=330 score=458.6 net=2.195 fell=1.000
  330       495.2       174.4    0.4022   1.00   0.50    -9.8100  lv4(-9.8)          2.7s
  331       519.9       130.1    0.4026   1.00   0.50    -9.8100  lv4(-9.8)          2.3s
  332       523.0       165.3    0.4031   1.00   0.50    -9.8100  lv4(-9.8)          2.2s
  333       557.3        56.1    0.4035   1.00   0.50    -9.8100  lv4(-9.8)          2.2s
  334       461.4       112.4    0.4036   1.00   0.50    -9.8100  lv4(-9.8)          2.3s
  335       478.1       130.0    0.4035   1.00   0.50    -9.8100  lv4(-9.8)          2.3s
  336       485.7       132.0    0.4032   1.00   0.50    -9.8100  lv4(-9.8)          2.2s
  337       607.5       109.1    0.4031   1.00   0.50    -9.8100  lv4(-9.8)          1.8s
  338       550.2       104.6    0.4029   1.00   0.50    -9.8100  lv4(-9.8)          1.9s
  339       537.5       131.1    0.4030   1.00   0.50    -9.8100  lv4(-9.8)          2.1s
  [probe] gen=340 score=470.0 net=1.750 fell=0.900
  340       471.5       147.9    0.4030   1.00   0.50    -9.8100  lv4(-9.8)          2.0s
  341       541.2       175.7    0.4029   1.00   0.50    -9.8100  lv4(-9.8)          2.2s
  342       480.7        84.1    0.4029   1.00   0.50    -9.8100  lv4(-9.8)          2.3s
  343       489.1        49.3    0.4029   1.00   0.50    -9.8100  lv4(-9.8)          2.2s
  344       470.4       115.3    0.4027   1.00   0.50    -9.8100  lv4(-9.8)          2.4s
  345       576.6       204.1    0.4024   1.00   0.50    -9.8100  lv4(-9.8)          2.4s
  346       430.5       126.4    0.4023   1.00   0.50    -9.8100  lv4(-9.8)          2.2s
  347       452.7       172.9    0.4022   1.00   0.50    -9.8100  lv4(-9.8)          2.7s
  348       483.5       182.2    0.4023   1.00   0.50    -9.8100  lv4(-9.8)          2.2s
  349       485.1       183.6    0.4024   1.00   0.50    -9.8100  lv4(-9.8)          2.1s
  [probe] gen=350 score=456.0 net=1.800 fell=0.800
  [plot] Saved fitness curve → experiments/thesis/adaptive_progression/seed_09/fitness_curve.png
  350       539.9       196.7    0.4024   1.00   0.50    -9.8100  lv4(-9.8)          2.5s
  351       489.2       106.4    0.4023   1.00   0.50    -9.8100  lv4(-9.8)          2.6s
  352       554.7       204.9    0.4023   1.00   0.50    -9.8100  lv4(-9.8)          2.4s
  353       463.2       136.5    0.4023   1.00   0.50    -9.8100  lv4(-9.8)          2.2s
  354       482.4       172.2    0.4024   1.00   0.50    -9.8100  lv4(-9.8)          2.3s
  355       475.2       149.9    0.4025   1.00   0.50    -9.8100  lv4(-9.8)          2.9s
  356       504.5       104.4    0.4024   1.00   0.50    -9.8100  lv4(-9.8)          2.5s
  357       541.0       144.0    0.4022   1.00   0.50    -9.8100  lv4(-9.8)          2.3s
  358       491.0       175.5    0.4023   1.00   0.50    -9.8100  lv4(-9.8)          2.5s
  359       493.1       166.9    0.4022   1.00   0.50    -9.8100  lv4(-9.8)          2.3s
  [probe] gen=360 score=541.8 net=2.205 fell=1.000 [new best earth]
  360       542.5       160.0    0.4020   1.00   0.50    -9.8100  lv4(-9.8)          2.7s
  361       578.7       184.6    0.4019   1.00   0.50    -9.8100  lv4(-9.8)          2.2s
  362       516.3       293.7    0.4020   1.00   0.50    -9.8100  lv4(-9.8)          2.7s
  363       497.0       190.0    0.4019   1.00   0.50    -9.8100  lv4(-9.8)          2.2s
  364       568.4       228.0    0.4018   1.00   0.50    -9.8100  lv4(-9.8)          2.3s
  365       488.1       194.3    0.4018   1.00   0.50    -9.8100  lv4(-9.8)          2.4s
  366       510.0       196.7    0.4018   1.00   0.50    -9.8100  lv4(-9.8)          2.0s
  367       549.5       262.5    0.4017   1.00   0.50    -9.8100  lv4(-9.8)          2.6s
  368       531.5       190.5    0.4015   1.00   0.50    -9.8100  lv4(-9.8)          2.3s
  369       477.2       186.7    0.4016   1.00   0.50    -9.8100  lv4(-9.8)          2.5s
  [probe] gen=370 score=547.8 net=2.088 fell=0.700 [new best earth]
  370       568.5       207.1    0.4015   1.00   0.50    -9.8100  lv4(-9.8)          2.3s
  371       539.5       100.4    0.4013   1.00   0.50    -9.8100  lv4(-9.8)          2.0s
  372       510.2       229.8    0.4012   1.00   0.50    -9.8100  lv4(-9.8)          2.4s
  373       558.7       238.3    0.4010   1.00   0.50    -9.8100  lv4(-9.8)          2.3s
  374       558.6       247.3    0.4007   1.00   0.50    -9.8100  lv4(-9.8)          2.0s
  [plot] Saved fitness curve → experiments/thesis/adaptive_progression/seed_09/fitness_curve.png
  375       554.7       273.9    0.4003   1.00   0.50    -9.8100  lv4(-9.8)          2.1s
  376       541.8       175.3    0.4000   1.00   0.50    -9.8100  lv4(-9.8)          2.0s
  377       536.3       212.8    0.3996   1.00   0.50    -9.8100  lv4(-9.8)          2.0s
  378       564.5       276.7    0.3994   1.00   0.50    -9.8100  lv4(-9.8)          2.3s
  379       523.8       223.1    0.3993   1.00   0.50    -9.8100  lv4(-9.8)          2.2s
  [probe] gen=380 score=436.6 net=2.146 fell=1.000
  380       530.9       207.8    0.3993   1.00   0.50    -9.8100  lv4(-9.8)          2.1s
  381       480.7       245.1    0.3993   1.00   0.50    -9.8100  lv4(-9.8)          2.1s
  382       594.1       125.0    0.3994   1.00   0.50    -9.8100  lv4(-9.8)          2.1s
  383       576.1       150.6    0.3994   1.00   0.50    -9.8100  lv4(-9.8)          2.0s
  384       562.4       131.0    0.3995   1.00   0.50    -9.8100  lv4(-9.8)          2.2s
  385       587.5       150.5    0.3996   1.00   0.50    -9.8100  lv4(-9.8)          2.0s
  386       549.8       151.6    0.3997   1.00   0.50    -9.8100  lv4(-9.8)          2.1s
  387       574.2       107.2    0.3996   1.00   0.50    -9.8100  lv4(-9.8)          2.3s
  388       518.8        72.1    0.3997   1.00   0.50    -9.8100  lv4(-9.8)          2.0s
  389       517.4       210.4    0.3998   1.00   0.50    -9.8100  lv4(-9.8)          2.0s
  [probe] gen=390 score=494.6 net=2.172 fell=1.000
  390       531.0       150.2    0.4002   1.00   0.50    -9.8100  lv4(-9.8)          2.2s
  391       535.3       150.3    0.4007   1.00   0.50    -9.8100  lv4(-9.8)          2.1s
  392       532.0       200.4    0.4014   1.00   0.50    -9.8100  lv4(-9.8)          1.8s
  393       471.2        93.9    0.4021   1.00   0.50    -9.8100  lv4(-9.8)          1.7s
  394       513.6       235.3    0.4026   1.00   0.50    -9.8100  lv4(-9.8)          1.8s
  395       502.0        87.7    0.4029   1.00   0.50    -9.8100  lv4(-9.8)          1.8s
  396       486.4       198.5    0.4035   1.00   0.50    -9.8100  lv4(-9.8)          2.3s
  397       476.0       137.9    0.4038   1.00   0.50    -9.8100  lv4(-9.8)          1.7s
  398       617.5       154.6    0.4042   1.00   0.50    -9.8100  lv4(-9.8)          1.9s
  399       517.5       234.7    0.4046   1.00   0.50    -9.8100  lv4(-9.8)          2.2s
  [probe] gen=400 score=592.8 net=2.436 fell=0.900 [new best earth]
  [plot] Saved fitness curve → experiments/thesis/adaptive_progression/seed_09/fitness_curve.png
  400       589.2       181.5    0.4049   1.00   0.50    -9.8100  lv4(-9.8)          2.2s
  401       535.5       135.9    0.4049   1.00   0.50    -9.8100  lv4(-9.8)          2.0s
  402       477.8       218.9    0.4051   1.00   0.50    -9.8100  lv4(-9.8)          2.2s
  403       531.1       182.2    0.4051   1.00   0.50    -9.8100  lv4(-9.8)          2.4s
  404       528.2        72.6    0.4050   1.00   0.50    -9.8100  lv4(-9.8)          1.9s
  405       539.9       254.1    0.4049   1.00   0.50    -9.8100  lv4(-9.8)          2.5s
  406       534.1       168.8    0.4047   1.00   0.50    -9.8100  lv4(-9.8)          2.1s
  407       507.8       155.6    0.4046   1.00   0.50    -9.8100  lv4(-9.8)          2.1s
  408       515.5       167.3    0.4046   1.00   0.50    -9.8100  lv4(-9.8)          2.2s
  409       538.2       165.8    0.4046   1.00   0.50    -9.8100  lv4(-9.8)          2.2s
  [probe] gen=410 score=495.8 net=2.460 fell=1.000
  410       558.2       258.4    0.4046   1.00   0.50    -9.8100  lv4(-9.8)          2.3s
  411       537.1       155.9    0.4048   1.00   0.50    -9.8100  lv4(-9.8)          2.2s
  412       562.6       171.7    0.4050   1.00   0.50    -9.8100  lv4(-9.8)          2.2s
  413       505.4       109.0    0.4052   1.00   0.50    -9.8100  lv4(-9.8)          2.3s
  414       553.1       214.8    0.4053   1.00   0.50    -9.8100  lv4(-9.8)          2.6s
  415       484.3       123.8    0.4055   1.00   0.50    -9.8100  lv4(-9.8)          2.4s
  416       531.7       200.4    0.4056   1.00   0.50    -9.8100  lv4(-9.8)          2.1s
  417       515.6       225.3    0.4056   1.00   0.50    -9.8100  lv4(-9.8)          2.5s
  418       551.6       247.8    0.4055   1.00   0.50    -9.8100  lv4(-9.8)          2.7s
  419       560.3       125.9    0.4053   1.00   0.50    -9.8100  lv4(-9.8)          2.2s
  [probe] gen=420 score=446.3 net=1.914 fell=1.000
  420       523.5       157.4    0.4052   1.00   0.50    -9.8100  lv4(-9.8)          2.5s
  421       539.4       258.7    0.4051   1.00   0.50    -9.8100  lv4(-9.8)          2.4s
  422       547.9       206.1    0.4051   1.00   0.50    -9.8100  lv4(-9.8)          2.6s
  423       485.2       298.2    0.4050   1.00   0.50    -9.8100  lv4(-9.8)          2.7s
  424       604.4       282.2    0.4048   1.00   0.50    -9.8100  lv4(-9.8)          2.8s
  [plot] Saved fitness curve → experiments/thesis/adaptive_progression/seed_09/fitness_curve.png
  425       536.6       245.2    0.4047   1.00   0.50    -9.8100  lv4(-9.8)          2.6s
  426       511.4       156.0    0.4046   1.00   0.50    -9.8100  lv4(-9.8)          2.6s
  427       538.4       208.9    0.4044   1.00   0.50    -9.8100  lv4(-9.8)          2.7s
  428       508.6       182.2    0.4043   1.00   0.50    -9.8100  lv4(-9.8)          2.3s
  429       537.4       185.0    0.4041   1.00   0.50    -9.8100  lv4(-9.8)          2.7s
  [probe] gen=430 score=466.8 net=2.121 fell=1.000
  430       552.9       168.7    0.4040   1.00   0.50    -9.8100  lv4(-9.8)          2.5s
  431       557.8       320.2    0.4040   1.00   0.50    -9.8100  lv4(-9.8)          2.8s
  432       514.8        99.5    0.4041   1.00   0.50    -9.8100  lv4(-9.8)          2.3s
  433       543.1       178.0    0.4041   1.00   0.50    -9.8100  lv4(-9.8)          2.5s
  434       522.8       219.0    0.4042   1.00   0.50    -9.8100  lv4(-9.8)          2.7s
  435       546.2       213.5    0.4044   1.00   0.50    -9.8100  lv4(-9.8)          2.7s
  436       560.2       229.5    0.4045   1.00   0.50    -9.8100  lv4(-9.8)          2.7s
  437       554.2       270.8    0.4046   1.00   0.50    -9.8100  lv4(-9.8)          2.8s
  438       549.4       271.7    0.4047   1.00   0.50    -9.8100  lv4(-9.8)          2.8s
  439       553.1       250.7    0.4046   1.00   0.50    -9.8100  lv4(-9.8)          3.0s
  [probe] gen=440 score=44.6 net=0.262 fell=1.000
  440       595.3       216.1    0.4046   1.00   0.50    -9.8100  lv4(-9.8)          2.8s
  441       591.6       195.8    0.4045   1.00   0.50    -9.8100  lv4(-9.8)          2.7s
  442       537.7       226.3    0.4043   1.00   0.50    -9.8100  lv4(-9.8)          3.1s
  443       522.9       222.8    0.4038   1.00   0.50    -9.8100  lv4(-9.8)          3.1s
  444       579.0       313.1    0.4034   1.00   0.50    -9.8100  lv4(-9.8)          3.4s
  445       511.2       206.4    0.4030   1.00   0.50    -9.8100  lv4(-9.8)          3.2s
  446       557.7       198.4    0.4026   1.00   0.50    -9.8100  lv4(-9.8)          3.3s
  447       544.6       256.3    0.4020   1.00   0.50    -9.8100  lv4(-9.8)          3.2s
  448       497.1       239.3    0.4012   1.00   0.50    -9.8100  lv4(-9.8)          3.3s
  449       545.0       198.8    0.4006   1.00   0.50    -9.8100  lv4(-9.8)          2.9s
  [probe] gen=450 score=580.5 net=2.304 fell=1.000
  [plot] Saved fitness curve → experiments/thesis/adaptive_progression/seed_09/fitness_curve.png
  450       584.3       258.9    0.3999   1.00   0.50    -9.8100  lv4(-9.8)          3.1s
  451       509.0       247.7    0.3994   1.00   0.50    -9.8100  lv4(-9.8)          2.8s
  452       555.2       291.5    0.3988   1.00   0.50    -9.8100  lv4(-9.8)          2.8s
  453       539.6       242.5    0.3985   1.00   0.50    -9.8100  lv4(-9.8)          2.7s
  454       586.4       331.9    0.3982   1.00   0.50    -9.8100  lv4(-9.8)          3.1s
  455       590.5       319.3    0.3978   1.00   0.50    -9.8100  lv4(-9.8)          2.9s
  456       556.7       223.0    0.3974   1.00   0.50    -9.8100  lv4(-9.8)          2.9s
  457       537.4       314.1    0.3971   1.00   0.50    -9.8100  lv4(-9.8)          2.9s
  458       588.2       223.2    0.3967   1.00   0.50    -9.8100  lv4(-9.8)          2.8s
  459       583.6       313.2    0.3964   1.00   0.50    -9.8100  lv4(-9.8)          3.1s
  [probe] gen=460 score=572.8 net=2.228 fell=0.700
  460       560.1       194.6    0.3962   1.00   0.50    -9.8100  lv4(-9.8)          2.9s
  461       566.1       258.2    0.3959   1.00   0.50    -9.8100  lv4(-9.8)          2.9s
  462       612.0       199.4    0.3957   1.00   0.50    -9.8100  lv4(-9.8)          3.1s
  463       526.1       357.7    0.3956   1.00   0.50    -9.8100  lv4(-9.8)          3.1s
  464       555.4       312.3    0.3955   1.00   0.50    -9.8100  lv4(-9.8)          2.8s
  465       568.9       304.3    0.3955   1.00   0.50    -9.8100  lv4(-9.8)          2.8s
  466       578.3       332.8    0.3956   1.00   0.50    -9.8100  lv4(-9.8)          2.8s
  467       563.6       286.1    0.3957   1.00   0.50    -9.8100  lv4(-9.8)          2.8s
  468       578.4       242.5    0.3957   1.00   0.50    -9.8100  lv4(-9.8)          2.9s
  469       580.8       266.4    0.3959   1.00   0.50    -9.8100  lv4(-9.8)          2.7s
  [probe] gen=470 score=472.8 net=1.965 fell=0.900
  470       602.6       208.7    0.3960   1.00   0.50    -9.8100  lv4(-9.8)          2.7s
  471       559.7       219.6    0.3961   1.00   0.50    -9.8100  lv4(-9.8)          2.9s
  472       588.8       287.6    0.3963   1.00   0.50    -9.8100  lv4(-9.8)          3.3s
  473       564.0       265.8    0.3964   1.00   0.50    -9.8100  lv4(-9.8)          3.1s
  474       606.5       171.6    0.3963   1.00   0.50    -9.8100  lv4(-9.8)          3.1s
  [plot] Saved fitness curve → experiments/thesis/adaptive_progression/seed_09/fitness_curve.png
  475       549.9       270.4    0.3963   1.00   0.50    -9.8100  lv4(-9.8)          3.0s
  476       587.4       278.5    0.3962   1.00   0.50    -9.8100  lv4(-9.8)          2.9s
  477       602.2       271.8    0.3962   1.00   0.50    -9.8100  lv4(-9.8)          3.0s
  478       549.7       113.7    0.3961   1.00   0.50    -9.8100  lv4(-9.8)          2.7s
  479       603.2       243.0    0.3960   1.00   0.50    -9.8100  lv4(-9.8)          3.0s
  [probe] gen=480 score=246.8 net=1.131 fell=1.000
  480       514.8       264.5    0.3959   1.00   0.50    -9.8100  lv4(-9.8)          2.8s
  481       525.3       274.0    0.3958   1.00   0.50    -9.8100  lv4(-9.8)          2.7s
  482       527.8       275.8    0.3956   1.00   0.50    -9.8100  lv4(-9.8)          2.6s
  483       527.5       227.4    0.3955   1.00   0.50    -9.8100  lv4(-9.8)          2.4s
  484       540.5       265.3    0.3951   1.00   0.50    -9.8100  lv4(-9.8)          2.7s
  485       556.9       194.6    0.3947   1.00   0.50    -9.8100  lv4(-9.8)          2.5s
  486       502.4       287.2    0.3944   1.00   0.50    -9.8100  lv4(-9.8)          3.0s
  487       611.6       338.8    0.3941   1.00   0.50    -9.8100  lv4(-9.8)          3.0s
  488       520.6       181.7    0.3938   1.00   0.50    -9.8100  lv4(-9.8)          2.9s
  489       555.3       187.2    0.3936   1.00   0.50    -9.8100  lv4(-9.8)          3.0s
  [probe] gen=490 score=497.6 net=2.170 fell=1.000
  490       571.7       325.5    0.3934   1.00   0.50    -9.8100  lv4(-9.8)          2.9s
  491       525.2       181.4    0.3931   1.00   0.50    -9.8100  lv4(-9.8)          2.7s
  492       517.9       266.0    0.3928   1.00   0.50    -9.8100  lv4(-9.8)          2.8s
  493       540.0       243.4    0.3925   1.00   0.50    -9.8100  lv4(-9.8)          2.9s
  494       555.8       254.2    0.3923   1.00   0.50    -9.8100  lv4(-9.8)          2.9s
  495       541.0       257.4    0.3922   1.00   0.50    -9.8100  lv4(-9.8)          2.7s
  496       546.7       280.9    0.3922   1.00   0.50    -9.8100  lv4(-9.8)          3.0s
  497       575.1       282.8    0.3921   1.00   0.50    -9.8100  lv4(-9.8)          3.0s
  498       562.4       163.0    0.3922   1.00   0.50    -9.8100  lv4(-9.8)          2.7s
  499       543.9       225.0    0.3922   1.00   0.50    -9.8100  lv4(-9.8)          2.9s
  [plot] Saved fitness curve → experiments/thesis/adaptive_progression/seed_09/fitness_curve.png

Training complete. Best fitness: 775.8
Best params → experiments/thesis/adaptive_progression/seed_09/checkpoints/best_params.npy
Fitness curve → experiments/thesis/adaptive_progression/seed_09/fitness_curve.png
Eval params  → best_earth_params (earth probe score: 592.8)
Final Earth scorecard | score=581.4 net=2.446 fell=1.000
Gravity sweep | gravities=5 mean_net=2.004 worst_net=1.488
  [exp] Wrote experiments/thesis/adaptive_progression/seed_09/experiment.json
  [exp] Wrote experiments/thesis/adaptive_progression/seed_09/training_log.csv
  [exp] Wrote experiments/thesis/adaptive_progression/seed_09/earth_probe.csv
  [exp] Wrote experiments/thesis/adaptive_progression/seed_09/gravity_sweep.csv
  [exp] Wrote experiments/thesis/adaptive_progression/seed_09/summary.json
