Walker2d-v5 | policy=CPG  params=504
Curriculum   : ArchiveBased  [-1.6→-3.0→-5.0→-7.0→-9.81]  plateau=30gen  archive_size=5
Run context | seed=7 arm=archive_based run_id=archive_based_seed_07

Schedule | penalty_min=0.20 penalty_ramp_gen=200 corr_min=0.00 corr_max=0.50 corr_ramp_gen=200

Starting CMA-ES | pop=40 | sigma0=0.5 | max_gen=500 | workers=8 | seed=7
Checkpoints → experiments/thesis/archive_based/seed_07/checkpoints/

  Gen        Best        Mean     Sigma    Pen   Corr    Gravity  Phase              Time
------------------------------------------------------------------------------------
  [probe] gen=0 score=-408.4 net=-0.216 fell=1.000 [new best earth]
  [plot] Saved fitness curve → experiments/thesis/archive_based/seed_07/fitness_curve.png
    0       -46.5       -75.8    0.4903   0.20   0.00    -1.6000  lv0(a=0)           1.6s
    1       -66.7       -76.7    0.4818   0.20   0.00    -1.6000  lv0(a=1)           0.2s
    2       -56.8       -77.0    0.4743   0.21   0.01    -1.6000  lv0(a=2)           0.2s
    3       -54.9       -73.0    0.4675   0.21   0.01    -1.6000  lv0(a=3)           0.2s
    4       -63.1       -74.7    0.4615   0.22   0.01    -1.6000  lv0(a=4)           0.2s
    5       -57.8       -75.1    0.4559   0.22   0.01    -1.6000  lv0(a=5)           0.2s
    6       -57.2       -74.4    0.4510   0.22   0.01    -1.6000  lv0(a=5)           0.2s
    7       -21.2       -72.3    0.4465   0.23   0.02    -1.6000  lv0(a=5)           0.2s
    8       -58.6       -76.4    0.4425   0.23   0.02    -1.6000  lv0(a=5)           0.2s
    9       -55.4       -76.7    0.4388   0.24   0.02    -1.6000  lv0(a=5)           0.3s
  [probe] gen=10 score=-382.8 net=-0.330 fell=1.000 [new best earth]
   10       -46.9       -73.9    0.4355   0.24   0.03    -1.6000  lv0(a=5)           0.2s
   11       -59.4       -73.4    0.4323   0.24   0.03    -1.6000  lv0(a=5)           0.3s
   12       -47.6       -76.6    0.4293   0.25   0.03    -1.6000  lv0(a=5)           0.3s
   13       -56.1       -77.1    0.4264   0.25   0.03    -1.6000  lv0(a=5)           0.3s
   14       -37.5       -78.0    0.4236   0.26   0.04    -1.6000  lv0(a=5)           0.3s
   15       -60.7       -78.4    0.4209   0.26   0.04    -1.6000  lv0(a=5)           0.3s
   16        48.1       -76.6    0.4182   0.26   0.04    -1.6000  lv0(a=5)           0.3s
   17       -50.7       -76.5    0.4158   0.27   0.04    -1.6000  lv0(a=5)           0.3s
   18       -23.1       -71.9    0.4134   0.27   0.04    -1.6000  lv0(a=5)           0.4s
   19         1.2       -73.3    0.4112   0.28   0.05    -1.6000  lv0(a=5)           0.3s
  [probe] gen=20 score=-355.1 net=-0.217 fell=1.000 [new best earth]
   20        27.6       -69.5    0.4091   0.28   0.05    -1.6000  lv0(a=5)           0.3s
   21        24.7       -64.7    0.4072   0.28   0.05    -1.6000  lv0(a=5)           0.4s
   22        -5.7       -75.1    0.4054   0.29   0.06    -1.6000  lv0(a=5)           0.4s
   23        66.5       -57.5    0.4037   0.29   0.06    -1.6000  lv0(a=5)           0.5s
   24        72.4       -60.7    0.4020   0.30   0.06    -1.6000  lv0(a=5)           0.5s
  [plot] Saved fitness curve → experiments/thesis/archive_based/seed_07/fitness_curve.png
   25        37.6       -67.6    0.4003   0.30   0.06    -1.6000  lv0(a=5)           0.5s
   26        72.1       -56.2    0.3986   0.30   0.07    -1.6000  lv0(a=5)           0.5s
   27        90.7       -66.3    0.3972   0.31   0.07    -1.6000  lv0(a=5)           0.4s
   28       109.1       -63.0    0.3958   0.31   0.07    -1.6000  lv0(a=5)           0.5s
   29        68.7       -54.1    0.3945   0.32   0.07    -1.6000  lv0(a=5)           0.5s
  [probe] gen=30 score=-398.5 net=-0.206 fell=1.000
   30        51.9       -73.2    0.3934   0.32   0.07    -1.6000  lv0(a=5)           0.5s
   31        84.8       -68.5    0.3925   0.32   0.08    -1.6000  lv0(a=5)           0.5s
   32       278.3       -58.7    0.3917   0.33   0.08    -1.6000  lv0(a=5)           0.6s
   33        93.6       -71.3    0.3909   0.33   0.08    -1.6000  lv0(a=5)           0.5s
   34       161.2       -38.9    0.3904   0.34   0.09    -1.6000  lv0(a=5)           0.6s
   35       102.6       -56.1    0.3899   0.34   0.09    -1.6000  lv0(a=5)           0.5s
   36       255.0       -37.0    0.3896   0.34   0.09    -1.6000  lv0(a=5)           0.7s
   37       397.2        18.7    0.3892   0.35   0.09    -1.6000  lv0(a=5)           0.8s
   38       309.6       -33.9    0.3887   0.35   0.10    -1.6000  lv0(a=5)           0.6s
   39       150.4       -51.9    0.3884   0.36   0.10    -1.6000  lv0(a=5)           0.7s
  [probe] gen=40 score=-418.1 net=-0.206 fell=1.000
   40       178.9       -48.8    0.3881   0.36   0.10    -1.6000  lv0(a=5)           0.6s
   41       212.2       -29.1    0.3878   0.36   0.10    -1.6000  lv0(a=5)           0.6s
   42       153.3       -26.6    0.3873   0.37   0.10    -1.6000  lv0(a=5)           0.7s
   43       233.7        -0.7    0.3870   0.37   0.11    -1.6000  lv0(a=5)           0.7s
   44       240.4       -19.2    0.3867   0.38   0.11    -1.6000  lv0(a=5)           0.8s
   45       394.6       -19.0    0.3867   0.38   0.11    -1.6000  lv0(a=5)           0.8s
   46       302.4        -9.4    0.3867   0.38   0.12    -1.6000  lv0(a=5)           0.8s
   47       196.3       -20.6    0.3867   0.39   0.12    -1.6000  lv0(a=5)           0.8s
   48       166.7       -26.7    0.3869   0.39   0.12    -1.6000  lv0(a=5)           0.7s
   49       403.5        18.2    0.3871   0.40   0.12    -1.6000  lv0(a=5)           0.9s
  [probe] gen=50 score=-253.8 net=0.062 fell=1.000 [new best earth]
  [plot] Saved fitness curve → experiments/thesis/archive_based/seed_07/fitness_curve.png
   50       315.4         8.4    0.3874   0.40   0.12    -1.6000  lv0(a=5)           0.8s
   51       378.6        24.4    0.3876   0.40   0.13    -1.6000  lv0(a=5)           0.9s
   52       340.7        29.6    0.3877   0.41   0.13    -1.6000  lv0(a=5)           0.8s
   53       315.0       -38.8    0.3876   0.41   0.13    -1.6000  lv0(a=5)           0.8s
   54       286.4       -17.1    0.3875   0.42   0.14    -1.6000  lv0(a=5)           0.8s
   55       285.3         1.8    0.3875   0.42   0.14    -1.6000  lv0(a=5)           0.9s
   56       205.7       -18.7    0.3875   0.42   0.14    -1.6000  lv0(a=5)           0.8s
   57       259.6         4.8    0.3877   0.43   0.14    -1.6000  lv0(a=5)           0.9s
   58       304.7         7.7    0.3879   0.43   0.14    -1.6000  lv0(a=5)           0.9s
   59       338.3        13.2    0.3881   0.44   0.15    -1.6000  lv0(a=5)           0.9s
  [probe] gen=60 score=-69.6 net=0.821 fell=1.000 [new best earth]
   60       240.2        30.5    0.3883   0.44   0.15    -1.6000  lv0(a=5)           0.8s
   61       226.6       -19.2    0.3884   0.44   0.15    -1.6000  lv0(a=5)           0.7s
   62       190.6        19.1    0.3883   0.45   0.15    -1.6000  lv0(a=5)           0.8s
   63       222.6       -37.4    0.3881   0.45   0.16    -1.6000  lv0(a=5)           0.7s
   64       241.1         0.1    0.3877   0.46   0.16    -1.6000  lv0(a=5)           0.7s
   65       280.9       -12.6    0.3874   0.46   0.16    -1.6000  lv0(a=5)           0.7s
   66       318.4        -9.8    0.3871   0.46   0.17    -1.6000  lv0(a=5)           0.8s
   67       187.3       -25.8    0.3867   0.47   0.17    -1.6000  lv0(a=5)           0.7s
   68       310.2       -41.3    0.3863   0.47   0.17    -1.6000  lv0(a=5)           0.8s
   69       289.1        16.7    0.3859   0.48   0.17    -1.6000  lv0(a=5)           0.8s
  [probe] gen=70 score=-305.9 net=-0.059 fell=1.000
   70       395.6        11.8    0.3853   0.48   0.17    -1.6000  lv0(a=5)           0.8s
   71       260.6       -14.7    0.3848   0.48   0.18    -1.6000  lv0(a=5)           1.0s
   72       356.5        -8.5    0.3842   0.49   0.18    -1.6000  lv0(a=5)           0.8s
   73       254.5       -28.0    0.3837   0.49   0.18    -1.6000  lv0(a=5)           0.8s
   74       210.9       -24.8    0.3831   0.50   0.18    -1.6000  lv0(a=5)           0.9s
  [plot] Saved fitness curve → experiments/thesis/archive_based/seed_07/fitness_curve.png
   75       252.1       -18.8    0.3826   0.50   0.19    -1.6000  lv0(a=5)           1.1s
   76       313.7        -3.1    0.3820   0.50   0.19    -1.6000  lv0(a=5)           0.9s
   77       390.4        -7.8    0.3815   0.51   0.19    -1.6000  lv0(a=5)           1.0s
   78       287.2        -8.8    0.3810   0.51   0.20    -1.6000  lv0(a=5)           1.1s
  [stage] gen=79  gravity -1.60 → -3.00  ES restarted  remaining=420
   79       407.9         3.2    0.5000   0.52   0.20    -1.6000  lv0(a=5)           0.9s
  [probe] gen=80 score=33.1 net=1.022 fell=1.000 [new best earth]
   80       331.6       -91.0    0.4903   0.52   0.20    -3.0000  lv1(a=0)           1.0s
   81       302.5       -21.5    0.4820   0.52   0.20    -3.0000  lv1(a=1)           1.1s
   82       458.0        -7.6    0.4745   0.53   0.20    -3.0000  lv1(a=2)           1.3s
   83       482.2        49.1    0.4679   0.53   0.21    -3.0000  lv1(a=3)           1.6s
   84       296.4       -16.0    0.4618   0.54   0.21    -3.0000  lv1(a=4)           1.4s
   85       573.4        46.9    0.4562   0.54   0.21    -3.0000  lv1(a=5)           1.6s
   86       564.0        81.1    0.4511   0.54   0.21    -3.0000  lv1(a=5)           1.6s
   87       526.4        65.7    0.4466   0.55   0.22    -3.0000  lv1(a=5)           1.7s
   88       520.9        91.3    0.4426   0.55   0.22    -3.0000  lv1(a=5)           1.8s
   89       506.6        41.2    0.4390   0.56   0.22    -3.0000  lv1(a=5)           1.7s
  [probe] gen=90 score=-150.0 net=0.160 fell=1.000
   90       435.1       124.4    0.4360   0.56   0.23    -3.0000  lv1(a=5)           2.0s
   91       570.8       143.7    0.4331   0.56   0.23    -3.0000  lv1(a=5)           2.0s
   92       523.9       105.7    0.4306   0.57   0.23    -3.0000  lv1(a=5)           2.1s
   93       480.7       117.7    0.4283   0.57   0.23    -3.0000  lv1(a=5)           2.0s
   94       509.1       156.2    0.4260   0.58   0.23    -3.0000  lv1(a=5)           2.3s
   95       598.0       156.0    0.4238   0.58   0.24    -3.0000  lv1(a=5)           1.9s
   96       491.3       191.0    0.4218   0.58   0.24    -3.0000  lv1(a=5)           2.3s
   97       503.1       193.1    0.4199   0.59   0.24    -3.0000  lv1(a=5)           2.1s
   98       563.3       191.7    0.4181   0.59   0.24    -3.0000  lv1(a=5)           2.2s
   99       545.8       210.7    0.4164   0.60   0.25    -3.0000  lv1(a=5)           2.2s
  [probe] gen=100 score=94.3 net=1.078 fell=0.900 [new best earth]
  [plot] Saved fitness curve → experiments/thesis/archive_based/seed_07/fitness_curve.png
  100       574.7       250.8    0.4149   0.60   0.25    -3.0000  lv1(a=5)           2.6s
  101       644.8       176.9    0.4136   0.60   0.25    -3.0000  lv1(a=5)           2.0s
  102       606.8       213.2    0.4123   0.61   0.26    -3.0000  lv1(a=5)           2.1s
  103       670.4       361.7    0.4112   0.61   0.26    -3.0000  lv1(a=5)           2.4s
  104       695.4       295.5    0.4101   0.62   0.26    -3.0000  lv1(a=5)           2.5s
  105       663.1       293.8    0.4092   0.62   0.26    -3.0000  lv1(a=5)           2.4s
  106       641.9       180.5    0.4084   0.62   0.27    -3.0000  lv1(a=5)           2.0s
  107       781.8       298.8    0.4078   0.63   0.27    -3.0000  lv1(a=5)           2.0s
  108       710.5       365.9    0.4070   0.63   0.27    -3.0000  lv1(a=5)           2.3s
  109       793.6       273.6    0.4063   0.64   0.27    -3.0000  lv1(a=5)           2.3s
  [probe] gen=110 score=-28.2 net=0.559 fell=1.000
  110       894.9       333.7    0.4055   0.64   0.28    -3.0000  lv1(a=5)           2.7s
  111       711.5       285.1    0.4049   0.64   0.28    -3.0000  lv1(a=5)           2.5s
  112      1003.8       335.1    0.4044   0.65   0.28    -3.0000  lv1(a=5)           2.8s
  113       738.4       318.2    0.4038   0.65   0.28    -3.0000  lv1(a=5)           2.5s
  114       897.2       408.3    0.4032   0.66   0.28    -3.0000  lv1(a=5)           2.7s
  115       838.9       388.3    0.4028   0.66   0.29    -3.0000  lv1(a=5)           2.6s
  116       838.2       275.3    0.4026   0.66   0.29    -3.0000  lv1(a=5)           2.1s
  117       842.0       373.1    0.4025   0.67   0.29    -3.0000  lv1(a=5)           2.2s
  118       857.7       394.0    0.4025   0.67   0.29    -3.0000  lv1(a=5)           2.4s
  119       882.1       394.3    0.4025   0.68   0.30    -3.0000  lv1(a=5)           2.7s
  [probe] gen=120 score=-47.9 net=0.415 fell=0.900
  120       867.3       327.8    0.4025   0.68   0.30    -3.0000  lv1(a=5)           2.3s
  121       778.1       400.9    0.4024   0.68   0.30    -3.0000  lv1(a=5)           2.6s
  122       934.1       395.0    0.4026   0.69   0.30    -3.0000  lv1(a=5)           2.7s
  123      1082.7       301.9    0.4028   0.69   0.31    -3.0000  lv1(a=5)           2.3s
  124       740.2       289.2    0.4031   0.70   0.31    -3.0000  lv1(a=5)           2.3s
  [plot] Saved fitness curve → experiments/thesis/archive_based/seed_07/fitness_curve.png
  125       956.2       259.5    0.4035   0.70   0.31    -3.0000  lv1(a=5)           2.5s
  126       970.0       381.0    0.4039   0.70   0.32    -3.0000  lv1(a=5)           2.5s
  127       916.6       349.8    0.4043   0.71   0.32    -3.0000  lv1(a=5)           2.5s
  128       965.8       315.3    0.4046   0.71   0.32    -3.0000  lv1(a=5)           2.2s
  129      1038.6       341.7    0.4049   0.72   0.32    -3.0000  lv1(a=5)           2.5s
  [probe] gen=130 score=291.8 net=1.497 fell=0.800 [new best earth]
  130       866.9       283.5    0.4050   0.72   0.33    -3.0000  lv1(a=5)           2.3s
  131       958.4       381.6    0.4051   0.72   0.33    -3.0000  lv1(a=5)           2.5s
  132       868.0       335.7    0.4051   0.73   0.33    -3.0000  lv1(a=5)           2.4s
  133      1014.5       415.7    0.4054   0.73   0.33    -3.0000  lv1(a=5)           2.7s
  134       899.0       262.3    0.4056   0.74   0.34    -3.0000  lv1(a=5)           2.1s
  135       936.9       423.4    0.4057   0.74   0.34    -3.0000  lv1(a=5)           2.4s
  136       826.9       322.3    0.4058   0.74   0.34    -3.0000  lv1(a=5)           2.1s
  137       920.7       379.2    0.4058   0.75   0.34    -3.0000  lv1(a=5)           2.4s
  138       775.4       267.0    0.4060   0.75   0.34    -3.0000  lv1(a=5)           2.0s
  139       896.3       346.1    0.4060   0.76   0.35    -3.0000  lv1(a=5)           2.3s
  [probe] gen=140 score=145.0 net=1.269 fell=1.000
  140       894.0       401.8    0.4060   0.76   0.35    -3.0000  lv1(a=5)           2.3s
  141       723.2       341.1    0.4061   0.76   0.35    -3.0000  lv1(a=5)           2.0s
  142       708.5       332.2    0.4062   0.77   0.35    -3.0000  lv1(a=5)           2.4s
  143       779.8       302.6    0.4065   0.77   0.36    -3.0000  lv1(a=5)           2.3s
  144       842.1       315.6    0.4068   0.78   0.36    -3.0000  lv1(a=5)           2.5s
  145       872.7       272.2    0.4072   0.78   0.36    -3.0000  lv1(a=5)           2.3s
  146       933.8       372.1    0.4076   0.78   0.36    -3.0000  lv1(a=5)           2.7s
  147       835.2       369.8    0.4079   0.79   0.37    -3.0000  lv1(a=5)           2.4s
  148      1104.3       326.4    0.4081   0.79   0.37    -3.0000  lv1(a=5)           2.3s
  149       980.3       331.8    0.4083   0.80   0.37    -3.0000  lv1(a=5)           2.4s
  [probe] gen=150 score=90.6 net=1.099 fell=1.000
  [plot] Saved fitness curve → experiments/thesis/archive_based/seed_07/fitness_curve.png
  150       840.7       307.5    0.4085   0.80   0.38    -3.0000  lv1(a=5)           2.3s
  151       789.4       356.5    0.4085   0.80   0.38    -3.0000  lv1(a=5)           2.2s
  152       767.5       350.4    0.4086   0.81   0.38    -3.0000  lv1(a=5)           2.4s
  153       875.1       373.8    0.4087   0.81   0.38    -3.0000  lv1(a=5)           2.4s
  154       937.1       432.1    0.4086   0.82   0.39    -3.0000  lv1(a=5)           2.1s
  155       900.7       402.3    0.4085   0.82   0.39    -3.0000  lv1(a=5)           2.5s
  156       981.8       435.0    0.4084   0.82   0.39    -3.0000  lv1(a=5)           2.2s
  157      1051.0       386.4    0.4083   0.83   0.39    -3.0000  lv1(a=5)           2.5s
  158       963.6       371.4    0.4083   0.83   0.40    -3.0000  lv1(a=5)           2.6s
  159       913.2       445.6    0.4084   0.84   0.40    -3.0000  lv1(a=5)           2.6s
  [probe] gen=160 score=23.8 net=0.864 fell=1.000
  160      1144.8       404.9    0.4085   0.84   0.40    -3.0000  lv1(a=5)           2.3s
  161       967.7       482.8    0.4085   0.84   0.40    -3.0000  lv1(a=5)           2.7s
  162      1231.4       458.1    0.4086   0.85   0.41    -3.0000  lv1(a=5)           2.8s
  163      1188.7       507.0    0.4088   0.85   0.41    -3.0000  lv1(a=5)           3.0s
  164      1094.1       384.2    0.4089   0.86   0.41    -3.0000  lv1(a=5)           2.3s
  165      1144.8       370.1    0.4088   0.86   0.41    -3.0000  lv1(a=5)           2.5s
  166      1051.5       606.3    0.4087   0.86   0.41    -3.0000  lv1(a=5)           2.9s
  167      1208.7       530.3    0.4084   0.87   0.42    -3.0000  lv1(a=5)           2.9s
  168      1129.4       476.1    0.4082   0.87   0.42    -3.0000  lv1(a=5)           2.7s
  169      1075.1       501.4    0.4081   0.88   0.42    -3.0000  lv1(a=5)           2.6s
  [probe] gen=170 score=196.1 net=1.645 fell=1.000
  170      1249.6       513.2    0.4080   0.88   0.42    -3.0000  lv1(a=5)           2.4s
  171      1207.3       560.3    0.4078   0.88   0.43    -3.0000  lv1(a=5)           2.5s
  172      1480.1       621.2    0.4077   0.89   0.43    -3.0000  lv1(a=5)           2.8s
  173      1222.1       585.4    0.4075   0.89   0.43    -3.0000  lv1(a=5)           2.8s
  174      1163.4       480.6    0.4074   0.90   0.43    -3.0000  lv1(a=5)           2.3s
  [plot] Saved fitness curve → experiments/thesis/archive_based/seed_07/fitness_curve.png
  175      1199.6       479.6    0.4072   0.90   0.44    -3.0000  lv1(a=5)           2.5s
  176      1144.3       523.6    0.4067   0.90   0.44    -3.0000  lv1(a=5)           2.5s
  177      1244.9       515.2    0.4062   0.91   0.44    -3.0000  lv1(a=5)           2.6s
  178      1215.5       456.3    0.4059   0.91   0.45    -3.0000  lv1(a=5)           2.3s
  179      1216.1       478.0    0.4056   0.92   0.45    -3.0000  lv1(a=5)           2.6s
  [probe] gen=180 score=444.5 net=1.814 fell=0.600 [new best earth]
  180      1296.4       585.9    0.4053   0.92   0.45    -3.0000  lv1(a=5)           2.9s
  181      1320.2       534.2    0.4051   0.92   0.45    -3.0000  lv1(a=5)           2.6s
  182      1322.0       479.4    0.4048   0.93   0.46    -3.0000  lv1(a=5)           2.2s
  183      1245.8       613.4    0.4047   0.93   0.46    -3.0000  lv1(a=5)           2.8s
  184      1247.9       509.0    0.4047   0.94   0.46    -3.0000  lv1(a=5)           2.7s
  185      1488.1       595.8    0.4048   0.94   0.46    -3.0000  lv1(a=5)           2.5s
  186      1188.1       659.7    0.4051   0.94   0.47    -3.0000  lv1(a=5)           2.7s
  187      1378.5       655.5    0.4054   0.95   0.47    -3.0000  lv1(a=5)           2.9s
  188      1143.8       580.4    0.4055   0.95   0.47    -3.0000  lv1(a=5)           2.8s
  189      1151.0       395.6    0.4058   0.96   0.47    -3.0000  lv1(a=5)           2.0s
  [probe] gen=190 score=350.7 net=1.756 fell=0.800
  190      1220.4       561.9    0.4060   0.96   0.47    -3.0000  lv1(a=5)           2.5s
  191      1226.6       552.4    0.4061   0.96   0.48    -3.0000  lv1(a=5)           3.0s
  192      1076.3       470.3    0.4061   0.97   0.48    -3.0000  lv1(a=5)           2.4s
  193      1152.1       473.3    0.4061   0.97   0.48    -3.0000  lv1(a=5)           2.7s
  194      1407.4       710.9    0.4062   0.98   0.48    -3.0000  lv1(a=5)           2.9s
  195      1242.0       452.0    0.4062   0.98   0.49    -3.0000  lv1(a=5)           2.2s
  196      1341.2       623.6    0.4063   0.98   0.49    -3.0000  lv1(a=5)           2.8s
  197      1213.8       426.6    0.4062   0.99   0.49    -3.0000  lv1(a=5)           2.3s
  198      1336.6       595.5    0.4064   0.99   0.49    -3.0000  lv1(a=5)           2.9s
  199      1445.5       661.1    0.4066   1.00   0.50    -3.0000  lv1(a=5)           2.9s
  [probe] gen=200 score=202.9 net=1.676 fell=1.000
  [plot] Saved fitness curve → experiments/thesis/archive_based/seed_07/fitness_curve.png
  200      1485.0       644.3    0.4069   1.00   0.50    -3.0000  lv1(a=5)           3.0s
  201      1390.1       640.5    0.4072   1.00   0.50    -3.0000  lv1(a=5)           2.7s
  202      1335.9       686.5    0.4076   1.00   0.50    -3.0000  lv1(a=5)           2.8s
  203      1580.8       652.4    0.4080   1.00   0.50    -3.0000  lv1(a=5)           2.9s
  204      1281.1       658.5    0.4083   1.00   0.50    -3.0000  lv1(a=5)           2.9s
  205      1383.4       665.0    0.4087   1.00   0.50    -3.0000  lv1(a=5)           2.8s
  206      1262.8       627.4    0.4089   1.00   0.50    -3.0000  lv1(a=5)           3.0s
  207      1140.1       495.4    0.4091   1.00   0.50    -3.0000  lv1(a=5)           2.7s
  208      1452.3       524.0    0.4091   1.00   0.50    -3.0000  lv1(a=5)           2.7s
  209      1299.7       664.0    0.4091   1.00   0.50    -3.0000  lv1(a=5)           3.2s
  [probe] gen=210 score=105.2 net=1.180 fell=1.000
  210      1519.0       694.2    0.4091   1.00   0.50    -3.0000  lv1(a=5)           3.2s
  211      1153.8       543.8    0.4092   1.00   0.50    -3.0000  lv1(a=5)           2.8s
  212      1472.4       555.5    0.4092   1.00   0.50    -3.0000  lv1(a=5)           2.7s
  213      1261.4       526.8    0.4092   1.00   0.50    -3.0000  lv1(a=5)           2.5s
  214      1433.3       546.7    0.4093   1.00   0.50    -3.0000  lv1(a=5)           2.8s
  215      1205.6       653.3    0.4094   1.00   0.50    -3.0000  lv1(a=5)           2.7s
  216      1217.4       560.1    0.4096   1.00   0.50    -3.0000  lv1(a=5)           2.7s
  217      1364.7       706.6    0.4097   1.00   0.50    -3.0000  lv1(a=5)           2.9s
  218      1393.9       628.3    0.4099   1.00   0.50    -3.0000  lv1(a=5)           3.0s
  219      1349.5       576.1    0.4099   1.00   0.50    -3.0000  lv1(a=5)           2.7s
  [probe] gen=220 score=220.9 net=1.765 fell=1.000
  220      1368.7       619.0    0.4099   1.00   0.50    -3.0000  lv1(a=5)           2.7s
  221      1185.4       704.7    0.4100   1.00   0.50    -3.0000  lv1(a=5)           3.1s
  222      1370.3       635.7    0.4103   1.00   0.50    -3.0000  lv1(a=5)           2.7s
  223      1495.3       693.1    0.4105   1.00   0.50    -3.0000  lv1(a=5)           3.3s
  224      1165.4       602.1    0.4105   1.00   0.50    -3.0000  lv1(a=5)           2.8s
  [plot] Saved fitness curve → experiments/thesis/archive_based/seed_07/fitness_curve.png
  225      1403.8       630.8    0.4106   1.00   0.50    -3.0000  lv1(a=5)           2.7s
  226      1326.4       633.0    0.4108   1.00   0.50    -3.0000  lv1(a=5)           2.6s
  227      1457.0       758.0    0.4108   1.00   0.50    -3.0000  lv1(a=5)           3.1s
  228      1272.0       709.6    0.4110   1.00   0.50    -3.0000  lv1(a=5)           2.9s
  229      1283.9       879.5    0.4112   1.00   0.50    -3.0000  lv1(a=5)           3.3s
  [probe] gen=230 score=73.4 net=1.228 fell=1.000
  230      1517.3       852.6    0.4115   1.00   0.50    -3.0000  lv1(a=5)           3.1s
  231      1305.8       723.7    0.4119   1.00   0.50    -3.0000  lv1(a=5)           2.7s
  232      1296.4       531.7    0.4121   1.00   0.50    -3.0000  lv1(a=5)           2.3s
  [stage] gen=233  gravity -3.00 → -5.00  ES restarted  remaining=266
  233      1459.4       709.7    0.5000   1.00   0.50    -3.0000  lv1(a=5)           2.8s
  234      1062.4       235.5    0.4903   1.00   0.50    -5.0000  lv2(a=0)           1.9s
  235      1236.9       251.7    0.4820   1.00   0.50    -5.0000  lv2(a=1)           2.0s
  236       857.4       306.2    0.4747   1.00   0.50    -5.0000  lv2(a=2)           2.3s
  237      1077.6       503.8    0.4679   1.00   0.50    -5.0000  lv2(a=3)           3.0s
  238      1153.8       410.1    0.4619   1.00   0.50    -5.0000  lv2(a=4)           2.5s
  239      1073.9       481.0    0.4563   1.00   0.50    -5.0000  lv2(a=5)           2.8s
  [probe] gen=240 score=390.6 net=2.207 fell=0.800
  240      1138.7       477.7    0.4511   1.00   0.50    -5.0000  lv2(a=5)           2.9s
  241       969.6       551.2    0.4462   1.00   0.50    -5.0000  lv2(a=5)           2.8s
  242      1132.4       620.3    0.4418   1.00   0.50    -5.0000  lv2(a=5)           3.2s
  243      1136.9       531.7    0.4378   1.00   0.50    -5.0000  lv2(a=5)           3.2s
  244      1128.9       538.4    0.4340   1.00   0.50    -5.0000  lv2(a=5)           2.8s
  245      1145.4       628.0    0.4306   1.00   0.50    -5.0000  lv2(a=5)           3.3s
  246      1026.2       443.4    0.4274   1.00   0.50    -5.0000  lv2(a=5)           2.6s
  247      1210.9       507.3    0.4244   1.00   0.50    -5.0000  lv2(a=5)           2.7s
  248      1119.1       448.4    0.4217   1.00   0.50    -5.0000  lv2(a=5)           2.5s
  249      1185.5       412.6    0.4188   1.00   0.50    -5.0000  lv2(a=5)           2.6s
  [probe] gen=250 score=397.9 net=2.137 fell=0.800
  [plot] Saved fitness curve → experiments/thesis/archive_based/seed_07/fitness_curve.png
  250      1216.9       522.1    0.4161   1.00   0.50    -5.0000  lv2(a=5)           2.8s
  251      1227.6       346.1    0.4137   1.00   0.50    -5.0000  lv2(a=5)           2.2s
  252      1195.7       410.3    0.4112   1.00   0.50    -5.0000  lv2(a=5)           2.2s
  253      1068.8       608.2    0.4091   1.00   0.50    -5.0000  lv2(a=5)           3.2s
  254      1161.2       455.9    0.4071   1.00   0.50    -5.0000  lv2(a=5)           2.7s
  255      1120.4       508.9    0.4052   1.00   0.50    -5.0000  lv2(a=5)           3.0s
  256      1257.2       584.0    0.4033   1.00   0.50    -5.0000  lv2(a=5)           2.8s
  257      1092.7       462.6    0.4013   1.00   0.50    -5.0000  lv2(a=5)           2.6s
  258      1215.0       269.4    0.3994   1.00   0.50    -5.0000  lv2(a=5)           2.1s
  259      1244.0       488.5    0.3976   1.00   0.50    -5.0000  lv2(a=5)           2.8s
  [probe] gen=260 score=280.6 net=2.138 fell=1.000
  260      1281.8       507.8    0.3959   1.00   0.50    -5.0000  lv2(a=5)           2.7s
  261      1121.5       526.7    0.3942   1.00   0.50    -5.0000  lv2(a=5)           2.5s
  262      1022.7       476.7    0.3926   1.00   0.50    -5.0000  lv2(a=5)           2.5s
  263      1257.1       618.0    0.3910   1.00   0.50    -5.0000  lv2(a=5)           2.8s
  [stage] gen=264  gravity -5.00 → -7.00  ES restarted  remaining=235
  264      1118.8       474.1    0.5000   1.00   0.50    -5.0000  lv2(a=5)           2.5s
  265       667.1       128.1    0.4904   1.00   0.50    -7.0000  lv3(a=0)           1.5s
  266       860.3       299.4    0.4822   1.00   0.50    -7.0000  lv3(a=1)           2.1s
  267       882.2       315.6    0.4748   1.00   0.50    -7.0000  lv3(a=2)           2.1s
  268       876.8       388.8    0.4683   1.00   0.50    -7.0000  lv3(a=3)           2.4s
  269       817.5       314.8    0.4625   1.00   0.50    -7.0000  lv3(a=4)           2.2s
  [probe] gen=270 score=513.8 net=2.599 fell=0.900 [new best earth]
  270       921.9       326.0    0.4572   1.00   0.50    -7.0000  lv3(a=5)           2.3s
  271       957.9       375.1    0.4524   1.00   0.50    -7.0000  lv3(a=5)           2.2s
  272       927.2       460.5    0.4479   1.00   0.50    -7.0000  lv3(a=5)           2.2s
  273       915.9       445.0    0.4438   1.00   0.50    -7.0000  lv3(a=5)           2.3s
  274       822.3       413.7    0.4400   1.00   0.50    -7.0000  lv3(a=5)           2.6s
  [plot] Saved fitness curve → experiments/thesis/archive_based/seed_07/fitness_curve.png
  275       882.0       522.3    0.4365   1.00   0.50    -7.0000  lv3(a=5)           2.8s
  276      1124.5       476.1    0.4331   1.00   0.50    -7.0000  lv3(a=5)           2.5s
  277      1014.6       325.3    0.4299   1.00   0.50    -7.0000  lv3(a=5)           2.1s
  278       913.1       360.8    0.4269   1.00   0.50    -7.0000  lv3(a=5)           2.2s
  279       849.7       362.0    0.4243   1.00   0.50    -7.0000  lv3(a=5)           2.0s
  [probe] gen=280 score=410.4 net=2.493 fell=0.900
  280       862.3       430.9    0.4217   1.00   0.50    -7.0000  lv3(a=5)           2.6s
  281       830.8       520.2    0.4193   1.00   0.50    -7.0000  lv3(a=5)           2.7s
  282       980.6       562.6    0.4171   1.00   0.50    -7.0000  lv3(a=5)           2.7s
  283      1005.1       475.8    0.4151   1.00   0.50    -7.0000  lv3(a=5)           2.5s
  284      1079.2       465.9    0.4132   1.00   0.50    -7.0000  lv3(a=5)           2.4s
  285      1126.1       458.0    0.4114   1.00   0.50    -7.0000  lv3(a=5)           2.4s
  286       858.6       440.1    0.4096   1.00   0.50    -7.0000  lv3(a=5)           2.5s
  287       970.8       418.9    0.4079   1.00   0.50    -7.0000  lv3(a=5)           2.5s
  288       976.4       592.6    0.4063   1.00   0.50    -7.0000  lv3(a=5)           3.0s
  289       932.9       484.4    0.4048   1.00   0.50    -7.0000  lv3(a=5)           2.6s
  [probe] gen=290 score=508.2 net=2.912 fell=0.900
  290       931.4       509.6    0.4034   1.00   0.50    -7.0000  lv3(a=5)           2.7s
  291      1109.8       610.0    0.4018   1.00   0.50    -7.0000  lv3(a=5)           3.0s
  292      1262.4       649.4    0.4005   1.00   0.50    -7.0000  lv3(a=5)           2.9s
  293      1066.1       477.0    0.3992   1.00   0.50    -7.0000  lv3(a=5)           2.4s
  294      1045.7       402.1    0.3979   1.00   0.50    -7.0000  lv3(a=5)           2.3s
  [stage] gen=295  gravity -7.00 → -9.81  ES restarted  remaining=204
  295       931.1       333.3    0.5000   1.00   0.50    -7.0000  lv3(a=5)           2.1s
  296       640.8       -44.0    0.4905   1.00   0.50    -9.8100  lv4(a=0)           1.1s
  297       595.7        88.6    0.4821   1.00   0.50    -9.8100  lv4(a=1)           1.5s
  298       755.8       296.5    0.4746   1.00   0.50    -9.8100  lv4(a=2)           1.8s
  299       836.1       370.2    0.4678   1.00   0.50    -9.8100  lv4(a=3)           2.2s
  [probe] gen=300 score=629.5 net=2.933 fell=0.600 [new best earth]
  [plot] Saved fitness curve → experiments/thesis/archive_based/seed_07/fitness_curve.png
  300       791.4       245.2    0.4616   1.00   0.50    -9.8100  lv4(a=4)           1.8s
  301       675.5       229.6    0.4562   1.00   0.50    -9.8100  lv4(a=5)           1.7s
  302       664.9       309.0    0.4512   1.00   0.50    -9.8100  lv4(a=5)           1.9s
  303       702.6       341.1    0.4467   1.00   0.50    -9.8100  lv4(a=5)           2.3s
  304       796.3       280.9    0.4425   1.00   0.50    -9.8100  lv4(a=5)           2.0s
  305       672.3       403.3    0.4387   1.00   0.50    -9.8100  lv4(a=5)           2.2s
  306       686.7       425.5    0.4353   1.00   0.50    -9.8100  lv4(a=5)           2.4s
  307       771.6       445.0    0.4319   1.00   0.50    -9.8100  lv4(a=5)           2.6s
  308       705.1       473.7    0.4288   1.00   0.50    -9.8100  lv4(a=5)           2.5s
  309       728.4       457.5    0.4259   1.00   0.50    -9.8100  lv4(a=5)           2.7s
  [probe] gen=310 score=577.9 net=3.033 fell=1.000
  310       818.6       512.8    0.4232   1.00   0.50    -9.8100  lv4(a=5)           2.8s
  311       806.6       410.7    0.4208   1.00   0.50    -9.8100  lv4(a=5)           2.2s
  312       908.3       410.5    0.4186   1.00   0.50    -9.8100  lv4(a=5)           2.2s
  313       817.7       485.0    0.4166   1.00   0.50    -9.8100  lv4(a=5)           2.4s
  314       781.9       443.6    0.4147   1.00   0.50    -9.8100  lv4(a=5)           2.5s
  315       863.8       351.7    0.4129   1.00   0.50    -9.8100  lv4(a=5)           2.5s
  316       791.2       493.6    0.4111   1.00   0.50    -9.8100  lv4(a=5)           2.3s
  317       959.8       458.9    0.4092   1.00   0.50    -9.8100  lv4(a=5)           2.4s
  318       712.1       454.6    0.4073   1.00   0.50    -9.8100  lv4(a=5)           2.4s
  319       849.6       508.2    0.4057   1.00   0.50    -9.8100  lv4(a=5)           2.5s
  [probe] gen=320 score=727.4 net=3.569 fell=0.400 [new best earth]
  320       963.0       431.6    0.4041   1.00   0.50    -9.8100  lv4(a=5)           2.2s
  321       861.1       397.6    0.4028   1.00   0.50    -9.8100  lv4(a=5)           1.7s
  322       956.2       369.0    0.4016   1.00   0.50    -9.8100  lv4(a=5)           1.9s
  323       764.3       263.2    0.4003   1.00   0.50    -9.8100  lv4(a=5)           1.7s
  324       880.7       419.2    0.3992   1.00   0.50    -9.8100  lv4(a=5)           1.8s
  [plot] Saved fitness curve → experiments/thesis/archive_based/seed_07/fitness_curve.png
  325       735.5       253.5    0.3980   1.00   0.50    -9.8100  lv4(a=5)           1.6s
  326       843.2       296.1    0.3969   1.00   0.50    -9.8100  lv4(a=5)           1.7s
  327       874.5       413.9    0.3957   1.00   0.50    -9.8100  lv4(a=5)           1.8s
  328      1045.8       390.5    0.3948   1.00   0.50    -9.8100  lv4(a=5)           1.9s
  329       894.0       464.3    0.3940   1.00   0.50    -9.8100  lv4(a=5)           2.1s
  [probe] gen=330 score=691.5 net=3.047 fell=0.300
  330       781.6       521.7    0.3932   1.00   0.50    -9.8100  lv4(a=5)           2.3s
  331       889.3       450.5    0.3927   1.00   0.50    -9.8100  lv4(a=5)           2.3s
  332       840.5       341.2    0.3921   1.00   0.50    -9.8100  lv4(a=5)           1.9s
  333       867.0       414.4    0.3916   1.00   0.50    -9.8100  lv4(a=5)           2.1s
  334       920.8       388.3    0.3911   1.00   0.50    -9.8100  lv4(a=5)           1.9s
  335       784.5       378.6    0.3905   1.00   0.50    -9.8100  lv4(a=5)           2.1s
  336       924.9       391.8    0.3901   1.00   0.50    -9.8100  lv4(a=5)           2.0s
  337      1012.5       353.3    0.3896   1.00   0.50    -9.8100  lv4(a=5)           2.0s
  338       914.9       341.1    0.3890   1.00   0.50    -9.8100  lv4(a=5)           2.0s
  339       961.1       447.4    0.3886   1.00   0.50    -9.8100  lv4(a=5)           2.2s
  [probe] gen=340 score=500.8 net=2.703 fell=0.800
  340       806.0       236.8    0.3881   1.00   0.50    -9.8100  lv4(a=5)           1.7s
  341      1026.8       441.4    0.3876   1.00   0.50    -9.8100  lv4(a=5)           2.2s
  342       894.9       390.6    0.3871   1.00   0.50    -9.8100  lv4(a=5)           2.2s
  343       905.5       437.1    0.3864   1.00   0.50    -9.8100  lv4(a=5)           2.0s
  344       890.9       413.7    0.3857   1.00   0.50    -9.8100  lv4(a=5)           2.0s
  345       940.1       473.7    0.3850   1.00   0.50    -9.8100  lv4(a=5)           2.2s
  346      1200.6       347.1    0.3843   1.00   0.50    -9.8100  lv4(a=5)           1.9s
  347      1027.8       554.4    0.3836   1.00   0.50    -9.8100  lv4(a=5)           2.3s
  348      1053.6       489.5    0.3830   1.00   0.50    -9.8100  lv4(a=5)           2.1s
  349      1071.6       432.9    0.3824   1.00   0.50    -9.8100  lv4(a=5)           1.9s
  [probe] gen=350 score=775.0 net=3.799 fell=0.800 [new best earth]
  [plot] Saved fitness curve → experiments/thesis/archive_based/seed_07/fitness_curve.png
  350       878.8       426.4    0.3819   1.00   0.50    -9.8100  lv4(a=5)           2.0s
  351       999.9       441.9    0.3814   1.00   0.50    -9.8100  lv4(a=5)           2.1s
  352       963.2       445.4    0.3808   1.00   0.50    -9.8100  lv4(a=5)           2.0s
  353      1068.9       496.1    0.3801   1.00   0.50    -9.8100  lv4(a=5)           2.2s
  354      1055.6       436.9    0.3794   1.00   0.50    -9.8100  lv4(a=5)           2.0s
  355      1078.7       445.6    0.3787   1.00   0.50    -9.8100  lv4(a=5)           2.0s
  356      1032.4       397.4    0.3784   1.00   0.50    -9.8100  lv4(a=5)           2.2s
  357      1022.1       515.0    0.3780   1.00   0.50    -9.8100  lv4(a=5)           2.5s
  358       885.8       414.8    0.3777   1.00   0.50    -9.8100  lv4(a=5)           2.2s
  359       862.4       345.0    0.3775   1.00   0.50    -9.8100  lv4(a=5)           2.0s
  [probe] gen=360 score=883.5 net=3.969 fell=0.200 [new best earth]
  360       963.3       486.7    0.3774   1.00   0.50    -9.8100  lv4(a=5)           2.4s
  361       961.1       428.7    0.3773   1.00   0.50    -9.8100  lv4(a=5)           2.1s
  362       800.0       471.1    0.3770   1.00   0.50    -9.8100  lv4(a=5)           2.6s
  363       877.5       483.4    0.3766   1.00   0.50    -9.8100  lv4(a=5)           2.4s
  364       886.3       521.9    0.3763   1.00   0.50    -9.8100  lv4(a=5)           2.6s
  365       961.8       518.2    0.3758   1.00   0.50    -9.8100  lv4(a=5)           2.3s
  366       903.3       438.8    0.3753   1.00   0.50    -9.8100  lv4(a=5)           2.4s
  367       880.2       536.1    0.3749   1.00   0.50    -9.8100  lv4(a=5)           2.4s
  368      1081.7       488.8    0.3744   1.00   0.50    -9.8100  lv4(a=5)           2.2s
  369       967.3       333.1    0.3741   1.00   0.50    -9.8100  lv4(a=5)           1.9s
  [probe] gen=370 score=988.8 net=4.454 fell=0.000 [new best earth]
  370       979.0       571.3    0.3735   1.00   0.50    -9.8100  lv4(a=5)           2.3s
  371      1071.3       537.4    0.3728   1.00   0.50    -9.8100  lv4(a=5)           2.3s
  372       948.2       392.3    0.3721   1.00   0.50    -9.8100  lv4(a=5)           2.0s
  373       908.2       394.0    0.3715   1.00   0.50    -9.8100  lv4(a=5)           2.0s
  374      1035.2       449.2    0.3708   1.00   0.50    -9.8100  lv4(a=5)           2.5s
  [plot] Saved fitness curve → experiments/thesis/archive_based/seed_07/fitness_curve.png
  375       935.8       463.6    0.3700   1.00   0.50    -9.8100  lv4(a=5)           2.1s
  376       925.7       536.2    0.3694   1.00   0.50    -9.8100  lv4(a=5)           2.4s
  377       991.2       555.9    0.3689   1.00   0.50    -9.8100  lv4(a=5)           2.7s
  378      1044.6       556.8    0.3684   1.00   0.50    -9.8100  lv4(a=5)           2.7s
  379       874.5       457.5    0.3680   1.00   0.50    -9.8100  lv4(a=5)           2.2s
  [probe] gen=380 score=697.2 net=3.186 fell=0.700
  380      1070.1       569.8    0.3676   1.00   0.50    -9.8100  lv4(a=5)           2.7s
  381       916.5       417.1    0.3673   1.00   0.50    -9.8100  lv4(a=5)           2.4s
  382      1000.4       530.4    0.3670   1.00   0.50    -9.8100  lv4(a=5)           2.5s
  383      1035.5       382.9    0.3667   1.00   0.50    -9.8100  lv4(a=5)           2.0s
  384       833.4       278.0    0.3663   1.00   0.50    -9.8100  lv4(a=5)           1.8s
  385      1017.1       524.7    0.3658   1.00   0.50    -9.8100  lv4(a=5)           2.5s
  386       961.5       573.2    0.3654   1.00   0.50    -9.8100  lv4(a=5)           2.6s
  387       970.3       469.8    0.3651   1.00   0.50    -9.8100  lv4(a=5)           2.4s
  388      1069.3       577.3    0.3649   1.00   0.50    -9.8100  lv4(a=5)           2.6s
  389       987.6       596.1    0.3648   1.00   0.50    -9.8100  lv4(a=5)           2.5s
  [probe] gen=390 score=738.6 net=3.444 fell=0.400
  390       940.5       503.1    0.3646   1.00   0.50    -9.8100  lv4(a=5)           2.2s
  391      1042.4       466.2    0.3645   1.00   0.50    -9.8100  lv4(a=5)           2.1s
  392       886.3       511.8    0.3643   1.00   0.50    -9.8100  lv4(a=5)           2.1s
  393       879.0       477.1    0.3641   1.00   0.50    -9.8100  lv4(a=5)           2.2s
  394      1096.7       526.0    0.3640   1.00   0.50    -9.8100  lv4(a=5)           2.3s
  395      1092.5       469.4    0.3639   1.00   0.50    -9.8100  lv4(a=5)           2.0s
  396       915.5       421.7    0.3637   1.00   0.50    -9.8100  lv4(a=5)           1.9s
  397       983.5       501.5    0.3636   1.00   0.50    -9.8100  lv4(a=5)           2.3s
  398      1070.6       464.7    0.3635   1.00   0.50    -9.8100  lv4(a=5)           2.1s
  399       967.2       462.0    0.3633   1.00   0.50    -9.8100  lv4(a=5)           2.2s
  [probe] gen=400 score=774.0 net=3.173 fell=0.300
  [plot] Saved fitness curve → experiments/thesis/archive_based/seed_07/fitness_curve.png
  400       882.6       434.4    0.3633   1.00   0.50    -9.8100  lv4(a=5)           2.1s
  401      1116.1       545.0    0.3631   1.00   0.50    -9.8100  lv4(a=5)           2.5s
  402       969.9       500.6    0.3630   1.00   0.50    -9.8100  lv4(a=5)           2.2s
  403      1022.7       589.3    0.3629   1.00   0.50    -9.8100  lv4(a=5)           2.6s
  404       972.5       591.0    0.3629   1.00   0.50    -9.8100  lv4(a=5)           2.4s
  405      1041.5       494.0    0.3628   1.00   0.50    -9.8100  lv4(a=5)           2.4s
  406      1027.9       457.9    0.3626   1.00   0.50    -9.8100  lv4(a=5)           2.1s
  407       846.0       449.4    0.3625   1.00   0.50    -9.8100  lv4(a=5)           2.4s
  408      1000.2       514.0    0.3623   1.00   0.50    -9.8100  lv4(a=5)           2.4s
  409      1033.0       495.3    0.3622   1.00   0.50    -9.8100  lv4(a=5)           2.5s
  [probe] gen=410 score=512.2 net=2.528 fell=1.000
  410       951.5       507.6    0.3621   1.00   0.50    -9.8100  lv4(a=5)           2.3s
  411       957.0       519.3    0.3621   1.00   0.50    -9.8100  lv4(a=5)           2.3s
  412       940.9       526.0    0.3620   1.00   0.50    -9.8100  lv4(a=5)           2.4s
  413      1039.4       475.2    0.3620   1.00   0.50    -9.8100  lv4(a=5)           2.8s
  414       973.7       333.6    0.3619   1.00   0.50    -9.8100  lv4(a=5)           2.0s
  415      1036.1       489.1    0.3619   1.00   0.50    -9.8100  lv4(a=5)           2.3s
  416      1123.7       511.1    0.3622   1.00   0.50    -9.8100  lv4(a=5)           2.3s
  417      1054.5       457.1    0.3623   1.00   0.50    -9.8100  lv4(a=5)           2.3s
  418       893.0       514.8    0.3625   1.00   0.50    -9.8100  lv4(a=5)           2.2s
  419      1092.4       533.9    0.3629   1.00   0.50    -9.8100  lv4(a=5)           2.0s
  [probe] gen=420 score=808.7 net=4.038 fell=0.800
  420      1067.1       517.0    0.3632   1.00   0.50    -9.8100  lv4(a=5)           2.4s
  421      1034.3       392.9    0.3636   1.00   0.50    -9.8100  lv4(a=5)           1.8s
  422      1116.8       411.5    0.3639   1.00   0.50    -9.8100  lv4(a=5)           2.2s
  423       964.3       366.2    0.3641   1.00   0.50    -9.8100  lv4(a=5)           2.1s
  424       935.7       337.9    0.3643   1.00   0.50    -9.8100  lv4(a=5)           2.1s
  [plot] Saved fitness curve → experiments/thesis/archive_based/seed_07/fitness_curve.png
  425       967.9       534.5    0.3646   1.00   0.50    -9.8100  lv4(a=5)           2.3s
  426       977.2       556.2    0.3645   1.00   0.50    -9.8100  lv4(a=5)           2.6s
  427      1063.0       617.7    0.3646   1.00   0.50    -9.8100  lv4(a=5)           2.6s
  428       955.2       506.5    0.3647   1.00   0.50    -9.8100  lv4(a=5)           2.3s
  429      1003.9       370.5    0.3647   1.00   0.50    -9.8100  lv4(a=5)           1.9s
  [probe] gen=430 score=925.5 net=3.911 fell=0.000
  430       951.0       473.5    0.3646   1.00   0.50    -9.8100  lv4(a=5)           2.1s
  431       986.9       532.7    0.3646   1.00   0.50    -9.8100  lv4(a=5)           2.2s
  432       973.9       355.8    0.3644   1.00   0.50    -9.8100  lv4(a=5)           1.8s
  433      1073.8       461.4    0.3642   1.00   0.50    -9.8100  lv4(a=5)           2.0s
  434      1044.1       483.4    0.3642   1.00   0.50    -9.8100  lv4(a=5)           2.1s
  435       985.8       415.5    0.3643   1.00   0.50    -9.8100  lv4(a=5)           2.0s
  436       940.1       491.7    0.3644   1.00   0.50    -9.8100  lv4(a=5)           2.0s
  437      1046.5       527.4    0.3645   1.00   0.50    -9.8100  lv4(a=5)           2.4s
  438      1068.7       575.7    0.3646   1.00   0.50    -9.8100  lv4(a=5)           2.4s
  439      1018.6       542.4    0.3648   1.00   0.50    -9.8100  lv4(a=5)           2.2s
  [probe] gen=440 score=694.9 net=3.165 fell=0.400
  440      1011.7       499.6    0.3649   1.00   0.50    -9.8100  lv4(a=5)           2.2s
  441      1135.2       529.9    0.3650   1.00   0.50    -9.8100  lv4(a=5)           2.1s
  442      1044.6       494.2    0.3650   1.00   0.50    -9.8100  lv4(a=5)           2.1s
  443      1058.9       536.5    0.3651   1.00   0.50    -9.8100  lv4(a=5)           2.4s
  444      1073.7       373.5    0.3650   1.00   0.50    -9.8100  lv4(a=5)           2.0s
  445      1145.5       604.0    0.3649   1.00   0.50    -9.8100  lv4(a=5)           2.6s
  446      1094.9       469.8    0.3647   1.00   0.50    -9.8100  lv4(a=5)           2.5s
  447      1150.0       450.2    0.3645   1.00   0.50    -9.8100  lv4(a=5)           2.2s
  448      1019.4       493.5    0.3645   1.00   0.50    -9.8100  lv4(a=5)           2.3s
  449      1043.6       494.1    0.3645   1.00   0.50    -9.8100  lv4(a=5)           2.4s
  [probe] gen=450 score=751.5 net=3.294 fell=0.400
  [plot] Saved fitness curve → experiments/thesis/archive_based/seed_07/fitness_curve.png
  450      1031.8       640.3    0.3646   1.00   0.50    -9.8100  lv4(a=5)           2.6s
  451      1146.5       612.4    0.3646   1.00   0.50    -9.8100  lv4(a=5)           2.5s
  452      1050.8       535.7    0.3646   1.00   0.50    -9.8100  lv4(a=5)           2.6s
  453      1123.5       589.6    0.3646   1.00   0.50    -9.8100  lv4(a=5)           2.6s
  454      1086.7       491.3    0.3646   1.00   0.50    -9.8100  lv4(a=5)           2.5s
  455      1077.0       550.4    0.3643   1.00   0.50    -9.8100  lv4(a=5)           2.5s
  456      1094.9       545.4    0.3640   1.00   0.50    -9.8100  lv4(a=5)           2.4s
  457      1137.8       413.3    0.3638   1.00   0.50    -9.8100  lv4(a=5)           2.3s
  458      1120.1       465.3    0.3637   1.00   0.50    -9.8100  lv4(a=5)           2.3s
  459      1111.2       612.3    0.3636   1.00   0.50    -9.8100  lv4(a=5)           2.6s
  [probe] gen=460 score=1054.3 net=5.102 fell=0.300 [new best earth]
  460      1232.3       504.5    0.3636   1.00   0.50    -9.8100  lv4(a=5)           2.4s
  461      1075.9       507.1    0.3636   1.00   0.50    -9.8100  lv4(a=5)           2.3s
  462      1033.8       562.3    0.3636   1.00   0.50    -9.8100  lv4(a=5)           2.4s
  463      1063.8       616.7    0.3636   1.00   0.50    -9.8100  lv4(a=5)           2.6s
  464      1159.4       470.0    0.3635   1.00   0.50    -9.8100  lv4(a=5)           2.5s
  465      1067.2       565.6    0.3635   1.00   0.50    -9.8100  lv4(a=5)           2.6s
  466      1009.4       486.3    0.3635   1.00   0.50    -9.8100  lv4(a=5)           2.3s
  467      1136.3       641.1    0.3634   1.00   0.50    -9.8100  lv4(a=5)           2.7s
  468      1099.1       436.5    0.3634   1.00   0.50    -9.8100  lv4(a=5)           2.4s
  469       942.4       391.4    0.3634   1.00   0.50    -9.8100  lv4(a=5)           2.2s
  [probe] gen=470 score=875.2 net=4.233 fell=0.500
  470      1105.8       506.0    0.3634   1.00   0.50    -9.8100  lv4(a=5)           2.2s
  471      1084.5       438.3    0.3635   1.00   0.50    -9.8100  lv4(a=5)           2.1s
  472      1011.0       606.8    0.3637   1.00   0.50    -9.8100  lv4(a=5)           2.7s
  473      1044.0       465.4    0.3639   1.00   0.50    -9.8100  lv4(a=5)           2.5s
  474      1140.4       557.1    0.3639   1.00   0.50    -9.8100  lv4(a=5)           2.6s
  [plot] Saved fitness curve → experiments/thesis/archive_based/seed_07/fitness_curve.png
  475      1176.2       521.4    0.3639   1.00   0.50    -9.8100  lv4(a=5)           2.4s
  476      1101.1       629.1    0.3640   1.00   0.50    -9.8100  lv4(a=5)           2.7s
  477      1091.4       489.0    0.3640   1.00   0.50    -9.8100  lv4(a=5)           2.2s
  478      1094.8       484.8    0.3641   1.00   0.50    -9.8100  lv4(a=5)           2.3s
  479      1062.8       519.9    0.3643   1.00   0.50    -9.8100  lv4(a=5)           2.5s
  [probe] gen=480 score=797.0 net=4.099 fell=0.500
  480      1019.0       473.4    0.3644   1.00   0.50    -9.8100  lv4(a=5)           2.2s
  481      1090.1       518.3    0.3646   1.00   0.50    -9.8100  lv4(a=5)           2.3s
  482       994.1       536.4    0.3647   1.00   0.50    -9.8100  lv4(a=5)           2.5s
  483      1159.7       588.4    0.3649   1.00   0.50    -9.8100  lv4(a=5)           2.8s
  484      1080.0       540.1    0.3650   1.00   0.50    -9.8100  lv4(a=5)           2.4s
  485      1085.6       492.8    0.3651   1.00   0.50    -9.8100  lv4(a=5)           2.6s
  486      1048.6       360.1    0.3652   1.00   0.50    -9.8100  lv4(a=5)           2.2s
  487      1062.9       532.4    0.3653   1.00   0.50    -9.8100  lv4(a=5)           2.3s
  488      1062.2       570.3    0.3654   1.00   0.50    -9.8100  lv4(a=5)           2.4s
  489      1155.0       573.2    0.3655   1.00   0.50    -9.8100  lv4(a=5)           2.6s
  [probe] gen=490 score=739.8 net=3.793 fell=0.500
  490      1140.6       541.1    0.3656   1.00   0.50    -9.8100  lv4(a=5)           2.5s
  491      1102.4       539.9    0.3656   1.00   0.50    -9.8100  lv4(a=5)           2.5s
  492      1078.0       589.3    0.3655   1.00   0.50    -9.8100  lv4(a=5)           2.6s
  493      1056.3       511.3    0.3655   1.00   0.50    -9.8100  lv4(a=5)           2.5s
  494      1160.1       448.8    0.3654   1.00   0.50    -9.8100  lv4(a=5)           2.3s
  495      1102.9       528.5    0.3653   1.00   0.50    -9.8100  lv4(a=5)           2.5s
  496      1150.4       453.6    0.3652   1.00   0.50    -9.8100  lv4(a=5)           2.4s
  497      1231.6       393.3    0.3649   1.00   0.50    -9.8100  lv4(a=5)           2.1s
  498      1250.9       484.1    0.3647   1.00   0.50    -9.8100  lv4(a=5)           2.4s
  499      1169.3       487.8    0.3646   1.00   0.50    -9.8100  lv4(a=5)           2.2s
  [plot] Saved fitness curve → experiments/thesis/archive_based/seed_07/fitness_curve.png

Training complete. Best fitness: 1580.8
Best params → experiments/thesis/archive_based/seed_07/checkpoints/best_params.npy
Fitness curve → experiments/thesis/archive_based/seed_07/fitness_curve.png
Eval params  → best_earth_params (earth probe score: 1054.3)
Final Earth scorecard | score=1104.5 net=5.299 fell=0.200
Gravity sweep | gravities=5 mean_net=4.955 worst_net=3.770
  [exp] Wrote experiments/thesis/archive_based/seed_07/experiment.json
  [exp] Wrote experiments/thesis/archive_based/seed_07/training_log.csv
  [exp] Wrote experiments/thesis/archive_based/seed_07/earth_probe.csv
  [exp] Wrote experiments/thesis/archive_based/seed_07/gravity_sweep.csv
  [exp] Wrote experiments/thesis/archive_based/seed_07/summary.json
