Walker2d-v5 | policy=CPG  params=504
Curriculum   : ArchiveBased  [-1.6→-3.0→-5.0→-7.0→-9.81]  plateau=30gen  archive_size=5
Run context | seed=8 arm=archive_based run_id=archive_based_seed_08

Schedule | penalty_min=0.20 penalty_ramp_gen=200 corr_min=0.00 corr_max=0.50 corr_ramp_gen=200

Starting CMA-ES | pop=40 | sigma0=0.5 | max_gen=500 | workers=8 | seed=8
Checkpoints → experiments/thesis/archive_based/seed_08/checkpoints/

  Gen        Best        Mean     Sigma    Pen   Corr    Gravity  Phase              Time
------------------------------------------------------------------------------------
  [probe] gen=0 score=-387.7 net=-0.165 fell=1.000 [new best earth]
  [plot] Saved fitness curve → experiments/thesis/archive_based/seed_08/fitness_curve.png
    0       -56.7       -76.8    0.4904   0.20   0.00    -1.6000  lv0(a=0)           1.5s
    1       -59.4       -74.8    0.4821   0.20   0.00    -1.6000  lv0(a=1)           0.2s
    2       -58.7       -74.4    0.4748   0.21   0.01    -1.6000  lv0(a=2)           0.2s
    3       -33.6       -72.6    0.4683   0.21   0.01    -1.6000  lv0(a=3)           0.2s
    4       -55.8       -69.2    0.4624   0.22   0.01    -1.6000  lv0(a=4)           0.2s
    5       -45.6       -71.2    0.4569   0.22   0.01    -1.6000  lv0(a=5)           0.2s
    6       -57.1       -73.7    0.4518   0.22   0.01    -1.6000  lv0(a=5)           0.3s
    7       -51.2       -69.4    0.4472   0.23   0.02    -1.6000  lv0(a=5)           0.3s
    8       -57.9       -72.1    0.4431   0.23   0.02    -1.6000  lv0(a=5)           0.3s
    9       -52.3       -71.3    0.4393   0.24   0.02    -1.6000  lv0(a=5)           0.3s
  [probe] gen=10 score=-432.6 net=-0.625 fell=1.000
   10       -46.1       -69.8    0.4358   0.24   0.03    -1.6000  lv0(a=5)           0.3s
   11       -23.1       -68.3    0.4329   0.24   0.03    -1.6000  lv0(a=5)           0.3s
   12       -39.0       -68.3    0.4301   0.25   0.03    -1.6000  lv0(a=5)           0.4s
   13       -41.7       -69.2    0.4275   0.25   0.03    -1.6000  lv0(a=5)           0.4s
   14       -34.1       -72.9    0.4249   0.26   0.04    -1.6000  lv0(a=5)           0.4s
   15       -56.8       -75.8    0.4225   0.26   0.04    -1.6000  lv0(a=5)           0.4s
   16       -22.5       -68.9    0.4202   0.26   0.04    -1.6000  lv0(a=5)           0.4s
   17       -32.2       -69.0    0.4182   0.27   0.04    -1.6000  lv0(a=5)           0.5s
   18       -33.6       -71.5    0.4163   0.27   0.04    -1.6000  lv0(a=5)           0.4s
   19       -14.5       -66.7    0.4146   0.28   0.05    -1.6000  lv0(a=5)           0.4s
  [probe] gen=20 score=-442.9 net=-0.660 fell=1.000
   20        -2.1       -67.1    0.4133   0.28   0.05    -1.6000  lv0(a=5)           0.5s
   21       135.9       -57.1    0.4121   0.28   0.05    -1.6000  lv0(a=5)           0.7s
   22       135.9       -61.8    0.4109   0.29   0.06    -1.6000  lv0(a=5)           0.7s
   23       152.0       -58.8    0.4098   0.29   0.06    -1.6000  lv0(a=5)           0.7s
   24       164.5       -48.9    0.4089   0.30   0.06    -1.6000  lv0(a=5)           0.7s
  [plot] Saved fitness curve → experiments/thesis/archive_based/seed_08/fitness_curve.png
   25       203.6       -22.5    0.4082   0.30   0.06    -1.6000  lv0(a=5)           0.8s
   26       280.4        -6.6    0.4075   0.30   0.07    -1.6000  lv0(a=5)           0.9s
   27       214.5         6.6    0.4068   0.31   0.07    -1.6000  lv0(a=5)           1.0s
   28       217.4        61.2    0.4062   0.31   0.07    -1.6000  lv0(a=5)           1.3s
   29       371.7        96.0    0.4057   0.32   0.07    -1.6000  lv0(a=5)           1.5s
  [probe] gen=30 score=-343.7 net=-0.102 fell=1.000 [new best earth]
   30       233.1        16.2    0.4052   0.32   0.07    -1.6000  lv0(a=5)           1.1s
   31       347.9        96.8    0.4048   0.32   0.08    -1.6000  lv0(a=5)           1.4s
   32       366.7        75.8    0.4044   0.33   0.08    -1.6000  lv0(a=5)           1.3s
   33       382.6       117.0    0.4040   0.33   0.08    -1.6000  lv0(a=5)           1.6s
   34       258.7        59.1    0.4035   0.34   0.09    -1.6000  lv0(a=5)           1.4s
   35       323.4        49.3    0.4032   0.34   0.09    -1.6000  lv0(a=5)           1.5s
   36       391.5        96.1    0.4031   0.34   0.09    -1.6000  lv0(a=5)           1.8s
   37       499.6       108.2    0.4029   0.35   0.09    -1.6000  lv0(a=5)           1.9s
   38       361.6       100.3    0.4027   0.35   0.10    -1.6000  lv0(a=5)           1.7s
   39       437.1       137.0    0.4024   0.36   0.10    -1.6000  lv0(a=5)           1.8s
  [probe] gen=40 score=6.2 net=0.932 fell=1.000 [new best earth]
   40       413.1       111.8    0.4021   0.36   0.10    -1.6000  lv0(a=5)           1.9s
   41       326.9       115.1    0.4019   0.36   0.10    -1.6000  lv0(a=5)           1.7s
   42       462.3       127.5    0.4014   0.37   0.10    -1.6000  lv0(a=5)           1.8s
   43       583.6        79.0    0.4011   0.37   0.11    -1.6000  lv0(a=5)           1.7s
   44       445.9        78.0    0.4008   0.38   0.11    -1.6000  lv0(a=5)           1.8s
   45       311.4       148.9    0.4006   0.38   0.11    -1.6000  lv0(a=5)           2.0s
   46       261.1        55.6    0.4003   0.38   0.12    -1.6000  lv0(a=5)           2.0s
   47       264.7        76.8    0.4002   0.39   0.12    -1.6000  lv0(a=5)           2.1s
   48       287.1       101.8    0.4002   0.39   0.12    -1.6000  lv0(a=5)           1.8s
   49       256.0        95.9    0.4001   0.40   0.12    -1.6000  lv0(a=5)           2.0s
  [probe] gen=50 score=-195.4 net=0.065 fell=1.000
  [plot] Saved fitness curve → experiments/thesis/archive_based/seed_08/fitness_curve.png
   50       248.4        84.3    0.4000   0.40   0.12    -1.6000  lv0(a=5)           1.7s
   51       264.2       116.0    0.4000   0.40   0.13    -1.6000  lv0(a=5)           1.8s
   52       469.6        86.8    0.3999   0.41   0.13    -1.6000  lv0(a=5)           2.0s
   53       334.9        93.7    0.3999   0.41   0.13    -1.6000  lv0(a=5)           1.7s
   54       388.0       108.4    0.4000   0.42   0.14    -1.6000  lv0(a=5)           2.2s
   55       281.9        87.6    0.3999   0.42   0.14    -1.6000  lv0(a=5)           2.0s
   56       417.8       106.7    0.3998   0.42   0.14    -1.6000  lv0(a=5)           2.2s
   57       474.8       156.4    0.3998   0.43   0.14    -1.6000  lv0(a=5)           2.4s
   58       333.8       120.6    0.3998   0.43   0.14    -1.6000  lv0(a=5)           2.3s
   59       325.8       116.7    0.3997   0.44   0.15    -1.6000  lv0(a=5)           2.3s
  [probe] gen=60 score=-437.1 net=-0.983 fell=1.000
   60       305.7       171.6    0.3998   0.44   0.15    -1.6000  lv0(a=5)           2.2s
   61       414.1       115.0    0.3997   0.44   0.15    -1.6000  lv0(a=5)           2.0s
   62       415.6       165.0    0.3997   0.45   0.15    -1.6000  lv0(a=5)           2.3s
   63       351.1       135.4    0.3996   0.45   0.16    -1.6000  lv0(a=5)           2.2s
   64       363.0       121.9    0.3996   0.46   0.16    -1.6000  lv0(a=5)           2.3s
   65       442.2        90.0    0.3997   0.46   0.16    -1.6000  lv0(a=5)           2.2s
   66       404.3       161.2    0.3999   0.46   0.17    -1.6000  lv0(a=5)           2.6s
   67       470.8       153.2    0.4000   0.47   0.17    -1.6000  lv0(a=5)           3.0s
   68       370.8       179.6    0.4002   0.47   0.17    -1.6000  lv0(a=5)           2.5s
   69       397.3       179.4    0.4003   0.48   0.17    -1.6000  lv0(a=5)           2.7s
  [probe] gen=70 score=-483.1 net=-0.906 fell=1.000
   70       545.3       130.1    0.4003   0.48   0.17    -1.6000  lv0(a=5)           2.3s
   71       388.7       144.8    0.4001   0.48   0.18    -1.6000  lv0(a=5)           2.7s
   72       656.0       207.2    0.3999   0.49   0.18    -1.6000  lv0(a=5)           2.8s
   73       673.2       209.6    0.3996   0.49   0.18    -1.6000  lv0(a=5)           2.9s
   74       965.5       230.3    0.3994   0.50   0.18    -1.6000  lv0(a=5)           2.7s
  [plot] Saved fitness curve → experiments/thesis/archive_based/seed_08/fitness_curve.png
   75       853.1       148.8    0.3991   0.50   0.19    -1.6000  lv0(a=5)           2.6s
   76       548.1       132.1    0.3987   0.50   0.19    -1.6000  lv0(a=5)           2.4s
   77       644.9       203.0    0.3985   0.51   0.19    -1.6000  lv0(a=5)           2.4s
   78       690.2       145.1    0.3981   0.51   0.20    -1.6000  lv0(a=5)           2.5s
   79       677.3       158.3    0.3978   0.52   0.20    -1.6000  lv0(a=5)           2.5s
  [probe] gen=80 score=-430.9 net=-0.920 fell=1.000
   80       730.9       218.0    0.3974   0.52   0.20    -1.6000  lv0(a=5)           2.6s
   81       639.2       125.8    0.3972   0.52   0.20    -1.6000  lv0(a=5)           2.4s
   82       930.1       199.8    0.3968   0.53   0.20    -1.6000  lv0(a=5)           2.4s
   83       618.3        93.8    0.3966   0.53   0.21    -1.6000  lv0(a=5)           2.0s
   84       688.0       215.8    0.3963   0.54   0.21    -1.6000  lv0(a=5)           2.2s
   85       939.7       279.8    0.3960   0.54   0.21    -1.6000  lv0(a=5)           2.7s
   86       608.2       182.8    0.3957   0.54   0.21    -1.6000  lv0(a=5)           2.3s
   87      1068.3       189.6    0.3956   0.55   0.22    -1.6000  lv0(a=5)           2.4s
   88       830.0       245.4    0.3955   0.55   0.22    -1.6000  lv0(a=5)           2.4s
   89       731.9       262.0    0.3954   0.56   0.22    -1.6000  lv0(a=5)           2.6s
  [probe] gen=90 score=32.6 net=1.047 fell=1.000 [new best earth]
   90       883.7       265.7    0.3953   0.56   0.23    -1.6000  lv0(a=5)           2.5s
   91      1029.6       316.8    0.3950   0.56   0.23    -1.6000  lv0(a=5)           2.7s
   92      1183.7       320.9    0.3947   0.57   0.23    -1.6000  lv0(a=5)           2.4s
   93       817.5       398.3    0.3944   0.57   0.23    -1.6000  lv0(a=5)           2.8s
   94      1074.5       338.1    0.3939   0.58   0.23    -1.6000  lv0(a=5)           2.7s
   95      1012.7       362.3    0.3932   0.58   0.24    -1.6000  lv0(a=5)           2.5s
   96       963.7       355.4    0.3925   0.58   0.24    -1.6000  lv0(a=5)           2.6s
   97      1292.4       385.0    0.3920   0.59   0.24    -1.6000  lv0(a=5)           2.7s
   98      1185.6       403.9    0.3913   0.59   0.24    -1.6000  lv0(a=5)           2.3s
   99      1056.0       406.1    0.3907   0.60   0.25    -1.6000  lv0(a=5)           2.4s
  [probe] gen=100 score=-4.4 net=0.860 fell=1.000
  [plot] Saved fitness curve → experiments/thesis/archive_based/seed_08/fitness_curve.png
  100       957.6       317.4    0.3900   0.60   0.25    -1.6000  lv0(a=5)           2.3s
  101      1205.7       539.0    0.3894   0.60   0.25    -1.6000  lv0(a=5)           2.5s
  102      1151.5       416.4    0.3887   0.61   0.26    -1.6000  lv0(a=5)           2.2s
  103      1128.3       424.8    0.3882   0.61   0.26    -1.6000  lv0(a=5)           2.3s
  104      1338.5       476.6    0.3878   0.62   0.26    -1.6000  lv0(a=5)           2.4s
  105      1111.2       512.0    0.3876   0.62   0.26    -1.6000  lv0(a=5)           2.5s
  106      1101.1       410.1    0.3873   0.62   0.27    -1.6000  lv0(a=5)           2.4s
  107      1124.4       423.5    0.3870   0.63   0.27    -1.6000  lv0(a=5)           2.3s
  108       971.1       392.6    0.3867   0.63   0.27    -1.6000  lv0(a=5)           2.5s
  109      1136.9       504.1    0.3863   0.64   0.27    -1.6000  lv0(a=5)           2.6s
  [probe] gen=110 score=38.4 net=1.070 fell=1.000 [new best earth]
  110       963.7       436.9    0.3860   0.64   0.28    -1.6000  lv0(a=5)           2.4s
  111      1203.4       494.5    0.3856   0.64   0.28    -1.6000  lv0(a=5)           2.3s
  112      1099.4       440.5    0.3852   0.65   0.28    -1.6000  lv0(a=5)           2.3s
  113      1118.8       385.7    0.3848   0.65   0.28    -1.6000  lv0(a=5)           2.2s
  114       978.9       346.3    0.3845   0.66   0.28    -1.6000  lv0(a=5)           2.3s
  115      1173.2       410.3    0.3842   0.66   0.29    -1.6000  lv0(a=5)           2.4s
  116       951.2       480.2    0.3840   0.66   0.29    -1.6000  lv0(a=5)           2.5s
  117      1218.8       519.4    0.3838   0.67   0.29    -1.6000  lv0(a=5)           2.5s
  118      1176.2       313.0    0.3834   0.67   0.29    -1.6000  lv0(a=5)           2.3s
  119       842.3       374.5    0.3829   0.68   0.30    -1.6000  lv0(a=5)           2.3s
  [probe] gen=120 score=29.3 net=1.045 fell=1.000
  120      1089.4       449.1    0.3825   0.68   0.30    -1.6000  lv0(a=5)           2.5s
  121      1044.0       435.1    0.3823   0.68   0.30    -1.6000  lv0(a=5)           2.3s
  122      1107.9       285.4    0.3823   0.69   0.30    -1.6000  lv0(a=5)           2.1s
  123      1003.0       427.0    0.3820   0.69   0.31    -1.6000  lv0(a=5)           2.2s
  124       949.3       438.0    0.3818   0.70   0.31    -1.6000  lv0(a=5)           2.2s
  [plot] Saved fitness curve → experiments/thesis/archive_based/seed_08/fitness_curve.png
  125      1037.9       373.9    0.3816   0.70   0.31    -1.6000  lv0(a=5)           2.3s
  126      1084.9       468.8    0.3815   0.70   0.32    -1.6000  lv0(a=5)           2.4s
  127      1134.5       498.9    0.3813   0.71   0.32    -1.6000  lv0(a=5)           2.2s
  128      1003.5       410.7    0.3814   0.71   0.32    -1.6000  lv0(a=5)           2.2s
  129      1087.6       347.4    0.3815   0.72   0.32    -1.6000  lv0(a=5)           2.2s
  [probe] gen=130 score=39.3 net=1.063 fell=1.000 [new best earth]
  130      1178.6       509.6    0.3816   0.72   0.33    -1.6000  lv0(a=5)           2.3s
  131      1126.8       594.8    0.3819   0.72   0.33    -1.6000  lv0(a=5)           2.4s
  132      1119.7       458.0    0.3821   0.73   0.33    -1.6000  lv0(a=5)           2.2s
  133      1048.7       404.8    0.3823   0.73   0.33    -1.6000  lv0(a=5)           2.2s
  [stage] gen=134  gravity -1.60 → -3.00  ES restarted  remaining=365
  134      1120.2       460.1    0.5000   0.74   0.34    -1.6000  lv0(a=5)           2.3s
  135       634.6       143.2    0.4902   0.74   0.34    -3.0000  lv1(a=0)           1.3s
  136       972.2       177.5    0.4820   0.74   0.34    -3.0000  lv1(a=1)           1.3s
  137      1073.3       180.4    0.4746   0.75   0.34    -3.0000  lv1(a=2)           1.5s
  138       788.7       191.2    0.4680   0.75   0.34    -3.0000  lv1(a=3)           1.5s
  139      1083.1       260.0    0.4619   0.76   0.35    -3.0000  lv1(a=4)           1.5s
  [probe] gen=140 score=212.9 net=1.744 fell=1.000 [new best earth]
  140      1143.0       234.5    0.4564   0.76   0.35    -3.0000  lv1(a=5)           1.6s
  141       778.7       306.9    0.4514   0.76   0.35    -3.0000  lv1(a=5)           1.5s
  142       847.7       268.5    0.4466   0.77   0.35    -3.0000  lv1(a=5)           1.6s
  143       896.1       358.7    0.4421   0.77   0.36    -3.0000  lv1(a=5)           1.6s
  144       840.9       316.4    0.4379   0.78   0.36    -3.0000  lv1(a=5)           1.5s
  145      1021.4       324.2    0.4341   0.78   0.36    -3.0000  lv1(a=5)           1.7s
  146       884.1       280.1    0.4306   0.78   0.36    -3.0000  lv1(a=5)           1.7s
  147      1122.0       341.9    0.4273   0.79   0.37    -3.0000  lv1(a=5)           1.7s
  148       807.2       409.1    0.4244   0.79   0.37    -3.0000  lv1(a=5)           1.8s
  149      1322.1       465.8    0.4215   0.80   0.37    -3.0000  lv1(a=5)           1.9s
  [probe] gen=150 score=235.9 net=1.837 fell=1.000 [new best earth]
  [plot] Saved fitness curve → experiments/thesis/archive_based/seed_08/fitness_curve.png
  150      1245.4       422.7    0.4191   0.80   0.38    -3.0000  lv1(a=5)           1.7s
  151      1174.2       486.0    0.4169   0.80   0.38    -3.0000  lv1(a=5)           1.7s
  152      1256.0       497.5    0.4147   0.81   0.38    -3.0000  lv1(a=5)           1.9s
  153       922.2       439.7    0.4124   0.81   0.38    -3.0000  lv1(a=5)           1.7s
  154       970.4       505.9    0.4105   0.82   0.39    -3.0000  lv1(a=5)           1.9s
  155      1333.3       557.8    0.4085   0.82   0.39    -3.0000  lv1(a=5)           2.1s
  156      1298.9       604.0    0.4066   0.82   0.39    -3.0000  lv1(a=5)           2.3s
  157      1512.7       511.8    0.4048   0.83   0.39    -3.0000  lv1(a=5)           1.8s
  158      1397.4       563.0    0.4030   0.83   0.40    -3.0000  lv1(a=5)           2.0s
  159      1196.5       488.7    0.4013   0.84   0.40    -3.0000  lv1(a=5)           1.9s
  [probe] gen=160 score=79.9 net=1.216 fell=1.000
  160      1102.2       518.1    0.3997   0.84   0.40    -3.0000  lv1(a=5)           1.9s
  161       962.1       481.6    0.3982   0.84   0.40    -3.0000  lv1(a=5)           2.0s
  162      1155.1       582.7    0.3969   0.85   0.41    -3.0000  lv1(a=5)           2.1s
  163      1175.3       512.5    0.3960   0.85   0.41    -3.0000  lv1(a=5)           2.0s
  164       889.4       468.1    0.3951   0.86   0.41    -3.0000  lv1(a=5)           2.0s
  165      1076.5       593.9    0.3942   0.86   0.41    -3.0000  lv1(a=5)           2.1s
  166       954.1       505.5    0.3934   0.86   0.41    -3.0000  lv1(a=5)           1.9s
  167      1376.2       589.2    0.3925   0.87   0.42    -3.0000  lv1(a=5)           2.1s
  168      1231.8       549.0    0.3918   0.87   0.42    -3.0000  lv1(a=5)           1.9s
  169      1481.6       622.4    0.3912   0.88   0.42    -3.0000  lv1(a=5)           2.2s
  [probe] gen=170 score=209.9 net=1.736 fell=1.000
  170      1602.1       662.2    0.3907   0.88   0.42    -3.0000  lv1(a=5)           2.2s
  171      1600.5       536.2    0.3903   0.88   0.43    -3.0000  lv1(a=5)           2.1s
  172      1597.8       605.5    0.3899   0.89   0.43    -3.0000  lv1(a=5)           2.4s
  173      1373.9       572.1    0.3894   0.89   0.43    -3.0000  lv1(a=5)           2.2s
  174      1250.1       549.4    0.3889   0.90   0.43    -3.0000  lv1(a=5)           2.2s
  [plot] Saved fitness curve → experiments/thesis/archive_based/seed_08/fitness_curve.png
  175      1395.9       663.3    0.3885   0.90   0.44    -3.0000  lv1(a=5)           2.4s
  176      1520.8       639.1    0.3881   0.90   0.44    -3.0000  lv1(a=5)           2.1s
  177      1257.5       553.5    0.3879   0.91   0.44    -3.0000  lv1(a=5)           2.1s
  178      1467.1       617.2    0.3875   0.91   0.45    -3.0000  lv1(a=5)           2.2s
  179      1584.7       678.6    0.3872   0.92   0.45    -3.0000  lv1(a=5)           2.2s
  [probe] gen=180 score=185.8 net=1.631 fell=1.000
  180      1585.5       638.7    0.3868   0.92   0.45    -3.0000  lv1(a=5)           2.2s
  181      1685.3       702.6    0.3865   0.92   0.45    -3.0000  lv1(a=5)           2.3s
  182      1649.5       618.4    0.3861   0.93   0.46    -3.0000  lv1(a=5)           2.2s
  183      1565.5       615.5    0.3856   0.93   0.46    -3.0000  lv1(a=5)           2.3s
  184      1482.2       685.0    0.3849   0.94   0.46    -3.0000  lv1(a=5)           2.5s
  185      1353.1       619.4    0.3844   0.94   0.46    -3.0000  lv1(a=5)           2.3s
  186      1495.5       727.3    0.3838   0.94   0.47    -3.0000  lv1(a=5)           2.4s
  187      1510.9       681.6    0.3832   0.95   0.47    -3.0000  lv1(a=5)           2.3s
  188      1570.2       658.5    0.3827   0.95   0.47    -3.0000  lv1(a=5)           2.5s
  189      1360.8       551.4    0.3825   0.96   0.47    -3.0000  lv1(a=5)           2.4s
  [probe] gen=190 score=199.0 net=1.687 fell=1.000
  190      1837.5       581.3    0.3824   0.96   0.47    -3.0000  lv1(a=5)           2.4s
  191      1355.2       703.2    0.3824   0.96   0.48    -3.0000  lv1(a=5)           2.5s
  192      1741.4       628.9    0.3823   0.97   0.48    -3.0000  lv1(a=5)           2.2s
  193      1712.4       753.6    0.3823   0.97   0.48    -3.0000  lv1(a=5)           2.5s
  194      1563.6       583.9    0.3822   0.98   0.48    -3.0000  lv1(a=5)           2.2s
  195      1623.0       654.7    0.3823   0.98   0.49    -3.0000  lv1(a=5)           2.3s
  196      1465.9       617.8    0.3825   0.98   0.49    -3.0000  lv1(a=5)           2.4s
  197      1480.8       642.2    0.3825   0.99   0.49    -3.0000  lv1(a=5)           2.3s
  198      1622.5       715.6    0.3827   0.99   0.49    -3.0000  lv1(a=5)           2.5s
  199      1687.4       755.1    0.3828   1.00   0.50    -3.0000  lv1(a=5)           2.5s
  [probe] gen=200 score=-73.3 net=0.386 fell=1.000
  [plot] Saved fitness curve → experiments/thesis/archive_based/seed_08/fitness_curve.png
  200      1556.7       652.5    0.3828   1.00   0.50    -3.0000  lv1(a=5)           2.4s
  201      1420.3       730.6    0.3830   1.00   0.50    -3.0000  lv1(a=5)           2.3s
  202      1717.2       783.5    0.3831   1.00   0.50    -3.0000  lv1(a=5)           2.5s
  203      1664.5       685.8    0.3830   1.00   0.50    -3.0000  lv1(a=5)           2.3s
  204      1704.8       707.0    0.3828   1.00   0.50    -3.0000  lv1(a=5)           2.3s
  205      1842.0       780.6    0.3828   1.00   0.50    -3.0000  lv1(a=5)           2.5s
  206      1739.1       736.8    0.3827   1.00   0.50    -3.0000  lv1(a=5)           2.4s
  207      1416.6       714.9    0.3827   1.00   0.50    -3.0000  lv1(a=5)           2.3s
  208      1889.4       760.3    0.3825   1.00   0.50    -3.0000  lv1(a=5)           2.4s
  209      1604.7       643.5    0.3824   1.00   0.50    -3.0000  lv1(a=5)           2.4s
  [probe] gen=210 score=321.2 net=2.152 fell=1.000 [new best earth]
  210      1838.7       800.6    0.3820   1.00   0.50    -3.0000  lv1(a=5)           2.5s
  211      1680.8       641.5    0.3816   1.00   0.50    -3.0000  lv1(a=5)           2.3s
  212      1745.9       627.3    0.3811   1.00   0.50    -3.0000  lv1(a=5)           2.3s
  213      1835.8       596.7    0.3808   1.00   0.50    -3.0000  lv1(a=5)           2.3s
  214      1694.7       773.1    0.3805   1.00   0.50    -3.0000  lv1(a=5)           2.5s
  215      1568.7       712.0    0.3803   1.00   0.50    -3.0000  lv1(a=5)           2.5s
  216      1749.8       808.1    0.3801   1.00   0.50    -3.0000  lv1(a=5)           2.5s
  217      1417.6       738.3    0.3802   1.00   0.50    -3.0000  lv1(a=5)           2.5s
  218      1836.9       801.4    0.3802   1.00   0.50    -3.0000  lv1(a=5)           2.5s
  219      1650.0       827.5    0.3802   1.00   0.50    -3.0000  lv1(a=5)           2.7s
  [probe] gen=220 score=242.5 net=1.768 fell=1.000
  220      1632.2       752.9    0.3802   1.00   0.50    -3.0000  lv1(a=5)           2.4s
  221      1839.8       815.0    0.3801   1.00   0.50    -3.0000  lv1(a=5)           2.4s
  222      1669.9       786.7    0.3801   1.00   0.50    -3.0000  lv1(a=5)           2.5s
  223      1719.8       769.3    0.3802   1.00   0.50    -3.0000  lv1(a=5)           2.5s
  224      1723.7       699.1    0.3803   1.00   0.50    -3.0000  lv1(a=5)           2.5s
  [plot] Saved fitness curve → experiments/thesis/archive_based/seed_08/fitness_curve.png
  225      1715.0       789.7    0.3802   1.00   0.50    -3.0000  lv1(a=5)           2.5s
  226      1750.9       631.2    0.3802   1.00   0.50    -3.0000  lv1(a=5)           2.4s
  227      1730.3       635.5    0.3803   1.00   0.50    -3.0000  lv1(a=5)           2.4s
  228      1592.5       592.6    0.3804   1.00   0.50    -3.0000  lv1(a=5)           2.2s
  229      1446.3       686.2    0.3805   1.00   0.50    -3.0000  lv1(a=5)           2.3s
  [probe] gen=230 score=263.2 net=1.946 fell=1.000
  230      1478.0       801.3    0.3807   1.00   0.50    -3.0000  lv1(a=5)           2.6s
  231      1683.9       797.6    0.3808   1.00   0.50    -3.0000  lv1(a=5)           2.5s
  232      1589.8       654.7    0.3809   1.00   0.50    -3.0000  lv1(a=5)           2.2s
  233      1647.5       733.5    0.3809   1.00   0.50    -3.0000  lv1(a=5)           2.7s
  234      1858.5       722.5    0.3809   1.00   0.50    -3.0000  lv1(a=5)           2.5s
  235      1753.5       729.5    0.3809   1.00   0.50    -3.0000  lv1(a=5)           2.5s
  236      1605.8       679.6    0.3810   1.00   0.50    -3.0000  lv1(a=5)           2.3s
  237      1598.5       781.1    0.3813   1.00   0.50    -3.0000  lv1(a=5)           2.6s
  [stage] gen=238  gravity -3.00 → -5.00  ES restarted  remaining=261
  238      1653.1       625.0    0.5000   1.00   0.50    -3.0000  lv1(a=5)           2.5s
  239      1188.9       328.7    0.4903   1.00   0.50    -5.0000  lv2(a=0)           1.4s
  [probe] gen=240 score=50.6 net=0.908 fell=1.000
  240       997.3       357.1    0.4820   1.00   0.50    -5.0000  lv2(a=1)           1.7s
  241      1373.8       318.3    0.4744   1.00   0.50    -5.0000  lv2(a=2)           1.6s
  242       948.6       315.9    0.4678   1.00   0.50    -5.0000  lv2(a=3)           1.5s
  243       806.3       275.8    0.4619   1.00   0.50    -5.0000  lv2(a=4)           1.5s
  244       943.0       230.1    0.4565   1.00   0.50    -5.0000  lv2(a=5)           1.5s
  245      1211.6       256.1    0.4514   1.00   0.50    -5.0000  lv2(a=5)           1.7s
  246      1251.2       369.2    0.4466   1.00   0.50    -5.0000  lv2(a=5)           1.8s
  247      1208.8       364.7    0.4422   1.00   0.50    -5.0000  lv2(a=5)           1.7s
  248      1184.7       363.6    0.4382   1.00   0.50    -5.0000  lv2(a=5)           1.7s
  249      1175.2       457.3    0.4344   1.00   0.50    -5.0000  lv2(a=5)           2.0s
  [probe] gen=250 score=228.8 net=1.825 fell=1.000
  [plot] Saved fitness curve → experiments/thesis/archive_based/seed_08/fitness_curve.png
  250      1594.2       439.0    0.4310   1.00   0.50    -5.0000  lv2(a=5)           2.1s
  251      1529.7       459.8    0.4278   1.00   0.50    -5.0000  lv2(a=5)           1.8s
  252      1580.0       578.1    0.4249   1.00   0.50    -5.0000  lv2(a=5)           2.1s
  253      1304.1       515.0    0.4221   1.00   0.50    -5.0000  lv2(a=5)           1.9s
  254      1371.1       515.2    0.4196   1.00   0.50    -5.0000  lv2(a=5)           2.2s
  255      1548.4       535.0    0.4172   1.00   0.50    -5.0000  lv2(a=5)           2.2s
  256      1405.7       566.2    0.4149   1.00   0.50    -5.0000  lv2(a=5)           2.2s
  257      1268.0       593.7    0.4126   1.00   0.50    -5.0000  lv2(a=5)           2.1s
  258      1626.5       615.4    0.4105   1.00   0.50    -5.0000  lv2(a=5)           2.4s
  259      1357.3       560.6    0.4085   1.00   0.50    -5.0000  lv2(a=5)           2.2s
  [probe] gen=260 score=191.5 net=1.582 fell=1.000
  260      1779.1       639.4    0.4066   1.00   0.50    -5.0000  lv2(a=5)           2.3s
  261      1586.2       571.0    0.4048   1.00   0.50    -5.0000  lv2(a=5)           2.1s
  262      1860.9       636.8    0.4028   1.00   0.50    -5.0000  lv2(a=5)           2.2s
  263      1570.6       661.5    0.4013   1.00   0.50    -5.0000  lv2(a=5)           2.5s
  264      1605.7       684.0    0.3998   1.00   0.50    -5.0000  lv2(a=5)           2.4s
  265      1241.7       582.4    0.3984   1.00   0.50    -5.0000  lv2(a=5)           2.2s
  266      1289.8       557.7    0.3971   1.00   0.50    -5.0000  lv2(a=5)           2.1s
  267      1525.6       596.3    0.3958   1.00   0.50    -5.0000  lv2(a=5)           2.3s
  268      1700.2       648.5    0.3946   1.00   0.50    -5.0000  lv2(a=5)           2.4s
  [stage] gen=269  gravity -5.00 → -7.00  ES restarted  remaining=230
  269      1796.0       714.6    0.5000   1.00   0.50    -5.0000  lv2(a=5)           2.4s
  [probe] gen=270 score=51.6 net=0.963 fell=1.000
  270      1460.1       228.6    0.4904   1.00   0.50    -7.0000  lv3(a=0)           1.4s
  271      1155.8       215.4    0.4821   1.00   0.50    -7.0000  lv3(a=1)           1.4s
  272      1327.1       361.8    0.4749   1.00   0.50    -7.0000  lv3(a=2)           1.7s
  273      1277.1       362.7    0.4684   1.00   0.50    -7.0000  lv3(a=3)           1.7s
  274       985.0       409.8    0.4626   1.00   0.50    -7.0000  lv3(a=4)           1.8s
  [plot] Saved fitness curve → experiments/thesis/archive_based/seed_08/fitness_curve.png
  275      1019.2       387.7    0.4575   1.00   0.50    -7.0000  lv3(a=5)           1.8s
  276      1219.8       421.9    0.4528   1.00   0.50    -7.0000  lv3(a=5)           1.6s
  277       952.3       396.6    0.4485   1.00   0.50    -7.0000  lv3(a=5)           1.7s
  278      1123.6       502.3    0.4447   1.00   0.50    -7.0000  lv3(a=5)           1.9s
  279      1174.1       495.9    0.4410   1.00   0.50    -7.0000  lv3(a=5)           2.1s
  [probe] gen=280 score=455.1 net=3.012 fell=1.000 [new best earth]
  280      1362.2       539.3    0.4377   1.00   0.50    -7.0000  lv3(a=5)           1.8s
  281      1266.7       371.9    0.4349   1.00   0.50    -7.0000  lv3(a=5)           1.8s
  282      1044.0       449.1    0.4322   1.00   0.50    -7.0000  lv3(a=5)           1.8s
  283      1225.8       456.4    0.4298   1.00   0.50    -7.0000  lv3(a=5)           1.9s
  284      1354.1       427.6    0.4275   1.00   0.50    -7.0000  lv3(a=5)           1.7s
  285      1473.1       484.4    0.4254   1.00   0.50    -7.0000  lv3(a=5)           1.9s
  286      1337.3       553.1    0.4234   1.00   0.50    -7.0000  lv3(a=5)           2.3s
  287      1531.7       527.1    0.4216   1.00   0.50    -7.0000  lv3(a=5)           2.0s
  288      1353.3       486.1    0.4197   1.00   0.50    -7.0000  lv3(a=5)           2.0s
  289      1297.4       450.4    0.4179   1.00   0.50    -7.0000  lv3(a=5)           2.1s
  [probe] gen=290 score=386.7 net=2.562 fell=1.000
  290      1323.5       542.9    0.4162   1.00   0.50    -7.0000  lv3(a=5)           2.0s
  291      1253.3       504.9    0.4145   1.00   0.50    -7.0000  lv3(a=5)           2.0s
  292      1235.6       541.1    0.4130   1.00   0.50    -7.0000  lv3(a=5)           1.9s
  293      1242.4       483.2    0.4113   1.00   0.50    -7.0000  lv3(a=5)           1.8s
  294      1350.7       494.9    0.4097   1.00   0.50    -7.0000  lv3(a=5)           1.9s
  295      1404.1       566.3    0.4082   1.00   0.50    -7.0000  lv3(a=5)           2.0s
  296      1347.9       588.2    0.4068   1.00   0.50    -7.0000  lv3(a=5)           2.1s
  297      1541.5       501.1    0.4057   1.00   0.50    -7.0000  lv3(a=5)           1.9s
  298      1143.1       428.6    0.4046   1.00   0.50    -7.0000  lv3(a=5)           1.8s
  299      1675.8       548.3    0.4037   1.00   0.50    -7.0000  lv3(a=5)           1.9s
  [probe] gen=300 score=378.2 net=2.568 fell=1.000
  [plot] Saved fitness curve → experiments/thesis/archive_based/seed_08/fitness_curve.png
  [stage] gen=300  gravity -7.00 → -9.81  ES restarted  remaining=199
  300      1722.7       527.5    0.5000   1.00   0.50    -7.0000  lv3(a=5)           1.9s
  301       538.1       126.6    0.4904   1.00   0.50    -9.8100  lv4(a=0)           1.0s
  302       632.5       188.2    0.4821   1.00   0.50    -9.8100  lv4(a=1)           1.2s
  303       809.2       163.9    0.4746   1.00   0.50    -9.8100  lv4(a=2)           1.2s
  304       817.7       187.3    0.4680   1.00   0.50    -9.8100  lv4(a=3)           1.3s
  305       693.3       198.8    0.4619   1.00   0.50    -9.8100  lv4(a=4)           1.3s
  306       686.2       235.6    0.4563   1.00   0.50    -9.8100  lv4(a=5)           1.4s
  307       651.1       248.2    0.4512   1.00   0.50    -9.8100  lv4(a=5)           1.2s
  308       789.5       294.2    0.4463   1.00   0.50    -9.8100  lv4(a=5)           1.6s
  309       775.1       333.3    0.4418   1.00   0.50    -9.8100  lv4(a=5)           1.5s
  [probe] gen=310 score=1111.3 net=5.830 fell=1.000 [new best earth]
  310      1189.4       380.0    0.4374   1.00   0.50    -9.8100  lv4(a=5)           1.3s
  311       762.3       304.4    0.4333   1.00   0.50    -9.8100  lv4(a=5)           1.2s
  312       764.0       267.5    0.4295   1.00   0.50    -9.8100  lv4(a=5)           1.2s
  313       819.2       285.8    0.4258   1.00   0.50    -9.8100  lv4(a=5)           1.3s
  314       920.9       259.8    0.4223   1.00   0.50    -9.8100  lv4(a=5)           1.3s
  315      1393.7       411.6    0.4191   1.00   0.50    -9.8100  lv4(a=5)           1.5s
  316       795.0       337.2    0.4162   1.00   0.50    -9.8100  lv4(a=5)           1.4s
  317       992.2       479.8    0.4135   1.00   0.50    -9.8100  lv4(a=5)           1.5s
  318       792.4       368.9    0.4108   1.00   0.50    -9.8100  lv4(a=5)           1.4s
  319       780.5       277.3    0.4083   1.00   0.50    -9.8100  lv4(a=5)           1.4s
  [probe] gen=320 score=753.0 net=4.153 fell=1.000
  320       876.7       277.9    0.4060   1.00   0.50    -9.8100  lv4(a=5)           1.4s
  321       957.3       345.5    0.4037   1.00   0.50    -9.8100  lv4(a=5)           1.4s
  322      1343.8       429.4    0.4015   1.00   0.50    -9.8100  lv4(a=5)           1.4s
  323       970.9       374.6    0.3995   1.00   0.50    -9.8100  lv4(a=5)           1.4s
  324       928.8       394.3    0.3978   1.00   0.50    -9.8100  lv4(a=5)           1.4s
  [plot] Saved fitness curve → experiments/thesis/archive_based/seed_08/fitness_curve.png
  325       980.3       342.2    0.3961   1.00   0.50    -9.8100  lv4(a=5)           1.5s
  326       922.9       430.0    0.3946   1.00   0.50    -9.8100  lv4(a=5)           1.5s
  327      1298.1       467.5    0.3933   1.00   0.50    -9.8100  lv4(a=5)           1.9s
  328       875.3       458.7    0.3922   1.00   0.50    -9.8100  lv4(a=5)           1.5s
  329      1005.7       374.7    0.3911   1.00   0.50    -9.8100  lv4(a=5)           1.5s
  [probe] gen=330 score=1159.2 net=5.399 fell=0.300 [new best earth]
  330      1144.3       401.7    0.3903   1.00   0.50    -9.8100  lv4(a=5)           1.7s
  331       838.6       354.4    0.3894   1.00   0.50    -9.8100  lv4(a=5)           1.3s
  332       950.5       446.6    0.3889   1.00   0.50    -9.8100  lv4(a=5)           1.4s
  333       955.7       357.6    0.3883   1.00   0.50    -9.8100  lv4(a=5)           1.4s
  334      1149.2       313.3    0.3878   1.00   0.50    -9.8100  lv4(a=5)           1.5s
  335       873.1       327.0    0.3874   1.00   0.50    -9.8100  lv4(a=5)           1.5s
  336      1052.2       432.7    0.3870   1.00   0.50    -9.8100  lv4(a=5)           1.4s
  337       875.0       403.2    0.3864   1.00   0.50    -9.8100  lv4(a=5)           1.5s
  338      1343.9       525.9    0.3859   1.00   0.50    -9.8100  lv4(a=5)           1.9s
  339      1308.2       411.6    0.3855   1.00   0.50    -9.8100  lv4(a=5)           1.7s
  [probe] gen=340 score=1029.4 net=5.313 fell=1.000
  340      1115.5       432.8    0.3850   1.00   0.50    -9.8100  lv4(a=5)           1.8s
  341      1343.8       452.8    0.3847   1.00   0.50    -9.8100  lv4(a=5)           1.6s
  342      1320.6       432.1    0.3845   1.00   0.50    -9.8100  lv4(a=5)           1.7s
  343      1245.4       384.7    0.3843   1.00   0.50    -9.8100  lv4(a=5)           1.7s
  344      1029.7       416.8    0.3841   1.00   0.50    -9.8100  lv4(a=5)           1.6s
  345       817.4       372.9    0.3838   1.00   0.50    -9.8100  lv4(a=5)           1.6s
  346      1084.2       422.3    0.3835   1.00   0.50    -9.8100  lv4(a=5)           1.7s
  347      1167.3       524.9    0.3832   1.00   0.50    -9.8100  lv4(a=5)           2.2s
  348      1211.0       403.4    0.3830   1.00   0.50    -9.8100  lv4(a=5)           1.7s
  349       975.5       402.4    0.3829   1.00   0.50    -9.8100  lv4(a=5)           1.8s
  [probe] gen=350 score=1113.6 net=5.419 fell=0.700
  [plot] Saved fitness curve → experiments/thesis/archive_based/seed_08/fitness_curve.png
  350      1098.9       412.2    0.3828   1.00   0.50    -9.8100  lv4(a=5)           1.9s
  351      1368.4       397.2    0.3825   1.00   0.50    -9.8100  lv4(a=5)           1.6s
  352      1287.8       438.0    0.3823   1.00   0.50    -9.8100  lv4(a=5)           1.9s
  353      1165.2       466.0    0.3820   1.00   0.50    -9.8100  lv4(a=5)           2.1s
  354      1054.8       293.6    0.3816   1.00   0.50    -9.8100  lv4(a=5)           1.8s
  355      1151.4       408.1    0.3813   1.00   0.50    -9.8100  lv4(a=5)           2.0s
  356      1293.7       417.5    0.3810   1.00   0.50    -9.8100  lv4(a=5)           2.1s
  357      1453.2       530.2    0.3807   1.00   0.50    -9.8100  lv4(a=5)           2.0s
  358      1153.9       443.8    0.3805   1.00   0.50    -9.8100  lv4(a=5)           1.9s
  359      1120.7       492.2    0.3804   1.00   0.50    -9.8100  lv4(a=5)           2.0s
  [probe] gen=360 score=1043.3 net=5.042 fell=0.800
  360      1194.6       539.7    0.3803   1.00   0.50    -9.8100  lv4(a=5)           2.2s
  361      1304.3       510.3    0.3802   1.00   0.50    -9.8100  lv4(a=5)           1.8s
  362      1242.6       462.8    0.3801   1.00   0.50    -9.8100  lv4(a=5)           1.8s
  363      1243.8       473.4    0.3801   1.00   0.50    -9.8100  lv4(a=5)           1.6s
  364      1240.2       521.8    0.3799   1.00   0.50    -9.8100  lv4(a=5)           1.7s
  365      1486.1       494.7    0.3799   1.00   0.50    -9.8100  lv4(a=5)           1.8s
  366      1378.7       506.0    0.3798   1.00   0.50    -9.8100  lv4(a=5)           2.1s
  367      1368.9       547.5    0.3799   1.00   0.50    -9.8100  lv4(a=5)           2.1s
  368      1377.4       451.9    0.3801   1.00   0.50    -9.8100  lv4(a=5)           1.8s
  369      1385.9       425.2    0.3802   1.00   0.50    -9.8100  lv4(a=5)           1.8s
  [probe] gen=370 score=1294.3 net=6.144 fell=0.300 [new best earth]
  370      1317.4       437.2    0.3803   1.00   0.50    -9.8100  lv4(a=5)           1.9s
  371      1259.8       502.7    0.3803   1.00   0.50    -9.8100  lv4(a=5)           1.7s
  372      1257.1       393.4    0.3805   1.00   0.50    -9.8100  lv4(a=5)           1.8s
  373      1317.3       441.9    0.3806   1.00   0.50    -9.8100  lv4(a=5)           1.9s
  374      1265.6       531.7    0.3805   1.00   0.50    -9.8100  lv4(a=5)           1.8s
  [plot] Saved fitness curve → experiments/thesis/archive_based/seed_08/fitness_curve.png
  375      1365.7       530.5    0.3803   1.00   0.50    -9.8100  lv4(a=5)           2.2s
  376      1289.3       487.4    0.3801   1.00   0.50    -9.8100  lv4(a=5)           2.0s
  377       939.0       442.5    0.3798   1.00   0.50    -9.8100  lv4(a=5)           2.0s
  378      1351.4       418.3    0.3796   1.00   0.50    -9.8100  lv4(a=5)           1.9s
  379      1245.1       509.4    0.3793   1.00   0.50    -9.8100  lv4(a=5)           2.1s
  [probe] gen=380 score=1206.4 net=5.734 fell=0.600
  380      1240.8       573.5    0.3788   1.00   0.50    -9.8100  lv4(a=5)           2.3s
  381      1338.7       432.3    0.3782   1.00   0.50    -9.8100  lv4(a=5)           1.9s
  382      1176.5       444.7    0.3779   1.00   0.50    -9.8100  lv4(a=5)           1.9s
  383      1426.8       593.7    0.3776   1.00   0.50    -9.8100  lv4(a=5)           2.3s
  384      1398.7       474.0    0.3773   1.00   0.50    -9.8100  lv4(a=5)           1.9s
  385      1429.3       623.2    0.3768   1.00   0.50    -9.8100  lv4(a=5)           2.3s
  386      1315.5       544.0    0.3765   1.00   0.50    -9.8100  lv4(a=5)           2.1s
  387      1270.9       521.9    0.3761   1.00   0.50    -9.8100  lv4(a=5)           1.8s
  388      1153.5       440.7    0.3757   1.00   0.50    -9.8100  lv4(a=5)           1.8s
  389      1190.5       530.4    0.3753   1.00   0.50    -9.8100  lv4(a=5)           2.1s
  [probe] gen=390 score=1133.8 net=5.084 fell=0.000
  390      1134.3       533.0    0.3751   1.00   0.50    -9.8100  lv4(a=5)           2.2s
  391      1195.1       408.5    0.3747   1.00   0.50    -9.8100  lv4(a=5)           1.8s
  392      1149.3       522.8    0.3742   1.00   0.50    -9.8100  lv4(a=5)           2.1s
  393      1061.0       537.6    0.3737   1.00   0.50    -9.8100  lv4(a=5)           2.1s
  394      1371.5       538.6    0.3731   1.00   0.50    -9.8100  lv4(a=5)           2.2s
  395      1323.0       548.0    0.3726   1.00   0.50    -9.8100  lv4(a=5)           2.2s
  396      1510.7       494.4    0.3721   1.00   0.50    -9.8100  lv4(a=5)           2.1s
  397      1365.2       504.0    0.3716   1.00   0.50    -9.8100  lv4(a=5)           2.5s
  398      1311.0       459.1    0.3710   1.00   0.50    -9.8100  lv4(a=5)           2.1s
  399      1367.6       448.9    0.3705   1.00   0.50    -9.8100  lv4(a=5)           2.1s
  [probe] gen=400 score=1210.0 net=5.915 fell=1.000
  [plot] Saved fitness curve → experiments/thesis/archive_based/seed_08/fitness_curve.png
  400      1371.6       480.2    0.3701   1.00   0.50    -9.8100  lv4(a=5)           2.1s
  401      1344.4       512.0    0.3696   1.00   0.50    -9.8100  lv4(a=5)           2.1s
  402      1333.9       575.1    0.3692   1.00   0.50    -9.8100  lv4(a=5)           2.2s
  403      1226.4       508.9    0.3686   1.00   0.50    -9.8100  lv4(a=5)           2.2s
  404      1377.1       585.4    0.3680   1.00   0.50    -9.8100  lv4(a=5)           2.5s
  405      1293.0       520.8    0.3674   1.00   0.50    -9.8100  lv4(a=5)           2.3s
  406      1193.3       440.8    0.3669   1.00   0.50    -9.8100  lv4(a=5)           1.8s
  407      1087.0       485.4    0.3665   1.00   0.50    -9.8100  lv4(a=5)           2.1s
  408      1115.9       485.5    0.3662   1.00   0.50    -9.8100  lv4(a=5)           2.0s
  409      1171.5       546.1    0.3659   1.00   0.50    -9.8100  lv4(a=5)           2.3s
  [probe] gen=410 score=1210.5 net=6.366 fell=1.000
  410      1220.9       400.9    0.3655   1.00   0.50    -9.8100  lv4(a=5)           2.0s
  411      1426.0       633.0    0.3654   1.00   0.50    -9.8100  lv4(a=5)           2.1s
  412      1141.3       505.8    0.3651   1.00   0.50    -9.8100  lv4(a=5)           2.2s
  413      1314.1       446.6    0.3649   1.00   0.50    -9.8100  lv4(a=5)           2.1s
  414      1481.6       540.0    0.3647   1.00   0.50    -9.8100  lv4(a=5)           2.1s
  415      1210.5       497.4    0.3647   1.00   0.50    -9.8100  lv4(a=5)           2.0s
  416      1411.0       487.6    0.3646   1.00   0.50    -9.8100  lv4(a=5)           1.9s
  417      1488.0       545.9    0.3644   1.00   0.50    -9.8100  lv4(a=5)           2.1s
  418      1105.4       466.8    0.3643   1.00   0.50    -9.8100  lv4(a=5)           2.0s
  419      1173.5       483.2    0.3640   1.00   0.50    -9.8100  lv4(a=5)           2.2s
  [probe] gen=420 score=825.9 net=4.863 fell=1.000
  420      1629.5       536.8    0.3637   1.00   0.50    -9.8100  lv4(a=5)           2.2s
  421      1211.0       496.1    0.3634   1.00   0.50    -9.8100  lv4(a=5)           1.9s
  422      1261.9       532.4    0.3630   1.00   0.50    -9.8100  lv4(a=5)           1.9s
  423      1353.6       527.6    0.3627   1.00   0.50    -9.8100  lv4(a=5)           2.1s
  424      1529.7       569.9    0.3624   1.00   0.50    -9.8100  lv4(a=5)           2.1s
  [plot] Saved fitness curve → experiments/thesis/archive_based/seed_08/fitness_curve.png
  425      1344.8       516.3    0.3620   1.00   0.50    -9.8100  lv4(a=5)           1.9s
  426      1394.9       591.3    0.3616   1.00   0.50    -9.8100  lv4(a=5)           2.2s
  427      1336.4       526.4    0.3611   1.00   0.50    -9.8100  lv4(a=5)           1.9s
  428      1399.6       675.9    0.3608   1.00   0.50    -9.8100  lv4(a=5)           2.5s
  429      1508.0       530.4    0.3606   1.00   0.50    -9.8100  lv4(a=5)           1.8s
  [probe] gen=430 score=1352.4 net=6.681 fell=0.500 [new best earth]
  430      1292.3       555.5    0.3604   1.00   0.50    -9.8100  lv4(a=5)           2.0s
  431      1326.7       575.4    0.3602   1.00   0.50    -9.8100  lv4(a=5)           2.2s
  432      1318.7       586.2    0.3598   1.00   0.50    -9.8100  lv4(a=5)           2.1s
  433      1211.7       458.5    0.3594   1.00   0.50    -9.8100  lv4(a=5)           2.0s
  434      1582.9       494.1    0.3591   1.00   0.50    -9.8100  lv4(a=5)           2.3s
  435      1463.6       527.9    0.3588   1.00   0.50    -9.8100  lv4(a=5)           2.2s
  436      1397.7       581.4    0.3586   1.00   0.50    -9.8100  lv4(a=5)           2.1s
  437      1416.1       663.1    0.3586   1.00   0.50    -9.8100  lv4(a=5)           2.6s
  438      1385.3       659.3    0.3585   1.00   0.50    -9.8100  lv4(a=5)           2.3s
  439      1409.3       619.0    0.3584   1.00   0.50    -9.8100  lv4(a=5)           2.2s
  [probe] gen=440 score=1400.3 net=6.674 fell=0.200 [new best earth]
  440      1506.8       539.3    0.3583   1.00   0.50    -9.8100  lv4(a=5)           2.2s
  441      1486.0       518.8    0.3583   1.00   0.50    -9.8100  lv4(a=5)           2.1s
  442      1468.1       606.0    0.3582   1.00   0.50    -9.8100  lv4(a=5)           2.3s
  443      1447.8       535.2    0.3582   1.00   0.50    -9.8100  lv4(a=5)           2.1s
  444      1491.9       506.8    0.3582   1.00   0.50    -9.8100  lv4(a=5)           1.9s
  445      1371.7       622.9    0.3583   1.00   0.50    -9.8100  lv4(a=5)           2.2s
  446      1592.1       702.3    0.3583   1.00   0.50    -9.8100  lv4(a=5)           2.5s
  447      1444.9       734.4    0.3583   1.00   0.50    -9.8100  lv4(a=5)           2.2s
  448      1525.5       646.5    0.3584   1.00   0.50    -9.8100  lv4(a=5)           2.2s
  449      1548.5       556.8    0.3585   1.00   0.50    -9.8100  lv4(a=5)           2.1s
  [probe] gen=450 score=1479.5 net=7.258 fell=0.700 [new best earth]
  [plot] Saved fitness curve → experiments/thesis/archive_based/seed_08/fitness_curve.png
  450      1375.7       682.4    0.3587   1.00   0.50    -9.8100  lv4(a=5)           2.6s
  451      1592.8       601.1    0.3588   1.00   0.50    -9.8100  lv4(a=5)           1.8s
  452      1280.9       599.3    0.3591   1.00   0.50    -9.8100  lv4(a=5)           2.1s
  453      1591.8       620.2    0.3594   1.00   0.50    -9.8100  lv4(a=5)           2.2s
  454      1408.2       619.5    0.3598   1.00   0.50    -9.8100  lv4(a=5)           2.4s
  455      1442.4       778.2    0.3602   1.00   0.50    -9.8100  lv4(a=5)           2.6s
  456      1692.8       644.0    0.3605   1.00   0.50    -9.8100  lv4(a=5)           2.4s
  457      1546.5       709.4    0.3608   1.00   0.50    -9.8100  lv4(a=5)           2.5s
  458      1610.4       683.2    0.3611   1.00   0.50    -9.8100  lv4(a=5)           2.3s
  459      1540.9       821.6    0.3614   1.00   0.50    -9.8100  lv4(a=5)           2.7s
  [probe] gen=460 score=1333.8 net=6.711 fell=0.500
  460      1590.9       797.2    0.3617   1.00   0.50    -9.8100  lv4(a=5)           2.4s
  461      1654.4       819.3    0.3620   1.00   0.50    -9.8100  lv4(a=5)           2.6s
  462      1565.5       725.4    0.3625   1.00   0.50    -9.8100  lv4(a=5)           2.3s
  463      1552.2       763.4    0.3630   1.00   0.50    -9.8100  lv4(a=5)           2.6s
  464      1657.0       757.3    0.3633   1.00   0.50    -9.8100  lv4(a=5)           2.6s
  465      1557.0       776.0    0.3637   1.00   0.50    -9.8100  lv4(a=5)           2.4s
  466      1568.9       671.9    0.3641   1.00   0.50    -9.8100  lv4(a=5)           2.3s
  467      1545.7       788.4    0.3644   1.00   0.50    -9.8100  lv4(a=5)           2.7s
  468      1925.7       820.0    0.3648   1.00   0.50    -9.8100  lv4(a=5)           2.5s
  469      1633.4       728.5    0.3651   1.00   0.50    -9.8100  lv4(a=5)           2.1s
  [probe] gen=470 score=1536.7 net=7.349 fell=0.400 [new best earth]
  470      1592.2       726.7    0.3654   1.00   0.50    -9.8100  lv4(a=5)           2.4s
  471      1599.7       821.6    0.3657   1.00   0.50    -9.8100  lv4(a=5)           2.4s
  472      1469.7       668.2    0.3657   1.00   0.50    -9.8100  lv4(a=5)           2.3s
  473      1600.7       634.3    0.3657   1.00   0.50    -9.8100  lv4(a=5)           2.7s
  474      1479.2       772.2    0.3657   1.00   0.50    -9.8100  lv4(a=5)           2.5s
  [plot] Saved fitness curve → experiments/thesis/archive_based/seed_08/fitness_curve.png
  475      1548.8       702.5    0.3656   1.00   0.50    -9.8100  lv4(a=5)           2.3s
  476      1645.9       609.2    0.3654   1.00   0.50    -9.8100  lv4(a=5)           2.2s
  477      1304.6       694.9    0.3651   1.00   0.50    -9.8100  lv4(a=5)           2.3s
  478      1516.2       606.2    0.3650   1.00   0.50    -9.8100  lv4(a=5)           2.2s
  479      1490.6       653.7    0.3648   1.00   0.50    -9.8100  lv4(a=5)           1.9s
  [probe] gen=480 score=1607.2 net=7.632 fell=0.000 [new best earth]
  480      1719.1       822.1    0.3645   1.00   0.50    -9.8100  lv4(a=5)           2.9s
  481      1695.6       773.7    0.3642   1.00   0.50    -9.8100  lv4(a=5)           2.4s
  482      1549.5       791.1    0.3638   1.00   0.50    -9.8100  lv4(a=5)           2.7s
  483      1690.4       762.8    0.3635   1.00   0.50    -9.8100  lv4(a=5)           2.5s
  484      1674.1       755.1    0.3633   1.00   0.50    -9.8100  lv4(a=5)           2.6s
  485      1597.8       768.2    0.3632   1.00   0.50    -9.8100  lv4(a=5)           2.7s
  486      1504.7       802.6    0.3630   1.00   0.50    -9.8100  lv4(a=5)           2.6s
  487      1618.4       852.0    0.3627   1.00   0.50    -9.8100  lv4(a=5)           2.6s
  488      1602.9       808.6    0.3623   1.00   0.50    -9.8100  lv4(a=5)           2.4s
  489      1574.4       814.1    0.3619   1.00   0.50    -9.8100  lv4(a=5)           2.4s
  [probe] gen=490 score=1152.9 net=5.216 fell=0.300
  490      1683.0       866.5    0.3615   1.00   0.50    -9.8100  lv4(a=5)           2.6s
  491      1667.0       829.5    0.3611   1.00   0.50    -9.8100  lv4(a=5)           2.4s
  492      1576.0       891.8    0.3608   1.00   0.50    -9.8100  lv4(a=5)           2.6s
  493      1621.0       817.4    0.3606   1.00   0.50    -9.8100  lv4(a=5)           2.7s
  494      1612.9       721.5    0.3603   1.00   0.50    -9.8100  lv4(a=5)           2.3s
  495      1642.6       915.4    0.3599   1.00   0.50    -9.8100  lv4(a=5)           3.2s
  496      1598.4       847.5    0.3594   1.00   0.50    -9.8100  lv4(a=5)           2.9s
  497      1819.0       999.5    0.3588   1.00   0.50    -9.8100  lv4(a=5)           3.1s
  498      1701.5       686.1    0.3581   1.00   0.50    -9.8100  lv4(a=5)           2.1s
  499      1502.8       764.5    0.3573   1.00   0.50    -9.8100  lv4(a=5)           2.5s
  [plot] Saved fitness curve → experiments/thesis/archive_based/seed_08/fitness_curve.png

Training complete. Best fitness: 1925.7
Best params → experiments/thesis/archive_based/seed_08/checkpoints/best_params.npy
Fitness curve → experiments/thesis/archive_based/seed_08/fitness_curve.png
Eval params  → best_earth_params (earth probe score: 1607.2)
Final Earth scorecard | score=1356.4 net=6.522 fell=0.200
Gravity sweep | gravities=5 mean_net=5.495 worst_net=2.429
  [exp] Wrote experiments/thesis/archive_based/seed_08/experiment.json
  [exp] Wrote experiments/thesis/archive_based/seed_08/training_log.csv
  [exp] Wrote experiments/thesis/archive_based/seed_08/earth_probe.csv
  [exp] Wrote experiments/thesis/archive_based/seed_08/gravity_sweep.csv
  [exp] Wrote experiments/thesis/archive_based/seed_08/summary.json
