Walker2d-v5 | policy=CPG  params=504
Curriculum   : GradualTransition  gravity -1.6 → -9.81  warmup=20%
Run context | seed=2 arm=gradual_transition run_id=gradual_transition_seed_02

Schedule | penalty_min=0.20 penalty_ramp_gen=200 corr_min=0.00 corr_max=0.50 corr_ramp_gen=200

Starting CMA-ES | pop=40 | sigma0=0.5 | max_gen=500 | workers=8 | seed=2
Checkpoints → experiments/thesis/gradual_transition/seed_02/checkpoints/

  Gen        Best        Mean     Sigma    Pen   Corr    Gravity  Phase              Time
------------------------------------------------------------------------------------
  [probe] gen=0 score=-394.2 net=-0.197 fell=1.000 [new best earth]
  [plot] Saved fitness curve → experiments/thesis/gradual_transition/seed_02/fitness_curve.png
    0       -49.5       -75.9    0.4905   0.20   0.00    -1.6000  warmup             1.5s
    1       -59.4       -75.3    0.4820   0.20   0.00    -1.6000  warmup             0.2s
    2       -60.7       -76.6    0.4745   0.21   0.01    -1.6000  warmup             0.2s
    3       -59.8       -79.1    0.4678   0.21   0.01    -1.6000  warmup             0.2s
    4       -56.8       -76.1    0.4619   0.22   0.01    -1.6000  warmup             0.2s
    5       -59.1       -77.5    0.4565   0.22   0.01    -1.6000  warmup             0.2s
    6       -57.9       -75.2    0.4516   0.22   0.01    -1.6000  warmup             0.3s
    7       -56.0       -71.9    0.4471   0.23   0.02    -1.6000  warmup             0.2s
    8       -56.4       -71.4    0.4428   0.23   0.02    -1.6000  warmup             0.3s
    9       -53.2       -69.6    0.4388   0.24   0.02    -1.6000  warmup             0.3s
  [probe] gen=10 score=-388.2 net=-0.115 fell=1.000 [new best earth]
   10       -35.1       -67.8    0.4350   0.24   0.03    -1.6000  warmup             0.3s
   11       -35.7       -64.7    0.4317   0.24   0.03    -1.6000  warmup             0.4s
   12       -39.4       -60.6    0.4285   0.25   0.03    -1.6000  warmup             0.4s
   13       -17.1       -52.5    0.4254   0.25   0.03    -1.6000  warmup             0.5s
   14       -16.8       -50.9    0.4224   0.26   0.04    -1.6000  warmup             0.6s
   15         5.7       -44.5    0.4199   0.26   0.04    -1.6000  warmup             0.6s
   16       115.3       -23.5    0.4175   0.26   0.04    -1.6000  warmup             0.8s
   17       204.9        -8.0    0.4153   0.27   0.04    -1.6000  warmup             0.9s
   18       299.5        -9.3    0.4133   0.27   0.04    -1.6000  warmup             1.0s
   19       259.5        12.5    0.4114   0.28   0.05    -1.6000  warmup             1.1s
  [probe] gen=20 score=-377.7 net=-0.310 fell=1.000 [new best earth]
   20       213.6        65.3    0.4097   0.28   0.05    -1.6000  warmup             1.2s
   21       210.3       112.9    0.4084   0.28   0.05    -1.6000  warmup             1.4s
   22       351.4       134.5    0.4072   0.29   0.06    -1.6000  warmup             1.4s
   23       323.8       138.2    0.4064   0.29   0.06    -1.6000  warmup             1.5s
   24       244.9       134.2    0.4056   0.30   0.06    -1.6000  warmup             1.5s
  [plot] Saved fitness curve → experiments/thesis/gradual_transition/seed_02/fitness_curve.png
   25       301.8       112.0    0.4048   0.30   0.06    -1.6000  warmup             1.7s
   26       389.0        94.6    0.4041   0.30   0.07    -1.6000  warmup             1.5s
   27       449.4       156.2    0.4034   0.31   0.07    -1.6000  warmup             1.8s
   28       301.2        97.3    0.4028   0.31   0.07    -1.6000  warmup             1.7s
   29       320.7        95.5    0.4021   0.32   0.07    -1.6000  warmup             1.6s
  [probe] gen=30 score=-358.5 net=-0.181 fell=1.000 [new best earth]
   30       451.1       118.8    0.4014   0.32   0.07    -1.6000  warmup             1.7s
   31       347.6       120.1    0.4008   0.32   0.08    -1.6000  warmup             2.0s
   32       353.9        78.8    0.4003   0.33   0.08    -1.6000  warmup             1.8s
   33       361.7       126.2    0.3998   0.33   0.08    -1.6000  warmup             1.8s
   34       443.0       181.3    0.3991   0.34   0.09    -1.6000  warmup             1.7s
   35       527.9       137.1    0.3984   0.34   0.09    -1.6000  warmup             1.9s
   36       476.4       163.7    0.3977   0.34   0.09    -1.6000  warmup             2.0s
   37       467.9       167.8    0.3970   0.35   0.09    -1.6000  warmup             1.8s
   38       460.2       179.5    0.3963   0.35   0.10    -1.6000  warmup             1.8s
   39       416.7       169.7    0.3958   0.36   0.10    -1.6000  warmup             1.9s
  [probe] gen=40 score=64.8 net=1.181 fell=1.000 [new best earth]
   40       517.9       179.4    0.3954   0.36   0.10    -1.6000  warmup             1.7s
   41       558.5       199.1    0.3950   0.36   0.10    -1.6000  warmup             1.7s
   42       608.1       184.2    0.3946   0.37   0.10    -1.6000  warmup             1.9s
   43       474.3       212.0    0.3943   0.37   0.11    -1.6000  warmup             1.7s
   44       440.3       159.2    0.3940   0.38   0.11    -1.6000  warmup             2.0s
   45       468.5       151.4    0.3938   0.38   0.11    -1.6000  warmup             1.8s
   46       450.1       167.7    0.3935   0.38   0.12    -1.6000  warmup             2.0s
   47       533.0       130.2    0.3932   0.39   0.12    -1.6000  warmup             1.9s
   48       606.7       209.2    0.3927   0.39   0.12    -1.6000  warmup             2.0s
   49       510.2       167.3    0.3922   0.40   0.12    -1.6000  warmup             1.7s
  [probe] gen=50 score=-452.0 net=-0.935 fell=1.000
  [plot] Saved fitness curve → experiments/thesis/gradual_transition/seed_02/fitness_curve.png
   50       579.1       202.8    0.3916   0.40   0.12    -1.6000  warmup             1.9s
   51       546.6       172.1    0.3910   0.40   0.13    -1.6000  warmup             1.8s
   52       640.6       257.0    0.3904   0.41   0.13    -1.6000  warmup             1.8s
   53       723.2       245.3    0.3901   0.41   0.13    -1.6000  warmup             1.9s
   54       588.7       245.5    0.3897   0.42   0.14    -1.6000  warmup             1.8s
   55       757.8       243.7    0.3893   0.42   0.14    -1.6000  warmup             1.8s
   56       570.2       191.4    0.3889   0.42   0.14    -1.6000  warmup             1.6s
   57       607.4       264.0    0.3884   0.43   0.14    -1.6000  warmup             1.9s
   58       630.0       238.7    0.3880   0.43   0.14    -1.6000  warmup             1.8s
   59       646.0       301.7    0.3877   0.44   0.15    -1.6000  warmup             1.9s
  [probe] gen=60 score=222.8 net=1.791 fell=1.000 [new best earth]
   60       852.1       259.6    0.3873   0.44   0.15    -1.6000  warmup             1.8s
   61       895.5       340.0    0.3869   0.44   0.15    -1.6000  warmup             2.0s
   62       756.6       292.6    0.3865   0.45   0.15    -1.6000  warmup             2.0s
   63       804.9       235.7    0.3859   0.45   0.16    -1.6000  warmup             2.1s
   64       718.3       239.2    0.3855   0.46   0.16    -1.6000  warmup             1.9s
   65       596.2       243.4    0.3850   0.46   0.16    -1.6000  warmup             2.0s
   66      1033.5       267.9    0.3845   0.46   0.17    -1.6000  warmup             2.2s
   67       825.2       252.1    0.3839   0.47   0.17    -1.6000  warmup             1.8s
   68       775.0       268.5    0.3833   0.47   0.17    -1.6000  warmup             1.9s
   69      1022.0       319.7    0.3828   0.48   0.17    -1.6000  warmup             2.1s
  [probe] gen=70 score=-450.7 net=-0.901 fell=1.000
   70       807.1       184.6    0.3823   0.48   0.17    -1.6000  warmup             2.0s
   71       764.5       227.2    0.3819   0.48   0.18    -1.6000  warmup             1.8s
   72       799.6       251.8    0.3815   0.49   0.18    -1.6000  warmup             2.0s
   73       800.6       334.7    0.3810   0.49   0.18    -1.6000  warmup             2.1s
   74       904.5       293.6    0.3805   0.50   0.18    -1.6000  warmup             1.9s
  [plot] Saved fitness curve → experiments/thesis/gradual_transition/seed_02/fitness_curve.png
   75       943.9       282.6    0.3800   0.50   0.19    -1.6000  warmup             2.1s
   76       759.7       202.4    0.3797   0.50   0.19    -1.6000  warmup             1.9s
   77       771.5       294.6    0.3792   0.51   0.19    -1.6000  warmup             1.9s
   78       824.4       317.0    0.3788   0.51   0.20    -1.6000  warmup             2.0s
   79       786.1       278.3    0.3782   0.52   0.20    -1.6000  warmup             1.9s
  [probe] gen=80 score=143.3 net=1.493 fell=1.000
   80      1044.7       393.7    0.3777   0.52   0.20    -1.6000  warmup             2.1s
   81      1012.0       343.2    0.3772   0.52   0.20    -1.6000  warmup             2.0s
   82       964.7       377.5    0.3767   0.53   0.20    -1.6000  warmup             1.9s
   83       944.9       323.3    0.3763   0.53   0.21    -1.6000  warmup             2.1s
   84       749.3       343.7    0.3759   0.54   0.21    -1.6000  warmup             1.8s
   85       788.5       352.9    0.3756   0.54   0.21    -1.6000  warmup             2.0s
   86      1067.5       355.5    0.3752   0.54   0.21    -1.6000  warmup             2.1s
   87       906.7       402.2    0.3748   0.55   0.22    -1.6000  warmup             2.3s
   88       837.6       459.4    0.3746   0.55   0.22    -1.6000  warmup             2.4s
   89       965.3       291.4    0.3743   0.56   0.22    -1.6000  warmup             1.9s
  [probe] gen=90 score=9.4 net=0.729 fell=1.000
   90      1084.3       429.5    0.3743   0.56   0.23    -1.6000  warmup             2.2s
   91      1004.0       397.4    0.3741   0.56   0.23    -1.6000  warmup             2.1s
   92      1199.4       426.9    0.3742   0.57   0.23    -1.6000  warmup             2.0s
   93       966.5       342.9    0.3741   0.57   0.23    -1.6000  warmup             2.0s
   94       846.6       301.2    0.3738   0.58   0.23    -1.6000  warmup             1.9s
   95       980.7       358.4    0.3735   0.58   0.24    -1.6000  warmup             2.0s
   96      1099.6       365.2    0.3731   0.58   0.24    -1.6000  warmup             2.1s
   97       916.0       362.6    0.3727   0.59   0.24    -1.6000  warmup             2.0s
   98      1173.1       490.3    0.3725   0.59   0.24    -1.6000  warmup             2.1s
   99      1155.9       433.2    0.3721   0.60   0.25    -1.6000  warmup             2.0s
  [probe] gen=100 score=-175.0 net=0.041 fell=1.000
  [plot] Saved fitness curve → experiments/thesis/gradual_transition/seed_02/fitness_curve.png
  100      1274.9       387.7    0.3718   0.60   0.25    -1.6000  warmup             2.1s
  101      1176.0       382.1    0.3713   0.60   0.25    -1.6205  ramp 0%            1.9s
  102      1072.4       294.4    0.3708   0.61   0.26    -1.6411  ramp 0%            1.9s
  103      1082.8       414.3    0.3704   0.61   0.26    -1.6616  ramp 0%            2.2s
  104       977.2       397.9    0.3701   0.62   0.26    -1.6821  ramp 1%            2.1s
  105      1287.8       497.4    0.3697   0.62   0.26    -1.7026  ramp 1%            2.3s
  106      1116.5       456.0    0.3695   0.62   0.27    -1.7232  ramp 1%            2.1s
  107      1158.8       386.5    0.3692   0.63   0.27    -1.7437  ramp 1%            1.9s
  108      1341.8       581.2    0.3690   0.63   0.27    -1.7642  ramp 2%            2.3s
  109      1017.7       432.6    0.3686   0.64   0.27    -1.7847  ramp 2%            2.1s
  [probe] gen=110 score=-313.9 net=-0.242 fell=1.000
  110      1044.0       404.1    0.3683   0.64   0.28    -1.8053  ramp 2%            2.0s
  111      1470.4       458.9    0.3680   0.64   0.28    -1.8258  ramp 2%            2.1s
  112       984.0       463.9    0.3677   0.65   0.28    -1.8463  ramp 3%            2.0s
  113      1370.3       451.4    0.3673   0.65   0.28    -1.8668  ramp 3%            2.0s
  114      1351.4       627.9    0.3668   0.66   0.28    -1.8874  ramp 3%            2.3s
  115      1113.3       460.1    0.3663   0.66   0.29    -1.9079  ramp 3%            2.0s
  116      1187.6       442.2    0.3659   0.66   0.29    -1.9284  ramp 4%            1.9s
  117      1372.0       542.7    0.3658   0.67   0.29    -1.9489  ramp 4%            2.1s
  118      1337.3       606.2    0.3656   0.67   0.29    -1.9695  ramp 4%            2.3s
  119      1519.1       652.9    0.3655   0.68   0.30    -1.9900  ramp 4%            2.2s
  [probe] gen=120 score=263.8 net=2.014 fell=1.000 [new best earth]
  120      1522.5       597.6    0.3654   0.68   0.30    -2.0105  ramp 5%            2.2s
  121      1170.7       539.0    0.3654   0.68   0.30    -2.0310  ramp 5%            2.1s
  122      1259.7       452.0    0.3653   0.69   0.30    -2.0516  ramp 5%            2.0s
  123      1300.4       351.9    0.3654   0.69   0.31    -2.0721  ramp 5%            1.8s
  124      1649.3       509.7    0.3655   0.70   0.31    -2.0926  ramp 6%            2.0s
  [plot] Saved fitness curve → experiments/thesis/gradual_transition/seed_02/fitness_curve.png
  125      1543.4       518.4    0.3654   0.70   0.31    -2.1131  ramp 6%            2.0s
  126      1549.7       476.1    0.3655   0.70   0.32    -2.1337  ramp 6%            2.0s
  127      1196.5       325.9    0.3656   0.71   0.32    -2.1542  ramp 6%            1.6s
  128      1239.1       412.3    0.3659   0.71   0.32    -2.1747  ramp 7%            1.8s
  129      1048.5       403.5    0.3661   0.72   0.32    -2.1952  ramp 7%            1.8s
  [probe] gen=130 score=320.0 net=2.257 fell=1.000 [new best earth]
  130       938.4       449.6    0.3662   0.72   0.33    -2.2157  ramp 7%            1.8s
  131      1102.2       492.6    0.3663   0.72   0.33    -2.2363  ramp 7%            2.0s
  132      1470.4       364.1    0.3662   0.73   0.33    -2.2568  ramp 8%            1.7s
  133      1529.6       477.3    0.3662   0.73   0.33    -2.2773  ramp 8%            1.9s
  134      1438.3       484.1    0.3663   0.74   0.34    -2.2979  ramp 8%            2.0s
  135      1069.5       504.8    0.3664   0.74   0.34    -2.3184  ramp 8%            1.9s
  136      1066.0       437.7    0.3666   0.74   0.34    -2.3389  ramp 9%            1.7s
  137      1347.2       406.1    0.3668   0.75   0.34    -2.3594  ramp 9%            1.7s
  138      1060.8       496.1    0.3669   0.75   0.34    -2.3800  ramp 9%            2.0s
  139       936.2       328.9    0.3669   0.76   0.35    -2.4005  ramp 9%            1.7s
  [probe] gen=140 score=330.0 net=2.387 fell=1.000 [new best earth]
  140      1012.2       410.2    0.3670   0.76   0.35    -2.4210  ramp 10%           1.9s
  141       962.5       368.5    0.3670   0.76   0.35    -2.4415  ramp 10%           1.7s
  142       919.4       237.7    0.3672   0.77   0.35    -2.4621  ramp 10%           1.5s
  143      1355.8       317.6    0.3672   0.77   0.36    -2.4826  ramp 10%           1.7s
  144       811.3       267.3    0.3670   0.78   0.36    -2.5031  ramp 11%           1.5s
  145      1063.8       126.7    0.3668   0.78   0.36    -2.5236  ramp 11%           1.4s
  146      1109.4       343.9    0.3666   0.78   0.36    -2.5442  ramp 11%           1.6s
  147      1170.5       380.8    0.3663   0.79   0.37    -2.5647  ramp 11%           1.7s
  148       993.8       354.9    0.3658   0.79   0.37    -2.5852  ramp 12%           1.7s
  149      1479.6       379.2    0.3654   0.80   0.37    -2.6057  ramp 12%           1.7s
  [probe] gen=150 score=388.9 net=2.688 fell=1.000 [new best earth]
  [plot] Saved fitness curve → experiments/thesis/gradual_transition/seed_02/fitness_curve.png
  150      1919.6       400.0    0.3648   0.80   0.38    -2.6263  ramp 12%           1.9s
  151      1365.9       348.5    0.3642   0.80   0.38    -2.6468  ramp 12%           1.6s
  152      1828.1       557.0    0.3636   0.81   0.38    -2.6673  ramp 13%           1.8s
  153      1598.4       494.9    0.3630   0.81   0.38    -2.6878  ramp 13%           2.1s
  154      1583.8       517.2    0.3624   0.82   0.39    -2.7084  ramp 13%           2.0s
  155      1660.6       385.7    0.3617   0.82   0.39    -2.7289  ramp 13%           1.8s
  156      1278.0       570.2    0.3612   0.82   0.39    -2.7494  ramp 14%           2.2s
  157      1399.7       578.7    0.3608   0.83   0.39    -2.7699  ramp 14%           2.2s
  158      1319.5       560.8    0.3603   0.83   0.40    -2.7904  ramp 14%           2.1s
  159      1348.5       582.2    0.3597   0.84   0.40    -2.8110  ramp 14%           2.1s
  [probe] gen=160 score=369.0 net=2.561 fell=1.000
  160      1481.7       531.7    0.3591   0.84   0.40    -2.8315  ramp 15%           1.9s
  161      1274.8       487.1    0.3584   0.84   0.40    -2.8520  ramp 15%           1.8s
  162      1365.6       496.1    0.3577   0.85   0.41    -2.8726  ramp 15%           1.9s
  163      1532.1       588.4    0.3573   0.85   0.41    -2.8931  ramp 15%           2.0s
  164      1591.6       652.8    0.3567   0.86   0.41    -2.9136  ramp 16%           2.2s
  165      1912.0       570.8    0.3563   0.86   0.41    -2.9341  ramp 16%           2.1s
  166      1758.5       458.6    0.3558   0.86   0.41    -2.9546  ramp 16%           1.9s
  167      1632.8       469.4    0.3554   0.87   0.42    -2.9752  ramp 16%           1.8s
  168      1370.0       503.2    0.3552   0.87   0.42    -2.9957  ramp 17%           1.8s
  169      1251.0       557.2    0.3549   0.88   0.42    -3.0162  ramp 17%           1.9s
  [probe] gen=170 score=277.1 net=2.073 fell=1.000
  170      1604.9       502.9    0.3548   0.88   0.42    -3.0368  ramp 17%           1.9s
  171      1347.6       455.8    0.3545   0.88   0.43    -3.0573  ramp 17%           1.7s
  172      1423.0       265.7    0.3542   0.89   0.43    -3.0778  ramp 18%           1.7s
  173      1416.3       478.2    0.3539   0.89   0.43    -3.0983  ramp 18%           1.9s
  174      1262.9       324.5    0.3536   0.90   0.43    -3.1189  ramp 18%           1.6s
  [plot] Saved fitness curve → experiments/thesis/gradual_transition/seed_02/fitness_curve.png
  175       930.4       314.2    0.3534   0.90   0.44    -3.1394  ramp 18%           1.6s
  176      1341.8       501.6    0.3531   0.90   0.44    -3.1599  ramp 19%           1.7s
  177      1013.7       344.7    0.3527   0.91   0.44    -3.1804  ramp 19%           1.6s
  178      1720.4       376.3    0.3523   0.91   0.45    -3.2010  ramp 19%           1.7s
  179       999.0       287.9    0.3519   0.92   0.45    -3.2215  ramp 19%           1.7s
  [probe] gen=180 score=185.1 net=1.698 fell=1.000
  180      1096.3       238.3    0.3518   0.92   0.45    -3.2420  ramp 20%           1.5s
  181      1100.6       311.3    0.3516   0.92   0.45    -3.2625  ramp 20%           1.6s
  182      1532.6       373.2    0.3513   0.93   0.46    -3.2831  ramp 20%           1.6s
  183      1512.6       525.5    0.3511   0.93   0.46    -3.3036  ramp 20%           1.8s
  184      1406.8       289.0    0.3509   0.94   0.46    -3.3241  ramp 21%           1.6s
  185      1274.6       451.3    0.3508   0.94   0.46    -3.3446  ramp 21%           1.7s
  186      1793.0       538.6    0.3507   0.94   0.47    -3.3652  ramp 21%           1.9s
  187      1657.3       543.8    0.3506   0.95   0.47    -3.3857  ramp 21%           1.9s
  188      1718.4       492.3    0.3506   0.95   0.47    -3.4062  ramp 22%           1.9s
  189      1336.0       540.0    0.3506   0.96   0.47    -3.4267  ramp 22%           1.8s
  [probe] gen=190 score=449.4 net=3.008 fell=1.000 [new best earth]
  190      1597.2       403.2    0.3507   0.96   0.47    -3.4473  ramp 22%           1.7s
  191      1701.7       540.5    0.3509   0.96   0.48    -3.4678  ramp 22%           1.7s
  192      1622.5       441.9    0.3510   0.97   0.48    -3.4883  ramp 23%           1.7s
  193      1814.0       512.5    0.3510   0.97   0.48    -3.5088  ramp 23%           1.8s
  194      1413.5       481.7    0.3510   0.98   0.48    -3.5293  ramp 23%           1.9s
  195      1488.3       468.0    0.3508   0.98   0.49    -3.5499  ramp 23%           1.9s
  196      1357.3       555.8    0.3507   0.98   0.49    -3.5704  ramp 24%           1.8s
  197      1692.1       616.7    0.3508   0.99   0.49    -3.5909  ramp 24%           1.9s
  198      1498.8       540.6    0.3508   0.99   0.49    -3.6115  ramp 24%           2.0s
  199      1467.1       644.7    0.3508   1.00   0.50    -3.6320  ramp 24%           2.0s
  [probe] gen=200 score=287.5 net=2.051 fell=1.000
  [plot] Saved fitness curve → experiments/thesis/gradual_transition/seed_02/fitness_curve.png
  200      1230.8       621.3    0.3508   1.00   0.50    -3.6525  ramp 25%           1.9s
  201      1308.2       493.7    0.3509   1.00   0.50    -3.6730  ramp 25%           1.8s
  202      1499.3       589.6    0.3510   1.00   0.50    -3.6936  ramp 25%           1.8s
  203      1677.9       516.2    0.3511   1.00   0.50    -3.7141  ramp 25%           1.8s
  204      1536.5       551.9    0.3512   1.00   0.50    -3.7346  ramp 26%           1.8s
  205      1630.1       572.0    0.3512   1.00   0.50    -3.7551  ramp 26%           1.9s
  206      1398.8       516.4    0.3513   1.00   0.50    -3.7757  ramp 26%           1.8s
  207      1674.2       465.4    0.3514   1.00   0.50    -3.7962  ramp 26%           1.8s
  208      1778.9       763.1    0.3515   1.00   0.50    -3.8167  ramp 27%           2.1s
  209      1596.5       791.1    0.3516   1.00   0.50    -3.8372  ramp 27%           2.3s
  [probe] gen=210 score=594.0 net=3.718 fell=1.000 [new best earth]
  210      1509.5       628.6    0.3517   1.00   0.50    -3.8578  ramp 27%           2.0s
  211      1591.1       658.3    0.3518   1.00   0.50    -3.8783  ramp 27%           1.8s
  212      1889.7       727.6    0.3518   1.00   0.50    -3.8988  ramp 28%           2.2s
  213      1580.9       647.7    0.3517   1.00   0.50    -3.9193  ramp 28%           2.0s
  214      1836.2       767.1    0.3515   1.00   0.50    -3.9399  ramp 28%           2.2s
  215      1403.0       502.5    0.3513   1.00   0.50    -3.9604  ramp 28%           1.8s
  216      1371.2       613.9    0.3511   1.00   0.50    -3.9809  ramp 28%           1.9s
  217      1525.6       611.8    0.3508   1.00   0.50    -4.0014  ramp 29%           2.0s
  218      1437.0       566.2    0.3504   1.00   0.50    -4.0220  ramp 29%           1.9s
  219      1589.3       549.9    0.3502   1.00   0.50    -4.0425  ramp 29%           1.8s
  [probe] gen=220 score=357.9 net=2.558 fell=1.000
  220      1488.4       528.1    0.3502   1.00   0.50    -4.0630  ramp 30%           1.8s
  221      1256.4       592.1    0.3500   1.00   0.50    -4.0835  ramp 30%           1.9s
  222      1601.4       540.2    0.3500   1.00   0.50    -4.1041  ramp 30%           1.9s
  223      1551.7       566.9    0.3499   1.00   0.50    -4.1246  ramp 30%           1.9s
  224      1176.3       453.8    0.3499   1.00   0.50    -4.1451  ramp 31%           1.9s
  [plot] Saved fitness curve → experiments/thesis/gradual_transition/seed_02/fitness_curve.png
  225      1518.0       612.2    0.3501   1.00   0.50    -4.1656  ramp 31%           2.0s
  226      1361.2       454.3    0.3501   1.00   0.50    -4.1862  ramp 31%           1.8s
  227      1704.7       620.8    0.3502   1.00   0.50    -4.2067  ramp 31%           1.8s
  228      1305.3       566.4    0.3502   1.00   0.50    -4.2272  ramp 32%           2.1s
  229      1577.6       650.1    0.3501   1.00   0.50    -4.2477  ramp 32%           2.1s
  [probe] gen=230 score=421.3 net=2.927 fell=1.000
  230      1633.1       607.8    0.3501   1.00   0.50    -4.2683  ramp 32%           1.9s
  231      1436.9       558.8    0.3500   1.00   0.50    -4.2888  ramp 32%           1.8s
  232      1261.1       533.9    0.3500   1.00   0.50    -4.3093  ramp 33%           1.7s
  233      1179.2       444.4    0.3501   1.00   0.50    -4.3298  ramp 33%           1.6s
  234      1795.1       413.3    0.3502   1.00   0.50    -4.3504  ramp 33%           1.6s
  235      1379.0       463.0    0.3503   1.00   0.50    -4.3709  ramp 33%           1.8s
  236      1787.8       543.1    0.3505   1.00   0.50    -4.3914  ramp 34%           1.8s
  237      1257.0       507.6    0.3507   1.00   0.50    -4.4119  ramp 34%           1.9s
  238      1320.5       468.2    0.3510   1.00   0.50    -4.4325  ramp 34%           1.8s
  239      1476.6       355.6    0.3513   1.00   0.50    -4.4530  ramp 34%           1.7s
  [probe] gen=240 score=404.7 net=2.822 fell=1.000
  240      1708.7       613.4    0.3514   1.00   0.50    -4.4735  ramp 35%           2.1s
  241      1496.1       608.9    0.3516   1.00   0.50    -4.4940  ramp 35%           1.8s
  242      1523.9       587.9    0.3517   1.00   0.50    -4.5145  ramp 35%           1.9s
  243      1399.1       486.7    0.3518   1.00   0.50    -4.5351  ramp 35%           1.8s
  244      1411.0       486.7    0.3517   1.00   0.50    -4.5556  ramp 36%           1.8s
  245      1587.2       652.6    0.3516   1.00   0.50    -4.5761  ramp 36%           2.0s
  246      1818.2       530.7    0.3516   1.00   0.50    -4.5967  ramp 36%           1.8s
  247      1351.9       611.5    0.3515   1.00   0.50    -4.6172  ramp 36%           1.8s
  248      1623.4       570.1    0.3514   1.00   0.50    -4.6377  ramp 37%           1.8s
  249      1662.1       482.9    0.3514   1.00   0.50    -4.6582  ramp 37%           1.9s
  [probe] gen=250 score=303.5 net=2.229 fell=1.000
  [plot] Saved fitness curve → experiments/thesis/gradual_transition/seed_02/fitness_curve.png
  250      1357.6       556.2    0.3512   1.00   0.50    -4.6788  ramp 37%           1.9s
  251      1694.3       611.5    0.3509   1.00   0.50    -4.6993  ramp 37%           2.1s
  252      1437.0       530.1    0.3507   1.00   0.50    -4.7198  ramp 38%           2.0s
  253      1949.2       612.4    0.3505   1.00   0.50    -4.7403  ramp 38%           2.1s
  254      1670.1       491.7    0.3503   1.00   0.50    -4.7609  ramp 38%           1.8s
  255      1748.8       470.8    0.3499   1.00   0.50    -4.7814  ramp 38%           1.8s
  256      1601.8       573.7    0.3495   1.00   0.50    -4.8019  ramp 39%           1.8s
  257      1553.7       565.4    0.3489   1.00   0.50    -4.8224  ramp 39%           1.8s
  258      1813.4       675.7    0.3482   1.00   0.50    -4.8430  ramp 39%           2.3s
  259      1971.5       629.0    0.3477   1.00   0.50    -4.8635  ramp 39%           2.0s
  [probe] gen=260 score=343.9 net=2.478 fell=1.000
  260      1996.6       641.0    0.3472   1.00   0.50    -4.8840  ramp 40%           1.9s
  261      1876.4       467.4    0.3466   1.00   0.50    -4.9045  ramp 40%           1.8s
  262      1949.3       796.6    0.3460   1.00   0.50    -4.9251  ramp 40%           2.3s
  263      1843.1       671.6    0.3454   1.00   0.50    -4.9456  ramp 40%           2.1s
  264      1838.0       670.6    0.3449   1.00   0.50    -4.9661  ramp 41%           2.1s
  265      1831.4       673.3    0.3445   1.00   0.50    -4.9866  ramp 41%           2.2s
  266      1421.8       499.7    0.3441   1.00   0.50    -5.0072  ramp 41%           2.1s
  267      1989.1       662.2    0.3437   1.00   0.50    -5.0277  ramp 41%           2.4s
  268      1758.2       558.3    0.3432   1.00   0.50    -5.0482  ramp 42%           1.9s
  269      1821.2       691.8    0.3428   1.00   0.50    -5.0687  ramp 42%           2.2s
  [probe] gen=270 score=313.5 net=2.280 fell=1.000
  270      1358.6       564.7    0.3424   1.00   0.50    -5.0892  ramp 42%           1.8s
  271      1566.4       638.3    0.3420   1.00   0.50    -5.1098  ramp 42%           2.0s
  272      1580.1       574.1    0.3418   1.00   0.50    -5.1303  ramp 43%           2.0s
  273      1668.9       695.0    0.3415   1.00   0.50    -5.1508  ramp 43%           2.1s
  274      1880.0       735.8    0.3412   1.00   0.50    -5.1714  ramp 43%           2.1s
  [plot] Saved fitness curve → experiments/thesis/gradual_transition/seed_02/fitness_curve.png
  275      1872.7       692.7    0.3410   1.00   0.50    -5.1919  ramp 43%           2.2s
  276      1721.1       618.3    0.3408   1.00   0.50    -5.2124  ramp 44%           2.1s
  277      2141.8       687.9    0.3404   1.00   0.50    -5.2329  ramp 44%           2.0s
  278      1808.2       749.1    0.3403   1.00   0.50    -5.2535  ramp 44%           2.1s
  279      1815.2       767.1    0.3401   1.00   0.50    -5.2740  ramp 44%           2.1s
  [probe] gen=280 score=85.7 net=1.221 fell=1.000
  280      1564.9       576.6    0.3399   1.00   0.50    -5.2945  ramp 45%           1.8s
  281      1794.4       570.9    0.3397   1.00   0.50    -5.3150  ramp 45%           1.7s
  282      2016.7       804.6    0.3394   1.00   0.50    -5.3356  ramp 45%           2.2s
  283      1850.3       736.6    0.3390   1.00   0.50    -5.3561  ramp 45%           2.1s
  284      1999.1       830.3    0.3385   1.00   0.50    -5.3766  ramp 46%           2.3s
  285      1700.7       678.3    0.3381   1.00   0.50    -5.3971  ramp 46%           2.0s
  286      2021.8       754.2    0.3378   1.00   0.50    -5.4177  ramp 46%           2.3s
  287      1923.1       685.8    0.3376   1.00   0.50    -5.4382  ramp 46%           2.2s
  288      2005.6       843.9    0.3375   1.00   0.50    -5.4587  ramp 47%           2.3s
  289      1817.5       809.3    0.3373   1.00   0.50    -5.4792  ramp 47%           2.3s
  [probe] gen=290 score=452.3 net=3.038 fell=1.000
  290      1910.7       819.0    0.3371   1.00   0.50    -5.4998  ramp 47%           2.4s
  291      1960.2       773.6    0.3369   1.00   0.50    -5.5203  ramp 47%           2.2s
  292      1909.3       739.2    0.3367   1.00   0.50    -5.5408  ramp 48%           2.1s
  293      1824.6       677.6    0.3366   1.00   0.50    -5.5613  ramp 48%           2.0s
  294      1728.7       747.7    0.3363   1.00   0.50    -5.5819  ramp 48%           2.3s
  295      1834.7       650.6    0.3361   1.00   0.50    -5.6024  ramp 48%           2.0s
  296      1864.4       710.7    0.3359   1.00   0.50    -5.6229  ramp 49%           2.1s
  297      1830.2       770.4    0.3357   1.00   0.50    -5.6434  ramp 49%           2.3s
  298      2151.1       790.0    0.3355   1.00   0.50    -5.6639  ramp 49%           2.2s
  299      1894.8       818.2    0.3352   1.00   0.50    -5.6845  ramp 49%           2.3s
  [probe] gen=300 score=365.5 net=2.528 fell=1.000
  [plot] Saved fitness curve → experiments/thesis/gradual_transition/seed_02/fitness_curve.png
  300      1970.5       895.6    0.3351   1.00   0.50    -5.7050  ramp 50%           2.7s
  301      1823.6       918.0    0.3349   1.00   0.50    -5.7255  ramp 50%           2.3s
  302      1908.6       899.1    0.3346   1.00   0.50    -5.7461  ramp 50%           2.3s
  303      1922.4       839.3    0.3343   1.00   0.50    -5.7666  ramp 50%           2.4s
  304      1908.8       859.5    0.3339   1.00   0.50    -5.7871  ramp 51%           2.4s
  305      1745.0       882.4    0.3335   1.00   0.50    -5.8076  ramp 51%           2.5s
  306      1545.3       747.7    0.3331   1.00   0.50    -5.8282  ramp 51%           2.4s
  307      1851.8       845.0    0.3327   1.00   0.50    -5.8487  ramp 51%           2.6s
  308      1867.5       844.2    0.3325   1.00   0.50    -5.8692  ramp 52%           2.4s
  309      1941.4       693.3    0.3322   1.00   0.50    -5.8897  ramp 52%           2.2s
  [probe] gen=310 score=372.4 net=2.608 fell=1.000
  310      1959.2       898.8    0.3320   1.00   0.50    -5.9103  ramp 52%           2.6s
  311      1752.1       752.0    0.3318   1.00   0.50    -5.9308  ramp 52%           2.3s
  312      1726.2       485.1    0.3315   1.00   0.50    -5.9513  ramp 53%           1.7s
  313      2057.1       814.9    0.3315   1.00   0.50    -5.9718  ramp 53%           2.3s
  314      1754.7       680.3    0.3315   1.00   0.50    -5.9924  ramp 53%           2.2s
  315      1745.8       871.4    0.3317   1.00   0.50    -6.0129  ramp 53%           2.4s
  316      1963.8       908.1    0.3319   1.00   0.50    -6.0334  ramp 54%           2.4s
  317      1995.8       764.5    0.3322   1.00   0.50    -6.0539  ramp 54%           2.1s
  318      1859.6       748.5    0.3323   1.00   0.50    -6.0745  ramp 54%           2.2s
  319      1787.3       837.8    0.3325   1.00   0.50    -6.0950  ramp 54%           2.2s
  [probe] gen=320 score=497.7 net=3.319 fell=1.000
  320      2006.2       693.1    0.3327   1.00   0.50    -6.1155  ramp 55%           2.3s
  321      1924.5       841.5    0.3327   1.00   0.50    -6.1360  ramp 55%           2.1s
  322      1982.4       806.1    0.3327   1.00   0.50    -6.1566  ramp 55%           2.3s
  323      1962.1       964.9    0.3328   1.00   0.50    -6.1771  ramp 55%           2.5s
  324      2093.2       784.8    0.3328   1.00   0.50    -6.1976  ramp 56%           2.3s
  [plot] Saved fitness curve → experiments/thesis/gradual_transition/seed_02/fitness_curve.png
  325      1848.5       771.8    0.3329   1.00   0.50    -6.2181  ramp 56%           2.4s
  326      1793.8       769.4    0.3329   1.00   0.50    -6.2386  ramp 56%           2.4s
  327      1927.7       751.7    0.3329   1.00   0.50    -6.2592  ramp 56%           2.1s
  328      1696.4       680.9    0.3329   1.00   0.50    -6.2797  ramp 56%           2.0s
  329      1933.4       749.2    0.3330   1.00   0.50    -6.3002  ramp 57%           1.9s
  [probe] gen=330 score=712.6 net=4.333 fell=0.900 [new best earth]
  330      1842.4       716.8    0.3331   1.00   0.50    -6.3208  ramp 57%           2.2s
  331      1924.9       629.1    0.3331   1.00   0.50    -6.3413  ramp 57%           1.8s
  332      1806.6       722.5    0.3331   1.00   0.50    -6.3618  ramp 57%           2.2s
  333      1966.4       834.2    0.3330   1.00   0.50    -6.3823  ramp 58%           2.3s
  334      2024.8       887.5    0.3330   1.00   0.50    -6.4029  ramp 58%           2.3s
  335      1866.6       867.6    0.3330   1.00   0.50    -6.4234  ramp 58%           2.3s
  336      1931.4       689.2    0.3331   1.00   0.50    -6.4439  ramp 59%           1.9s
  337      1968.8       799.3    0.3333   1.00   0.50    -6.4644  ramp 59%           2.3s
  338      1919.6       818.4    0.3334   1.00   0.50    -6.4849  ramp 59%           2.3s
  339      2027.7       934.4    0.3338   1.00   0.50    -6.5055  ramp 59%           2.4s
  [probe] gen=340 score=425.8 net=2.856 fell=1.000
  340      1922.7       958.1    0.3341   1.00   0.50    -6.5260  ramp 60%           2.5s
  341      1725.9       766.7    0.3344   1.00   0.50    -6.5465  ramp 60%           2.0s
  342      1734.4       736.6    0.3346   1.00   0.50    -6.5671  ramp 60%           2.0s
  343      1786.4       782.3    0.3348   1.00   0.50    -6.5876  ramp 60%           2.1s
  344      1755.9       740.3    0.3350   1.00   0.50    -6.6081  ramp 61%           2.0s
  345      1927.5       814.4    0.3350   1.00   0.50    -6.6286  ramp 61%           2.2s
  346      1823.5       810.6    0.3350   1.00   0.50    -6.6492  ramp 61%           2.3s
  347      1869.1       709.3    0.3351   1.00   0.50    -6.6697  ramp 61%           2.3s
  348      1786.6       564.0    0.3353   1.00   0.50    -6.6902  ramp 62%           1.9s
  349      1901.1       953.3    0.3354   1.00   0.50    -6.7107  ramp 62%           2.5s
  [probe] gen=350 score=455.0 net=3.077 fell=1.000
  [plot] Saved fitness curve → experiments/thesis/gradual_transition/seed_02/fitness_curve.png
  350      1923.3       713.4    0.3355   1.00   0.50    -6.7313  ramp 62%           2.0s
  351      1992.2       844.6    0.3358   1.00   0.50    -6.7518  ramp 62%           2.3s
  352      2045.7       822.2    0.3361   1.00   0.50    -6.7723  ramp 63%           2.4s
  353      1963.8       769.6    0.3362   1.00   0.50    -6.7928  ramp 63%           2.1s
  354      1773.9       973.2    0.3364   1.00   0.50    -6.8134  ramp 63%           2.6s
  355      1791.5       791.6    0.3366   1.00   0.50    -6.8339  ramp 63%           2.3s
  356      1967.6       801.0    0.3367   1.00   0.50    -6.8544  ramp 64%           2.2s
  357      1977.5       791.4    0.3368   1.00   0.50    -6.8749  ramp 64%           2.3s
  358      2086.0       865.9    0.3369   1.00   0.50    -6.8955  ramp 64%           2.1s
  359      1811.9       817.7    0.3371   1.00   0.50    -6.9160  ramp 64%           2.3s
  [probe] gen=360 score=397.5 net=2.778 fell=1.000
  360      1894.1       891.4    0.3372   1.00   0.50    -6.9365  ramp 65%           2.6s
  361      1911.2       948.6    0.3374   1.00   0.50    -6.9570  ramp 65%           2.3s
  362      1875.7       780.2    0.3376   1.00   0.50    -6.9776  ramp 65%           2.2s
  363      1825.3       830.1    0.3379   1.00   0.50    -6.9981  ramp 65%           2.6s
  364      1872.3       667.0    0.3383   1.00   0.50    -7.0186  ramp 66%           2.3s
  365      1805.1       746.5    0.3385   1.00   0.50    -7.0391  ramp 66%           2.0s
  366      1966.8       772.8    0.3386   1.00   0.50    -7.0597  ramp 66%           2.2s
  367      1928.1       841.7    0.3387   1.00   0.50    -7.0802  ramp 66%           2.3s
  368      1996.1       903.6    0.3389   1.00   0.50    -7.1007  ramp 67%           2.3s
  369      2118.6       856.9    0.3391   1.00   0.50    -7.1212  ramp 67%           2.8s
  [probe] gen=370 score=847.5 net=4.982 fell=1.000 [new best earth]
  370      2059.1       933.1    0.3393   1.00   0.50    -7.1418  ramp 67%           2.3s
  371      1928.4       785.9    0.3395   1.00   0.50    -7.1623  ramp 67%           2.3s
  372      1922.0      1014.6    0.3398   1.00   0.50    -7.1828  ramp 68%           2.4s
  373      2208.4      1133.0    0.3400   1.00   0.50    -7.2033  ramp 68%           2.7s
  374      1837.9       886.6    0.3404   1.00   0.50    -7.2239  ramp 68%           2.3s
  [plot] Saved fitness curve → experiments/thesis/gradual_transition/seed_02/fitness_curve.png
  375      2051.4       778.6    0.3408   1.00   0.50    -7.2444  ramp 68%           2.3s
  376      2064.3      1058.3    0.3412   1.00   0.50    -7.2649  ramp 69%           2.7s
  377      2032.2      1049.1    0.3416   1.00   0.50    -7.2854  ramp 69%           2.5s
  378      2170.4       904.5    0.3420   1.00   0.50    -7.3060  ramp 69%           2.3s
  379      1979.6       953.9    0.3422   1.00   0.50    -7.3265  ramp 69%           2.6s
  [probe] gen=380 score=1926.4 net=10.601 fell=0.700 [new best earth]
  380      2074.5      1006.7    0.3424   1.00   0.50    -7.3470  ramp 70%           2.4s
  381      2145.4       836.3    0.3426   1.00   0.50    -7.3675  ramp 70%           2.2s
  382      2160.6       869.0    0.3425   1.00   0.50    -7.3880  ramp 70%           2.2s
  383      2124.4      1020.2    0.3426   1.00   0.50    -7.4086  ramp 70%           2.5s
  384      2009.5       800.7    0.3426   1.00   0.50    -7.4291  ramp 71%           2.2s
  385      1925.4       767.2    0.3427   1.00   0.50    -7.4496  ramp 71%           2.1s
  386      1953.5       878.8    0.3427   1.00   0.50    -7.4702  ramp 71%           2.3s
  387      1939.3       905.9    0.3428   1.00   0.50    -7.4907  ramp 71%           2.6s
  388      2081.6       797.3    0.3428   1.00   0.50    -7.5112  ramp 72%           2.0s
  389      1959.5       994.7    0.3429   1.00   0.50    -7.5317  ramp 72%           2.5s
  [probe] gen=390 score=725.4 net=4.514 fell=1.000
  390      2032.5       921.3    0.3431   1.00   0.50    -7.5523  ramp 72%           2.3s
  391      2040.3       868.2    0.3433   1.00   0.50    -7.5728  ramp 72%           2.3s
  392      2026.7       920.9    0.3434   1.00   0.50    -7.5933  ramp 73%           2.5s
  393      1851.6      1030.1    0.3435   1.00   0.50    -7.6138  ramp 73%           2.7s
  394      1987.1      1050.0    0.3437   1.00   0.50    -7.6344  ramp 73%           2.6s
  395      1892.6      1081.6    0.3437   1.00   0.50    -7.6549  ramp 73%           2.7s
  396      2050.8      1098.2    0.3438   1.00   0.50    -7.6754  ramp 74%           2.5s
  397      1995.6       759.8    0.3438   1.00   0.50    -7.6959  ramp 74%           2.3s
  398      1882.9       905.7    0.3440   1.00   0.50    -7.7165  ramp 74%           2.4s
  399      1921.8       836.9    0.3442   1.00   0.50    -7.7370  ramp 74%           2.3s
  [probe] gen=400 score=769.8 net=4.778 fell=1.000
  [plot] Saved fitness curve → experiments/thesis/gradual_transition/seed_02/fitness_curve.png
  400      2058.1       932.6    0.3444   1.00   0.50    -7.7575  ramp 75%           2.3s
  401      1963.0      1072.7    0.3445   1.00   0.50    -7.7780  ramp 75%           2.7s
  402      1838.2      1004.1    0.3446   1.00   0.50    -7.7986  ramp 75%           2.5s
  403      2086.8       944.1    0.3447   1.00   0.50    -7.8191  ramp 75%           2.4s
  404      2031.1      1035.2    0.3449   1.00   0.50    -7.8396  ramp 76%           2.6s
  405      1836.7       779.2    0.3452   1.00   0.50    -7.8601  ramp 76%           2.0s
  406      2050.8       864.3    0.3455   1.00   0.50    -7.8807  ramp 76%           2.0s
  407      2120.6      1293.0    0.3458   1.00   0.50    -7.9012  ramp 76%           2.9s
  408      2132.2      1022.0    0.3461   1.00   0.50    -7.9217  ramp 77%           2.4s
  409      1903.6       896.8    0.3464   1.00   0.50    -7.9422  ramp 77%           2.2s
  [probe] gen=410 score=1275.1 net=7.471 fell=1.000
  410      1973.0       903.9    0.3467   1.00   0.50    -7.9628  ramp 77%           2.4s
  411      2022.2       982.1    0.3469   1.00   0.50    -7.9833  ramp 77%           2.6s
  412      1820.5       820.3    0.3471   1.00   0.50    -8.0038  ramp 78%           2.2s
  413      1974.8       916.6    0.3472   1.00   0.50    -8.0243  ramp 78%           2.6s
  414      1971.3       881.4    0.3474   1.00   0.50    -8.0449  ramp 78%           2.2s
  415      1970.1      1057.5    0.3476   1.00   0.50    -8.0654  ramp 78%           2.7s
  416      1883.5      1044.2    0.3479   1.00   0.50    -8.0859  ramp 79%           2.3s
  417      1901.1       752.5    0.3483   1.00   0.50    -8.1064  ramp 79%           1.9s
  418      1841.1      1003.1    0.3487   1.00   0.50    -8.1270  ramp 79%           2.8s
  419      1961.3       825.0    0.3488   1.00   0.50    -8.1475  ramp 79%           2.4s
  [probe] gen=420 score=1644.5 net=9.012 fell=0.700
  420      2017.4      1111.7    0.3491   1.00   0.50    -8.1680  ramp 80%           2.7s
  421      2055.2      1131.5    0.3493   1.00   0.50    -8.1885  ramp 80%           2.5s
  422      2002.5      1199.8    0.3496   1.00   0.50    -8.2091  ramp 80%           2.8s
  423      2168.5      1174.9    0.3498   1.00   0.50    -8.2296  ramp 80%           2.6s
  424      1991.1      1165.9    0.3499   1.00   0.50    -8.2501  ramp 81%           2.6s
  [plot] Saved fitness curve → experiments/thesis/gradual_transition/seed_02/fitness_curve.png
  425      1997.0      1322.6    0.3500   1.00   0.50    -8.2706  ramp 81%           2.8s
  426      2052.0      1181.7    0.3501   1.00   0.50    -8.2912  ramp 81%           2.6s
  427      2114.5      1213.1    0.3502   1.00   0.50    -8.3117  ramp 81%           2.7s
  428      2056.0      1028.3    0.3503   1.00   0.50    -8.3322  ramp 82%           2.3s
  429      2003.3      1072.7    0.3503   1.00   0.50    -8.3527  ramp 82%           2.8s
  [probe] gen=430 score=1984.5 net=10.242 fell=0.200 [new best earth]
  430      1976.8      1055.0    0.3503   1.00   0.50    -8.3733  ramp 82%           2.7s
  431      2047.9      1295.4    0.3503   1.00   0.50    -8.3938  ramp 82%           3.0s
  432      1946.6      1057.3    0.3505   1.00   0.50    -8.4143  ramp 83%           2.4s
  433      1983.9      1190.5    0.3506   1.00   0.50    -8.4348  ramp 83%           2.8s
  434      2204.7      1129.3    0.3507   1.00   0.50    -8.4554  ramp 83%           2.7s
  435      2043.5      1200.3    0.3508   1.00   0.50    -8.4759  ramp 83%           2.8s
  436      1965.2      1010.1    0.3510   1.00   0.50    -8.4964  ramp 84%           2.7s
  437      1969.9      1050.6    0.3512   1.00   0.50    -8.5169  ramp 84%           2.5s
  438      2053.9      1020.9    0.3514   1.00   0.50    -8.5374  ramp 84%           2.6s
  439      2058.2      1036.6    0.3516   1.00   0.50    -8.5580  ramp 84%           2.7s
  [probe] gen=440 score=1187.6 net=6.884 fell=1.000
  440      1939.9      1294.1    0.3517   1.00   0.50    -8.5785  ramp 85%           3.0s
  441      2069.9      1327.1    0.3518   1.00   0.50    -8.5990  ramp 85%           2.9s
  442      2083.8      1189.2    0.3519   1.00   0.50    -8.6196  ramp 85%           2.8s
  443      1917.7      1231.3    0.3520   1.00   0.50    -8.6401  ramp 85%           3.0s
  444      2030.9      1233.1    0.3523   1.00   0.50    -8.6606  ramp 86%           2.9s
  445      2090.4      1206.3    0.3526   1.00   0.50    -8.6811  ramp 86%           2.6s
  446      2033.8      1069.3    0.3528   1.00   0.50    -8.7017  ramp 86%           2.5s
  447      2000.7      1032.3    0.3530   1.00   0.50    -8.7222  ramp 86%           2.5s
  448      1970.0      1069.5    0.3533   1.00   0.50    -8.7427  ramp 87%           2.6s
  449      2041.8      1095.7    0.3534   1.00   0.50    -8.7632  ramp 87%           2.5s
  [probe] gen=450 score=978.6 net=5.856 fell=1.000
  [plot] Saved fitness curve → experiments/thesis/gradual_transition/seed_02/fitness_curve.png
  450      2022.1      1105.2    0.3536   1.00   0.50    -8.7838  ramp 87%           2.5s
  451      2043.0      1174.9    0.3538   1.00   0.50    -8.8043  ramp 87%           2.7s
  452      2009.0      1142.2    0.3540   1.00   0.50    -8.8248  ramp 88%           2.5s
  453      2010.0      1301.2    0.3545   1.00   0.50    -8.8453  ramp 88%           2.9s
  454      2044.6      1072.1    0.3549   1.00   0.50    -8.8659  ramp 88%           2.6s
  455      2059.2      1210.9    0.3553   1.00   0.50    -8.8864  ramp 88%           2.8s
  456      2090.5      1134.2    0.3557   1.00   0.50    -8.9069  ramp 89%           2.6s
  457      1985.7      1225.1    0.3560   1.00   0.50    -8.9274  ramp 89%           2.8s
  458      2045.0      1329.1    0.3562   1.00   0.50    -8.9480  ramp 89%           3.1s
  459      2020.1      1159.6    0.3563   1.00   0.50    -8.9685  ramp 89%           2.8s
  [probe] gen=460 score=1535.0 net=8.718 fell=0.700
  460      2160.9      1142.1    0.3566   1.00   0.50    -8.9890  ramp 90%           2.6s
  461      1921.2      1186.1    0.3569   1.00   0.50    -9.0095  ramp 90%           2.8s
  462      2138.1      1347.5    0.3572   1.00   0.50    -9.0301  ramp 90%           2.8s
  463      2080.9      1210.5    0.3575   1.00   0.50    -9.0506  ramp 90%           2.7s
  464      2057.7      1213.3    0.3579   1.00   0.50    -9.0711  ramp 91%           2.8s
  465      2070.9      1178.2    0.3584   1.00   0.50    -9.0916  ramp 91%           2.5s
  466      1979.4      1022.7    0.3588   1.00   0.50    -9.1122  ramp 91%           2.4s
  467      2067.7      1082.5    0.3592   1.00   0.50    -9.1327  ramp 91%           2.4s
  468      1985.6       948.3    0.3596   1.00   0.50    -9.1532  ramp 92%           2.4s
  469      2047.5      1121.3    0.3600   1.00   0.50    -9.1737  ramp 92%           2.7s
  [probe] gen=470 score=1546.5 net=7.991 fell=0.400
  470      1986.0      1007.3    0.3604   1.00   0.50    -9.1943  ramp 92%           2.5s
  471      1993.6      1121.9    0.3607   1.00   0.50    -9.2148  ramp 92%           2.5s
  472      2111.1      1194.3    0.3611   1.00   0.50    -9.2353  ramp 93%           2.6s
  473      1909.6       735.3    0.3615   1.00   0.50    -9.2558  ramp 93%           2.1s
  474      1952.9       951.2    0.3620   1.00   0.50    -9.2764  ramp 93%           2.3s
  [plot] Saved fitness curve → experiments/thesis/gradual_transition/seed_02/fitness_curve.png
  475      2016.7       906.1    0.3624   1.00   0.50    -9.2969  ramp 93%           2.5s
  476      2073.2      1167.1    0.3629   1.00   0.50    -9.3174  ramp 94%           2.8s
  477      1990.6      1037.1    0.3633   1.00   0.50    -9.3379  ramp 94%           2.4s
  478      1931.6       881.3    0.3638   1.00   0.50    -9.3585  ramp 94%           2.2s
  479      2029.8       853.2    0.3642   1.00   0.50    -9.3790  ramp 94%           2.5s
  [probe] gen=480 score=2005.3 net=10.374 fell=0.100 [new best earth]
  480      1979.0       976.2    0.3645   1.00   0.50    -9.3995  ramp 95%           2.3s
  481      1935.0       840.4    0.3646   1.00   0.50    -9.4200  ramp 95%           2.0s
  482      1924.2       880.8    0.3646   1.00   0.50    -9.4405  ramp 95%           2.1s
  483      2172.9      1012.5    0.3648   1.00   0.50    -9.4611  ramp 95%           2.5s
  484      2048.4      1141.3    0.3648   1.00   0.50    -9.4816  ramp 96%           2.8s
  485      2057.9      1098.8    0.3648   1.00   0.50    -9.5021  ramp 96%           2.5s
  486      1889.6       778.5    0.3648   1.00   0.50    -9.5227  ramp 96%           2.1s
  487      1922.5      1012.2    0.3649   1.00   0.50    -9.5432  ramp 96%           2.4s
  488      2069.1       993.1    0.3651   1.00   0.50    -9.5637  ramp 97%           2.5s
  489      1946.3       912.8    0.3653   1.00   0.50    -9.5842  ramp 97%           2.5s
  [probe] gen=490 score=1843.7 net=9.641 fell=0.300
  490      1967.4      1024.7    0.3655   1.00   0.50    -9.6048  ramp 97%           2.4s
  491      1907.0       990.7    0.3656   1.00   0.50    -9.6253  ramp 97%           2.4s
  492      1833.6       841.1    0.3658   1.00   0.50    -9.6458  ramp 98%           2.2s
  493      1948.9       879.6    0.3660   1.00   0.50    -9.6663  ramp 98%           2.4s
  494      1914.9       953.5    0.3663   1.00   0.50    -9.6868  ramp 98%           2.4s
  495      1936.2       803.1    0.3666   1.00   0.50    -9.7074  ramp 98%           2.1s
  496      1967.3      1144.3    0.3670   1.00   0.50    -9.7279  ramp 99%           2.8s
  497      2019.2       990.6    0.3673   1.00   0.50    -9.7484  ramp 99%           2.4s
  498      1910.9       664.7    0.3677   1.00   0.50    -9.7690  ramp 99%           2.1s
  499      2013.9       972.6    0.3680   1.00   0.50    -9.7895  ramp 99%           2.4s
  [plot] Saved fitness curve → experiments/thesis/gradual_transition/seed_02/fitness_curve.png

Training complete. Best fitness: 2208.4
Best params → experiments/thesis/gradual_transition/seed_02/checkpoints/best_params.npy
Fitness curve → experiments/thesis/gradual_transition/seed_02/fitness_curve.png
Eval params  → best_earth_params (earth probe score: 2005.3)
Final Earth scorecard | score=1987.6 net=10.278 fell=0.100
Gravity sweep | gravities=5 mean_net=7.880 worst_net=5.250
  [exp] Wrote experiments/thesis/gradual_transition/seed_02/experiment.json
  [exp] Wrote experiments/thesis/gradual_transition/seed_02/training_log.csv
  [exp] Wrote experiments/thesis/gradual_transition/seed_02/earth_probe.csv
  [exp] Wrote experiments/thesis/gradual_transition/seed_02/gravity_sweep.csv
  [exp] Wrote experiments/thesis/gradual_transition/seed_02/summary.json
