Walker2d-v5 | policy=CPG  params=504
CPGPolicy  |  total params = 504
  Joint       Amplitude  Freq(rad/step)   Phase(deg)
  --------------------------------------------------
  R-thigh         0.500          0.6931          0.0°
  R-leg           0.500          0.6931          0.0°
  R-foot          0.500          0.6931          0.0°
  L-thigh         0.500          0.6931          0.0°
  L-leg           0.500          0.6931          0.0°
  L-foot          0.500          0.6931          0.0°

  Feedback MLP hidden=16  correction_scale=0.5
Run context | seed=9 arm=fixed_gravity run_id=fixed_gravity_seed_09

Starting from structured scratch prior (no warm-start checkpoint).
Schedule | penalty_min=0.20 penalty_ramp_gen=200 corr_min=0.00 corr_max=0.50 corr_ramp_gen=200

Starting CMA-ES | pop=40 | sigma0=0.5 | max_gen=500 | workers=8 | seed=9

  Gen        Best        Mean     Sigma    Pen   Corr     Time
------------------------------------------------------------------
  [probe] gen=0 score=-290.8 net=-0.087 fell=1.000
  [plot] Saved fitness curve → fitness_curve_cpg.png
    0       -53.9       -73.4    0.4903   0.20   0.00     1.5s
    1       -61.4       -74.8    0.4817   0.20   0.00     0.1s
    2       -34.1       -71.6    0.4740   0.21   0.01     0.2s
    3        33.7       -60.3    0.4672   0.21   0.01     0.3s
    4       -41.4       -65.0    0.4611   0.22   0.01     0.2s
    5        33.4       -58.3    0.4556   0.22   0.01     0.2s
    6       134.3       -49.4    0.4507   0.22   0.01     0.3s
    7        67.3       -40.2    0.4460   0.23   0.02     0.3s
    8       139.8       -46.3    0.4415   0.23   0.02     0.3s
    9        36.6       -49.4    0.4374   0.24   0.02     0.3s
  [probe] gen=10 score=-85.3 net=0.610 fell=1.000
   10        70.2       -38.3    0.4334   0.24   0.03     0.4s
   11       143.4        -6.2    0.4301   0.24   0.03     0.4s
   12       148.5        12.7    0.4271   0.25   0.03     0.5s
   13       150.1        37.2    0.4244   0.25   0.03     0.5s
   14       152.9        39.4    0.4219   0.26   0.04     0.5s
   15       155.1        91.2    0.4196   0.26   0.04     0.6s
   16       150.2        28.5    0.4175   0.26   0.04     0.5s
   17       153.1        89.4    0.4154   0.27   0.04     0.6s
   18       168.8        58.3    0.4134   0.27   0.04     0.7s
   19       149.9        41.6    0.4118   0.28   0.05     0.6s
  [probe] gen=20 score=-45.8 net=0.598 fell=1.000
   20       161.1        69.8    0.4103   0.28   0.05     0.7s
   21       160.4        31.4    0.4089   0.28   0.05     0.7s
   22       165.9        32.1    0.4077   0.29   0.06     0.7s
   23       163.9        67.2    0.4067   0.29   0.06     0.7s
   24       160.6        50.1    0.4057   0.30   0.06     0.8s
  [plot] Saved fitness curve → fitness_curve_cpg.png
   25       158.9        48.9    0.4048   0.30   0.06     0.7s
   26       175.7        83.7    0.4040   0.30   0.07     0.7s
   27       154.6        84.5    0.4034   0.31   0.07     0.7s
   28       159.0        73.8    0.4027   0.31   0.07     0.7s
   29       195.5        69.7    0.4022   0.32   0.07     0.7s
  [probe] gen=30 score=30.6 net=0.952 fell=1.000
   30       147.0        72.8    0.4017   0.32   0.07     0.6s
   31       152.3        50.5    0.4012   0.32   0.08     0.7s
   32       148.3        74.3    0.4009   0.33   0.08     0.7s
   33       164.6       109.9    0.4005   0.33   0.08     0.7s
   34       143.6        99.0    0.4001   0.34   0.09     0.6s
   35       152.2        71.2    0.4000   0.34   0.09     0.6s
   36       149.1        48.1    0.3999   0.34   0.09     0.7s
   37       166.9       102.4    0.3997   0.35   0.09     0.7s
   38       180.5        56.2    0.3995   0.35   0.10     0.7s
   39       151.7        35.3    0.3993   0.36   0.10     0.7s
  [probe] gen=40 score=-33.5 net=0.850 fell=1.000
   40       167.0        75.5    0.3993   0.36   0.10     0.7s
   41       180.4        36.1    0.3994   0.36   0.10     0.6s
   42       156.3        67.9    0.3994   0.37   0.10     0.7s
   43       167.3        47.4    0.3992   0.37   0.11     0.7s
   44       175.5        43.9    0.3993   0.38   0.11     0.6s
   45       157.8        53.8    0.3993   0.38   0.11     0.7s
   46       147.3        47.9    0.3994   0.38   0.12     0.7s
   47       148.5        19.4    0.3996   0.39   0.12     0.7s
   48       168.1        64.8    0.3996   0.39   0.12     0.8s
   49       179.1        55.0    0.3997   0.40   0.12     0.7s
  [probe] gen=50 score=-51.1 net=0.560 fell=1.000
  [plot] Saved fitness curve → fitness_curve_cpg.png
   50       152.9        39.6    0.3998   0.40   0.12     0.8s
   51       178.2        36.2    0.4001   0.40   0.13     0.7s
   52       151.1        70.1    0.4004   0.41   0.13     0.8s
   53       167.0        47.9    0.4007   0.41   0.13     0.9s
   54       165.9        64.9    0.4010   0.42   0.14     0.9s
   55       174.4        18.9    0.4012   0.42   0.14     0.9s
   56       187.3       -13.3    0.4013   0.42   0.14     1.0s
   57       221.5        77.8    0.4013   0.43   0.14     1.1s
   58       179.7        59.1    0.4016   0.43   0.14     1.2s
   59       190.7        26.6    0.4017   0.44   0.15     1.0s
  [probe] gen=60 score=36.7 net=0.778 fell=1.000
   60       176.6        14.2    0.4018   0.44   0.15     1.0s
   61       187.3        62.7    0.4018   0.44   0.15     1.0s
   62       219.2        15.7    0.4020   0.45   0.15     1.2s
   63       197.0        49.3    0.4022   0.45   0.16     1.1s
   64       235.0        22.0    0.4022   0.46   0.16     1.2s
   65       254.0        33.3    0.4023   0.46   0.16     1.2s
   66       223.0        41.0    0.4027   0.46   0.17     1.5s
   67       320.8        40.7    0.4031   0.47   0.17     1.6s
   68       313.5        88.6    0.4036   0.47   0.17     1.7s
   69       255.1       110.8    0.4039   0.48   0.17     1.6s
  [probe] gen=70 score=228.0 net=0.806 fell=0.800
   70       303.5        64.3    0.4042   0.48   0.17     1.9s
   71       307.5        74.4    0.4046   0.48   0.18     1.8s
   72       314.4        73.7    0.4047   0.49   0.18     1.9s
   73       276.3        57.0    0.4047   0.49   0.18     1.7s
   74       274.7        50.2    0.4048   0.50   0.18     1.5s
  [plot] Saved fitness curve → fitness_curve_cpg.png
   75       197.4        51.0    0.4050   0.50   0.19     1.7s
   76       243.3        81.4    0.4050   0.50   0.19     1.7s
   77       309.0        72.6    0.4049   0.51   0.19     1.8s
   78       287.2        59.9    0.4048   0.51   0.20     1.8s
   79       211.9        53.6    0.4047   0.52   0.20     1.6s
  [probe] gen=80 score=190.8 net=0.890 fell=1.000
   80       249.0        87.5    0.4046   0.52   0.20     1.6s
   81       276.4        89.7    0.4045   0.52   0.20     1.9s
   82       247.5        78.5    0.4044   0.53   0.20     1.7s
   83       326.9        94.3    0.4044   0.53   0.21     1.9s
   84       302.8       119.5    0.4044   0.54   0.21     2.0s
   85       243.7        94.9    0.4043   0.54   0.21     1.6s
   86       308.1       156.2    0.4044   0.54   0.21     2.1s
   87       298.0       148.3    0.4044   0.55   0.22     2.3s
   88       302.3       160.0    0.4046   0.55   0.22     2.3s
   89       291.3       161.7    0.4047   0.56   0.22     2.5s
  [probe] gen=90 score=241.2 net=0.765 fell=1.000
   90       284.4        70.1    0.4048   0.56   0.23     2.4s
   91       329.4       176.4    0.4051   0.56   0.23     2.6s
   92       304.3       121.5    0.4055   0.57   0.23     2.2s
   93       304.3       131.7    0.4059   0.57   0.23     2.4s
   94       281.8       139.2    0.4063   0.58   0.23     2.6s
   95       279.6       112.1    0.4065   0.58   0.24     2.1s
   96       328.0       123.6    0.4064   0.58   0.24     2.1s
   97       299.5       109.1    0.4065   0.59   0.24     2.4s
   98       325.4        89.8    0.4065   0.59   0.24     2.1s
   99       280.3        86.6    0.4063   0.60   0.25     2.1s
  [probe] gen=100 score=237.0 net=0.883 fell=1.000
  [plot] Saved fitness curve → fitness_curve_cpg.png
  100       284.1        82.8    0.4060   0.60   0.25     1.9s
  101       282.9       116.8    0.4059   0.60   0.25     2.3s
  102       316.6       139.9    0.4056   0.61   0.26     2.6s
  103       284.2        78.3    0.4054   0.61   0.26     1.9s
  104       253.1        82.5    0.4054   0.62   0.26     2.4s
  105       319.0       147.5    0.4054   0.62   0.26     2.4s
  106       318.5        99.0    0.4055   0.62   0.27     2.4s
  107       299.3       133.4    0.4053   0.63   0.27     2.4s
  108       318.8        89.7    0.4053   0.63   0.27     2.6s
  109       293.9       121.7    0.4053   0.64   0.27     2.9s
  [probe] gen=110 score=225.3 net=0.873 fell=0.800
  110       297.8        97.8    0.4052   0.64   0.28     2.7s
  111       310.0       143.6    0.4051   0.64   0.28     2.6s
  112       268.5        83.7    0.4049   0.65   0.28     2.6s
  113       292.3       118.9    0.4049   0.65   0.28     2.2s
  114       307.1        92.8    0.4051   0.66   0.28     2.6s
  115       308.4       103.7    0.4054   0.66   0.29     2.6s
  116       306.1        83.5    0.4057   0.66   0.29     2.2s
  117       323.6        96.2    0.4058   0.67   0.29     2.3s
  118       317.0       127.1    0.4058   0.67   0.29     2.7s
  119       306.5       129.1    0.4058   0.68   0.30     2.6s
  [probe] gen=120 score=255.5 net=0.845 fell=0.800
  120       293.9        75.7    0.4057   0.68   0.30     2.5s
  121       287.3        68.5    0.4056   0.68   0.30     2.2s
  122       282.2        79.7    0.4056   0.69   0.30     2.3s
  123       284.8        97.9    0.4054   0.69   0.31     2.2s
  124       307.9       147.8    0.4054   0.70   0.31     2.7s
  [plot] Saved fitness curve → fitness_curve_cpg.png
  125       312.4       116.1    0.4052   0.70   0.31     3.0s
  126       298.8        95.6    0.4051   0.70   0.32     2.6s
  127       301.1       136.8    0.4050   0.71   0.32     3.0s
  128       299.3       105.4    0.4050   0.71   0.32     2.8s
  129       291.0       158.3    0.4049   0.72   0.32     2.9s
  [probe] gen=130 score=209.5 net=0.622 fell=0.400
  130       302.0       149.6    0.4049   0.72   0.33     3.0s
  131       298.0        86.2    0.4047   0.72   0.33     2.7s
  132       289.8       103.4    0.4045   0.73   0.33     2.5s
  133       291.2       122.3    0.4043   0.73   0.33     3.1s
  134       323.1       141.4    0.4043   0.74   0.34     2.8s
  135       320.1       143.1    0.4043   0.74   0.34     2.5s
  136       299.7       149.1    0.4043   0.74   0.34     3.1s
  137       293.6        79.1    0.4043   0.75   0.34     2.8s
  138       308.2       130.2    0.4042   0.75   0.34     2.8s
  139       304.2       151.8    0.4039   0.76   0.35     3.0s
  [probe] gen=140 score=277.8 net=0.932 fell=0.700
  140       302.0       127.0    0.4037   0.76   0.35     2.8s
  141       290.0       147.1    0.4035   0.76   0.35     2.9s
  142       265.2        84.8    0.4032   0.77   0.35     2.7s
  143       317.5       128.7    0.4028   0.77   0.36     2.5s
  144       275.7       125.6    0.4026   0.78   0.36     2.5s
  145       282.2       104.3    0.4024   0.78   0.36     2.8s
  146       287.1        98.7    0.4022   0.78   0.36     2.7s
  147       313.3       117.6    0.4021   0.79   0.37     2.5s
  148       303.9       117.0    0.4019   0.79   0.37     2.9s
  149       315.5       117.4    0.4017   0.80   0.37     2.3s
  [probe] gen=150 score=236.4 net=0.934 fell=0.900
  [plot] Saved fitness curve → fitness_curve_cpg.png
  150       263.4        68.6    0.4014   0.80   0.38     2.5s
  151       285.8       147.0    0.4009   0.80   0.38     2.4s
  152       263.8        46.7    0.4003   0.81   0.38     1.9s
  153       272.5       129.0    0.3998   0.81   0.38     2.8s
  154       285.2       111.4    0.3994   0.82   0.39     2.6s
  155       291.0       152.4    0.3989   0.82   0.39     2.8s
  156       302.5       140.0    0.3986   0.82   0.39     2.8s
  157       287.4       151.0    0.3985   0.83   0.39     2.8s
  158       288.3       165.9    0.3984   0.83   0.40     2.7s
  159       304.0       146.4    0.3982   0.84   0.40     2.8s
  [probe] gen=160 score=266.9 net=0.891 fell=0.700
  160       307.8       148.4    0.3980   0.84   0.40     2.7s
  161       295.3        93.7    0.3977   0.84   0.40     2.8s
  162       282.8       137.0    0.3974   0.85   0.41     2.4s
  163       287.2       133.0    0.3972   0.85   0.41     3.0s
  164       292.7       173.8    0.3969   0.86   0.41     2.8s
  165       306.5       141.3    0.3966   0.86   0.41     2.6s
  166       293.0       147.2    0.3964   0.86   0.41     2.7s
  167       293.3       148.5    0.3961   0.87   0.42     3.2s
  168       300.0        89.5    0.3958   0.87   0.42     3.0s
  169       300.4       164.2    0.3956   0.88   0.42     2.8s
  [probe] gen=170 score=214.3 net=0.657 fell=0.500
  170       291.7       148.8    0.3952   0.88   0.42     3.1s
  171       312.3       147.1    0.3949   0.88   0.43     2.7s
  172       289.2       160.9    0.3945   0.89   0.43     2.7s
  173       298.5       145.9    0.3942   0.89   0.43     2.8s
  174       288.2       179.0    0.3938   0.90   0.43     3.0s
  [plot] Saved fitness curve → fitness_curve_cpg.png
  175       274.3       164.1    0.3933   0.90   0.44     2.7s
  176       294.8       141.1    0.3929   0.90   0.44     2.9s
  177       293.5       149.6    0.3924   0.91   0.44     3.0s
  178       282.7       140.6    0.3918   0.91   0.45     3.2s
  179       285.5       158.4    0.3912   0.92   0.45     2.9s
  [probe] gen=180 score=225.7 net=0.876 fell=0.800
  180       300.5       132.5    0.3906   0.92   0.45     2.9s
  181       266.8        98.4    0.3901   0.92   0.45     2.9s
  182       298.3       137.9    0.3898   0.93   0.46     2.9s
  183       276.8       108.4    0.3896   0.93   0.46     2.9s
  184       273.2       123.1    0.3893   0.94   0.46     3.2s
  185       280.4       140.0    0.3891   0.94   0.46     2.7s
  186       260.0       110.0    0.3889   0.94   0.47     2.7s
  187       297.6       166.4    0.3889   0.95   0.47     2.9s
  188       296.6       131.6    0.3889   0.95   0.47     3.3s
  189       295.7       119.8    0.3888   0.96   0.47     3.1s
  [probe] gen=190 score=265.2 net=1.050 fell=1.000
  190       275.8        84.9    0.3888   0.96   0.47     3.1s
  191       277.9       115.9    0.3886   0.96   0.48     2.9s
  192       309.7        86.2    0.3883   0.97   0.48     3.2s
  193       265.9        90.5    0.3882   0.97   0.48     3.0s
  194       277.9       147.3    0.3882   0.98   0.48     3.2s
  195       297.8       171.1    0.3883   0.98   0.49     3.4s
  196       300.9       117.4    0.3883   0.98   0.49     3.3s
  197       286.6       104.8    0.3885   0.99   0.49     3.4s
  198       256.5       117.4    0.3889   0.99   0.49     3.1s
  199       285.0        92.1    0.3893   1.00   0.50     3.3s
  [probe] gen=200 score=306.1 net=1.117 fell=1.000
  [plot] Saved fitness curve → fitness_curve_cpg.png
  200       323.4       147.5    0.3897   1.00   0.50     3.1s
  201       294.0       122.7    0.3901   1.00   0.50     3.0s
  202       260.7       167.7    0.3902   1.00   0.50     2.7s
  203       269.2       112.7    0.3902   1.00   0.50     3.2s
  204       280.8       136.8    0.3902   1.00   0.50     2.8s
  205       310.5       127.3    0.3902   1.00   0.50     3.0s
  206       292.5       117.0    0.3902   1.00   0.50     3.2s
  207       290.0       107.7    0.3903   1.00   0.50     2.9s
  208       331.2       146.9    0.3904   1.00   0.50     3.0s
  209       307.0       104.2    0.3906   1.00   0.50     3.0s
  [probe] gen=210 score=272.6 net=0.890 fell=0.700
  210       299.0       143.6    0.3908   1.00   0.50     3.1s
  211       278.6       119.3    0.3909   1.00   0.50     3.4s
  212       303.0       129.5    0.3909   1.00   0.50     3.2s
  213       296.4       128.2    0.3909   1.00   0.50     3.2s
  214       270.6       165.6    0.3907   1.00   0.50     3.2s
  215       293.0       116.2    0.3905   1.00   0.50     2.7s
  216       277.5       102.4    0.3904   1.00   0.50     2.5s
  217       289.2       123.8    0.3902   1.00   0.50     3.0s
  218       306.2       165.1    0.3903   1.00   0.50     3.0s
  219       319.4       122.7    0.3903   1.00   0.50     3.5s
  [probe] gen=220 score=239.1 net=1.036 fell=1.000
  220       279.3       128.0    0.3903   1.00   0.50     2.8s
  221       294.5       108.3    0.3903   1.00   0.50     3.3s
  222       274.5       127.8    0.3906   1.00   0.50     3.1s
  223       311.6       110.9    0.3908   1.00   0.50     3.1s
  224       324.4       135.4    0.3910   1.00   0.50     2.9s
  [plot] Saved fitness curve → fitness_curve_cpg.png
  225       336.1       132.9    0.3913   1.00   0.50     3.0s
  226       308.4       122.5    0.3917   1.00   0.50     2.8s
  227       407.5       142.2    0.3919   1.00   0.50     2.9s
  228       318.7        86.0    0.3919   1.00   0.50     2.9s
  229       434.2       110.9    0.3919   1.00   0.50     3.1s
  [probe] gen=230 score=396.1 net=1.352 fell=0.700
  230       447.0       167.6    0.3918   1.00   0.50     3.2s
  231       375.4       137.4    0.3914   1.00   0.50     3.2s
  232       451.9       183.2    0.3910   1.00   0.50     3.2s
  233       426.7       150.9    0.3905   1.00   0.50     3.1s
  234       517.6       219.7    0.3901   1.00   0.50     3.1s
  235       469.7       238.0    0.3896   1.00   0.50     3.2s
  236       466.6       214.1    0.3892   1.00   0.50     3.4s
  237       534.2       252.2    0.3889   1.00   0.50     3.6s
  238       575.8       243.5    0.3886   1.00   0.50     3.5s
  239       560.2       261.4    0.3884   1.00   0.50     3.3s
  [probe] gen=240 score=480.9 net=1.778 fell=0.700
  240       556.0       263.2    0.3882   1.00   0.50     3.1s
  241       665.7       304.9    0.3880   1.00   0.50     3.2s
  242       665.0       286.0    0.3876   1.00   0.50     3.2s
  243       625.5       216.3    0.3874   1.00   0.50     3.2s
  244       529.6       178.1    0.3870   1.00   0.50     3.4s
  245       598.0       268.9    0.3867   1.00   0.50     3.4s
  246       532.3       246.9    0.3865   1.00   0.50     3.4s
  247       654.2       309.6    0.3862   1.00   0.50     3.4s
  248       601.3       346.4    0.3860   1.00   0.50     3.5s
  249       567.0       234.8    0.3857   1.00   0.50     3.2s
  [probe] gen=250 score=573.7 net=1.908 fell=0.000
  [plot] Saved fitness curve → fitness_curve_cpg.png
  250       666.1       219.1    0.3854   1.00   0.50     3.1s
  251       645.4       327.8    0.3853   1.00   0.50     3.2s
  252       692.1       265.4    0.3852   1.00   0.50     3.2s
  253       641.2       267.5    0.3851   1.00   0.50     3.2s
  254       705.0       325.5    0.3851   1.00   0.50     3.5s
  255       671.1       360.4    0.3849   1.00   0.50     3.4s
  256       690.4       436.8    0.3847   1.00   0.50     3.7s
  257       694.0       387.0    0.3846   1.00   0.50     3.3s
  258       732.9       425.0    0.3846   1.00   0.50     3.6s
  259       752.4       371.8    0.3846   1.00   0.50     3.3s
  [probe] gen=260 score=685.4 net=2.601 fell=0.000
  260       701.6       426.6    0.3848   1.00   0.50     3.5s
  261       685.6       481.0    0.3850   1.00   0.50     3.5s
  262       658.1       313.2    0.3852   1.00   0.50     3.1s
  263       726.7       423.2    0.3853   1.00   0.50     3.5s
  264       731.8       373.7    0.3853   1.00   0.50     3.6s
  265       775.7       437.5    0.3851   1.00   0.50     3.2s
  266       790.5       380.3    0.3849   1.00   0.50     3.3s
  267       774.3       377.1    0.3846   1.00   0.50     3.0s
  268       743.4       294.2    0.3847   1.00   0.50     3.0s
  269       749.4       326.5    0.3846   1.00   0.50     3.2s
  [probe] gen=270 score=796.0 net=3.098 fell=0.000
  270       848.9       376.4    0.3846   1.00   0.50     3.3s
  271       773.3       313.0    0.3844   1.00   0.50     2.6s
  272       757.8       440.2    0.3841   1.00   0.50     3.6s
  273       715.3       406.1    0.3839   1.00   0.50     3.3s
  274       803.5       414.9    0.3839   1.00   0.50     3.4s
  [plot] Saved fitness curve → fitness_curve_cpg.png
  275       747.7       396.5    0.3840   1.00   0.50     3.4s
  276       755.6       393.7    0.3840   1.00   0.50     2.9s
  277       783.7       344.6    0.3840   1.00   0.50     2.8s
  278       736.2       310.0    0.3840   1.00   0.50     2.9s
  279       715.8       325.0    0.3841   1.00   0.50     3.1s
  [probe] gen=280 score=697.1 net=2.675 fell=0.000
  280       728.7       276.5    0.3844   1.00   0.50     2.9s
  281       747.7       406.8    0.3848   1.00   0.50     3.2s
  282       741.6       306.3    0.3851   1.00   0.50     2.8s
  283       794.6       361.3    0.3853   1.00   0.50     3.0s
  284       758.5       461.1    0.3853   1.00   0.50     3.5s
  285       750.9       362.0    0.3852   1.00   0.50     3.1s
  286       777.9       451.9    0.3851   1.00   0.50     3.3s
  287       701.3       404.1    0.3850   1.00   0.50     3.3s
  288       736.9       409.8    0.3850   1.00   0.50     3.0s
  289       679.3       348.7    0.3851   1.00   0.50     3.2s
  [probe] gen=290 score=370.5 net=1.891 fell=1.000
  290       750.0       417.8    0.3850   1.00   0.50     3.2s
  291       735.0       434.1    0.3850   1.00   0.50     3.2s
  292       704.6       510.8    0.3850   1.00   0.50     3.5s
  293       705.1       407.8    0.3850   1.00   0.50     3.3s
  294       757.6       457.4    0.3848   1.00   0.50     3.5s
  295       704.0       424.7    0.3846   1.00   0.50     3.1s
  296       763.8       527.0    0.3846   1.00   0.50     3.5s
  297       758.0       441.3    0.3846   1.00   0.50     3.3s
  298       795.5       506.7    0.3847   1.00   0.50     3.5s
  299       836.0       339.6    0.3846   1.00   0.50     2.8s
  [probe] gen=300 score=823.7 net=3.361 fell=0.000
  [plot] Saved fitness curve → fitness_curve_cpg.png
  300       793.9       448.5    0.3844   1.00   0.50     3.3s
  301       841.5       483.2    0.3843   1.00   0.50     3.1s
  302       818.7       532.2    0.3843   1.00   0.50     3.4s
  303       835.2       591.0    0.3844   1.00   0.50     3.7s
  304       832.7       530.9    0.3845   1.00   0.50     3.1s
  305       905.9       469.8    0.3846   1.00   0.50     3.2s
  306       857.0       520.2    0.3846   1.00   0.50     3.3s
  307       904.2       491.6    0.3847   1.00   0.50     3.1s
  308       977.9       561.8    0.3848   1.00   0.50     3.3s
  309       920.4       603.9    0.3851   1.00   0.50     3.5s
  [probe] gen=310 score=847.9 net=3.417 fell=0.000
  310       889.3       524.2    0.3852   1.00   0.50     3.3s
  311       902.1       469.1    0.3853   1.00   0.50     2.9s
  312       944.7       497.1    0.3854   1.00   0.50     3.2s
  313       921.1       483.4    0.3855   1.00   0.50     3.0s
  314       938.7       585.1    0.3855   1.00   0.50     3.6s
  315       923.7       556.8    0.3855   1.00   0.50     3.1s
  316       952.7       633.8    0.3856   1.00   0.50     3.4s
  317       937.1       546.8    0.3857   1.00   0.50     3.2s
  318       921.8       483.3    0.3858   1.00   0.50     2.9s
  319       939.3       511.0    0.3859   1.00   0.50     3.1s
  [probe] gen=320 score=669.2 net=2.603 fell=0.100
  320       937.4       580.6    0.3860   1.00   0.50     3.3s
  321       941.8       439.0    0.3862   1.00   0.50     2.8s
  322       939.7       625.4    0.3863   1.00   0.50     3.4s
  323       958.8       509.7    0.3865   1.00   0.50     3.4s
  324       975.3       503.4    0.3865   1.00   0.50     3.2s
  [plot] Saved fitness curve → fitness_curve_cpg.png
  325       945.3       479.3    0.3866   1.00   0.50     3.1s
  326      1008.1       475.1    0.3868   1.00   0.50     2.8s
  327       964.1       504.7    0.3869   1.00   0.50     2.9s
  328       998.0       617.8    0.3869   1.00   0.50     3.3s
  329      1016.0       628.0    0.3869   1.00   0.50     3.3s
  [probe] gen=330 score=999.6 net=4.219 fell=0.000
  330      1020.6       578.5    0.3868   1.00   0.50     3.0s
  331      1004.7       484.9    0.3867   1.00   0.50     2.7s
  332      1014.4       507.1    0.3866   1.00   0.50     2.9s
  333      1031.0       559.5    0.3865   1.00   0.50     3.2s
  334      1046.9       608.2    0.3864   1.00   0.50     3.4s
  335      1029.9       613.4    0.3863   1.00   0.50     3.2s
  336      1004.5       587.9    0.3861   1.00   0.50     3.2s
  337      1102.3       581.6    0.3860   1.00   0.50     3.4s
  338      1079.1       701.0    0.3858   1.00   0.50     3.4s
  339      1079.8       598.6    0.3856   1.00   0.50     3.2s
  [probe] gen=340 score=579.0 net=2.846 fell=0.300
  340      1021.6       542.7    0.3854   1.00   0.50     3.0s
  341      1031.5       545.7    0.3853   1.00   0.50     2.8s
  342      1043.9       505.6    0.3851   1.00   0.50     3.1s
  343      1035.2       591.7    0.3849   1.00   0.50     3.3s
  344      1065.4       586.7    0.3848   1.00   0.50     3.3s
  345      1091.8       512.3    0.3848   1.00   0.50     3.0s
  346      1053.1       512.4    0.3847   1.00   0.50     2.9s
  347      1102.2       702.6    0.3847   1.00   0.50     3.5s
  348      1059.1       494.0    0.3847   1.00   0.50     2.9s
  349      1052.5       480.2    0.3847   1.00   0.50     2.9s
  [probe] gen=350 score=1041.5 net=4.509 fell=0.000
  [plot] Saved fitness curve → fitness_curve_cpg.png
  350      1055.8       544.6    0.3846   1.00   0.50     3.1s
  351      1056.4       541.3    0.3845   1.00   0.50     3.2s
  352      1090.0       630.0    0.3843   1.00   0.50     3.1s
  353      1065.3       608.3    0.3840   1.00   0.50     3.0s
  354      1076.1       695.7    0.3838   1.00   0.50     3.6s
  355      1125.9       559.5    0.3835   1.00   0.50     3.2s
  356      1079.0       700.4    0.3832   1.00   0.50     3.3s
  357      1022.5       500.1    0.3828   1.00   0.50     2.8s
  358      1131.1       685.9    0.3826   1.00   0.50     3.3s
  359      1109.6       615.8    0.3823   1.00   0.50     3.2s
  [probe] gen=360 score=1027.4 net=4.486 fell=0.100
  360      1171.1       572.8    0.3821   1.00   0.50     3.1s
  361      1090.4       709.7    0.3818   1.00   0.50     3.3s
  362      1056.2       621.4    0.3814   1.00   0.50     3.1s
  363      1138.0       631.2    0.3810   1.00   0.50     3.3s
  364      1075.1       600.7    0.3806   1.00   0.50     3.2s
  365      1073.5       644.6    0.3802   1.00   0.50     3.2s
  366      1096.2       611.0    0.3799   1.00   0.50     3.2s
  367      1084.2       591.3    0.3798   1.00   0.50     3.3s
  368      1129.0       673.0    0.3799   1.00   0.50     3.2s
  369      1077.0       493.3    0.3801   1.00   0.50     2.7s
  [probe] gen=370 score=1090.2 net=4.809 fell=0.000
  370      1085.2       583.0    0.3802   1.00   0.50     3.1s
  371      1093.5       610.9    0.3803   1.00   0.50     2.9s
  372      1132.3       590.6    0.3803   1.00   0.50     2.9s
  373      1119.3       704.5    0.3804   1.00   0.50     3.2s
  374      1129.7       639.4    0.3805   1.00   0.50     3.1s
  [plot] Saved fitness curve → fitness_curve_cpg.png
  375      1118.5       645.1    0.3806   1.00   0.50     2.9s
  376      1024.7       583.0    0.3807   1.00   0.50     3.0s
  377      1092.0       480.0    0.3806   1.00   0.50     2.6s
  378      1119.4       426.5    0.3805   1.00   0.50     2.5s
  379      1155.3       498.2    0.3806   1.00   0.50     2.8s
  [probe] gen=380 score=1109.0 net=4.898 fell=0.000
  380      1109.6       566.9    0.3808   1.00   0.50     3.0s
  381      1142.4       593.5    0.3810   1.00   0.50     3.1s
  382      1125.4       451.4    0.3812   1.00   0.50     2.6s
  383      1099.1       586.6    0.3815   1.00   0.50     3.0s
  384      1043.3       573.7    0.3817   1.00   0.50     3.2s
  385      1123.5       547.8    0.3818   1.00   0.50     3.0s
  386      1087.4       764.2    0.3819   1.00   0.50     3.2s
  387      1093.5       689.3    0.3819   1.00   0.50     3.3s
  388      1068.5       730.3    0.3818   1.00   0.50     3.5s
  389      1102.7       609.2    0.3818   1.00   0.50     3.3s
  [probe] gen=390 score=1102.7 net=4.825 fell=0.000
  390      1111.7       591.6    0.3819   1.00   0.50     3.2s
  391      1094.9       557.5    0.3818   1.00   0.50     2.7s
  392      1099.9       693.3    0.3815   1.00   0.50     3.3s
  393      1151.9       605.3    0.3812   1.00   0.50     3.3s
  394      1077.0       660.3    0.3809   1.00   0.50     3.4s
  395      1096.2       645.1    0.3806   1.00   0.50     3.2s
  396      1116.2       565.4    0.3805   1.00   0.50     2.9s
  397      1099.2       640.8    0.3803   1.00   0.50     3.2s
  398      1075.6       699.7    0.3802   1.00   0.50     3.4s
  399      1057.0       711.4    0.3803   1.00   0.50     3.3s
  [probe] gen=400 score=1124.5 net=4.948 fell=0.000
  [plot] Saved fitness curve → fitness_curve_cpg.png
  400      1178.1       689.0    0.3803   1.00   0.50     3.3s
  401      1173.0       621.5    0.3802   1.00   0.50     3.0s
  402      1118.8       619.3    0.3801   1.00   0.50     3.2s
  403      1115.3       539.8    0.3800   1.00   0.50     3.0s
  404      1163.1       565.9    0.3798   1.00   0.50     3.2s
  405      1154.2       560.7    0.3796   1.00   0.50     3.0s
  406      1117.5       585.3    0.3794   1.00   0.50     3.1s
  407      1123.1       707.1    0.3793   1.00   0.50     3.2s
  408      1129.5       621.9    0.3792   1.00   0.50     3.1s
  409      1100.7       645.2    0.3791   1.00   0.50     3.1s
  [probe] gen=410 score=1033.1 net=4.508 fell=0.000
  410      1054.5       566.5    0.3788   1.00   0.50     3.0s
  411      1156.0       555.0    0.3785   1.00   0.50     2.8s
  412      1104.8       626.9    0.3783   1.00   0.50     3.0s
  413      1072.0       568.0    0.3782   1.00   0.50     2.9s
  414      1125.7       484.3    0.3780   1.00   0.50     2.9s
  415      1107.8       643.6    0.3778   1.00   0.50     3.2s
  416      1098.4       550.3    0.3775   1.00   0.50     2.9s
  417      1090.2       523.6    0.3773   1.00   0.50     2.8s
  418      1108.2       648.4    0.3773   1.00   0.50     3.1s
  419      1105.4       665.5    0.3773   1.00   0.50     3.2s
  [probe] gen=420 score=944.5 net=3.958 fell=0.100
  420      1084.6       635.1    0.3774   1.00   0.50     3.3s
  421      1068.8       558.5    0.3775   1.00   0.50     2.9s
  422      1117.6       727.6    0.3776   1.00   0.50     3.5s
  423      1103.2       655.3    0.3776   1.00   0.50     3.3s
  424      1104.6       555.5    0.3775   1.00   0.50     3.0s
  [plot] Saved fitness curve → fitness_curve_cpg.png
  425      1046.6       567.7    0.3774   1.00   0.50     2.9s
  426      1099.0       663.4    0.3774   1.00   0.50     3.2s
  427      1109.6       612.3    0.3774   1.00   0.50     3.1s
  428      1130.6       632.3    0.3773   1.00   0.50     3.3s
  429      1114.4       572.1    0.3772   1.00   0.50     2.9s
  [probe] gen=430 score=1012.0 net=4.263 fell=0.000
  430      1137.4       618.8    0.3770   1.00   0.50     3.1s
  431      1040.3       453.4    0.3768   1.00   0.50     2.6s
  432      1105.3       535.9    0.3765   1.00   0.50     2.6s
  433      1099.4       650.8    0.3761   1.00   0.50     3.2s
  434      1066.8       693.8    0.3760   1.00   0.50     3.3s
  435      1132.9       598.2    0.3760   1.00   0.50     3.1s
  436      1072.7       522.0    0.3760   1.00   0.50     2.9s
  437      1111.3       650.2    0.3760   1.00   0.50     3.3s
  438      1076.2       488.8    0.3759   1.00   0.50     2.9s
  439      1083.0       611.4    0.3756   1.00   0.50     3.2s
  [probe] gen=440 score=995.3 net=4.246 fell=0.000
  440      1031.9       431.8    0.3754   1.00   0.50     2.6s
  441      1041.8       419.8    0.3750   1.00   0.50     2.6s
  442      1051.4       474.9    0.3747   1.00   0.50     2.8s
  443      1092.8       661.1    0.3745   1.00   0.50     3.3s
  444      1037.8       538.9    0.3741   1.00   0.50     3.0s
  445      1078.2       676.0    0.3737   1.00   0.50     3.2s
  446      1070.7       762.8    0.3733   1.00   0.50     3.5s
  447      1097.4       590.7    0.3731   1.00   0.50     3.3s
  448      1086.9       672.7    0.3729   1.00   0.50     3.1s
  449      1089.4       519.0    0.3727   1.00   0.50     2.9s
  [probe] gen=450 score=991.7 net=4.239 fell=0.200
  [plot] Saved fitness curve → fitness_curve_cpg.png
  450      1117.5       458.6    0.3725   1.00   0.50     2.7s
  451      1119.1       623.0    0.3724   1.00   0.50     3.0s
  452      1082.7       437.7    0.3723   1.00   0.50     2.6s
  453      1052.1       577.8    0.3723   1.00   0.50     3.2s
  454      1108.1       590.0    0.3722   1.00   0.50     3.0s
  455      1132.4       561.6    0.3721   1.00   0.50     3.1s
  456      1091.8       433.6    0.3720   1.00   0.50     2.6s
  457      1131.8       603.4    0.3721   1.00   0.50     2.9s
  458      1136.5       432.8    0.3722   1.00   0.50     2.6s
  459      1192.4       608.2    0.3723   1.00   0.50     3.2s
  [probe] gen=460 score=767.1 net=3.462 fell=0.300
  460      1131.9       720.4    0.3725   1.00   0.50     3.4s
  461      1111.5       701.5    0.3727   1.00   0.50     3.2s
  462      1103.9       588.3    0.3729   1.00   0.50     3.2s
  463      1154.8       639.0    0.3730   1.00   0.50     3.1s
  464      1122.1       673.2    0.3730   1.00   0.50     3.1s
  465      1106.9       624.0    0.3730   1.00   0.50     3.0s
  466      1132.3       650.1    0.3730   1.00   0.50     3.2s
  467      1127.7       680.8    0.3732   1.00   0.50     3.3s
  468      1178.4       646.8    0.3733   1.00   0.50     3.1s
  469      1157.3       616.3    0.3735   1.00   0.50     3.4s
  [probe] gen=470 score=1152.8 net=5.183 fell=0.000
  470      1148.5       553.3    0.3737   1.00   0.50     3.1s
  471      1134.9       554.7    0.3738   1.00   0.50     2.9s
  472      1142.4       616.4    0.3737   1.00   0.50     3.1s
  473      1133.7       762.8    0.3737   1.00   0.50     3.4s
  474      1131.0       793.3    0.3738   1.00   0.50     3.6s
  [plot] Saved fitness curve → fitness_curve_cpg.png
  475      1117.1       704.9    0.3740   1.00   0.50     3.3s
  476      1143.4       735.5    0.3741   1.00   0.50     3.4s
  477      1140.8       605.4    0.3742   1.00   0.50     2.9s
  478      1092.4       487.8    0.3742   1.00   0.50     2.9s
  479      1124.6       707.6    0.3740   1.00   0.50     3.4s
  [probe] gen=480 score=972.1 net=4.345 fell=0.100
  480      1133.5       631.9    0.3740   1.00   0.50     3.3s
  481      1137.2       684.1    0.3739   1.00   0.50     3.2s
  482      1104.5       720.1    0.3738   1.00   0.50     3.3s
  483      1142.9       678.1    0.3737   1.00   0.50     3.4s
  484      1153.7       482.0    0.3737   1.00   0.50     2.9s
  485      1104.4       648.7    0.3736   1.00   0.50     3.1s
  486      1168.0       685.3    0.3735   1.00   0.50     3.4s
  487      1100.8       592.4    0.3734   1.00   0.50     3.1s
  488      1116.0       714.0    0.3733   1.00   0.50     3.5s
  489      1139.6       680.5    0.3732   1.00   0.50     3.1s
  [probe] gen=490 score=1140.5 net=5.013 fell=0.000
  490      1147.8       803.6    0.3729   1.00   0.50     3.4s
  491      1165.0       648.6    0.3727   1.00   0.50     3.1s
  492      1124.3       545.8    0.3724   1.00   0.50     2.8s
  493      1154.8       594.2    0.3721   1.00   0.50     3.2s
  494      1154.9       609.8    0.3719   1.00   0.50     3.0s
  495      1159.7       607.7    0.3717   1.00   0.50     3.0s
  496      1138.6       644.6    0.3716   1.00   0.50     3.1s
  497      1129.5       643.3    0.3716   1.00   0.50     3.1s
  498      1179.3       568.5    0.3716   1.00   0.50     2.8s
  499      1157.6       662.0    0.3717   1.00   0.50     3.3s
CMA-ES stop reasons: {'maxiter': 500}
  [plot] Saved fitness curve → fitness_curve_cpg.png

Training complete. Best fitness: 1192.4
Best params → experiments/thesis/fixed_gravity/seed_09/working_checkpoints/best_params.npy
Fitness curve → fitness_curve_cpg.png
Final Earth scorecard | score=1082.7 net=4.867 fell=0.050
Gravity sweep | gravities=5 mean_net=3.242 worst_net=2.212
  [exp] Archived → experiments/thesis/fixed_gravity/seed_09/
  [exp] Wrote experiments/thesis/fixed_gravity/seed_09/training_log.csv
  [exp] Wrote experiments/thesis/fixed_gravity/seed_09/earth_probe.csv
  [exp] Wrote experiments/thesis/fixed_gravity/seed_09/gravity_sweep.csv
  [exp] Wrote experiments/thesis/fixed_gravity/seed_09/summary.json
