Walker2d-v5 | policy=CPG  params=504
Curriculum   : ArchiveBased  [-1.6→-3.0→-5.0→-7.0→-9.81]  plateau=30gen  archive_size=5
Run context | seed=1 arm=archive_based run_id=archive_based_seed_01

Schedule | penalty_min=0.20 penalty_ramp_gen=200 corr_min=0.00 corr_max=0.50 corr_ramp_gen=200

Starting CMA-ES | pop=40 | sigma0=0.5 | max_gen=500 | workers=8 | seed=1
Checkpoints → experiments/thesis/archive_based/seed_01/checkpoints/

  Gen        Best        Mean     Sigma    Pen   Corr    Gravity  Phase              Time
------------------------------------------------------------------------------------
  [probe] gen=0 score=-401.6 net=-0.190 fell=1.000 [new best earth]
  [plot] Saved fitness curve → experiments/thesis/archive_based/seed_01/fitness_curve.png
    0       -63.5       -76.2    0.4905   0.20   0.00    -1.6000  lv0(a=0)           1.5s
    1       -13.4       -74.4    0.4823   0.20   0.00    -1.6000  lv0(a=1)           0.2s
    2       -38.8       -71.8    0.4749   0.21   0.01    -1.6000  lv0(a=2)           0.2s
    3        22.9       -68.9    0.4685   0.21   0.01    -1.6000  lv0(a=3)           0.2s
    4       -52.7       -70.4    0.4625   0.22   0.01    -1.6000  lv0(a=4)           0.2s
    5       -54.4       -68.4    0.4568   0.22   0.01    -1.6000  lv0(a=5)           0.2s
    6       -57.6       -71.4    0.4515   0.22   0.01    -1.6000  lv0(a=5)           0.3s
    7       -55.5       -71.6    0.4468   0.23   0.02    -1.6000  lv0(a=5)           0.3s
    8       -45.7       -68.9    0.4423   0.23   0.02    -1.6000  lv0(a=5)           0.3s
    9       -39.4       -71.9    0.4381   0.24   0.02    -1.6000  lv0(a=5)           0.3s
  [probe] gen=10 score=-356.5 net=-0.083 fell=1.000 [new best earth]
   10       -14.3       -67.4    0.4344   0.24   0.03    -1.6000  lv0(a=5)           0.3s
   11       -43.7       -67.2    0.4309   0.24   0.03    -1.6000  lv0(a=5)           0.4s
   12       -43.2       -67.0    0.4277   0.25   0.03    -1.6000  lv0(a=5)           0.5s
   13       -47.1       -64.6    0.4246   0.25   0.03    -1.6000  lv0(a=5)           0.4s
   14       -16.4       -62.7    0.4219   0.26   0.04    -1.6000  lv0(a=5)           0.4s
   15       123.9       -58.8    0.4194   0.26   0.04    -1.6000  lv0(a=5)           0.5s
   16       -22.6       -62.3    0.4171   0.26   0.04    -1.6000  lv0(a=5)           0.6s
   17       -14.9       -65.0    0.4148   0.27   0.04    -1.6000  lv0(a=5)           0.6s
   18        15.4       -66.4    0.4127   0.27   0.04    -1.6000  lv0(a=5)           0.6s
   19        75.2       -61.9    0.4106   0.28   0.05    -1.6000  lv0(a=5)           0.7s
  [probe] gen=20 score=-326.2 net=-0.043 fell=1.000 [new best earth]
   20        72.3       -51.3    0.4085   0.28   0.05    -1.6000  lv0(a=5)           0.6s
   21       206.9       -54.6    0.4065   0.28   0.05    -1.6000  lv0(a=5)           0.7s
   22       156.7       -49.4    0.4045   0.29   0.06    -1.6000  lv0(a=5)           0.8s
   23       306.9       -31.3    0.4027   0.29   0.06    -1.6000  lv0(a=5)           0.9s
   24       194.6       -21.7    0.4010   0.30   0.06    -1.6000  lv0(a=5)           0.9s
  [plot] Saved fitness curve → experiments/thesis/archive_based/seed_01/fitness_curve.png
   25       181.4       -24.9    0.3995   0.30   0.06    -1.6000  lv0(a=5)           1.0s
   26       181.7       -14.3    0.3980   0.30   0.07    -1.6000  lv0(a=5)           1.1s
   27       438.3        24.6    0.3966   0.31   0.07    -1.6000  lv0(a=5)           1.1s
   28       312.5        36.3    0.3951   0.31   0.07    -1.6000  lv0(a=5)           1.3s
   29       251.8        53.9    0.3936   0.32   0.07    -1.6000  lv0(a=5)           1.4s
  [probe] gen=30 score=-314.8 net=-0.082 fell=1.000 [new best earth]
   30       210.7        30.4    0.3925   0.32   0.07    -1.6000  lv0(a=5)           1.4s
   31       209.7        30.5    0.3915   0.32   0.08    -1.6000  lv0(a=5)           1.3s
   32       413.8        94.0    0.3904   0.33   0.08    -1.6000  lv0(a=5)           1.4s
   33       260.5        58.6    0.3895   0.33   0.08    -1.6000  lv0(a=5)           1.4s
   34       251.9        47.0    0.3889   0.34   0.09    -1.6000  lv0(a=5)           1.4s
   35       266.8       116.0    0.3881   0.34   0.09    -1.6000  lv0(a=5)           1.6s
   36       377.7        88.5    0.3875   0.34   0.09    -1.6000  lv0(a=5)           1.6s
   37       271.7       104.8    0.3869   0.35   0.09    -1.6000  lv0(a=5)           1.8s
   38       282.2        84.5    0.3863   0.35   0.10    -1.6000  lv0(a=5)           1.5s
   39       367.8       106.0    0.3856   0.36   0.10    -1.6000  lv0(a=5)           1.7s
  [probe] gen=40 score=15.7 net=0.976 fell=1.000 [new best earth]
   40       259.6       118.9    0.3851   0.36   0.10    -1.6000  lv0(a=5)           1.9s
   41       278.2       111.3    0.3845   0.36   0.10    -1.6000  lv0(a=5)           1.7s
   42       368.6       159.3    0.3842   0.37   0.10    -1.6000  lv0(a=5)           1.9s
   43       444.6       134.5    0.3839   0.37   0.11    -1.6000  lv0(a=5)           1.9s
   44       365.6       121.7    0.3837   0.38   0.11    -1.6000  lv0(a=5)           2.0s
   45       372.0       135.0    0.3834   0.38   0.11    -1.6000  lv0(a=5)           1.8s
   46       463.4       157.8    0.3831   0.38   0.12    -1.6000  lv0(a=5)           1.8s
   47       549.5       172.2    0.3827   0.39   0.12    -1.6000  lv0(a=5)           1.9s
   48       448.6       139.4    0.3823   0.39   0.12    -1.6000  lv0(a=5)           1.8s
   49       600.5       178.0    0.3819   0.40   0.12    -1.6000  lv0(a=5)           1.7s
  [probe] gen=50 score=8.0 net=0.976 fell=1.000
  [plot] Saved fitness curve → experiments/thesis/archive_based/seed_01/fitness_curve.png
   50       534.0       160.2    0.3816   0.40   0.12    -1.6000  lv0(a=5)           1.9s
   51       467.2       119.4    0.3814   0.40   0.13    -1.6000  lv0(a=5)           1.7s
   52       414.5       139.5    0.3813   0.41   0.13    -1.6000  lv0(a=5)           1.8s
   53       522.4       174.7    0.3813   0.41   0.13    -1.6000  lv0(a=5)           1.8s
   54       487.4       139.6    0.3814   0.42   0.14    -1.6000  lv0(a=5)           1.9s
   55       427.6       140.0    0.3814   0.42   0.14    -1.6000  lv0(a=5)           2.0s
   56       486.5       226.1    0.3815   0.42   0.14    -1.6000  lv0(a=5)           1.9s
   57       582.2       189.0    0.3816   0.43   0.14    -1.6000  lv0(a=5)           2.0s
   58       505.0       208.6    0.3818   0.43   0.14    -1.6000  lv0(a=5)           1.9s
   59       437.5       195.2    0.3820   0.44   0.15    -1.6000  lv0(a=5)           1.9s
  [probe] gen=60 score=8.3 net=0.963 fell=1.000
   60       483.9       143.0    0.3822   0.44   0.15    -1.6000  lv0(a=5)           1.9s
   61       589.4       180.0    0.3823   0.44   0.15    -1.6000  lv0(a=5)           1.8s
   62       681.5       221.1    0.3824   0.45   0.15    -1.6000  lv0(a=5)           1.9s
   63       671.5       136.8    0.3825   0.45   0.16    -1.6000  lv0(a=5)           1.8s
   64       846.7       238.2    0.3826   0.46   0.16    -1.6000  lv0(a=5)           2.1s
   65       749.8       212.2    0.3826   0.46   0.16    -1.6000  lv0(a=5)           1.9s
   66       422.1       189.5    0.3826   0.46   0.17    -1.6000  lv0(a=5)           1.9s
   67       547.3       180.8    0.3827   0.47   0.17    -1.6000  lv0(a=5)           2.0s
   68       659.6       232.1    0.3828   0.47   0.17    -1.6000  lv0(a=5)           2.1s
   69       732.9       215.1    0.3828   0.48   0.17    -1.6000  lv0(a=5)           1.9s
  [probe] gen=70 score=-212.1 net=-0.143 fell=1.000
   70       628.5       224.6    0.3828   0.48   0.17    -1.6000  lv0(a=5)           2.0s
   71       470.6       230.8    0.3830   0.48   0.18    -1.6000  lv0(a=5)           1.9s
   72       627.2       272.7    0.3832   0.49   0.18    -1.6000  lv0(a=5)           2.1s
   73       607.6       210.9    0.3834   0.49   0.18    -1.6000  lv0(a=5)           1.9s
   74       461.8       234.2    0.3835   0.50   0.18    -1.6000  lv0(a=5)           2.0s
  [plot] Saved fitness curve → experiments/thesis/archive_based/seed_01/fitness_curve.png
   75       694.3       224.9    0.3835   0.50   0.19    -1.6000  lv0(a=5)           2.1s
   76       582.7       198.2    0.3834   0.50   0.19    -1.6000  lv0(a=5)           1.9s
   77       485.3       216.8    0.3833   0.51   0.19    -1.6000  lv0(a=5)           2.1s
   78       520.1       175.4    0.3833   0.51   0.20    -1.6000  lv0(a=5)           1.9s
   79       714.2       249.2    0.3831   0.52   0.20    -1.6000  lv0(a=5)           2.0s
  [probe] gen=80 score=-140.4 net=0.238 fell=1.000
   80       607.6       193.2    0.3831   0.52   0.20    -1.6000  lv0(a=5)           1.9s
   81       719.8       199.2    0.3831   0.52   0.20    -1.6000  lv0(a=5)           1.9s
   82       764.4       256.4    0.3832   0.53   0.20    -1.6000  lv0(a=5)           1.9s
   83       633.3       268.2    0.3833   0.53   0.21    -1.6000  lv0(a=5)           2.1s
   84       531.6       217.1    0.3835   0.54   0.21    -1.6000  lv0(a=5)           2.1s
   85       621.3       297.2    0.3836   0.54   0.21    -1.6000  lv0(a=5)           2.2s
   86       618.1       254.6    0.3836   0.54   0.21    -1.6000  lv0(a=5)           2.0s
   87       549.1       201.7    0.3836   0.55   0.22    -1.6000  lv0(a=5)           1.9s
   88       820.4       301.1    0.3836   0.55   0.22    -1.6000  lv0(a=5)           2.0s
   89       714.7       180.3    0.3834   0.56   0.22    -1.6000  lv0(a=5)           2.0s
  [probe] gen=90 score=-427.7 net=-0.921 fell=1.000
   90       713.5       260.6    0.3832   0.56   0.23    -1.6000  lv0(a=5)           2.1s
   91       807.0       304.2    0.3829   0.56   0.23    -1.6000  lv0(a=5)           2.0s
   92       739.2       234.5    0.3826   0.57   0.23    -1.6000  lv0(a=5)           2.0s
   93       749.9       204.7    0.3822   0.57   0.23    -1.6000  lv0(a=5)           2.0s
   94      1078.4       214.9    0.3819   0.58   0.23    -1.6000  lv0(a=5)           1.9s
   95       768.0       266.8    0.3814   0.58   0.24    -1.6000  lv0(a=5)           2.1s
   96       880.4       162.5    0.3808   0.58   0.24    -1.6000  lv0(a=5)           1.9s
   97       842.5       197.0    0.3804   0.59   0.24    -1.6000  lv0(a=5)           2.0s
   98       843.3       288.1    0.3799   0.59   0.24    -1.6000  lv0(a=5)           2.2s
   99       914.5       219.3    0.3795   0.60   0.25    -1.6000  lv0(a=5)           1.9s
  [probe] gen=100 score=-2.7 net=0.733 fell=1.000
  [plot] Saved fitness curve → experiments/thesis/archive_based/seed_01/fitness_curve.png
  100       699.1       231.2    0.3791   0.60   0.25    -1.6000  lv0(a=5)           1.9s
  101       819.3       288.7    0.3788   0.60   0.25    -1.6000  lv0(a=5)           2.0s
  102       802.7       295.9    0.3785   0.61   0.26    -1.6000  lv0(a=5)           2.2s
  103      1081.8       349.3    0.3782   0.61   0.26    -1.6000  lv0(a=5)           2.2s
  104       853.0       313.3    0.3780   0.62   0.26    -1.6000  lv0(a=5)           2.1s
  105       824.7       323.4    0.3778   0.62   0.26    -1.6000  lv0(a=5)           2.1s
  106       666.6       234.5    0.3774   0.62   0.27    -1.6000  lv0(a=5)           2.0s
  107       744.6       304.7    0.3771   0.63   0.27    -1.6000  lv0(a=5)           2.0s
  108       825.6       349.2    0.3768   0.63   0.27    -1.6000  lv0(a=5)           2.3s
  109      1221.8       300.0    0.3767   0.64   0.27    -1.6000  lv0(a=5)           2.3s
  [probe] gen=110 score=-114.9 net=0.341 fell=1.000
  110       775.2       337.8    0.3766   0.64   0.28    -1.6000  lv0(a=5)           2.3s
  111       963.8       343.5    0.3764   0.64   0.28    -1.6000  lv0(a=5)           2.3s
  112       805.9       301.1    0.3762   0.65   0.28    -1.6000  lv0(a=5)           2.2s
  113       774.1       341.5    0.3761   0.65   0.28    -1.6000  lv0(a=5)           2.3s
  114       865.1       278.7    0.3760   0.66   0.28    -1.6000  lv0(a=5)           2.1s
  115       869.0       358.4    0.3760   0.66   0.29    -1.6000  lv0(a=5)           2.2s
  116       719.6       347.7    0.3760   0.66   0.29    -1.6000  lv0(a=5)           2.2s
  117      1016.7       459.8    0.3760   0.67   0.29    -1.6000  lv0(a=5)           2.6s
  118       739.7       414.8    0.3759   0.67   0.29    -1.6000  lv0(a=5)           2.3s
  119      1115.2       314.0    0.3759   0.68   0.30    -1.6000  lv0(a=5)           2.3s
  [probe] gen=120 score=198.0 net=1.591 fell=1.000 [new best earth]
  120       867.2       288.2    0.3760   0.68   0.30    -1.6000  lv0(a=5)           2.0s
  121      1086.8       401.5    0.3759   0.68   0.30    -1.6000  lv0(a=5)           2.4s
  122      1340.4       406.6    0.3759   0.69   0.30    -1.6000  lv0(a=5)           2.4s
  123       838.5       231.1    0.3759   0.69   0.31    -1.6000  lv0(a=5)           2.0s
  124      1272.9       444.0    0.3758   0.70   0.31    -1.6000  lv0(a=5)           2.3s
  [plot] Saved fitness curve → experiments/thesis/archive_based/seed_01/fitness_curve.png
  125      1223.2       442.5    0.3757   0.70   0.31    -1.6000  lv0(a=5)           2.4s
  126      1361.9       312.5    0.3755   0.70   0.32    -1.6000  lv0(a=5)           2.1s
  127       997.1       409.6    0.3754   0.71   0.32    -1.6000  lv0(a=5)           2.1s
  128      1311.2       256.2    0.3753   0.71   0.32    -1.6000  lv0(a=5)           2.0s
  129      1061.6       419.3    0.3753   0.72   0.32    -1.6000  lv0(a=5)           2.6s
  [probe] gen=130 score=-398.6 net=-0.898 fell=1.000
  130      1207.4       455.3    0.3752   0.72   0.33    -1.6000  lv0(a=5)           2.5s
  131      1103.4       369.6    0.3751   0.72   0.33    -1.6000  lv0(a=5)           2.1s
  132       861.0       349.4    0.3751   0.73   0.33    -1.6000  lv0(a=5)           2.2s
  133      1105.4       438.3    0.3750   0.73   0.33    -1.6000  lv0(a=5)           2.4s
  134      1046.6       360.4    0.3750   0.74   0.34    -1.6000  lv0(a=5)           2.1s
  135      1075.1       338.4    0.3751   0.74   0.34    -1.6000  lv0(a=5)           2.2s
  136      1213.1       519.9    0.3751   0.74   0.34    -1.6000  lv0(a=5)           2.6s
  137      1162.0       444.4    0.3753   0.75   0.34    -1.6000  lv0(a=5)           2.3s
  138      1091.3       481.5    0.3755   0.75   0.34    -1.6000  lv0(a=5)           2.6s
  139      1253.1       434.3    0.3757   0.76   0.35    -1.6000  lv0(a=5)           2.3s
  [probe] gen=140 score=-167.4 net=0.064 fell=1.000
  140      1127.9       446.2    0.3759   0.76   0.35    -1.6000  lv0(a=5)           2.4s
  141      1094.1       516.0    0.3762   0.76   0.35    -1.6000  lv0(a=5)           2.4s
  142      1449.6       505.1    0.3764   0.77   0.35    -1.6000  lv0(a=5)           2.3s
  143      1396.8       496.2    0.3767   0.77   0.36    -1.6000  lv0(a=5)           2.5s
  144      1210.6       406.0    0.3768   0.78   0.36    -1.6000  lv0(a=5)           2.3s
  145      1349.7       538.7    0.3770   0.78   0.36    -1.6000  lv0(a=5)           2.5s
  146      1428.7       594.9    0.3774   0.78   0.36    -1.6000  lv0(a=5)           2.7s
  147      1482.4       560.7    0.3777   0.79   0.37    -1.6000  lv0(a=5)           2.6s
  148      1391.3       574.2    0.3780   0.79   0.37    -1.6000  lv0(a=5)           2.6s
  149      1567.5       634.2    0.3786   0.80   0.37    -1.6000  lv0(a=5)           2.7s
  [probe] gen=150 score=-152.7 net=0.054 fell=1.000
  [plot] Saved fitness curve → experiments/thesis/archive_based/seed_01/fitness_curve.png
  150      1352.2       567.3    0.3792   0.80   0.38    -1.6000  lv0(a=5)           2.5s
  151      1284.4       491.0    0.3797   0.80   0.38    -1.6000  lv0(a=5)           2.2s
  152      1246.2       569.2    0.3801   0.81   0.38    -1.6000  lv0(a=5)           2.6s
  153      1142.7       440.3    0.3805   0.81   0.38    -1.6000  lv0(a=5)           2.4s
  154      1366.8       576.9    0.3810   0.82   0.39    -1.6000  lv0(a=5)           2.5s
  155      1390.6       607.9    0.3815   0.82   0.39    -1.6000  lv0(a=5)           2.8s
  156      1205.2       617.8    0.3820   0.82   0.39    -1.6000  lv0(a=5)           2.7s
  157      1426.2       592.3    0.3825   0.83   0.39    -1.6000  lv0(a=5)           2.7s
  158      1184.6       507.1    0.3829   0.83   0.40    -1.6000  lv0(a=5)           2.6s
  159      1248.5       476.4    0.3833   0.84   0.40    -1.6000  lv0(a=5)           2.4s
  [probe] gen=160 score=40.3 net=0.927 fell=1.000
  160      1194.9       539.4    0.3837   0.84   0.40    -1.6000  lv0(a=5)           2.5s
  161      1273.2       503.0    0.3842   0.84   0.40    -1.6000  lv0(a=5)           2.4s
  162      1581.0       621.1    0.3848   0.85   0.41    -1.6000  lv0(a=5)           2.7s
  163      1400.1       611.4    0.3852   0.85   0.41    -1.6000  lv0(a=5)           2.7s
  164      1490.8       599.0    0.3858   0.86   0.41    -1.6000  lv0(a=5)           2.6s
  165      1523.7       616.4    0.3863   0.86   0.41    -1.6000  lv0(a=5)           2.6s
  166      1231.5       516.6    0.3868   0.86   0.41    -1.6000  lv0(a=5)           2.3s
  167      1335.0       504.8    0.3872   0.87   0.42    -1.6000  lv0(a=5)           2.5s
  168      1551.9       666.6    0.3876   0.87   0.42    -1.6000  lv0(a=5)           2.9s
  169      1435.2       501.3    0.3880   0.88   0.42    -1.6000  lv0(a=5)           2.5s
  [probe] gen=170 score=-144.6 net=0.111 fell=1.000
  170      1246.1       505.4    0.3885   0.88   0.42    -1.6000  lv0(a=5)           2.5s
  171      1566.0       497.6    0.3891   0.88   0.43    -1.6000  lv0(a=5)           2.6s
  172      1108.9       454.5    0.3898   0.89   0.43    -1.6000  lv0(a=5)           2.5s
  173      1222.7       498.7    0.3906   0.89   0.43    -1.6000  lv0(a=5)           2.5s
  174      1354.3       575.7    0.3911   0.90   0.43    -1.6000  lv0(a=5)           2.5s
  [plot] Saved fitness curve → experiments/thesis/archive_based/seed_01/fitness_curve.png
  175      1411.5       661.4    0.3917   0.90   0.44    -1.6000  lv0(a=5)           2.7s
  176      1441.6       596.0    0.3921   0.90   0.44    -1.6000  lv0(a=5)           2.5s
  177      1510.1       581.9    0.3926   0.91   0.44    -1.6000  lv0(a=5)           2.5s
  178      1549.3       628.4    0.3930   0.91   0.45    -1.6000  lv0(a=5)           2.5s
  179      1451.9       568.2    0.3934   0.92   0.45    -1.6000  lv0(a=5)           2.7s
  [probe] gen=180 score=228.4 net=1.721 fell=1.000 [new best earth]
  180      1390.4       627.5    0.3938   0.92   0.45    -1.6000  lv0(a=5)           2.7s
  181      1489.5       583.0    0.3944   0.92   0.45    -1.6000  lv0(a=5)           2.5s
  182      1162.0       358.7    0.3949   0.93   0.46    -1.6000  lv0(a=5)           2.2s
  183      1404.9       573.1    0.3954   0.93   0.46    -1.6000  lv0(a=5)           2.6s
  184      1489.3       621.0    0.3959   0.94   0.46    -1.6000  lv0(a=5)           2.7s
  185      1453.9       572.6    0.3963   0.94   0.46    -1.6000  lv0(a=5)           2.6s
  186      1255.3       547.7    0.3968   0.94   0.47    -1.6000  lv0(a=5)           2.5s
  187      1592.6       541.4    0.3973   0.95   0.47    -1.6000  lv0(a=5)           2.5s
  188      1397.8       511.0    0.3978   0.95   0.47    -1.6000  lv0(a=5)           2.6s
  189      1494.9       623.2    0.3982   0.96   0.47    -1.6000  lv0(a=5)           2.7s
  [probe] gen=190 score=183.4 net=1.604 fell=1.000
  190      1279.7       606.0    0.3987   0.96   0.47    -1.6000  lv0(a=5)           2.7s
  191      1217.0       504.5    0.3991   0.96   0.48    -1.6000  lv0(a=5)           2.4s
  192      1530.6       625.3    0.3995   0.97   0.48    -1.6000  lv0(a=5)           2.6s
  193      1555.7       571.2    0.3998   0.97   0.48    -1.6000  lv0(a=5)           2.6s
  194      1491.8       638.0    0.4000   0.98   0.48    -1.6000  lv0(a=5)           2.6s
  195      1640.4       615.6    0.4001   0.98   0.49    -1.6000  lv0(a=5)           2.6s
  196      1507.8       615.2    0.4002   0.98   0.49    -1.6000  lv0(a=5)           2.4s
  197      1379.8       575.5    0.4002   0.99   0.49    -1.6000  lv0(a=5)           2.5s
  198      1455.5       568.6    0.4005   0.99   0.49    -1.6000  lv0(a=5)           2.2s
  199      1342.6       611.6    0.4009   1.00   0.50    -1.6000  lv0(a=5)           2.6s
  [probe] gen=200 score=98.8 net=1.262 fell=1.000
  [plot] Saved fitness curve → experiments/thesis/archive_based/seed_01/fitness_curve.png
  200      1542.7       585.4    0.4012   1.00   0.50    -1.6000  lv0(a=5)           2.5s
  201      1444.7       438.5    0.4017   1.00   0.50    -1.6000  lv0(a=5)           2.2s
  202      1313.3       523.8    0.4023   1.00   0.50    -1.6000  lv0(a=5)           2.3s
  203      1246.8       462.7    0.4028   1.00   0.50    -1.6000  lv0(a=5)           2.3s
  204      1539.2       456.0    0.4031   1.00   0.50    -1.6000  lv0(a=5)           2.3s
  205      1594.8       544.8    0.4035   1.00   0.50    -1.6000  lv0(a=5)           2.4s
  206      1374.4       619.7    0.4040   1.00   0.50    -1.6000  lv0(a=5)           2.7s
  207      1456.2       587.8    0.4043   1.00   0.50    -1.6000  lv0(a=5)           2.7s
  208      1671.4       637.5    0.4048   1.00   0.50    -1.6000  lv0(a=5)           2.8s
  209      1445.2       684.9    0.4053   1.00   0.50    -1.6000  lv0(a=5)           2.7s
  [probe] gen=210 score=32.5 net=1.027 fell=1.000
  210      1290.2       500.1    0.4058   1.00   0.50    -1.6000  lv0(a=5)           2.3s
  211      1493.2       527.7    0.4062   1.00   0.50    -1.6000  lv0(a=5)           2.3s
  212      1504.3       573.4    0.4068   1.00   0.50    -1.6000  lv0(a=5)           2.5s
  213      1783.6       592.3    0.4074   1.00   0.50    -1.6000  lv0(a=5)           2.4s
  214      1555.1       722.9    0.4079   1.00   0.50    -1.6000  lv0(a=5)           2.7s
  215      1660.6       695.6    0.4084   1.00   0.50    -1.6000  lv0(a=5)           2.6s
  216      1521.7       649.4    0.4090   1.00   0.50    -1.6000  lv0(a=5)           2.6s
  217      1556.0       754.5    0.4093   1.00   0.50    -1.6000  lv0(a=5)           3.0s
  218      1583.0       683.7    0.4096   1.00   0.50    -1.6000  lv0(a=5)           2.6s
  219      1225.3       688.5    0.4099   1.00   0.50    -1.6000  lv0(a=5)           2.8s
  [probe] gen=220 score=159.5 net=1.515 fell=1.000
  220      1566.2       645.7    0.4101   1.00   0.50    -1.6000  lv0(a=5)           2.7s
  221      1291.6       511.6    0.4102   1.00   0.50    -1.6000  lv0(a=5)           2.4s
  222      1468.6       656.9    0.4105   1.00   0.50    -1.6000  lv0(a=5)           2.6s
  223      1528.7       643.0    0.4108   1.00   0.50    -1.6000  lv0(a=5)           2.8s
  224      1780.9       656.5    0.4110   1.00   0.50    -1.6000  lv0(a=5)           2.8s
  [plot] Saved fitness curve → experiments/thesis/archive_based/seed_01/fitness_curve.png
  225      1436.9       675.0    0.4111   1.00   0.50    -1.6000  lv0(a=5)           2.8s
  226      1480.6       706.8    0.4113   1.00   0.50    -1.6000  lv0(a=5)           3.0s
  227      1570.3       746.3    0.4114   1.00   0.50    -1.6000  lv0(a=5)           2.9s
  228      1325.3       668.8    0.4114   1.00   0.50    -1.6000  lv0(a=5)           2.7s
  229      1474.6       673.3    0.4113   1.00   0.50    -1.6000  lv0(a=5)           2.6s
  [probe] gen=230 score=174.3 net=1.554 fell=1.000
  230      1405.2       692.9    0.4112   1.00   0.50    -1.6000  lv0(a=5)           2.7s
  231      1340.3       556.3    0.4111   1.00   0.50    -1.6000  lv0(a=5)           2.7s
  232      1404.6       724.4    0.4111   1.00   0.50    -1.6000  lv0(a=5)           2.9s
  233      1603.7       736.5    0.4109   1.00   0.50    -1.6000  lv0(a=5)           2.8s
  234      1447.7       657.2    0.4110   1.00   0.50    -1.6000  lv0(a=5)           2.8s
  235      1376.8       631.2    0.4111   1.00   0.50    -1.6000  lv0(a=5)           2.6s
  236      1303.9       623.5    0.4115   1.00   0.50    -1.6000  lv0(a=5)           2.5s
  237      1312.4       628.2    0.4118   1.00   0.50    -1.6000  lv0(a=5)           2.7s
  238      1404.8       704.7    0.4121   1.00   0.50    -1.6000  lv0(a=5)           2.7s
  239      1485.6       721.5    0.4123   1.00   0.50    -1.6000  lv0(a=5)           2.8s
  [probe] gen=240 score=189.3 net=1.629 fell=1.000
  240      1536.8       667.2    0.4127   1.00   0.50    -1.6000  lv0(a=5)           2.8s
  241      1532.9       575.5    0.4130   1.00   0.50    -1.6000  lv0(a=5)           2.5s
  242      1463.3       757.0    0.4132   1.00   0.50    -1.6000  lv0(a=5)           2.8s
  [stage] gen=243  gravity -1.60 → -3.00  ES restarted  remaining=256
  243      1459.1       678.1    0.5000   1.00   0.50    -1.6000  lv0(a=5)           2.8s
  244       650.4       100.9    0.4903   1.00   0.50    -3.0000  lv1(a=0)           1.1s
  245      1349.5       303.7    0.4818   1.00   0.50    -3.0000  lv1(a=1)           1.5s
  246      1231.5       268.0    0.4742   1.00   0.50    -3.0000  lv1(a=2)           1.5s
  247      1568.9       345.0    0.4676   1.00   0.50    -3.0000  lv1(a=3)           1.8s
  248      1606.5       392.8    0.4615   1.00   0.50    -3.0000  lv1(a=4)           1.8s
  249      1524.8       405.7    0.4558   1.00   0.50    -3.0000  lv1(a=5)           2.0s
  [probe] gen=250 score=164.2 net=1.511 fell=1.000
  [plot] Saved fitness curve → experiments/thesis/archive_based/seed_01/fitness_curve.png
  250      1410.4       521.5    0.4506   1.00   0.50    -3.0000  lv1(a=5)           2.0s
  251      1404.8       463.0    0.4457   1.00   0.50    -3.0000  lv1(a=5)           1.9s
  252      1490.4       420.2    0.4412   1.00   0.50    -3.0000  lv1(a=5)           1.9s
  253      1310.7       395.4    0.4370   1.00   0.50    -3.0000  lv1(a=5)           2.0s
  254      1141.1       403.6    0.4332   1.00   0.50    -3.0000  lv1(a=5)           2.0s
  255      1426.5       488.2    0.4296   1.00   0.50    -3.0000  lv1(a=5)           2.1s
  256      1501.2       427.7    0.4262   1.00   0.50    -3.0000  lv1(a=5)           2.1s
  257      1756.9       465.0    0.4231   1.00   0.50    -3.0000  lv1(a=5)           2.1s
  258      1589.1       404.2    0.4203   1.00   0.50    -3.0000  lv1(a=5)           2.2s
  259      1691.0       618.3    0.4177   1.00   0.50    -3.0000  lv1(a=5)           2.3s
  [probe] gen=260 score=76.5 net=1.069 fell=1.000
  260      1466.1       547.9    0.4154   1.00   0.50    -3.0000  lv1(a=5)           2.3s
  261      1457.5       697.4    0.4133   1.00   0.50    -3.0000  lv1(a=5)           2.4s
  262      1328.6       567.5    0.4113   1.00   0.50    -3.0000  lv1(a=5)           2.2s
  263      1442.9       607.4    0.4094   1.00   0.50    -3.0000  lv1(a=5)           2.3s
  264      1654.5       620.7    0.4074   1.00   0.50    -3.0000  lv1(a=5)           2.2s
  265      1313.8       573.0    0.4055   1.00   0.50    -3.0000  lv1(a=5)           2.4s
  266      1623.3       561.8    0.4035   1.00   0.50    -3.0000  lv1(a=5)           2.2s
  267      1531.1       595.0    0.4015   1.00   0.50    -3.0000  lv1(a=5)           2.3s
  268      1540.2       584.1    0.3997   1.00   0.50    -3.0000  lv1(a=5)           2.4s
  269      1381.3       529.2    0.3978   1.00   0.50    -3.0000  lv1(a=5)           2.4s
  [probe] gen=270 score=189.4 net=1.589 fell=1.000
  270      1281.5       605.2    0.3960   1.00   0.50    -3.0000  lv1(a=5)           2.6s
  271      1373.4       636.4    0.3944   1.00   0.50    -3.0000  lv1(a=5)           2.4s
  272      1482.5       556.3    0.3930   1.00   0.50    -3.0000  lv1(a=5)           2.4s
  273      1451.7       640.5    0.3915   1.00   0.50    -3.0000  lv1(a=5)           2.5s
  [stage] gen=274  gravity -3.00 → -5.00  ES restarted  remaining=225
  274      1434.1       701.0    0.5000   1.00   0.50    -3.0000  lv1(a=5)           2.7s
  [plot] Saved fitness curve → experiments/thesis/archive_based/seed_01/fitness_curve.png
  275      1002.0       155.7    0.4903   1.00   0.50    -5.0000  lv2(a=0)           1.2s
  276      1328.7       227.5    0.4818   1.00   0.50    -5.0000  lv2(a=1)           1.4s
  277      1195.2       387.6    0.4743   1.00   0.50    -5.0000  lv2(a=2)           1.7s
  278      1254.8       338.9    0.4674   1.00   0.50    -5.0000  lv2(a=3)           1.7s
  279      1196.7       447.7    0.4613   1.00   0.50    -5.0000  lv2(a=4)           2.0s
  [probe] gen=280 score=-259.1 net=-0.387 fell=1.000
  280      1108.8       323.7    0.4557   1.00   0.50    -5.0000  lv2(a=5)           1.7s
  281      1296.5       469.1    0.4508   1.00   0.50    -5.0000  lv2(a=5)           2.0s
  282      1288.2       476.9    0.4464   1.00   0.50    -5.0000  lv2(a=5)           2.3s
  283      1267.8       521.0    0.4422   1.00   0.50    -5.0000  lv2(a=5)           2.1s
  284      1182.4       560.4    0.4382   1.00   0.50    -5.0000  lv2(a=5)           2.3s
  285      1205.9       481.8    0.4344   1.00   0.50    -5.0000  lv2(a=5)           2.1s
  286      1404.9       525.7    0.4309   1.00   0.50    -5.0000  lv2(a=5)           2.1s
  287      1165.8       461.5    0.4277   1.00   0.50    -5.0000  lv2(a=5)           2.1s
  288      1191.4       508.2    0.4248   1.00   0.50    -5.0000  lv2(a=5)           2.1s
  289      1227.0       492.2    0.4220   1.00   0.50    -5.0000  lv2(a=5)           2.2s
  [probe] gen=290 score=219.1 net=1.614 fell=1.000
  290      1401.1       635.8    0.4194   1.00   0.50    -5.0000  lv2(a=5)           2.3s
  291      1298.4       613.4    0.4168   1.00   0.50    -5.0000  lv2(a=5)           2.2s
  292      1454.8       597.9    0.4145   1.00   0.50    -5.0000  lv2(a=5)           2.3s
  293      1173.0       625.2    0.4121   1.00   0.50    -5.0000  lv2(a=5)           2.4s
  294      1318.7       632.4    0.4100   1.00   0.50    -5.0000  lv2(a=5)           2.3s
  295      1423.5       593.5    0.4080   1.00   0.50    -5.0000  lv2(a=5)           2.3s
  296      1208.7       547.4    0.4062   1.00   0.50    -5.0000  lv2(a=5)           2.2s
  297      1248.1       585.5    0.4046   1.00   0.50    -5.0000  lv2(a=5)           2.2s
  298      1253.7       490.2    0.4030   1.00   0.50    -5.0000  lv2(a=5)           2.0s
  299      1221.2       638.6    0.4015   1.00   0.50    -5.0000  lv2(a=5)           2.4s
  [probe] gen=300 score=88.2 net=1.068 fell=1.000
  [plot] Saved fitness curve → experiments/thesis/archive_based/seed_01/fitness_curve.png
  300      1249.8       515.6    0.4002   1.00   0.50    -5.0000  lv2(a=5)           2.0s
  301      1340.2       555.6    0.3989   1.00   0.50    -5.0000  lv2(a=5)           2.0s
  302      1349.1       654.7    0.3977   1.00   0.50    -5.0000  lv2(a=5)           2.4s
  303      1294.3       580.9    0.3964   1.00   0.50    -5.0000  lv2(a=5)           2.5s
  304      1397.1       678.8    0.3955   1.00   0.50    -5.0000  lv2(a=5)           2.5s
  [stage] gen=305  gravity -5.00 → -7.00  ES restarted  remaining=194
  305      1317.1       624.2    0.5000   1.00   0.50    -5.0000  lv2(a=5)           2.4s
  306       446.6       184.9    0.4905   1.00   0.50    -7.0000  lv3(a=0)           1.2s
  307       505.5       160.2    0.4823   1.00   0.50    -7.0000  lv3(a=1)           1.3s
  308       606.8       228.2    0.4749   1.00   0.50    -7.0000  lv3(a=2)           1.4s
  309       911.0       263.8    0.4683   1.00   0.50    -7.0000  lv3(a=3)           1.5s
  [probe] gen=310 score=-78.2 net=0.334 fell=1.000
  310       753.9       270.1    0.4624   1.00   0.50    -7.0000  lv3(a=4)           1.7s
  311       761.8       287.4    0.4571   1.00   0.50    -7.0000  lv3(a=5)           1.8s
  312       772.5       235.9    0.4522   1.00   0.50    -7.0000  lv3(a=5)           1.8s
  313       870.8       374.9    0.4479   1.00   0.50    -7.0000  lv3(a=5)           2.1s
  314       662.8       244.0    0.4440   1.00   0.50    -7.0000  lv3(a=5)           1.8s
  315       879.5       315.9    0.4403   1.00   0.50    -7.0000  lv3(a=5)           1.9s
  316       873.1       273.1    0.4367   1.00   0.50    -7.0000  lv3(a=5)           1.6s
  317       754.6       215.0    0.4334   1.00   0.50    -7.0000  lv3(a=5)           1.7s
  318       868.5       305.1    0.4300   1.00   0.50    -7.0000  lv3(a=5)           1.7s
  319       841.9       312.2    0.4269   1.00   0.50    -7.0000  lv3(a=5)           1.8s
  [probe] gen=320 score=183.3 net=1.524 fell=1.000
  320       888.1       309.7    0.4238   1.00   0.50    -7.0000  lv3(a=5)           1.8s
  321       814.4       346.7    0.4210   1.00   0.50    -7.0000  lv3(a=5)           1.9s
  322      1055.9       392.2    0.4184   1.00   0.50    -7.0000  lv3(a=5)           2.1s
  323      1058.9       537.5    0.4162   1.00   0.50    -7.0000  lv3(a=5)           2.7s
  324      1124.7       378.9    0.4142   1.00   0.50    -7.0000  lv3(a=5)           2.5s
  [plot] Saved fitness curve → experiments/thesis/archive_based/seed_01/fitness_curve.png
  325      1335.3       374.8    0.4122   1.00   0.50    -7.0000  lv3(a=5)           2.3s
  326       994.9       367.2    0.4104   1.00   0.50    -7.0000  lv3(a=5)           2.3s
  327       932.3       367.9    0.4088   1.00   0.50    -7.0000  lv3(a=5)           2.0s
  328       833.1       370.2    0.4073   1.00   0.50    -7.0000  lv3(a=5)           1.9s
  329       892.4       431.1    0.4059   1.00   0.50    -7.0000  lv3(a=5)           2.1s
  [probe] gen=330 score=7.8 net=0.641 fell=1.000
  330       948.7       405.2    0.4046   1.00   0.50    -7.0000  lv3(a=5)           2.3s
  331       953.6       467.7    0.4034   1.00   0.50    -7.0000  lv3(a=5)           2.4s
  332       967.3       377.4    0.4022   1.00   0.50    -7.0000  lv3(a=5)           2.1s
  333       934.8       443.2    0.4011   1.00   0.50    -7.0000  lv3(a=5)           2.9s
  334      1079.9       358.8    0.4003   1.00   0.50    -7.0000  lv3(a=5)           2.3s
  335      1006.7       434.5    0.3994   1.00   0.50    -7.0000  lv3(a=5)           2.4s
  [stage] gen=336  gravity -7.00 → -9.81  ES restarted  remaining=163
  336      1195.0       522.0    0.5000   1.00   0.50    -7.0000  lv3(a=5)           2.6s
  337       212.1       -26.9    0.4903   1.00   0.50    -9.8100  lv4(a=0)           1.0s
  338       192.5       -49.3    0.4820   1.00   0.50    -9.8100  lv4(a=1)           1.0s
  339       198.2        94.1    0.4747   1.00   0.50    -9.8100  lv4(a=2)           1.0s
  [probe] gen=340 score=202.4 net=1.517 fell=1.000
  340       215.7        52.2    0.4682   1.00   0.50    -9.8100  lv4(a=3)           1.1s
  341       275.3        55.0    0.4624   1.00   0.50    -9.8100  lv4(a=4)           1.3s
  342       227.1        19.3    0.4572   1.00   0.50    -9.8100  lv4(a=5)           1.0s
  343       251.2        48.5    0.4524   1.00   0.50    -9.8100  lv4(a=5)           1.2s
  344       256.4        43.9    0.4479   1.00   0.50    -9.8100  lv4(a=5)           1.1s
  345       271.8        81.6    0.4437   1.00   0.50    -9.8100  lv4(a=5)           1.3s
  346       358.3        76.0    0.4398   1.00   0.50    -9.8100  lv4(a=5)           1.3s
  347       248.6        85.0    0.4361   1.00   0.50    -9.8100  lv4(a=5)           1.2s
  348       726.2       147.1    0.4327   1.00   0.50    -9.8100  lv4(a=5)           1.6s
  349       413.8       106.9    0.4296   1.00   0.50    -9.8100  lv4(a=5)           1.5s
  [probe] gen=350 score=530.4 net=2.262 fell=0.700 [new best earth]
  [plot] Saved fitness curve → experiments/thesis/archive_based/seed_01/fitness_curve.png
  350       474.2       157.0    0.4268   1.00   0.50    -9.8100  lv4(a=5)           1.6s
  351       386.2       137.4    0.4244   1.00   0.50    -9.8100  lv4(a=5)           2.1s
  352       368.0        92.0    0.4219   1.00   0.50    -9.8100  lv4(a=5)           1.8s
  353       396.6        95.1    0.4196   1.00   0.50    -9.8100  lv4(a=5)           2.2s
  354       430.3         9.2    0.4171   1.00   0.50    -9.8100  lv4(a=5)           2.1s
  355       371.9       177.3    0.4149   1.00   0.50    -9.8100  lv4(a=5)           2.4s
  356       310.4        -8.6    0.4129   1.00   0.50    -9.8100  lv4(a=5)           1.7s
  357       514.3       168.9    0.4110   1.00   0.50    -9.8100  lv4(a=5)           2.4s
  358       358.4       106.7    0.4093   1.00   0.50    -9.8100  lv4(a=5)           2.5s
  359       508.4       186.2    0.4078   1.00   0.50    -9.8100  lv4(a=5)           2.7s
  [probe] gen=360 score=323.2 net=1.680 fell=1.000
  360       438.5        29.9    0.4063   1.00   0.50    -9.8100  lv4(a=5)           2.1s
  361       428.0       106.2    0.4049   1.00   0.50    -9.8100  lv4(a=5)           2.2s
  362       467.8       134.1    0.4036   1.00   0.50    -9.8100  lv4(a=5)           2.2s
  363       431.0       142.0    0.4024   1.00   0.50    -9.8100  lv4(a=5)           2.6s
  364       566.3       197.3    0.4014   1.00   0.50    -9.8100  lv4(a=5)           2.6s
  365       471.1       131.2    0.4006   1.00   0.50    -9.8100  lv4(a=5)           2.2s
  366       417.0       197.4    0.3998   1.00   0.50    -9.8100  lv4(a=5)           2.5s
  367       395.6       199.2    0.3989   1.00   0.50    -9.8100  lv4(a=5)           2.3s
  368       373.2       103.8    0.3977   1.00   0.50    -9.8100  lv4(a=5)           2.5s
  369       405.4        93.3    0.3966   1.00   0.50    -9.8100  lv4(a=5)           2.6s
  [probe] gen=370 score=391.4 net=1.551 fell=1.000
  370       378.0       144.2    0.3955   1.00   0.50    -9.8100  lv4(a=5)           2.6s
  371       384.6       172.0    0.3946   1.00   0.50    -9.8100  lv4(a=5)           2.6s
  372       344.4       176.4    0.3936   1.00   0.50    -9.8100  lv4(a=5)           3.0s
  373       424.9       193.2    0.3928   1.00   0.50    -9.8100  lv4(a=5)           3.0s
  374       372.7       214.8    0.3922   1.00   0.50    -9.8100  lv4(a=5)           3.1s
  [plot] Saved fitness curve → experiments/thesis/archive_based/seed_01/fitness_curve.png
  375       492.7       198.6    0.3918   1.00   0.50    -9.8100  lv4(a=5)           3.3s
  376       398.1       114.9    0.3915   1.00   0.50    -9.8100  lv4(a=5)           2.4s
  377       399.0       119.6    0.3912   1.00   0.50    -9.8100  lv4(a=5)           2.2s
  378       405.7       159.0    0.3910   1.00   0.50    -9.8100  lv4(a=5)           2.2s
  379       385.6       135.4    0.3908   1.00   0.50    -9.8100  lv4(a=5)           2.4s
  [probe] gen=380 score=575.0 net=2.720 fell=0.800 [new best earth]
  380       422.0        81.3    0.3905   1.00   0.50    -9.8100  lv4(a=5)           2.7s
  381       361.4       183.7    0.3904   1.00   0.50    -9.8100  lv4(a=5)           2.4s
  382       414.7       152.9    0.3903   1.00   0.50    -9.8100  lv4(a=5)           2.8s
  383       421.9       148.4    0.3903   1.00   0.50    -9.8100  lv4(a=5)           2.6s
  384       425.1       186.7    0.3904   1.00   0.50    -9.8100  lv4(a=5)           2.6s
  385       419.8       206.7    0.3905   1.00   0.50    -9.8100  lv4(a=5)           2.7s
  386       425.5       205.6    0.3906   1.00   0.50    -9.8100  lv4(a=5)           2.4s
  387       476.6       181.0    0.3908   1.00   0.50    -9.8100  lv4(a=5)           2.5s
  388       484.5       223.7    0.3908   1.00   0.50    -9.8100  lv4(a=5)           2.4s
  389       460.6       195.5    0.3907   1.00   0.50    -9.8100  lv4(a=5)           2.4s
  [probe] gen=390 score=430.3 net=2.002 fell=1.000
  390       417.8       142.8    0.3905   1.00   0.50    -9.8100  lv4(a=5)           2.9s
  391       543.6       202.4    0.3902   1.00   0.50    -9.8100  lv4(a=5)           2.4s
  392       462.6       208.7    0.3899   1.00   0.50    -9.8100  lv4(a=5)           2.2s
  393       454.8       162.2    0.3897   1.00   0.50    -9.8100  lv4(a=5)           2.6s
  394       570.8       167.7    0.3897   1.00   0.50    -9.8100  lv4(a=5)           2.4s
  395       458.6       106.8    0.3897   1.00   0.50    -9.8100  lv4(a=5)           2.5s
  396       505.0       212.5    0.3896   1.00   0.50    -9.8100  lv4(a=5)           2.6s
  397       497.8       237.1    0.3894   1.00   0.50    -9.8100  lv4(a=5)           2.7s
  398       580.3       224.0    0.3893   1.00   0.50    -9.8100  lv4(a=5)           2.7s
  399       451.8       189.8    0.3892   1.00   0.50    -9.8100  lv4(a=5)           2.2s
  [probe] gen=400 score=453.7 net=2.287 fell=1.000
  [plot] Saved fitness curve → experiments/thesis/archive_based/seed_01/fitness_curve.png
  400       562.1       249.6    0.3891   1.00   0.50    -9.8100  lv4(a=5)           3.0s
  401       559.9       171.8    0.3889   1.00   0.50    -9.8100  lv4(a=5)           2.3s
  402       524.1       165.5    0.3887   1.00   0.50    -9.8100  lv4(a=5)           2.5s
  403       574.4       172.3    0.3886   1.00   0.50    -9.8100  lv4(a=5)           2.5s
  404       573.8       247.7    0.3884   1.00   0.50    -9.8100  lv4(a=5)           2.4s
  405       573.5       188.9    0.3881   1.00   0.50    -9.8100  lv4(a=5)           2.5s
  406       531.9       226.2    0.3881   1.00   0.50    -9.8100  lv4(a=5)           2.4s
  407       454.0       228.1    0.3881   1.00   0.50    -9.8100  lv4(a=5)           2.3s
  408       518.7       325.3    0.3880   1.00   0.50    -9.8100  lv4(a=5)           2.3s
  409       587.4       254.5    0.3879   1.00   0.50    -9.8100  lv4(a=5)           2.4s
  [probe] gen=410 score=361.8 net=2.004 fell=1.000
  410       598.8       289.3    0.3878   1.00   0.50    -9.8100  lv4(a=5)           2.2s
  411       713.0       239.7    0.3877   1.00   0.50    -9.8100  lv4(a=5)           2.3s
  412       583.0       291.8    0.3876   1.00   0.50    -9.8100  lv4(a=5)           2.4s
  413       580.2       324.1    0.3875   1.00   0.50    -9.8100  lv4(a=5)           2.4s
  414       500.3       278.0    0.3873   1.00   0.50    -9.8100  lv4(a=5)           2.5s
  415       601.7       306.1    0.3870   1.00   0.50    -9.8100  lv4(a=5)           2.3s
  416       604.1       266.7    0.3867   1.00   0.50    -9.8100  lv4(a=5)           2.4s
  417       574.2       258.2    0.3865   1.00   0.50    -9.8100  lv4(a=5)           2.3s
  418       581.0       216.3    0.3862   1.00   0.50    -9.8100  lv4(a=5)           2.3s
  419       689.4       270.6    0.3859   1.00   0.50    -9.8100  lv4(a=5)           2.3s
  [probe] gen=420 score=582.0 net=2.642 fell=1.000 [new best earth]
  420       599.5       325.7    0.3857   1.00   0.50    -9.8100  lv4(a=5)           2.5s
  421       569.8       213.9    0.3856   1.00   0.50    -9.8100  lv4(a=5)           2.6s
  422       682.9       241.6    0.3853   1.00   0.50    -9.8100  lv4(a=5)           2.4s
  423       658.5       289.7    0.3851   1.00   0.50    -9.8100  lv4(a=5)           2.5s
  424       582.3       283.0    0.3846   1.00   0.50    -9.8100  lv4(a=5)           2.4s
  [plot] Saved fitness curve → experiments/thesis/archive_based/seed_01/fitness_curve.png
  425       527.4       256.3    0.3843   1.00   0.50    -9.8100  lv4(a=5)           2.2s
  426       524.0       164.7    0.3840   1.00   0.50    -9.8100  lv4(a=5)           2.2s
  427       587.2       228.9    0.3837   1.00   0.50    -9.8100  lv4(a=5)           2.4s
  428       614.9       222.3    0.3833   1.00   0.50    -9.8100  lv4(a=5)           2.3s
  429       492.3       246.5    0.3830   1.00   0.50    -9.8100  lv4(a=5)           1.9s
  [probe] gen=430 score=569.5 net=2.732 fell=0.900
  430       657.1       252.6    0.3828   1.00   0.50    -9.8100  lv4(a=5)           2.1s
  431       606.9       215.5    0.3827   1.00   0.50    -9.8100  lv4(a=5)           2.0s
  432       559.3       237.8    0.3825   1.00   0.50    -9.8100  lv4(a=5)           2.1s
  433       605.0       299.0    0.3824   1.00   0.50    -9.8100  lv4(a=5)           2.4s
  434       558.2       231.4    0.3824   1.00   0.50    -9.8100  lv4(a=5)           2.1s
  435       534.4       265.9    0.3824   1.00   0.50    -9.8100  lv4(a=5)           2.7s
  436       611.3       170.2    0.3822   1.00   0.50    -9.8100  lv4(a=5)           2.2s
  437       620.9       185.1    0.3821   1.00   0.50    -9.8100  lv4(a=5)           2.0s
  438       600.4       320.3    0.3820   1.00   0.50    -9.8100  lv4(a=5)           2.8s
  439       638.0       264.7    0.3819   1.00   0.50    -9.8100  lv4(a=5)           2.4s
  [probe] gen=440 score=534.8 net=2.466 fell=0.900
  440       653.0       270.6    0.3819   1.00   0.50    -9.8100  lv4(a=5)           2.4s
  441       667.3       282.3    0.3817   1.00   0.50    -9.8100  lv4(a=5)           2.1s
  442       704.5       246.4    0.3816   1.00   0.50    -9.8100  lv4(a=5)           2.1s
  443       654.4       338.6    0.3813   1.00   0.50    -9.8100  lv4(a=5)           2.6s
  444       703.1       345.6    0.3811   1.00   0.50    -9.8100  lv4(a=5)           2.6s
  445       655.5       305.4    0.3807   1.00   0.50    -9.8100  lv4(a=5)           2.6s
  446       552.0       285.1    0.3802   1.00   0.50    -9.8100  lv4(a=5)           2.5s
  447       674.4       298.2    0.3797   1.00   0.50    -9.8100  lv4(a=5)           2.8s
  448       674.6       279.3    0.3792   1.00   0.50    -9.8100  lv4(a=5)           2.8s
  449       653.3       307.3    0.3785   1.00   0.50    -9.8100  lv4(a=5)           2.3s
  [probe] gen=450 score=474.5 net=2.470 fell=1.000
  [plot] Saved fitness curve → experiments/thesis/archive_based/seed_01/fitness_curve.png
  450       643.4       260.4    0.3776   1.00   0.50    -9.8100  lv4(a=5)           2.0s
  451       776.6       344.0    0.3767   1.00   0.50    -9.8100  lv4(a=5)           2.5s
  452       660.5       309.1    0.3759   1.00   0.50    -9.8100  lv4(a=5)           2.4s
  453       777.1       366.9    0.3750   1.00   0.50    -9.8100  lv4(a=5)           2.7s
  454       646.5       368.1    0.3742   1.00   0.50    -9.8100  lv4(a=5)           2.6s
  455       650.0       352.9    0.3733   1.00   0.50    -9.8100  lv4(a=5)           2.6s
  456       591.7       316.2    0.3725   1.00   0.50    -9.8100  lv4(a=5)           2.3s
  457       642.5       302.4    0.3718   1.00   0.50    -9.8100  lv4(a=5)           2.6s
  458       633.2       325.3    0.3711   1.00   0.50    -9.8100  lv4(a=5)           2.4s
  459       657.8       373.4    0.3703   1.00   0.50    -9.8100  lv4(a=5)           2.6s
  [probe] gen=460 score=601.8 net=2.528 fell=0.800 [new best earth]
  460       598.7       366.7    0.3695   1.00   0.50    -9.8100  lv4(a=5)           2.4s
  461       689.7       282.4    0.3687   1.00   0.50    -9.8100  lv4(a=5)           2.2s
  462       605.2       319.8    0.3680   1.00   0.50    -9.8100  lv4(a=5)           2.1s
  463       673.1       327.9    0.3674   1.00   0.50    -9.8100  lv4(a=5)           2.3s
  464       711.7       376.1    0.3666   1.00   0.50    -9.8100  lv4(a=5)           2.6s
  465       745.9       355.9    0.3660   1.00   0.50    -9.8100  lv4(a=5)           2.3s
  466       713.2       357.3    0.3654   1.00   0.50    -9.8100  lv4(a=5)           2.6s
  467       719.3       392.5    0.3650   1.00   0.50    -9.8100  lv4(a=5)           2.4s
  468       590.9       393.8    0.3647   1.00   0.50    -9.8100  lv4(a=5)           2.4s
  469       701.4       366.4    0.3642   1.00   0.50    -9.8100  lv4(a=5)           2.5s
  [probe] gen=470 score=482.3 net=2.499 fell=1.000
  470       712.4       382.5    0.3637   1.00   0.50    -9.8100  lv4(a=5)           2.5s
  471       642.9       420.2    0.3632   1.00   0.50    -9.8100  lv4(a=5)           2.9s
  472       636.4       344.3    0.3628   1.00   0.50    -9.8100  lv4(a=5)           2.5s
  473       746.2       404.3    0.3623   1.00   0.50    -9.8100  lv4(a=5)           2.6s
  474       678.9       385.0    0.3619   1.00   0.50    -9.8100  lv4(a=5)           2.7s
  [plot] Saved fitness curve → experiments/thesis/archive_based/seed_01/fitness_curve.png
  475       586.6       307.5    0.3615   1.00   0.50    -9.8100  lv4(a=5)           2.3s
  476       761.9       400.5    0.3611   1.00   0.50    -9.8100  lv4(a=5)           2.8s
  477       659.6       392.9    0.3606   1.00   0.50    -9.8100  lv4(a=5)           3.0s
  478       748.7       314.3    0.3601   1.00   0.50    -9.8100  lv4(a=5)           2.6s
  479       681.4       289.7    0.3594   1.00   0.50    -9.8100  lv4(a=5)           2.8s
  [probe] gen=480 score=522.8 net=2.566 fell=1.000
  480       731.6       297.4    0.3587   1.00   0.50    -9.8100  lv4(a=5)           2.5s
  481       732.3       252.8    0.3581   1.00   0.50    -9.8100  lv4(a=5)           2.1s
  482       673.9       305.2    0.3575   1.00   0.50    -9.8100  lv4(a=5)           2.4s
  483       697.9       379.0    0.3568   1.00   0.50    -9.8100  lv4(a=5)           2.7s
  484       649.3       383.7    0.3562   1.00   0.50    -9.8100  lv4(a=5)           2.8s
  485       714.9       356.7    0.3555   1.00   0.50    -9.8100  lv4(a=5)           2.5s
  486       637.1       382.8    0.3550   1.00   0.50    -9.8100  lv4(a=5)           2.6s
  487       747.4       419.3    0.3546   1.00   0.50    -9.8100  lv4(a=5)           2.7s
  488       683.0       383.8    0.3543   1.00   0.50    -9.8100  lv4(a=5)           2.3s
  489       629.3       322.8    0.3539   1.00   0.50    -9.8100  lv4(a=5)           2.5s
  [probe] gen=490 score=630.3 net=2.879 fell=0.500 [new best earth]
  490       634.7       318.0    0.3535   1.00   0.50    -9.8100  lv4(a=5)           2.6s
  491       798.2       337.9    0.3531   1.00   0.50    -9.8100  lv4(a=5)           2.3s
  492       803.5       325.6    0.3527   1.00   0.50    -9.8100  lv4(a=5)           2.8s
  493       694.7       295.9    0.3524   1.00   0.50    -9.8100  lv4(a=5)           2.5s
  494       694.7       290.6    0.3520   1.00   0.50    -9.8100  lv4(a=5)           2.4s
  495       733.6       334.3    0.3517   1.00   0.50    -9.8100  lv4(a=5)           2.9s
  496       649.2       348.6    0.3514   1.00   0.50    -9.8100  lv4(a=5)           2.4s
  497       778.3       350.1    0.3510   1.00   0.50    -9.8100  lv4(a=5)           2.8s
  498       668.6       342.0    0.3505   1.00   0.50    -9.8100  lv4(a=5)           2.7s
  499       763.4       280.8    0.3501   1.00   0.50    -9.8100  lv4(a=5)           2.3s
  [plot] Saved fitness curve → experiments/thesis/archive_based/seed_01/fitness_curve.png

Training complete. Best fitness: 1783.6
Best params → experiments/thesis/archive_based/seed_01/checkpoints/best_params.npy
Fitness curve → experiments/thesis/archive_based/seed_01/fitness_curve.png
Eval params  → best_earth_params (earth probe score: 630.3)
Final Earth scorecard | score=634.8 net=2.952 fell=0.700
Gravity sweep | gravities=5 mean_net=2.188 worst_net=1.447
  [exp] Wrote experiments/thesis/archive_based/seed_01/experiment.json
  [exp] Wrote experiments/thesis/archive_based/seed_01/training_log.csv
  [exp] Wrote experiments/thesis/archive_based/seed_01/earth_probe.csv
  [exp] Wrote experiments/thesis/archive_based/seed_01/gravity_sweep.csv
  [exp] Wrote experiments/thesis/archive_based/seed_01/summary.json
