Walker2d-v5 | policy=CPG  params=504
Curriculum   : StagedEvolution  -1.6 (33%) → -5.0 (33%) → -9.81 (33%)
Run context | seed=5 arm=staged_evolution run_id=staged_evolution_seed_05

Schedule | penalty_min=0.20 penalty_ramp_gen=200 corr_min=0.00 corr_max=0.50 corr_ramp_gen=200

Starting CMA-ES | pop=40 | sigma0=0.5 | max_gen=500 | workers=8 | seed=5
Checkpoints → experiments/thesis/staged_evolution/seed_05/checkpoints/

  Gen        Best        Mean     Sigma    Pen   Corr    Gravity  Phase              Time
------------------------------------------------------------------------------------
  [probe] gen=0 score=-367.2 net=-0.116 fell=1.000 [new best earth]
  [plot] Saved fitness curve → experiments/thesis/staged_evolution/seed_05/fitness_curve.png
    0       -48.1       -74.3    0.4903   0.20   0.00    -1.6000  moon               1.6s
    1       -57.0       -74.4    0.4820   0.20   0.00    -1.6000  moon               0.2s
    2       -47.2       -71.5    0.4745   0.21   0.01    -1.6000  moon               0.2s
    3       -28.2       -66.8    0.4680   0.21   0.01    -1.6000  moon               0.3s
    4        56.8       -65.1    0.4622   0.22   0.01    -1.6000  moon               0.3s
    5       -34.1       -70.3    0.4570   0.22   0.01    -1.6000  moon               0.3s
    6        34.8       -70.3    0.4522   0.22   0.01    -1.6000  moon               0.3s
    7       -34.6       -71.9    0.4477   0.23   0.02    -1.6000  moon               0.3s
    8        13.1       -69.2    0.4434   0.23   0.02    -1.6000  moon               0.3s
    9       -51.9       -68.5    0.4395   0.24   0.02    -1.6000  moon               0.4s
  [probe] gen=10 score=-387.2 net=-0.085 fell=1.000
   10       -40.6       -75.9    0.4357   0.24   0.03    -1.6000  moon               0.3s
   11       -39.6       -75.8    0.4324   0.24   0.03    -1.6000  moon               0.3s
   12       -21.5       -76.1    0.4293   0.25   0.03    -1.6000  moon               0.3s
   13       -16.0       -78.2    0.4264   0.25   0.03    -1.6000  moon               0.3s
   14        -5.4       -73.0    0.4236   0.26   0.04    -1.6000  moon               0.3s
   15        18.6       -71.2    0.4212   0.26   0.04    -1.6000  moon               0.4s
   16       -32.7       -78.7    0.4187   0.26   0.04    -1.6000  moon               0.3s
   17       -10.4       -76.6    0.4164   0.27   0.04    -1.6000  moon               0.3s
   18        34.1       -75.9    0.4142   0.27   0.04    -1.6000  moon               0.3s
   19        -0.7       -70.8    0.4123   0.28   0.05    -1.6000  moon               0.4s
  [probe] gen=20 score=-381.1 net=-0.255 fell=1.000
   20        -2.7       -74.4    0.4105   0.28   0.05    -1.6000  moon               0.4s
   21        -8.5       -83.2    0.4089   0.28   0.05    -1.6000  moon               0.3s
   22        46.4       -75.8    0.4074   0.29   0.06    -1.6000  moon               0.4s
   23         9.3       -70.6    0.4061   0.29   0.06    -1.6000  moon               0.4s
   24        62.4       -59.6    0.4050   0.30   0.06    -1.6000  moon               0.5s
  [plot] Saved fitness curve → experiments/thesis/staged_evolution/seed_05/fitness_curve.png
   25        26.1       -73.5    0.4038   0.30   0.06    -1.6000  moon               0.4s
   26        54.5       -55.7    0.4026   0.30   0.07    -1.6000  moon               0.5s
   27        90.7       -65.1    0.4017   0.31   0.07    -1.6000  moon               0.5s
   28        27.3       -75.5    0.4010   0.31   0.07    -1.6000  moon               0.4s
   29        70.3       -56.6    0.4005   0.32   0.07    -1.6000  moon               0.5s
  [probe] gen=30 score=-220.8 net=0.009 fell=1.000 [new best earth]
   30        47.5       -54.8    0.4003   0.32   0.07    -1.6000  moon               0.5s
   31       164.3       -33.7    0.4003   0.32   0.08    -1.6000  moon               0.5s
   32        33.1       -61.8    0.4004   0.33   0.08    -1.6000  moon               0.5s
   33        28.8       -48.1    0.4007   0.33   0.08    -1.6000  moon               0.6s
   34       102.7       -51.0    0.4011   0.34   0.09    -1.6000  moon               0.5s
   35        52.8       -56.4    0.4014   0.34   0.09    -1.6000  moon               0.5s
   36       100.7       -30.5    0.4016   0.34   0.09    -1.6000  moon               0.6s
   37        69.1       -26.8    0.4020   0.35   0.09    -1.6000  moon               0.6s
   38        82.1       -21.9    0.4023   0.35   0.10    -1.6000  moon               0.6s
   39        56.3       -30.9    0.4026   0.36   0.10    -1.6000  moon               0.6s
  [probe] gen=40 score=-141.6 net=0.462 fell=1.000 [new best earth]
   40       145.7       -35.3    0.4029   0.36   0.10    -1.6000  moon               0.5s
   41        48.3       -33.6    0.4032   0.36   0.10    -1.6000  moon               0.6s
   42       187.4       -12.1    0.4035   0.37   0.10    -1.6000  moon               0.7s
   43       127.1       -53.9    0.4036   0.37   0.11    -1.6000  moon               0.5s
   44       215.9         2.1    0.4037   0.38   0.11    -1.6000  moon               0.8s
   45       181.3        -9.8    0.4039   0.38   0.11    -1.6000  moon               0.8s
   46       249.5        15.7    0.4043   0.38   0.12    -1.6000  moon               0.9s
   47       244.6        12.2    0.4047   0.39   0.12    -1.6000  moon               1.1s
   48       242.8        34.6    0.4052   0.39   0.12    -1.6000  moon               1.4s
   49       338.5       107.4    0.4056   0.40   0.12    -1.6000  moon               1.6s
  [probe] gen=50 score=8.3 net=0.969 fell=1.000 [new best earth]
  [plot] Saved fitness curve → experiments/thesis/staged_evolution/seed_05/fitness_curve.png
   50       286.1        91.9    0.4060   0.40   0.12    -1.6000  moon               1.5s
   51       312.9       112.0    0.4064   0.40   0.13    -1.6000  moon               1.8s
   52       294.6       114.8    0.4069   0.41   0.13    -1.6000  moon               2.0s
   53       298.5        95.5    0.4075   0.41   0.13    -1.6000  moon               2.1s
   54       299.9       121.9    0.4083   0.42   0.14    -1.6000  moon               1.9s
   55       327.4       145.4    0.4090   0.42   0.14    -1.6000  moon               2.2s
   56       336.3        94.6    0.4097   0.42   0.14    -1.6000  moon               2.0s
   57       317.2       145.2    0.4106   0.43   0.14    -1.6000  moon               2.1s
   58       308.6       160.9    0.4114   0.43   0.14    -1.6000  moon               2.2s
   59       312.5       166.2    0.4120   0.44   0.15    -1.6000  moon               2.2s
  [probe] gen=60 score=-113.5 net=0.236 fell=1.000
   60       328.6       118.6    0.4127   0.44   0.15    -1.6000  moon               2.3s
   61       351.8       170.2    0.4134   0.44   0.15    -1.6000  moon               2.4s
   62       338.3       146.5    0.4140   0.45   0.15    -1.6000  moon               2.7s
   63       310.8       128.5    0.4146   0.45   0.16    -1.6000  moon               2.6s
   64       327.0       193.2    0.4151   0.46   0.16    -1.6000  moon               2.7s
   65       344.6       144.4    0.4156   0.46   0.16    -1.6000  moon               2.5s
   66       341.5       126.0    0.4160   0.46   0.17    -1.6000  moon               2.9s
   67       379.6       163.8    0.4165   0.47   0.17    -1.6000  moon               2.5s
   68       347.7       155.4    0.4172   0.47   0.17    -1.6000  moon               2.9s
   69       370.3       159.5    0.4177   0.48   0.17    -1.6000  moon               2.7s
  [probe] gen=70 score=-173.4 net=-0.190 fell=1.000
   70       399.4       215.7    0.4183   0.48   0.17    -1.6000  moon               2.9s
   71       366.8       113.7    0.4189   0.48   0.18    -1.6000  moon               2.5s
   72       338.7       185.6    0.4195   0.49   0.18    -1.6000  moon               2.9s
   73       319.2       133.1    0.4199   0.49   0.18    -1.6000  moon               2.7s
   74       325.5       157.8    0.4204   0.50   0.18    -1.6000  moon               2.6s
  [plot] Saved fitness curve → experiments/thesis/staged_evolution/seed_05/fitness_curve.png
   75       327.3       181.3    0.4209   0.50   0.19    -1.6000  moon               2.8s
   76       335.7       146.6    0.4213   0.50   0.19    -1.6000  moon               2.7s
   77       326.1       161.1    0.4217   0.51   0.19    -1.6000  moon               2.7s
   78       458.1       206.5    0.4220   0.51   0.20    -1.6000  moon               2.8s
   79       353.5       180.6    0.4223   0.52   0.20    -1.6000  moon               2.9s
  [probe] gen=80 score=144.8 net=1.063 fell=1.000 [new best earth]
   80       388.5       137.1    0.4227   0.52   0.20    -1.6000  moon               2.6s
   81       382.7       174.8    0.4230   0.52   0.20    -1.6000  moon               2.5s
   82       462.0       155.6    0.4231   0.53   0.20    -1.6000  moon               2.4s
   83       743.3       241.9    0.4231   0.53   0.21    -1.6000  moon               2.8s
   84       531.3       202.8    0.4232   0.54   0.21    -1.6000  moon               2.7s
   85       634.4       174.4    0.4231   0.54   0.21    -1.6000  moon               2.6s
   86       810.4       212.8    0.4230   0.54   0.21    -1.6000  moon               2.8s
   87       475.5       195.8    0.4230   0.55   0.22    -1.6000  moon               2.7s
   88       460.8       142.4    0.4230   0.55   0.22    -1.6000  moon               2.9s
   89       595.2       163.6    0.4232   0.56   0.22    -1.6000  moon               2.7s
  [probe] gen=90 score=158.2 net=0.895 fell=0.900 [new best earth]
   90       601.9       235.4    0.4233   0.56   0.23    -1.6000  moon               2.9s
   91       556.9       239.4    0.4234   0.56   0.23    -1.6000  moon               2.8s
   92       568.6       168.3    0.4235   0.57   0.23    -1.6000  moon               2.7s
   93       665.6       186.2    0.4238   0.57   0.23    -1.6000  moon               2.6s
   94       670.5       203.9    0.4239   0.58   0.23    -1.6000  moon               2.9s
   95       744.2       249.5    0.4241   0.58   0.24    -1.6000  moon               2.7s
   96       713.7       238.2    0.4241   0.58   0.24    -1.6000  moon               2.7s
   97       731.4       217.4    0.4241   0.59   0.24    -1.6000  moon               2.6s
   98       894.0       305.8    0.4239   0.59   0.24    -1.6000  moon               2.9s
   99       932.3       315.0    0.4237   0.60   0.25    -1.6000  moon               2.8s
  [probe] gen=100 score=214.6 net=1.380 fell=0.800 [new best earth]
  [plot] Saved fitness curve → experiments/thesis/staged_evolution/seed_05/fitness_curve.png
  100      1084.9       264.2    0.4234   0.60   0.25    -1.6000  moon               2.8s
  101       906.7       327.2    0.4233   0.60   0.25    -1.6000  moon               2.4s
  102       809.6       370.0    0.4231   0.61   0.26    -1.6000  moon               2.5s
  103       778.2       285.9    0.4230   0.61   0.26    -1.6000  moon               2.5s
  104      1188.3       379.1    0.4232   0.62   0.26    -1.6000  moon               2.6s
  105      1095.4       392.3    0.4235   0.62   0.26    -1.6000  moon               2.8s
  106       885.9       392.9    0.4238   0.62   0.27    -1.6000  moon               2.8s
  107       991.6       481.4    0.4242   0.63   0.27    -1.6000  moon               2.9s
  108      1108.3       360.8    0.4244   0.63   0.27    -1.6000  moon               2.5s
  109      1120.9       417.5    0.4245   0.64   0.27    -1.6000  moon               2.6s
  [probe] gen=110 score=146.0 net=1.469 fell=1.000
  110       992.2       399.1    0.4246   0.64   0.28    -1.6000  moon               2.4s
  111      1077.0       470.4    0.4247   0.64   0.28    -1.6000  moon               2.7s
  112      1017.0       343.9    0.4249   0.65   0.28    -1.6000  moon               2.4s
  113      1077.1       409.1    0.4251   0.65   0.28    -1.6000  moon               2.6s
  114      1036.1       475.3    0.4253   0.66   0.28    -1.6000  moon               2.6s
  115      1126.8       385.9    0.4253   0.66   0.29    -1.6000  moon               2.5s
  116      1237.8       404.5    0.4255   0.66   0.29    -1.6000  moon               2.5s
  117      1106.2       364.1    0.4256   0.67   0.29    -1.6000  moon               2.4s
  118      1188.3       619.6    0.4258   0.67   0.29    -1.6000  moon               3.0s
  119      1051.7       434.4    0.4262   0.68   0.30    -1.6000  moon               2.7s
  [probe] gen=120 score=111.3 net=1.005 fell=1.000
  120      1128.3       498.8    0.4266   0.68   0.30    -1.6000  moon               2.8s
  121      1115.6       476.2    0.4268   0.68   0.30    -1.6000  moon               2.5s
  122      1070.5       375.9    0.4269   0.69   0.30    -1.6000  moon               2.4s
  123       956.1       354.1    0.4271   0.69   0.31    -1.6000  moon               2.5s
  124       886.7       359.1    0.4273   0.70   0.31    -1.6000  moon               2.5s
  [plot] Saved fitness curve → experiments/thesis/staged_evolution/seed_05/fitness_curve.png
  125      1101.3       509.4    0.4274   0.70   0.31    -1.6000  moon               2.6s
  126      1204.3       437.9    0.4274   0.70   0.32    -1.6000  moon               2.6s
  127      1038.6       317.2    0.4275   0.71   0.32    -1.6000  moon               2.5s
  128      1241.5       469.6    0.4276   0.71   0.32    -1.6000  moon               2.7s
  129      1091.6       406.2    0.4277   0.72   0.32    -1.6000  moon               2.7s
  [probe] gen=130 score=485.1 net=2.218 fell=1.000 [new best earth]
  130      1289.9       440.9    0.4278   0.72   0.33    -1.6000  moon               2.8s
  131      1116.8       411.2    0.4278   0.72   0.33    -1.6000  moon               2.4s
  132      1032.1       282.3    0.4278   0.73   0.33    -1.6000  moon               2.2s
  133      1084.4       489.8    0.4278   0.73   0.33    -1.6000  moon               2.6s
  134      1046.2       435.7    0.4281   0.74   0.34    -1.6000  moon               2.6s
  135      1193.4       484.7    0.4285   0.74   0.34    -1.6000  moon               2.6s
  136      1431.3       403.4    0.4289   0.74   0.34    -1.6000  moon               2.4s
  137      1082.4       425.0    0.4293   0.75   0.34    -1.6000  moon               2.3s
  138      1115.3       384.4    0.4298   0.75   0.34    -1.6000  moon               2.4s
  139      1069.2       403.3    0.4303   0.76   0.35    -1.6000  moon               2.3s
  [probe] gen=140 score=322.3 net=1.964 fell=1.000
  140      1429.2       470.1    0.4309   0.76   0.35    -1.6000  moon               2.7s
  141      1240.8       373.6    0.4315   0.76   0.35    -1.6000  moon               2.3s
  142      1209.3       366.7    0.4321   0.77   0.35    -1.6000  moon               2.2s
  143      1098.6       228.0    0.4327   0.77   0.36    -1.6000  moon               2.2s
  144      1184.4       380.0    0.4334   0.78   0.36    -1.6000  moon               2.3s
  145      1258.7       412.3    0.4339   0.78   0.36    -1.6000  moon               2.3s
  146      1083.7       303.5    0.4344   0.78   0.36    -1.6000  moon               2.1s
  147       961.2       328.7    0.4346   0.79   0.37    -1.6000  moon               2.2s
  148      1188.6       259.4    0.4347   0.79   0.37    -1.6000  moon               2.1s
  149      1112.1       435.7    0.4348   0.80   0.37    -1.6000  moon               2.2s
  [probe] gen=150 score=644.2 net=3.370 fell=1.000 [new best earth]
  [plot] Saved fitness curve → experiments/thesis/staged_evolution/seed_05/fitness_curve.png
  150      1098.2       360.5    0.4347   0.80   0.38    -1.6000  moon               2.3s
  151      1327.0       451.7    0.4348   0.80   0.38    -1.6000  moon               2.3s
  152      1062.2       474.8    0.4347   0.81   0.38    -1.6000  moon               2.4s
  153      1333.7       457.1    0.4347   0.81   0.38    -1.6000  moon               2.4s
  154      1046.2       425.1    0.4347   0.82   0.39    -1.6000  moon               2.3s
  155      1254.2       402.5    0.4347   0.82   0.39    -1.6000  moon               2.3s
  156      1337.0       385.3    0.4348   0.82   0.39    -1.6000  moon               2.3s
  157      1321.5       642.0    0.4350   0.83   0.39    -1.6000  moon               2.5s
  158      1162.6       443.2    0.4352   0.83   0.40    -1.6000  moon               2.4s
  159      1389.3       422.0    0.4354   0.84   0.40    -1.6000  moon               2.3s
  [probe] gen=160 score=308.8 net=2.307 fell=1.000
  160      1283.0       455.8    0.4354   0.84   0.40    -1.6000  moon               2.4s
  161      1323.4       610.3    0.4354   0.84   0.40    -1.6000  moon               2.6s
  162      1360.9       599.5    0.4354   0.85   0.41    -1.6000  moon               2.7s
  163      1212.0       630.2    0.4353   0.85   0.41    -1.6000  moon               2.6s
  164      1355.5       404.1    0.4352   0.86   0.41    -1.6000  moon               2.3s
  165      1097.7       547.2    0.4352   0.86   0.41    -1.6000  moon               2.4s
  166      1059.1       486.4    0.4352   0.86   0.41    -1.6000  moon               2.4s
  [stage] gen=167  gravity -5.00 → -5.00  ES restarted  remaining=332
  167      1228.0       463.9    0.5000   0.87   0.42    -5.0000  mid                2.2s
  168       579.3        85.7    0.4904   0.87   0.42    -5.0000  mid                1.6s
  169       486.2       113.6    0.4821   0.88   0.42    -5.0000  mid                1.8s
  [probe] gen=170 score=395.5 net=2.169 fell=0.800
  170       926.5       127.7    0.4746   0.88   0.42    -5.0000  mid                1.6s
  171       626.3       231.5    0.4678   0.88   0.43    -5.0000  mid                2.0s
  172       664.8       220.0    0.4616   0.89   0.43    -5.0000  mid                2.1s
  173       681.1       252.2    0.4558   0.89   0.43    -5.0000  mid                2.2s
  174       730.8       224.5    0.4504   0.90   0.43    -5.0000  mid                2.0s
  [plot] Saved fitness curve → experiments/thesis/staged_evolution/seed_05/fitness_curve.png
  175       857.5       249.9    0.4454   0.90   0.44    -5.0000  mid                2.0s
  176       845.6       287.0    0.4407   0.90   0.44    -5.0000  mid                2.3s
  177       684.6       239.0    0.4363   0.91   0.44    -5.0000  mid                2.2s
  178      1079.8       234.7    0.4320   0.91   0.45    -5.0000  mid                2.1s
  179       745.3       232.3    0.4281   0.92   0.45    -5.0000  mid                2.0s
  [probe] gen=180 score=379.4 net=1.743 fell=0.500
  180       808.6       253.9    0.4246   0.92   0.45    -5.0000  mid                1.9s
  181       717.4       327.4    0.4212   0.92   0.45    -5.0000  mid                2.1s
  182       893.3       313.5    0.4180   0.93   0.46    -5.0000  mid                2.2s
  183       748.3       307.6    0.4151   0.93   0.46    -5.0000  mid                2.3s
  184       872.5       254.1    0.4124   0.94   0.46    -5.0000  mid                2.2s
  185       727.1       268.7    0.4097   0.94   0.46    -5.0000  mid                2.2s
  186       615.8       311.6    0.4070   0.94   0.47    -5.0000  mid                2.3s
  187       820.5       237.9    0.4045   0.95   0.47    -5.0000  mid                1.9s
  188       858.3       278.0    0.4024   0.95   0.47    -5.0000  mid                2.3s
  189       815.3       319.5    0.4003   0.96   0.47    -5.0000  mid                2.2s
  [probe] gen=190 score=460.1 net=2.685 fell=1.000
  190       872.8       352.2    0.3983   0.96   0.47    -5.0000  mid                2.4s
  191       858.6       363.4    0.3964   0.96   0.48    -5.0000  mid                2.0s
  192       857.5       385.0    0.3945   0.97   0.48    -5.0000  mid                2.3s
  193       929.2       234.9    0.3928   0.97   0.48    -5.0000  mid                2.0s
  194       808.5       317.5    0.3912   0.98   0.48    -5.0000  mid                2.3s
  195       836.1       344.7    0.3897   0.98   0.49    -5.0000  mid                2.3s
  196      1153.9       421.7    0.3884   0.98   0.49    -5.0000  mid                2.7s
  197       985.5       431.7    0.3872   0.99   0.49    -5.0000  mid                2.5s
  198      1147.9       363.6    0.3860   0.99   0.49    -5.0000  mid                2.3s
  199      1116.5       406.2    0.3849   1.00   0.50    -5.0000  mid                2.5s
  [probe] gen=200 score=565.0 net=2.745 fell=0.600
  [plot] Saved fitness curve → experiments/thesis/staged_evolution/seed_05/fitness_curve.png
  200      1019.2       380.9    0.3839   1.00   0.50    -5.0000  mid                2.6s
  201      1024.5       455.1    0.3830   1.00   0.50    -5.0000  mid                2.5s
  202      1224.4       436.1    0.3820   1.00   0.50    -5.0000  mid                2.6s
  203      1043.3       505.4    0.3812   1.00   0.50    -5.0000  mid                2.6s
  204      1002.3       436.5    0.3804   1.00   0.50    -5.0000  mid                2.5s
  205      1156.9       421.5    0.3798   1.00   0.50    -5.0000  mid                2.8s
  206      1118.1       527.4    0.3793   1.00   0.50    -5.0000  mid                2.7s
  207      1099.4       479.5    0.3786   1.00   0.50    -5.0000  mid                2.8s
  208       986.0       529.4    0.3779   1.00   0.50    -5.0000  mid                2.7s
  209      1072.7       494.5    0.3773   1.00   0.50    -5.0000  mid                3.1s
  [probe] gen=210 score=410.2 net=2.510 fell=1.000
  210      1157.6       466.9    0.3767   1.00   0.50    -5.0000  mid                2.7s
  211      1040.9       530.5    0.3762   1.00   0.50    -5.0000  mid                2.9s
  212      1044.7       475.3    0.3756   1.00   0.50    -5.0000  mid                2.7s
  213      1284.3       498.6    0.3751   1.00   0.50    -5.0000  mid                2.9s
  214      1102.8       550.2    0.3744   1.00   0.50    -5.0000  mid                2.9s
  215      1075.6       457.1    0.3738   1.00   0.50    -5.0000  mid                3.0s
  216      1157.1       532.0    0.3730   1.00   0.50    -5.0000  mid                2.7s
  217      1135.0       537.3    0.3722   1.00   0.50    -5.0000  mid                2.7s
  218      1041.5       538.9    0.3716   1.00   0.50    -5.0000  mid                2.9s
  219      1007.5       464.3    0.3710   1.00   0.50    -5.0000  mid                2.4s
  [probe] gen=220 score=368.4 net=2.362 fell=0.900
  220      1059.2       536.3    0.3704   1.00   0.50    -5.0000  mid                2.7s
  221      1128.8       517.6    0.3700   1.00   0.50    -5.0000  mid                2.6s
  222      1133.0       586.8    0.3696   1.00   0.50    -5.0000  mid                2.8s
  223      1151.4       519.7    0.3694   1.00   0.50    -5.0000  mid                2.7s
  224      1198.1       540.5    0.3691   1.00   0.50    -5.0000  mid                2.8s
  [plot] Saved fitness curve → experiments/thesis/staged_evolution/seed_05/fitness_curve.png
  225       977.0       394.9    0.3687   1.00   0.50    -5.0000  mid                2.4s
  226      1193.1       529.0    0.3685   1.00   0.50    -5.0000  mid                2.6s
  227      1159.7       571.6    0.3683   1.00   0.50    -5.0000  mid                2.6s
  228      1376.3       591.1    0.3682   1.00   0.50    -5.0000  mid                2.7s
  229      1108.0       444.1    0.3681   1.00   0.50    -5.0000  mid                2.6s
  [probe] gen=230 score=211.4 net=1.494 fell=0.900
  230      1107.3       437.1    0.3680   1.00   0.50    -5.0000  mid                2.5s
  231      1131.5       392.5    0.3679   1.00   0.50    -5.0000  mid                2.4s
  232      1092.4       428.3    0.3677   1.00   0.50    -5.0000  mid                2.2s
  233      1120.6       469.1    0.3676   1.00   0.50    -5.0000  mid                2.3s
  234      1418.6       521.1    0.3677   1.00   0.50    -5.0000  mid                2.3s
  235      1052.1       468.2    0.3676   1.00   0.50    -5.0000  mid                2.5s
  236       945.8       418.1    0.3675   1.00   0.50    -5.0000  mid                2.6s
  237      1117.0       483.0    0.3671   1.00   0.50    -5.0000  mid                2.6s
  238      1104.4       525.6    0.3667   1.00   0.50    -5.0000  mid                2.6s
  239      1432.1       533.1    0.3663   1.00   0.50    -5.0000  mid                2.8s
  [probe] gen=240 score=384.3 net=2.624 fell=1.000
  240      1178.9       462.1    0.3659   1.00   0.50    -5.0000  mid                2.4s
  241      1471.8       612.7    0.3657   1.00   0.50    -5.0000  mid                2.5s
  242      1228.9       465.2    0.3656   1.00   0.50    -5.0000  mid                2.3s
  243       971.5       412.0    0.3656   1.00   0.50    -5.0000  mid                2.4s
  244      1044.4       372.0    0.3654   1.00   0.50    -5.0000  mid                2.5s
  245      1354.8       523.6    0.3653   1.00   0.50    -5.0000  mid                2.7s
  246      1316.3       492.5    0.3651   1.00   0.50    -5.0000  mid                2.4s
  247      1017.8       497.0    0.3649   1.00   0.50    -5.0000  mid                2.4s
  248      1106.5       514.6    0.3648   1.00   0.50    -5.0000  mid                2.5s
  249      1041.4       491.8    0.3646   1.00   0.50    -5.0000  mid                2.6s
  [probe] gen=250 score=282.4 net=2.032 fell=1.000
  [plot] Saved fitness curve → experiments/thesis/staged_evolution/seed_05/fitness_curve.png
  250      1068.8       486.5    0.3644   1.00   0.50    -5.0000  mid                2.3s
  251       915.3       542.0    0.3641   1.00   0.50    -5.0000  mid                2.5s
  252      1064.8       498.7    0.3640   1.00   0.50    -5.0000  mid                2.6s
  253      1118.3       423.8    0.3638   1.00   0.50    -5.0000  mid                2.5s
  254      1139.8       381.2    0.3636   1.00   0.50    -5.0000  mid                2.1s
  255      1155.5       493.4    0.3634   1.00   0.50    -5.0000  mid                2.4s
  256      1350.0       513.0    0.3632   1.00   0.50    -5.0000  mid                2.6s
  257      1048.5       455.1    0.3631   1.00   0.50    -5.0000  mid                2.4s
  258      1224.0       478.3    0.3630   1.00   0.50    -5.0000  mid                2.4s
  259       907.6       402.7    0.3630   1.00   0.50    -5.0000  mid                2.4s
  [probe] gen=260 score=541.8 net=3.281 fell=1.000
  260      1199.7       566.8    0.3630   1.00   0.50    -5.0000  mid                2.7s
  261      1158.1       517.2    0.3631   1.00   0.50    -5.0000  mid                2.6s
  262      1029.6       483.9    0.3631   1.00   0.50    -5.0000  mid                2.6s
  263      1226.1       565.6    0.3632   1.00   0.50    -5.0000  mid                2.8s
  264      1037.1       553.0    0.3633   1.00   0.50    -5.0000  mid                2.6s
  265       971.9       538.3    0.3634   1.00   0.50    -5.0000  mid                2.9s
  266      1040.3       589.4    0.3636   1.00   0.50    -5.0000  mid                2.8s
  267      1060.2       505.7    0.3637   1.00   0.50    -5.0000  mid                2.7s
  268      1185.4       584.2    0.3638   1.00   0.50    -5.0000  mid                2.6s
  269      1310.7       625.3    0.3639   1.00   0.50    -5.0000  mid                2.8s
  [probe] gen=270 score=674.0 net=3.760 fell=0.900 [new best earth]
  270      1365.5       661.4    0.3640   1.00   0.50    -5.0000  mid                2.9s
  271      1295.6       590.5    0.3640   1.00   0.50    -5.0000  mid                2.7s
  272      1130.6       538.9    0.3640   1.00   0.50    -5.0000  mid                2.5s
  273      1162.0       576.6    0.3640   1.00   0.50    -5.0000  mid                3.0s
  274      1338.4       735.5    0.3639   1.00   0.50    -5.0000  mid                3.1s
  [plot] Saved fitness curve → experiments/thesis/staged_evolution/seed_05/fitness_curve.png
  275      1277.1       564.9    0.3640   1.00   0.50    -5.0000  mid                2.8s
  276      1091.4       596.3    0.3643   1.00   0.50    -5.0000  mid                2.5s
  277      1383.4       655.9    0.3646   1.00   0.50    -5.0000  mid                2.7s
  278      1482.9       716.3    0.3650   1.00   0.50    -5.0000  mid                2.9s
  279      1526.1       654.1    0.3654   1.00   0.50    -5.0000  mid                2.8s
  [probe] gen=280 score=696.4 net=4.154 fell=1.000 [new best earth]
  280      1390.5       718.7    0.3657   1.00   0.50    -5.0000  mid                2.9s
  281      1348.2       668.6    0.3660   1.00   0.50    -5.0000  mid                2.7s
  282      1431.5       621.4    0.3662   1.00   0.50    -5.0000  mid                2.6s
  283      1393.1       648.7    0.3664   1.00   0.50    -5.0000  mid                3.0s
  284      1289.1       692.4    0.3667   1.00   0.50    -5.0000  mid                2.9s
  285      1256.9       632.6    0.3670   1.00   0.50    -5.0000  mid                2.7s
  286      1617.5       536.0    0.3674   1.00   0.50    -5.0000  mid                2.5s
  287      1510.4       525.0    0.3677   1.00   0.50    -5.0000  mid                2.6s
  288      1305.8       670.0    0.3680   1.00   0.50    -5.0000  mid                2.9s
  289      1384.7       694.6    0.3683   1.00   0.50    -5.0000  mid                2.8s
  [probe] gen=290 score=438.9 net=2.460 fell=1.000
  290      1121.4       474.4    0.3685   1.00   0.50    -5.0000  mid                2.5s
  291      1892.1       590.9    0.3686   1.00   0.50    -5.0000  mid                2.7s
  292      1705.0       660.3    0.3686   1.00   0.50    -5.0000  mid                2.8s
  293      1270.5       669.5    0.3687   1.00   0.50    -5.0000  mid                2.7s
  294      1412.1       693.0    0.3688   1.00   0.50    -5.0000  mid                2.9s
  295      1370.6       623.8    0.3690   1.00   0.50    -5.0000  mid                2.9s
  296      1257.4       570.7    0.3694   1.00   0.50    -5.0000  mid                2.7s
  297      1436.0       664.8    0.3696   1.00   0.50    -5.0000  mid                2.9s
  298      1613.4       708.8    0.3697   1.00   0.50    -5.0000  mid                3.0s
  299      1559.8       726.6    0.3697   1.00   0.50    -5.0000  mid                2.6s
  [probe] gen=300 score=287.2 net=2.166 fell=1.000
  [plot] Saved fitness curve → experiments/thesis/staged_evolution/seed_05/fitness_curve.png
  300      1703.0       709.5    0.3696   1.00   0.50    -5.0000  mid                2.4s
  301      1876.5       681.4    0.3695   1.00   0.50    -5.0000  mid                2.5s
  302      1391.2       732.1    0.3694   1.00   0.50    -5.0000  mid                2.8s
  303      1532.1       789.2    0.3694   1.00   0.50    -5.0000  mid                2.8s
  304      1589.4       766.7    0.3693   1.00   0.50    -5.0000  mid                2.6s
  305      1797.2       675.4    0.3693   1.00   0.50    -5.0000  mid                2.4s
  306      1627.9       602.9    0.3692   1.00   0.50    -5.0000  mid                2.3s
  307      1537.5       681.8    0.3691   1.00   0.50    -5.0000  mid                2.4s
  308      1555.3       492.6    0.3690   1.00   0.50    -5.0000  mid                2.1s
  309      1762.3       809.9    0.3691   1.00   0.50    -5.0000  mid                2.9s
  [probe] gen=310 score=312.6 net=2.160 fell=1.000
  310      1738.7       763.3    0.3690   1.00   0.50    -5.0000  mid                2.3s
  311      1628.0       736.0    0.3689   1.00   0.50    -5.0000  mid                2.1s
  312      1753.8       935.0    0.3689   1.00   0.50    -5.0000  mid                2.5s
  313      2029.7       817.0    0.3686   1.00   0.50    -5.0000  mid                2.5s
  314      1864.4       651.6    0.3686   1.00   0.50    -5.0000  mid                2.3s
  315      2049.2       956.0    0.3685   1.00   0.50    -5.0000  mid                2.6s
  316      1919.7       799.6    0.3682   1.00   0.50    -5.0000  mid                2.1s
  317      1852.6       811.5    0.3680   1.00   0.50    -5.0000  mid                2.5s
  318      1554.6       580.4    0.3679   1.00   0.50    -5.0000  mid                2.0s
  319      1845.7       776.5    0.3678   1.00   0.50    -5.0000  mid                2.5s
  [probe] gen=320 score=515.6 net=3.259 fell=1.000
  320      1840.4       837.1    0.3676   1.00   0.50    -5.0000  mid                2.5s
  321      1644.8       696.4    0.3675   1.00   0.50    -5.0000  mid                2.0s
  322      1692.9       683.7    0.3673   1.00   0.50    -5.0000  mid                2.1s
  323      1551.2       676.5    0.3670   1.00   0.50    -5.0000  mid                2.2s
  324      1582.8       693.3    0.3665   1.00   0.50    -5.0000  mid                2.3s
  [plot] Saved fitness curve → experiments/thesis/staged_evolution/seed_05/fitness_curve.png
  325      1671.9       631.2    0.3660   1.00   0.50    -5.0000  mid                2.2s
  326      1634.5       698.5    0.3655   1.00   0.50    -5.0000  mid                2.4s
  327      1783.3       755.2    0.3650   1.00   0.50    -5.0000  mid                2.5s
  328      1687.8       808.1    0.3647   1.00   0.50    -5.0000  mid                2.5s
  329      1901.5       771.1    0.3645   1.00   0.50    -5.0000  mid                2.3s
  [probe] gen=330 score=610.7 net=3.819 fell=1.000
  330      1783.8       755.4    0.3642   1.00   0.50    -5.0000  mid                2.5s
  331      1901.1       767.8    0.3639   1.00   0.50    -5.0000  mid                2.3s
  332      1577.3       703.6    0.3637   1.00   0.50    -5.0000  mid                2.4s
  333      1745.9       691.0    0.3635   1.00   0.50    -5.0000  mid                2.2s
  [stage] gen=334  gravity -9.81 → -9.81  ES restarted  remaining=165
  334      1318.9       475.9    0.5000   1.00   0.50    -9.8100  earth              1.6s
  335       432.7       134.6    0.4903   1.00   0.50    -9.8100  earth              1.0s
  336       884.9       249.5    0.4819   1.00   0.50    -9.8100  earth              1.4s
  337       964.5       248.0    0.4744   1.00   0.50    -9.8100  earth              1.4s
  338      1229.1       294.1    0.4675   1.00   0.50    -9.8100  earth              1.5s
  339      1432.1       373.7    0.4610   1.00   0.50    -9.8100  earth              1.9s
  [probe] gen=340 score=885.9 net=3.951 fell=0.300 [new best earth]
  340      1211.0       374.2    0.4552   1.00   0.50    -9.8100  earth              1.9s
  341      1407.3       371.1    0.4498   1.00   0.50    -9.8100  earth              1.7s
  342      1606.7       396.1    0.4448   1.00   0.50    -9.8100  earth              2.1s
  343      1358.1       453.4    0.4400   1.00   0.50    -9.8100  earth              1.8s
  344      1306.5       413.0    0.4354   1.00   0.50    -9.8100  earth              2.4s
  345      1874.6       540.2    0.4311   1.00   0.50    -9.8100  earth              2.3s
  346      1916.3       629.1    0.4270   1.00   0.50    -9.8100  earth              2.6s
  347      1406.7       414.5    0.4231   1.00   0.50    -9.8100  earth              2.4s
  348      1357.3       396.5    0.4196   1.00   0.50    -9.8100  earth              2.0s
  349      1309.0       453.0    0.4165   1.00   0.50    -9.8100  earth              1.9s
  [probe] gen=350 score=704.3 net=3.556 fell=0.700
  [plot] Saved fitness curve → experiments/thesis/staged_evolution/seed_05/fitness_curve.png
  350      1209.7       434.9    0.4135   1.00   0.50    -9.8100  earth              2.0s
  351      1604.6       542.5    0.4106   1.00   0.50    -9.8100  earth              2.1s
  352      1399.0       505.4    0.4081   1.00   0.50    -9.8100  earth              2.1s
  353      1382.3       432.5    0.4057   1.00   0.50    -9.8100  earth              2.0s
  354      1645.0       531.3    0.4034   1.00   0.50    -9.8100  earth              1.9s
  355      1472.1       536.0    0.4011   1.00   0.50    -9.8100  earth              2.2s
  356      1812.1       691.6    0.3989   1.00   0.50    -9.8100  earth              2.3s
  357      1580.5       587.4    0.3969   1.00   0.50    -9.8100  earth              2.3s
  358      1283.7       501.1    0.3950   1.00   0.50    -9.8100  earth              2.0s
  359      1338.8       654.1    0.3932   1.00   0.50    -9.8100  earth              2.2s
  [probe] gen=360 score=1458.4 net=7.862 fell=0.500 [new best earth]
  360      1589.5       530.3    0.3915   1.00   0.50    -9.8100  earth              2.1s
  361      1472.4       503.0    0.3898   1.00   0.50    -9.8100  earth              1.7s
  362      1708.4       664.7    0.3882   1.00   0.50    -9.8100  earth              2.1s
  363      1615.5       642.1    0.3867   1.00   0.50    -9.8100  earth              2.1s
  364      1686.3       692.5    0.3851   1.00   0.50    -9.8100  earth              2.2s
  365      1334.5       562.6    0.3837   1.00   0.50    -9.8100  earth              2.1s
  366      1827.6       551.6    0.3824   1.00   0.50    -9.8100  earth              2.3s
  367      1722.1       573.3    0.3813   1.00   0.50    -9.8100  earth              2.2s
  368      1717.7       637.6    0.3803   1.00   0.50    -9.8100  earth              2.3s
  369      1509.0       624.3    0.3794   1.00   0.50    -9.8100  earth              2.2s
  [probe] gen=370 score=1450.3 net=7.024 fell=0.300
  370      1665.5       670.6    0.3787   1.00   0.50    -9.8100  earth              2.4s
  371      1646.1       546.3    0.3780   1.00   0.50    -9.8100  earth              2.2s
  372      1663.9       627.7    0.3774   1.00   0.50    -9.8100  earth              2.1s
  373      1725.6       677.5    0.3767   1.00   0.50    -9.8100  earth              2.5s
  374      1471.2       607.6    0.3760   1.00   0.50    -9.8100  earth              2.1s
  [plot] Saved fitness curve → experiments/thesis/staged_evolution/seed_05/fitness_curve.png
  375      1743.0       846.5    0.3752   1.00   0.50    -9.8100  earth              2.6s
  376      2058.9       884.2    0.3745   1.00   0.50    -9.8100  earth              2.9s
  377      1782.4       753.4    0.3737   1.00   0.50    -9.8100  earth              2.4s
  378      1845.7       793.0    0.3728   1.00   0.50    -9.8100  earth              2.5s
  379      1818.5       785.7    0.3719   1.00   0.50    -9.8100  earth              2.5s
  [probe] gen=380 score=1391.4 net=7.100 fell=0.700
  380      1652.0       710.6    0.3711   1.00   0.50    -9.8100  earth              2.6s
  381      1667.6       731.3    0.3704   1.00   0.50    -9.8100  earth              2.4s
  382      1863.0       679.2    0.3697   1.00   0.50    -9.8100  earth              2.2s
  383      1865.0       845.3    0.3692   1.00   0.50    -9.8100  earth              2.4s
  384      1955.1       970.1    0.3686   1.00   0.50    -9.8100  earth              2.7s
  385      1649.4       817.0    0.3678   1.00   0.50    -9.8100  earth              2.5s
  386      2020.2       886.6    0.3672   1.00   0.50    -9.8100  earth              2.5s
  387      1942.8       938.6    0.3667   1.00   0.50    -9.8100  earth              2.4s
  388      1831.9       842.6    0.3661   1.00   0.50    -9.8100  earth              2.3s
  389      1944.2       966.3    0.3657   1.00   0.50    -9.8100  earth              2.6s
  [probe] gen=390 score=1707.7 net=8.800 fell=0.200 [new best earth]
  390      1974.1       844.7    0.3653   1.00   0.50    -9.8100  earth              2.3s
  391      2033.8       863.9    0.3650   1.00   0.50    -9.8100  earth              2.2s
  392      1792.1       983.7    0.3646   1.00   0.50    -9.8100  earth              2.6s
  393      1809.1       839.9    0.3642   1.00   0.50    -9.8100  earth              2.4s
  394      1708.8      1032.9    0.3639   1.00   0.50    -9.8100  earth              3.0s
  395      1818.4       905.5    0.3635   1.00   0.50    -9.8100  earth              2.7s
  396      1921.4       915.0    0.3633   1.00   0.50    -9.8100  earth              2.5s
  397      1868.5       828.7    0.3630   1.00   0.50    -9.8100  earth              2.3s
  398      1952.0      1021.0    0.3628   1.00   0.50    -9.8100  earth              2.9s
  399      1991.7       877.8    0.3626   1.00   0.50    -9.8100  earth              2.4s
  [probe] gen=400 score=1241.5 net=7.010 fell=0.900
  [plot] Saved fitness curve → experiments/thesis/staged_evolution/seed_05/fitness_curve.png
  400      1897.8       864.2    0.3625   1.00   0.50    -9.8100  earth              2.3s
  401      1897.6       861.4    0.3624   1.00   0.50    -9.8100  earth              2.3s
  402      1823.0       907.9    0.3623   1.00   0.50    -9.8100  earth              2.4s
  403      2088.5       853.8    0.3622   1.00   0.50    -9.8100  earth              2.3s
  404      1766.6       868.4    0.3622   1.00   0.50    -9.8100  earth              2.4s
  405      1720.0       910.2    0.3622   1.00   0.50    -9.8100  earth              2.6s
  406      1848.0       878.3    0.3622   1.00   0.50    -9.8100  earth              2.4s
  407      1717.5       878.0    0.3623   1.00   0.50    -9.8100  earth              2.6s
  408      1856.4       937.7    0.3624   1.00   0.50    -9.8100  earth              2.6s
  409      1662.9       962.4    0.3624   1.00   0.50    -9.8100  earth              2.8s
  [probe] gen=410 score=1852.4 net=9.324 fell=0.100 [new best earth]
  410      1896.1      1034.9    0.3623   1.00   0.50    -9.8100  earth              2.8s
  411      1981.1       944.5    0.3622   1.00   0.50    -9.8100  earth              2.5s
  412      1929.5      1052.1    0.3622   1.00   0.50    -9.8100  earth              2.8s
  413      1820.5       912.1    0.3623   1.00   0.50    -9.8100  earth              3.0s
  414      1836.7       948.2    0.3624   1.00   0.50    -9.8100  earth              2.7s
  415      1788.3       780.9    0.3625   1.00   0.50    -9.8100  earth              2.5s
  416      1970.7       770.8    0.3625   1.00   0.50    -9.8100  earth              2.4s
  417      1802.5       805.4    0.3625   1.00   0.50    -9.8100  earth              2.4s
  418      1906.7       949.5    0.3625   1.00   0.50    -9.8100  earth              3.0s
  419      1959.7      1049.1    0.3625   1.00   0.50    -9.8100  earth              2.8s
  [probe] gen=420 score=1456.0 net=8.237 fell=0.700
  420      1920.7      1010.6    0.3624   1.00   0.50    -9.8100  earth              2.6s
  421      1705.2       886.4    0.3624   1.00   0.50    -9.8100  earth              2.6s
  422      1907.9       862.6    0.3623   1.00   0.50    -9.8100  earth              2.5s
  423      1975.4       993.9    0.3623   1.00   0.50    -9.8100  earth              2.7s
  424      1996.5       855.5    0.3625   1.00   0.50    -9.8100  earth              2.4s
  [plot] Saved fitness curve → experiments/thesis/staged_evolution/seed_05/fitness_curve.png
  425      1828.8      1018.0    0.3625   1.00   0.50    -9.8100  earth              2.9s
  426      2068.5       917.4    0.3626   1.00   0.50    -9.8100  earth              2.7s
  427      2050.1       794.1    0.3628   1.00   0.50    -9.8100  earth              2.2s
  428      1955.5       994.1    0.3630   1.00   0.50    -9.8100  earth              2.8s
  429      1810.8       791.0    0.3631   1.00   0.50    -9.8100  earth              2.5s
  [probe] gen=430 score=1364.2 net=6.824 fell=0.200
  430      1769.4       934.1    0.3634   1.00   0.50    -9.8100  earth              2.8s
  431      1829.5       839.8    0.3636   1.00   0.50    -9.8100  earth              2.6s
  432      1703.4       758.6    0.3637   1.00   0.50    -9.8100  earth              2.4s
  433      2033.3       968.6    0.3638   1.00   0.50    -9.8100  earth              2.9s
  434      1755.5       797.8    0.3639   1.00   0.50    -9.8100  earth              2.4s
  435      1839.6       911.6    0.3640   1.00   0.50    -9.8100  earth              2.8s
  436      1858.1       917.3    0.3640   1.00   0.50    -9.8100  earth              2.4s
  437      2043.2       852.6    0.3642   1.00   0.50    -9.8100  earth              2.5s
  438      1926.4       945.4    0.3644   1.00   0.50    -9.8100  earth              2.4s
  439      1910.4       852.7    0.3645   1.00   0.50    -9.8100  earth              2.6s
  [probe] gen=440 score=1546.8 net=7.490 fell=0.100
  440      1704.9       778.8    0.3644   1.00   0.50    -9.8100  earth              2.3s
  441      1832.3       808.7    0.3645   1.00   0.50    -9.8100  earth              2.3s
  442      1792.2       849.4    0.3647   1.00   0.50    -9.8100  earth              2.7s
  443      1900.4       961.6    0.3648   1.00   0.50    -9.8100  earth              2.8s
  444      1804.9       939.5    0.3648   1.00   0.50    -9.8100  earth              2.6s
  445      1667.6       848.3    0.3649   1.00   0.50    -9.8100  earth              2.7s
  446      1665.7       766.7    0.3648   1.00   0.50    -9.8100  earth              2.2s
  447      1928.0       774.7    0.3649   1.00   0.50    -9.8100  earth              2.3s
  448      1942.6       961.6    0.3650   1.00   0.50    -9.8100  earth              2.7s
  449      1935.9       835.7    0.3650   1.00   0.50    -9.8100  earth              2.3s
  [probe] gen=450 score=1739.6 net=8.753 fell=0.200
  [plot] Saved fitness curve → experiments/thesis/staged_evolution/seed_05/fitness_curve.png
  450      1806.6       854.9    0.3648   1.00   0.50    -9.8100  earth              2.6s
  451      1769.7       918.9    0.3647   1.00   0.50    -9.8100  earth              2.6s
  452      1740.7       957.0    0.3648   1.00   0.50    -9.8100  earth              2.6s
  453      1779.9       922.3    0.3649   1.00   0.50    -9.8100  earth              2.8s
  454      1732.6       991.5    0.3652   1.00   0.50    -9.8100  earth              3.2s
  455      1780.4       873.9    0.3654   1.00   0.50    -9.8100  earth              2.7s
  456      1963.2       965.9    0.3653   1.00   0.50    -9.8100  earth              3.0s
  457      1715.2       711.4    0.3652   1.00   0.50    -9.8100  earth              2.2s
  458      1806.7       997.7    0.3652   1.00   0.50    -9.8100  earth              3.0s
  459      1950.1       917.9    0.3653   1.00   0.50    -9.8100  earth              3.0s
  [probe] gen=460 score=1422.1 net=7.105 fell=0.500
  460      1638.5       939.3    0.3653   1.00   0.50    -9.8100  earth              2.9s
  461      1866.1       989.2    0.3652   1.00   0.50    -9.8100  earth              2.6s
  462      1666.3       862.7    0.3652   1.00   0.50    -9.8100  earth              2.3s
  463      1711.0       870.2    0.3652   1.00   0.50    -9.8100  earth              2.6s
  464      1777.2       920.5    0.3651   1.00   0.50    -9.8100  earth              2.9s
  465      1805.5       957.4    0.3649   1.00   0.50    -9.8100  earth              2.8s
  466      1778.2       998.0    0.3646   1.00   0.50    -9.8100  earth              3.0s
  467      1779.1       950.1    0.3643   1.00   0.50    -9.8100  earth              2.7s
  468      1770.0       898.7    0.3640   1.00   0.50    -9.8100  earth              2.7s
  469      1939.8      1088.1    0.3638   1.00   0.50    -9.8100  earth              3.0s
  [probe] gen=470 score=1857.7 net=9.540 fell=0.200 [new best earth]
  470      1931.4       995.3    0.3635   1.00   0.50    -9.8100  earth              2.7s
  471      1911.5       969.0    0.3632   1.00   0.50    -9.8100  earth              2.5s
  472      1938.8       914.6    0.3631   1.00   0.50    -9.8100  earth              2.7s
  473      1824.7       893.8    0.3630   1.00   0.50    -9.8100  earth              2.7s
  474      1727.5       971.5    0.3629   1.00   0.50    -9.8100  earth              2.6s
  [plot] Saved fitness curve → experiments/thesis/staged_evolution/seed_05/fitness_curve.png
  475      1781.8       920.0    0.3627   1.00   0.50    -9.8100  earth              2.7s
  476      1745.7       993.7    0.3623   1.00   0.50    -9.8100  earth              2.9s
  477      1955.0       897.1    0.3618   1.00   0.50    -9.8100  earth              2.8s
  478      1877.6      1019.8    0.3615   1.00   0.50    -9.8100  earth              2.8s
  479      2032.7       984.3    0.3613   1.00   0.50    -9.8100  earth              2.9s
  [probe] gen=480 score=1320.9 net=6.736 fell=0.300
  480      1773.6       885.0    0.3609   1.00   0.50    -9.8100  earth              2.6s
  481      1789.5      1037.7    0.3606   1.00   0.50    -9.8100  earth              2.7s
  482      1927.0       944.7    0.3602   1.00   0.50    -9.8100  earth              2.7s
  483      1735.1       956.0    0.3597   1.00   0.50    -9.8100  earth              2.8s
  484      2006.8       936.2    0.3593   1.00   0.50    -9.8100  earth              2.9s
  485      1841.9       946.5    0.3588   1.00   0.50    -9.8100  earth              2.8s
  486      1909.7       929.7    0.3585   1.00   0.50    -9.8100  earth              2.7s
  487      1777.7      1011.9    0.3580   1.00   0.50    -9.8100  earth              2.6s
  488      1973.3       937.7    0.3575   1.00   0.50    -9.8100  earth              3.0s
  489      1916.7      1152.7    0.3572   1.00   0.50    -9.8100  earth              3.1s
  [probe] gen=490 score=1922.1 net=9.704 fell=0.000 [new best earth]
  490      1888.5       918.0    0.3570   1.00   0.50    -9.8100  earth              2.4s
  491      1896.7      1075.9    0.3566   1.00   0.50    -9.8100  earth              2.8s
  492      2057.0      1013.0    0.3562   1.00   0.50    -9.8100  earth              2.6s
  493      2110.5       872.7    0.3558   1.00   0.50    -9.8100  earth              2.5s
  494      1897.3       890.6    0.3555   1.00   0.50    -9.8100  earth              2.7s
  495      1933.7      1088.2    0.3551   1.00   0.50    -9.8100  earth              2.9s
  496      2085.4       944.4    0.3547   1.00   0.50    -9.8100  earth              2.5s
  497      1989.7       923.7    0.3543   1.00   0.50    -9.8100  earth              2.6s
  498      1833.2       867.6    0.3538   1.00   0.50    -9.8100  earth              2.5s
  499      2026.4       903.4    0.3532   1.00   0.50    -9.8100  earth              2.8s
  [plot] Saved fitness curve → experiments/thesis/staged_evolution/seed_05/fitness_curve.png

Training complete. Best fitness: 2110.5
Best params → experiments/thesis/staged_evolution/seed_05/checkpoints/best_params.npy
Fitness curve → experiments/thesis/staged_evolution/seed_05/fitness_curve.png
Eval params  → best_earth_params (earth probe score: 1922.1)
Final Earth scorecard | score=1859.5 net=9.369 fell=0.050
Gravity sweep | gravities=5 mean_net=7.619 worst_net=4.225
  [exp] Wrote experiments/thesis/staged_evolution/seed_05/experiment.json
  [exp] Wrote experiments/thesis/staged_evolution/seed_05/training_log.csv
  [exp] Wrote experiments/thesis/staged_evolution/seed_05/earth_probe.csv
  [exp] Wrote experiments/thesis/staged_evolution/seed_05/gravity_sweep.csv
  [exp] Wrote experiments/thesis/staged_evolution/seed_05/summary.json
