Walker2d-v5 | policy=CPG  params=504
Curriculum   : GradualTransition  gravity -1.6 → -9.81  warmup=20%
Run context | seed=9 arm=gradual_transition run_id=gradual_transition_seed_09

Schedule | penalty_min=0.20 penalty_ramp_gen=200 corr_min=0.00 corr_max=0.50 corr_ramp_gen=200

Starting CMA-ES | pop=40 | sigma0=0.5 | max_gen=500 | workers=8 | seed=9
Checkpoints → experiments/thesis/gradual_transition/seed_09/checkpoints/

  Gen        Best        Mean     Sigma    Pen   Corr    Gravity  Phase              Time
------------------------------------------------------------------------------------
  [probe] gen=0 score=-379.9 net=-0.232 fell=1.000 [new best earth]
  [plot] Saved fitness curve → experiments/thesis/gradual_transition/seed_09/fitness_curve.png
    0       -15.3       -72.9    0.4902   0.20   0.00    -1.6000  warmup             1.5s
    1       -50.0       -76.5    0.4820   0.20   0.00    -1.6000  warmup             0.1s
    2       -60.3       -73.6    0.4747   0.21   0.01    -1.6000  warmup             0.2s
    3       -58.4       -73.5    0.4683   0.21   0.01    -1.6000  warmup             0.2s
    4       -25.9       -73.8    0.4625   0.22   0.01    -1.6000  warmup             0.3s
    5       -33.9       -72.8    0.4572   0.22   0.01    -1.6000  warmup             0.2s
    6       -64.2       -74.8    0.4523   0.22   0.01    -1.6000  warmup             0.3s
    7       -55.0       -72.6    0.4476   0.23   0.02    -1.6000  warmup             0.2s
    8       -59.0       -70.8    0.4431   0.23   0.02    -1.6000  warmup             0.3s
    9       -47.2       -71.8    0.4388   0.24   0.02    -1.6000  warmup             0.3s
  [probe] gen=10 score=-365.2 net=-0.145 fell=1.000 [new best earth]
   10       -55.7       -71.9    0.4347   0.24   0.03    -1.6000  warmup             0.3s
   11       -37.4       -67.8    0.4310   0.24   0.03    -1.6000  warmup             0.3s
   12       -32.2       -67.6    0.4277   0.25   0.03    -1.6000  warmup             0.4s
   13       -24.2       -69.0    0.4247   0.25   0.03    -1.6000  warmup             0.4s
   14       -32.3       -63.8    0.4221   0.26   0.04    -1.6000  warmup             0.4s
   15         8.4       -66.7    0.4197   0.26   0.04    -1.6000  warmup             0.4s
   16        23.0       -69.9    0.4175   0.26   0.04    -1.6000  warmup             0.4s
   17        52.6       -68.1    0.4154   0.27   0.04    -1.6000  warmup             0.4s
   18        18.4       -64.4    0.4135   0.27   0.04    -1.6000  warmup             0.5s
   19       111.7       -61.5    0.4117   0.28   0.05    -1.6000  warmup             0.5s
  [probe] gen=20 score=-352.3 net=-0.463 fell=1.000 [new best earth]
   20        63.1       -64.7    0.4100   0.28   0.05    -1.6000  warmup             0.5s
   21       342.6       -45.0    0.4084   0.28   0.05    -1.6000  warmup             0.6s
   22       192.2       -47.8    0.4070   0.29   0.06    -1.6000  warmup             0.6s
   23       130.3       -50.4    0.4056   0.29   0.06    -1.6000  warmup             0.7s
   24       138.5       -29.4    0.4043   0.30   0.06    -1.6000  warmup             0.7s
  [plot] Saved fitness curve → experiments/thesis/gradual_transition/seed_09/fitness_curve.png
   25        79.1       -43.7    0.4031   0.30   0.06    -1.6000  warmup             0.6s
   26       287.2       -12.1    0.4020   0.30   0.07    -1.6000  warmup             0.7s
   27       197.0       -33.5    0.4010   0.31   0.07    -1.6000  warmup             0.7s
   28       152.8       -21.2    0.4000   0.31   0.07    -1.6000  warmup             0.8s
   29       193.5       -11.8    0.3991   0.32   0.07    -1.6000  warmup             0.8s
  [probe] gen=30 score=-358.5 net=-0.277 fell=1.000
   30       113.9       -30.6    0.3980   0.32   0.07    -1.6000  warmup             0.7s
   31        90.1       -28.1    0.3970   0.32   0.08    -1.6000  warmup             0.6s
   32        74.8       -48.7    0.3960   0.33   0.08    -1.6000  warmup             0.6s
   33        88.7       -32.1    0.3950   0.33   0.08    -1.6000  warmup             0.7s
   34        80.7       -45.3    0.3938   0.34   0.09    -1.6000  warmup             0.6s
   35       144.0       -52.3    0.3927   0.34   0.09    -1.6000  warmup             0.5s
   36        68.4       -36.2    0.3916   0.34   0.09    -1.6000  warmup             0.6s
   37        80.9       -41.5    0.3905   0.35   0.09    -1.6000  warmup             0.6s
   38        70.9       -39.7    0.3896   0.35   0.10    -1.6000  warmup             0.6s
   39       116.8       -47.4    0.3888   0.36   0.10    -1.6000  warmup             0.6s
  [probe] gen=40 score=-431.7 net=-0.717 fell=1.000
   40       128.9       -59.0    0.3881   0.36   0.10    -1.6000  warmup             0.5s
   41       199.3       -37.7    0.3876   0.36   0.10    -1.6000  warmup             0.7s
   42        78.9       -59.0    0.3873   0.37   0.10    -1.6000  warmup             0.6s
   43       129.8       -18.5    0.3870   0.37   0.11    -1.6000  warmup             0.8s
   44       201.2       -38.0    0.3868   0.38   0.11    -1.6000  warmup             0.6s
   45       151.4        -8.4    0.3868   0.38   0.11    -1.6000  warmup             0.8s
   46       131.7         7.4    0.3867   0.38   0.12    -1.6000  warmup             0.8s
   47       131.0       -10.0    0.3866   0.39   0.12    -1.6000  warmup             0.8s
   48       106.0       -39.6    0.3866   0.39   0.12    -1.6000  warmup             0.8s
   49       182.9       -19.9    0.3865   0.40   0.12    -1.6000  warmup             0.9s
  [probe] gen=50 score=-477.3 net=-0.841 fell=1.000
  [plot] Saved fitness curve → experiments/thesis/gradual_transition/seed_09/fitness_curve.png
   50       143.2       -18.8    0.3865   0.40   0.12    -1.6000  warmup             0.8s
   51       266.4       -29.7    0.3865   0.40   0.13    -1.6000  warmup             0.8s
   52       146.2        -9.1    0.3866   0.41   0.13    -1.6000  warmup             0.9s
   53       199.8        -1.3    0.3867   0.41   0.13    -1.6000  warmup             0.8s
   54       221.6        -8.1    0.3869   0.42   0.14    -1.6000  warmup             0.9s
   55       175.9       -34.7    0.3869   0.42   0.14    -1.6000  warmup             0.9s
   56       288.5         7.7    0.3869   0.42   0.14    -1.6000  warmup             0.9s
   57       187.9         5.1    0.3869   0.43   0.14    -1.6000  warmup             1.2s
   58       283.4        -9.5    0.3869   0.43   0.14    -1.6000  warmup             1.1s
   59       217.0       -18.9    0.3867   0.44   0.15    -1.6000  warmup             1.1s
  [probe] gen=60 score=-274.0 net=-0.082 fell=1.000 [new best earth]
   60       276.2       -12.5    0.3865   0.44   0.15    -1.6000  warmup             1.4s
   61       281.1        -8.2    0.3862   0.44   0.15    -1.6000  warmup             1.0s
   62       234.3        -5.6    0.3860   0.45   0.15    -1.6000  warmup             1.0s
   63       233.0        28.5    0.3858   0.45   0.16    -1.6000  warmup             1.4s
   64       221.5        38.3    0.3857   0.46   0.16    -1.6000  warmup             1.4s
   65       312.5        73.3    0.3856   0.46   0.16    -1.6000  warmup             1.5s
   66       622.5        52.9    0.3855   0.46   0.17    -1.6000  warmup             1.5s
   67       371.1        80.3    0.3856   0.47   0.17    -1.6000  warmup             1.6s
   68       324.0        72.8    0.3857   0.47   0.17    -1.6000  warmup             1.3s
   69       329.0        37.5    0.3859   0.48   0.17    -1.6000  warmup             1.7s
  [probe] gen=70 score=-27.1 net=0.630 fell=1.000 [new best earth]
   70       404.6       152.9    0.3861   0.48   0.17    -1.6000  warmup             1.8s
   71       497.2        90.6    0.3864   0.48   0.18    -1.6000  warmup             1.8s
   72       653.7       141.2    0.3866   0.49   0.18    -1.6000  warmup             2.0s
   73       435.3       107.9    0.3870   0.49   0.18    -1.6000  warmup             1.8s
   74       429.4       104.9    0.3873   0.50   0.18    -1.6000  warmup             1.8s
  [plot] Saved fitness curve → experiments/thesis/gradual_transition/seed_09/fitness_curve.png
   75       387.5       186.0    0.3876   0.50   0.19    -1.6000  warmup             1.9s
   76       452.9        86.2    0.3880   0.50   0.19    -1.6000  warmup             1.7s
   77       358.1       107.9    0.3884   0.51   0.19    -1.6000  warmup             2.0s
   78       411.6       187.3    0.3887   0.51   0.20    -1.6000  warmup             2.1s
   79       579.1       171.3    0.3891   0.52   0.20    -1.6000  warmup             2.3s
  [probe] gen=80 score=-32.5 net=0.805 fell=1.000
   80       470.0       199.2    0.3895   0.52   0.20    -1.6000  warmup             2.2s
   81       483.4       212.3    0.3898   0.52   0.20    -1.6000  warmup             2.2s
   82       423.1       172.1    0.3902   0.53   0.20    -1.6000  warmup             2.0s
   83       516.2       219.6    0.3906   0.53   0.21    -1.6000  warmup             2.5s
   84       700.9       192.4    0.3910   0.54   0.21    -1.6000  warmup             2.1s
   85       602.2       209.3    0.3913   0.54   0.21    -1.6000  warmup             2.1s
   86       501.7       222.8    0.3918   0.54   0.21    -1.6000  warmup             2.2s
   87       846.9       188.6    0.3923   0.55   0.22    -1.6000  warmup             2.0s
   88       517.8       246.4    0.3928   0.55   0.22    -1.6000  warmup             2.2s
   89       482.5       208.5    0.3932   0.56   0.22    -1.6000  warmup             1.9s
  [probe] gen=90 score=148.9 net=1.408 fell=1.000 [new best earth]
   90       722.3       231.7    0.3935   0.56   0.23    -1.6000  warmup             2.3s
   91       976.4       276.3    0.3939   0.56   0.23    -1.6000  warmup             2.2s
   92       533.7       246.9    0.3942   0.57   0.23    -1.6000  warmup             2.1s
   93       689.2       260.8    0.3947   0.57   0.23    -1.6000  warmup             2.2s
   94       876.4       308.4    0.3951   0.58   0.23    -1.6000  warmup             2.2s
   95       801.4       322.9    0.3957   0.58   0.24    -1.6000  warmup             2.2s
   96       844.7       332.1    0.3963   0.58   0.24    -1.6000  warmup             2.3s
   97       656.7       212.8    0.3969   0.59   0.24    -1.6000  warmup             2.1s
   98       741.8       313.6    0.3973   0.59   0.24    -1.6000  warmup             2.2s
   99       757.8       246.9    0.3976   0.60   0.25    -1.6000  warmup             2.1s
  [probe] gen=100 score=161.3 net=1.421 fell=1.000 [new best earth]
  [plot] Saved fitness curve → experiments/thesis/gradual_transition/seed_09/fitness_curve.png
  100       725.4       239.3    0.3978   0.60   0.25    -1.6000  warmup             2.2s
  101       904.0       223.1    0.3980   0.60   0.25    -1.6205  ramp 0%            2.1s
  102      1028.6       100.5    0.3984   0.61   0.26    -1.6411  ramp 0%            1.8s
  103       755.3       181.1    0.3986   0.61   0.26    -1.6616  ramp 0%            1.9s
  104      1080.3       281.9    0.3990   0.62   0.26    -1.6821  ramp 1%            2.2s
  105       847.5       295.3    0.3992   0.62   0.26    -1.7026  ramp 1%            2.0s
  106      1238.4       300.0    0.3995   0.62   0.27    -1.7232  ramp 1%            1.9s
  107       812.6       262.0    0.3998   0.63   0.27    -1.7437  ramp 1%            2.1s
  108       710.6       245.9    0.4003   0.63   0.27    -1.7642  ramp 2%            2.0s
  109       725.4       232.1    0.4009   0.64   0.27    -1.7847  ramp 2%            1.9s
  [probe] gen=110 score=108.4 net=1.330 fell=1.000
  110       826.9       237.3    0.4016   0.64   0.28    -1.8053  ramp 2%            2.1s
  111       952.8       345.2    0.4024   0.64   0.28    -1.8258  ramp 2%            2.1s
  112       826.9       302.4    0.4032   0.65   0.28    -1.8463  ramp 3%            2.0s
  113       716.2       195.8    0.4040   0.65   0.28    -1.8668  ramp 3%            1.8s
  114       707.6       320.1    0.4048   0.66   0.28    -1.8874  ramp 3%            2.0s
  115       667.6       248.5    0.4055   0.66   0.29    -1.9079  ramp 3%            2.0s
  116       820.0       209.2    0.4062   0.66   0.29    -1.9284  ramp 4%            1.9s
  117       880.5       314.0    0.4069   0.67   0.29    -1.9489  ramp 4%            2.1s
  118       770.7       278.9    0.4077   0.67   0.29    -1.9695  ramp 4%            2.0s
  119       796.5       332.5    0.4084   0.68   0.30    -1.9900  ramp 4%            2.2s
  [probe] gen=120 score=215.2 net=1.789 fell=1.000 [new best earth]
  120       618.4       225.0    0.4092   0.68   0.30    -2.0105  ramp 5%            1.8s
  121       911.9       245.3    0.4099   0.68   0.30    -2.0310  ramp 5%            1.8s
  122       952.1       315.4    0.4105   0.69   0.30    -2.0516  ramp 5%            2.1s
  123      1009.9       291.9    0.4112   0.69   0.31    -2.0721  ramp 5%            2.1s
  124       690.6       240.5    0.4117   0.70   0.31    -2.0926  ramp 6%            1.8s
  [plot] Saved fitness curve → experiments/thesis/gradual_transition/seed_09/fitness_curve.png
  125      1118.8       222.5    0.4122   0.70   0.31    -2.1131  ramp 6%            1.9s
  126      1003.0       237.1    0.4128   0.70   0.32    -2.1337  ramp 6%            2.0s
  127       609.9       209.7    0.4134   0.71   0.32    -2.1542  ramp 6%            2.1s
  128       841.0       173.9    0.4139   0.71   0.32    -2.1747  ramp 7%            1.9s
  129       754.9       274.9    0.4144   0.72   0.32    -2.1952  ramp 7%            2.2s
  [probe] gen=130 score=253.1 net=1.748 fell=1.000 [new best earth]
  130       720.1       228.5    0.4149   0.72   0.33    -2.2157  ramp 7%            1.8s
  131       912.6       275.5    0.4152   0.72   0.33    -2.2363  ramp 7%            1.9s
  132       847.9       277.1    0.4156   0.73   0.33    -2.2568  ramp 8%            1.8s
  133      1116.2       174.8    0.4159   0.73   0.33    -2.2773  ramp 8%            1.7s
  134       876.4       261.8    0.4162   0.74   0.34    -2.2979  ramp 8%            2.0s
  135      1098.4       327.4    0.4164   0.74   0.34    -2.3184  ramp 8%            2.1s
  136       850.6       221.7    0.4166   0.74   0.34    -2.3389  ramp 9%            2.1s
  137       819.9       262.3    0.4168   0.75   0.34    -2.3594  ramp 9%            1.9s
  138       857.5       354.7    0.4169   0.75   0.34    -2.3800  ramp 9%            2.1s
  139      1048.1       293.7    0.4172   0.76   0.35    -2.4005  ramp 9%            2.1s
  [probe] gen=140 score=403.3 net=2.540 fell=1.000 [new best earth]
  140      1168.2       438.6    0.4174   0.76   0.35    -2.4210  ramp 10%           2.3s
  141      1231.9       363.0    0.4176   0.76   0.35    -2.4415  ramp 10%           2.0s
  142      1014.8       410.5    0.4179   0.77   0.35    -2.4621  ramp 10%           2.1s
  143      1296.9       444.4    0.4183   0.77   0.36    -2.4826  ramp 10%           2.2s
  144       992.3       392.8    0.4187   0.78   0.36    -2.5031  ramp 11%           2.2s
  145      1128.3       446.3    0.4190   0.78   0.36    -2.5236  ramp 11%           2.2s
  146       988.3       392.5    0.4194   0.78   0.36    -2.5442  ramp 11%           2.0s
  147       905.4       382.5    0.4198   0.79   0.37    -2.5647  ramp 11%           2.1s
  148      1125.0       338.2    0.4201   0.79   0.37    -2.5852  ramp 12%           1.9s
  149      1174.8       370.8    0.4205   0.80   0.37    -2.6057  ramp 12%           2.0s
  [probe] gen=150 score=203.3 net=1.652 fell=1.000
  [plot] Saved fitness curve → experiments/thesis/gradual_transition/seed_09/fitness_curve.png
  150       908.5       398.1    0.4209   0.80   0.38    -2.6263  ramp 12%           2.0s
  151      1218.8       374.4    0.4213   0.80   0.38    -2.6468  ramp 12%           2.0s
  152      1136.0       390.8    0.4217   0.81   0.38    -2.6673  ramp 13%           2.1s
  153      1121.5       309.0    0.4222   0.81   0.38    -2.6878  ramp 13%           2.3s
  154       935.7       323.6    0.4227   0.82   0.39    -2.7084  ramp 13%           2.0s
  155       812.1       154.1    0.4232   0.82   0.39    -2.7289  ramp 13%           1.9s
  156      1301.1       303.0    0.4238   0.82   0.39    -2.7494  ramp 14%           1.9s
  157       969.9       453.4    0.4242   0.83   0.39    -2.7699  ramp 14%           2.1s
  158      1094.2       246.3    0.4247   0.83   0.40    -2.7904  ramp 14%           1.9s
  159      1393.9       401.0    0.4252   0.84   0.40    -2.8110  ramp 14%           2.0s
  [probe] gen=160 score=-95.9 net=0.318 fell=1.000
  160      1252.8       442.5    0.4257   0.84   0.40    -2.8315  ramp 15%           2.2s
  161      1210.2       497.5    0.4262   0.84   0.40    -2.8520  ramp 15%           2.2s
  162      1150.8       346.6    0.4269   0.85   0.41    -2.8726  ramp 15%           2.0s
  163       980.5       407.6    0.4275   0.85   0.41    -2.8931  ramp 15%           2.0s
  164      1098.8       361.8    0.4282   0.86   0.41    -2.9136  ramp 16%           1.9s
  165      1372.9       351.0    0.4288   0.86   0.41    -2.9341  ramp 16%           1.9s
  166      1327.9       368.7    0.4293   0.86   0.41    -2.9546  ramp 16%           2.1s
  167      1638.5       486.9    0.4296   0.87   0.42    -2.9752  ramp 16%           2.1s
  168       791.5       348.9    0.4300   0.87   0.42    -2.9957  ramp 17%           1.9s
  169      1159.0       472.2    0.4303   0.88   0.42    -3.0162  ramp 17%           2.1s
  [probe] gen=170 score=432.0 net=2.827 fell=1.000 [new best earth]
  170      1291.2       345.8    0.4305   0.88   0.42    -3.0368  ramp 17%           1.9s
  171       985.3       314.3    0.4306   0.88   0.43    -3.0573  ramp 17%           1.8s
  172      1073.0       419.6    0.4308   0.89   0.43    -3.0778  ramp 18%           2.0s
  173      1213.7       402.2    0.4309   0.89   0.43    -3.0983  ramp 18%           2.0s
  174       741.5       223.2    0.4309   0.90   0.43    -3.1189  ramp 18%           2.0s
  [plot] Saved fitness curve → experiments/thesis/gradual_transition/seed_09/fitness_curve.png
  175      1616.7       370.2    0.4309   0.90   0.44    -3.1394  ramp 18%           2.2s
  176      1285.7       343.3    0.4308   0.90   0.44    -3.1599  ramp 19%           2.0s
  177      1391.7       394.9    0.4307   0.91   0.44    -3.1804  ramp 19%           1.9s
  178      1207.8       434.2    0.4306   0.91   0.45    -3.2010  ramp 19%           2.1s
  179      1054.0       430.7    0.4307   0.92   0.45    -3.2215  ramp 19%           2.1s
  [probe] gen=180 score=278.0 net=1.987 fell=1.000
  180      1453.5       437.3    0.4308   0.92   0.45    -3.2420  ramp 20%           2.1s
  181      1086.9       456.7    0.4308   0.92   0.45    -3.2625  ramp 20%           2.0s
  182      1549.0       469.3    0.4306   0.93   0.46    -3.2831  ramp 20%           2.1s
  183      1132.4       388.7    0.4303   0.93   0.46    -3.3036  ramp 20%           2.0s
  184       979.0       391.2    0.4302   0.94   0.46    -3.3241  ramp 21%           1.9s
  185      1225.0       407.2    0.4299   0.94   0.46    -3.3446  ramp 21%           2.0s
  186      1465.9       485.3    0.4298   0.94   0.47    -3.3652  ramp 21%           2.1s
  187      1022.9       380.4    0.4298   0.95   0.47    -3.3857  ramp 21%           2.0s
  188      1383.5       397.3    0.4298   0.95   0.47    -3.4062  ramp 22%           2.1s
  189       970.9       294.0    0.4297   0.96   0.47    -3.4267  ramp 22%           1.9s
  [probe] gen=190 score=285.8 net=2.046 fell=1.000
  190      1136.1       432.7    0.4296   0.96   0.47    -3.4473  ramp 22%           1.9s
  191       985.2       316.6    0.4297   0.96   0.48    -3.4678  ramp 22%           1.7s
  192      1081.4       418.3    0.4298   0.97   0.48    -3.4883  ramp 23%           1.9s
  193      1422.9       368.1    0.4297   0.97   0.48    -3.5088  ramp 23%           1.9s
  194      1675.3       260.1    0.4296   0.98   0.48    -3.5293  ramp 23%           1.8s
  195       924.5       269.3    0.4295   0.98   0.49    -3.5499  ramp 23%           1.8s
  196       986.7       217.2    0.4295   0.98   0.49    -3.5704  ramp 24%           1.7s
  197      1123.4       308.2    0.4295   0.99   0.49    -3.5909  ramp 24%           1.8s
  198      1196.7       416.1    0.4296   0.99   0.49    -3.6115  ramp 24%           2.1s
  199      1246.8       354.0    0.4299   1.00   0.50    -3.6320  ramp 24%           2.0s
  [probe] gen=200 score=370.6 net=2.498 fell=1.000
  [plot] Saved fitness curve → experiments/thesis/gradual_transition/seed_09/fitness_curve.png
  200      1081.5       405.6    0.4301   1.00   0.50    -3.6525  ramp 25%           1.8s
  201      1402.5       307.7    0.4304   1.00   0.50    -3.6730  ramp 25%           1.7s
  202      1211.7       369.5    0.4305   1.00   0.50    -3.6936  ramp 25%           1.9s
  203      1185.5       292.1    0.4306   1.00   0.50    -3.7141  ramp 25%           2.0s
  204      1166.1       381.5    0.4306   1.00   0.50    -3.7346  ramp 26%           2.2s
  205      1037.1       321.3    0.4308   1.00   0.50    -3.7551  ramp 26%           1.8s
  206      1391.6       362.7    0.4311   1.00   0.50    -3.7757  ramp 26%           1.8s
  207      1310.7       423.2    0.4315   1.00   0.50    -3.7962  ramp 26%           2.0s
  208      1297.1       391.5    0.4320   1.00   0.50    -3.8167  ramp 27%           2.0s
  209      1327.7       431.6    0.4324   1.00   0.50    -3.8372  ramp 27%           2.0s
  [probe] gen=210 score=25.6 net=0.908 fell=1.000
  210      1069.6       417.4    0.4328   1.00   0.50    -3.8578  ramp 27%           1.9s
  211      1079.1       382.2    0.4331   1.00   0.50    -3.8783  ramp 27%           1.9s
  212      1253.3       328.6    0.4333   1.00   0.50    -3.8988  ramp 28%           1.9s
  213      1436.2       404.6    0.4335   1.00   0.50    -3.9193  ramp 28%           1.9s
  214      1610.4       389.9    0.4335   1.00   0.50    -3.9399  ramp 28%           2.0s
  215      1250.8       495.4    0.4335   1.00   0.50    -3.9604  ramp 28%           2.1s
  216      1297.5       397.1    0.4335   1.00   0.50    -3.9809  ramp 28%           2.0s
  217      1400.2       246.4    0.4336   1.00   0.50    -4.0014  ramp 29%           1.7s
  218      1239.8       322.2    0.4336   1.00   0.50    -4.0220  ramp 29%           1.8s
  219      1486.4       412.9    0.4334   1.00   0.50    -4.0425  ramp 29%           2.0s
  [probe] gen=220 score=279.5 net=2.029 fell=1.000
  220      1274.2       352.8    0.4333   1.00   0.50    -4.0630  ramp 30%           1.9s
  221      1227.4       297.5    0.4331   1.00   0.50    -4.0835  ramp 30%           1.6s
  222      1450.5       435.9    0.4330   1.00   0.50    -4.1041  ramp 30%           2.0s
  223      1425.8       376.9    0.4327   1.00   0.50    -4.1246  ramp 30%           1.8s
  224      1723.5       431.1    0.4324   1.00   0.50    -4.1451  ramp 31%           1.9s
  [plot] Saved fitness curve → experiments/thesis/gradual_transition/seed_09/fitness_curve.png
  225      1349.7       344.8    0.4320   1.00   0.50    -4.1656  ramp 31%           1.8s
  226      1065.0       308.5    0.4315   1.00   0.50    -4.1862  ramp 31%           1.8s
  227       922.5       260.8    0.4309   1.00   0.50    -4.2067  ramp 31%           1.6s
  228      1397.8       535.8    0.4304   1.00   0.50    -4.2272  ramp 32%           2.2s
  229      1502.9       358.9    0.4299   1.00   0.50    -4.2477  ramp 32%           1.7s
  [probe] gen=230 score=-229.2 net=-0.358 fell=1.000
  230      1402.3       358.7    0.4295   1.00   0.50    -4.2683  ramp 32%           2.0s
  231      1247.1       295.3    0.4292   1.00   0.50    -4.2888  ramp 32%           1.6s
  232      1100.9       313.1    0.4289   1.00   0.50    -4.3093  ramp 33%           1.7s
  233      1120.0       473.3    0.4285   1.00   0.50    -4.3298  ramp 33%           1.9s
  234      1248.3       462.2    0.4280   1.00   0.50    -4.3504  ramp 33%           1.8s
  235      1665.4       555.0    0.4277   1.00   0.50    -4.3709  ramp 33%           2.4s
  236      1252.3       429.3    0.4274   1.00   0.50    -4.3914  ramp 34%           2.0s
  237      1497.7       392.8    0.4271   1.00   0.50    -4.4119  ramp 34%           2.1s
  238      1525.7       394.3    0.4270   1.00   0.50    -4.4325  ramp 34%           1.9s
  239      1649.7       611.4    0.4267   1.00   0.50    -4.4530  ramp 34%           2.3s
  [probe] gen=240 score=200.4 net=1.676 fell=1.000
  240      1428.8       542.0    0.4266   1.00   0.50    -4.4735  ramp 35%           2.2s
  241      1428.5       514.9    0.4264   1.00   0.50    -4.4940  ramp 35%           1.8s
  242      1496.8       461.9    0.4262   1.00   0.50    -4.5145  ramp 35%           1.9s
  243      1547.4       612.8    0.4261   1.00   0.50    -4.5351  ramp 35%           2.2s
  244      1547.4       578.2    0.4259   1.00   0.50    -4.5556  ramp 36%           2.3s
  245      1378.0       516.1    0.4258   1.00   0.50    -4.5761  ramp 36%           2.1s
  246      1672.1       456.5    0.4255   1.00   0.50    -4.5967  ramp 36%           2.0s
  247      1360.4       581.5    0.4250   1.00   0.50    -4.6172  ramp 36%           2.2s
  248      1502.4       594.8    0.4246   1.00   0.50    -4.6377  ramp 37%           2.3s
  249      1663.1       593.5    0.4242   1.00   0.50    -4.6582  ramp 37%           2.3s
  [probe] gen=250 score=-25.8 net=0.731 fell=1.000
  [plot] Saved fitness curve → experiments/thesis/gradual_transition/seed_09/fitness_curve.png
  250      1534.5       440.3    0.4239   1.00   0.50    -4.6788  ramp 37%           1.9s
  251      1593.3       425.3    0.4237   1.00   0.50    -4.6993  ramp 37%           1.9s
  252      1086.1       466.8    0.4236   1.00   0.50    -4.7198  ramp 38%           1.9s
  253      1314.5       393.7    0.4235   1.00   0.50    -4.7403  ramp 38%           1.9s
  254      1675.1       574.2    0.4234   1.00   0.50    -4.7609  ramp 38%           2.2s
  255      1460.3       423.6    0.4233   1.00   0.50    -4.7814  ramp 38%           2.1s
  256      1391.6       383.9    0.4231   1.00   0.50    -4.8019  ramp 39%           1.8s
  257      1420.1       527.2    0.4229   1.00   0.50    -4.8224  ramp 39%           2.2s
  258      1644.0       741.4    0.4229   1.00   0.50    -4.8430  ramp 39%           2.5s
  259      1326.8       415.8    0.4229   1.00   0.50    -4.8635  ramp 39%           1.9s
  [probe] gen=260 score=-62.1 net=0.562 fell=1.000
  260      1402.1       476.5    0.4228   1.00   0.50    -4.8840  ramp 40%           2.0s
  261      1506.6       574.5    0.4226   1.00   0.50    -4.9045  ramp 40%           2.3s
  262      1411.2       483.7    0.4225   1.00   0.50    -4.9251  ramp 40%           2.2s
  263      1471.5       369.3    0.4224   1.00   0.50    -4.9456  ramp 40%           2.1s
  264      1664.4       464.9    0.4222   1.00   0.50    -4.9661  ramp 41%           2.2s
  265      1449.2       486.0    0.4220   1.00   0.50    -4.9866  ramp 41%           2.0s
  266      1472.6       585.9    0.4218   1.00   0.50    -5.0072  ramp 41%           2.3s
  267      1316.9       356.6    0.4216   1.00   0.50    -5.0277  ramp 41%           2.0s
  268      1756.9       568.9    0.4215   1.00   0.50    -5.0482  ramp 42%           2.2s
  269      1061.0       480.2    0.4215   1.00   0.50    -5.0687  ramp 42%           1.9s
  [probe] gen=270 score=-0.7 net=0.761 fell=1.000
  270      1371.7       466.5    0.4213   1.00   0.50    -5.0892  ramp 42%           2.0s
  271      1753.4       499.5    0.4212   1.00   0.50    -5.1098  ramp 42%           1.9s
  272      1514.3       471.1    0.4211   1.00   0.50    -5.1303  ramp 43%           2.1s
  273      1221.6       399.4    0.4211   1.00   0.50    -5.1508  ramp 43%           2.0s
  274      1274.6       409.9    0.4212   1.00   0.50    -5.1714  ramp 43%           1.9s
  [plot] Saved fitness curve → experiments/thesis/gradual_transition/seed_09/fitness_curve.png
  275      1525.5       515.4    0.4212   1.00   0.50    -5.1919  ramp 43%           2.3s
  276      1628.4       449.2    0.4212   1.00   0.50    -5.2124  ramp 44%           2.1s
  277      1204.2       360.1    0.4212   1.00   0.50    -5.2329  ramp 44%           2.0s
  278      1565.7       567.0    0.4211   1.00   0.50    -5.2535  ramp 44%           2.2s
  279      1553.1       394.2    0.4210   1.00   0.50    -5.2740  ramp 44%           2.0s
  [probe] gen=280 score=143.7 net=1.468 fell=1.000
  280      1228.9       388.7    0.4210   1.00   0.50    -5.2945  ramp 45%           2.0s
  281      1201.1       353.5    0.4208   1.00   0.50    -5.3150  ramp 45%           1.9s
  282      1522.5       499.2    0.4205   1.00   0.50    -5.3356  ramp 45%           2.1s
  283      1499.6       558.2    0.4203   1.00   0.50    -5.3561  ramp 45%           2.3s
  284      1312.0       369.3    0.4200   1.00   0.50    -5.3766  ramp 46%           2.0s
  285      1450.6       440.2    0.4198   1.00   0.50    -5.3971  ramp 46%           2.0s
  286      1387.0       353.5    0.4197   1.00   0.50    -5.4177  ramp 46%           2.2s
  287      1560.9       280.7    0.4195   1.00   0.50    -5.4382  ramp 46%           2.0s
  288      1441.1       447.5    0.4191   1.00   0.50    -5.4587  ramp 47%           2.2s
  289      1719.3       353.6    0.4188   1.00   0.50    -5.4792  ramp 47%           1.8s
  [probe] gen=290 score=-40.3 net=0.636 fell=1.000
  290      1689.8       509.2    0.4186   1.00   0.50    -5.4998  ramp 47%           2.0s
  291      1338.6       455.5    0.4182   1.00   0.50    -5.5203  ramp 47%           2.1s
  292      1335.1       361.5    0.4179   1.00   0.50    -5.5408  ramp 48%           2.1s
  293      1609.0       414.3    0.4174   1.00   0.50    -5.5613  ramp 48%           2.2s
  294      1075.7       375.4    0.4169   1.00   0.50    -5.5819  ramp 48%           1.9s
  295      1531.9       558.8    0.4166   1.00   0.50    -5.6024  ramp 48%           2.3s
  296      1629.8       501.2    0.4163   1.00   0.50    -5.6229  ramp 49%           2.4s
  297      1582.3       400.5    0.4162   1.00   0.50    -5.6434  ramp 49%           2.0s
  298      1303.4       496.3    0.4161   1.00   0.50    -5.6639  ramp 49%           2.2s
  299      1378.1       436.4    0.4161   1.00   0.50    -5.6845  ramp 49%           2.1s
  [probe] gen=300 score=244.6 net=1.965 fell=1.000
  [plot] Saved fitness curve → experiments/thesis/gradual_transition/seed_09/fitness_curve.png
  300      1416.7       286.1    0.4161   1.00   0.50    -5.7050  ramp 50%           1.8s
  301      1600.3       448.6    0.4163   1.00   0.50    -5.7255  ramp 50%           2.3s
  302      1398.2       332.4    0.4162   1.00   0.50    -5.7461  ramp 50%           1.7s
  303      1494.3       361.6    0.4162   1.00   0.50    -5.7666  ramp 50%           2.1s
  304      1448.2       422.6    0.4161   1.00   0.50    -5.7871  ramp 51%           1.8s
  305      1567.3       431.2    0.4161   1.00   0.50    -5.8076  ramp 51%           2.1s
  306      1328.7       460.6    0.4160   1.00   0.50    -5.8282  ramp 51%           2.2s
  307      1502.6       373.3    0.4160   1.00   0.50    -5.8487  ramp 51%           1.6s
  308      1657.4       513.4    0.4160   1.00   0.50    -5.8692  ramp 52%           2.1s
  309      1933.6       659.8    0.4161   1.00   0.50    -5.8897  ramp 52%           2.3s
  [probe] gen=310 score=278.1 net=1.975 fell=1.000
  310      1502.8       463.6    0.4161   1.00   0.50    -5.9103  ramp 52%           2.1s
  311      1725.6       504.1    0.4161   1.00   0.50    -5.9308  ramp 52%           2.0s
  312      1488.1       508.3    0.4161   1.00   0.50    -5.9513  ramp 53%           2.2s
  313      1819.7       532.6    0.4158   1.00   0.50    -5.9718  ramp 53%           2.0s
  314      1757.0       533.6    0.4155   1.00   0.50    -5.9924  ramp 53%           2.1s
  315      1409.6       322.7    0.4152   1.00   0.50    -6.0129  ramp 53%           1.8s
  316      1531.6       553.5    0.4148   1.00   0.50    -6.0334  ramp 54%           2.0s
  317      1456.7       539.4    0.4145   1.00   0.50    -6.0539  ramp 54%           2.1s
  318      1473.6       570.8    0.4142   1.00   0.50    -6.0745  ramp 54%           2.4s
  319      1546.6       539.5    0.4140   1.00   0.50    -6.0950  ramp 54%           1.8s
  [probe] gen=320 score=662.8 net=4.005 fell=0.900 [new best earth]
  320      1261.7       428.2    0.4139   1.00   0.50    -6.1155  ramp 55%           1.9s
  321      1560.5       512.1    0.4138   1.00   0.50    -6.1360  ramp 55%           2.2s
  322      1222.7       438.6    0.4138   1.00   0.50    -6.1566  ramp 55%           1.8s
  323      1703.4       448.2    0.4136   1.00   0.50    -6.1771  ramp 55%           2.2s
  324      1381.3       432.8    0.4134   1.00   0.50    -6.1976  ramp 56%           2.3s
  [plot] Saved fitness curve → experiments/thesis/gradual_transition/seed_09/fitness_curve.png
  325      1696.0       514.2    0.4131   1.00   0.50    -6.2181  ramp 56%           2.1s
  326      1814.2       482.2    0.4129   1.00   0.50    -6.2386  ramp 56%           1.9s
  327      1678.9       569.9    0.4126   1.00   0.50    -6.2592  ramp 56%           2.2s
  328      1467.6       520.2    0.4126   1.00   0.50    -6.2797  ramp 56%           1.8s
  329      1469.6       556.9    0.4127   1.00   0.50    -6.3002  ramp 57%           2.2s
  [probe] gen=330 score=317.3 net=2.281 fell=1.000
  330      1580.6       463.6    0.4130   1.00   0.50    -6.3208  ramp 57%           2.2s
  331      1618.1       522.5    0.4132   1.00   0.50    -6.3413  ramp 57%           2.3s
  332      1362.7       450.0    0.4133   1.00   0.50    -6.3618  ramp 57%           1.8s
  333      1506.4       499.2    0.4133   1.00   0.50    -6.3823  ramp 58%           2.1s
  334      1649.9       634.7    0.4133   1.00   0.50    -6.4029  ramp 58%           2.5s
  335      1593.3       557.1    0.4133   1.00   0.50    -6.4234  ramp 58%           2.3s
  336      1471.6       487.5    0.4133   1.00   0.50    -6.4439  ramp 59%           2.0s
  337      1740.5       544.9    0.4131   1.00   0.50    -6.4644  ramp 59%           2.2s
  338      1560.9       565.5    0.4129   1.00   0.50    -6.4849  ramp 59%           2.4s
  339      1568.3       513.3    0.4124   1.00   0.50    -6.5055  ramp 59%           2.0s
  [probe] gen=340 score=416.1 net=2.822 fell=0.800
  340      1666.3       593.8    0.4119   1.00   0.50    -6.5260  ramp 60%           2.1s
  341      1568.5       570.8    0.4114   1.00   0.50    -6.5465  ramp 60%           2.1s
  342      1506.0       422.2    0.4110   1.00   0.50    -6.5671  ramp 60%           2.1s
  343      1387.9       517.8    0.4102   1.00   0.50    -6.5876  ramp 60%           2.2s
  344      1669.5       552.3    0.4093   1.00   0.50    -6.6081  ramp 61%           2.3s
  345      1510.4       560.5    0.4084   1.00   0.50    -6.6286  ramp 61%           2.1s
  346      1436.9       662.8    0.4075   1.00   0.50    -6.6492  ramp 61%           2.3s
  347      1339.1       384.2    0.4067   1.00   0.50    -6.6697  ramp 61%           1.8s
  348      1695.6       397.4    0.4060   1.00   0.50    -6.6902  ramp 62%           1.8s
  349      1451.8       446.5    0.4053   1.00   0.50    -6.7107  ramp 62%           1.9s
  [probe] gen=350 score=1421.4 net=6.985 fell=0.300 [new best earth]
  [plot] Saved fitness curve → experiments/thesis/gradual_transition/seed_09/fitness_curve.png
  350      1493.9       649.0    0.4046   1.00   0.50    -6.7313  ramp 62%           2.1s
  351      1713.0       511.4    0.4039   1.00   0.50    -6.7518  ramp 62%           1.9s
  352      1592.6       576.1    0.4032   1.00   0.50    -6.7723  ramp 63%           2.2s
  353      1518.6       506.0    0.4024   1.00   0.50    -6.7928  ramp 63%           1.9s
  354      1497.8       462.7    0.4018   1.00   0.50    -6.8134  ramp 63%           1.9s
  355      1672.7       586.4    0.4011   1.00   0.50    -6.8339  ramp 63%           2.2s
  356      1551.9       658.0    0.4004   1.00   0.50    -6.8544  ramp 64%           2.3s
  357      1238.3       616.5    0.3999   1.00   0.50    -6.8749  ramp 64%           2.0s
  358      1666.2       681.3    0.3994   1.00   0.50    -6.8955  ramp 64%           2.2s
  359      1651.3       768.2    0.3989   1.00   0.50    -6.9160  ramp 64%           2.3s
  [probe] gen=360 score=632.5 net=3.692 fell=0.800
  360      1744.3       555.1    0.3985   1.00   0.50    -6.9365  ramp 65%           2.2s
  361      1672.1       739.3    0.3982   1.00   0.50    -6.9570  ramp 65%           2.2s
  362      1782.4       617.8    0.3980   1.00   0.50    -6.9776  ramp 65%           2.1s
  363      1521.6       588.1    0.3976   1.00   0.50    -6.9981  ramp 65%           2.1s
  364      1622.9       555.7    0.3972   1.00   0.50    -7.0186  ramp 66%           2.0s
  365      1650.3       649.0    0.3968   1.00   0.50    -7.0391  ramp 66%           2.1s
  366      1518.2       579.1    0.3963   1.00   0.50    -7.0597  ramp 66%           1.9s
  367      1499.7       656.4    0.3960   1.00   0.50    -7.0802  ramp 66%           2.2s
  368      1556.4       579.7    0.3957   1.00   0.50    -7.1007  ramp 67%           2.1s
  369      1636.6       583.4    0.3954   1.00   0.50    -7.1212  ramp 67%           2.1s
  [probe] gen=370 score=1088.1 net=5.944 fell=0.700
  370      1700.0       597.3    0.3952   1.00   0.50    -7.1418  ramp 67%           2.2s
  371      1774.1       578.5    0.3951   1.00   0.50    -7.1623  ramp 67%           2.0s
  372      1900.7       751.9    0.3948   1.00   0.50    -7.1828  ramp 68%           2.4s
  373      1522.4       608.7    0.3946   1.00   0.50    -7.2033  ramp 68%           2.1s
  374      1439.0       579.7    0.3945   1.00   0.50    -7.2239  ramp 68%           2.2s
  [plot] Saved fitness curve → experiments/thesis/gradual_transition/seed_09/fitness_curve.png
  375      1374.9       447.5    0.3944   1.00   0.50    -7.2444  ramp 68%           2.0s
  376      1088.3       510.8    0.3945   1.00   0.50    -7.2649  ramp 69%           2.1s
  377      1510.3       531.1    0.3943   1.00   0.50    -7.2854  ramp 69%           1.9s
  378      1425.8       532.9    0.3942   1.00   0.50    -7.3060  ramp 69%           1.8s
  379      1552.8       580.4    0.3940   1.00   0.50    -7.3265  ramp 69%           2.1s
  [probe] gen=380 score=871.3 net=4.873 fell=0.900
  380      1332.5       495.9    0.3937   1.00   0.50    -7.3470  ramp 70%           1.9s
  381      1441.4       552.9    0.3936   1.00   0.50    -7.3675  ramp 70%           2.0s
  382      1323.4       595.7    0.3934   1.00   0.50    -7.3880  ramp 70%           2.0s
  383      1447.7       638.4    0.3932   1.00   0.50    -7.4086  ramp 70%           2.2s
  384      1496.8       546.9    0.3929   1.00   0.50    -7.4291  ramp 71%           2.1s
  385      1530.4       528.0    0.3927   1.00   0.50    -7.4496  ramp 71%           2.1s
  386      1504.7       667.3    0.3924   1.00   0.50    -7.4702  ramp 71%           2.3s
  387      1312.1       424.6    0.3921   1.00   0.50    -7.4907  ramp 71%           1.9s
  388      1696.6       599.3    0.3921   1.00   0.50    -7.5112  ramp 72%           2.3s
  389      1423.9       716.7    0.3921   1.00   0.50    -7.5317  ramp 72%           2.4s
  [probe] gen=390 score=696.1 net=3.542 fell=0.400
  390      1393.5       572.0    0.3923   1.00   0.50    -7.5523  ramp 72%           2.0s
  391      1345.1       504.1    0.3925   1.00   0.50    -7.5728  ramp 72%           2.2s
  392      1363.5       659.0    0.3927   1.00   0.50    -7.5933  ramp 73%           2.2s
  393      1564.8       442.4    0.3928   1.00   0.50    -7.6138  ramp 73%           2.0s
  394      1304.4       531.2    0.3927   1.00   0.50    -7.6344  ramp 73%           2.1s
  395      1425.3       523.4    0.3927   1.00   0.50    -7.6549  ramp 73%           2.2s
  396      1350.7       488.8    0.3925   1.00   0.50    -7.6754  ramp 74%           2.1s
  397      1324.8       524.2    0.3925   1.00   0.50    -7.6959  ramp 74%           2.0s
  398      1603.9       601.3    0.3926   1.00   0.50    -7.7165  ramp 74%           2.2s
  399      1594.1       761.7    0.3927   1.00   0.50    -7.7370  ramp 74%           2.6s
  [probe] gen=400 score=1091.7 net=5.484 fell=0.500
  [plot] Saved fitness curve → experiments/thesis/gradual_transition/seed_09/fitness_curve.png
  400      1436.0       653.4    0.3928   1.00   0.50    -7.7575  ramp 75%           2.2s
  401      1322.1       530.3    0.3929   1.00   0.50    -7.7780  ramp 75%           2.0s
  402      1504.8       698.5    0.3929   1.00   0.50    -7.7986  ramp 75%           2.3s
  403      1891.7       685.0    0.3928   1.00   0.50    -7.8191  ramp 75%           2.5s
  404      1444.6       622.5    0.3927   1.00   0.50    -7.8396  ramp 76%           2.4s
  405      1540.4       694.9    0.3926   1.00   0.50    -7.8601  ramp 76%           2.4s
  406      1246.3       591.6    0.3924   1.00   0.50    -7.8807  ramp 76%           2.1s
  407      1528.5       586.3    0.3922   1.00   0.50    -7.9012  ramp 76%           2.1s
  408      1591.1       641.3    0.3920   1.00   0.50    -7.9217  ramp 77%           2.2s
  409      1488.0       568.6    0.3920   1.00   0.50    -7.9422  ramp 77%           2.0s
  [probe] gen=410 score=627.5 net=3.549 fell=0.700
  410      1340.1       555.1    0.3921   1.00   0.50    -7.9628  ramp 77%           2.1s
  411      1583.2       579.3    0.3922   1.00   0.50    -7.9833  ramp 77%           2.0s
  412      1496.3       644.9    0.3923   1.00   0.50    -8.0038  ramp 78%           2.2s
  413      1318.6       556.5    0.3923   1.00   0.50    -8.0243  ramp 78%           2.1s
  414      1278.1       565.9    0.3922   1.00   0.50    -8.0449  ramp 78%           2.3s
  415      1350.0       572.2    0.3920   1.00   0.50    -8.0654  ramp 78%           2.5s
  416      1269.1       574.7    0.3919   1.00   0.50    -8.0859  ramp 79%           2.4s
  417      1306.3       563.3    0.3919   1.00   0.50    -8.1064  ramp 79%           2.5s
  418      1573.6       555.7    0.3919   1.00   0.50    -8.1270  ramp 79%           2.5s
  419      1586.4       571.4    0.3920   1.00   0.50    -8.1475  ramp 79%           2.2s
  [probe] gen=420 score=1134.3 net=5.798 fell=0.600
  420      1507.7       669.3    0.3922   1.00   0.50    -8.1680  ramp 80%           2.5s
  421      1660.2       714.8    0.3924   1.00   0.50    -8.1885  ramp 80%           2.6s
  422      1615.3       658.1    0.3925   1.00   0.50    -8.2091  ramp 80%           2.3s
  423      1650.3       670.3    0.3929   1.00   0.50    -8.2296  ramp 80%           2.5s
  424      1376.2       664.4    0.3932   1.00   0.50    -8.2501  ramp 81%           2.4s
  [plot] Saved fitness curve → experiments/thesis/gradual_transition/seed_09/fitness_curve.png
  425      1675.2       722.8    0.3935   1.00   0.50    -8.2706  ramp 81%           2.7s
  426      1459.5       601.2    0.3939   1.00   0.50    -8.2912  ramp 81%           2.2s
  427      1502.8       646.0    0.3943   1.00   0.50    -8.3117  ramp 81%           2.4s
  428      1536.7       603.2    0.3945   1.00   0.50    -8.3322  ramp 82%           2.3s
  429      1419.8       626.4    0.3948   1.00   0.50    -8.3527  ramp 82%           2.6s
  [probe] gen=430 score=661.0 net=3.799 fell=0.700
  430      1599.4       633.3    0.3949   1.00   0.50    -8.3733  ramp 82%           2.5s
  431      1409.4       635.0    0.3950   1.00   0.50    -8.3938  ramp 82%           2.4s
  432      1668.5       488.9    0.3950   1.00   0.50    -8.4143  ramp 83%           2.1s
  433      1426.0       577.0    0.3951   1.00   0.50    -8.4348  ramp 83%           2.4s
  434      1557.4       555.6    0.3952   1.00   0.50    -8.4554  ramp 83%           2.2s
  435      1601.4       738.7    0.3952   1.00   0.50    -8.4759  ramp 83%           2.5s
  436      1435.8       588.0    0.3953   1.00   0.50    -8.4964  ramp 84%           2.3s
  437      1614.2       626.0    0.3953   1.00   0.50    -8.5169  ramp 84%           2.4s
  438      1616.7       800.4    0.3953   1.00   0.50    -8.5374  ramp 84%           2.6s
  439      1665.0       644.0    0.3954   1.00   0.50    -8.5580  ramp 84%           2.0s
  [probe] gen=440 score=460.6 net=2.765 fell=0.800
  440      1519.5       550.0    0.3955   1.00   0.50    -8.5785  ramp 85%           2.0s
  441      1643.1       661.0    0.3956   1.00   0.50    -8.5990  ramp 85%           2.4s
  442      1585.8       726.7    0.3958   1.00   0.50    -8.6196  ramp 85%           2.2s
  443      1585.0       543.8    0.3958   1.00   0.50    -8.6401  ramp 85%           2.2s
  444      1492.0       608.9    0.3960   1.00   0.50    -8.6606  ramp 86%           2.3s
  445      1480.6       703.2    0.3961   1.00   0.50    -8.6811  ramp 86%           2.6s
  446      1264.2       425.0    0.3962   1.00   0.50    -8.7017  ramp 86%           2.0s
  447      1713.8       532.1    0.3961   1.00   0.50    -8.7222  ramp 86%           2.2s
  448      1389.8       578.5    0.3960   1.00   0.50    -8.7427  ramp 87%           2.2s
  449      1577.3       564.0    0.3958   1.00   0.50    -8.7632  ramp 87%           2.1s
  [probe] gen=450 score=821.0 net=4.887 fell=0.900
  [plot] Saved fitness curve → experiments/thesis/gradual_transition/seed_09/fitness_curve.png
  450      1682.6       585.2    0.3955   1.00   0.50    -8.7838  ramp 87%           2.2s
  451      1676.6       633.7    0.3952   1.00   0.50    -8.8043  ramp 87%           2.4s
  452      1458.4       524.7    0.3948   1.00   0.50    -8.8248  ramp 88%           2.1s
  453      1582.4       572.1    0.3942   1.00   0.50    -8.8453  ramp 88%           2.3s
  454      1567.4       686.4    0.3936   1.00   0.50    -8.8659  ramp 88%           2.4s
  455      1680.7       595.1    0.3931   1.00   0.50    -8.8864  ramp 88%           2.3s
  456      1462.5       502.7    0.3927   1.00   0.50    -8.9069  ramp 89%           2.2s
  457      1458.1       623.9    0.3924   1.00   0.50    -8.9274  ramp 89%           2.3s
  458      1604.1       601.8    0.3921   1.00   0.50    -8.9480  ramp 89%           2.4s
  459      1545.7       570.6    0.3919   1.00   0.50    -8.9685  ramp 89%           2.0s
  [probe] gen=460 score=1057.7 net=5.431 fell=0.600
  460      1517.0       577.1    0.3918   1.00   0.50    -8.9890  ramp 90%           2.3s
  461      1690.7       737.9    0.3916   1.00   0.50    -9.0095  ramp 90%           2.5s
  462      1559.1       659.8    0.3915   1.00   0.50    -9.0301  ramp 90%           2.4s
  463      1342.9       598.5    0.3913   1.00   0.50    -9.0506  ramp 90%           2.4s
  464      1374.3       698.7    0.3911   1.00   0.50    -9.0711  ramp 91%           2.6s
  465      1356.6       611.0    0.3909   1.00   0.50    -9.0916  ramp 91%           2.3s
  466      1650.2       605.7    0.3906   1.00   0.50    -9.1122  ramp 91%           2.4s
  467      1555.3       673.5    0.3903   1.00   0.50    -9.1327  ramp 91%           2.4s
  468      1668.0       695.4    0.3900   1.00   0.50    -9.1532  ramp 92%           2.5s
  469      1560.5       624.4    0.3899   1.00   0.50    -9.1737  ramp 92%           2.3s
  [probe] gen=470 score=1517.8 net=7.423 fell=0.400 [new best earth]
  470      1649.0       605.9    0.3898   1.00   0.50    -9.1943  ramp 92%           2.2s
  471      1413.8       624.9    0.3898   1.00   0.50    -9.2148  ramp 92%           2.2s
  472      1657.7       606.3    0.3898   1.00   0.50    -9.2353  ramp 93%           2.3s
  473      1460.0       761.2    0.3900   1.00   0.50    -9.2558  ramp 93%           2.7s
  474      1562.3       919.2    0.3900   1.00   0.50    -9.2764  ramp 93%           3.0s
  [plot] Saved fitness curve → experiments/thesis/gradual_transition/seed_09/fitness_curve.png
  475      1439.1       712.7    0.3899   1.00   0.50    -9.2969  ramp 93%           2.6s
  476      1818.3       742.3    0.3898   1.00   0.50    -9.3174  ramp 94%           2.4s
  477      1358.5       608.9    0.3895   1.00   0.50    -9.3379  ramp 94%           2.2s
  478      1702.1       799.5    0.3892   1.00   0.50    -9.3585  ramp 94%           2.5s
  479      1512.1       639.9    0.3890   1.00   0.50    -9.3790  ramp 94%           2.3s
  [probe] gen=480 score=1377.0 net=6.685 fell=0.400
  480      1545.0       717.2    0.3886   1.00   0.50    -9.3995  ramp 95%           2.6s
  481      1546.0       658.2    0.3883   1.00   0.50    -9.4200  ramp 95%           2.0s
  482      1492.9       814.4    0.3877   1.00   0.50    -9.4405  ramp 95%           2.5s
  483      1338.1       607.9    0.3872   1.00   0.50    -9.4611  ramp 95%           2.2s
  484      1565.8       556.1    0.3867   1.00   0.50    -9.4816  ramp 96%           2.2s
  485      1519.4       672.7    0.3863   1.00   0.50    -9.5021  ramp 96%           2.3s
  486      1663.1       651.0    0.3856   1.00   0.50    -9.5227  ramp 96%           2.3s
  487      1565.4       608.2    0.3850   1.00   0.50    -9.5432  ramp 96%           2.1s
  488      1446.4       654.0    0.3844   1.00   0.50    -9.5637  ramp 97%           2.2s
  489      1479.1       775.5    0.3838   1.00   0.50    -9.5842  ramp 97%           2.6s
  [probe] gen=490 score=1126.8 net=5.467 fell=0.400
  490      1484.6       577.0    0.3834   1.00   0.50    -9.6048  ramp 97%           2.4s
  491      1687.7       664.0    0.3830   1.00   0.50    -9.6253  ramp 97%           2.0s
  492      1695.2       603.6    0.3827   1.00   0.50    -9.6458  ramp 98%           2.2s
  493      1978.2       610.9    0.3826   1.00   0.50    -9.6663  ramp 98%           2.3s
  494      1498.7       619.4    0.3823   1.00   0.50    -9.6868  ramp 98%           2.2s
  495      1733.7       737.4    0.3821   1.00   0.50    -9.7074  ramp 98%           2.4s
  496      1553.4       702.3    0.3821   1.00   0.50    -9.7279  ramp 99%           2.3s
  497      1774.3       487.1    0.3820   1.00   0.50    -9.7484  ramp 99%           2.0s
  498      1562.2       618.8    0.3820   1.00   0.50    -9.7690  ramp 99%           2.2s
  499      1416.3       511.8    0.3819   1.00   0.50    -9.7895  ramp 99%           2.1s
  [plot] Saved fitness curve → experiments/thesis/gradual_transition/seed_09/fitness_curve.png

Training complete. Best fitness: 1978.2
Best params → experiments/thesis/gradual_transition/seed_09/checkpoints/best_params.npy
Fitness curve → experiments/thesis/gradual_transition/seed_09/fitness_curve.png
Eval params  → best_earth_params (earth probe score: 1517.8)
Final Earth scorecard | score=1394.6 net=6.926 fell=0.450
Gravity sweep | gravities=5 mean_net=5.807 worst_net=4.276
  [exp] Wrote experiments/thesis/gradual_transition/seed_09/experiment.json
  [exp] Wrote experiments/thesis/gradual_transition/seed_09/training_log.csv
  [exp] Wrote experiments/thesis/gradual_transition/seed_09/earth_probe.csv
  [exp] Wrote experiments/thesis/gradual_transition/seed_09/gravity_sweep.csv
  [exp] Wrote experiments/thesis/gradual_transition/seed_09/summary.json
