Walker2d-v5 | policy=CPG  params=504
Curriculum   : GradualTransition  gravity -2.0 → -9.81  warmup=20%
Run context | seed=3 arm=curriculum_variable_gravity run_id=curriculum_variable_gravity_seed_03


Starting CMA-ES | pop=40 | sigma0=0.5 | max_gen=500 | workers=8 | seed=3
Checkpoints → experiments/thesis/curriculum_variable_gravity/seed_03/checkpoints/

  Gen        Best        Mean     Sigma    Gravity  Phase              Time
------------------------------------------------------------------------
  [probe] gen=0 score=-314.1 net=-0.077 fell=1.000
  [plot] Saved fitness curve → experiments/thesis/curriculum_variable_gravity/seed_03/fitness_curve.png
    0      -295.6      -392.4    0.4903    -2.0000  warmup             1.5s
    1      -332.0      -376.3    0.4819    -2.0000  warmup             0.1s
    2      -303.2      -370.1    0.4744    -2.0000  warmup             0.2s
    3      -308.0      -373.9    0.4674    -2.0000  warmup             0.1s
    4      -290.5      -356.4    0.4609    -2.0000  warmup             0.2s
    5      -301.9      -356.9    0.4551    -2.0000  warmup             0.1s
    6      -267.0      -332.4    0.4498    -2.0000  warmup             0.2s
    7      -276.1      -336.7    0.4448    -2.0000  warmup             0.2s
    8      -290.5      -335.5    0.4403    -2.0000  warmup             0.2s
    9      -198.1      -320.7    0.4362    -2.0000  warmup             0.2s
  [probe] gen=10 score=-321.0 net=-0.354 fell=1.000
   10      -245.6      -321.2    0.4324    -2.0000  warmup             0.2s
   11      -194.8      -310.4    0.4291    -2.0000  warmup             0.3s
   12      -273.9      -322.4    0.4262    -2.0000  warmup             0.3s
   13      -272.0      -318.8    0.4234    -2.0000  warmup             0.2s
   14      -263.5      -309.0    0.4210    -2.0000  warmup             0.2s
   15      -264.5      -321.3    0.4188    -2.0000  warmup             0.3s
   16      -250.2      -318.7    0.4165    -2.0000  warmup             0.2s
   17      -224.7      -308.6    0.4145    -2.0000  warmup             0.3s
   18      -108.6      -307.8    0.4128    -2.0000  warmup             0.4s
   19      -207.4      -293.3    0.4113    -2.0000  warmup             0.4s
  [probe] gen=20 score=-208.4 net=-0.040 fell=1.000
   20        91.9      -266.9    0.4098    -2.0000  warmup             0.5s
   21      -178.2      -295.4    0.4085    -2.0000  warmup             0.4s
   22       -31.1      -294.0    0.4072    -2.0000  warmup             0.5s
   23      -165.2      -298.3    0.4059    -2.0000  warmup             0.5s
   24        12.2      -272.7    0.4047    -2.0000  warmup             0.6s
  [plot] Saved fitness curve → experiments/thesis/curriculum_variable_gravity/seed_03/fitness_curve.png
   25        61.4      -269.8    0.4036    -2.0000  warmup             0.6s
   26        54.0      -264.9    0.4029    -2.0000  warmup             0.6s
   27       110.9      -242.6    0.4020    -2.0000  warmup             0.6s
   28       101.8      -224.8    0.4013    -2.0000  warmup             0.9s
   29       204.2      -167.2    0.4006    -2.0000  warmup             0.9s
  [probe] gen=30 score=24.8 net=1.007 fell=1.000
   30       367.1      -143.0    0.4001    -2.0000  warmup             1.1s
   31       155.1      -169.1    0.3997    -2.0000  warmup             1.0s
   32       175.5       -96.7    0.3992    -2.0000  warmup             1.2s
   33       172.1       -32.7    0.3988    -2.0000  warmup             1.4s
   34       233.9       -44.7    0.3985    -2.0000  warmup             1.3s
   35       295.6        -3.6    0.3977    -2.0000  warmup             1.3s
   36       292.6       -33.9    0.3971    -2.0000  warmup             1.7s
   37       289.1       -64.6    0.3965    -2.0000  warmup             1.5s
   38       576.2       -37.8    0.3958    -2.0000  warmup             1.5s
   39       287.6       -70.4    0.3951    -2.0000  warmup             1.5s
  [probe] gen=40 score=-7.5 net=0.820 fell=1.000
   40       458.3         1.9    0.3945    -2.0000  warmup             1.5s
   41       240.1       -30.5    0.3941    -2.0000  warmup             1.4s
   42       382.0        -8.8    0.3937    -2.0000  warmup             1.6s
   43       209.7        -4.9    0.3933    -2.0000  warmup             1.4s
   44       315.3       -55.1    0.3931    -2.0000  warmup             1.4s
   45       440.0       -14.5    0.3929    -2.0000  warmup             1.5s
   46       656.4        29.0    0.3927    -2.0000  warmup             1.5s
   47       357.1        51.5    0.3924    -2.0000  warmup             1.6s
   48       396.1        71.8    0.3921    -2.0000  warmup             1.8s
   49       296.0        30.3    0.3917    -2.0000  warmup             1.6s
  [probe] gen=50 score=-29.0 net=0.653 fell=1.000
  [plot] Saved fitness curve → experiments/thesis/curriculum_variable_gravity/seed_03/fitness_curve.png
   50       462.5        55.9    0.3915    -2.0000  warmup             1.7s
   51       333.2        63.8    0.3913    -2.0000  warmup             1.8s
   52       560.7        57.7    0.3912    -2.0000  warmup             1.6s
   53       682.7        22.2    0.3909    -2.0000  warmup             1.8s
   54       602.5       -14.8    0.3906    -2.0000  warmup             1.7s
   55       552.9        79.1    0.3903    -2.0000  warmup             1.6s
   56       923.3        98.2    0.3901    -2.0000  warmup             1.7s
   57       606.5       107.9    0.3899    -2.0000  warmup             1.8s
   58       471.3        66.1    0.3897    -2.0000  warmup             1.6s
   59       689.7        81.9    0.3895    -2.0000  warmup             1.7s
  [probe] gen=60 score=5.8 net=0.962 fell=1.000
   60       704.5       128.3    0.3894    -2.0000  warmup             1.8s
   61       453.1       101.2    0.3893    -2.0000  warmup             1.7s
   62       735.4       124.3    0.3891    -2.0000  warmup             1.7s
   63       638.4       128.5    0.3889    -2.0000  warmup             1.9s
   64       559.8        70.7    0.3888    -2.0000  warmup             1.7s
   65       590.0       137.4    0.3888    -2.0000  warmup             1.9s
   66       648.7       111.4    0.3888    -2.0000  warmup             1.9s
   67       386.1       -50.1    0.3885    -2.0000  warmup             1.5s
   68       638.3        97.8    0.3882    -2.0000  warmup             1.7s
   69       525.0       152.1    0.3878    -2.0000  warmup             1.8s
  [probe] gen=70 score=27.3 net=1.004 fell=1.000
   70       712.0        64.8    0.3873    -2.0000  warmup             1.6s
   71       546.8        81.8    0.3868    -2.0000  warmup             1.6s
   72       508.7       133.3    0.3863    -2.0000  warmup             1.7s
   73       533.8       137.0    0.3859    -2.0000  warmup             1.7s
   74       608.3        96.1    0.3856    -2.0000  warmup             1.8s
  [plot] Saved fitness curve → experiments/thesis/curriculum_variable_gravity/seed_03/fitness_curve.png
   75       736.8       123.0    0.3854    -2.0000  warmup             1.8s
   76       703.8        29.3    0.3852    -2.0000  warmup             1.7s
   77       460.9        49.1    0.3850    -2.0000  warmup             1.7s
   78       675.7       123.2    0.3847    -2.0000  warmup             1.7s
   79       753.8        97.3    0.3846    -2.0000  warmup             1.8s
  [probe] gen=80 score=26.3 net=0.983 fell=1.000
   80       872.6       119.7    0.3843    -2.0000  warmup             1.8s
   81       690.3       107.3    0.3839    -2.0000  warmup             1.8s
   82       801.2        66.9    0.3833    -2.0000  warmup             1.6s
   83       770.4        87.2    0.3829    -2.0000  warmup             1.7s
   84       572.6       128.5    0.3826    -2.0000  warmup             1.8s
   85       555.8       119.0    0.3824    -2.0000  warmup             1.8s
   86       559.2       158.2    0.3822    -2.0000  warmup             1.8s
   87       579.2        71.9    0.3821    -2.0000  warmup             1.8s
   88       561.6        95.8    0.3820    -2.0000  warmup             1.6s
   89       585.7        45.6    0.3819    -2.0000  warmup             1.5s
  [probe] gen=90 score=13.5 net=0.977 fell=1.000
   90       800.0       107.3    0.3819    -2.0000  warmup             1.7s
   91       737.9       120.9    0.3821    -2.0000  warmup             1.6s
   92       594.3        69.0    0.3822    -2.0000  warmup             1.5s
   93       905.3       136.6    0.3823    -2.0000  warmup             1.6s
   94       735.0       186.6    0.3826    -2.0000  warmup             1.8s
   95       735.3       143.8    0.3829    -2.0000  warmup             1.7s
   96       631.4        95.0    0.3831    -2.0000  warmup             1.7s
   97       923.1       222.4    0.3832    -2.0000  warmup             1.8s
   98       760.9       188.1    0.3833    -2.0000  warmup             1.8s
   99       786.5       199.8    0.3833    -2.0000  warmup             1.7s
  [probe] gen=100 score=-337.1 net=-0.641 fell=1.000
  [plot] Saved fitness curve → experiments/thesis/curriculum_variable_gravity/seed_03/fitness_curve.png
  100       831.3       182.9    0.3833    -2.0000  warmup             1.7s
  101       649.3       212.3    0.3835    -2.0195  ramp 0%            1.8s
  102       863.9       240.5    0.3836    -2.0391  ramp 0%            1.8s
  103       689.0       194.5    0.3837    -2.0586  ramp 0%            1.9s
  104       625.5       110.0    0.3836    -2.0781  ramp 1%            1.8s
  105       992.3       218.9    0.3836    -2.0976  ramp 1%            1.8s
  106      1084.4       215.8    0.3837    -2.1172  ramp 1%            1.9s
  107       924.8       271.6    0.3840    -2.1367  ramp 1%            1.8s
  108       674.6       226.1    0.3843    -2.1562  ramp 2%            1.8s
  109       836.9       205.4    0.3844    -2.1757  ramp 2%            1.6s
  [probe] gen=110 score=-50.3 net=0.480 fell=1.000
  110       717.8       247.4    0.3845    -2.1953  ramp 2%            1.7s
  111      1010.8       213.8    0.3847    -2.2148  ramp 2%            1.7s
  112       991.3       246.2    0.3848    -2.2343  ramp 3%            1.8s
  113       680.5       196.2    0.3849    -2.2538  ramp 3%            1.8s
  114       804.5       223.7    0.3852    -2.2734  ramp 3%            2.0s
  115       991.5       373.8    0.3856    -2.2929  ramp 3%            1.9s
  116      1141.9       298.2    0.3860    -2.3124  ramp 4%            1.8s
  117       856.8       361.4    0.3863    -2.3319  ramp 4%            1.9s
  118       767.9       169.2    0.3866    -2.3514  ramp 4%            1.7s
  119      1438.1       321.0    0.3869    -2.3710  ramp 4%            1.7s
  [probe] gen=120 score=-13.9 net=0.707 fell=1.000
  120      1147.5       290.0    0.3871    -2.3905  ramp 5%            1.9s
  121       877.3       355.3    0.3872    -2.4100  ramp 5%            1.9s
  122      1015.9       215.8    0.3873    -2.4295  ramp 5%            1.7s
  123      1078.0       355.9    0.3874    -2.4491  ramp 5%            1.9s
  124       890.5       374.4    0.3872    -2.4686  ramp 6%            1.9s
  [plot] Saved fitness curve → experiments/thesis/curriculum_variable_gravity/seed_03/fitness_curve.png
  125      1045.5       315.0    0.3871    -2.4881  ramp 6%            1.8s
  126      1185.1       398.3    0.3869    -2.5076  ramp 6%            1.9s
  127       836.1       338.6    0.3868    -2.5272  ramp 6%            1.8s
  128      1495.6       370.6    0.3866    -2.5467  ramp 7%            1.9s
  129      1169.1       368.6    0.3864    -2.5662  ramp 7%            1.9s
  [probe] gen=130 score=-331.2 net=-0.638 fell=1.000
  130      1525.9       391.1    0.3863    -2.5857  ramp 7%            1.9s
  131      1485.8       471.2    0.3862    -2.6053  ramp 7%            2.2s
  132      1266.2       441.6    0.3861    -2.6248  ramp 8%            2.1s
  133      1189.8       453.1    0.3859    -2.6443  ramp 8%            2.2s
  134      1145.9       411.4    0.3858    -2.6639  ramp 8%            1.9s
  135      1417.2       397.7    0.3856    -2.6834  ramp 8%            1.9s
  136      1101.8       512.3    0.3852    -2.7029  ramp 9%            2.2s
  137       964.2       495.3    0.3847    -2.7224  ramp 9%            2.1s
  138      1170.7       496.9    0.3842    -2.7420  ramp 9%            2.0s
  139       908.4       480.5    0.3838    -2.7615  ramp 9%            2.3s
  [probe] gen=140 score=-265.5 net=-0.396 fell=1.000
  140      1234.3       473.2    0.3834    -2.7810  ramp 10%           2.1s
  141      1052.5       432.7    0.3832    -2.8005  ramp 10%           2.0s
  142      1069.4       458.5    0.3831    -2.8201  ramp 10%           2.0s
  143      1411.1       609.0    0.3829    -2.8396  ramp 10%           2.4s
  144      1252.4       561.1    0.3828    -2.8591  ramp 11%           2.1s
  145      1316.6       494.3    0.3826    -2.8786  ramp 11%           2.0s
  146      1388.7       524.4    0.3826    -2.8982  ramp 11%           2.2s
  147      1291.2       568.7    0.3823    -2.9177  ramp 11%           2.2s
  148      1326.2       527.6    0.3821    -2.9372  ramp 12%           2.1s
  149      1367.6       567.3    0.3822    -2.9567  ramp 12%           2.2s
  [probe] gen=150 score=-34.0 net=0.568 fell=1.000
  [plot] Saved fitness curve → experiments/thesis/curriculum_variable_gravity/seed_03/fitness_curve.png
  150      1574.6       576.8    0.3822    -2.9763  ramp 12%           2.2s
  151      1425.4       464.6    0.3823    -2.9958  ramp 12%           2.0s
  152      1174.8       496.8    0.3824    -3.0153  ramp 13%           1.9s
  153      1278.8       513.1    0.3824    -3.0348  ramp 13%           2.0s
  154      1038.2       540.7    0.3825    -3.0544  ramp 13%           2.1s
  155      1271.2       579.1    0.3826    -3.0739  ramp 13%           2.2s
  156      1112.8       449.8    0.3826    -3.0934  ramp 14%           2.1s
  157      1229.7       538.3    0.3827    -3.1129  ramp 14%           2.0s
  158      1527.8       558.9    0.3828    -3.1324  ramp 14%           2.2s
  159      1505.8       621.1    0.3828    -3.1520  ramp 14%           2.2s
  [probe] gen=160 score=-264.9 net=-0.394 fell=1.000
  160      1629.5       697.1    0.3828    -3.1715  ramp 15%           2.5s
  161      1651.9       570.7    0.3830    -3.1910  ramp 15%           2.2s
  162      1349.4       610.8    0.3831    -3.2106  ramp 15%           2.3s
  163      1363.7       656.0    0.3832    -3.2301  ramp 15%           2.2s
  164      1392.0       629.0    0.3834    -3.2496  ramp 16%           2.2s
  165      1332.5       439.4    0.3836    -3.2691  ramp 16%           1.9s
  166      1452.0       593.8    0.3839    -3.2887  ramp 16%           2.4s
  167      1471.1       525.5    0.3843    -3.3082  ramp 16%           2.3s
  168      1334.9       595.7    0.3845    -3.3277  ramp 17%           2.1s
  169      1410.2       546.6    0.3847    -3.3472  ramp 17%           2.2s
  [probe] gen=170 score=78.6 net=0.934 fell=1.000
  170      1569.8       703.5    0.3848    -3.3667  ramp 17%           2.4s
  171      1093.5       417.4    0.3848    -3.3863  ramp 17%           1.8s
  172      1540.8       529.7    0.3849    -3.4058  ramp 18%           1.9s
  173      1204.2       490.9    0.3849    -3.4253  ramp 18%           2.1s
  174      1275.3       560.1    0.3849    -3.4448  ramp 18%           2.4s
  [plot] Saved fitness curve → experiments/thesis/curriculum_variable_gravity/seed_03/fitness_curve.png
  175      1562.4       617.1    0.3848    -3.4644  ramp 18%           2.4s
  176      1469.4       702.9    0.3847    -3.4839  ramp 19%           2.7s
  177      1325.7       633.0    0.3845    -3.5034  ramp 19%           2.6s
  178      1305.5       507.6    0.3842    -3.5230  ramp 19%           2.1s
  179      1519.0       514.4    0.3840    -3.5425  ramp 19%           2.1s
  [probe] gen=180 score=-37.3 net=0.533 fell=1.000
  180      1524.9       605.1    0.3839    -3.5620  ramp 20%           2.2s
  181      1690.2       613.6    0.3837    -3.5815  ramp 20%           2.5s
  182      1148.1       502.2    0.3836    -3.6010  ramp 20%           2.3s
  183      1307.2       571.9    0.3836    -3.6206  ramp 20%           2.4s
  184      1383.3       540.5    0.3837    -3.6401  ramp 21%           2.4s
  185      1422.1       615.8    0.3838    -3.6596  ramp 21%           2.4s
  186      1426.1       630.4    0.3838    -3.6791  ramp 21%           2.4s
  187      1335.8       415.4    0.3839    -3.6987  ramp 21%           2.1s
  188      1240.3       458.9    0.3841    -3.7182  ramp 22%           2.2s
  189      1395.0       539.7    0.3844    -3.7377  ramp 22%           2.3s
  [probe] gen=190 score=57.6 net=1.152 fell=1.000
  190      1508.3       472.4    0.3846    -3.7572  ramp 22%           2.1s
  191      1594.4       647.2    0.3849    -3.7768  ramp 22%           2.4s
  192      1340.6       654.3    0.3851    -3.7963  ramp 23%           2.5s
  193      1552.7       612.3    0.3853    -3.8158  ramp 23%           2.1s
  194      1386.9       658.3    0.3854    -3.8354  ramp 23%           2.3s
  195      1484.9       600.2    0.3854    -3.8549  ramp 23%           2.4s
  196      1335.3       513.6    0.3855    -3.8744  ramp 24%           2.1s
  197      1488.2       499.6    0.3857    -3.8939  ramp 24%           2.2s
  198      1530.0       548.5    0.3860    -3.9135  ramp 24%           2.1s
  199      1362.7       549.9    0.3863    -3.9330  ramp 24%           2.0s
  [probe] gen=200 score=213.5 net=1.702 fell=1.000
  [plot] Saved fitness curve → experiments/thesis/curriculum_variable_gravity/seed_03/fitness_curve.png
  200      1194.1       546.7    0.3867    -3.9525  ramp 25%           2.3s
  201      1383.3       537.2    0.3870    -3.9720  ramp 25%           2.0s
  202      1467.9       599.0    0.3873    -3.9916  ramp 25%           2.3s
  203      1507.6       528.4    0.3876    -4.0111  ramp 25%           2.0s
  204      1372.1       479.0    0.3879    -4.0306  ramp 26%           2.1s
  205      1216.6       594.8    0.3881    -4.0501  ramp 26%           2.4s
  206      1512.9       589.0    0.3885    -4.0697  ramp 26%           2.6s
  207      1339.8       585.5    0.3889    -4.0892  ramp 26%           2.4s
  208      1462.3       699.9    0.3892    -4.1087  ramp 27%           2.3s
  209      1455.3       645.9    0.3895    -4.1282  ramp 27%           2.3s
  [probe] gen=210 score=214.0 net=1.684 fell=1.000
  210      1324.6       642.6    0.3897    -4.1478  ramp 27%           2.3s
  211      1541.6       755.2    0.3899    -4.1673  ramp 27%           2.4s
  212      1443.5       634.9    0.3899    -4.1868  ramp 28%           2.2s
  213      1543.6       665.3    0.3898    -4.2063  ramp 28%           2.2s
  214      1472.1       689.1    0.3898    -4.2258  ramp 28%           2.3s
  215      1297.1       492.3    0.3897    -4.2454  ramp 28%           1.9s
  216      1461.3       748.1    0.3895    -4.2649  ramp 28%           2.6s
  217      1522.8       642.4    0.3894    -4.2844  ramp 29%           2.1s
  218      1712.1       743.1    0.3892    -4.3040  ramp 29%           2.3s
  219      1350.3       642.1    0.3889    -4.3235  ramp 29%           2.3s
  [probe] gen=220 score=168.8 net=1.544 fell=1.000
  220      1383.7       579.7    0.3886    -4.3430  ramp 30%           2.1s
  221      1603.5       743.8    0.3883    -4.3625  ramp 30%           2.2s
  222      1409.4       627.2    0.3879    -4.3820  ramp 30%           2.4s
  223      1523.9       692.1    0.3875    -4.4016  ramp 30%           2.4s
  224      1408.4       794.9    0.3869    -4.4211  ramp 31%           2.5s
  [plot] Saved fitness curve → experiments/thesis/curriculum_variable_gravity/seed_03/fitness_curve.png
  225      1455.1       667.4    0.3864    -4.4406  ramp 31%           2.2s
  226      1603.9       684.6    0.3858    -4.4602  ramp 31%           2.2s
  227      1517.1       763.9    0.3850    -4.4797  ramp 31%           2.7s
  228      1537.6       563.0    0.3843    -4.4992  ramp 32%           2.2s
  229      1517.1       763.5    0.3834    -4.5187  ramp 32%           2.4s
  [probe] gen=230 score=217.5 net=1.697 fell=1.000
  230      1501.6       634.9    0.3826    -4.5382  ramp 32%           2.4s
  231      1709.5       877.0    0.3819    -4.5578  ramp 32%           2.6s
  232      1722.0       847.3    0.3812    -4.5773  ramp 33%           2.4s
  233      1829.6       772.2    0.3805    -4.5968  ramp 33%           2.9s
  234      1573.0       724.8    0.3801    -4.6164  ramp 33%           2.6s
  235      1561.3       709.7    0.3796    -4.6359  ramp 33%           2.5s
  236      1500.0       874.0    0.3792    -4.6554  ramp 34%           2.7s
  237      1710.6       714.4    0.3789    -4.6749  ramp 34%           2.4s
  238      1633.4       691.0    0.3786    -4.6944  ramp 34%           2.2s
  239      1603.0       803.2    0.3782    -4.7140  ramp 34%           2.5s
  [probe] gen=240 score=270.7 net=1.905 fell=1.000
  240      1699.1       759.1    0.3779    -4.7335  ramp 35%           2.6s
  241      1537.3       732.0    0.3775    -4.7530  ramp 35%           2.3s
  242      1527.1       857.4    0.3772    -4.7725  ramp 35%           2.5s
  243      1546.1       716.7    0.3768    -4.7921  ramp 35%           2.4s
  244      1581.5       704.9    0.3767    -4.8116  ramp 36%           2.6s
  245      1629.6       826.9    0.3766    -4.8311  ramp 36%           2.5s
  246      1552.7       739.4    0.3764    -4.8506  ramp 36%           2.3s
  247      1375.0       698.8    0.3760    -4.8702  ramp 36%           2.6s
  248      1607.5       782.3    0.3757    -4.8897  ramp 37%           2.7s
  249      1553.2       790.5    0.3754    -4.9092  ramp 37%           2.5s
  [probe] gen=250 score=112.9 net=1.182 fell=1.000
  [plot] Saved fitness curve → experiments/thesis/curriculum_variable_gravity/seed_03/fitness_curve.png
  250      1454.9       776.3    0.3752    -4.9287  ramp 37%           2.6s
  251      1533.1       716.9    0.3750    -4.9483  ramp 37%           2.5s
  252      1400.9       707.0    0.3748    -4.9678  ramp 38%           2.4s
  253      1469.6       695.1    0.3746    -4.9873  ramp 38%           2.3s
  254      1539.6       815.0    0.3745    -5.0069  ramp 38%           2.5s
  255      1627.9       776.6    0.3745    -5.0264  ramp 38%           2.6s
  256      1655.2       690.5    0.3747    -5.0459  ramp 39%           2.2s
  257      1573.5       697.7    0.3749    -5.0654  ramp 39%           2.4s
  258      1628.5       733.3    0.3752    -5.0850  ramp 39%           2.4s
  259      1438.4       646.4    0.3756    -5.1045  ramp 39%           2.3s
  [probe] gen=260 score=136.6 net=1.289 fell=1.000
  260      1491.7       621.9    0.3759    -5.1240  ramp 40%           2.2s
  261      1476.3       632.6    0.3764    -5.1435  ramp 40%           2.2s
  262      1524.0       543.4    0.3769    -5.1631  ramp 40%           2.1s
  263      1443.6       628.1    0.3774    -5.1826  ramp 40%           2.3s
  264      1644.2       588.6    0.3779    -5.2021  ramp 41%           2.3s
  265      1625.0       731.4    0.3783    -5.2216  ramp 41%           2.6s
  266      1805.7       639.5    0.3789    -5.2412  ramp 41%           2.1s
  267      1754.1       688.4    0.3792    -5.2607  ramp 41%           2.6s
  268      1775.2       646.5    0.3798    -5.2802  ramp 42%           2.3s
  269      1450.1       499.1    0.3804    -5.2997  ramp 42%           2.0s
  [probe] gen=270 score=248.6 net=1.729 fell=1.000
  270      1737.6       689.7    0.3809    -5.3193  ramp 42%           2.6s
  271      1401.4       621.3    0.3815    -5.3388  ramp 42%           2.5s
  272      1600.1       695.4    0.3819    -5.3583  ramp 43%           2.4s
  273      1483.8       570.3    0.3822    -5.3778  ramp 43%           2.2s
  274      1364.2       614.0    0.3826    -5.3974  ramp 43%           2.3s
  [plot] Saved fitness curve → experiments/thesis/curriculum_variable_gravity/seed_03/fitness_curve.png
  275      1859.5       707.0    0.3831    -5.4169  ramp 43%           2.5s
  276      1541.7       509.9    0.3837    -5.4364  ramp 44%           2.2s
  277      1420.1       733.9    0.3841    -5.4559  ramp 44%           2.7s
  278      1792.6       713.4    0.3844    -5.4755  ramp 44%           2.5s
  279      1664.7       613.0    0.3847    -5.4950  ramp 44%           2.1s
  [probe] gen=280 score=-116.3 net=0.207 fell=1.000
  280      1564.2       692.9    0.3850    -5.5145  ramp 45%           2.4s
  281      1454.6       543.4    0.3853    -5.5340  ramp 45%           2.1s
  282      1472.3       617.5    0.3855    -5.5536  ramp 45%           2.5s
  283      1645.8       566.6    0.3858    -5.5731  ramp 45%           2.4s
  284      1605.8       495.3    0.3862    -5.5926  ramp 46%           2.0s
  285      1291.7       481.5    0.3868    -5.6121  ramp 46%           2.1s
  286      1384.0       589.6    0.3872    -5.6317  ramp 46%           2.5s
  287      1275.9       454.3    0.3874    -5.6512  ramp 46%           1.9s
  288      1486.9       544.3    0.3876    -5.6707  ramp 47%           2.4s
  289      1390.2       559.3    0.3878    -5.6902  ramp 47%           2.2s
  [probe] gen=290 score=402.3 net=2.547 fell=1.000
  290      1427.5       582.0    0.3879    -5.7097  ramp 47%           2.1s
  291      1405.8       594.2    0.3881    -5.7293  ramp 47%           2.3s
  292      1695.9       669.9    0.3884    -5.7488  ramp 48%           2.2s
  293      1796.8       657.3    0.3886    -5.7683  ramp 48%           2.1s
  294      1688.3       542.9    0.3888    -5.7879  ramp 48%           2.0s
  295      1665.1       662.3    0.3889    -5.8074  ramp 48%           2.2s
  296      1697.8       707.1    0.3891    -5.8269  ramp 49%           2.3s
  297      1592.3       796.7    0.3893    -5.8464  ramp 49%           2.5s
  298      1613.8       765.3    0.3896    -5.8659  ramp 49%           2.4s
  299      1634.3       689.0    0.3898    -5.8855  ramp 49%           2.4s
  [probe] gen=300 score=382.8 net=2.450 fell=1.000
  [plot] Saved fitness curve → experiments/thesis/curriculum_variable_gravity/seed_03/fitness_curve.png
  300      1547.7       863.9    0.3899    -5.9050  ramp 50%           2.5s
  301      1784.9       790.3    0.3901    -5.9245  ramp 50%           2.5s
  302      1734.5       791.7    0.3902    -5.9441  ramp 50%           2.5s
  303      1658.7       682.3    0.3903    -5.9636  ramp 50%           2.2s
  304      1735.9       681.2    0.3905    -5.9831  ramp 51%           2.1s
  305      1722.3       686.9    0.3908    -6.0026  ramp 51%           2.2s
  306      1721.4       825.7    0.3910    -6.0222  ramp 51%           2.2s
  307      1773.9       714.3    0.3911    -6.0417  ramp 51%           2.2s
  308      1764.0       807.2    0.3913    -6.0612  ramp 52%           2.4s
  309      1662.6       771.0    0.3912    -6.0807  ramp 52%           2.3s
  [probe] gen=310 score=413.4 net=2.612 fell=1.000
  310      1793.3       799.1    0.3911    -6.1003  ramp 52%           2.4s
  311      1798.1       864.1    0.3911    -6.1198  ramp 52%           2.5s
  312      1823.8       848.4    0.3911    -6.1393  ramp 53%           2.5s
  313      1751.1       738.3    0.3912    -6.1588  ramp 53%           2.2s
  314      1678.2       787.3    0.3912    -6.1784  ramp 53%           2.3s
  315      1670.1       712.2    0.3912    -6.1979  ramp 53%           2.3s
  316      1566.2       602.4    0.3913    -6.2174  ramp 54%           2.0s
  317      1701.0       707.2    0.3912    -6.2369  ramp 54%           2.2s
  318      1632.1       694.7    0.3914    -6.2565  ramp 54%           2.3s
  319      1523.5       660.4    0.3916    -6.2760  ramp 54%           2.1s
  [probe] gen=320 score=323.1 net=2.260 fell=1.000
  320      1679.0       676.1    0.3917    -6.2955  ramp 55%           2.3s
  321      1414.8       625.7    0.3919    -6.3150  ramp 55%           1.9s
  322      1752.3       534.3    0.3920    -6.3346  ramp 55%           1.9s
  323      1895.8       630.3    0.3920    -6.3541  ramp 55%           2.0s
  324      1804.4       658.6    0.3921    -6.3736  ramp 56%           2.1s
  [plot] Saved fitness curve → experiments/thesis/curriculum_variable_gravity/seed_03/fitness_curve.png
  325      1657.6       630.6    0.3921    -6.3931  ramp 56%           2.0s
  326      1739.2       530.8    0.3921    -6.4127  ramp 56%           1.8s
  327      1777.7       758.1    0.3922    -6.4322  ramp 56%           2.2s
  328      1694.9       738.3    0.3923    -6.4517  ramp 56%           2.0s
  329      1786.0       920.0    0.3922    -6.4712  ramp 57%           2.4s
  [probe] gen=330 score=446.8 net=2.949 fell=1.000
  330      1657.9       671.6    0.3922    -6.4908  ramp 57%           2.0s
  331      1552.9       663.7    0.3922    -6.5103  ramp 57%           1.9s
  332      1705.5       795.3    0.3923    -6.5298  ramp 57%           2.2s
  333      1828.3       781.1    0.3924    -6.5493  ramp 58%           2.4s
  334      1698.6       703.7    0.3925    -6.5689  ramp 58%           2.3s
  335      1918.8       600.1    0.3924    -6.5884  ramp 58%           2.0s
  336      1887.0       893.1    0.3923    -6.6079  ramp 59%           2.6s
  337      1670.9       747.5    0.3924    -6.6274  ramp 59%           2.2s
  338      1768.4       698.0    0.3925    -6.6470  ramp 59%           2.1s
  339      1818.6       623.1    0.3925    -6.6665  ramp 59%           2.1s
  [probe] gen=340 score=445.0 net=2.934 fell=1.000
  340      1873.4       771.7    0.3925    -6.6860  ramp 60%           2.3s
  341      1645.1       613.5    0.3926    -6.7055  ramp 60%           2.0s
  342      1840.9       681.0    0.3925    -6.7251  ramp 60%           2.1s
  343      1680.4       733.9    0.3926    -6.7446  ramp 60%           2.2s
  344      1726.6       651.6    0.3929    -6.7641  ramp 61%           1.9s
  345      1532.6       688.9    0.3931    -6.7836  ramp 61%           2.4s
  346      1747.8       521.3    0.3933    -6.8032  ramp 61%           1.7s
  347      1932.7       600.9    0.3934    -6.8227  ramp 61%           1.8s
  348      1837.7       605.9    0.3934    -6.8422  ramp 62%           1.9s
  349      1699.7       680.1    0.3933    -6.8617  ramp 62%           2.0s
  [probe] gen=350 score=443.2 net=2.852 fell=1.000
  [plot] Saved fitness curve → experiments/thesis/curriculum_variable_gravity/seed_03/fitness_curve.png
  350      1712.9       674.6    0.3934    -6.8813  ramp 62%           1.9s
  351      1748.1       705.0    0.3933    -6.9008  ramp 62%           2.1s
  352      1764.1       745.8    0.3933    -6.9203  ramp 63%           2.1s
  353      1826.5       688.0    0.3933    -6.9398  ramp 63%           2.0s
  354      1800.7       680.0    0.3932    -6.9594  ramp 63%           2.0s
  355      1689.2       558.4    0.3930    -6.9789  ramp 63%           1.8s
  356      1798.2       604.7    0.3928    -6.9984  ramp 64%           1.9s
  357      1769.0       770.8    0.3926    -7.0179  ramp 64%           2.4s
  358      1751.5       774.2    0.3925    -7.0375  ramp 64%           2.4s
  359      1710.6       749.6    0.3925    -7.0570  ramp 64%           2.2s
  [probe] gen=360 score=683.0 net=4.217 fell=1.000
  360      1637.5       637.3    0.3925    -7.0765  ramp 65%           2.1s
  361      1768.3       802.0    0.3925    -7.0960  ramp 65%           2.2s
  362      1916.3       675.4    0.3924    -7.1156  ramp 65%           2.0s
  363      1914.9       816.0    0.3922    -7.1351  ramp 65%           2.2s
  364      1750.3       642.5    0.3919    -7.1546  ramp 66%           2.2s
  365      1902.2       733.1    0.3917    -7.1741  ramp 66%           2.1s
  366      1783.1       700.8    0.3914    -7.1937  ramp 66%           2.0s
  367      1712.9       702.1    0.3911    -7.2132  ramp 66%           2.1s
  368      1868.9       809.7    0.3907    -7.2327  ramp 67%           2.4s
  369      1985.1       769.6    0.3903    -7.2522  ramp 67%           2.2s
  [probe] gen=370 score=518.2 net=3.377 fell=1.000
  370      1902.5       724.7    0.3900    -7.2718  ramp 67%           1.9s
  371      2078.8       795.2    0.3897    -7.2913  ramp 67%           2.3s
  372      1815.5       778.5    0.3895    -7.3108  ramp 68%           2.3s
  373      1603.2       556.5    0.3894    -7.3303  ramp 68%           1.8s
  374      1806.6       624.6    0.3892    -7.3499  ramp 68%           2.1s
  [plot] Saved fitness curve → experiments/thesis/curriculum_variable_gravity/seed_03/fitness_curve.png
  375      1787.2       713.5    0.3890    -7.3694  ramp 68%           2.2s
  376      1826.4       724.3    0.3889    -7.3889  ramp 69%           2.2s
  377      1681.9       717.2    0.3887    -7.4084  ramp 69%           2.0s
  378      1579.1       728.9    0.3887    -7.4280  ramp 69%           1.9s
  379      1617.7       567.5    0.3887    -7.4475  ramp 69%           1.9s
  [probe] gen=380 score=552.0 net=3.404 fell=1.000
  380      1730.2       690.8    0.3887    -7.4670  ramp 70%           2.2s
  381      1772.8       803.3    0.3887    -7.4865  ramp 70%           2.5s
  382      1588.5       638.3    0.3886    -7.5061  ramp 70%           2.1s
  383      1653.7       721.2    0.3883    -7.5256  ramp 70%           2.4s
  384      1797.3       738.4    0.3881    -7.5451  ramp 71%           2.1s
  385      1727.9       687.3    0.3879    -7.5646  ramp 71%           2.1s
  386      1819.1       673.1    0.3878    -7.5842  ramp 71%           2.0s
  387      1750.3       670.9    0.3875    -7.6037  ramp 71%           2.0s
  388      1904.3       613.8    0.3873    -7.6232  ramp 72%           2.0s
  389      1685.4       679.6    0.3871    -7.6427  ramp 72%           2.4s
  [probe] gen=390 score=352.0 net=2.392 fell=1.000
  390      1549.4       681.4    0.3870    -7.6623  ramp 72%           2.1s
  391      1725.0       633.2    0.3870    -7.6818  ramp 72%           2.1s
  392      1690.3       892.6    0.3870    -7.7013  ramp 73%           2.6s
  393      1788.6       617.0    0.3869    -7.7208  ramp 73%           2.0s
  394      1724.4       667.0    0.3870    -7.7404  ramp 73%           2.1s
  395      1633.9       498.0    0.3870    -7.7599  ramp 73%           1.7s
  396      1628.1       701.5    0.3868    -7.7794  ramp 74%           2.3s
  397      1650.0       643.6    0.3867    -7.7989  ramp 74%           2.0s
  398      1655.9       665.7    0.3864    -7.8185  ramp 74%           2.3s
  399      1627.4       654.9    0.3861    -7.8380  ramp 74%           2.2s
  [probe] gen=400 score=528.5 net=3.375 fell=1.000
  [plot] Saved fitness curve → experiments/thesis/curriculum_variable_gravity/seed_03/fitness_curve.png
  400      1863.5       786.5    0.3858    -7.8575  ramp 75%           2.6s
  401      1641.5       649.9    0.3855    -7.8770  ramp 75%           2.0s
  402      1758.4       685.2    0.3850    -7.8966  ramp 75%           2.3s
  403      1758.7       684.1    0.3846    -7.9161  ramp 75%           2.2s
  404      1812.8       702.1    0.3842    -7.9356  ramp 76%           2.4s
  405      1636.9       594.9    0.3838    -7.9551  ramp 76%           2.4s
  406      1599.9       570.4    0.3832    -7.9747  ramp 76%           2.0s
  407      1434.7       662.0    0.3827    -7.9942  ramp 76%           2.3s
  408      1673.0       644.2    0.3822    -8.0137  ramp 77%           2.2s
  409      1897.5       720.5    0.3819    -8.0332  ramp 77%           2.4s
  [probe] gen=410 score=1796.5 net=8.708 fell=0.000
  410      1678.1       694.8    0.3817    -8.0527  ramp 77%           2.1s
  411      1643.9       620.1    0.3816    -8.0723  ramp 77%           2.1s
  412      1578.5       640.8    0.3815    -8.0918  ramp 78%           1.9s
  413      1684.9       725.8    0.3814    -8.1113  ramp 78%           2.1s
  414      1508.0       711.4    0.3812    -8.1309  ramp 78%           2.3s
  415      1653.0       730.1    0.3811    -8.1504  ramp 78%           2.1s
  416      1932.5       684.4    0.3808    -8.1699  ramp 79%           2.3s
  417      1637.9       620.8    0.3806    -8.1894  ramp 79%           2.0s
  418      1684.1       819.5    0.3805    -8.2090  ramp 79%           2.4s
  419      1632.1       850.2    0.3805    -8.2285  ramp 79%           2.5s
  [probe] gen=420 score=234.2 net=1.805 fell=1.000
  420      1807.7       831.5    0.3805    -8.2480  ramp 80%           2.4s
  421      1716.1       824.5    0.3804    -8.2675  ramp 80%           2.3s
  422      1719.8       842.5    0.3804    -8.2871  ramp 80%           2.3s
  423      1663.5       753.6    0.3803    -8.3066  ramp 80%           2.3s
  424      1850.9       977.6    0.3804    -8.3261  ramp 81%           2.6s
  [plot] Saved fitness curve → experiments/thesis/curriculum_variable_gravity/seed_03/fitness_curve.png
  425      1835.5      1013.3    0.3803    -8.3456  ramp 81%           2.6s
  426      1873.1       896.1    0.3802    -8.3651  ramp 81%           2.5s
  427      2022.5       954.0    0.3801    -8.3847  ramp 81%           2.5s
  428      1955.2      1021.2    0.3799    -8.4042  ramp 82%           2.6s
  429      2039.6       997.4    0.3798    -8.4237  ramp 82%           2.6s
  [probe] gen=430 score=660.3 net=4.119 fell=1.000
  430      1993.1      1150.4    0.3798    -8.4432  ramp 82%           3.1s
  431      1848.5       882.4    0.3798    -8.4628  ramp 82%           2.2s
  432      1848.0      1049.8    0.3797    -8.4823  ramp 83%           2.6s
  433      2071.8      1159.1    0.3796    -8.5018  ramp 83%           2.7s
  434      2055.6      1018.6    0.3796    -8.5213  ramp 83%           2.5s
  435      1945.2       894.9    0.3795    -8.5409  ramp 83%           2.5s
  436      1808.8       827.4    0.3794    -8.5604  ramp 84%           2.3s
  437      2039.1       810.6    0.3792    -8.5799  ramp 84%           2.2s
  438      2330.7      1116.2    0.3790    -8.5995  ramp 84%           2.8s
  439      2179.8       886.4    0.3786    -8.6190  ramp 84%           2.3s
  [probe] gen=440 score=1352.7 net=7.705 fell=0.600
  440      2133.8      1031.9    0.3784    -8.6385  ramp 85%           2.5s
  441      2290.6       792.2    0.3781    -8.6580  ramp 85%           1.9s
  442      1892.0       784.1    0.3778    -8.6776  ramp 85%           2.0s
  443      1920.7       980.2    0.3773    -8.6971  ramp 85%           2.4s
  444      2022.0       872.4    0.3770    -8.7166  ramp 86%           2.3s
  445      1934.1       952.8    0.3768    -8.7361  ramp 86%           2.2s
  446      2129.0       881.3    0.3765    -8.7556  ramp 86%           2.3s
  447      2157.3      1042.2    0.3763    -8.7752  ramp 86%           2.6s
  448      1950.2      1148.3    0.3761    -8.7947  ramp 87%           2.6s
  449      1858.8      1009.4    0.3760    -8.8142  ramp 87%           2.8s
  [probe] gen=450 score=1069.6 net=6.150 fell=0.800
  [plot] Saved fitness curve → experiments/thesis/curriculum_variable_gravity/seed_03/fitness_curve.png
  450      2117.4       946.2    0.3761    -8.8338  ramp 87%           2.6s
  451      2180.6      1127.9    0.3761    -8.8533  ramp 87%           2.7s
  452      1828.1       843.9    0.3759    -8.8728  ramp 88%           2.3s
  453      1990.6      1176.3    0.3758    -8.8923  ramp 88%           2.9s
  454      2037.5       904.6    0.3756    -8.9119  ramp 88%           2.3s
  455      2088.6      1187.9    0.3754    -8.9314  ramp 88%           2.9s
  456      2011.7      1026.1    0.3751    -8.9509  ramp 89%           2.6s
  457      2045.8      1026.0    0.3749    -8.9704  ramp 89%           2.3s
  458      2089.6       817.8    0.3746    -8.9900  ramp 89%           2.2s
  459      2314.6      1280.4    0.3744    -9.0095  ramp 89%           3.0s
  [probe] gen=460 score=1182.7 net=7.111 fell=1.000
  460      2126.6      1021.0    0.3742    -9.0290  ramp 90%           2.5s
  461      1987.9       869.0    0.3737    -9.0485  ramp 90%           2.2s
  462      2074.4      1132.6    0.3734    -9.0680  ramp 90%           2.6s
  463      2048.5       948.5    0.3728    -9.0876  ramp 90%           2.4s
  464      2066.7      1054.8    0.3723    -9.1071  ramp 91%           2.5s
  465      2097.1      1069.0    0.3718    -9.1266  ramp 91%           2.4s
  466      2219.7      1121.3    0.3713    -9.1462  ramp 91%           2.8s
  467      2150.6       892.3    0.3708    -9.1657  ramp 91%           2.5s
  468      2229.1      1000.6    0.3703    -9.1852  ramp 92%           2.4s
  469      2111.9       992.0    0.3699    -9.2047  ramp 92%           2.3s
  [probe] gen=470 score=1898.8 net=10.121 fell=0.400
  470      2045.4       914.5    0.3696    -9.2243  ramp 92%           2.2s
  471      1819.2       981.7    0.3694    -9.2438  ramp 92%           2.5s
  472      2230.8      1114.0    0.3693    -9.2633  ramp 93%           2.9s
  473      2225.7      1033.9    0.3691    -9.2828  ramp 93%           2.7s
  474      2147.4      1104.8    0.3690    -9.3024  ramp 93%           2.7s
  [plot] Saved fitness curve → experiments/thesis/curriculum_variable_gravity/seed_03/fitness_curve.png
  475      2076.7      1071.0    0.3689    -9.3219  ramp 93%           2.6s
  476      2231.3       963.7    0.3687    -9.3414  ramp 94%           2.6s
  477      2227.9      1015.0    0.3685    -9.3609  ramp 94%           2.3s
  478      2001.6      1167.2    0.3683    -9.3804  ramp 94%           2.6s
  479      2199.2      1105.3    0.3679    -9.4000  ramp 94%           2.7s
  [probe] gen=480 score=2026.4 net=11.098 fell=0.400
  480      2131.0      1259.3    0.3676    -9.4195  ramp 95%           3.0s
  481      2116.1      1138.3    0.3674    -9.4390  ramp 95%           2.4s
  482      2307.7      1211.2    0.3673    -9.4585  ramp 95%           2.7s
  483      2058.2      1000.4    0.3671    -9.4781  ramp 95%           2.7s
  484      2040.5      1102.2    0.3670    -9.4976  ramp 96%           2.5s
  485      2134.8       887.2    0.3668    -9.5171  ramp 96%           2.4s
  486      1975.9       930.1    0.3665    -9.5366  ramp 96%           2.5s
  487      1991.5       949.3    0.3662    -9.5562  ramp 96%           2.4s
  488      2161.8      1058.1    0.3658    -9.5757  ramp 97%           2.6s
  489      1987.4      1075.7    0.3654    -9.5952  ramp 97%           2.5s
  [probe] gen=490 score=2153.4 net=11.447 fell=0.000
  490      2131.9       983.4    0.3649    -9.6148  ramp 97%           2.4s
  491      2074.2       952.9    0.3644    -9.6343  ramp 97%           2.2s
  492      2085.6       941.3    0.3641    -9.6538  ramp 98%           2.3s
  493      2017.4       916.0    0.3637    -9.6733  ramp 98%           2.2s
  494      2116.9      1008.4    0.3635    -9.6928  ramp 98%           2.4s
  495      2031.3      1027.6    0.3632    -9.7124  ramp 98%           2.6s
  496      2115.5       932.4    0.3630    -9.7319  ramp 99%           2.4s
  497      2150.4       929.0    0.3628    -9.7514  ramp 99%           2.0s
  498      1984.4       842.6    0.3625    -9.7709  ramp 99%           2.1s
  499      2182.4       978.5    0.3622    -9.7905  ramp 99%           2.3s
  [plot] Saved fitness curve → experiments/thesis/curriculum_variable_gravity/seed_03/fitness_curve.png

Training complete. Best fitness: 2330.7
Best params → experiments/thesis/curriculum_variable_gravity/seed_03/checkpoints/best_params.npy
Fitness curve → experiments/thesis/curriculum_variable_gravity/seed_03/fitness_curve.png
Final Earth scorecard | score=355.5 net=2.498 fell=1.000
Gravity sweep | gravities=5 mean_net=5.907 worst_net=1.773
  [exp] Wrote experiments/thesis/curriculum_variable_gravity/seed_03/experiment.json
  [exp] Wrote experiments/thesis/curriculum_variable_gravity/seed_03/training_log.csv
  [exp] Wrote experiments/thesis/curriculum_variable_gravity/seed_03/earth_probe.csv
  [exp] Wrote experiments/thesis/curriculum_variable_gravity/seed_03/gravity_sweep.csv
  [exp] Wrote experiments/thesis/curriculum_variable_gravity/seed_03/summary.json
